<Event xmlns="http://schemas.microsoft.com/win/2004/08/events/event"><System><Provider Name="Microsoft-Windows-AppXDeployment-Server" Guid="{3f471139-acb7-4a01-b7a7-ff5da4ba2d43}"></Provider>
<EventID Qualifiers="">400</EventID>
<Version>0</Version>
<Level>4</Level>
<Task>3</Task>
<Opcode>2</Opcode>
<Keywords>0x4000000000000001</Keywords>
<TimeCreated SystemTime="2022-05-07 01:19:57.754614"></TimeCreated>
<EventRecordID>84</EventRecordID>
<Correlation ActivityID="{824d2842-61b0-0003-ef2c-4d82b061d801}" RelatedActivityID=""></Correlation>
<Execution ProcessID="3236" ThreadID="4736"></Execution>
<Channel>Microsoft-Windows-AppXDeploymentServer/Operational</Channel>
<Computer>WIN-GE1PLB8KFNS</Computer>
<Security UserID="S-1-5-18"></Security>
</System>
<EventData><Data Name="DeploymentOperation">12</Data>
<Data Name="PackageFullName">Microsoft.Windows.ContentDeliveryManager_10.0.22000.1_neutral_neutral_cw5n1h2txyewy</Data>
<Data Name="Path"> </Data>
<Data Name="MountPoint">C:</Data>
<Data Name="TargetPlatform">0x00000000</Data>
<Data Name="SystemVolume">True</Data>
<Data Name="StorageId">\\?\Volume{bf27b24f-9e98-4395-9110-325985ded282}</Data>
<Data Name="IsCentennial">False</Data>
<Data Name="PackageType">0x00000001</Data>
<Data Name="IsPackageEncrypted">False</Data>
<Data Name="DeploymentOptions">0x0000000030000020</Data>
<Data Name="IsStreamingPackage">False</Data>
<Data Name="IsInRelatedSet">False</Data>
<Data Name="IsPackageUsingBDC">False</Data>
<Data Name="MainPackageFamilyName">NULL</Data>
<Data Name="CallingProcess"></Data>
<Data Name="IsOptional">False</Data>
<Data Name="PackageFlags">0x00000008</Data>
<Data Name="PackageFlags2">0x00000800</Data>
<Data Name="HasWin32alacarte">False</Data>
<Data Name="HasFullTrust">False</Data>
<Data Name="ExternalLocation"></Data>
<Data Name="PackageSourceUri"></Data>
<Data Name="PackageDisplayName">ms-resource:AppDisplayName</Data>
</EventData>
</Event>

<Event xmlns="http://schemas.microsoft.com/win/2004/08/events/event"><System><Provider Name="Microsoft-Windows-AppXDeployment-Server" Guid="{3f471139-acb7-4a01-b7a7-ff5da4ba2d43}"></Provider>
<EventID Qualifiers="">633</EventID>
<Version>0</Version>
<Level>4</Level>
<Task>3</Task>
<Opcode>0</Opcode>
<Keywords>0x4000000000000001</Keywords>
<TimeCreated SystemTime="2022-05-07 01:19:57.844707"></TimeCreated>
<EventRecordID>85</EventRecordID>
<Correlation ActivityID="{824d2842-61b0-0003-ef2c-4d82b061d801}" RelatedActivityID=""></Correlation>
<Execution ProcessID="3236" ThreadID="3268"></Execution>
<Channel>Microsoft-Windows-AppXDeploymentServer/Operational</Channel>
<Computer>WIN-GE1PLB8KFNS</Computer>
<Security UserID="S-1-5-18"></Security>
</System>
<EventData><Data Name="PackageFullName">Microsoft.Windows.NarratorQuickStart_10.0.22000.1_neutral_neutral_8wekyb3d8bbwe</Data>
<Data Name="IsInstalled">False</Data>
</EventData>
</Event>

<Event xmlns="http://schemas.microsoft.com/win/2004/08/events/event"><System><Provider Name="Microsoft-Windows-AppXDeployment-Server" Guid="{3f471139-acb7-4a01-b7a7-ff5da4ba2d43}"></Provider>
<EventID Qualifiers="">607</EventID>
<Version>0</Version>
<Level>4</Level>
<Task>0</Task>
<Opcode>0</Opcode>
<Keywords>0x4000000000000001</Keywords>
<TimeCreated SystemTime="2022-05-07 01:19:57.845369"></TimeCreated>
<EventRecordID>86</EventRecordID>
<Correlation ActivityID="{824d2842-61b0-0003-ef2c-4d82b061d801}" RelatedActivityID=""></Correlation>
<Execution ProcessID="3236" ThreadID="4736"></Execution>
<Channel>Microsoft-Windows-AppXDeploymentServer/Operational</Channel>
<Computer>WIN-GE1PLB8KFNS</Computer>
<Security UserID="S-1-5-18"></Security>
</System>
<EventData><Data Name="DeploymentOperation">12</Data>
<Data Name="PackageFullName">Microsoft.Windows.NarratorQuickStart_10.0.22000.1_neutral_neutral_8wekyb3d8bbwe</Data>
<Data Name="UserSid">S-1-5-18</Data>
<Data Name="CallingProcess">NULL</Data>
</EventData>
</Event>

<Event xmlns="http://schemas.microsoft.com/win/2004/08/events/event"><System><Provider Name="Microsoft-Windows-AppXDeployment-Server" Guid="{3f471139-acb7-4a01-b7a7-ff5da4ba2d43}"></Provider>
<EventID Qualifiers="">854</EventID>
<Version>0</Version>
<Level>4</Level>
<Task>3</Task>
<Opcode>0</Opcode>
<Keywords>0x4000000000000001</Keywords>
<TimeCreated SystemTime="2022-05-07 01:19:57.896036"></TimeCreated>
<EventRecordID>87</EventRecordID>
<Correlation ActivityID="{824d2842-61b0-0003-ef2c-4d82b061d801}" RelatedActivityID=""></Correlation>
<Execution ProcessID="3236" ThreadID="4736"></Execution>
<Channel>Microsoft-Windows-AppXDeploymentServer/Operational</Channel>
<Computer>WIN-GE1PLB8KFNS</Computer>
<Security UserID="S-1-5-18"></Security>
</System>
<EventData><Data Name="Path"> C:\Windows\SystemApps\microsoft.windows.narratorquickstart_8wekyb3d8bbwe\AppxManifest.xml</Data>
</EventData>
</Event>

<Event xmlns="http://schemas.microsoft.com/win/2004/08/events/event"><System><Provider Name="Microsoft-Windows-AppXDeployment-Server" Guid="{3f471139-acb7-4a01-b7a7-ff5da4ba2d43}"></Provider>
<EventID Qualifiers="">400</EventID>
<Version>0</Version>
<Level>4</Level>
<Task>3</Task>
<Opcode>2</Opcode>
<Keywords>0x4000000000000001</Keywords>
<TimeCreated SystemTime="2022-05-07 01:19:57.993139"></TimeCreated>
<EventRecordID>88</EventRecordID>
<Correlation ActivityID="{824d2842-61b0-0003-ef2c-4d82b061d801}" RelatedActivityID=""></Correlation>
<Execution ProcessID="3236" ThreadID="4736"></Execution>
<Channel>Microsoft-Windows-AppXDeploymentServer/Operational</Channel>
<Computer>WIN-GE1PLB8KFNS</Computer>
<Security UserID="S-1-5-18"></Security>
</System>
<EventData><Data Name="DeploymentOperation">12</Data>
<Data Name="PackageFullName">Microsoft.Windows.NarratorQuickStart_10.0.22000.1_neutral_neutral_8wekyb3d8bbwe</Data>
<Data Name="Path"> </Data>
<Data Name="MountPoint">C:</Data>
<Data Name="TargetPlatform">0x00000000</Data>
<Data Name="SystemVolume">True</Data>
<Data Name="StorageId">\\?\Volume{bf27b24f-9e98-4395-9110-325985ded282}</Data>
<Data Name="IsCentennial">False</Data>
<Data Name="PackageType">0x00000001</Data>
<Data Name="IsPackageEncrypted">False</Data>
<Data Name="DeploymentOptions">0x0000000030000020</Data>
<Data Name="IsStreamingPackage">False</Data>
<Data Name="IsInRelatedSet">False</Data>
<Data Name="IsPackageUsingBDC">False</Data>
<Data Name="MainPackageFamilyName">NULL</Data>
<Data Name="CallingProcess"></Data>
<Data Name="IsOptional">False</Data>
<Data Name="PackageFlags">0x00000008</Data>
<Data Name="PackageFlags2">0x00000800</Data>
<Data Name="HasWin32alacarte">False</Data>
<Data Name="HasFullTrust">False</Data>
<Data Name="ExternalLocation"></Data>
<Data Name="PackageSourceUri"></Data>
<Data Name="PackageDisplayName">ms-resource:AppDisplayName</Data>
</EventData>
</Event>

<Event xmlns="http://schemas.microsoft.com/win/2004/08/events/event"><System><Provider Name="Microsoft-Windows-AppXDeployment-Server" Guid="{3f471139-acb7-4a01-b7a7-ff5da4ba2d43}"></Provider>
<EventID Qualifiers="">633</EventID>
<Version>0</Version>
<Level>4</Level>
<Task>3</Task>
<Opcode>0</Opcode>
<Keywords>0x4000000000000001</Keywords>
<TimeCreated SystemTime="2022-05-07 01:19:58.090239"></TimeCreated>
<EventRecordID>89</EventRecordID>
<Correlation ActivityID="{824d2842-61b0-0003-ef2c-4d82b061d801}" RelatedActivityID=""></Correlation>
<Execution ProcessID="3236" ThreadID="3268"></Execution>
<Channel>Microsoft-Windows-AppXDeploymentServer/Operational</Channel>
<Computer>WIN-GE1PLB8KFNS</Computer>
<Security UserID="S-1-5-18"></Security>
</System>
<EventData><Data Name="PackageFullName">Microsoft.Windows.OOBENetworkCaptivePortal_10.0.21302.1000_neutral__cw5n1h2txyewy</Data>
<Data Name="IsInstalled">False</Data>
</EventData>
</Event>

<Event xmlns="http://schemas.microsoft.com/win/2004/08/events/event"><System><Provider Name="Microsoft-Windows-AppXDeployment-Server" Guid="{3f471139-acb7-4a01-b7a7-ff5da4ba2d43}"></Provider>
<EventID Qualifiers="">607</EventID>
<Version>0</Version>
<Level>4</Level>
<Task>0</Task>
<Opcode>0</Opcode>
<Keywords>0x4000000000000001</Keywords>
<TimeCreated SystemTime="2022-05-07 01:19:58.090635"></TimeCreated>
<EventRecordID>90</EventRecordID>
<Correlation ActivityID="{824d2842-61b0-0003-ef2c-4d82b061d801}" RelatedActivityID=""></Correlation>
<Execution ProcessID="3236" ThreadID="4736"></Execution>
<Channel>Microsoft-Windows-AppXDeploymentServer/Operational</Channel>
<Computer>WIN-GE1PLB8KFNS</Computer>
<Security UserID="S-1-5-18"></Security>
</System>
<EventData><Data Name="DeploymentOperation">12</Data>
<Data Name="PackageFullName">Microsoft.Windows.OOBENetworkCaptivePortal_10.0.21302.1000_neutral__cw5n1h2txyewy</Data>
<Data Name="UserSid">S-1-5-18</Data>
<Data Name="CallingProcess">NULL</Data>
</EventData>
</Event>

<Event xmlns="http://schemas.microsoft.com/win/2004/08/events/event"><System><Provider Name="Microsoft-Windows-AppXDeployment-Server" Guid="{3f471139-acb7-4a01-b7a7-ff5da4ba2d43}"></Provider>
<EventID Qualifiers="">854</EventID>
<Version>0</Version>
<Level>4</Level>
<Task>3</Task>
<Opcode>0</Opcode>
<Keywords>0x4000000000000001</Keywords>
<TimeCreated SystemTime="2022-05-07 01:19:58.141512"></TimeCreated>
<EventRecordID>91</EventRecordID>
<Correlation ActivityID="{824d2842-61b0-0003-ef2c-4d82b061d801}" RelatedActivityID=""></Correlation>
<Execution ProcessID="3236" ThreadID="4736"></Execution>
<Channel>Microsoft-Windows-AppXDeploymentServer/Operational</Channel>
<Computer>WIN-GE1PLB8KFNS</Computer>
<Security UserID="S-1-5-18"></Security>
</System>
<EventData><Data Name="Path"> C:\Windows\SystemApps\Microsoft.Windows.OOBENetworkCaptivePortal_cw5n1h2txyewy\AppxManifest.xml</Data>
</EventData>
</Event>

<Event xmlns="http://schemas.microsoft.com/win/2004/08/events/event"><System><Provider Name="Microsoft-Windows-AppXDeployment-Server" Guid="{3f471139-acb7-4a01-b7a7-ff5da4ba2d43}"></Provider>
<EventID Qualifiers="">400</EventID>
<Version>0</Version>
<Level>4</Level>
<Task>3</Task>
<Opcode>2</Opcode>
<Keywords>0x4000000000000001</Keywords>
<TimeCreated SystemTime="2022-05-07 01:19:58.224625"></TimeCreated>
<EventRecordID>92</EventRecordID>
<Correlation ActivityID="{824d2842-61b0-0003-ef2c-4d82b061d801}" RelatedActivityID=""></Correlation>
<Execution ProcessID="3236" ThreadID="4736"></Execution>
<Channel>Microsoft-Windows-AppXDeploymentServer/Operational</Channel>
<Computer>WIN-GE1PLB8KFNS</Computer>
<Security UserID="S-1-5-18"></Security>
</System>
<EventData><Data Name="DeploymentOperation">12</Data>
<Data Name="PackageFullName">Microsoft.Windows.OOBENetworkCaptivePortal_10.0.21302.1000_neutral__cw5n1h2txyewy</Data>
<Data Name="Path"> </Data>
<Data Name="MountPoint">C:</Data>
<Data Name="TargetPlatform">0x00000000</Data>
<Data Name="SystemVolume">True</Data>
<Data Name="StorageId">\\?\Volume{bf27b24f-9e98-4395-9110-325985ded282}</Data>
<Data Name="IsCentennial">False</Data>
<Data Name="PackageType">0x00000001</Data>
<Data Name="IsPackageEncrypted">False</Data>
<Data Name="DeploymentOptions">0x0000000030000020</Data>
<Data Name="IsStreamingPackage">False</Data>
<Data Name="IsInRelatedSet">False</Data>
<Data Name="IsPackageUsingBDC">False</Data>
<Data Name="MainPackageFamilyName">NULL</Data>
<Data Name="CallingProcess"></Data>
<Data Name="IsOptional">False</Data>
<Data Name="PackageFlags">0x00000008</Data>
<Data Name="PackageFlags2">0x00000800</Data>
<Data Name="HasWin32alacarte">False</Data>
<Data Name="HasFullTrust">False</Data>
<Data Name="ExternalLocation"></Data>
<Data Name="PackageSourceUri"></Data>
<Data Name="PackageDisplayName">ms-resource:AppDisplayName</Data>
</EventData>
</Event>

<Event xmlns="http://schemas.microsoft.com/win/2004/08/events/event"><System><Provider Name="Microsoft-Windows-AppXDeployment-Server" Guid="{3f471139-acb7-4a01-b7a7-ff5da4ba2d43}"></Provider>
<EventID Qualifiers="">633</EventID>
<Version>0</Version>
<Level>4</Level>
<Task>3</Task>
<Opcode>0</Opcode>
<Keywords>0x4000000000000001</Keywords>
<TimeCreated SystemTime="2022-05-07 01:19:58.319288"></TimeCreated>
<EventRecordID>93</EventRecordID>
<Correlation ActivityID="{824d2842-61b0-0003-ef2c-4d82b061d801}" RelatedActivityID=""></Correlation>
<Execution ProcessID="3236" ThreadID="3268"></Execution>
<Channel>Microsoft-Windows-AppXDeploymentServer/Operational</Channel>
<Computer>WIN-GE1PLB8KFNS</Computer>
<Security UserID="S-1-5-18"></Security>
</System>
<EventData><Data Name="PackageFullName">Microsoft.Windows.OOBENetworkConnectionFlow_10.0.21302.1000_neutral__cw5n1h2txyewy</Data>
<Data Name="IsInstalled">False</Data>
</EventData>
</Event>

<Event xmlns="http://schemas.microsoft.com/win/2004/08/events/event"><System><Provider Name="Microsoft-Windows-AppXDeployment-Server" Guid="{3f471139-acb7-4a01-b7a7-ff5da4ba2d43}"></Provider>
<EventID Qualifiers="">607</EventID>
<Version>0</Version>
<Level>4</Level>
<Task>0</Task>
<Opcode>0</Opcode>
<Keywords>0x4000000000000001</Keywords>
<TimeCreated SystemTime="2022-05-07 01:19:58.319769"></TimeCreated>
<EventRecordID>94</EventRecordID>
<Correlation ActivityID="{824d2842-61b0-0003-ef2c-4d82b061d801}" RelatedActivityID=""></Correlation>
<Execution ProcessID="3236" ThreadID="4736"></Execution>
<Channel>Microsoft-Windows-AppXDeploymentServer/Operational</Channel>
<Computer>WIN-GE1PLB8KFNS</Computer>
<Security UserID="S-1-5-18"></Security>
</System>
<EventData><Data Name="DeploymentOperation">12</Data>
<Data Name="PackageFullName">Microsoft.Windows.OOBENetworkConnectionFlow_10.0.21302.1000_neutral__cw5n1h2txyewy</Data>
<Data Name="UserSid">S-1-5-18</Data>
<Data Name="CallingProcess">NULL</Data>
</EventData>
</Event>

<Event xmlns="http://schemas.microsoft.com/win/2004/08/events/event"><System><Provider Name="Microsoft-Windows-AppXDeployment-Server" Guid="{3f471139-acb7-4a01-b7a7-ff5da4ba2d43}"></Provider>
<EventID Qualifiers="">854</EventID>
<Version>0</Version>
<Level>4</Level>
<Task>3</Task>
<Opcode>0</Opcode>
<Keywords>0x4000000000000001</Keywords>
<TimeCreated SystemTime="2022-05-07 01:19:58.369013"></TimeCreated>
<EventRecordID>95</EventRecordID>
<Correlation ActivityID="{824d2842-61b0-0003-ef2c-4d82b061d801}" RelatedActivityID=""></Correlation>
<Execution ProcessID="3236" ThreadID="4736"></Execution>
<Channel>Microsoft-Windows-AppXDeploymentServer/Operational</Channel>
<Computer>WIN-GE1PLB8KFNS</Computer>
<Security UserID="S-1-5-18"></Security>
</System>
<EventData><Data Name="Path"> C:\Windows\SystemApps\Microsoft.Windows.OOBENetworkConnectionFlow_cw5n1h2txyewy\AppxManifest.xml</Data>
</EventData>
</Event>

<Event xmlns="http://schemas.microsoft.com/win/2004/08/events/event"><System><Provider Name="Microsoft-Windows-AppXDeployment-Server" Guid="{3f471139-acb7-4a01-b7a7-ff5da4ba2d43}"></Provider>
<EventID Qualifiers="">400</EventID>
<Version>0</Version>
<Level>4</Level>
<Task>3</Task>
<Opcode>2</Opcode>
<Keywords>0x4000000000000001</Keywords>
<TimeCreated SystemTime="2022-05-07 01:19:58.457195"></TimeCreated>
<EventRecordID>96</EventRecordID>
<Correlation ActivityID="{824d2842-61b0-0003-ef2c-4d82b061d801}" RelatedActivityID=""></Correlation>
<Execution ProcessID="3236" ThreadID="4736"></Execution>
<Channel>Microsoft-Windows-AppXDeploymentServer/Operational</Channel>
<Computer>WIN-GE1PLB8KFNS</Computer>
<Security UserID="S-1-5-18"></Security>
</System>
<EventData><Data Name="DeploymentOperation">12</Data>
<Data Name="PackageFullName">Microsoft.Windows.OOBENetworkConnectionFlow_10.0.21302.1000_neutral__cw5n1h2txyewy</Data>
<Data Name="Path"> </Data>
<Data Name="MountPoint">C:</Data>
<Data Name="TargetPlatform">0x00000000</Data>
<Data Name="SystemVolume">True</Data>
<Data Name="StorageId">\\?\Volume{bf27b24f-9e98-4395-9110-325985ded282}</Data>
<Data Name="IsCentennial">False</Data>
<Data Name="PackageType">0x00000001</Data>
<Data Name="IsPackageEncrypted">False</Data>
<Data Name="DeploymentOptions">0x0000000030000020</Data>
<Data Name="IsStreamingPackage">False</Data>
<Data Name="IsInRelatedSet">False</Data>
<Data Name="IsPackageUsingBDC">False</Data>
<Data Name="MainPackageFamilyName">NULL</Data>
<Data Name="CallingProcess"></Data>
<Data Name="IsOptional">False</Data>
<Data Name="PackageFlags">0x00000008</Data>
<Data Name="PackageFlags2">0x00000800</Data>
<Data Name="HasWin32alacarte">False</Data>
<Data Name="HasFullTrust">False</Data>
<Data Name="ExternalLocation"></Data>
<Data Name="PackageSourceUri"></Data>
<Data Name="PackageDisplayName">ms-resource:AppDisplayName</Data>
</EventData>
</Event>

<Event xmlns="http://schemas.microsoft.com/win/2004/08/events/event"><System><Provider Name="Microsoft-Windows-AppXDeployment-Server" Guid="{3f471139-acb7-4a01-b7a7-ff5da4ba2d43}"></Provider>
<EventID Qualifiers="">633</EventID>
<Version>0</Version>
<Level>4</Level>
<Task>3</Task>
<Opcode>0</Opcode>
<Keywords>0x4000000000000001</Keywords>
<TimeCreated SystemTime="2022-05-07 01:19:58.577211"></TimeCreated>
<EventRecordID>97</EventRecordID>
<Correlation ActivityID="{824d2842-61b0-0003-ef2c-4d82b061d801}" RelatedActivityID=""></Correlation>
<Execution ProcessID="3236" ThreadID="3268"></Execution>
<Channel>Microsoft-Windows-AppXDeploymentServer/Operational</Channel>
<Computer>WIN-GE1PLB8KFNS</Computer>
<Security UserID="S-1-5-18"></Security>
</System>
<EventData><Data Name="PackageFullName">Microsoft.Windows.ParentalControls_1000.22000.1.0_neutral_neutral_cw5n1h2txyewy</Data>
<Data Name="IsInstalled">False</Data>
</EventData>
</Event>

<Event xmlns="http://schemas.microsoft.com/win/2004/08/events/event"><System><Provider Name="Microsoft-Windows-AppXDeployment-Server" Guid="{3f471139-acb7-4a01-b7a7-ff5da4ba2d43}"></Provider>
<EventID Qualifiers="">607</EventID>
<Version>0</Version>
<Level>4</Level>
<Task>0</Task>
<Opcode>0</Opcode>
<Keywords>0x4000000000000001</Keywords>
<TimeCreated SystemTime="2022-05-07 01:19:58.577940"></TimeCreated>
<EventRecordID>98</EventRecordID>
<Correlation ActivityID="{824d2842-61b0-0003-ef2c-4d82b061d801}" RelatedActivityID=""></Correlation>
<Execution ProcessID="3236" ThreadID="4736"></Execution>
<Channel>Microsoft-Windows-AppXDeploymentServer/Operational</Channel>
<Computer>WIN-GE1PLB8KFNS</Computer>
<Security UserID="S-1-5-18"></Security>
</System>
<EventData><Data Name="DeploymentOperation">12</Data>
<Data Name="PackageFullName">Microsoft.Windows.ParentalControls_1000.22000.1.0_neutral_neutral_cw5n1h2txyewy</Data>
<Data Name="UserSid">S-1-5-18</Data>
<Data Name="CallingProcess">NULL</Data>
</EventData>
</Event>

<Event xmlns="http://schemas.microsoft.com/win/2004/08/events/event"><System><Provider Name="Microsoft-Windows-AppXDeployment-Server" Guid="{3f471139-acb7-4a01-b7a7-ff5da4ba2d43}"></Provider>
<EventID Qualifiers="">854</EventID>
<Version>0</Version>
<Level>4</Level>
<Task>3</Task>
<Opcode>0</Opcode>
<Keywords>0x4000000000000001</Keywords>
<TimeCreated SystemTime="2022-05-07 01:19:58.626270"></TimeCreated>
<EventRecordID>99</EventRecordID>
<Correlation ActivityID="{824d2842-61b0-0003-ef2c-4d82b061d801}" RelatedActivityID=""></Correlation>
<Execution ProcessID="3236" ThreadID="4736"></Execution>
<Channel>Microsoft-Windows-AppXDeploymentServer/Operational</Channel>
<Computer>WIN-GE1PLB8KFNS</Computer>
<Security UserID="S-1-5-18"></Security>
</System>
<EventData><Data Name="Path"> C:\Windows\SystemApps\ParentalControls_cw5n1h2txyewy\AppxManifest.xml</Data>
</EventData>
</Event>

<Event xmlns="http://schemas.microsoft.com/win/2004/08/events/event"><System><Provider Name="Microsoft-Windows-AppXDeployment-Server" Guid="{3f471139-acb7-4a01-b7a7-ff5da4ba2d43}"></Provider>
<EventID Qualifiers="">400</EventID>
<Version>0</Version>
<Level>4</Level>
<Task>3</Task>
<Opcode>2</Opcode>
<Keywords>0x4000000000000001</Keywords>
<TimeCreated SystemTime="2022-05-07 01:19:58.714037"></TimeCreated>
<EventRecordID>100</EventRecordID>
<Correlation ActivityID="{824d2842-61b0-0003-ef2c-4d82b061d801}" RelatedActivityID=""></Correlation>
<Execution ProcessID="3236" ThreadID="4736"></Execution>
<Channel>Microsoft-Windows-AppXDeploymentServer/Operational</Channel>
<Computer>WIN-GE1PLB8KFNS</Computer>
<Security UserID="S-1-5-18"></Security>
</System>
<EventData><Data Name="DeploymentOperation">12</Data>
<Data Name="PackageFullName">Microsoft.Windows.ParentalControls_1000.22000.1.0_neutral_neutral_cw5n1h2txyewy</Data>
<Data Name="Path"> </Data>
<Data Name="MountPoint">C:</Data>
<Data Name="TargetPlatform">0x00000000</Data>
<Data Name="SystemVolume">True</Data>
<Data Name="StorageId">\\?\Volume{bf27b24f-9e98-4395-9110-325985ded282}</Data>
<Data Name="IsCentennial">False</Data>
<Data Name="PackageType">0x00000001</Data>
<Data Name="IsPackageEncrypted">False</Data>
<Data Name="DeploymentOptions">0x0000000030000020</Data>
<Data Name="IsStreamingPackage">False</Data>
<Data Name="IsInRelatedSet">False</Data>
<Data Name="IsPackageUsingBDC">False</Data>
<Data Name="MainPackageFamilyName">NULL</Data>
<Data Name="CallingProcess"></Data>
<Data Name="IsOptional">False</Data>
<Data Name="PackageFlags">0x00000008</Data>
<Data Name="PackageFlags2">0x00000800</Data>
<Data Name="HasWin32alacarte">False</Data>
<Data Name="HasFullTrust">False</Data>
<Data Name="ExternalLocation"></Data>
<Data Name="PackageSourceUri"></Data>
<Data Name="PackageDisplayName">ms-resource:DisplayName</Data>
</EventData>
</Event>

<Event xmlns="http://schemas.microsoft.com/win/2004/08/events/event"><System><Provider Name="Microsoft-Windows-AppXDeployment-Server" Guid="{3f471139-acb7-4a01-b7a7-ff5da4ba2d43}"></Provider>
<EventID Qualifiers="">633</EventID>
<Version>0</Version>
<Level>4</Level>
<Task>3</Task>
<Opcode>0</Opcode>
<Keywords>0x4000000000000001</Keywords>
<TimeCreated SystemTime="2022-05-07 01:19:58.810829"></TimeCreated>
<EventRecordID>101</EventRecordID>
<Correlation ActivityID="{824d2842-61b0-0003-ef2c-4d82b061d801}" RelatedActivityID=""></Correlation>
<Execution ProcessID="3236" ThreadID="3268"></Execution>
<Channel>Microsoft-Windows-AppXDeploymentServer/Operational</Channel>
<Computer>WIN-GE1PLB8KFNS</Computer>
<Security UserID="S-1-5-18"></Security>
</System>
<EventData><Data Name="PackageFullName">Microsoft.Windows.PeopleExperienceHost_10.0.22000.1_neutral_neutral_cw5n1h2txyewy</Data>
<Data Name="IsInstalled">False</Data>
</EventData>
</Event>

<Event xmlns="http://schemas.microsoft.com/win/2004/08/events/event"><System><Provider Name="Microsoft-Windows-AppXDeployment-Server" Guid="{3f471139-acb7-4a01-b7a7-ff5da4ba2d43}"></Provider>
<EventID Qualifiers="">607</EventID>
<Version>0</Version>
<Level>4</Level>
<Task>0</Task>
<Opcode>0</Opcode>
<Keywords>0x4000000000000001</Keywords>
<TimeCreated SystemTime="2022-05-07 01:19:58.811306"></TimeCreated>
<EventRecordID>102</EventRecordID>
<Correlation ActivityID="{824d2842-61b0-0003-ef2c-4d82b061d801}" RelatedActivityID=""></Correlation>
<Execution ProcessID="3236" ThreadID="4736"></Execution>
<Channel>Microsoft-Windows-AppXDeploymentServer/Operational</Channel>
<Computer>WIN-GE1PLB8KFNS</Computer>
<Security UserID="S-1-5-18"></Security>
</System>
<EventData><Data Name="DeploymentOperation">12</Data>
<Data Name="PackageFullName">Microsoft.Windows.PeopleExperienceHost_10.0.22000.1_neutral_neutral_cw5n1h2txyewy</Data>
<Data Name="UserSid">S-1-5-18</Data>
<Data Name="CallingProcess">NULL</Data>
</EventData>
</Event>

<Event xmlns="http://schemas.microsoft.com/win/2004/08/events/event"><System><Provider Name="Microsoft-Windows-AppXDeployment-Server" Guid="{3f471139-acb7-4a01-b7a7-ff5da4ba2d43}"></Provider>
<EventID Qualifiers="">854</EventID>
<Version>0</Version>
<Level>4</Level>
<Task>3</Task>
<Opcode>0</Opcode>
<Keywords>0x4000000000000001</Keywords>
<TimeCreated SystemTime="2022-05-07 01:19:58.890385"></TimeCreated>
<EventRecordID>103</EventRecordID>
<Correlation ActivityID="{824d2842-61b0-0003-ef2c-4d82b061d801}" RelatedActivityID=""></Correlation>
<Execution ProcessID="3236" ThreadID="4736"></Execution>
<Channel>Microsoft-Windows-AppXDeploymentServer/Operational</Channel>
<Computer>WIN-GE1PLB8KFNS</Computer>
<Security UserID="S-1-5-18"></Security>
</System>
<EventData><Data Name="Path"> C:\Windows\SystemApps\Microsoft.Windows.PeopleExperienceHost_cw5n1h2txyewy\AppxManifest.xml</Data>
</EventData>
</Event>

<Event xmlns="http://schemas.microsoft.com/win/2004/08/events/event"><System><Provider Name="Microsoft-Windows-AppXDeployment-Server" Guid="{3f471139-acb7-4a01-b7a7-ff5da4ba2d43}"></Provider>
<EventID Qualifiers="">400</EventID>
<Version>0</Version>
<Level>4</Level>
<Task>3</Task>
<Opcode>2</Opcode>
<Keywords>0x4000000000000001</Keywords>
<TimeCreated SystemTime="2022-05-07 01:19:58.985205"></TimeCreated>
<EventRecordID>104</EventRecordID>
<Correlation ActivityID="{824d2842-61b0-0003-ef2c-4d82b061d801}" RelatedActivityID=""></Correlation>
<Execution ProcessID="3236" ThreadID="4736"></Execution>
<Channel>Microsoft-Windows-AppXDeploymentServer/Operational</Channel>
<Computer>WIN-GE1PLB8KFNS</Computer>
<Security UserID="S-1-5-18"></Security>
</System>
<EventData><Data Name="DeploymentOperation">12</Data>
<Data Name="PackageFullName">Microsoft.Windows.PeopleExperienceHost_10.0.22000.1_neutral_neutral_cw5n1h2txyewy</Data>
<Data Name="Path"> </Data>
<Data Name="MountPoint">C:</Data>
<Data Name="TargetPlatform">0x00000000</Data>
<Data Name="SystemVolume">True</Data>
<Data Name="StorageId">\\?\Volume{bf27b24f-9e98-4395-9110-325985ded282}</Data>
<Data Name="IsCentennial">False</Data>
<Data Name="PackageType">0x00000001</Data>
<Data Name="IsPackageEncrypted">False</Data>
<Data Name="DeploymentOptions">0x0000000030000020</Data>
<Data Name="IsStreamingPackage">False</Data>
<Data Name="IsInRelatedSet">False</Data>
<Data Name="IsPackageUsingBDC">False</Data>
<Data Name="MainPackageFamilyName">NULL</Data>
<Data Name="CallingProcess"></Data>
<Data Name="IsOptional">False</Data>
<Data Name="PackageFlags">0x00000008</Data>
<Data Name="PackageFlags2">0x00000800</Data>
<Data Name="HasWin32alacarte">False</Data>
<Data Name="HasFullTrust">False</Data>
<Data Name="ExternalLocation"></Data>
<Data Name="PackageSourceUri"></Data>
<Data Name="PackageDisplayName">ms-resource:PkgDisplayName</Data>
</EventData>
</Event>

<Event xmlns="http://schemas.microsoft.com/win/2004/08/events/event"><System><Provider Name="Microsoft-Windows-AppXDeployment-Server" Guid="{3f471139-acb7-4a01-b7a7-ff5da4ba2d43}"></Provider>
<EventID Qualifiers="">633</EventID>
<Version>0</Version>
<Level>4</Level>
<Task>3</Task>
<Opcode>0</Opcode>
<Keywords>0x4000000000000001</Keywords>
<TimeCreated SystemTime="2022-05-07 01:19:59.075346"></TimeCreated>
<EventRecordID>105</EventRecordID>
<Correlation ActivityID="{824d2842-61b0-0003-ef2c-4d82b061d801}" RelatedActivityID=""></Correlation>
<Execution ProcessID="3236" ThreadID="3268"></Execution>
<Channel>Microsoft-Windows-AppXDeploymentServer/Operational</Channel>
<Computer>WIN-GE1PLB8KFNS</Computer>
<Security UserID="S-1-5-18"></Security>
</System>
<EventData><Data Name="PackageFullName">Microsoft.Windows.PinningConfirmationDialog_1000.22000.1.0_neutral__cw5n1h2txyewy</Data>
<Data Name="IsInstalled">False</Data>
</EventData>
</Event>

<Event xmlns="http://schemas.microsoft.com/win/2004/08/events/event"><System><Provider Name="Microsoft-Windows-AppXDeployment-Server" Guid="{3f471139-acb7-4a01-b7a7-ff5da4ba2d43}"></Provider>
<EventID Qualifiers="">607</EventID>
<Version>0</Version>
<Level>4</Level>
<Task>0</Task>
<Opcode>0</Opcode>
<Keywords>0x4000000000000001</Keywords>
<TimeCreated SystemTime="2022-05-07 01:19:59.075758"></TimeCreated>
<EventRecordID>106</EventRecordID>
<Correlation ActivityID="{824d2842-61b0-0003-ef2c-4d82b061d801}" RelatedActivityID=""></Correlation>
<Execution ProcessID="3236" ThreadID="4736"></Execution>
<Channel>Microsoft-Windows-AppXDeploymentServer/Operational</Channel>
<Computer>WIN-GE1PLB8KFNS</Computer>
<Security UserID="S-1-5-18"></Security>
</System>
<EventData><Data Name="DeploymentOperation">12</Data>
<Data Name="PackageFullName">Microsoft.Windows.PinningConfirmationDialog_1000.22000.1.0_neutral__cw5n1h2txyewy</Data>
<Data Name="UserSid">S-1-5-18</Data>
<Data Name="CallingProcess">NULL</Data>
</EventData>
</Event>

<Event xmlns="http://schemas.microsoft.com/win/2004/08/events/event"><System><Provider Name="Microsoft-Windows-AppXDeployment-Server" Guid="{3f471139-acb7-4a01-b7a7-ff5da4ba2d43}"></Provider>
<EventID Qualifiers="">854</EventID>
<Version>0</Version>
<Level>4</Level>
<Task>3</Task>
<Opcode>0</Opcode>
<Keywords>0x4000000000000001</Keywords>
<TimeCreated SystemTime="2022-05-07 01:19:59.131922"></TimeCreated>
<EventRecordID>107</EventRecordID>
<Correlation ActivityID="{824d2842-61b0-0003-ef2c-4d82b061d801}" RelatedActivityID=""></Correlation>
<Execution ProcessID="3236" ThreadID="4736"></Execution>
<Channel>Microsoft-Windows-AppXDeploymentServer/Operational</Channel>
<Computer>WIN-GE1PLB8KFNS</Computer>
<Security UserID="S-1-5-18"></Security>
</System>
<EventData><Data Name="Path"> C:\Windows\SystemApps\Microsoft.Windows.PinningConfirmationDialog_cw5n1h2txyewy\AppxManifest.xml</Data>
</EventData>
</Event>

<Event xmlns="http://schemas.microsoft.com/win/2004/08/events/event"><System><Provider Name="Microsoft-Windows-AppXDeployment-Server" Guid="{3f471139-acb7-4a01-b7a7-ff5da4ba2d43}"></Provider>
<EventID Qualifiers="">400</EventID>
<Version>0</Version>
<Level>4</Level>
<Task>3</Task>
<Opcode>2</Opcode>
<Keywords>0x4000000000000001</Keywords>
<TimeCreated SystemTime="2022-05-07 01:19:59.211660"></TimeCreated>
<EventRecordID>108</EventRecordID>
<Correlation ActivityID="{824d2842-61b0-0003-ef2c-4d82b061d801}" RelatedActivityID=""></Correlation>
<Execution ProcessID="3236" ThreadID="4736"></Execution>
<Channel>Microsoft-Windows-AppXDeploymentServer/Operational</Channel>
<Computer>WIN-GE1PLB8KFNS</Computer>
<Security UserID="S-1-5-18"></Security>
</System>
<EventData><Data Name="DeploymentOperation">12</Data>
<Data Name="PackageFullName">Microsoft.Windows.PinningConfirmationDialog_1000.22000.1.0_neutral__cw5n1h2txyewy</Data>
<Data Name="Path"> </Data>
<Data Name="MountPoint">C:</Data>
<Data Name="TargetPlatform">0x00000000</Data>
<Data Name="SystemVolume">True</Data>
<Data Name="StorageId">\\?\Volume{bf27b24f-9e98-4395-9110-325985ded282}</Data>
<Data Name="IsCentennial">False</Data>
<Data Name="PackageType">0x00000001</Data>
<Data Name="IsPackageEncrypted">False</Data>
<Data Name="DeploymentOptions">0x0000000030000020</Data>
<Data Name="IsStreamingPackage">False</Data>
<Data Name="IsInRelatedSet">False</Data>
<Data Name="IsPackageUsingBDC">False</Data>
<Data Name="MainPackageFamilyName">NULL</Data>
<Data Name="CallingProcess"></Data>
<Data Name="IsOptional">False</Data>
<Data Name="PackageFlags">0x00000008</Data>
<Data Name="PackageFlags2">0x00000800</Data>
<Data Name="HasWin32alacarte">False</Data>
<Data Name="HasFullTrust">False</Data>
<Data Name="ExternalLocation"></Data>
<Data Name="PackageSourceUri"></Data>
<Data Name="PackageDisplayName">PinningConfirmationDialog</Data>
</EventData>
</Event>

<Event xmlns="http://schemas.microsoft.com/win/2004/08/events/event"><System><Provider Name="Microsoft-Windows-AppXDeployment-Server" Guid="{3f471139-acb7-4a01-b7a7-ff5da4ba2d43}"></Provider>
<EventID Qualifiers="">633</EventID>
<Version>0</Version>
<Level>4</Level>
<Task>3</Task>
<Opcode>0</Opcode>
<Keywords>0x4000000000000001</Keywords>
<TimeCreated SystemTime="2022-05-07 01:19:59.308924"></TimeCreated>
<EventRecordID>109</EventRecordID>
<Correlation ActivityID="{824d2842-61b0-0003-ef2c-4d82b061d801}" RelatedActivityID=""></Correlation>
<Execution ProcessID="3236" ThreadID="3268"></Execution>
<Channel>Microsoft-Windows-AppXDeploymentServer/Operational</Channel>
<Computer>WIN-GE1PLB8KFNS</Computer>
<Security UserID="S-1-5-18"></Security>
</System>
<EventData><Data Name="PackageFullName">Microsoft.Windows.Search_1.16.0.22000_neutral_neutral_cw5n1h2txyewy</Data>
<Data Name="IsInstalled">False</Data>
</EventData>
</Event>

<Event xmlns="http://schemas.microsoft.com/win/2004/08/events/event"><System><Provider Name="Microsoft-Windows-AppXDeployment-Server" Guid="{3f471139-acb7-4a01-b7a7-ff5da4ba2d43}"></Provider>
<EventID Qualifiers="">607</EventID>
<Version>0</Version>
<Level>4</Level>
<Task>0</Task>
<Opcode>0</Opcode>
<Keywords>0x4000000000000001</Keywords>
<TimeCreated SystemTime="2022-05-07 01:19:59.309263"></TimeCreated>
<EventRecordID>110</EventRecordID>
<Correlation ActivityID="{824d2842-61b0-0003-ef2c-4d82b061d801}" RelatedActivityID=""></Correlation>
<Execution ProcessID="3236" ThreadID="4736"></Execution>
<Channel>Microsoft-Windows-AppXDeploymentServer/Operational</Channel>
<Computer>WIN-GE1PLB8KFNS</Computer>
<Security UserID="S-1-5-18"></Security>
</System>
<EventData><Data Name="DeploymentOperation">12</Data>
<Data Name="PackageFullName">Microsoft.Windows.Search_1.16.0.22000_neutral_neutral_cw5n1h2txyewy</Data>
<Data Name="UserSid">S-1-5-18</Data>
<Data Name="CallingProcess">NULL</Data>
</EventData>
</Event>

<Event xmlns="http://schemas.microsoft.com/win/2004/08/events/event"><System><Provider Name="Microsoft-Windows-AppXDeployment-Server" Guid="{3f471139-acb7-4a01-b7a7-ff5da4ba2d43}"></Provider>
<EventID Qualifiers="">854</EventID>
<Version>0</Version>
<Level>4</Level>
<Task>3</Task>
<Opcode>0</Opcode>
<Keywords>0x4000000000000001</Keywords>
<TimeCreated SystemTime="2022-05-07 01:19:59.371054"></TimeCreated>
<EventRecordID>111</EventRecordID>
<Correlation ActivityID="{824d2842-61b0-0003-ef2c-4d82b061d801}" RelatedActivityID=""></Correlation>
<Execution ProcessID="3236" ThreadID="4736"></Execution>
<Channel>Microsoft-Windows-AppXDeploymentServer/Operational</Channel>
<Computer>WIN-GE1PLB8KFNS</Computer>
<Security UserID="S-1-5-18"></Security>
</System>
<EventData><Data Name="Path"> C:\Windows\SystemApps\Microsoft.Windows.Search_cw5n1h2txyewy\AppxManifest.xml</Data>
</EventData>
</Event>

<Event xmlns="http://schemas.microsoft.com/win/2004/08/events/event"><System><Provider Name="Microsoft-Windows-AppXDeployment-Server" Guid="{3f471139-acb7-4a01-b7a7-ff5da4ba2d43}"></Provider>
<EventID Qualifiers="">400</EventID>
<Version>0</Version>
<Level>4</Level>
<Task>3</Task>
<Opcode>2</Opcode>
<Keywords>0x4000000000000001</Keywords>
<TimeCreated SystemTime="2022-05-07 01:19:59.488682"></TimeCreated>
<EventRecordID>112</EventRecordID>
<Correlation ActivityID="{824d2842-61b0-0003-ef2c-4d82b061d801}" RelatedActivityID=""></Correlation>
<Execution ProcessID="3236" ThreadID="4736"></Execution>
<Channel>Microsoft-Windows-AppXDeploymentServer/Operational</Channel>
<Computer>WIN-GE1PLB8KFNS</Computer>
<Security UserID="S-1-5-18"></Security>
</System>
<EventData><Data Name="DeploymentOperation">12</Data>
<Data Name="PackageFullName">Microsoft.Windows.Search_1.16.0.22000_neutral_neutral_cw5n1h2txyewy</Data>
<Data Name="Path"> </Data>
<Data Name="MountPoint">C:</Data>
<Data Name="TargetPlatform">0x00000000</Data>
<Data Name="SystemVolume">True</Data>
<Data Name="StorageId">\\?\Volume{bf27b24f-9e98-4395-9110-325985ded282}</Data>
<Data Name="IsCentennial">False</Data>
<Data Name="PackageType">0x00000001</Data>
<Data Name="IsPackageEncrypted">False</Data>
<Data Name="DeploymentOptions">0x0000000030000020</Data>
<Data Name="IsStreamingPackage">False</Data>
<Data Name="IsInRelatedSet">False</Data>
<Data Name="IsPackageUsingBDC">False</Data>
<Data Name="MainPackageFamilyName">NULL</Data>
<Data Name="CallingProcess"></Data>
<Data Name="IsOptional">False</Data>
<Data Name="PackageFlags">0x00080008</Data>
<Data Name="PackageFlags2">0x00000800</Data>
<Data Name="HasWin32alacarte">False</Data>
<Data Name="HasFullTrust">False</Data>
<Data Name="ExternalLocation"></Data>
<Data Name="PackageSourceUri"></Data>
<Data Name="PackageDisplayName">ms-resource:PackageDisplayName</Data>
</EventData>
</Event>

<Event xmlns="http://schemas.microsoft.com/win/2004/08/events/event"><System><Provider Name="Microsoft-Windows-AppXDeployment-Server" Guid="{3f471139-acb7-4a01-b7a7-ff5da4ba2d43}"></Provider>
<EventID Qualifiers="">633</EventID>
<Version>0</Version>
<Level>4</Level>
<Task>3</Task>
<Opcode>0</Opcode>
<Keywords>0x4000000000000001</Keywords>
<TimeCreated SystemTime="2022-05-07 01:19:59.584799"></TimeCreated>
<EventRecordID>113</EventRecordID>
<Correlation ActivityID="{824d2842-61b0-0003-ef2c-4d82b061d801}" RelatedActivityID=""></Correlation>
<Execution ProcessID="3236" ThreadID="3268"></Execution>
<Channel>Microsoft-Windows-AppXDeploymentServer/Operational</Channel>
<Computer>WIN-GE1PLB8KFNS</Computer>
<Security UserID="S-1-5-18"></Security>
</System>
<EventData><Data Name="PackageFullName">Microsoft.Windows.SecureAssessmentBrowser_10.0.22000.1_neutral_neutral_cw5n1h2txyewy</Data>
<Data Name="IsInstalled">False</Data>
</EventData>
</Event>

<Event xmlns="http://schemas.microsoft.com/win/2004/08/events/event"><System><Provider Name="Microsoft-Windows-AppXDeployment-Server" Guid="{3f471139-acb7-4a01-b7a7-ff5da4ba2d43}"></Provider>
<EventID Qualifiers="">607</EventID>
<Version>0</Version>
<Level>4</Level>
<Task>0</Task>
<Opcode>0</Opcode>
<Keywords>0x4000000000000001</Keywords>
<TimeCreated SystemTime="2022-05-07 01:19:59.585155"></TimeCreated>
<EventRecordID>114</EventRecordID>
<Correlation ActivityID="{824d2842-61b0-0003-ef2c-4d82b061d801}" RelatedActivityID=""></Correlation>
<Execution ProcessID="3236" ThreadID="4736"></Execution>
<Channel>Microsoft-Windows-AppXDeploymentServer/Operational</Channel>
<Computer>WIN-GE1PLB8KFNS</Computer>
<Security UserID="S-1-5-18"></Security>
</System>
<EventData><Data Name="DeploymentOperation">12</Data>
<Data Name="PackageFullName">Microsoft.Windows.SecureAssessmentBrowser_10.0.22000.1_neutral_neutral_cw5n1h2txyewy</Data>
<Data Name="UserSid">S-1-5-18</Data>
<Data Name="CallingProcess">NULL</Data>
</EventData>
</Event>

<Event xmlns="http://schemas.microsoft.com/win/2004/08/events/event"><System><Provider Name="Microsoft-Windows-AppXDeployment-Server" Guid="{3f471139-acb7-4a01-b7a7-ff5da4ba2d43}"></Provider>
<EventID Qualifiers="">854</EventID>
<Version>0</Version>
<Level>4</Level>
<Task>3</Task>
<Opcode>0</Opcode>
<Keywords>0x4000000000000001</Keywords>
<TimeCreated SystemTime="2022-05-07 01:19:59.636093"></TimeCreated>
<EventRecordID>115</EventRecordID>
<Correlation ActivityID="{824d2842-61b0-0003-ef2c-4d82b061d801}" RelatedActivityID=""></Correlation>
<Execution ProcessID="3236" ThreadID="4736"></Execution>
<Channel>Microsoft-Windows-AppXDeploymentServer/Operational</Channel>
<Computer>WIN-GE1PLB8KFNS</Computer>
<Security UserID="S-1-5-18"></Security>
</System>
<EventData><Data Name="Path"> C:\Windows\SystemApps\Microsoft.Windows.SecureAssessmentBrowser_cw5n1h2txyewy\AppxManifest.xml</Data>
</EventData>
</Event>

<Event xmlns="http://schemas.microsoft.com/win/2004/08/events/event"><System><Provider Name="Microsoft-Windows-AppXDeployment-Server" Guid="{3f471139-acb7-4a01-b7a7-ff5da4ba2d43}"></Provider>
<EventID Qualifiers="">400</EventID>
<Version>0</Version>
<Level>4</Level>
<Task>3</Task>
<Opcode>2</Opcode>
<Keywords>0x4000000000000001</Keywords>
<TimeCreated SystemTime="2022-05-07 01:19:59.757378"></TimeCreated>
<EventRecordID>116</EventRecordID>
<Correlation ActivityID="{824d2842-61b0-0003-ef2c-4d82b061d801}" RelatedActivityID=""></Correlation>
<Execution ProcessID="3236" ThreadID="4736"></Execution>
<Channel>Microsoft-Windows-AppXDeploymentServer/Operational</Channel>
<Computer>WIN-GE1PLB8KFNS</Computer>
<Security UserID="S-1-5-18"></Security>
</System>
<EventData><Data Name="DeploymentOperation">12</Data>
<Data Name="PackageFullName">Microsoft.Windows.SecureAssessmentBrowser_10.0.22000.1_neutral_neutral_cw5n1h2txyewy</Data>
<Data Name="Path"> </Data>
<Data Name="MountPoint">C:</Data>
<Data Name="TargetPlatform">0x00000000</Data>
<Data Name="SystemVolume">True</Data>
<Data Name="StorageId">\\?\Volume{bf27b24f-9e98-4395-9110-325985ded282}</Data>
<Data Name="IsCentennial">False</Data>
<Data Name="PackageType">0x00000001</Data>
<Data Name="IsPackageEncrypted">False</Data>
<Data Name="DeploymentOptions">0x0000000030000020</Data>
<Data Name="IsStreamingPackage">False</Data>
<Data Name="IsInRelatedSet">False</Data>
<Data Name="IsPackageUsingBDC">False</Data>
<Data Name="MainPackageFamilyName">NULL</Data>
<Data Name="CallingProcess"></Data>
<Data Name="IsOptional">False</Data>
<Data Name="PackageFlags">0x00000008</Data>
<Data Name="PackageFlags2">0x00000800</Data>
<Data Name="HasWin32alacarte">False</Data>
<Data Name="HasFullTrust">False</Data>
<Data Name="ExternalLocation"></Data>
<Data Name="PackageSourceUri"></Data>
<Data Name="PackageDisplayName">ms-resource:PackageDisplayName</Data>
</EventData>
</Event>

<Event xmlns="http://schemas.microsoft.com/win/2004/08/events/event"><System><Provider Name="Microsoft-Windows-AppXDeployment-Server" Guid="{3f471139-acb7-4a01-b7a7-ff5da4ba2d43}"></Provider>
<EventID Qualifiers="">633</EventID>
<Version>0</Version>
<Level>4</Level>
<Task>3</Task>
<Opcode>0</Opcode>
<Keywords>0x4000000000000001</Keywords>
<TimeCreated SystemTime="2022-05-07 01:19:59.866568"></TimeCreated>
<EventRecordID>117</EventRecordID>
<Correlation ActivityID="{824d2842-61b0-0003-ef2c-4d82b061d801}" RelatedActivityID=""></Correlation>
<Execution ProcessID="3236" ThreadID="3268"></Execution>
<Channel>Microsoft-Windows-AppXDeploymentServer/Operational</Channel>
<Computer>WIN-GE1PLB8KFNS</Computer>
<Security UserID="S-1-5-18"></Security>
</System>
<EventData><Data Name="PackageFullName">Microsoft.Windows.ShellExperienceHost_10.0.22000.71_neutral_neutral_cw5n1h2txyewy</Data>
<Data Name="IsInstalled">False</Data>
</EventData>
</Event>

<Event xmlns="http://schemas.microsoft.com/win/2004/08/events/event"><System><Provider Name="Microsoft-Windows-AppXDeployment-Server" Guid="{3f471139-acb7-4a01-b7a7-ff5da4ba2d43}"></Provider>
<EventID Qualifiers="">607</EventID>
<Version>0</Version>
<Level>4</Level>
<Task>0</Task>
<Opcode>0</Opcode>
<Keywords>0x4000000000000001</Keywords>
<TimeCreated SystemTime="2022-05-07 01:19:59.867037"></TimeCreated>
<EventRecordID>118</EventRecordID>
<Correlation ActivityID="{824d2842-61b0-0003-ef2c-4d82b061d801}" RelatedActivityID=""></Correlation>
<Execution ProcessID="3236" ThreadID="4736"></Execution>
<Channel>Microsoft-Windows-AppXDeploymentServer/Operational</Channel>
<Computer>WIN-GE1PLB8KFNS</Computer>
<Security UserID="S-1-5-18"></Security>
</System>
<EventData><Data Name="DeploymentOperation">12</Data>
<Data Name="PackageFullName">Microsoft.Windows.ShellExperienceHost_10.0.22000.71_neutral_neutral_cw5n1h2txyewy</Data>
<Data Name="UserSid">S-1-5-18</Data>
<Data Name="CallingProcess">NULL</Data>
</EventData>
</Event>

<Event xmlns="http://schemas.microsoft.com/win/2004/08/events/event"><System><Provider Name="Microsoft-Windows-AppXDeployment-Server" Guid="{3f471139-acb7-4a01-b7a7-ff5da4ba2d43}"></Provider>
<EventID Qualifiers="">854</EventID>
<Version>0</Version>
<Level>4</Level>
<Task>3</Task>
<Opcode>0</Opcode>
<Keywords>0x4000000000000001</Keywords>
<TimeCreated SystemTime="2022-05-07 01:19:59.927588"></TimeCreated>
<EventRecordID>119</EventRecordID>
<Correlation ActivityID="{824d2842-61b0-0003-ef2c-4d82b061d801}" RelatedActivityID=""></Correlation>
<Execution ProcessID="3236" ThreadID="4736"></Execution>
<Channel>Microsoft-Windows-AppXDeploymentServer/Operational</Channel>
<Computer>WIN-GE1PLB8KFNS</Computer>
<Security UserID="S-1-5-18"></Security>
</System>
<EventData><Data Name="Path"> C:\Windows\SystemApps\ShellExperienceHost_cw5n1h2txyewy\AppxManifest.xml</Data>
</EventData>
</Event>

<Event xmlns="http://schemas.microsoft.com/win/2004/08/events/event"><System><Provider Name="Microsoft-Windows-AppXDeployment-Server" Guid="{3f471139-acb7-4a01-b7a7-ff5da4ba2d43}"></Provider>
<EventID Qualifiers="">400</EventID>
<Version>0</Version>
<Level>4</Level>
<Task>3</Task>
<Opcode>2</Opcode>
<Keywords>0x4000000000000001</Keywords>
<TimeCreated SystemTime="2022-05-07 01:20:00.060633"></TimeCreated>
<EventRecordID>120</EventRecordID>
<Correlation ActivityID="{824d2842-61b0-0003-ef2c-4d82b061d801}" RelatedActivityID=""></Correlation>
<Execution ProcessID="3236" ThreadID="4736"></Execution>
<Channel>Microsoft-Windows-AppXDeploymentServer/Operational</Channel>
<Computer>WIN-GE1PLB8KFNS</Computer>
<Security UserID="S-1-5-18"></Security>
</System>
<EventData><Data Name="DeploymentOperation">12</Data>
<Data Name="PackageFullName">Microsoft.Windows.ShellExperienceHost_10.0.22000.71_neutral_neutral_cw5n1h2txyewy</Data>
<Data Name="Path"> </Data>
<Data Name="MountPoint">C:</Data>
<Data Name="TargetPlatform">0x00000000</Data>
<Data Name="SystemVolume">True</Data>
<Data Name="StorageId">\\?\Volume{bf27b24f-9e98-4395-9110-325985ded282}</Data>
<Data Name="IsCentennial">False</Data>
<Data Name="PackageType">0x00000001</Data>
<Data Name="IsPackageEncrypted">False</Data>
<Data Name="DeploymentOptions">0x0000000030000020</Data>
<Data Name="IsStreamingPackage">False</Data>
<Data Name="IsInRelatedSet">False</Data>
<Data Name="IsPackageUsingBDC">False</Data>
<Data Name="MainPackageFamilyName">NULL</Data>
<Data Name="CallingProcess"></Data>
<Data Name="IsOptional">False</Data>
<Data Name="PackageFlags">0x00000008</Data>
<Data Name="PackageFlags2">0x00000800</Data>
<Data Name="HasWin32alacarte">False</Data>
<Data Name="HasFullTrust">False</Data>
<Data Name="ExternalLocation"></Data>
<Data Name="PackageSourceUri"></Data>
<Data Name="PackageDisplayName">ms-resource:PkgDisplayName</Data>
</EventData>
</Event>

<Event xmlns="http://schemas.microsoft.com/win/2004/08/events/event"><System><Provider Name="Microsoft-Windows-AppXDeployment-Server" Guid="{3f471139-acb7-4a01-b7a7-ff5da4ba2d43}"></Provider>
<EventID Qualifiers="">633</EventID>
<Version>0</Version>
<Level>4</Level>
<Task>3</Task>
<Opcode>0</Opcode>
<Keywords>0x4000000000000001</Keywords>
<TimeCreated SystemTime="2022-05-07 01:20:00.170059"></TimeCreated>
<EventRecordID>121</EventRecordID>
<Correlation ActivityID="{824d2842-61b0-0003-ef2c-4d82b061d801}" RelatedActivityID=""></Correlation>
<Execution ProcessID="3236" ThreadID="3268"></Execution>
<Channel>Microsoft-Windows-AppXDeploymentServer/Operational</Channel>
<Computer>WIN-GE1PLB8KFNS</Computer>
<Security UserID="S-1-5-18"></Security>
</System>
<EventData><Data Name="PackageFullName">Microsoft.Windows.StartMenuExperienceHost_10.0.22000.37_neutral_neutral_cw5n1h2txyewy</Data>
<Data Name="IsInstalled">False</Data>
</EventData>
</Event>

<Event xmlns="http://schemas.microsoft.com/win/2004/08/events/event"><System><Provider Name="Microsoft-Windows-AppXDeployment-Server" Guid="{3f471139-acb7-4a01-b7a7-ff5da4ba2d43}"></Provider>
<EventID Qualifiers="">607</EventID>
<Version>0</Version>
<Level>4</Level>
<Task>0</Task>
<Opcode>0</Opcode>
<Keywords>0x4000000000000001</Keywords>
<TimeCreated SystemTime="2022-05-07 01:20:00.170382"></TimeCreated>
<EventRecordID>122</EventRecordID>
<Correlation ActivityID="{824d2842-61b0-0003-ef2c-4d82b061d801}" RelatedActivityID=""></Correlation>
<Execution ProcessID="3236" ThreadID="4736"></Execution>
<Channel>Microsoft-Windows-AppXDeploymentServer/Operational</Channel>
<Computer>WIN-GE1PLB8KFNS</Computer>
<Security UserID="S-1-5-18"></Security>
</System>
<EventData><Data Name="DeploymentOperation">12</Data>
<Data Name="PackageFullName">Microsoft.Windows.StartMenuExperienceHost_10.0.22000.37_neutral_neutral_cw5n1h2txyewy</Data>
<Data Name="UserSid">S-1-5-18</Data>
<Data Name="CallingProcess">NULL</Data>
</EventData>
</Event>

<Event xmlns="http://schemas.microsoft.com/win/2004/08/events/event"><System><Provider Name="Microsoft-Windows-AppXDeployment-Server" Guid="{3f471139-acb7-4a01-b7a7-ff5da4ba2d43}"></Provider>
<EventID Qualifiers="">854</EventID>
<Version>0</Version>
<Level>4</Level>
<Task>3</Task>
<Opcode>0</Opcode>
<Keywords>0x4000000000000001</Keywords>
<TimeCreated SystemTime="2022-05-07 01:20:00.222851"></TimeCreated>
<EventRecordID>123</EventRecordID>
<Correlation ActivityID="{824d2842-61b0-0003-ef2c-4d82b061d801}" RelatedActivityID=""></Correlation>
<Execution ProcessID="3236" ThreadID="4736"></Execution>
<Channel>Microsoft-Windows-AppXDeploymentServer/Operational</Channel>
<Computer>WIN-GE1PLB8KFNS</Computer>
<Security UserID="S-1-5-18"></Security>
</System>
<EventData><Data Name="Path"> C:\Windows\SystemApps\Microsoft.Windows.StartMenuExperienceHost_cw5n1h2txyewy\AppxManifest.xml</Data>
</EventData>
</Event>

