<Event xmlns="http://schemas.microsoft.com/win/2004/08/events/event"><System><Provider Name="Microsoft-Windows-AppXDeployment-Server" Guid="{3f471139-acb7-4a01-b7a7-ff5da4ba2d43}"></Provider>
<EventID Qualifiers="">854</EventID>
<Version>0</Version>
<Level>4</Level>
<Task>3</Task>
<Opcode>0</Opcode>
<Keywords>0x4000000000000001</Keywords>
<TimeCreated SystemTime="2022-05-07 01:20:03.923656"></TimeCreated>
<EventRecordID>190</EventRecordID>
<Correlation ActivityID="{824d2842-61b0-0003-da31-4d82b061d801}" RelatedActivityID=""></Correlation>
<Execution ProcessID="3236" ThreadID="4736"></Execution>
<Channel>Microsoft-Windows-AppXDeploymentServer/Operational</Channel>
<Computer>WIN-GE1PLB8KFNS</Computer>
<Security UserID="S-1-5-18"></Security>
</System>
<EventData><Data Name="Path"> C:\Program Files\WindowsApps\microsoft.gamingapp_2021.427.138.0_neutral_~_8wekyb3d8bbwe\AppxMetadata\AppxBundleManifest.xml C:\Program Files\WindowsApps\Microsoft.GamingApp_2105.900.24.0_x64__8wekyb3d8bbwe\AppxManifest.xml C:\Program Files\WindowsApps\Microsoft.GamingApp_2105.900.24.0_neutral_split.scale-100_8wekyb3d8bbwe\AppxManifest.xml C:\Program Files\WindowsApps\Microsoft.GamingApp_2105.900.24.0_neutral_split.scale-125_8wekyb3d8bbwe\AppxManifest.xml</Data>
</EventData>
</Event>

<Event xmlns="http://schemas.microsoft.com/win/2004/08/events/event"><System><Provider Name="Microsoft-Windows-AppXDeployment-Server" Guid="{3f471139-acb7-4a01-b7a7-ff5da4ba2d43}"></Provider>
<EventID Qualifiers="">8100</EventID>
<Version>0</Version>
<Level>5</Level>
<Task>49</Task>
<Opcode>0</Opcode>
<Keywords>0x4000000000000001</Keywords>
<TimeCreated SystemTime="2022-05-07 01:20:04.175474"></TimeCreated>
<EventRecordID>191</EventRecordID>
<Correlation ActivityID="{824d2842-61b0-0003-da31-4d82b061d801}" RelatedActivityID=""></Correlation>
<Execution ProcessID="3236" ThreadID="4736"></Execution>
<Channel>Microsoft-Windows-AppXDeploymentServer/Operational</Channel>
<Computer>WIN-GE1PLB8KFNS</Computer>
<Security UserID="S-1-5-18"></Security>
</System>
<EventData><Data Name="PackageFullName">Microsoft.GamingApp_2021.427.138.0_neutral_~_8wekyb3d8bbwe</Data>
<Data Name="Flags">0x00000620</Data>
</EventData>
</Event>

<Event xmlns="http://schemas.microsoft.com/win/2004/08/events/event"><System><Provider Name="Microsoft-Windows-AppXDeployment-Server" Guid="{3f471139-acb7-4a01-b7a7-ff5da4ba2d43}"></Provider>
<EventID Qualifiers="">8100</EventID>
<Version>0</Version>
<Level>5</Level>
<Task>49</Task>
<Opcode>0</Opcode>
<Keywords>0x4000000000000001</Keywords>
<TimeCreated SystemTime="2022-05-07 01:20:04.180218"></TimeCreated>
<EventRecordID>192</EventRecordID>
<Correlation ActivityID="{824d2842-61b0-0003-da31-4d82b061d801}" RelatedActivityID=""></Correlation>
<Execution ProcessID="3236" ThreadID="4736"></Execution>
<Channel>Microsoft-Windows-AppXDeploymentServer/Operational</Channel>
<Computer>WIN-GE1PLB8KFNS</Computer>
<Security UserID="S-1-5-18"></Security>
</System>
<EventData><Data Name="PackageFullName">Microsoft.GamingApp_2105.900.24.0_x64__8wekyb3d8bbwe</Data>
<Data Name="Flags">0x00000620</Data>
</EventData>
</Event>

<Event xmlns="http://schemas.microsoft.com/win/2004/08/events/event"><System><Provider Name="Microsoft-Windows-AppXDeployment-Server" Guid="{3f471139-acb7-4a01-b7a7-ff5da4ba2d43}"></Provider>
<EventID Qualifiers="">8100</EventID>
<Version>0</Version>
<Level>5</Level>
<Task>49</Task>
<Opcode>0</Opcode>
<Keywords>0x4000000000000001</Keywords>
<TimeCreated SystemTime="2022-05-07 01:20:04.182850"></TimeCreated>
<EventRecordID>193</EventRecordID>
<Correlation ActivityID="{824d2842-61b0-0003-da31-4d82b061d801}" RelatedActivityID=""></Correlation>
<Execution ProcessID="3236" ThreadID="4736"></Execution>
<Channel>Microsoft-Windows-AppXDeploymentServer/Operational</Channel>
<Computer>WIN-GE1PLB8KFNS</Computer>
<Security UserID="S-1-5-18"></Security>
</System>
<EventData><Data Name="PackageFullName">Microsoft.GamingApp_2105.900.24.0_neutral_split.scale-100_8wekyb3d8bbwe</Data>
<Data Name="Flags">0x00000620</Data>
</EventData>
</Event>

<Event xmlns="http://schemas.microsoft.com/win/2004/08/events/event"><System><Provider Name="Microsoft-Windows-AppXDeployment-Server" Guid="{3f471139-acb7-4a01-b7a7-ff5da4ba2d43}"></Provider>
<EventID Qualifiers="">8100</EventID>
<Version>0</Version>
<Level>5</Level>
<Task>49</Task>
<Opcode>0</Opcode>
<Keywords>0x4000000000000001</Keywords>
<TimeCreated SystemTime="2022-05-07 01:20:04.185829"></TimeCreated>
<EventRecordID>194</EventRecordID>
<Correlation ActivityID="{824d2842-61b0-0003-da31-4d82b061d801}" RelatedActivityID=""></Correlation>
<Execution ProcessID="3236" ThreadID="4736"></Execution>
<Channel>Microsoft-Windows-AppXDeploymentServer/Operational</Channel>
<Computer>WIN-GE1PLB8KFNS</Computer>
<Security UserID="S-1-5-18"></Security>
</System>
<EventData><Data Name="PackageFullName">Microsoft.GamingApp_2105.900.24.0_neutral_split.scale-125_8wekyb3d8bbwe</Data>
<Data Name="Flags">0x00000620</Data>
</EventData>
</Event>

<Event xmlns="http://schemas.microsoft.com/win/2004/08/events/event"><System><Provider Name="Microsoft-Windows-AppXDeployment-Server" Guid="{3f471139-acb7-4a01-b7a7-ff5da4ba2d43}"></Provider>
<EventID Qualifiers="">8106</EventID>
<Version>0</Version>
<Level>5</Level>
<Task>49</Task>
<Opcode>0</Opcode>
<Keywords>0x4000000000000001</Keywords>
<TimeCreated SystemTime="2022-05-07 01:20:04.192299"></TimeCreated>
<EventRecordID>195</EventRecordID>
<Correlation ActivityID="{824d2842-61b0-0003-da31-4d82b061d801}" RelatedActivityID=""></Correlation>
<Execution ProcessID="3236" ThreadID="2220"></Execution>
<Channel>Microsoft-Windows-AppXDeploymentServer/Operational</Channel>
<Computer>WIN-GE1PLB8KFNS</Computer>
<Security UserID="S-1-5-18"></Security>
</System>
<EventData><Data Name="PackageFullName">Microsoft.GamingApp_2105.900.24.0_neutral_split.scale-125_8wekyb3d8bbwe</Data>
<Data Name="Flags">0x00000620</Data>
</EventData>
</Event>

<Event xmlns="http://schemas.microsoft.com/win/2004/08/events/event"><System><Provider Name="Microsoft-Windows-AppXDeployment-Server" Guid="{3f471139-acb7-4a01-b7a7-ff5da4ba2d43}"></Provider>
<EventID Qualifiers="">8101</EventID>
<Version>0</Version>
<Level>5</Level>
<Task>49</Task>
<Opcode>0</Opcode>
<Keywords>0x4000000000000001</Keywords>
<TimeCreated SystemTime="2022-05-07 01:20:04.192312"></TimeCreated>
<EventRecordID>196</EventRecordID>
<Correlation ActivityID="{824d2842-61b0-0003-da31-4d82b061d801}" RelatedActivityID=""></Correlation>
<Execution ProcessID="3236" ThreadID="2220"></Execution>
<Channel>Microsoft-Windows-AppXDeploymentServer/Operational</Channel>
<Computer>WIN-GE1PLB8KFNS</Computer>
<Security UserID="S-1-5-18"></Security>
</System>
<EventData><Data Name="PackageFullName">Microsoft.GamingApp_2105.900.24.0_neutral_split.scale-125_8wekyb3d8bbwe</Data>
<Data Name="Flags">0x00000620</Data>
</EventData>
</Event>

<Event xmlns="http://schemas.microsoft.com/win/2004/08/events/event"><System><Provider Name="Microsoft-Windows-AppXDeployment-Server" Guid="{3f471139-acb7-4a01-b7a7-ff5da4ba2d43}"></Provider>
<EventID Qualifiers="">8105</EventID>
<Version>0</Version>
<Level>5</Level>
<Task>49</Task>
<Opcode>0</Opcode>
<Keywords>0x4000000000000001</Keywords>
<TimeCreated SystemTime="2022-05-07 01:20:04.263363"></TimeCreated>
<EventRecordID>197</EventRecordID>
<Correlation ActivityID="{824d2842-61b0-0003-da31-4d82b061d801}" RelatedActivityID=""></Correlation>
<Execution ProcessID="3236" ThreadID="3124"></Execution>
<Channel>Microsoft-Windows-AppXDeploymentServer/Operational</Channel>
<Computer>WIN-GE1PLB8KFNS</Computer>
<Security UserID="S-1-5-18"></Security>
</System>
<EventData><Data Name="PackageFullName">Microsoft.GamingApp_2021.427.138.0_neutral_~_8wekyb3d8bbwe</Data>
<Data Name="NumberOfFiles">1</Data>
</EventData>
</Event>

<Event xmlns="http://schemas.microsoft.com/win/2004/08/events/event"><System><Provider Name="Microsoft-Windows-AppXDeployment-Server" Guid="{3f471139-acb7-4a01-b7a7-ff5da4ba2d43}"></Provider>
<EventID Qualifiers="">8101</EventID>
<Version>0</Version>
<Level>5</Level>
<Task>49</Task>
<Opcode>0</Opcode>
<Keywords>0x4000000000000001</Keywords>
<TimeCreated SystemTime="2022-05-07 01:20:04.263401"></TimeCreated>
<EventRecordID>198</EventRecordID>
<Correlation ActivityID="{824d2842-61b0-0003-da31-4d82b061d801}" RelatedActivityID=""></Correlation>
<Execution ProcessID="3236" ThreadID="3124"></Execution>
<Channel>Microsoft-Windows-AppXDeploymentServer/Operational</Channel>
<Computer>WIN-GE1PLB8KFNS</Computer>
<Security UserID="S-1-5-18"></Security>
</System>
<EventData><Data Name="PackageFullName">Microsoft.GamingApp_2021.427.138.0_neutral_~_8wekyb3d8bbwe</Data>
<Data Name="Flags">0x00000620</Data>
</EventData>
</Event>

<Event xmlns="http://schemas.microsoft.com/win/2004/08/events/event"><System><Provider Name="Microsoft-Windows-AppXDeployment-Server" Guid="{3f471139-acb7-4a01-b7a7-ff5da4ba2d43}"></Provider>
<EventID Qualifiers="">400</EventID>
<Version>0</Version>
<Level>4</Level>
<Task>3</Task>
<Opcode>2</Opcode>
<Keywords>0x4000000000000001</Keywords>
<TimeCreated SystemTime="2022-05-07 01:20:04.301933"></TimeCreated>
<EventRecordID>199</EventRecordID>
<Correlation ActivityID="{824d2842-61b0-0003-da31-4d82b061d801}" RelatedActivityID=""></Correlation>
<Execution ProcessID="3236" ThreadID="4736"></Execution>
<Channel>Microsoft-Windows-AppXDeploymentServer/Operational</Channel>
<Computer>WIN-GE1PLB8KFNS</Computer>
<Security UserID="S-1-5-18"></Security>
</System>
<EventData><Data Name="DeploymentOperation">12</Data>
<Data Name="PackageFullName">microsoft.gamingapp_2021.427.138.0_neutral_~_8wekyb3d8bbwe</Data>
<Data Name="Path"> </Data>
<Data Name="MountPoint">C:</Data>
<Data Name="TargetPlatform">0x00000003</Data>
<Data Name="SystemVolume">True</Data>
<Data Name="StorageId">\\?\Volume{bf27b24f-9e98-4395-9110-325985ded282}</Data>
<Data Name="IsCentennial">False</Data>
<Data Name="PackageType">0x00000008</Data>
<Data Name="IsPackageEncrypted">False</Data>
<Data Name="DeploymentOptions">0x0000000010020020</Data>
<Data Name="IsStreamingPackage">False</Data>
<Data Name="IsInRelatedSet">False</Data>
<Data Name="IsPackageUsingBDC">False</Data>
<Data Name="MainPackageFamilyName">NULL</Data>
<Data Name="CallingProcess"></Data>
<Data Name="IsOptional">False</Data>
<Data Name="PackageFlags">0x00000000</Data>
<Data Name="PackageFlags2">0x00000800</Data>
<Data Name="HasWin32alacarte">False</Data>
<Data Name="HasFullTrust">False</Data>
<Data Name="ExternalLocation"></Data>
<Data Name="PackageSourceUri"></Data>
<Data Name="PackageDisplayName"> </Data>
</EventData>
</Event>

<Event xmlns="http://schemas.microsoft.com/win/2004/08/events/event"><System><Provider Name="Microsoft-Windows-AppXDeployment-Server" Guid="{3f471139-acb7-4a01-b7a7-ff5da4ba2d43}"></Provider>
<EventID Qualifiers="">478</EventID>
<Version>0</Version>
<Level>5</Level>
<Task>3</Task>
<Opcode>0</Opcode>
<Keywords>0x4000000000000001</Keywords>
<TimeCreated SystemTime="2022-05-07 01:20:04.305248"></TimeCreated>
<EventRecordID>200</EventRecordID>
<Correlation ActivityID="{824d2842-61b0-0003-da31-4d82b061d801}" RelatedActivityID=""></Correlation>
<Execution ProcessID="3236" ThreadID="4736"></Execution>
<Channel>Microsoft-Windows-AppXDeploymentServer/Operational</Channel>
<Computer>WIN-GE1PLB8KFNS</Computer>
<Security UserID="S-1-5-18"></Security>
</System>
<EventData><Data Name="DeploymentOperation">12</Data>
<Data Name="PackageFullName">Microsoft.GamingApp_2105.900.24.0_x64__8wekyb3d8bbwe</Data>
<Data Name="Path"> </Data>
<Data Name="MountPoint">C:</Data>
<Data Name="TargetPlatform">0x00000003</Data>
<Data Name="SystemVolume">True</Data>
<Data Name="StorageId">\\?\Volume{bf27b24f-9e98-4395-9110-325985ded282}</Data>
<Data Name="IsCentennial">False</Data>
<Data Name="PackageType">0x00000001</Data>
<Data Name="IsPackageEncrypted">False</Data>
<Data Name="DeploymentOptions">0x0000000010020020</Data>
<Data Name="IsStreamingPackage">False</Data>
<Data Name="IsInRelatedSet">False</Data>
<Data Name="IsPackageUsingBDC">False</Data>
<Data Name="MainPackageFamilyName">NULL</Data>
<Data Name="CallingProcess"></Data>
<Data Name="IsOptional">False</Data>
<Data Name="PackageFlags">0x00000008</Data>
<Data Name="PackageFlags2">0x00000800</Data>
<Data Name="HasWin32alacarte">False</Data>
<Data Name="HasFullTrust">False</Data>
<Data Name="ExternalLocation"></Data>
<Data Name="PackageSourceUri"></Data>
<Data Name="PackageDisplayName">Xbox</Data>
</EventData>
</Event>

<Event xmlns="http://schemas.microsoft.com/win/2004/08/events/event"><System><Provider Name="Microsoft-Windows-AppXDeployment-Server" Guid="{3f471139-acb7-4a01-b7a7-ff5da4ba2d43}"></Provider>
<EventID Qualifiers="">8105</EventID>
<Version>0</Version>
<Level>5</Level>
<Task>49</Task>
<Opcode>0</Opcode>
<Keywords>0x4000000000000001</Keywords>
<TimeCreated SystemTime="2022-05-07 01:20:04.370333"></TimeCreated>
<EventRecordID>201</EventRecordID>
<Correlation ActivityID="{824d2842-61b0-0002-db2c-4d82b061d801}" RelatedActivityID=""></Correlation>
<Execution ProcessID="3236" ThreadID="4588"></Execution>
<Channel>Microsoft-Windows-AppXDeploymentServer/Operational</Channel>
<Computer>WIN-GE1PLB8KFNS</Computer>
<Security UserID="S-1-5-18"></Security>
</System>
<EventData><Data Name="PackageFullName">Microsoft.549981C3F5F10_4.2203.4603.0_x64__8wekyb3d8bbwe</Data>
<Data Name="NumberOfFiles">101</Data>
</EventData>
</Event>

<Event xmlns="http://schemas.microsoft.com/win/2004/08/events/event"><System><Provider Name="Microsoft-Windows-AppXDeployment-Server" Guid="{3f471139-acb7-4a01-b7a7-ff5da4ba2d43}"></Provider>
<EventID Qualifiers="">8101</EventID>
<Version>0</Version>
<Level>5</Level>
<Task>49</Task>
<Opcode>0</Opcode>
<Keywords>0x4000000000000001</Keywords>
<TimeCreated SystemTime="2022-05-07 01:20:04.370995"></TimeCreated>
<EventRecordID>202</EventRecordID>
<Correlation ActivityID="{824d2842-61b0-0002-db2c-4d82b061d801}" RelatedActivityID=""></Correlation>
<Execution ProcessID="3236" ThreadID="4588"></Execution>
<Channel>Microsoft-Windows-AppXDeploymentServer/Operational</Channel>
<Computer>WIN-GE1PLB8KFNS</Computer>
<Security UserID="S-1-5-18"></Security>
</System>
<EventData><Data Name="PackageFullName">Microsoft.549981C3F5F10_4.2203.4603.0_x64__8wekyb3d8bbwe</Data>
<Data Name="Flags">0x00000620</Data>
</EventData>
</Event>

<Event xmlns="http://schemas.microsoft.com/win/2004/08/events/event"><System><Provider Name="Microsoft-Windows-AppXDeployment-Server" Guid="{3f471139-acb7-4a01-b7a7-ff5da4ba2d43}"></Provider>
<EventID Qualifiers="">635</EventID>
<Version>0</Version>
<Level>4</Level>
<Task>3</Task>
<Opcode>0</Opcode>
<Keywords>0x4000000000000001</Keywords>
<TimeCreated SystemTime="2022-05-07 01:20:04.372183"></TimeCreated>
<EventRecordID>203</EventRecordID>
<Correlation ActivityID="{824d2842-61b0-0003-da31-4d82b061d801}" RelatedActivityID=""></Correlation>
<Execution ProcessID="3236" ThreadID="3268"></Execution>
<Channel>Microsoft-Windows-AppXDeploymentServer/Operational</Channel>
<Computer>WIN-GE1PLB8KFNS</Computer>
<Security UserID="S-1-5-18"></Security>
</System>
<EventData><Data Name="PackageFullName">microsoft.gamingapp_2021.427.138.0_neutral_~_8wekyb3d8bbwe</Data>
<Data Name="Flags">1</Data>
<Data Name="HResult">0x00000000</Data>
</EventData>
</Event>

<Event xmlns="http://schemas.microsoft.com/win/2004/08/events/event"><System><Provider Name="Microsoft-Windows-AppXDeployment-Server" Guid="{3f471139-acb7-4a01-b7a7-ff5da4ba2d43}"></Provider>
<EventID Qualifiers="">633</EventID>
<Version>0</Version>
<Level>4</Level>
<Task>3</Task>
<Opcode>0</Opcode>
<Keywords>0x4000000000000001</Keywords>
<TimeCreated SystemTime="2022-05-07 01:20:04.372747"></TimeCreated>
<EventRecordID>204</EventRecordID>
<Correlation ActivityID="{824d2842-61b0-0003-ed31-4d82b061d801}" RelatedActivityID=""></Correlation>
<Execution ProcessID="3236" ThreadID="3268"></Execution>
<Channel>Microsoft-Windows-AppXDeploymentServer/Operational</Channel>
<Computer>WIN-GE1PLB8KFNS</Computer>
<Security UserID="S-1-5-18"></Security>
</System>
<EventData><Data Name="PackageFullName">microsoft.heifimageextension_1.0.43012.0_x64__8wekyb3d8bbwe</Data>
<Data Name="IsInstalled">False</Data>
</EventData>
</Event>

<Event xmlns="http://schemas.microsoft.com/win/2004/08/events/event"><System><Provider Name="Microsoft-Windows-AppXDeployment-Server" Guid="{3f471139-acb7-4a01-b7a7-ff5da4ba2d43}"></Provider>
<EventID Qualifiers="">607</EventID>
<Version>0</Version>
<Level>4</Level>
<Task>0</Task>
<Opcode>0</Opcode>
<Keywords>0x4000000000000001</Keywords>
<TimeCreated SystemTime="2022-05-07 01:20:04.373301"></TimeCreated>
<EventRecordID>205</EventRecordID>
<Correlation ActivityID="{824d2842-61b0-0003-ed31-4d82b061d801}" RelatedActivityID=""></Correlation>
<Execution ProcessID="3236" ThreadID="4736"></Execution>
<Channel>Microsoft-Windows-AppXDeploymentServer/Operational</Channel>
<Computer>WIN-GE1PLB8KFNS</Computer>
<Security UserID="S-1-5-18"></Security>
</System>
<EventData><Data Name="DeploymentOperation">12</Data>
<Data Name="PackageFullName">microsoft.heifimageextension_1.0.43012.0_x64__8wekyb3d8bbwe</Data>
<Data Name="UserSid">S-1-5-18</Data>
<Data Name="CallingProcess">NULL</Data>
</EventData>
</Event>

<Event xmlns="http://schemas.microsoft.com/win/2004/08/events/event"><System><Provider Name="Microsoft-Windows-AppXDeployment-Server" Guid="{3f471139-acb7-4a01-b7a7-ff5da4ba2d43}"></Provider>
<EventID Qualifiers="">8105</EventID>
<Version>0</Version>
<Level>5</Level>
<Task>49</Task>
<Opcode>0</Opcode>
<Keywords>0x4000000000000001</Keywords>
<TimeCreated SystemTime="2022-05-07 01:20:04.405880"></TimeCreated>
<EventRecordID>206</EventRecordID>
<Correlation ActivityID="{824d2842-61b0-0003-da31-4d82b061d801}" RelatedActivityID=""></Correlation>
<Execution ProcessID="3236" ThreadID="2436"></Execution>
<Channel>Microsoft-Windows-AppXDeploymentServer/Operational</Channel>
<Computer>WIN-GE1PLB8KFNS</Computer>
<Security UserID="S-1-5-18"></Security>
</System>
<EventData><Data Name="PackageFullName">Microsoft.GamingApp_2105.900.24.0_neutral_split.scale-100_8wekyb3d8bbwe</Data>
<Data Name="NumberOfFiles">28</Data>
</EventData>
</Event>

<Event xmlns="http://schemas.microsoft.com/win/2004/08/events/event"><System><Provider Name="Microsoft-Windows-AppXDeployment-Server" Guid="{3f471139-acb7-4a01-b7a7-ff5da4ba2d43}"></Provider>
<EventID Qualifiers="">8101</EventID>
<Version>0</Version>
<Level>5</Level>
<Task>49</Task>
<Opcode>0</Opcode>
<Keywords>0x4000000000000001</Keywords>
<TimeCreated SystemTime="2022-05-07 01:20:04.405983"></TimeCreated>
<EventRecordID>207</EventRecordID>
<Correlation ActivityID="{824d2842-61b0-0003-da31-4d82b061d801}" RelatedActivityID=""></Correlation>
<Execution ProcessID="3236" ThreadID="2436"></Execution>
<Channel>Microsoft-Windows-AppXDeploymentServer/Operational</Channel>
<Computer>WIN-GE1PLB8KFNS</Computer>
<Security UserID="S-1-5-18"></Security>
</System>
<EventData><Data Name="PackageFullName">Microsoft.GamingApp_2105.900.24.0_neutral_split.scale-100_8wekyb3d8bbwe</Data>
<Data Name="Flags">0x00000620</Data>
</EventData>
</Event>

<Event xmlns="http://schemas.microsoft.com/win/2004/08/events/event"><System><Provider Name="Microsoft-Windows-AppXDeployment-Server" Guid="{3f471139-acb7-4a01-b7a7-ff5da4ba2d43}"></Provider>
<EventID Qualifiers="">8105</EventID>
<Version>0</Version>
<Level>5</Level>
<Task>49</Task>
<Opcode>0</Opcode>
<Keywords>0x4000000000000001</Keywords>
<TimeCreated SystemTime="2022-05-07 01:20:04.420889"></TimeCreated>
<EventRecordID>208</EventRecordID>
<Correlation ActivityID="{824d2842-61b0-0003-da31-4d82b061d801}" RelatedActivityID=""></Correlation>
<Execution ProcessID="3236" ThreadID="3128"></Execution>
<Channel>Microsoft-Windows-AppXDeploymentServer/Operational</Channel>
<Computer>WIN-GE1PLB8KFNS</Computer>
<Security UserID="S-1-5-18"></Security>
</System>
<EventData><Data Name="PackageFullName">Microsoft.GamingApp_2105.900.24.0_x64__8wekyb3d8bbwe</Data>
<Data Name="NumberOfFiles">32</Data>
</EventData>
</Event>

<Event xmlns="http://schemas.microsoft.com/win/2004/08/events/event"><System><Provider Name="Microsoft-Windows-AppXDeployment-Server" Guid="{3f471139-acb7-4a01-b7a7-ff5da4ba2d43}"></Provider>
<EventID Qualifiers="">8101</EventID>
<Version>0</Version>
<Level>5</Level>
<Task>49</Task>
<Opcode>0</Opcode>
<Keywords>0x4000000000000001</Keywords>
<TimeCreated SystemTime="2022-05-07 01:20:04.421003"></TimeCreated>
<EventRecordID>209</EventRecordID>
<Correlation ActivityID="{824d2842-61b0-0003-da31-4d82b061d801}" RelatedActivityID=""></Correlation>
<Execution ProcessID="3236" ThreadID="3128"></Execution>
<Channel>Microsoft-Windows-AppXDeploymentServer/Operational</Channel>
<Computer>WIN-GE1PLB8KFNS</Computer>
<Security UserID="S-1-5-18"></Security>
</System>
<EventData><Data Name="PackageFullName">Microsoft.GamingApp_2105.900.24.0_x64__8wekyb3d8bbwe</Data>
<Data Name="Flags">0x00000620</Data>
</EventData>
</Event>

<Event xmlns="http://schemas.microsoft.com/win/2004/08/events/event"><System><Provider Name="Microsoft-Windows-AppXDeployment-Server" Guid="{3f471139-acb7-4a01-b7a7-ff5da4ba2d43}"></Provider>
<EventID Qualifiers="">854</EventID>
<Version>0</Version>
<Level>4</Level>
<Task>3</Task>
<Opcode>0</Opcode>
<Keywords>0x4000000000000001</Keywords>
<TimeCreated SystemTime="2022-05-07 01:20:04.448580"></TimeCreated>
<EventRecordID>210</EventRecordID>
<Correlation ActivityID="{824d2842-61b0-0003-ed31-4d82b061d801}" RelatedActivityID=""></Correlation>
<Execution ProcessID="3236" ThreadID="4736"></Execution>
<Channel>Microsoft-Windows-AppXDeploymentServer/Operational</Channel>
<Computer>WIN-GE1PLB8KFNS</Computer>
<Security UserID="S-1-5-18"></Security>
</System>
<EventData><Data Name="Path"> C:\Program Files\WindowsApps\microsoft.heifimageextension_1.0.43012.0_x64__8wekyb3d8bbwe\AppxManifest.xml</Data>
</EventData>
</Event>

<Event xmlns="http://schemas.microsoft.com/win/2004/08/events/event"><System><Provider Name="Microsoft-Windows-AppXDeployment-Server" Guid="{3f471139-acb7-4a01-b7a7-ff5da4ba2d43}"></Provider>
<EventID Qualifiers="">8105</EventID>
<Version>0</Version>
<Level>5</Level>
<Task>49</Task>
<Opcode>0</Opcode>
<Keywords>0x4000000000000001</Keywords>
<TimeCreated SystemTime="2022-05-07 01:20:04.471476"></TimeCreated>
<EventRecordID>211</EventRecordID>
<Correlation ActivityID="{824d2842-61b0-0003-c531-4d82b061d801}" RelatedActivityID=""></Correlation>
<Execution ProcessID="3236" ThreadID="3100"></Execution>
<Channel>Microsoft-Windows-AppXDeploymentServer/Operational</Channel>
<Computer>WIN-GE1PLB8KFNS</Computer>
<Security UserID="S-1-5-18"></Security>
</System>
<EventData><Data Name="PackageFullName">Microsoft.DesktopAppInstaller_1.17.10271.0_x64__8wekyb3d8bbwe</Data>
<Data Name="NumberOfFiles">121</Data>
</EventData>
</Event>

<Event xmlns="http://schemas.microsoft.com/win/2004/08/events/event"><System><Provider Name="Microsoft-Windows-AppXDeployment-Server" Guid="{3f471139-acb7-4a01-b7a7-ff5da4ba2d43}"></Provider>
<EventID Qualifiers="">8101</EventID>
<Version>0</Version>
<Level>5</Level>
<Task>49</Task>
<Opcode>0</Opcode>
<Keywords>0x4000000000000001</Keywords>
<TimeCreated SystemTime="2022-05-07 01:20:04.471783"></TimeCreated>
<EventRecordID>212</EventRecordID>
<Correlation ActivityID="{824d2842-61b0-0003-c531-4d82b061d801}" RelatedActivityID=""></Correlation>
<Execution ProcessID="3236" ThreadID="3100"></Execution>
<Channel>Microsoft-Windows-AppXDeploymentServer/Operational</Channel>
<Computer>WIN-GE1PLB8KFNS</Computer>
<Security UserID="S-1-5-18"></Security>
</System>
<EventData><Data Name="PackageFullName">Microsoft.DesktopAppInstaller_1.17.10271.0_x64__8wekyb3d8bbwe</Data>
<Data Name="Flags">0x00000620</Data>
</EventData>
</Event>

<Event xmlns="http://schemas.microsoft.com/win/2004/08/events/event"><System><Provider Name="Microsoft-Windows-AppXDeployment-Server" Guid="{3f471139-acb7-4a01-b7a7-ff5da4ba2d43}"></Provider>
<EventID Qualifiers="">8100</EventID>
<Version>0</Version>
<Level>5</Level>
<Task>49</Task>
<Opcode>0</Opcode>
<Keywords>0x4000000000000001</Keywords>
<TimeCreated SystemTime="2022-05-07 01:20:04.487556"></TimeCreated>
<EventRecordID>213</EventRecordID>
<Correlation ActivityID="{824d2842-61b0-0003-ed31-4d82b061d801}" RelatedActivityID=""></Correlation>
<Execution ProcessID="3236" ThreadID="4736"></Execution>
<Channel>Microsoft-Windows-AppXDeploymentServer/Operational</Channel>
<Computer>WIN-GE1PLB8KFNS</Computer>
<Security UserID="S-1-5-18"></Security>
</System>
<EventData><Data Name="PackageFullName">Microsoft.HEIFImageExtension_1.0.43012.0_x64__8wekyb3d8bbwe</Data>
<Data Name="Flags">0x00000620</Data>
</EventData>
</Event>

<Event xmlns="http://schemas.microsoft.com/win/2004/08/events/event"><System><Provider Name="Microsoft-Windows-AppXDeployment-Server" Guid="{3f471139-acb7-4a01-b7a7-ff5da4ba2d43}"></Provider>
<EventID Qualifiers="">400</EventID>
<Version>0</Version>
<Level>4</Level>
<Task>3</Task>
<Opcode>2</Opcode>
<Keywords>0x4000000000000001</Keywords>
<TimeCreated SystemTime="2022-05-07 01:20:04.553974"></TimeCreated>
<EventRecordID>214</EventRecordID>
<Correlation ActivityID="{824d2842-61b0-0003-ed31-4d82b061d801}" RelatedActivityID=""></Correlation>
<Execution ProcessID="3236" ThreadID="4736"></Execution>
<Channel>Microsoft-Windows-AppXDeploymentServer/Operational</Channel>
<Computer>WIN-GE1PLB8KFNS</Computer>
<Security UserID="S-1-5-18"></Security>
</System>
<EventData><Data Name="DeploymentOperation">12</Data>
<Data Name="PackageFullName">microsoft.heifimageextension_1.0.43012.0_x64__8wekyb3d8bbwe</Data>
<Data Name="Path"> </Data>
<Data Name="MountPoint">C:</Data>
<Data Name="TargetPlatform">0x00000000</Data>
<Data Name="SystemVolume">True</Data>
<Data Name="StorageId">\\?\Volume{bf27b24f-9e98-4395-9110-325985ded282}</Data>
<Data Name="IsCentennial">False</Data>
<Data Name="PackageType">0x00000001</Data>
<Data Name="IsPackageEncrypted">False</Data>
<Data Name="DeploymentOptions">0x0000000010020020</Data>
<Data Name="IsStreamingPackage">False</Data>
<Data Name="IsInRelatedSet">False</Data>
<Data Name="IsPackageUsingBDC">False</Data>
<Data Name="MainPackageFamilyName">NULL</Data>
<Data Name="CallingProcess"></Data>
<Data Name="IsOptional">False</Data>
<Data Name="PackageFlags">0x08000008</Data>
<Data Name="PackageFlags2">0x00000800</Data>
<Data Name="HasWin32alacarte">False</Data>
<Data Name="HasFullTrust">False</Data>
<Data Name="ExternalLocation"></Data>
<Data Name="PackageSourceUri"></Data>
<Data Name="PackageDisplayName">ms-resource:AppStoreName</Data>
</EventData>
</Event>

<Event xmlns="http://schemas.microsoft.com/win/2004/08/events/event"><System><Provider Name="Microsoft-Windows-AppXDeployment-Server" Guid="{3f471139-acb7-4a01-b7a7-ff5da4ba2d43}"></Provider>
<EventID Qualifiers="">635</EventID>
<Version>0</Version>
<Level>4</Level>
<Task>3</Task>
<Opcode>0</Opcode>
<Keywords>0x4000000000000001</Keywords>
<TimeCreated SystemTime="2022-05-07 01:20:04.591360"></TimeCreated>
<EventRecordID>215</EventRecordID>
<Correlation ActivityID="{824d2842-61b0-0003-ed31-4d82b061d801}" RelatedActivityID=""></Correlation>
<Execution ProcessID="3236" ThreadID="3268"></Execution>
<Channel>Microsoft-Windows-AppXDeploymentServer/Operational</Channel>
<Computer>WIN-GE1PLB8KFNS</Computer>
<Security UserID="S-1-5-18"></Security>
</System>
<EventData><Data Name="PackageFullName">microsoft.heifimageextension_1.0.43012.0_x64__8wekyb3d8bbwe</Data>
<Data Name="Flags">1</Data>
<Data Name="HResult">0x00000000</Data>
</EventData>
</Event>

<Event xmlns="http://schemas.microsoft.com/win/2004/08/events/event"><System><Provider Name="Microsoft-Windows-AppXDeployment-Server" Guid="{3f471139-acb7-4a01-b7a7-ff5da4ba2d43}"></Provider>
<EventID Qualifiers="">633</EventID>
<Version>0</Version>
<Level>4</Level>
<Task>3</Task>
<Opcode>0</Opcode>
<Keywords>0x4000000000000001</Keywords>
<TimeCreated SystemTime="2022-05-07 01:20:04.591759"></TimeCreated>
<EventRecordID>216</EventRecordID>
<Correlation ActivityID="{824d2842-61b0-0000-df2b-4d82b061d801}" RelatedActivityID=""></Correlation>
<Execution ProcessID="3236" ThreadID="3268"></Execution>
<Channel>Microsoft-Windows-AppXDeploymentServer/Operational</Channel>
<Computer>WIN-GE1PLB8KFNS</Computer>
<Security UserID="S-1-5-18"></Security>
</System>
<EventData><Data Name="PackageFullName">microsoft.microsoftstickynotes_4.1.2.0_neutral_~_8wekyb3d8bbwe</Data>
<Data Name="IsInstalled">False</Data>
</EventData>
</Event>

<Event xmlns="http://schemas.microsoft.com/win/2004/08/events/event"><System><Provider Name="Microsoft-Windows-AppXDeployment-Server" Guid="{3f471139-acb7-4a01-b7a7-ff5da4ba2d43}"></Provider>
<EventID Qualifiers="">607</EventID>
<Version>0</Version>
<Level>4</Level>
<Task>0</Task>
<Opcode>0</Opcode>
<Keywords>0x4000000000000001</Keywords>
<TimeCreated SystemTime="2022-05-07 01:20:04.592743"></TimeCreated>
<EventRecordID>217</EventRecordID>
<Correlation ActivityID="{824d2842-61b0-0000-df2b-4d82b061d801}" RelatedActivityID=""></Correlation>
<Execution ProcessID="3236" ThreadID="4736"></Execution>
<Channel>Microsoft-Windows-AppXDeploymentServer/Operational</Channel>
<Computer>WIN-GE1PLB8KFNS</Computer>
<Security UserID="S-1-5-18"></Security>
</System>
<EventData><Data Name="DeploymentOperation">12</Data>
<Data Name="PackageFullName">microsoft.microsoftstickynotes_4.1.2.0_neutral_~_8wekyb3d8bbwe</Data>
<Data Name="UserSid">S-1-5-18</Data>
<Data Name="CallingProcess">NULL</Data>
</EventData>
</Event>

<Event xmlns="http://schemas.microsoft.com/win/2004/08/events/event"><System><Provider Name="Microsoft-Windows-AppXDeployment-Server" Guid="{3f471139-acb7-4a01-b7a7-ff5da4ba2d43}"></Provider>
<EventID Qualifiers="">614</EventID>
<Version>0</Version>
<Level>5</Level>
<Task>3</Task>
<Opcode>0</Opcode>
<Keywords>0x4000000000000001</Keywords>
<TimeCreated SystemTime="2022-05-07 01:20:04.689674"></TimeCreated>
<EventRecordID>218</EventRecordID>
<Correlation ActivityID="{824d2842-61b0-0000-df2b-4d82b061d801}" RelatedActivityID=""></Correlation>
<Execution ProcessID="3236" ThreadID="4736"></Execution>
<Channel>Microsoft-Windows-AppXDeploymentServer/Operational</Channel>
<Computer>WIN-GE1PLB8KFNS</Computer>
<Security UserID="S-1-5-18"></Security>
</System>
<EventData><Data Name="PathOne">C:\Program Files\WindowsApps\microsoft.microsoftstickynotes_4.1.2.0_neutral_~_8wekyb3d8bbwe\AppxMetadata\AppxBundleManifest.xml</Data>
<Data Name="PathTwo">"AppxMetadata\Stub\StickyNotesStub_4.0.2.0_ARM.msix": Microsoft.MicrosoftStickyNotes_4.0.2.0_arm__8wekyb3d8bbwe "AppxMetadata\Stub\StickyNotesStub_4.0.2.0_language-af.msix": Microsoft.MicrosoftStickyNotes_4.0.2.0_neutral_split.language-af_8wekyb3d8bbwe "AppxMetadata\Stub\StickyNotesStub_4.0.2.0_language-am.msix": Microsoft.MicrosoftStickyNotes_4.0.2.0_neutral_split.language-am_8wekyb3d8bbwe "AppxMetadata\Stub\StickyNotesStub_4.0.2.0_language-ar.msix": Microsoft.MicrosoftStickyNotes_4.0.2.0_neutral_split.language-ar_8wekyb3d8bbwe "AppxMetadata\Stub\StickyNotesStub_4.0.2.0_language-az-latn.msix": Microsoft.MicrosoftStickyNotes_4.0.2.0_neutral_split.language-az-latn_8wekyb3d8bbwe "AppxMetadata\Stub\StickyNotesStub_4.0.2.0_language-be.msix": Microsoft.MicrosoftStickyNotes_4.0.2.0_neutral_split.language-be_8wekyb3d8bbwe "AppxMetadata\Stub\StickyNotesStub_4.0.2.0_language-bg.msix": Microsoft.MicrosoftStickyNotes_4.0.2.0_neutral_split.language-bg_8wekyb3d8bbwe "AppxMetadata\Stub\StickyNotesStub_4.0.2.0_language-bn.msix": Microsoft.MicrosoftStickyNotes_4.0.2.0_neutral_split.language-bn_8wekyb3d8bbwe "AppxMetadata\Stub\StickyNotesStub_4.0.2.0_language-bs.msix": Microsoft.MicrosoftStickyNotes_4.0.2.0_neutral_split.language-bs_8wekyb3d8bbwe "AppxMetadata\Stub\StickyNotesStub_4.0.2.0_language-ca.msix": Microsoft.MicrosoftStickyNotes_4.0.2.0_neutral_split.language-ca_8wekyb3d8bbwe "AppxMetadata\Stub\StickyNotesStub_4.0.2.0_language-cs.msix": Microsoft.MicrosoftStickyNotes_4.0.2.0_neutral_split.language-cs_8wekyb3d8bbwe "AppxMetadata\Stub\StickyNotesStub_4.0.2.0_language-da.msix": Microsoft.MicrosoftStickyNotes_4.0.2.0_neutral_split.language-da_8wekyb3d8bbwe "AppxMetadata\Stub\StickyNotesStub_4.0.2.0_language-de.msix": Microsoft.MicrosoftStickyNotes_4.0.2.0_neutral_split.language-de_8wekyb3d8bbwe "AppxMetadata\Stub\StickyNotesStub_4.0.2.0_language-el.msix": Microsoft.MicrosoftStickyNotes_4.0.2.0_neutral_split.language-el_8wekyb3d8bbwe "AppxMetadata\Stub\StickyNotesStub_4.0.2.0_language-es.msix": Microsoft.MicrosoftStickyNotes_4.0.2.0_neutral_split.language-es_8wekyb3d8bbwe "AppxMetadata\Stub\StickyNotesStub_4.0.2.0_language-et.msix": Microsoft.MicrosoftStickyNotes_4.0.2.0_neutral_split.language-et_8wekyb3d8bbwe "AppxMetadata\Stub\StickyNotesStub_4.0.2.0_language-eu.msix": Microsoft.MicrosoftStickyNotes_4.0.2.0_neutral_split.language-eu_8wekyb3d8bbwe "AppxMetadata\Stub\StickyNotesStub_4.0.2.0_language-fa.msix": Microsoft.MicrosoftStickyNotes_4.0.2.0_neutral_split.language-fa_8wekyb3d8bbwe "AppxMetadata\Stub\StickyNotesStub_4.0.2.0_language-fi.msix": Microsoft.MicrosoftStickyNotes_4.0.2.0_neutral_split.language-fi_8wekyb3d8bbwe "AppxMetadata\Stub\StickyNotesStub_4.0.2.0_language-fil-latn.msix": Microsoft.MicrosoftStickyNotes_4.0.2.0_neutral_split.language-fil-latn_8wekyb3d8bbwe "AppxMetadata\Stub\StickyNotesStub_4.0.2.0_language-fr.msix": Microsoft.MicrosoftStickyNotes_4.0.2.0_neutral_split.language-fr_8wekyb3d8bbwe "AppxMetadata\Stub\StickyNotesStub_4.0.2.0_language-gl.msix": Microsoft.MicrosoftStickyNotes_4.0.2.0_neutral_split.language-gl_8wekyb3d8bbwe "AppxMetadata\Stub\StickyNotesStub_4.0.2.0_language-ha-latn.msix": Microsoft.MicrosoftStickyNotes_4.0.2.0_neutral_split.language-ha-latn_8wekyb3d8bbwe "AppxMetadata\Stub\StickyNotesStub_4.0.2.0_language-he.msix": Microsoft.MicrosoftStickyNotes_4.0.2.0_neutral_split.language-he_8wekyb3d8bbwe "AppxMetadata\Stub\StickyNotesStub_4.0.2.0_language-hi.msix": Microsoft.MicrosoftStickyNotes_4.0.2.0_neutral_split.language-hi_8wekyb3d8bbwe "AppxMetadata\Stub\StickyNotesStub_4.0.2.0_language-hr.msix": Microsoft.MicrosoftStickyNotes_4.0.2.0_neutral_split.language-hr_8wekyb3d8bbwe "AppxMetadata\Stub\StickyNotesStub_4.0.2.0_language-hu.msix": Microsoft.MicrosoftStickyNotes_4.0.2.0_neutral_split.language-hu_8wekyb3d8bbwe "AppxMetadata\Stub\StickyNotesStub_4.0.2.0_language-id.msix": Microsoft.MicrosoftStickyNotes_4.0.2.0_neutral_split.language-id_8wekyb3d8bbwe "AppxMetadata\Stub\StickyNotesStub_4.0.2.0_language-is.msix": Microsoft.MicrosoftStickyNotes_4.0.2.0_neutral_split.language-is_8wekyb3d8bbwe "AppxMetadata\Stub\StickyNotesStub_4.0.2.0_language-it.msix": Microsoft.MicrosoftStickyNotes_4.0.2.0_neutral_split.language-it_8wekyb3d8bbwe "AppxMetadata\Stub\StickyNotesStub_4.0.2.0_language-ja.msix": Microsoft.MicrosoftStickyNotes_4.0.2.0_neutral_split.language-ja_8wekyb3d8bbwe "AppxMetadata\Stub\StickyNotesStub_4.0.2.0_language-kk.msix": Microsoft.MicrosoftStickyNotes_4.0.2.0_neutral_split.language-kk_8wekyb3d8bbwe "AppxMetadata\Stub\StickyNotesStub_4.0.2.0_language-km.msix": Microsoft.MicrosoftStickyNotes_4.0.2.0_neutral_split.language-km_8wekyb3d8bbwe "AppxMetadata\Stub\StickyNotesStub_4.0.2.0_language-kn.msix": Microsoft.MicrosoftStickyNotes_4.0.2.0_neutral_split.language-kn_8wekyb3d8bbwe "AppxMetadata\Stub\StickyNotesStub_4.0.2.0_language-ko.msix": Microsoft.MicrosoftStickyNotes_4.0.2.0_neutral_split.language-ko_8wekyb3d8bbwe "AppxMetadata\Stub\StickyNotesStub_4.0.2.0_language-lo.msix": Microsoft.MicrosoftStickyNotes_4.0.2.0_neutral_split.language-lo_8wekyb3d8bbwe "AppxMetadata\Stub\StickyNotesStub_4.0.2.0_language-lt.msix": Microsoft.MicrosoftStickyNotes_4.0.2.0_neutral_split.language-lt_8wekyb3d8bbwe "AppxMetadata\Stub\StickyNotesStub_4.0.2.0_language-lv.msix": Microsoft.MicrosoftStickyNotes_4.0.2.0_neutral_split.language-lv_8wekyb3d8bbwe "AppxMetadata\Stub\StickyNotesStub_4.0.2.0_language-mk.msix": Microsoft.MicrosoftStickyNotes_4.0.2.0_neutral_split.language-mk_8wekyb3d8bbwe "AppxMetadata\Stub\StickyNotesStub_4.0.2.0_language-ml.msix": Microsoft.MicrosoftStickyNotes_4.0.2.0_neutral_split.language-ml_8wekyb3d8bbwe "AppxMetadata\Stub\StickyNotesStub_4.0.2.0_language-ms.msix": Microsoft.MicrosoftStickyNotes_4.0.2.0_neutral_split.language-ms_8wekyb3d8bbwe "AppxMetadata\Stub\StickyNotesStub_4.0.2.0_language-nb.msix": Microsoft.MicrosoftStickyNotes_4.0.2.0_neutral_split.language-nb_8wekyb3d8bbwe "AppxMetadata\Stub\StickyNotesStub_4.0.2.0_language-nl.msix": Microsoft.MicrosoftStickyNotes_4.0.2.0_neutral_split.language-nl_8wekyb3d8bbwe "AppxMetadata\Stub\StickyNotesStub_4.0.2.0_language-nn.msix": Microsoft.MicrosoftStickyNotes_4.0.2.0_neutral_split.language-nn_8wekyb3d8bbwe "AppxMetadata\Stub\StickyNotesStub_4.0.2.0_language-pl.msix": Microsoft.MicrosoftStickyNotes_4.0.2.0_neutral_split.language-pl_8wekyb3d8bbwe "AppxMetadata\Stub\StickyNotesStub_4.0.2.0_language-pt.msix": Microsoft.MicrosoftStickyNotes_4.0.2.0_neutral_split.language-pt_8wekyb3d8bbwe "AppxMetadata\Stub\StickyNotesStub_4.0.2.0_language-ro.msix": Microsoft.MicrosoftStickyNotes_4.0.2.0_neutral_split.language-ro_8wekyb3d8bbwe "AppxMetadata\Stub\StickyNotesStub_4.0.2.0_language-ru.msix": Microsoft.MicrosoftStickyNotes_4.0.2.0_neutral_split.language-ru_8wekyb3d8bbwe "AppxMetadata\Stub\StickyNotesStub_4.0.2.0_language-sk.msix": Microsoft.MicrosoftStickyNotes_4.0.2.0_neutral_split.language-sk_8wekyb3d8bbwe "AppxMetadata\Stub\StickyNotesStub_4.0.2.0_language-sl.msix": Microsoft.MicrosoftStickyNotes_4.0.2.0_neutral_split.language-sl_8wekyb3d8bbwe "AppxMetadata\Stub\StickyNotesStub_4.0.2.0_language-sq.msix": Microsoft.MicrosoftStickyNotes_4.0.2.0_neutral_split.language-sq_8wekyb3d8bbwe "AppxMetadata\Stub\StickyNotesStub_4.0.2.0_language-sr-cyrl.msix": Microsoft.MicrosoftStickyNotes_4.0.2.0_neutral_split.language-sr-cyrl_8wekyb3d8bbwe "AppxMetadata\Stub\StickyNotesStub_4.0.2.0_language-sr-latn.msix": Microsoft.MicrosoftStickyNotes_4.0.2.0_neutral_split.language-sr-latn_8wekyb3d8bbwe "AppxMetadata\Stub\StickyNotesStub_4.0.2.0_language-sv.msix": Microsoft.MicrosoftStickyNotes_4.0.2.0_neutral_split.language-sv_8wekyb3d8bbwe "AppxMetadata\Stub\StickyNotesStub_4.0.2.0_language-sw.msix": Microsoft.MicrosoftStickyNotes_4.0.2.0_neutral_split.language-sw_8wekyb3d8bbwe "AppxMetadata\Stub\StickyNotesStub_4.0.2.0_language-ta.msix": Microsoft.MicrosoftStickyNotes_4.0.2.0_neutral_split.language-ta_8wekyb3d8bbwe "AppxMetadata\Stub\StickyNotesStub_4.0.2.0_language-te.msix": Microsoft.MicrosoftStickyNotes_4.0.2.0_neutral_split.language-te_8wekyb3d8bbwe "AppxMetadata\Stub\StickyNotesStub_4.0.2.0_language-th.msix": Microsoft.MicrosoftStickyNotes_4.0.2.0_neutral_split.language-th_8wekyb3d8bbwe "AppxMetadata\Stub\StickyNotesStub_4.0.2.0_language-tr.msix": Microsoft.MicrosoftStickyNotes_4.0.2.0_neutral_split.language-tr_8wekyb3d8bbwe "AppxMetadata\Stub\StickyNotesStub_4.0.2.0_language-uk.msix": Microsoft.MicrosoftStickyNotes_4.0.2.0_neutral_split.language-uk_8wekyb3d8bbwe "AppxMetadata\Stub\StickyNotesStub_4.0.2.0_language-uz-latn.msix": Microsoft.MicrosoftStickyNotes_4.0.2.0_neutral_split.language-uz-latn_8wekyb3d8bbwe "AppxMetadata\Stub\StickyNotesStub_4.0.2.0_language-vi.msix": Microsoft.MicrosoftStickyNotes_4.0.2.0_neutral_split.language-vi_8wekyb3d8bbwe "AppxMetadata\Stub\StickyNotesStub_4.0.2.0_language-zh-hans.msix": Microsoft.MicrosoftStickyNotes_4.0.2.0_neutral_split.language-zh-hans_8wekyb3d8bbwe "AppxMetadata\Stub\StickyNotesStub_4.0.2.0_language-zh-hant.msix": Microsoft.MicrosoftStickyNotes_4.0.2.0_neutral_split.language-zh-hant_8wekyb3d8bbwe "AppxMetadata\Stub\StickyNotesStub_4.0.2.0_scale-100.msix": Microsoft.MicrosoftStickyNotes_4.0.2.0_neutral_split.scale-100_8wekyb3d8bbwe "AppxMetadata\Stub\StickyNotesStub_4.0.2.0_scale-125.msix": Microsoft.MicrosoftStickyNotes_4.0.2.0_neutral_split.scale-125_8wekyb3d8bbwe "AppxMetadata\Stub\StickyNotesStub_4.0.2.0_scale-150.msix": Microsoft.MicrosoftStickyNotes_4.0.2.0_neutral_split.scale-150_8wekyb3d8bbwe "AppxMetadata\Stub\StickyNotesStub_4.0.2.0_scale-400.msix": Microsoft.MicrosoftStickyNotes_4.0.2.0_neutral_split.scale-400_8wekyb3d8bbwe "AppxMetadata\Stub\StickyNotesStub_4.0.2.0_Win32.msix": Microsoft.MicrosoftStickyNotes_4.0.2.0_x86__8wekyb3d8bbwe "AppxMetadata\Stub\StickyNotesStub_4.0.2.0_x64.msix": Microsoft.MicrosoftStickyNotes_4.0.2.0_x64__8wekyb3d8bbwe "App_4.1.2.0_ARM.msix": Microsoft.MicrosoftStickyNotes_4.1.2.0_arm__8wekyb3d8bbwe "App_4.1.2.0_x64.msix": Microsoft.MicrosoftStickyNotes_4.1.2.0_x64__8wekyb3d8bbwe "App_4.1.2.0_x86.msix": Microsoft.MicrosoftStickyNotes_4.1.2.0_x86__8wekyb3d8bbwe "App_4.1.2.0_language-af.msix": Microsoft.MicrosoftStickyNotes_4.1.2.0_neutral_split.language-af_8wekyb3d8bbwe "App_4.1.2.0_language-am.msix": Microsoft.MicrosoftStickyNotes_4.1.2.0_neutral_split.language-am_8wekyb3d8bbwe "App_4.1.2.0_language-ar.msix": Microsoft.MicrosoftStickyNotes_4.1.2.0_neutral_split.language-ar_8wekyb3d8bbwe "App_4.1.2.0_language-az-latn.msix": Microsoft.MicrosoftStickyNotes_4.1.2.0_neutral_split.language-az-latn_8wekyb3d8bbwe "App_4.1.2.0_language-be.msix": Microsoft.MicrosoftStickyNotes_4.1.2.0_neutral_split.language-be_8wekyb3d8bbwe "App_4.1.2.0_language-bg.msix": Microsoft.MicrosoftStickyNotes_4.1.2.0_neutral_split.language-bg_8wekyb3d8bbwe "App_4.1.2.0_language-bn.msix": Microsoft.MicrosoftStickyNotes_4.1.2.0_neutral_split.language-bn_8wekyb3d8bbwe "App_4.1.2.0_language-bs.msix": Microsoft.MicrosoftStickyNotes_4.1.2.0_neutral_split.language-bs_8wekyb3d8bbwe "App_4.1.2.0_language-ca.msix": Microsoft.MicrosoftStickyNotes_4.1.2.0_neutral_split.language-ca_8wekyb3d8bbwe "App_4.1.2.0_language-cs.msix": Microsoft.MicrosoftStickyNotes_4.1.2.0_neutral_split.language-cs_8wekyb3d8bbwe "App_4.1.2.0_language-da.msix": Microsoft.MicrosoftStickyNotes_4.1.2.0_neutral_split.language-da_8wekyb3d8bbwe "App_4.1.2.0_language-de.msix": Microsoft.MicrosoftStickyNotes_4.1.2.0_neutral_split.language-de_8wekyb3d8bbwe "App_4.1.2.0_language-el.msix": Microsoft.MicrosoftStickyNotes_4.1.2.0_neutral_split.language-el_8wekyb3d8bbwe "App_4.1.2.0_language-es.msix": Microsoft.MicrosoftStickyNotes_4.1.2.0_neutral_split.language-es_8wekyb3d8bbwe "App_4.1.2.0_language-et.msix": Microsoft.MicrosoftStickyNotes_4.1.2.0_neutral_split.language-et_8wekyb3d8bbwe "App_4.1.2.0_language-eu.msix": Microsoft.MicrosoftStickyNotes_4.1.2.0_neutral_split.language-eu_8wekyb3d8bbwe "App_4.1.2.0_language-fa.msix": Microsoft.MicrosoftStickyNotes_4.1.2.0_neutral_split.language-fa_8wekyb3d8bbwe "App_4.1.2.0_language-fi.msix": Microsoft.MicrosoftStickyNotes_4.1.2.0_neutral_split.language-fi_8wekyb3d8bbwe "App_4.1.2.0_language-fil-latn.msix": Microsoft.MicrosoftStickyNotes_4.1.2.0_neutral_split.language-fil-latn_8wekyb3d8bbwe "App_4.1.2.0_language-fr.msix": Microsoft.MicrosoftStickyNotes_4.1.2.0_neutral_split.language-fr_8wekyb3d8bbwe "App_4.1.2.0_language-gl.msix": Microsoft.MicrosoftStickyNotes_4.1.2.0_neutral_split.language-gl_8wekyb3d8bbwe "App_4.1.2.0_language-ha-latn.msix": Microsoft.MicrosoftStickyNotes_4.1.2.0_neutral_split.language-ha-latn_8wekyb3d8bbwe "App_4.1.2.0_language-he.msix": Microsoft.MicrosoftStickyNotes_4.1.2.0_neutral_split.language-he_8wekyb3d8bbwe "App_4.1.2.0_language-hi.msix": Microsoft.MicrosoftStickyNotes_4.1.2.0_neutral_split.language-hi_8wekyb3d8bbwe "App_4.1.2.0_language-hr.msix": Microsoft.MicrosoftStickyNotes_4.1.2.0_neutral_split.language-hr_8wekyb3d8bbwe "App_4.1.2.0_language-hu.msix": Microsoft.MicrosoftStickyNotes_4.1.2.0_neutral_split.language-hu_8wekyb3d8bbwe "App_4.1.2.0_language-id.msix": Microsoft.MicrosoftStickyNotes_4.1.2.0_neutral_split.language-id_8wekyb3d8bbwe "App_4.1.2.0_language-is.msix": Microsoft.MicrosoftStickyNotes_4.1.2.0_neutral_split.language-is_8wekyb3d8bbwe "App_4.1.2.0_language-it.msix": Microsoft.MicrosoftStickyNotes_4.1.2.0_neutral_split.language-it_8wekyb3d8bbwe "App_4.1.2.0_language-ja.msix": Microsoft.MicrosoftStickyNotes_4.1.2.0_neutral_split.language-ja_8wekyb3d8bbwe "App_4.1.2.0_language-kk.msix": Microsoft.MicrosoftStickyNotes_4.1.2.0_neutral_split.language-kk_8wekyb3d8bbwe "App_4.1.2.0_language-km.msix": Microsoft.MicrosoftStickyNotes_4.1.2.0_neutral_split.language-km_8wekyb3d8bbwe "App_4.1.2.0_language-kn.msix": Microsoft.MicrosoftStickyNotes_4.1.2.0_neutral_split.language-kn_8wekyb3d8bbwe "App_4.1.2.0_language-ko.msix": Microsoft.MicrosoftStickyNotes_4.1.2.0_neutral_split.language-ko_8wekyb3d8bbwe "App_4.1.2.0_language-lo.msix": Microsoft.MicrosoftStickyNotes_4.1.2.0_neutral_split.language-lo_8wekyb3d8bbwe "App_4.1.2.0_language-lt.msix": Microsoft.MicrosoftStickyNotes_4.1.2.0_neutral_split.language-lt_8wekyb3d8bbwe "App_4.1.2.0_language-lv.msix": Microsoft.MicrosoftStickyNotes_4.1.2.0_neutral_split.language-lv_8wekyb3d8bbwe "App_4.1.2.0_language-mk.msix": Microsoft.MicrosoftStickyNotes_4.1.2.0_neutral_split.language-mk_8wekyb3d8bbwe "App_4.1.2.0_language-ml.msix": Microsoft.MicrosoftStickyNotes_4.1.2.0_neutral_split.language-ml_8wekyb3d8bbwe "App_4.1.2.0_language-ms.msix": Microsoft.MicrosoftStickyNotes_4.1.2.0_neutral_split.language-ms_8wekyb3d8bbwe "App_4.1.2.0_language-nb.msix": Microsoft.MicrosoftStickyNotes_4.1.2.0_neutral_split.language-nb_8wekyb3d8bbwe "App_4.1.2.0_language-nl.msix": Microsoft.MicrosoftStickyNotes_4.1.2.0_neutral_split.language-nl_8wekyb3d8bbwe "App_4.1.2.0_language-nn.msix": Microsoft.MicrosoftStickyNotes_4.1.2.0_neutral_split.language-nn_8wekyb3d8bbwe "App_4.1.2.0_language-pl.msix": Microsoft.MicrosoftStickyNotes_4.1.2.0_neutral_split.language-pl_8wekyb3d8bbwe "App_4.1.2.0_language-pt.msix": Microsoft.MicrosoftStickyNotes_4.1.2.0_neutral_split.language-pt_8wekyb3d8bbwe "App_4.1.2.0_language-ro.msix": Microsoft.MicrosoftStickyNotes_4.1.2.0_neutral_split.language-ro_8wekyb3d8bbwe "App_4.1.2.0_language-ru.msix": Microsoft.MicrosoftStickyNotes_4.1.2.0_neutral_split.language-ru_8wekyb3d8bbwe "App_4.1.2.0_language-sk.msix": Microsoft.MicrosoftStickyNotes_4.1.2.0_neutral_split.language-sk_8wekyb3d8bbwe "App_4.1.2.0_language-sl.msix": Microsoft.MicrosoftStickyNotes_4.1.2.0_neutral_split.language-sl_8wekyb3d8bbwe "App_4.1.2.0_language-sq.msix": Microsoft.MicrosoftStickyNotes_4.1.2.0_neutral_split.language-sq_8wekyb3d8bbwe "App_4.1.2.0_language-sr-cyrl.msix": Microsoft.MicrosoftStickyNotes_4.1.2.0_neutral_split.language-sr-cyrl_8wekyb3d8bbwe "App_4.1.2.0_language-sr-latn.msix": Microsoft.MicrosoftStickyNotes_4.1.2.0_neutral_split.language-sr-latn_8wekyb3d8bbwe "App_4.1.2.0_language-sv.msix": Microsoft.MicrosoftStickyNotes_4.1.2.0_neutral_split.language-sv_8wekyb3d8bbwe "App_4.1.2.0_language-sw.msix": Microsoft.MicrosoftStickyNotes_4.1.2.0_neutral_split.language-sw_8wekyb3d8bbwe "App_4.1.2.0_language-ta.msix": Microsoft.MicrosoftStickyNotes_4.1.2.0_neutral_split.language-ta_8wekyb3d8bbwe "App_4.1.2.0_language-te.msix": Microsoft.MicrosoftStickyNotes_4.1.2.0_neutral_split.language-te_8wekyb3d8bbwe "App_4.1.2.0_language-th.msix": Microsoft.MicrosoftStickyNotes_4.1.2.0_neutral_split.language-th_8wekyb3d8bbwe "App_4.1.2.0_language-tr.msix": Microsoft.MicrosoftStickyNotes_4.1.2.0_neutral_split.language-tr_8wekyb3d8bbwe "App_4.1.2.0_language-uk.msix": Microsoft.MicrosoftStickyNotes_4.1.2.0_neutral_split.language-uk_8wekyb3d8bbwe "App_4.1.2.0_language-uz-latn.msix": Microsoft.MicrosoftStickyNotes_4.1.2.0_neutral_split.language-uz-latn_8wekyb3d8bbwe "App_4.1.2.0_language-vi.msix": Microsoft.MicrosoftStickyNotes_4.1.2.0_neutral_split.language-vi_8wekyb3d8bbwe "App_4.1.2.0_language-zh-hans.msix": Microsoft.MicrosoftStickyNotes_4.1.2.0_neutral_split.language-zh-hans_8wekyb3d8bbwe "App_4.1.2.0_language-zh-hant.msix": Microsoft.MicrosoftStickyNotes_4.1.2.0_neutral_split.language-zh-hant_8wekyb3d8bbwe "App_4.1.2.0_scale-100.msix": Microsoft.MicrosoftStickyNotes_4.1.2.0_neutral_split.scale-100_8wekyb3d8bbwe "App_4.1.2.0_scale-125.msix": Microsoft.MicrosoftStickyNotes_4.1.2.0_neutral_split.scale-125_8wekyb3d8bbwe "App_4.1.2.0_scale-150.msix": Microsoft.MicrosoftStickyNotes_4.1.2.0_neutral_split.scale-150_8wekyb3d8bbwe "App_4.1.2.0_scale-400.msix": Microsoft.MicrosoftStickyNotes_4.1.2.0_neutral_split.scale-400_8wekyb3d8bbwe</Data>
</EventData>
</Event>

<Event xmlns="http://schemas.microsoft.com/win/2004/08/events/event"><System><Provider Name="Microsoft-Windows-AppXDeployment-Server" Guid="{3f471139-acb7-4a01-b7a7-ff5da4ba2d43}"></Provider>
<EventID Qualifiers="">854</EventID>
<Version>0</Version>
<Level>4</Level>
<Task>3</Task>
<Opcode>0</Opcode>
<Keywords>0x4000000000000001</Keywords>
<TimeCreated SystemTime="2022-05-07 01:20:04.706591"></TimeCreated>
<EventRecordID>219</EventRecordID>
<Correlation ActivityID="{824d2842-61b0-0000-df2b-4d82b061d801}" RelatedActivityID=""></Correlation>
<Execution ProcessID="3236" ThreadID="4736"></Execution>
<Channel>Microsoft-Windows-AppXDeploymentServer/Operational</Channel>
<Computer>WIN-GE1PLB8KFNS</Computer>
<Security UserID="S-1-5-18"></Security>
</System>
<EventData><Data Name="Path"> C:\Program Files\WindowsApps\microsoft.microsoftstickynotes_4.1.2.0_neutral_~_8wekyb3d8bbwe\AppxMetadata\AppxBundleManifest.xml C:\Program Files\WindowsApps\Microsoft.MicrosoftStickyNotes_4.0.2.0_x64__8wekyb3d8bbwe\AppxManifest.xml</Data>
</EventData>
</Event>

