<Event xmlns="http://schemas.microsoft.com/win/2004/08/events/event"><System><Provider Name="Microsoft-Windows-AppXDeployment-Server" Guid="{3f471139-acb7-4a01-b7a7-ff5da4ba2d43}"></Provider>
<EventID Qualifiers="">8100</EventID>
<Version>0</Version>
<Level>5</Level>
<Task>49</Task>
<Opcode>0</Opcode>
<Keywords>0x4000000000000001</Keywords>
<TimeCreated SystemTime="2022-05-07 01:20:04.818878"></TimeCreated>
<EventRecordID>220</EventRecordID>
<Correlation ActivityID="{824d2842-61b0-0000-df2b-4d82b061d801}" RelatedActivityID=""></Correlation>
<Execution ProcessID="3236" ThreadID="4736"></Execution>
<Channel>Microsoft-Windows-AppXDeploymentServer/Operational</Channel>
<Computer>WIN-GE1PLB8KFNS</Computer>
<Security UserID="S-1-5-18"></Security>
</System>
<EventData><Data Name="PackageFullName">Microsoft.MicrosoftStickyNotes_4.1.2.0_neutral_~_8wekyb3d8bbwe</Data>
<Data Name="Flags">0x00000620</Data>
</EventData>
</Event>

<Event xmlns="http://schemas.microsoft.com/win/2004/08/events/event"><System><Provider Name="Microsoft-Windows-AppXDeployment-Server" Guid="{3f471139-acb7-4a01-b7a7-ff5da4ba2d43}"></Provider>
<EventID Qualifiers="">8100</EventID>
<Version>0</Version>
<Level>5</Level>
<Task>49</Task>
<Opcode>0</Opcode>
<Keywords>0x4000000000000001</Keywords>
<TimeCreated SystemTime="2022-05-07 01:20:04.822895"></TimeCreated>
<EventRecordID>221</EventRecordID>
<Correlation ActivityID="{824d2842-61b0-0000-df2b-4d82b061d801}" RelatedActivityID=""></Correlation>
<Execution ProcessID="3236" ThreadID="4736"></Execution>
<Channel>Microsoft-Windows-AppXDeploymentServer/Operational</Channel>
<Computer>WIN-GE1PLB8KFNS</Computer>
<Security UserID="S-1-5-18"></Security>
</System>
<EventData><Data Name="PackageFullName">Microsoft.MicrosoftStickyNotes_4.0.2.0_x64__8wekyb3d8bbwe</Data>
<Data Name="Flags">0x00000620</Data>
</EventData>
</Event>

<Event xmlns="http://schemas.microsoft.com/win/2004/08/events/event"><System><Provider Name="Microsoft-Windows-AppXDeployment-Server" Guid="{3f471139-acb7-4a01-b7a7-ff5da4ba2d43}"></Provider>
<EventID Qualifiers="">8105</EventID>
<Version>0</Version>
<Level>5</Level>
<Task>49</Task>
<Opcode>0</Opcode>
<Keywords>0x4000000000000001</Keywords>
<TimeCreated SystemTime="2022-05-07 01:20:04.900059"></TimeCreated>
<EventRecordID>222</EventRecordID>
<Correlation ActivityID="{824d2842-61b0-0000-df2b-4d82b061d801}" RelatedActivityID=""></Correlation>
<Execution ProcessID="3236" ThreadID="4632"></Execution>
<Channel>Microsoft-Windows-AppXDeploymentServer/Operational</Channel>
<Computer>WIN-GE1PLB8KFNS</Computer>
<Security UserID="S-1-5-18"></Security>
</System>
<EventData><Data Name="PackageFullName">Microsoft.MicrosoftStickyNotes_4.1.2.0_neutral_~_8wekyb3d8bbwe</Data>
<Data Name="NumberOfFiles">1</Data>
</EventData>
</Event>

<Event xmlns="http://schemas.microsoft.com/win/2004/08/events/event"><System><Provider Name="Microsoft-Windows-AppXDeployment-Server" Guid="{3f471139-acb7-4a01-b7a7-ff5da4ba2d43}"></Provider>
<EventID Qualifiers="">8101</EventID>
<Version>0</Version>
<Level>5</Level>
<Task>49</Task>
<Opcode>0</Opcode>
<Keywords>0x4000000000000001</Keywords>
<TimeCreated SystemTime="2022-05-07 01:20:04.900133"></TimeCreated>
<EventRecordID>223</EventRecordID>
<Correlation ActivityID="{824d2842-61b0-0000-df2b-4d82b061d801}" RelatedActivityID=""></Correlation>
<Execution ProcessID="3236" ThreadID="4632"></Execution>
<Channel>Microsoft-Windows-AppXDeploymentServer/Operational</Channel>
<Computer>WIN-GE1PLB8KFNS</Computer>
<Security UserID="S-1-5-18"></Security>
</System>
<EventData><Data Name="PackageFullName">Microsoft.MicrosoftStickyNotes_4.1.2.0_neutral_~_8wekyb3d8bbwe</Data>
<Data Name="Flags">0x00000620</Data>
</EventData>
</Event>

<Event xmlns="http://schemas.microsoft.com/win/2004/08/events/event"><System><Provider Name="Microsoft-Windows-AppXDeployment-Server" Guid="{3f471139-acb7-4a01-b7a7-ff5da4ba2d43}"></Provider>
<EventID Qualifiers="">400</EventID>
<Version>0</Version>
<Level>4</Level>
<Task>3</Task>
<Opcode>2</Opcode>
<Keywords>0x4000000000000001</Keywords>
<TimeCreated SystemTime="2022-05-07 01:20:04.919991"></TimeCreated>
<EventRecordID>224</EventRecordID>
<Correlation ActivityID="{824d2842-61b0-0000-df2b-4d82b061d801}" RelatedActivityID=""></Correlation>
<Execution ProcessID="3236" ThreadID="4736"></Execution>
<Channel>Microsoft-Windows-AppXDeploymentServer/Operational</Channel>
<Computer>WIN-GE1PLB8KFNS</Computer>
<Security UserID="S-1-5-18"></Security>
</System>
<EventData><Data Name="DeploymentOperation">12</Data>
<Data Name="PackageFullName">microsoft.microsoftstickynotes_4.1.2.0_neutral_~_8wekyb3d8bbwe</Data>
<Data Name="Path"> </Data>
<Data Name="MountPoint">C:</Data>
<Data Name="TargetPlatform">0x00000000</Data>
<Data Name="SystemVolume">True</Data>
<Data Name="StorageId">\\?\Volume{bf27b24f-9e98-4395-9110-325985ded282}</Data>
<Data Name="IsCentennial">False</Data>
<Data Name="PackageType">0x00000008</Data>
<Data Name="IsPackageEncrypted">False</Data>
<Data Name="DeploymentOptions">0x0000000010020020</Data>
<Data Name="IsStreamingPackage">False</Data>
<Data Name="IsInRelatedSet">False</Data>
<Data Name="IsPackageUsingBDC">False</Data>
<Data Name="MainPackageFamilyName">NULL</Data>
<Data Name="CallingProcess"></Data>
<Data Name="IsOptional">False</Data>
<Data Name="PackageFlags">0x00000000</Data>
<Data Name="PackageFlags2">0x00000800</Data>
<Data Name="HasWin32alacarte">False</Data>
<Data Name="HasFullTrust">False</Data>
<Data Name="ExternalLocation"></Data>
<Data Name="PackageSourceUri"></Data>
<Data Name="PackageDisplayName"> </Data>
</EventData>
</Event>

<Event xmlns="http://schemas.microsoft.com/win/2004/08/events/event"><System><Provider Name="Microsoft-Windows-AppXDeployment-Server" Guid="{3f471139-acb7-4a01-b7a7-ff5da4ba2d43}"></Provider>
<EventID Qualifiers="">478</EventID>
<Version>0</Version>
<Level>5</Level>
<Task>3</Task>
<Opcode>0</Opcode>
<Keywords>0x4000000000000001</Keywords>
<TimeCreated SystemTime="2022-05-07 01:20:04.923510"></TimeCreated>
<EventRecordID>225</EventRecordID>
<Correlation ActivityID="{824d2842-61b0-0000-df2b-4d82b061d801}" RelatedActivityID=""></Correlation>
<Execution ProcessID="3236" ThreadID="4736"></Execution>
<Channel>Microsoft-Windows-AppXDeploymentServer/Operational</Channel>
<Computer>WIN-GE1PLB8KFNS</Computer>
<Security UserID="S-1-5-18"></Security>
</System>
<EventData><Data Name="DeploymentOperation">12</Data>
<Data Name="PackageFullName">Microsoft.MicrosoftStickyNotes_4.0.2.0_x64__8wekyb3d8bbwe</Data>
<Data Name="Path"> </Data>
<Data Name="MountPoint">C:</Data>
<Data Name="TargetPlatform">0x00000000</Data>
<Data Name="SystemVolume">True</Data>
<Data Name="StorageId">\\?\Volume{bf27b24f-9e98-4395-9110-325985ded282}</Data>
<Data Name="IsCentennial">False</Data>
<Data Name="PackageType">0x00000001</Data>
<Data Name="IsPackageEncrypted">False</Data>
<Data Name="DeploymentOptions">0x0000000010020020</Data>
<Data Name="IsStreamingPackage">False</Data>
<Data Name="IsInRelatedSet">False</Data>
<Data Name="IsPackageUsingBDC">False</Data>
<Data Name="MainPackageFamilyName">NULL</Data>
<Data Name="CallingProcess"></Data>
<Data Name="IsOptional">False</Data>
<Data Name="PackageFlags">0x00000008</Data>
<Data Name="PackageFlags2">0x00000800</Data>
<Data Name="HasWin32alacarte">False</Data>
<Data Name="HasFullTrust">False</Data>
<Data Name="ExternalLocation"></Data>
<Data Name="PackageSourceUri"></Data>
<Data Name="PackageDisplayName">ms-resource:StickyNotesStoreAppName</Data>
</EventData>
</Event>

<Event xmlns="http://schemas.microsoft.com/win/2004/08/events/event"><System><Provider Name="Microsoft-Windows-AppXDeployment-Server" Guid="{3f471139-acb7-4a01-b7a7-ff5da4ba2d43}"></Provider>
<EventID Qualifiers="">635</EventID>
<Version>0</Version>
<Level>4</Level>
<Task>3</Task>
<Opcode>0</Opcode>
<Keywords>0x4000000000000001</Keywords>
<TimeCreated SystemTime="2022-05-07 01:20:04.962683"></TimeCreated>
<EventRecordID>226</EventRecordID>
<Correlation ActivityID="{824d2842-61b0-0000-df2b-4d82b061d801}" RelatedActivityID=""></Correlation>
<Execution ProcessID="3236" ThreadID="3268"></Execution>
<Channel>Microsoft-Windows-AppXDeploymentServer/Operational</Channel>
<Computer>WIN-GE1PLB8KFNS</Computer>
<Security UserID="S-1-5-18"></Security>
</System>
<EventData><Data Name="PackageFullName">microsoft.microsoftstickynotes_4.1.2.0_neutral_~_8wekyb3d8bbwe</Data>
<Data Name="Flags">1</Data>
<Data Name="HResult">0x00000000</Data>
</EventData>
</Event>

<Event xmlns="http://schemas.microsoft.com/win/2004/08/events/event"><System><Provider Name="Microsoft-Windows-AppXDeployment-Server" Guid="{3f471139-acb7-4a01-b7a7-ff5da4ba2d43}"></Provider>
<EventID Qualifiers="">633</EventID>
<Version>0</Version>
<Level>4</Level>
<Task>3</Task>
<Opcode>0</Opcode>
<Keywords>0x4000000000000001</Keywords>
<TimeCreated SystemTime="2022-05-07 01:20:04.963398"></TimeCreated>
<EventRecordID>227</EventRecordID>
<Correlation ActivityID="{824d2842-61b0-0000-e22b-4d82b061d801}" RelatedActivityID=""></Correlation>
<Execution ProcessID="3236" ThreadID="3268"></Execution>
<Channel>Microsoft-Windows-AppXDeploymentServer/Operational</Channel>
<Computer>WIN-GE1PLB8KFNS</Computer>
<Security UserID="S-1-5-18"></Security>
</System>
<EventData><Data Name="PackageFullName">microsoft.net.native.framework.2.2_2.2.29512.0_x64__8wekyb3d8bbwe</Data>
<Data Name="IsInstalled">False</Data>
</EventData>
</Event>

<Event xmlns="http://schemas.microsoft.com/win/2004/08/events/event"><System><Provider Name="Microsoft-Windows-AppXDeployment-Server" Guid="{3f471139-acb7-4a01-b7a7-ff5da4ba2d43}"></Provider>
<EventID Qualifiers="">607</EventID>
<Version>0</Version>
<Level>4</Level>
<Task>0</Task>
<Opcode>0</Opcode>
<Keywords>0x4000000000000001</Keywords>
<TimeCreated SystemTime="2022-05-07 01:20:04.964003"></TimeCreated>
<EventRecordID>228</EventRecordID>
<Correlation ActivityID="{824d2842-61b0-0000-e22b-4d82b061d801}" RelatedActivityID=""></Correlation>
<Execution ProcessID="3236" ThreadID="4736"></Execution>
<Channel>Microsoft-Windows-AppXDeploymentServer/Operational</Channel>
<Computer>WIN-GE1PLB8KFNS</Computer>
<Security UserID="S-1-5-18"></Security>
</System>
<EventData><Data Name="DeploymentOperation">12</Data>
<Data Name="PackageFullName">microsoft.net.native.framework.2.2_2.2.29512.0_x64__8wekyb3d8bbwe</Data>
<Data Name="UserSid">S-1-5-18</Data>
<Data Name="CallingProcess">NULL</Data>
</EventData>
</Event>

<Event xmlns="http://schemas.microsoft.com/win/2004/08/events/event"><System><Provider Name="Microsoft-Windows-AppXDeployment-Server" Guid="{3f471139-acb7-4a01-b7a7-ff5da4ba2d43}"></Provider>
<EventID Qualifiers="">854</EventID>
<Version>0</Version>
<Level>4</Level>
<Task>3</Task>
<Opcode>0</Opcode>
<Keywords>0x4000000000000001</Keywords>
<TimeCreated SystemTime="2022-05-07 01:20:05.030943"></TimeCreated>
<EventRecordID>229</EventRecordID>
<Correlation ActivityID="{824d2842-61b0-0000-e22b-4d82b061d801}" RelatedActivityID=""></Correlation>
<Execution ProcessID="3236" ThreadID="4736"></Execution>
<Channel>Microsoft-Windows-AppXDeploymentServer/Operational</Channel>
<Computer>WIN-GE1PLB8KFNS</Computer>
<Security UserID="S-1-5-18"></Security>
</System>
<EventData><Data Name="Path"> C:\Program Files\WindowsApps\microsoft.net.native.framework.2.2_2.2.29512.0_x64__8wekyb3d8bbwe\AppxManifest.xml</Data>
</EventData>
</Event>

<Event xmlns="http://schemas.microsoft.com/win/2004/08/events/event"><System><Provider Name="Microsoft-Windows-AppXDeployment-Server" Guid="{3f471139-acb7-4a01-b7a7-ff5da4ba2d43}"></Provider>
<EventID Qualifiers="">8100</EventID>
<Version>0</Version>
<Level>5</Level>
<Task>49</Task>
<Opcode>0</Opcode>
<Keywords>0x4000000000000001</Keywords>
<TimeCreated SystemTime="2022-05-07 01:20:05.055246"></TimeCreated>
<EventRecordID>230</EventRecordID>
<Correlation ActivityID="{824d2842-61b0-0000-e22b-4d82b061d801}" RelatedActivityID=""></Correlation>
<Execution ProcessID="3236" ThreadID="4736"></Execution>
<Channel>Microsoft-Windows-AppXDeploymentServer/Operational</Channel>
<Computer>WIN-GE1PLB8KFNS</Computer>
<Security UserID="S-1-5-18"></Security>
</System>
<EventData><Data Name="PackageFullName">Microsoft.NET.Native.Framework.2.2_2.2.29512.0_x64__8wekyb3d8bbwe</Data>
<Data Name="Flags">0x00000620</Data>
</EventData>
</Event>

<Event xmlns="http://schemas.microsoft.com/win/2004/08/events/event"><System><Provider Name="Microsoft-Windows-AppXDeployment-Server" Guid="{3f471139-acb7-4a01-b7a7-ff5da4ba2d43}"></Provider>
<EventID Qualifiers="">400</EventID>
<Version>0</Version>
<Level>4</Level>
<Task>3</Task>
<Opcode>2</Opcode>
<Keywords>0x4000000000000001</Keywords>
<TimeCreated SystemTime="2022-05-07 01:20:05.102425"></TimeCreated>
<EventRecordID>231</EventRecordID>
<Correlation ActivityID="{824d2842-61b0-0000-e22b-4d82b061d801}" RelatedActivityID=""></Correlation>
<Execution ProcessID="3236" ThreadID="4736"></Execution>
<Channel>Microsoft-Windows-AppXDeploymentServer/Operational</Channel>
<Computer>WIN-GE1PLB8KFNS</Computer>
<Security UserID="S-1-5-18"></Security>
</System>
<EventData><Data Name="DeploymentOperation">12</Data>
<Data Name="PackageFullName">microsoft.net.native.framework.2.2_2.2.29512.0_x64__8wekyb3d8bbwe</Data>
<Data Name="Path"> </Data>
<Data Name="MountPoint">C:</Data>
<Data Name="TargetPlatform">0x00000000</Data>
<Data Name="SystemVolume">True</Data>
<Data Name="StorageId">\\?\Volume{bf27b24f-9e98-4395-9110-325985ded282}</Data>
<Data Name="IsCentennial">False</Data>
<Data Name="PackageType">0x00000002</Data>
<Data Name="IsPackageEncrypted">False</Data>
<Data Name="DeploymentOptions">0x0000000010020020</Data>
<Data Name="IsStreamingPackage">False</Data>
<Data Name="IsInRelatedSet">False</Data>
<Data Name="IsPackageUsingBDC">False</Data>
<Data Name="MainPackageFamilyName">NULL</Data>
<Data Name="CallingProcess"></Data>
<Data Name="IsOptional">False</Data>
<Data Name="PackageFlags">0x00000008</Data>
<Data Name="PackageFlags2">0x00000800</Data>
<Data Name="HasWin32alacarte">False</Data>
<Data Name="HasFullTrust">False</Data>
<Data Name="ExternalLocation"></Data>
<Data Name="PackageSourceUri"></Data>
<Data Name="PackageDisplayName">Microsoft .Net Native Framework Package 2.2</Data>
</EventData>
</Event>

<Event xmlns="http://schemas.microsoft.com/win/2004/08/events/event"><System><Provider Name="Microsoft-Windows-AppXDeployment-Server" Guid="{3f471139-acb7-4a01-b7a7-ff5da4ba2d43}"></Provider>
<EventID Qualifiers="">635</EventID>
<Version>0</Version>
<Level>4</Level>
<Task>3</Task>
<Opcode>0</Opcode>
<Keywords>0x4000000000000001</Keywords>
<TimeCreated SystemTime="2022-05-07 01:20:05.153353"></TimeCreated>
<EventRecordID>232</EventRecordID>
<Correlation ActivityID="{824d2842-61b0-0000-e22b-4d82b061d801}" RelatedActivityID=""></Correlation>
<Execution ProcessID="3236" ThreadID="3268"></Execution>
<Channel>Microsoft-Windows-AppXDeploymentServer/Operational</Channel>
<Computer>WIN-GE1PLB8KFNS</Computer>
<Security UserID="S-1-5-18"></Security>
</System>
<EventData><Data Name="PackageFullName">microsoft.net.native.framework.2.2_2.2.29512.0_x64__8wekyb3d8bbwe</Data>
<Data Name="Flags">1</Data>
<Data Name="HResult">0x00000000</Data>
</EventData>
</Event>

<Event xmlns="http://schemas.microsoft.com/win/2004/08/events/event"><System><Provider Name="Microsoft-Windows-AppXDeployment-Server" Guid="{3f471139-acb7-4a01-b7a7-ff5da4ba2d43}"></Provider>
<EventID Qualifiers="">633</EventID>
<Version>0</Version>
<Level>4</Level>
<Task>3</Task>
<Opcode>0</Opcode>
<Keywords>0x4000000000000001</Keywords>
<TimeCreated SystemTime="2022-05-07 01:20:05.154074"></TimeCreated>
<EventRecordID>233</EventRecordID>
<Correlation ActivityID="{824d2842-61b0-0001-2a2c-4d82b061d801}" RelatedActivityID=""></Correlation>
<Execution ProcessID="3236" ThreadID="3268"></Execution>
<Channel>Microsoft-Windows-AppXDeploymentServer/Operational</Channel>
<Computer>WIN-GE1PLB8KFNS</Computer>
<Security UserID="S-1-5-18"></Security>
</System>
<EventData><Data Name="PackageFullName">microsoft.net.native.framework.2.2_2.2.29512.0_x86__8wekyb3d8bbwe</Data>
<Data Name="IsInstalled">False</Data>
</EventData>
</Event>

<Event xmlns="http://schemas.microsoft.com/win/2004/08/events/event"><System><Provider Name="Microsoft-Windows-AppXDeployment-Server" Guid="{3f471139-acb7-4a01-b7a7-ff5da4ba2d43}"></Provider>
<EventID Qualifiers="">607</EventID>
<Version>0</Version>
<Level>4</Level>
<Task>0</Task>
<Opcode>0</Opcode>
<Keywords>0x4000000000000001</Keywords>
<TimeCreated SystemTime="2022-05-07 01:20:05.154631"></TimeCreated>
<EventRecordID>234</EventRecordID>
<Correlation ActivityID="{824d2842-61b0-0001-2a2c-4d82b061d801}" RelatedActivityID=""></Correlation>
<Execution ProcessID="3236" ThreadID="4736"></Execution>
<Channel>Microsoft-Windows-AppXDeploymentServer/Operational</Channel>
<Computer>WIN-GE1PLB8KFNS</Computer>
<Security UserID="S-1-5-18"></Security>
</System>
<EventData><Data Name="DeploymentOperation">12</Data>
<Data Name="PackageFullName">microsoft.net.native.framework.2.2_2.2.29512.0_x86__8wekyb3d8bbwe</Data>
<Data Name="UserSid">S-1-5-18</Data>
<Data Name="CallingProcess">NULL</Data>
</EventData>
</Event>

<Event xmlns="http://schemas.microsoft.com/win/2004/08/events/event"><System><Provider Name="Microsoft-Windows-AppXDeployment-Server" Guid="{3f471139-acb7-4a01-b7a7-ff5da4ba2d43}"></Provider>
<EventID Qualifiers="">8105</EventID>
<Version>0</Version>
<Level>5</Level>
<Task>49</Task>
<Opcode>0</Opcode>
<Keywords>0x4000000000000001</Keywords>
<TimeCreated SystemTime="2022-05-07 01:20:05.191261"></TimeCreated>
<EventRecordID>235</EventRecordID>
<Correlation ActivityID="{824d2842-61b0-0003-ed31-4d82b061d801}" RelatedActivityID=""></Correlation>
<Execution ProcessID="3236" ThreadID="4644"></Execution>
<Channel>Microsoft-Windows-AppXDeploymentServer/Operational</Channel>
<Computer>WIN-GE1PLB8KFNS</Computer>
<Security UserID="S-1-5-18"></Security>
</System>
<EventData><Data Name="PackageFullName">Microsoft.HEIFImageExtension_1.0.43012.0_x64__8wekyb3d8bbwe</Data>
<Data Name="NumberOfFiles">107</Data>
</EventData>
</Event>

<Event xmlns="http://schemas.microsoft.com/win/2004/08/events/event"><System><Provider Name="Microsoft-Windows-AppXDeployment-Server" Guid="{3f471139-acb7-4a01-b7a7-ff5da4ba2d43}"></Provider>
<EventID Qualifiers="">8101</EventID>
<Version>0</Version>
<Level>5</Level>
<Task>49</Task>
<Opcode>0</Opcode>
<Keywords>0x4000000000000001</Keywords>
<TimeCreated SystemTime="2022-05-07 01:20:05.191696"></TimeCreated>
<EventRecordID>236</EventRecordID>
<Correlation ActivityID="{824d2842-61b0-0003-ed31-4d82b061d801}" RelatedActivityID=""></Correlation>
<Execution ProcessID="3236" ThreadID="4644"></Execution>
<Channel>Microsoft-Windows-AppXDeploymentServer/Operational</Channel>
<Computer>WIN-GE1PLB8KFNS</Computer>
<Security UserID="S-1-5-18"></Security>
</System>
<EventData><Data Name="PackageFullName">Microsoft.HEIFImageExtension_1.0.43012.0_x64__8wekyb3d8bbwe</Data>
<Data Name="Flags">0x00000620</Data>
</EventData>
</Event>

<Event xmlns="http://schemas.microsoft.com/win/2004/08/events/event"><System><Provider Name="Microsoft-Windows-AppXDeployment-Server" Guid="{3f471139-acb7-4a01-b7a7-ff5da4ba2d43}"></Provider>
<EventID Qualifiers="">8105</EventID>
<Version>0</Version>
<Level>5</Level>
<Task>49</Task>
<Opcode>0</Opcode>
<Keywords>0x4000000000000001</Keywords>
<TimeCreated SystemTime="2022-05-07 01:20:05.210461"></TimeCreated>
<EventRecordID>237</EventRecordID>
<Correlation ActivityID="{824d2842-61b0-0000-df2b-4d82b061d801}" RelatedActivityID=""></Correlation>
<Execution ProcessID="3236" ThreadID="4584"></Execution>
<Channel>Microsoft-Windows-AppXDeploymentServer/Operational</Channel>
<Computer>WIN-GE1PLB8KFNS</Computer>
<Security UserID="S-1-5-18"></Security>
</System>
<EventData><Data Name="PackageFullName">Microsoft.MicrosoftStickyNotes_4.0.2.0_x64__8wekyb3d8bbwe</Data>
<Data Name="NumberOfFiles">64</Data>
</EventData>
</Event>

<Event xmlns="http://schemas.microsoft.com/win/2004/08/events/event"><System><Provider Name="Microsoft-Windows-AppXDeployment-Server" Guid="{3f471139-acb7-4a01-b7a7-ff5da4ba2d43}"></Provider>
<EventID Qualifiers="">8101</EventID>
<Version>0</Version>
<Level>5</Level>
<Task>49</Task>
<Opcode>0</Opcode>
<Keywords>0x4000000000000001</Keywords>
<TimeCreated SystemTime="2022-05-07 01:20:05.210634"></TimeCreated>
<EventRecordID>238</EventRecordID>
<Correlation ActivityID="{824d2842-61b0-0000-df2b-4d82b061d801}" RelatedActivityID=""></Correlation>
<Execution ProcessID="3236" ThreadID="4584"></Execution>
<Channel>Microsoft-Windows-AppXDeploymentServer/Operational</Channel>
<Computer>WIN-GE1PLB8KFNS</Computer>
<Security UserID="S-1-5-18"></Security>
</System>
<EventData><Data Name="PackageFullName">Microsoft.MicrosoftStickyNotes_4.0.2.0_x64__8wekyb3d8bbwe</Data>
<Data Name="Flags">0x00000620</Data>
</EventData>
</Event>

<Event xmlns="http://schemas.microsoft.com/win/2004/08/events/event"><System><Provider Name="Microsoft-Windows-AppXDeployment-Server" Guid="{3f471139-acb7-4a01-b7a7-ff5da4ba2d43}"></Provider>
<EventID Qualifiers="">854</EventID>
<Version>0</Version>
<Level>4</Level>
<Task>3</Task>
<Opcode>0</Opcode>
<Keywords>0x4000000000000001</Keywords>
<TimeCreated SystemTime="2022-05-07 01:20:05.223648"></TimeCreated>
<EventRecordID>239</EventRecordID>
<Correlation ActivityID="{824d2842-61b0-0001-2a2c-4d82b061d801}" RelatedActivityID=""></Correlation>
<Execution ProcessID="3236" ThreadID="4736"></Execution>
<Channel>Microsoft-Windows-AppXDeploymentServer/Operational</Channel>
<Computer>WIN-GE1PLB8KFNS</Computer>
<Security UserID="S-1-5-18"></Security>
</System>
<EventData><Data Name="Path"> C:\Program Files\WindowsApps\microsoft.net.native.framework.2.2_2.2.29512.0_x86__8wekyb3d8bbwe\AppxManifest.xml</Data>
</EventData>
</Event>

<Event xmlns="http://schemas.microsoft.com/win/2004/08/events/event"><System><Provider Name="Microsoft-Windows-AppXDeployment-Server" Guid="{3f471139-acb7-4a01-b7a7-ff5da4ba2d43}"></Provider>
<EventID Qualifiers="">8100</EventID>
<Version>0</Version>
<Level>5</Level>
<Task>49</Task>
<Opcode>0</Opcode>
<Keywords>0x4000000000000001</Keywords>
<TimeCreated SystemTime="2022-05-07 01:20:05.246861"></TimeCreated>
<EventRecordID>240</EventRecordID>
<Correlation ActivityID="{824d2842-61b0-0001-2a2c-4d82b061d801}" RelatedActivityID=""></Correlation>
<Execution ProcessID="3236" ThreadID="4736"></Execution>
<Channel>Microsoft-Windows-AppXDeploymentServer/Operational</Channel>
<Computer>WIN-GE1PLB8KFNS</Computer>
<Security UserID="S-1-5-18"></Security>
</System>
<EventData><Data Name="PackageFullName">Microsoft.NET.Native.Framework.2.2_2.2.29512.0_x86__8wekyb3d8bbwe</Data>
<Data Name="Flags">0x00000620</Data>
</EventData>
</Event>

<Event xmlns="http://schemas.microsoft.com/win/2004/08/events/event"><System><Provider Name="Microsoft-Windows-AppXDeployment-Server" Guid="{3f471139-acb7-4a01-b7a7-ff5da4ba2d43}"></Provider>
<EventID Qualifiers="">400</EventID>
<Version>0</Version>
<Level>4</Level>
<Task>3</Task>
<Opcode>2</Opcode>
<Keywords>0x4000000000000001</Keywords>
<TimeCreated SystemTime="2022-05-07 01:20:05.296612"></TimeCreated>
<EventRecordID>241</EventRecordID>
<Correlation ActivityID="{824d2842-61b0-0001-2a2c-4d82b061d801}" RelatedActivityID=""></Correlation>
<Execution ProcessID="3236" ThreadID="4736"></Execution>
<Channel>Microsoft-Windows-AppXDeploymentServer/Operational</Channel>
<Computer>WIN-GE1PLB8KFNS</Computer>
<Security UserID="S-1-5-18"></Security>
</System>
<EventData><Data Name="DeploymentOperation">12</Data>
<Data Name="PackageFullName">microsoft.net.native.framework.2.2_2.2.29512.0_x86__8wekyb3d8bbwe</Data>
<Data Name="Path"> </Data>
<Data Name="MountPoint">C:</Data>
<Data Name="TargetPlatform">0x00000000</Data>
<Data Name="SystemVolume">True</Data>
<Data Name="StorageId">\\?\Volume{bf27b24f-9e98-4395-9110-325985ded282}</Data>
<Data Name="IsCentennial">False</Data>
<Data Name="PackageType">0x00000002</Data>
<Data Name="IsPackageEncrypted">False</Data>
<Data Name="DeploymentOptions">0x0000000010020020</Data>
<Data Name="IsStreamingPackage">False</Data>
<Data Name="IsInRelatedSet">False</Data>
<Data Name="IsPackageUsingBDC">False</Data>
<Data Name="MainPackageFamilyName">NULL</Data>
<Data Name="CallingProcess"></Data>
<Data Name="IsOptional">False</Data>
<Data Name="PackageFlags">0x00000008</Data>
<Data Name="PackageFlags2">0x00000800</Data>
<Data Name="HasWin32alacarte">False</Data>
<Data Name="HasFullTrust">False</Data>
<Data Name="ExternalLocation"></Data>
<Data Name="PackageSourceUri"></Data>
<Data Name="PackageDisplayName">Microsoft .Net Native Framework Package 2.2</Data>
</EventData>
</Event>

<Event xmlns="http://schemas.microsoft.com/win/2004/08/events/event"><System><Provider Name="Microsoft-Windows-AppXDeployment-Server" Guid="{3f471139-acb7-4a01-b7a7-ff5da4ba2d43}"></Provider>
<EventID Qualifiers="">635</EventID>
<Version>0</Version>
<Level>4</Level>
<Task>3</Task>
<Opcode>0</Opcode>
<Keywords>0x4000000000000001</Keywords>
<TimeCreated SystemTime="2022-05-07 01:20:05.340878"></TimeCreated>
<EventRecordID>242</EventRecordID>
<Correlation ActivityID="{824d2842-61b0-0001-2a2c-4d82b061d801}" RelatedActivityID=""></Correlation>
<Execution ProcessID="3236" ThreadID="3268"></Execution>
<Channel>Microsoft-Windows-AppXDeploymentServer/Operational</Channel>
<Computer>WIN-GE1PLB8KFNS</Computer>
<Security UserID="S-1-5-18"></Security>
</System>
<EventData><Data Name="PackageFullName">microsoft.net.native.framework.2.2_2.2.29512.0_x86__8wekyb3d8bbwe</Data>
<Data Name="Flags">1</Data>
<Data Name="HResult">0x00000000</Data>
</EventData>
</Event>

<Event xmlns="http://schemas.microsoft.com/win/2004/08/events/event"><System><Provider Name="Microsoft-Windows-AppXDeployment-Server" Guid="{3f471139-acb7-4a01-b7a7-ff5da4ba2d43}"></Provider>
<EventID Qualifiers="">633</EventID>
<Version>0</Version>
<Level>4</Level>
<Task>3</Task>
<Opcode>0</Opcode>
<Keywords>0x4000000000000001</Keywords>
<TimeCreated SystemTime="2022-05-07 01:20:05.341337"></TimeCreated>
<EventRecordID>243</EventRecordID>
<Correlation ActivityID="{824d2842-61b0-0003-6532-4d82b061d801}" RelatedActivityID=""></Correlation>
<Execution ProcessID="3236" ThreadID="3268"></Execution>
<Channel>Microsoft-Windows-AppXDeploymentServer/Operational</Channel>
<Computer>WIN-GE1PLB8KFNS</Computer>
<Security UserID="S-1-5-18"></Security>
</System>
<EventData><Data Name="PackageFullName">microsoft.net.native.runtime.2.2_2.2.28604.0_x64__8wekyb3d8bbwe</Data>
<Data Name="IsInstalled">False</Data>
</EventData>
</Event>

<Event xmlns="http://schemas.microsoft.com/win/2004/08/events/event"><System><Provider Name="Microsoft-Windows-AppXDeployment-Server" Guid="{3f471139-acb7-4a01-b7a7-ff5da4ba2d43}"></Provider>
<EventID Qualifiers="">607</EventID>
<Version>0</Version>
<Level>4</Level>
<Task>0</Task>
<Opcode>0</Opcode>
<Keywords>0x4000000000000001</Keywords>
<TimeCreated SystemTime="2022-05-07 01:20:05.341698"></TimeCreated>
<EventRecordID>244</EventRecordID>
<Correlation ActivityID="{824d2842-61b0-0003-6532-4d82b061d801}" RelatedActivityID=""></Correlation>
<Execution ProcessID="3236" ThreadID="4736"></Execution>
<Channel>Microsoft-Windows-AppXDeploymentServer/Operational</Channel>
<Computer>WIN-GE1PLB8KFNS</Computer>
<Security UserID="S-1-5-18"></Security>
</System>
<EventData><Data Name="DeploymentOperation">12</Data>
<Data Name="PackageFullName">microsoft.net.native.runtime.2.2_2.2.28604.0_x64__8wekyb3d8bbwe</Data>
<Data Name="UserSid">S-1-5-18</Data>
<Data Name="CallingProcess">NULL</Data>
</EventData>
</Event>

<Event xmlns="http://schemas.microsoft.com/win/2004/08/events/event"><System><Provider Name="Microsoft-Windows-AppXDeployment-Server" Guid="{3f471139-acb7-4a01-b7a7-ff5da4ba2d43}"></Provider>
<EventID Qualifiers="">8105</EventID>
<Version>0</Version>
<Level>5</Level>
<Task>49</Task>
<Opcode>0</Opcode>
<Keywords>0x4000000000000001</Keywords>
<TimeCreated SystemTime="2022-05-07 01:20:05.396692"></TimeCreated>
<EventRecordID>245</EventRecordID>
<Correlation ActivityID="{824d2842-61b0-0000-e22b-4d82b061d801}" RelatedActivityID=""></Correlation>
<Execution ProcessID="3236" ThreadID="4648"></Execution>
<Channel>Microsoft-Windows-AppXDeploymentServer/Operational</Channel>
<Computer>WIN-GE1PLB8KFNS</Computer>
<Security UserID="S-1-5-18"></Security>
</System>
<EventData><Data Name="PackageFullName">Microsoft.NET.Native.Framework.2.2_2.2.29512.0_x64__8wekyb3d8bbwe</Data>
<Data Name="NumberOfFiles">3</Data>
</EventData>
</Event>

<Event xmlns="http://schemas.microsoft.com/win/2004/08/events/event"><System><Provider Name="Microsoft-Windows-AppXDeployment-Server" Guid="{3f471139-acb7-4a01-b7a7-ff5da4ba2d43}"></Provider>
<EventID Qualifiers="">8101</EventID>
<Version>0</Version>
<Level>5</Level>
<Task>49</Task>
<Opcode>0</Opcode>
<Keywords>0x4000000000000001</Keywords>
<TimeCreated SystemTime="2022-05-07 01:20:05.396820"></TimeCreated>
<EventRecordID>246</EventRecordID>
<Correlation ActivityID="{824d2842-61b0-0000-e22b-4d82b061d801}" RelatedActivityID=""></Correlation>
<Execution ProcessID="3236" ThreadID="4648"></Execution>
<Channel>Microsoft-Windows-AppXDeploymentServer/Operational</Channel>
<Computer>WIN-GE1PLB8KFNS</Computer>
<Security UserID="S-1-5-18"></Security>
</System>
<EventData><Data Name="PackageFullName">Microsoft.NET.Native.Framework.2.2_2.2.29512.0_x64__8wekyb3d8bbwe</Data>
<Data Name="Flags">0x00000620</Data>
</EventData>
</Event>

<Event xmlns="http://schemas.microsoft.com/win/2004/08/events/event"><System><Provider Name="Microsoft-Windows-AppXDeployment-Server" Guid="{3f471139-acb7-4a01-b7a7-ff5da4ba2d43}"></Provider>
<EventID Qualifiers="">854</EventID>
<Version>0</Version>
<Level>4</Level>
<Task>3</Task>
<Opcode>0</Opcode>
<Keywords>0x4000000000000001</Keywords>
<TimeCreated SystemTime="2022-05-07 01:20:05.405090"></TimeCreated>
<EventRecordID>247</EventRecordID>
<Correlation ActivityID="{824d2842-61b0-0003-6532-4d82b061d801}" RelatedActivityID=""></Correlation>
<Execution ProcessID="3236" ThreadID="4736"></Execution>
<Channel>Microsoft-Windows-AppXDeploymentServer/Operational</Channel>
<Computer>WIN-GE1PLB8KFNS</Computer>
<Security UserID="S-1-5-18"></Security>
</System>
<EventData><Data Name="Path"> C:\Program Files\WindowsApps\microsoft.net.native.runtime.2.2_2.2.28604.0_x64__8wekyb3d8bbwe\AppxManifest.xml</Data>
</EventData>
</Event>

<Event xmlns="http://schemas.microsoft.com/win/2004/08/events/event"><System><Provider Name="Microsoft-Windows-AppXDeployment-Server" Guid="{3f471139-acb7-4a01-b7a7-ff5da4ba2d43}"></Provider>
<EventID Qualifiers="">8100</EventID>
<Version>0</Version>
<Level>5</Level>
<Task>49</Task>
<Opcode>0</Opcode>
<Keywords>0x4000000000000001</Keywords>
<TimeCreated SystemTime="2022-05-07 01:20:05.427141"></TimeCreated>
<EventRecordID>248</EventRecordID>
<Correlation ActivityID="{824d2842-61b0-0003-6532-4d82b061d801}" RelatedActivityID=""></Correlation>
<Execution ProcessID="3236" ThreadID="4736"></Execution>
<Channel>Microsoft-Windows-AppXDeploymentServer/Operational</Channel>
<Computer>WIN-GE1PLB8KFNS</Computer>
<Security UserID="S-1-5-18"></Security>
</System>
<EventData><Data Name="PackageFullName">Microsoft.NET.Native.Runtime.2.2_2.2.28604.0_x64__8wekyb3d8bbwe</Data>
<Data Name="Flags">0x00000620</Data>
</EventData>
</Event>

<Event xmlns="http://schemas.microsoft.com/win/2004/08/events/event"><System><Provider Name="Microsoft-Windows-AppXDeployment-Server" Guid="{3f471139-acb7-4a01-b7a7-ff5da4ba2d43}"></Provider>
<EventID Qualifiers="">400</EventID>
<Version>0</Version>
<Level>4</Level>
<Task>3</Task>
<Opcode>2</Opcode>
<Keywords>0x4000000000000001</Keywords>
<TimeCreated SystemTime="2022-05-07 01:20:05.471888"></TimeCreated>
<EventRecordID>249</EventRecordID>
<Correlation ActivityID="{824d2842-61b0-0003-6532-4d82b061d801}" RelatedActivityID=""></Correlation>
<Execution ProcessID="3236" ThreadID="4736"></Execution>
<Channel>Microsoft-Windows-AppXDeploymentServer/Operational</Channel>
<Computer>WIN-GE1PLB8KFNS</Computer>
<Security UserID="S-1-5-18"></Security>
</System>
<EventData><Data Name="DeploymentOperation">12</Data>
<Data Name="PackageFullName">microsoft.net.native.runtime.2.2_2.2.28604.0_x64__8wekyb3d8bbwe</Data>
<Data Name="Path"> </Data>
<Data Name="MountPoint">C:</Data>
<Data Name="TargetPlatform">0x00000000</Data>
<Data Name="SystemVolume">True</Data>
<Data Name="StorageId">\\?\Volume{bf27b24f-9e98-4395-9110-325985ded282}</Data>
<Data Name="IsCentennial">False</Data>
<Data Name="PackageType">0x00000002</Data>
<Data Name="IsPackageEncrypted">False</Data>
<Data Name="DeploymentOptions">0x0000000010020020</Data>
<Data Name="IsStreamingPackage">False</Data>
<Data Name="IsInRelatedSet">False</Data>
<Data Name="IsPackageUsingBDC">False</Data>
<Data Name="MainPackageFamilyName">NULL</Data>
<Data Name="CallingProcess"></Data>
<Data Name="IsOptional">False</Data>
<Data Name="PackageFlags">0x00000008</Data>
<Data Name="PackageFlags2">0x00000800</Data>
<Data Name="HasWin32alacarte">False</Data>
<Data Name="HasFullTrust">False</Data>
<Data Name="ExternalLocation"></Data>
<Data Name="PackageSourceUri"></Data>
<Data Name="PackageDisplayName">Microsoft .Net Native Runtime Package 2.2</Data>
</EventData>
</Event>

<Event xmlns="http://schemas.microsoft.com/win/2004/08/events/event"><System><Provider Name="Microsoft-Windows-AppXDeployment-Server" Guid="{3f471139-acb7-4a01-b7a7-ff5da4ba2d43}"></Provider>
<EventID Qualifiers="">635</EventID>
<Version>0</Version>
<Level>4</Level>
<Task>3</Task>
<Opcode>0</Opcode>
<Keywords>0x4000000000000001</Keywords>
<TimeCreated SystemTime="2022-05-07 01:20:05.512239"></TimeCreated>
<EventRecordID>250</EventRecordID>
<Correlation ActivityID="{824d2842-61b0-0003-6532-4d82b061d801}" RelatedActivityID=""></Correlation>
<Execution ProcessID="3236" ThreadID="3268"></Execution>
<Channel>Microsoft-Windows-AppXDeploymentServer/Operational</Channel>
<Computer>WIN-GE1PLB8KFNS</Computer>
<Security UserID="S-1-5-18"></Security>
</System>
<EventData><Data Name="PackageFullName">microsoft.net.native.runtime.2.2_2.2.28604.0_x64__8wekyb3d8bbwe</Data>
<Data Name="Flags">1</Data>
<Data Name="HResult">0x00000000</Data>
</EventData>
</Event>

<Event xmlns="http://schemas.microsoft.com/win/2004/08/events/event"><System><Provider Name="Microsoft-Windows-AppXDeployment-Server" Guid="{3f471139-acb7-4a01-b7a7-ff5da4ba2d43}"></Provider>
<EventID Qualifiers="">633</EventID>
<Version>0</Version>
<Level>4</Level>
<Task>3</Task>
<Opcode>0</Opcode>
<Keywords>0x4000000000000001</Keywords>
<TimeCreated SystemTime="2022-05-07 01:20:05.513075"></TimeCreated>
<EventRecordID>251</EventRecordID>
<Correlation ActivityID="{824d2842-61b0-0000-e62b-4d82b061d801}" RelatedActivityID=""></Correlation>
<Execution ProcessID="3236" ThreadID="3268"></Execution>
<Channel>Microsoft-Windows-AppXDeploymentServer/Operational</Channel>
<Computer>WIN-GE1PLB8KFNS</Computer>
<Security UserID="S-1-5-18"></Security>
</System>
<EventData><Data Name="PackageFullName">microsoft.net.native.runtime.2.2_2.2.28604.0_x86__8wekyb3d8bbwe</Data>
<Data Name="IsInstalled">False</Data>
</EventData>
</Event>

<Event xmlns="http://schemas.microsoft.com/win/2004/08/events/event"><System><Provider Name="Microsoft-Windows-AppXDeployment-Server" Guid="{3f471139-acb7-4a01-b7a7-ff5da4ba2d43}"></Provider>
<EventID Qualifiers="">607</EventID>
<Version>0</Version>
<Level>4</Level>
<Task>0</Task>
<Opcode>0</Opcode>
<Keywords>0x4000000000000001</Keywords>
<TimeCreated SystemTime="2022-05-07 01:20:05.513737"></TimeCreated>
<EventRecordID>252</EventRecordID>
<Correlation ActivityID="{824d2842-61b0-0000-e62b-4d82b061d801}" RelatedActivityID=""></Correlation>
<Execution ProcessID="3236" ThreadID="4736"></Execution>
<Channel>Microsoft-Windows-AppXDeploymentServer/Operational</Channel>
<Computer>WIN-GE1PLB8KFNS</Computer>
<Security UserID="S-1-5-18"></Security>
</System>
<EventData><Data Name="DeploymentOperation">12</Data>
<Data Name="PackageFullName">microsoft.net.native.runtime.2.2_2.2.28604.0_x86__8wekyb3d8bbwe</Data>
<Data Name="UserSid">S-1-5-18</Data>
<Data Name="CallingProcess">NULL</Data>
</EventData>
</Event>

<Event xmlns="http://schemas.microsoft.com/win/2004/08/events/event"><System><Provider Name="Microsoft-Windows-AppXDeployment-Server" Guid="{3f471139-acb7-4a01-b7a7-ff5da4ba2d43}"></Provider>
<EventID Qualifiers="">8105</EventID>
<Version>0</Version>
<Level>5</Level>
<Task>49</Task>
<Opcode>0</Opcode>
<Keywords>0x4000000000000001</Keywords>
<TimeCreated SystemTime="2022-05-07 01:20:05.529753"></TimeCreated>
<EventRecordID>253</EventRecordID>
<Correlation ActivityID="{824d2842-61b0-0003-6532-4d82b061d801}" RelatedActivityID=""></Correlation>
<Execution ProcessID="3236" ThreadID="1232"></Execution>
<Channel>Microsoft-Windows-AppXDeploymentServer/Operational</Channel>
<Computer>WIN-GE1PLB8KFNS</Computer>
<Security UserID="S-1-5-18"></Security>
</System>
<EventData><Data Name="PackageFullName">Microsoft.NET.Native.Runtime.2.2_2.2.28604.0_x64__8wekyb3d8bbwe</Data>
<Data Name="NumberOfFiles">3</Data>
</EventData>
</Event>

<Event xmlns="http://schemas.microsoft.com/win/2004/08/events/event"><System><Provider Name="Microsoft-Windows-AppXDeployment-Server" Guid="{3f471139-acb7-4a01-b7a7-ff5da4ba2d43}"></Provider>
<EventID Qualifiers="">8101</EventID>
<Version>0</Version>
<Level>5</Level>
<Task>49</Task>
<Opcode>0</Opcode>
<Keywords>0x4000000000000001</Keywords>
<TimeCreated SystemTime="2022-05-07 01:20:05.529814"></TimeCreated>
<EventRecordID>254</EventRecordID>
<Correlation ActivityID="{824d2842-61b0-0003-6532-4d82b061d801}" RelatedActivityID=""></Correlation>
<Execution ProcessID="3236" ThreadID="1232"></Execution>
<Channel>Microsoft-Windows-AppXDeploymentServer/Operational</Channel>
<Computer>WIN-GE1PLB8KFNS</Computer>
<Security UserID="S-1-5-18"></Security>
</System>
<EventData><Data Name="PackageFullName">Microsoft.NET.Native.Runtime.2.2_2.2.28604.0_x64__8wekyb3d8bbwe</Data>
<Data Name="Flags">0x00000620</Data>
</EventData>
</Event>

<Event xmlns="http://schemas.microsoft.com/win/2004/08/events/event"><System><Provider Name="Microsoft-Windows-AppXDeployment-Server" Guid="{3f471139-acb7-4a01-b7a7-ff5da4ba2d43}"></Provider>
<EventID Qualifiers="">8105</EventID>
<Version>0</Version>
<Level>5</Level>
<Task>49</Task>
<Opcode>0</Opcode>
<Keywords>0x4000000000000001</Keywords>
<TimeCreated SystemTime="2022-05-07 01:20:05.563728"></TimeCreated>
<EventRecordID>255</EventRecordID>
<Correlation ActivityID="{824d2842-61b0-0001-2a2c-4d82b061d801}" RelatedActivityID=""></Correlation>
<Execution ProcessID="3236" ThreadID="1228"></Execution>
<Channel>Microsoft-Windows-AppXDeploymentServer/Operational</Channel>
<Computer>WIN-GE1PLB8KFNS</Computer>
<Security UserID="S-1-5-18"></Security>
</System>
<EventData><Data Name="PackageFullName">Microsoft.NET.Native.Framework.2.2_2.2.29512.0_x86__8wekyb3d8bbwe</Data>
<Data Name="NumberOfFiles">3</Data>
</EventData>
</Event>

<Event xmlns="http://schemas.microsoft.com/win/2004/08/events/event"><System><Provider Name="Microsoft-Windows-AppXDeployment-Server" Guid="{3f471139-acb7-4a01-b7a7-ff5da4ba2d43}"></Provider>
<EventID Qualifiers="">8101</EventID>
<Version>0</Version>
<Level>5</Level>
<Task>49</Task>
<Opcode>0</Opcode>
<Keywords>0x4000000000000001</Keywords>
<TimeCreated SystemTime="2022-05-07 01:20:05.563873"></TimeCreated>
<EventRecordID>256</EventRecordID>
<Correlation ActivityID="{824d2842-61b0-0001-2a2c-4d82b061d801}" RelatedActivityID=""></Correlation>
<Execution ProcessID="3236" ThreadID="1228"></Execution>
<Channel>Microsoft-Windows-AppXDeploymentServer/Operational</Channel>
<Computer>WIN-GE1PLB8KFNS</Computer>
<Security UserID="S-1-5-18"></Security>
</System>
<EventData><Data Name="PackageFullName">Microsoft.NET.Native.Framework.2.2_2.2.29512.0_x86__8wekyb3d8bbwe</Data>
<Data Name="Flags">0x00000620</Data>
</EventData>
</Event>

<Event xmlns="http://schemas.microsoft.com/win/2004/08/events/event"><System><Provider Name="Microsoft-Windows-AppXDeployment-Server" Guid="{3f471139-acb7-4a01-b7a7-ff5da4ba2d43}"></Provider>
<EventID Qualifiers="">854</EventID>
<Version>0</Version>
<Level>4</Level>
<Task>3</Task>
<Opcode>0</Opcode>
<Keywords>0x4000000000000001</Keywords>
<TimeCreated SystemTime="2022-05-07 01:20:05.578815"></TimeCreated>
<EventRecordID>257</EventRecordID>
<Correlation ActivityID="{824d2842-61b0-0000-e62b-4d82b061d801}" RelatedActivityID=""></Correlation>
<Execution ProcessID="3236" ThreadID="4736"></Execution>
<Channel>Microsoft-Windows-AppXDeploymentServer/Operational</Channel>
<Computer>WIN-GE1PLB8KFNS</Computer>
<Security UserID="S-1-5-18"></Security>
</System>
<EventData><Data Name="Path"> C:\Program Files\WindowsApps\microsoft.net.native.runtime.2.2_2.2.28604.0_x86__8wekyb3d8bbwe\AppxManifest.xml</Data>
</EventData>
</Event>

<Event xmlns="http://schemas.microsoft.com/win/2004/08/events/event"><System><Provider Name="Microsoft-Windows-AppXDeployment-Server" Guid="{3f471139-acb7-4a01-b7a7-ff5da4ba2d43}"></Provider>
<EventID Qualifiers="">8100</EventID>
<Version>0</Version>
<Level>5</Level>
<Task>49</Task>
<Opcode>0</Opcode>
<Keywords>0x4000000000000001</Keywords>
<TimeCreated SystemTime="2022-05-07 01:20:05.599194"></TimeCreated>
<EventRecordID>258</EventRecordID>
<Correlation ActivityID="{824d2842-61b0-0000-e62b-4d82b061d801}" RelatedActivityID=""></Correlation>
<Execution ProcessID="3236" ThreadID="4736"></Execution>
<Channel>Microsoft-Windows-AppXDeploymentServer/Operational</Channel>
<Computer>WIN-GE1PLB8KFNS</Computer>
<Security UserID="S-1-5-18"></Security>
</System>
<EventData><Data Name="PackageFullName">Microsoft.NET.Native.Runtime.2.2_2.2.28604.0_x86__8wekyb3d8bbwe</Data>
<Data Name="Flags">0x00000620</Data>
</EventData>
</Event>

<Event xmlns="http://schemas.microsoft.com/win/2004/08/events/event"><System><Provider Name="Microsoft-Windows-AppXDeployment-Server" Guid="{3f471139-acb7-4a01-b7a7-ff5da4ba2d43}"></Provider>
<EventID Qualifiers="">400</EventID>
<Version>0</Version>
<Level>4</Level>
<Task>3</Task>
<Opcode>2</Opcode>
<Keywords>0x4000000000000001</Keywords>
<TimeCreated SystemTime="2022-05-07 01:20:05.640448"></TimeCreated>
<EventRecordID>259</EventRecordID>
<Correlation ActivityID="{824d2842-61b0-0000-e62b-4d82b061d801}" RelatedActivityID=""></Correlation>
<Execution ProcessID="3236" ThreadID="4736"></Execution>
<Channel>Microsoft-Windows-AppXDeploymentServer/Operational</Channel>
<Computer>WIN-GE1PLB8KFNS</Computer>
<Security UserID="S-1-5-18"></Security>
</System>
<EventData><Data Name="DeploymentOperation">12</Data>
<Data Name="PackageFullName">microsoft.net.native.runtime.2.2_2.2.28604.0_x86__8wekyb3d8bbwe</Data>
<Data Name="Path"> </Data>
<Data Name="MountPoint">C:</Data>
<Data Name="TargetPlatform">0x00000000</Data>
<Data Name="SystemVolume">True</Data>
<Data Name="StorageId">\\?\Volume{bf27b24f-9e98-4395-9110-325985ded282}</Data>
<Data Name="IsCentennial">False</Data>
<Data Name="PackageType">0x00000002</Data>
<Data Name="IsPackageEncrypted">False</Data>
<Data Name="DeploymentOptions">0x0000000010020020</Data>
<Data Name="IsStreamingPackage">False</Data>
<Data Name="IsInRelatedSet">False</Data>
<Data Name="IsPackageUsingBDC">False</Data>
<Data Name="MainPackageFamilyName">NULL</Data>
<Data Name="CallingProcess"></Data>
<Data Name="IsOptional">False</Data>
<Data Name="PackageFlags">0x00000008</Data>
<Data Name="PackageFlags2">0x00000800</Data>
<Data Name="HasWin32alacarte">False</Data>
<Data Name="HasFullTrust">False</Data>
<Data Name="ExternalLocation"></Data>
<Data Name="PackageSourceUri"></Data>
<Data Name="PackageDisplayName">Microsoft .Net Native Runtime Package 2.2</Data>
</EventData>
</Event>

<Event xmlns="http://schemas.microsoft.com/win/2004/08/events/event"><System><Provider Name="Microsoft-Windows-AppXDeployment-Server" Guid="{3f471139-acb7-4a01-b7a7-ff5da4ba2d43}"></Provider>
<EventID Qualifiers="">635</EventID>
<Version>0</Version>
<Level>4</Level>
<Task>3</Task>
<Opcode>0</Opcode>
<Keywords>0x4000000000000001</Keywords>
<TimeCreated SystemTime="2022-05-07 01:20:05.685699"></TimeCreated>
<EventRecordID>260</EventRecordID>
<Correlation ActivityID="{824d2842-61b0-0000-e62b-4d82b061d801}" RelatedActivityID=""></Correlation>
<Execution ProcessID="3236" ThreadID="3268"></Execution>
<Channel>Microsoft-Windows-AppXDeploymentServer/Operational</Channel>
<Computer>WIN-GE1PLB8KFNS</Computer>
<Security UserID="S-1-5-18"></Security>
</System>
<EventData><Data Name="PackageFullName">microsoft.net.native.runtime.2.2_2.2.28604.0_x86__8wekyb3d8bbwe</Data>
<Data Name="Flags">1</Data>
<Data Name="HResult">0x00000000</Data>
</EventData>
</Event>

<Event xmlns="http://schemas.microsoft.com/win/2004/08/events/event"><System><Provider Name="Microsoft-Windows-AppXDeployment-Server" Guid="{3f471139-acb7-4a01-b7a7-ff5da4ba2d43}"></Provider>
<EventID Qualifiers="">633</EventID>
<Version>0</Version>
<Level>4</Level>
<Task>3</Task>
<Opcode>0</Opcode>
<Keywords>0x4000000000000001</Keywords>
<TimeCreated SystemTime="2022-05-07 01:20:05.686462"></TimeCreated>
<EventRecordID>261</EventRecordID>
<Correlation ActivityID="{824d2842-61b0-0001-3b2c-4d82b061d801}" RelatedActivityID=""></Correlation>
<Execution ProcessID="3236" ThreadID="3268"></Execution>
<Channel>Microsoft-Windows-AppXDeploymentServer/Operational</Channel>
<Computer>WIN-GE1PLB8KFNS</Computer>
<Security UserID="S-1-5-18"></Security>
</System>
<EventData><Data Name="PackageFullName">microsoft.paint_11.2203.2.0_neutral_~_8wekyb3d8bbwe</Data>
<Data Name="IsInstalled">False</Data>
</EventData>
</Event>

<Event xmlns="http://schemas.microsoft.com/win/2004/08/events/event"><System><Provider Name="Microsoft-Windows-AppXDeployment-Server" Guid="{3f471139-acb7-4a01-b7a7-ff5da4ba2d43}"></Provider>
<EventID Qualifiers="">607</EventID>
<Version>0</Version>
<Level>4</Level>
<Task>0</Task>
<Opcode>0</Opcode>
<Keywords>0x4000000000000001</Keywords>
<TimeCreated SystemTime="2022-05-07 01:20:05.686947"></TimeCreated>
<EventRecordID>262</EventRecordID>
<Correlation ActivityID="{824d2842-61b0-0001-3b2c-4d82b061d801}" RelatedActivityID=""></Correlation>
<Execution ProcessID="3236" ThreadID="4736"></Execution>
<Channel>Microsoft-Windows-AppXDeploymentServer/Operational</Channel>
<Computer>WIN-GE1PLB8KFNS</Computer>
<Security UserID="S-1-5-18"></Security>
</System>
<EventData><Data Name="DeploymentOperation">12</Data>
<Data Name="PackageFullName">microsoft.paint_11.2203.2.0_neutral_~_8wekyb3d8bbwe</Data>
<Data Name="UserSid">S-1-5-18</Data>
<Data Name="CallingProcess">NULL</Data>
</EventData>
</Event>

<Event xmlns="http://schemas.microsoft.com/win/2004/08/events/event"><System><Provider Name="Microsoft-Windows-AppXDeployment-Server" Guid="{3f471139-acb7-4a01-b7a7-ff5da4ba2d43}"></Provider>
<EventID Qualifiers="">8105</EventID>
<Version>0</Version>
<Level>5</Level>
<Task>49</Task>
<Opcode>0</Opcode>
<Keywords>0x4000000000000001</Keywords>
<TimeCreated SystemTime="2022-05-07 01:20:05.687143"></TimeCreated>
<EventRecordID>263</EventRecordID>
<Correlation ActivityID="{824d2842-61b0-0000-e62b-4d82b061d801}" RelatedActivityID=""></Correlation>
<Execution ProcessID="3236" ThreadID="1244"></Execution>
<Channel>Microsoft-Windows-AppXDeploymentServer/Operational</Channel>
<Computer>WIN-GE1PLB8KFNS</Computer>
<Security UserID="S-1-5-18"></Security>
</System>
<EventData><Data Name="PackageFullName">Microsoft.NET.Native.Runtime.2.2_2.2.28604.0_x86__8wekyb3d8bbwe</Data>
<Data Name="NumberOfFiles">3</Data>
</EventData>
</Event>

<Event xmlns="http://schemas.microsoft.com/win/2004/08/events/event"><System><Provider Name="Microsoft-Windows-AppXDeployment-Server" Guid="{3f471139-acb7-4a01-b7a7-ff5da4ba2d43}"></Provider>
<EventID Qualifiers="">8101</EventID>
<Version>0</Version>
<Level>5</Level>
<Task>49</Task>
<Opcode>0</Opcode>
<Keywords>0x4000000000000001</Keywords>
<TimeCreated SystemTime="2022-05-07 01:20:05.687185"></TimeCreated>
<EventRecordID>264</EventRecordID>
<Correlation ActivityID="{824d2842-61b0-0000-e62b-4d82b061d801}" RelatedActivityID=""></Correlation>
<Execution ProcessID="3236" ThreadID="1244"></Execution>
<Channel>Microsoft-Windows-AppXDeploymentServer/Operational</Channel>
<Computer>WIN-GE1PLB8KFNS</Computer>
<Security UserID="S-1-5-18"></Security>
</System>
<EventData><Data Name="PackageFullName">Microsoft.NET.Native.Runtime.2.2_2.2.28604.0_x86__8wekyb3d8bbwe</Data>
<Data Name="Flags">0x00000620</Data>
</EventData>
</Event>

