<?xml version="1.1" encoding="utf-8" standalone="yes" ?>

<Events>
<Event xmlns="http://schemas.microsoft.com/win/2004/08/events/event"><System><Provider Name="Microsoft-Windows-AppXDeployment" Guid="{8127f6d4-59f9-4abf-8952-3e3a02073d5f}"></Provider>
<EventID Qualifiers="">326</EventID>
<Version>0</Version>
<Level>5</Level>
<Task>0</Task>
<Opcode>0</Opcode>
<Keywords>0x4000000000010000</Keywords>
<TimeCreated SystemTime="2022-05-07 01:20:57.334192"></TimeCreated>
<EventRecordID>1</EventRecordID>
<Correlation ActivityID="" RelatedActivityID=""></Correlation>
<Execution ProcessID="3588" ThreadID="3732"></Execution>
<Channel>Microsoft-Windows-AppXDeployment/Operational</Channel>
<Computer>DESKTOP-DBOP9M0</Computer>
<Security UserID="S-1-5-18"></Security>
</System>
<EventData><Data Name="UserSid"></Data>
<Data Name="IsSpecialUserProfile">False</Data>
</EventData>
</Event>

<Event xmlns="http://schemas.microsoft.com/win/2004/08/events/event"><System><Provider Name="Microsoft-Windows-AppXDeployment" Guid="{8127f6d4-59f9-4abf-8952-3e3a02073d5f}"></Provider>
<EventID Qualifiers="">328</EventID>
<Version>0</Version>
<Level>2</Level>
<Task>0</Task>
<Opcode>0</Opcode>
<Keywords>0x4000000000010000</Keywords>
<TimeCreated SystemTime="2022-05-07 01:20:57.739897"></TimeCreated>
<EventRecordID>2</EventRecordID>
<Correlation ActivityID="" RelatedActivityID=""></Correlation>
<Execution ProcessID="3588" ThreadID="3732"></Execution>
<Channel>Microsoft-Windows-AppXDeployment/Operational</Channel>
<Computer>DESKTOP-DBOP9M0</Computer>
<Security UserID="S-1-5-18"></Security>
</System>
<EventData><Data Name="ErrorCode">0x80070539</Data>
</EventData>
</Event>

<Event xmlns="http://schemas.microsoft.com/win/2004/08/events/event"><System><Provider Name="Microsoft-Windows-AppXDeployment" Guid="{8127f6d4-59f9-4abf-8952-3e3a02073d5f}"></Provider>
<EventID Qualifiers="">326</EventID>
<Version>0</Version>
<Level>5</Level>
<Task>0</Task>
<Opcode>0</Opcode>
<Keywords>0x4000000000010000</Keywords>
<TimeCreated SystemTime="2022-05-06 15:21:06.981804"></TimeCreated>
<EventRecordID>3</EventRecordID>
<Correlation ActivityID="" RelatedActivityID=""></Correlation>
<Execution ProcessID="3588" ThreadID="3684"></Execution>
<Channel>Microsoft-Windows-AppXDeployment/Operational</Channel>
<Computer>DESKTOP-DBOP9M0</Computer>
<Security UserID="S-1-5-18"></Security>
</System>
<EventData><Data Name="UserSid">S-1-5-21-2389065719-3342106636-307857974-1000</Data>
<Data Name="IsSpecialUserProfile">False</Data>
</EventData>
</Event>

<Event xmlns="http://schemas.microsoft.com/win/2004/08/events/event"><System><Provider Name="Microsoft-Windows-AppXDeployment" Guid="{8127f6d4-59f9-4abf-8952-3e3a02073d5f}"></Provider>
<EventID Qualifiers="">327</EventID>
<Version>0</Version>
<Level>5</Level>
<Task>0</Task>
<Opcode>0</Opcode>
<Keywords>0x4000000000010000</Keywords>
<TimeCreated SystemTime="2022-05-06 15:21:06.996983"></TimeCreated>
<EventRecordID>4</EventRecordID>
<Correlation ActivityID="" RelatedActivityID=""></Correlation>
<Execution ProcessID="3588" ThreadID="3684"></Execution>
<Channel>Microsoft-Windows-AppXDeployment/Operational</Channel>
<Computer>DESKTOP-DBOP9M0</Computer>
<Security UserID="S-1-5-18"></Security>
</System>
<EventData><Data Name="InstallPackageList">Microsoft.Windows.CloudExperienceHost_10.0.22000.1_neutral_neutral_cw5n1h2txyewy Microsoft.BioEnrollment_10.0.19586.1000_neutral_neutral_cw5n1h2txyewy Microsoft.AAD.BrokerPlugin_1000.19580.1000.0_neutral_neutral_cw5n1h2txyewy Microsoft.Windows.OOBENetworkConnectionFlow_10.0.21302.1000_neutral_neutral_cw5n1h2txyewy Microsoft.Windows.OOBENetworkCaptivePortal_10.0.21302.1000_neutral_neutral_cw5n1h2txyewy MicrosoftWindows.UndockedDevKit_10.0.22000.1_neutral_neutral_cw5n1h2txyewy Microsoft.UI.Xaml.CBS_2.62107.16001.0_neutral_neutral_8wekyb3d8bbwe MicrosoftWindows.Client.CBS_1000.22000.652.0_neutral_neutral_cw5n1h2txyewy Microsoft.Windows.StartMenuExperienceHost_10.0.22000.37_neutral_neutral_cw5n1h2txyewy Microsoft.Windows.ShellExperienceHost_10.0.22000.71_neutral_neutral_cw5n1h2txyewy windows.immersivecontrolpanel_10.0.6.1000_neutral_neutral_cw5n1h2txyewy Microsoft.Windows.Search_1.16.0.22000_neutral_neutral_cw5n1h2txyewy Microsoft.549981C3F5F10_4.2203.4603.0_neutral_~_8wekyb3d8bbwe 1527c705-839a-4832-9118-54d4Bd6a0c89_10.0.19640.1000_neutral_neutral_cw5n1h2txyewy c5e2524a-ea46-4f67-841f-6a9465d9d515_10.0.22000.1_neutral_neutral_cw5n1h2txyewy E2A4F912-2574-4A75-9BB0-0D023378592B_10.0.19640.1000_neutral_neutral_cw5n1h2txyewy F46D4000-FD22-4DB4-AC8E-4E1DDDE828FE_10.0.22000.1_neutral_neutral_cw5n1h2txyewy Microsoft.AccountsControl_10.0.22000.1_neutral_neutral_cw5n1h2txyewy Microsoft.AsyncTextService_10.0.22000.1_neutral_neutral_8wekyb3d8bbwe Microsoft.CredDialogHost_10.0.19595.1001_neutral_neutral_cw5n1h2txyewy Microsoft.ECApp_10.0.22000.1_neutral_neutral_8wekyb3d8bbwe Microsoft.LockApp_10.0.22000.1_neutral_neutral_cw5n1h2txyewy Microsoft.MicrosoftEdgeDevToolsClient_10.0.22000.1_neutral__8wekyb3d8bbwe Microsoft.MicrosoftEdge_44.22000.120.0_neutral__8wekyb3d8bbwe Microsoft.Win32WebViewHost_10.0.22000.1_neutral_neutral_cw5n1h2txyewy Microsoft.Windows.AppRep.ChxApp_10.0.22000.1_neutral_neutral_cw5n1h2txyewy Microsoft.Windows.AssignedAccessLockApp_10.0.22000.1_neutral_neutral_cw5n1h2txyewy Microsoft.Windows.CallingShellApp_10.0.22000.1_neutral_neutral_cw5n1h2txyewy Microsoft.Windows.CapturePicker_10.0.19580.1000_neutral_neutral_cw5n1h2txyewy Microsoft.Windows.ContentDeliveryManager_10.0.22000.1_neutral_neutral_cw5n1h2txyewy Microsoft.Windows.NarratorQuickStart_10.0.22000.1_neutral_neutral_8wekyb3d8bbwe Microsoft.Windows.ParentalControls_10.0.22000.1_neutral_neutral_cw5n1h2txyewy Microsoft.Windows.PeopleExperienceHost_10.0.22000.1_neutral_neutral_cw5n1h2txyewy Microsoft.Windows.PinningConfirmationDialog_10.0.22000.1_neutral_neutral_cw5n1h2txyewy Microsoft.Windows.SecureAssessmentBrowser_10.0.22000.1_neutral_neutral_cw5n1h2txyewy Microsoft.Windows.XGpuEjectDialog_10.0.22000.1_neutral_neutral_cw5n1h2txyewy Microsoft.XboxGameCallableUI_10.0.22000.1_neutral_neutral_cw5n1h2txyewy NcsiUwpApp_10.0.22000.1_neutral_neutral_8wekyb3d8bbwe Windows.CBSPreview_10.0.19580.1000_neutral_neutral_cw5n1h2txyewy Windows.PrintDialog_6.2.1.0_neutral_neutral_cw5n1h2txyewy Microsoft.DesktopAppInstaller_2022.127.2322.0_neutral_~_8wekyb3d8bbwe Microsoft.GamingApp_2021.427.138.0_neutral_~_8wekyb3d8bbwe Microsoft.HEIFImageExtension_1.0.43012.0_x64__8wekyb3d8bbwe Microsoft.MicrosoftStickyNotes_4.1.2.0_neutral_~_8wekyb3d8bbwe Microsoft.Paint_11.2203.2.0_neutral_~_8wekyb3d8bbwe Microsoft.ScreenSketch_2022.2203.3.0_neutral_~_8wekyb3d8bbwe Microsoft.SecHealthUI_1000.22000.1.0_neutral__8wekyb3d8bbwe Microsoft.StorePurchaseApp_12203.44.0.0_neutral_~_8wekyb3d8bbwe Microsoft.UI.Xaml.2.4_2.42007.9001.0_x64__8wekyb3d8bbwe Microsoft.VCLibs.140.00_14.0.29231.0_x64__8wekyb3d8bbwe Microsoft.VP9VideoExtensions_1.0.50901.0_x64__8wekyb3d8bbwe Microsoft.WebMediaExtensions_1.0.42192.0_neutral_~_8wekyb3d8bbwe Microsoft.WebpImageExtension_1.0.42351.0_x64__8wekyb3d8bbwe Microsoft.Windows.Photos_2021.21120.8011.0_neutral_~_8wekyb3d8bbwe Microsoft.WindowsCalculator_2020.2012.21.0_neutral_~_8wekyb3d8bbwe Microsoft.WindowsCamera_2022.2203.5.0_neutral_~_8wekyb3d8bbwe Microsoft.WindowsNotepad_11.2203.10.0_neutral_~_8wekyb3d8bbwe Microsoft.WindowsStore_22204.1401.3.0_neutral_~_8wekyb3d8bbwe Microsoft.WindowsTerminal_3001.12.10983.0_neutral_~_8wekyb3d8bbwe Microsoft.Xbox.TCUI_1.24.10001.0_neutral_~_8wekyb3d8bbwe Microsoft.XboxGameOverlay_1.54.4001.0_neutral_~_8wekyb3d8bbwe Microsoft.XboxGamingOverlay_5.722.3302.0_neutral_~_8wekyb3d8bbwe Microsoft.XboxIdentityProvider_12.85.31001.0_neutral_~_8wekyb3d8bbwe Microsoft.XboxSpeechToTextOverlay_1.21.13002.0_neutral_~_8wekyb3d8bbwe MicrosoftTeams_22082.402.1279.2578_x64__8wekyb3d8bbwe MicrosoftWindows.Client.WebExperience_421.20070.305.0_neutral_~_cw5n1h2txyewy </Data>
<Data Name="RemovePackageList">NULL</Data>
</EventData>
</Event>

<Event xmlns="http://schemas.microsoft.com/win/2004/08/events/event"><System><Provider Name="Microsoft-Windows-AppXDeployment" Guid="{8127f6d4-59f9-4abf-8952-3e3a02073d5f}"></Provider>
<EventID Qualifiers="">326</EventID>
<Version>0</Version>
<Level>5</Level>
<Task>0</Task>
<Opcode>0</Opcode>
<Keywords>0x4000000000010000</Keywords>
<TimeCreated SystemTime="2022-05-06 15:23:14.808363"></TimeCreated>
<EventRecordID>5</EventRecordID>
<Correlation ActivityID="" RelatedActivityID=""></Correlation>
<Execution ProcessID="2324" ThreadID="4124"></Execution>
<Channel>Microsoft-Windows-AppXDeployment/Operational</Channel>
<Computer>Council-HQ</Computer>
<Security UserID="S-1-5-18"></Security>
</System>
<EventData><Data Name="UserSid">S-1-5-21-2389065719-3342106636-307857974-1000</Data>
<Data Name="IsSpecialUserProfile">False</Data>
</EventData>
</Event>

<Event xmlns="http://schemas.microsoft.com/win/2004/08/events/event"><System><Provider Name="Microsoft-Windows-AppXDeployment" Guid="{8127f6d4-59f9-4abf-8952-3e3a02073d5f}"></Provider>
<EventID Qualifiers="">327</EventID>
<Version>0</Version>
<Level>5</Level>
<Task>0</Task>
<Opcode>0</Opcode>
<Keywords>0x4000000000010000</Keywords>
<TimeCreated SystemTime="2022-05-06 15:23:14.877399"></TimeCreated>
<EventRecordID>6</EventRecordID>
<Correlation ActivityID="" RelatedActivityID=""></Correlation>
<Execution ProcessID="2324" ThreadID="4124"></Execution>
<Channel>Microsoft-Windows-AppXDeployment/Operational</Channel>
<Computer>Council-HQ</Computer>
<Security UserID="S-1-5-18"></Security>
</System>
<EventData><Data Name="InstallPackageList">windows.immersivecontrolpanel_10.0.6.1000_neutral_neutral_cw5n1h2txyewy Microsoft.Windows.Search_1.16.0.22000_neutral_neutral_cw5n1h2txyewy Microsoft.549981C3F5F10_4.2203.4603.0_neutral_~_8wekyb3d8bbwe 1527c705-839a-4832-9118-54d4Bd6a0c89_10.0.19640.1000_neutral_neutral_cw5n1h2txyewy c5e2524a-ea46-4f67-841f-6a9465d9d515_10.0.22000.1_neutral_neutral_cw5n1h2txyewy E2A4F912-2574-4A75-9BB0-0D023378592B_10.0.19640.1000_neutral_neutral_cw5n1h2txyewy F46D4000-FD22-4DB4-AC8E-4E1DDDE828FE_10.0.22000.1_neutral_neutral_cw5n1h2txyewy Microsoft.AccountsControl_10.0.22000.1_neutral_neutral_cw5n1h2txyewy Microsoft.AsyncTextService_10.0.22000.1_neutral_neutral_8wekyb3d8bbwe Microsoft.CredDialogHost_10.0.19595.1001_neutral_neutral_cw5n1h2txyewy Microsoft.ECApp_10.0.22000.1_neutral_neutral_8wekyb3d8bbwe Microsoft.LockApp_10.0.22000.1_neutral_neutral_cw5n1h2txyewy Microsoft.MicrosoftEdgeDevToolsClient_10.0.22000.1_neutral__8wekyb3d8bbwe Microsoft.MicrosoftEdge_44.22000.120.0_neutral__8wekyb3d8bbwe Microsoft.Win32WebViewHost_10.0.22000.1_neutral_neutral_cw5n1h2txyewy Microsoft.Windows.AppRep.ChxApp_10.0.22000.1_neutral_neutral_cw5n1h2txyewy Microsoft.Windows.AssignedAccessLockApp_10.0.22000.1_neutral_neutral_cw5n1h2txyewy Microsoft.Windows.CallingShellApp_10.0.22000.1_neutral_neutral_cw5n1h2txyewy Microsoft.Windows.CapturePicker_10.0.19580.1000_neutral_neutral_cw5n1h2txyewy Microsoft.Windows.NarratorQuickStart_10.0.22000.1_neutral_neutral_8wekyb3d8bbwe Microsoft.Windows.ParentalControls_10.0.22000.1_neutral_neutral_cw5n1h2txyewy Microsoft.Windows.PeopleExperienceHost_10.0.22000.1_neutral_neutral_cw5n1h2txyewy Microsoft.Windows.PinningConfirmationDialog_10.0.22000.1_neutral_neutral_cw5n1h2txyewy Microsoft.Windows.SecureAssessmentBrowser_10.0.22000.1_neutral_neutral_cw5n1h2txyewy Microsoft.Windows.XGpuEjectDialog_10.0.22000.1_neutral_neutral_cw5n1h2txyewy Microsoft.XboxGameCallableUI_10.0.22000.1_neutral_neutral_cw5n1h2txyewy NcsiUwpApp_10.0.22000.1_neutral_neutral_8wekyb3d8bbwe Windows.CBSPreview_10.0.19580.1000_neutral_neutral_cw5n1h2txyewy Windows.PrintDialog_6.2.1.0_neutral_neutral_cw5n1h2txyewy Microsoft.DesktopAppInstaller_2022.127.2322.0_neutral_~_8wekyb3d8bbwe Microsoft.GamingApp_2021.427.138.0_neutral_~_8wekyb3d8bbwe Microsoft.HEIFImageExtension_1.0.43012.0_x64__8wekyb3d8bbwe Microsoft.MicrosoftStickyNotes_4.1.2.0_neutral_~_8wekyb3d8bbwe Microsoft.Paint_11.2203.2.0_neutral_~_8wekyb3d8bbwe Microsoft.ScreenSketch_2022.2203.3.0_neutral_~_8wekyb3d8bbwe Microsoft.SecHealthUI_1000.22000.1.0_neutral__8wekyb3d8bbwe Microsoft.StorePurchaseApp_12203.44.0.0_neutral_~_8wekyb3d8bbwe Microsoft.UI.Xaml.2.4_2.42007.9001.0_x64__8wekyb3d8bbwe Microsoft.VCLibs.140.00_14.0.29231.0_x64__8wekyb3d8bbwe Microsoft.VP9VideoExtensions_1.0.50901.0_x64__8wekyb3d8bbwe Microsoft.WebMediaExtensions_1.0.42192.0_neutral_~_8wekyb3d8bbwe Microsoft.WebpImageExtension_1.0.42351.0_x64__8wekyb3d8bbwe Microsoft.Windows.Photos_2021.21120.8011.0_neutral_~_8wekyb3d8bbwe Microsoft.WindowsCalculator_2020.2012.21.0_neutral_~_8wekyb3d8bbwe Microsoft.WindowsCamera_2022.2203.5.0_neutral_~_8wekyb3d8bbwe Microsoft.WindowsNotepad_11.2203.10.0_neutral_~_8wekyb3d8bbwe Microsoft.WindowsStore_22204.1401.3.0_neutral_~_8wekyb3d8bbwe Microsoft.WindowsTerminal_3001.12.10983.0_neutral_~_8wekyb3d8bbwe Microsoft.Xbox.TCUI_1.24.10001.0_neutral_~_8wekyb3d8bbwe Microsoft.XboxGameOverlay_1.54.4001.0_neutral_~_8wekyb3d8bbwe Microsoft.XboxGamingOverlay_5.722.3302.0_neutral_~_8wekyb3d8bbwe Microsoft.XboxIdentityProvider_12.85.31001.0_neutral_~_8wekyb3d8bbwe Microsoft.XboxSpeechToTextOverlay_1.21.13002.0_neutral_~_8wekyb3d8bbwe MicrosoftTeams_22082.402.1279.2578_x64__8wekyb3d8bbwe MicrosoftWindows.Client.WebExperience_421.20070.305.0_neutral_~_cw5n1h2txyewy </Data>
<Data Name="RemovePackageList">NULL</Data>
</EventData>
</Event>

<Event xmlns="http://schemas.microsoft.com/win/2004/08/events/event"><System><Provider Name="Microsoft-Windows-AppXDeployment" Guid="{8127f6d4-59f9-4abf-8952-3e3a02073d5f}"></Provider>
<EventID Qualifiers="">326</EventID>
<Version>0</Version>
<Level>5</Level>
<Task>0</Task>
<Opcode>0</Opcode>
<Keywords>0x4000000000010000</Keywords>
<TimeCreated SystemTime="2022-05-06 15:24:36.872957"></TimeCreated>
<EventRecordID>7</EventRecordID>
<Correlation ActivityID="" RelatedActivityID=""></Correlation>
<Execution ProcessID="2324" ThreadID="4120"></Execution>
<Channel>Microsoft-Windows-AppXDeployment/Operational</Channel>
<Computer>Council-HQ</Computer>
<Security UserID="S-1-5-18"></Security>
</System>
<EventData><Data Name="UserSid">S-1-5-21-2389065719-3342106636-307857974-1001</Data>
<Data Name="IsSpecialUserProfile">False</Data>
</EventData>
</Event>

<Event xmlns="http://schemas.microsoft.com/win/2004/08/events/event"><System><Provider Name="Microsoft-Windows-AppXDeployment" Guid="{8127f6d4-59f9-4abf-8952-3e3a02073d5f}"></Provider>
<EventID Qualifiers="">327</EventID>
<Version>0</Version>
<Level>5</Level>
<Task>0</Task>
<Opcode>0</Opcode>
<Keywords>0x4000000000010000</Keywords>
<TimeCreated SystemTime="2022-05-06 15:24:36.888739"></TimeCreated>
<EventRecordID>8</EventRecordID>
<Correlation ActivityID="" RelatedActivityID=""></Correlation>
<Execution ProcessID="2324" ThreadID="4120"></Execution>
<Channel>Microsoft-Windows-AppXDeployment/Operational</Channel>
<Computer>Council-HQ</Computer>
<Security UserID="S-1-5-18"></Security>
</System>
<EventData><Data Name="InstallPackageList">Microsoft.Windows.CloudExperienceHost_10.0.22000.1_neutral_neutral_cw5n1h2txyewy Microsoft.BioEnrollment_10.0.19586.1000_neutral_neutral_cw5n1h2txyewy Microsoft.AAD.BrokerPlugin_1000.19580.1000.0_neutral_neutral_cw5n1h2txyewy Microsoft.Windows.OOBENetworkConnectionFlow_10.0.21302.1000_neutral_neutral_cw5n1h2txyewy Microsoft.Windows.OOBENetworkCaptivePortal_10.0.21302.1000_neutral_neutral_cw5n1h2txyewy MicrosoftWindows.UndockedDevKit_10.0.22000.1_neutral_neutral_cw5n1h2txyewy Microsoft.UI.Xaml.CBS_2.62107.16001.0_neutral_neutral_8wekyb3d8bbwe MicrosoftWindows.Client.CBS_1000.22000.652.0_neutral_neutral_cw5n1h2txyewy Microsoft.Windows.StartMenuExperienceHost_10.0.22000.37_neutral_neutral_cw5n1h2txyewy Microsoft.Windows.ShellExperienceHost_10.0.22000.71_neutral_neutral_cw5n1h2txyewy windows.immersivecontrolpanel_10.0.6.1000_neutral_neutral_cw5n1h2txyewy Microsoft.Windows.Search_1.16.0.22000_neutral_neutral_cw5n1h2txyewy Microsoft.549981C3F5F10_4.2203.4603.0_neutral_~_8wekyb3d8bbwe 1527c705-839a-4832-9118-54d4Bd6a0c89_10.0.19640.1000_neutral_neutral_cw5n1h2txyewy c5e2524a-ea46-4f67-841f-6a9465d9d515_10.0.22000.1_neutral_neutral_cw5n1h2txyewy E2A4F912-2574-4A75-9BB0-0D023378592B_10.0.19640.1000_neutral_neutral_cw5n1h2txyewy F46D4000-FD22-4DB4-AC8E-4E1DDDE828FE_10.0.22000.1_neutral_neutral_cw5n1h2txyewy Microsoft.AccountsControl_10.0.22000.1_neutral_neutral_cw5n1h2txyewy Microsoft.AsyncTextService_10.0.22000.1_neutral_neutral_8wekyb3d8bbwe Microsoft.CredDialogHost_10.0.19595.1001_neutral_neutral_cw5n1h2txyewy Microsoft.ECApp_10.0.22000.1_neutral_neutral_8wekyb3d8bbwe Microsoft.LockApp_10.0.22000.1_neutral_neutral_cw5n1h2txyewy Microsoft.MicrosoftEdgeDevToolsClient_10.0.22000.1_neutral__8wekyb3d8bbwe Microsoft.MicrosoftEdge_44.22000.120.0_neutral__8wekyb3d8bbwe Microsoft.Win32WebViewHost_10.0.22000.1_neutral_neutral_cw5n1h2txyewy Microsoft.Windows.AppRep.ChxApp_10.0.22000.1_neutral_neutral_cw5n1h2txyewy Microsoft.Windows.AssignedAccessLockApp_10.0.22000.1_neutral_neutral_cw5n1h2txyewy Microsoft.Windows.CallingShellApp_10.0.22000.1_neutral_neutral_cw5n1h2txyewy Microsoft.Windows.CapturePicker_10.0.19580.1000_neutral_neutral_cw5n1h2txyewy Microsoft.Windows.ContentDeliveryManager_10.0.22000.1_neutral_neutral_cw5n1h2txyewy Microsoft.Windows.NarratorQuickStart_10.0.22000.1_neutral_neutral_8wekyb3d8bbwe Microsoft.Windows.ParentalControls_10.0.22000.1_neutral_neutral_cw5n1h2txyewy Microsoft.Windows.PeopleExperienceHost_10.0.22000.1_neutral_neutral_cw5n1h2txyewy Microsoft.Windows.PinningConfirmationDialog_10.0.22000.1_neutral_neutral_cw5n1h2txyewy Microsoft.Windows.SecureAssessmentBrowser_10.0.22000.1_neutral_neutral_cw5n1h2txyewy Microsoft.Windows.XGpuEjectDialog_10.0.22000.1_neutral_neutral_cw5n1h2txyewy Microsoft.XboxGameCallableUI_10.0.22000.1_neutral_neutral_cw5n1h2txyewy NcsiUwpApp_10.0.22000.1_neutral_neutral_8wekyb3d8bbwe Windows.CBSPreview_10.0.19580.1000_neutral_neutral_cw5n1h2txyewy Windows.PrintDialog_6.2.1.0_neutral_neutral_cw5n1h2txyewy Microsoft.DesktopAppInstaller_2022.127.2322.0_neutral_~_8wekyb3d8bbwe Microsoft.GamingApp_2021.427.138.0_neutral_~_8wekyb3d8bbwe Microsoft.HEIFImageExtension_1.0.43012.0_x64__8wekyb3d8bbwe Microsoft.MicrosoftStickyNotes_4.1.2.0_neutral_~_8wekyb3d8bbwe Microsoft.Paint_11.2203.2.0_neutral_~_8wekyb3d8bbwe Microsoft.ScreenSketch_2022.2203.3.0_neutral_~_8wekyb3d8bbwe Microsoft.SecHealthUI_1000.22000.1.0_neutral__8wekyb3d8bbwe Microsoft.StorePurchaseApp_12203.44.0.0_neutral_~_8wekyb3d8bbwe Microsoft.UI.Xaml.2.4_2.42007.9001.0_x64__8wekyb3d8bbwe Microsoft.VCLibs.140.00_14.0.29231.0_x64__8wekyb3d8bbwe Microsoft.VP9VideoExtensions_1.0.50901.0_x64__8wekyb3d8bbwe Microsoft.WebMediaExtensions_1.0.42192.0_neutral_~_8wekyb3d8bbwe Microsoft.WebpImageExtension_1.0.42351.0_x64__8wekyb3d8bbwe Microsoft.Windows.Photos_2021.21120.8011.0_neutral_~_8wekyb3d8bbwe Microsoft.WindowsCalculator_2020.2012.21.0_neutral_~_8wekyb3d8bbwe Microsoft.WindowsCamera_2022.2203.5.0_neutral_~_8wekyb3d8bbwe Microsoft.WindowsNotepad_11.2203.10.0_neutral_~_8wekyb3d8bbwe Microsoft.WindowsStore_22204.1401.3.0_neutral_~_8wekyb3d8bbwe Microsoft.WindowsTerminal_3001.12.10983.0_neutral_~_8wekyb3d8bbwe Microsoft.Xbox.TCUI_1.24.10001.0_neutral_~_8wekyb3d8bbwe Microsoft.XboxGameOverlay_1.54.4001.0_neutral_~_8wekyb3d8bbwe Microsoft.XboxGamingOverlay_5.722.3302.0_neutral_~_8wekyb3d8bbwe Microsoft.XboxIdentityProvider_12.85.31001.0_neutral_~_8wekyb3d8bbwe Microsoft.XboxSpeechToTextOverlay_1.21.13002.0_neutral_~_8wekyb3d8bbwe MicrosoftTeams_22082.402.1279.2578_x64__8wekyb3d8bbwe MicrosoftWindows.Client.WebExperience_421.20070.305.0_neutral_~_cw5n1h2txyewy </Data>
<Data Name="RemovePackageList">NULL</Data>
</EventData>
</Event>

<Event xmlns="http://schemas.microsoft.com/win/2004/08/events/event"><System><Provider Name="Microsoft-Windows-AppXDeployment" Guid="{8127f6d4-59f9-4abf-8952-3e3a02073d5f}"></Provider>
<EventID Qualifiers="">326</EventID>
<Version>0</Version>
<Level>5</Level>
<Task>0</Task>
<Opcode>0</Opcode>
<Keywords>0x4000000000010000</Keywords>
<TimeCreated SystemTime="2022-05-06 15:24:47.092016"></TimeCreated>
<EventRecordID>9</EventRecordID>
<Correlation ActivityID="" RelatedActivityID=""></Correlation>
<Execution ProcessID="2324" ThreadID="2940"></Execution>
<Channel>Microsoft-Windows-AppXDeployment/Operational</Channel>
<Computer>Council-HQ</Computer>
<Security UserID="S-1-5-18"></Security>
</System>
<EventData><Data Name="UserSid">S-1-5-21-2389065719-3342106636-307857974-1001</Data>
<Data Name="IsSpecialUserProfile">False</Data>
</EventData>
</Event>

<Event xmlns="http://schemas.microsoft.com/win/2004/08/events/event"><System><Provider Name="Microsoft-Windows-AppXDeployment" Guid="{8127f6d4-59f9-4abf-8952-3e3a02073d5f}"></Provider>
<EventID Qualifiers="">327</EventID>
<Version>0</Version>
<Level>5</Level>
<Task>0</Task>
<Opcode>0</Opcode>
<Keywords>0x4000000000010000</Keywords>
<TimeCreated SystemTime="2022-05-06 15:24:47.126974"></TimeCreated>
<EventRecordID>10</EventRecordID>
<Correlation ActivityID="" RelatedActivityID=""></Correlation>
<Execution ProcessID="2324" ThreadID="2940"></Execution>
<Channel>Microsoft-Windows-AppXDeployment/Operational</Channel>
<Computer>Council-HQ</Computer>
<Security UserID="S-1-5-18"></Security>
</System>
<EventData><Data Name="InstallPackageList">MicrosoftWindows.UndockedDevKit_10.0.22000.1_neutral_neutral_cw5n1h2txyewy 1527c705-839a-4832-9118-54d4Bd6a0c89_10.0.19640.1000_neutral_neutral_cw5n1h2txyewy c5e2524a-ea46-4f67-841f-6a9465d9d515_10.0.22000.1_neutral_neutral_cw5n1h2txyewy E2A4F912-2574-4A75-9BB0-0D023378592B_10.0.19640.1000_neutral_neutral_cw5n1h2txyewy F46D4000-FD22-4DB4-AC8E-4E1DDDE828FE_10.0.22000.1_neutral_neutral_cw5n1h2txyewy Microsoft.AccountsControl_10.0.22000.1_neutral_neutral_cw5n1h2txyewy Microsoft.AsyncTextService_10.0.22000.1_neutral_neutral_8wekyb3d8bbwe Microsoft.CredDialogHost_10.0.19595.1001_neutral_neutral_cw5n1h2txyewy Microsoft.ECApp_10.0.22000.1_neutral_neutral_8wekyb3d8bbwe Microsoft.LockApp_10.0.22000.1_neutral_neutral_cw5n1h2txyewy Microsoft.MicrosoftEdgeDevToolsClient_10.0.22000.1_neutral__8wekyb3d8bbwe Microsoft.Win32WebViewHost_10.0.22000.1_neutral_neutral_cw5n1h2txyewy Microsoft.Windows.AppRep.ChxApp_10.0.22000.1_neutral_neutral_cw5n1h2txyewy Microsoft.Windows.AssignedAccessLockApp_10.0.22000.1_neutral_neutral_cw5n1h2txyewy Microsoft.Windows.CallingShellApp_10.0.22000.1_neutral_neutral_cw5n1h2txyewy Microsoft.Windows.CapturePicker_10.0.19580.1000_neutral_neutral_cw5n1h2txyewy Microsoft.Windows.NarratorQuickStart_10.0.22000.1_neutral_neutral_8wekyb3d8bbwe Microsoft.Windows.ParentalControls_10.0.22000.1_neutral_neutral_cw5n1h2txyewy Microsoft.Windows.PeopleExperienceHost_10.0.22000.1_neutral_neutral_cw5n1h2txyewy Microsoft.Windows.PinningConfirmationDialog_10.0.22000.1_neutral_neutral_cw5n1h2txyewy Microsoft.Windows.SecureAssessmentBrowser_10.0.22000.1_neutral_neutral_cw5n1h2txyewy Microsoft.Windows.XGpuEjectDialog_10.0.22000.1_neutral_neutral_cw5n1h2txyewy Microsoft.XboxGameCallableUI_10.0.22000.1_neutral_neutral_cw5n1h2txyewy NcsiUwpApp_10.0.22000.1_neutral_neutral_8wekyb3d8bbwe Windows.CBSPreview_10.0.19580.1000_neutral_neutral_cw5n1h2txyewy Windows.PrintDialog_6.2.1.0_neutral_neutral_cw5n1h2txyewy Microsoft.DesktopAppInstaller_2022.127.2322.0_neutral_~_8wekyb3d8bbwe Microsoft.GamingApp_2021.427.138.0_neutral_~_8wekyb3d8bbwe Microsoft.HEIFImageExtension_1.0.43012.0_x64__8wekyb3d8bbwe Microsoft.MicrosoftStickyNotes_4.1.2.0_neutral_~_8wekyb3d8bbwe Microsoft.Paint_11.2203.2.0_neutral_~_8wekyb3d8bbwe Microsoft.ScreenSketch_2022.2203.3.0_neutral_~_8wekyb3d8bbwe Microsoft.SecHealthUI_1000.22000.1.0_neutral__8wekyb3d8bbwe Microsoft.StorePurchaseApp_12203.44.0.0_neutral_~_8wekyb3d8bbwe Microsoft.VCLibs.140.00_14.0.29231.0_x64__8wekyb3d8bbwe Microsoft.VP9VideoExtensions_1.0.50901.0_x64__8wekyb3d8bbwe Microsoft.WebMediaExtensions_1.0.42192.0_neutral_~_8wekyb3d8bbwe Microsoft.WebpImageExtension_1.0.42351.0_x64__8wekyb3d8bbwe Microsoft.Windows.Photos_2021.21120.8011.0_neutral_~_8wekyb3d8bbwe Microsoft.WindowsCalculator_2020.2012.21.0_neutral_~_8wekyb3d8bbwe Microsoft.WindowsCamera_2022.2203.5.0_neutral_~_8wekyb3d8bbwe Microsoft.WindowsNotepad_11.2203.10.0_neutral_~_8wekyb3d8bbwe Microsoft.WindowsStore_22204.1401.3.0_neutral_~_8wekyb3d8bbwe Microsoft.WindowsTerminal_3001.12.10983.0_neutral_~_8wekyb3d8bbwe Microsoft.Xbox.TCUI_1.24.10001.0_neutral_~_8wekyb3d8bbwe Microsoft.XboxGameOverlay_1.54.4001.0_neutral_~_8wekyb3d8bbwe Microsoft.XboxGamingOverlay_5.722.3302.0_neutral_~_8wekyb3d8bbwe Microsoft.XboxIdentityProvider_12.85.31001.0_neutral_~_8wekyb3d8bbwe Microsoft.XboxSpeechToTextOverlay_1.21.13002.0_neutral_~_8wekyb3d8bbwe MicrosoftTeams_22082.402.1279.2578_x64__8wekyb3d8bbwe </Data>
<Data Name="RemovePackageList">NULL</Data>
</EventData>
</Event>

<Event xmlns="http://schemas.microsoft.com/win/2004/08/events/event"><System><Provider Name="Microsoft-Windows-AppXDeployment" Guid="{8127f6d4-59f9-4abf-8952-3e3a02073d5f}"></Provider>
<EventID Qualifiers="">326</EventID>
<Version>0</Version>
<Level>5</Level>
<Task>0</Task>
<Opcode>0</Opcode>
<Keywords>0x4000000000010000</Keywords>
<TimeCreated SystemTime="2022-05-06 15:36:39.204290"></TimeCreated>
<EventRecordID>11</EventRecordID>
<Correlation ActivityID="" RelatedActivityID=""></Correlation>
<Execution ProcessID="4336" ThreadID="4380"></Execution>
<Channel>Microsoft-Windows-AppXDeployment/Operational</Channel>
<Computer>Council-HQ</Computer>
<Security UserID="S-1-5-18"></Security>
</System>
<EventData><Data Name="UserSid">S-1-5-21-2389065719-3342106636-307857974-1001</Data>
<Data Name="IsSpecialUserProfile">False</Data>
</EventData>
</Event>

<Event xmlns="http://schemas.microsoft.com/win/2004/08/events/event"><System><Provider Name="Microsoft-Windows-AppXDeployment" Guid="{8127f6d4-59f9-4abf-8952-3e3a02073d5f}"></Provider>
<EventID Qualifiers="">327</EventID>
<Version>0</Version>
<Level>5</Level>
<Task>0</Task>
<Opcode>0</Opcode>
<Keywords>0x4000000000010000</Keywords>
<TimeCreated SystemTime="2022-05-06 15:36:39.378803"></TimeCreated>
<EventRecordID>12</EventRecordID>
<Correlation ActivityID="" RelatedActivityID=""></Correlation>
<Execution ProcessID="4336" ThreadID="4380"></Execution>
<Channel>Microsoft-Windows-AppXDeployment/Operational</Channel>
<Computer>Council-HQ</Computer>
<Security UserID="S-1-5-18"></Security>
</System>
<EventData><Data Name="InstallPackageList">MicrosoftWindows.UndockedDevKit_10.0.22000.1_neutral_neutral_cw5n1h2txyewy 1527c705-839a-4832-9118-54d4Bd6a0c89_10.0.19640.1000_neutral_neutral_cw5n1h2txyewy c5e2524a-ea46-4f67-841f-6a9465d9d515_10.0.22000.1_neutral_neutral_cw5n1h2txyewy E2A4F912-2574-4A75-9BB0-0D023378592B_10.0.19640.1000_neutral_neutral_cw5n1h2txyewy F46D4000-FD22-4DB4-AC8E-4E1DDDE828FE_10.0.22000.1_neutral_neutral_cw5n1h2txyewy Microsoft.AccountsControl_10.0.22000.1_neutral_neutral_cw5n1h2txyewy Microsoft.AsyncTextService_10.0.22000.1_neutral_neutral_8wekyb3d8bbwe Microsoft.CredDialogHost_10.0.19595.1001_neutral_neutral_cw5n1h2txyewy Microsoft.ECApp_10.0.22000.1_neutral_neutral_8wekyb3d8bbwe Microsoft.LockApp_10.0.22000.1_neutral_neutral_cw5n1h2txyewy Microsoft.MicrosoftEdgeDevToolsClient_10.0.22000.1_neutral__8wekyb3d8bbwe Microsoft.Win32WebViewHost_10.0.22000.1_neutral_neutral_cw5n1h2txyewy Microsoft.Windows.AppRep.ChxApp_10.0.22000.1_neutral_neutral_cw5n1h2txyewy Microsoft.Windows.AssignedAccessLockApp_10.0.22000.1_neutral_neutral_cw5n1h2txyewy Microsoft.Windows.CallingShellApp_10.0.22000.1_neutral_neutral_cw5n1h2txyewy Microsoft.Windows.CapturePicker_10.0.19580.1000_neutral_neutral_cw5n1h2txyewy Microsoft.Windows.NarratorQuickStart_10.0.22000.1_neutral_neutral_8wekyb3d8bbwe Microsoft.Windows.ParentalControls_10.0.22000.1_neutral_neutral_cw5n1h2txyewy Microsoft.Windows.PeopleExperienceHost_10.0.22000.1_neutral_neutral_cw5n1h2txyewy Microsoft.Windows.PinningConfirmationDialog_10.0.22000.1_neutral_neutral_cw5n1h2txyewy Microsoft.Windows.SecureAssessmentBrowser_10.0.22000.1_neutral_neutral_cw5n1h2txyewy Microsoft.Windows.XGpuEjectDialog_10.0.22000.1_neutral_neutral_cw5n1h2txyewy Microsoft.XboxGameCallableUI_10.0.22000.1_neutral_neutral_cw5n1h2txyewy NcsiUwpApp_10.0.22000.1_neutral_neutral_8wekyb3d8bbwe Windows.CBSPreview_10.0.19580.1000_neutral_neutral_cw5n1h2txyewy Windows.PrintDialog_6.2.1.0_neutral_neutral_cw5n1h2txyewy Microsoft.DesktopAppInstaller_2022.127.2322.0_neutral_~_8wekyb3d8bbwe Microsoft.GamingApp_2021.427.138.0_neutral_~_8wekyb3d8bbwe Microsoft.HEIFImageExtension_1.0.43012.0_x64__8wekyb3d8bbwe Microsoft.MicrosoftStickyNotes_4.1.2.0_neutral_~_8wekyb3d8bbwe Microsoft.SecHealthUI_1000.22000.1.0_neutral__8wekyb3d8bbwe Microsoft.StorePurchaseApp_12203.44.0.0_neutral_~_8wekyb3d8bbwe Microsoft.VCLibs.140.00_14.0.29231.0_x64__8wekyb3d8bbwe Microsoft.VP9VideoExtensions_1.0.50901.0_x64__8wekyb3d8bbwe Microsoft.WebMediaExtensions_1.0.42192.0_neutral_~_8wekyb3d8bbwe Microsoft.WebpImageExtension_1.0.42351.0_x64__8wekyb3d8bbwe Microsoft.WindowsCalculator_2020.2012.21.0_neutral_~_8wekyb3d8bbwe Microsoft.WindowsTerminal_3001.12.10983.0_neutral_~_8wekyb3d8bbwe Microsoft.Xbox.TCUI_1.24.10001.0_neutral_~_8wekyb3d8bbwe Microsoft.XboxGameOverlay_1.54.4001.0_neutral_~_8wekyb3d8bbwe Microsoft.XboxGamingOverlay_5.722.3302.0_neutral_~_8wekyb3d8bbwe Microsoft.XboxSpeechToTextOverlay_1.21.13002.0_neutral_~_8wekyb3d8bbwe MicrosoftTeams_22082.402.1279.2578_x64__8wekyb3d8bbwe </Data>
<Data Name="RemovePackageList">NULL</Data>
</EventData>
</Event>

<Event xmlns="http://schemas.microsoft.com/win/2004/08/events/event"><System><Provider Name="Microsoft-Windows-AppXDeployment" Guid="{8127f6d4-59f9-4abf-8952-3e3a02073d5f}"></Provider>
<EventID Qualifiers="">326</EventID>
<Version>0</Version>
<Level>5</Level>
<Task>0</Task>
<Opcode>0</Opcode>
<Keywords>0x4000000000010000</Keywords>
<TimeCreated SystemTime="2022-05-06 15:40:49.989407"></TimeCreated>
<EventRecordID>13</EventRecordID>
<Correlation ActivityID="" RelatedActivityID=""></Correlation>
<Execution ProcessID="3652" ThreadID="4940"></Execution>
<Channel>Microsoft-Windows-AppXDeployment/Operational</Channel>
<Computer>Council-HQ</Computer>
<Security UserID="S-1-5-18"></Security>
</System>
<EventData><Data Name="UserSid">S-1-5-21-2389065719-3342106636-307857974-1002</Data>
<Data Name="IsSpecialUserProfile">False</Data>
</EventData>
</Event>

<Event xmlns="http://schemas.microsoft.com/win/2004/08/events/event"><System><Provider Name="Microsoft-Windows-AppXDeployment" Guid="{8127f6d4-59f9-4abf-8952-3e3a02073d5f}"></Provider>
<EventID Qualifiers="">327</EventID>
<Version>0</Version>
<Level>5</Level>
<Task>0</Task>
<Opcode>0</Opcode>
<Keywords>0x4000000000010000</Keywords>
<TimeCreated SystemTime="2022-05-06 15:40:50.025866"></TimeCreated>
<EventRecordID>14</EventRecordID>
<Correlation ActivityID="" RelatedActivityID=""></Correlation>
<Execution ProcessID="3652" ThreadID="4940"></Execution>
<Channel>Microsoft-Windows-AppXDeployment/Operational</Channel>
<Computer>Council-HQ</Computer>
<Security UserID="S-1-5-18"></Security>
</System>
<EventData><Data Name="InstallPackageList">Microsoft.Windows.CloudExperienceHost_10.0.22000.1_neutral_neutral_cw5n1h2txyewy Microsoft.BioEnrollment_10.0.19586.1000_neutral_neutral_cw5n1h2txyewy Microsoft.AAD.BrokerPlugin_1000.19580.1000.0_neutral_neutral_cw5n1h2txyewy Microsoft.Windows.OOBENetworkConnectionFlow_10.0.21302.1000_neutral_neutral_cw5n1h2txyewy Microsoft.Windows.OOBENetworkCaptivePortal_10.0.21302.1000_neutral_neutral_cw5n1h2txyewy MicrosoftWindows.UndockedDevKit_10.0.22000.1_neutral_neutral_cw5n1h2txyewy Microsoft.UI.Xaml.CBS_2.62107.16001.0_neutral_neutral_8wekyb3d8bbwe MicrosoftWindows.Client.CBS_1000.22000.652.0_neutral_neutral_cw5n1h2txyewy Microsoft.Windows.StartMenuExperienceHost_10.0.22000.37_neutral_neutral_cw5n1h2txyewy Microsoft.Windows.ShellExperienceHost_10.0.22000.71_neutral_neutral_cw5n1h2txyewy windows.immersivecontrolpanel_10.0.6.1000_neutral_neutral_cw5n1h2txyewy Microsoft.Windows.Search_1.16.0.22000_neutral_neutral_cw5n1h2txyewy Microsoft.549981C3F5F10_4.2203.4603.0_neutral_~_8wekyb3d8bbwe 1527c705-839a-4832-9118-54d4Bd6a0c89_10.0.19640.1000_neutral_neutral_cw5n1h2txyewy c5e2524a-ea46-4f67-841f-6a9465d9d515_10.0.22000.1_neutral_neutral_cw5n1h2txyewy E2A4F912-2574-4A75-9BB0-0D023378592B_10.0.19640.1000_neutral_neutral_cw5n1h2txyewy F46D4000-FD22-4DB4-AC8E-4E1DDDE828FE_10.0.22000.1_neutral_neutral_cw5n1h2txyewy Microsoft.AccountsControl_10.0.22000.1_neutral_neutral_cw5n1h2txyewy Microsoft.AsyncTextService_10.0.22000.1_neutral_neutral_8wekyb3d8bbwe Microsoft.CredDialogHost_10.0.19595.1001_neutral_neutral_cw5n1h2txyewy Microsoft.ECApp_10.0.22000.1_neutral_neutral_8wekyb3d8bbwe Microsoft.LockApp_10.0.22000.1_neutral_neutral_cw5n1h2txyewy Microsoft.MicrosoftEdgeDevToolsClient_10.0.22000.1_neutral__8wekyb3d8bbwe Microsoft.MicrosoftEdge_44.22000.120.0_neutral__8wekyb3d8bbwe Microsoft.Win32WebViewHost_10.0.22000.1_neutral_neutral_cw5n1h2txyewy Microsoft.Windows.AppRep.ChxApp_10.0.22000.1_neutral_neutral_cw5n1h2txyewy Microsoft.Windows.AssignedAccessLockApp_10.0.22000.1_neutral_neutral_cw5n1h2txyewy Microsoft.Windows.CallingShellApp_10.0.22000.1_neutral_neutral_cw5n1h2txyewy Microsoft.Windows.CapturePicker_10.0.19580.1000_neutral_neutral_cw5n1h2txyewy Microsoft.Windows.ContentDeliveryManager_10.0.22000.1_neutral_neutral_cw5n1h2txyewy Microsoft.Windows.NarratorQuickStart_10.0.22000.1_neutral_neutral_8wekyb3d8bbwe Microsoft.Windows.ParentalControls_10.0.22000.1_neutral_neutral_cw5n1h2txyewy Microsoft.Windows.PeopleExperienceHost_10.0.22000.1_neutral_neutral_cw5n1h2txyewy Microsoft.Windows.PinningConfirmationDialog_10.0.22000.1_neutral_neutral_cw5n1h2txyewy Microsoft.Windows.SecureAssessmentBrowser_10.0.22000.1_neutral_neutral_cw5n1h2txyewy Microsoft.Windows.XGpuEjectDialog_10.0.22000.1_neutral_neutral_cw5n1h2txyewy Microsoft.XboxGameCallableUI_10.0.22000.1_neutral_neutral_cw5n1h2txyewy NcsiUwpApp_10.0.22000.1_neutral_neutral_8wekyb3d8bbwe Windows.CBSPreview_10.0.19580.1000_neutral_neutral_cw5n1h2txyewy Windows.PrintDialog_6.2.1.0_neutral_neutral_cw5n1h2txyewy Microsoft.DesktopAppInstaller_2022.127.2322.0_neutral_~_8wekyb3d8bbwe Microsoft.GamingApp_2021.427.138.0_neutral_~_8wekyb3d8bbwe Microsoft.HEIFImageExtension_1.0.43012.0_x64__8wekyb3d8bbwe Microsoft.MicrosoftStickyNotes_4.1.2.0_neutral_~_8wekyb3d8bbwe Microsoft.Paint_11.2203.2.0_neutral_~_8wekyb3d8bbwe Microsoft.ScreenSketch_2022.2203.3.0_neutral_~_8wekyb3d8bbwe Microsoft.SecHealthUI_1000.22000.1.0_neutral__8wekyb3d8bbwe Microsoft.StorePurchaseApp_12203.44.0.0_neutral_~_8wekyb3d8bbwe Microsoft.UI.Xaml.2.4_2.42007.9001.0_x64__8wekyb3d8bbwe Microsoft.VCLibs.140.00_14.0.29231.0_x64__8wekyb3d8bbwe Microsoft.VP9VideoExtensions_1.0.50901.0_x64__8wekyb3d8bbwe Microsoft.WebMediaExtensions_1.0.42192.0_neutral_~_8wekyb3d8bbwe Microsoft.WebpImageExtension_1.0.42351.0_x64__8wekyb3d8bbwe Microsoft.Windows.Photos_2021.21120.8011.0_neutral_~_8wekyb3d8bbwe Microsoft.WindowsCalculator_2020.2012.21.0_neutral_~_8wekyb3d8bbwe Microsoft.WindowsCamera_2022.2203.5.0_neutral_~_8wekyb3d8bbwe Microsoft.WindowsNotepad_11.2203.10.0_neutral_~_8wekyb3d8bbwe Microsoft.WindowsStore_22204.1401.3.0_neutral_~_8wekyb3d8bbwe Microsoft.WindowsTerminal_3001.12.10983.0_neutral_~_8wekyb3d8bbwe Microsoft.Xbox.TCUI_1.24.10001.0_neutral_~_8wekyb3d8bbwe Microsoft.XboxGameOverlay_1.54.4001.0_neutral_~_8wekyb3d8bbwe Microsoft.XboxGamingOverlay_5.722.3302.0_neutral_~_8wekyb3d8bbwe Microsoft.XboxIdentityProvider_12.85.31001.0_neutral_~_8wekyb3d8bbwe Microsoft.XboxSpeechToTextOverlay_1.21.13002.0_neutral_~_8wekyb3d8bbwe MicrosoftTeams_22082.402.1279.2578_x64__8wekyb3d8bbwe MicrosoftWindows.Client.WebExperience_421.20070.305.0_neutral_~_cw5n1h2txyewy </Data>
<Data Name="RemovePackageList">NULL</Data>
</EventData>
</Event>

<Event xmlns="http://schemas.microsoft.com/win/2004/08/events/event"><System><Provider Name="Microsoft-Windows-AppXDeployment" Guid="{8127f6d4-59f9-4abf-8952-3e3a02073d5f}"></Provider>
<EventID Qualifiers="">326</EventID>
<Version>0</Version>
<Level>5</Level>
<Task>0</Task>
<Opcode>0</Opcode>
<Keywords>0x4000000000010000</Keywords>
<TimeCreated SystemTime="2022-05-06 15:40:54.837967"></TimeCreated>
<EventRecordID>15</EventRecordID>
<Correlation ActivityID="" RelatedActivityID=""></Correlation>
<Execution ProcessID="3652" ThreadID="2820"></Execution>
<Channel>Microsoft-Windows-AppXDeployment/Operational</Channel>
<Computer>Council-HQ</Computer>
<Security UserID="S-1-5-18"></Security>
</System>
<EventData><Data Name="UserSid">S-1-5-21-2389065719-3342106636-307857974-1002</Data>
<Data Name="IsSpecialUserProfile">False</Data>
</EventData>
</Event>

<Event xmlns="http://schemas.microsoft.com/win/2004/08/events/event"><System><Provider Name="Microsoft-Windows-AppXDeployment" Guid="{8127f6d4-59f9-4abf-8952-3e3a02073d5f}"></Provider>
<EventID Qualifiers="">327</EventID>
<Version>0</Version>
<Level>5</Level>
<Task>0</Task>
<Opcode>0</Opcode>
<Keywords>0x4000000000010000</Keywords>
<TimeCreated SystemTime="2022-05-06 15:40:54.874441"></TimeCreated>
<EventRecordID>16</EventRecordID>
<Correlation ActivityID="" RelatedActivityID=""></Correlation>
<Execution ProcessID="3652" ThreadID="2820"></Execution>
<Channel>Microsoft-Windows-AppXDeployment/Operational</Channel>
<Computer>Council-HQ</Computer>
<Security UserID="S-1-5-18"></Security>
</System>
<EventData><Data Name="InstallPackageList">MicrosoftWindows.UndockedDevKit_10.0.22000.1_neutral_neutral_cw5n1h2txyewy 1527c705-839a-4832-9118-54d4Bd6a0c89_10.0.19640.1000_neutral_neutral_cw5n1h2txyewy c5e2524a-ea46-4f67-841f-6a9465d9d515_10.0.22000.1_neutral_neutral_cw5n1h2txyewy E2A4F912-2574-4A75-9BB0-0D023378592B_10.0.19640.1000_neutral_neutral_cw5n1h2txyewy F46D4000-FD22-4DB4-AC8E-4E1DDDE828FE_10.0.22000.1_neutral_neutral_cw5n1h2txyewy Microsoft.AccountsControl_10.0.22000.1_neutral_neutral_cw5n1h2txyewy Microsoft.AsyncTextService_10.0.22000.1_neutral_neutral_8wekyb3d8bbwe Microsoft.CredDialogHost_10.0.19595.1001_neutral_neutral_cw5n1h2txyewy Microsoft.ECApp_10.0.22000.1_neutral_neutral_8wekyb3d8bbwe Microsoft.LockApp_10.0.22000.1_neutral_neutral_cw5n1h2txyewy Microsoft.MicrosoftEdgeDevToolsClient_10.0.22000.1_neutral__8wekyb3d8bbwe Microsoft.Win32WebViewHost_10.0.22000.1_neutral_neutral_cw5n1h2txyewy Microsoft.Windows.AppRep.ChxApp_10.0.22000.1_neutral_neutral_cw5n1h2txyewy Microsoft.Windows.AssignedAccessLockApp_10.0.22000.1_neutral_neutral_cw5n1h2txyewy Microsoft.Windows.CallingShellApp_10.0.22000.1_neutral_neutral_cw5n1h2txyewy Microsoft.Windows.CapturePicker_10.0.19580.1000_neutral_neutral_cw5n1h2txyewy Microsoft.Windows.NarratorQuickStart_10.0.22000.1_neutral_neutral_8wekyb3d8bbwe Microsoft.Windows.ParentalControls_10.0.22000.1_neutral_neutral_cw5n1h2txyewy Microsoft.Windows.PeopleExperienceHost_10.0.22000.1_neutral_neutral_cw5n1h2txyewy Microsoft.Windows.PinningConfirmationDialog_10.0.22000.1_neutral_neutral_cw5n1h2txyewy Microsoft.Windows.SecureAssessmentBrowser_10.0.22000.1_neutral_neutral_cw5n1h2txyewy Microsoft.Windows.XGpuEjectDialog_10.0.22000.1_neutral_neutral_cw5n1h2txyewy Microsoft.XboxGameCallableUI_10.0.22000.1_neutral_neutral_cw5n1h2txyewy NcsiUwpApp_10.0.22000.1_neutral_neutral_8wekyb3d8bbwe Windows.CBSPreview_10.0.19580.1000_neutral_neutral_cw5n1h2txyewy Windows.PrintDialog_6.2.1.0_neutral_neutral_cw5n1h2txyewy Microsoft.DesktopAppInstaller_2022.127.2322.0_neutral_~_8wekyb3d8bbwe Microsoft.GamingApp_2021.427.138.0_neutral_~_8wekyb3d8bbwe Microsoft.HEIFImageExtension_1.0.43012.0_x64__8wekyb3d8bbwe Microsoft.MicrosoftStickyNotes_4.1.2.0_neutral_~_8wekyb3d8bbwe Microsoft.Paint_11.2203.2.0_neutral_~_8wekyb3d8bbwe Microsoft.ScreenSketch_2022.2203.3.0_neutral_~_8wekyb3d8bbwe Microsoft.SecHealthUI_1000.22000.1.0_neutral__8wekyb3d8bbwe Microsoft.StorePurchaseApp_12203.44.0.0_neutral_~_8wekyb3d8bbwe Microsoft.VCLibs.140.00_14.0.29231.0_x64__8wekyb3d8bbwe Microsoft.VP9VideoExtensions_1.0.50901.0_x64__8wekyb3d8bbwe Microsoft.WebMediaExtensions_1.0.42192.0_neutral_~_8wekyb3d8bbwe Microsoft.WebpImageExtension_1.0.42351.0_x64__8wekyb3d8bbwe Microsoft.Windows.Photos_2021.21120.8011.0_neutral_~_8wekyb3d8bbwe Microsoft.WindowsCalculator_2020.2012.21.0_neutral_~_8wekyb3d8bbwe Microsoft.WindowsCamera_2022.2203.5.0_neutral_~_8wekyb3d8bbwe Microsoft.WindowsNotepad_11.2203.10.0_neutral_~_8wekyb3d8bbwe Microsoft.WindowsStore_22204.1401.3.0_neutral_~_8wekyb3d8bbwe Microsoft.WindowsTerminal_3001.12.10983.0_neutral_~_8wekyb3d8bbwe Microsoft.Xbox.TCUI_1.24.10001.0_neutral_~_8wekyb3d8bbwe Microsoft.XboxGameOverlay_1.54.4001.0_neutral_~_8wekyb3d8bbwe Microsoft.XboxGamingOverlay_5.722.3302.0_neutral_~_8wekyb3d8bbwe Microsoft.XboxIdentityProvider_12.85.31001.0_neutral_~_8wekyb3d8bbwe Microsoft.XboxSpeechToTextOverlay_1.21.13002.0_neutral_~_8wekyb3d8bbwe MicrosoftTeams_22082.402.1279.2578_x64__8wekyb3d8bbwe </Data>
<Data Name="RemovePackageList">NULL</Data>
</EventData>
</Event>

</Events>
