<Event xmlns="http://schemas.microsoft.com/win/2004/08/events/event"><System><Provider Name="Microsoft-Windows-AppXDeployment-Server" Guid="{3f471139-acb7-4a01-b7a7-ff5da4ba2d43}"></Provider>
<EventID Qualifiers="">8101</EventID>
<Version>0</Version>
<Level>5</Level>
<Task>49</Task>
<Opcode>0</Opcode>
<Keywords>0x4000000000000001</Keywords>
<TimeCreated SystemTime="2022-05-07 01:20:09.162237"></TimeCreated>
<EventRecordID>377</EventRecordID>
<Correlation ActivityID="{824d2842-61b0-0003-9f33-4d82b061d801}" RelatedActivityID=""></Correlation>
<Execution ProcessID="3236" ThreadID="4680"></Execution>
<Channel>Microsoft-Windows-AppXDeploymentServer/Operational</Channel>
<Computer>WIN-GE1PLB8KFNS</Computer>
<Security UserID="S-1-5-18"></Security>
</System>
<EventData><Data Name="PackageFullName">Microsoft.VCLibs.140.00_14.0.30704.0_x64__8wekyb3d8bbwe</Data>
<Data Name="Flags">0x00000620</Data>
</EventData>
</Event>

<Event xmlns="http://schemas.microsoft.com/win/2004/08/events/event"><System><Provider Name="Microsoft-Windows-AppXDeployment-Server" Guid="{3f471139-acb7-4a01-b7a7-ff5da4ba2d43}"></Provider>
<EventID Qualifiers="">854</EventID>
<Version>0</Version>
<Level>4</Level>
<Task>3</Task>
<Opcode>0</Opcode>
<Keywords>0x4000000000000001</Keywords>
<TimeCreated SystemTime="2022-05-07 01:20:09.176386"></TimeCreated>
<EventRecordID>378</EventRecordID>
<Correlation ActivityID="{824d2842-61b0-0001-8a2c-4d82b061d801}" RelatedActivityID=""></Correlation>
<Execution ProcessID="3236" ThreadID="4736"></Execution>
<Channel>Microsoft-Windows-AppXDeploymentServer/Operational</Channel>
<Computer>WIN-GE1PLB8KFNS</Computer>
<Security UserID="S-1-5-18"></Security>
</System>
<EventData><Data Name="Path"> C:\Program Files\WindowsApps\microsoft.vclibs.140.00_14.0.30704.0_x86__8wekyb3d8bbwe\AppxManifest.xml</Data>
</EventData>
</Event>

<Event xmlns="http://schemas.microsoft.com/win/2004/08/events/event"><System><Provider Name="Microsoft-Windows-AppXDeployment-Server" Guid="{3f471139-acb7-4a01-b7a7-ff5da4ba2d43}"></Provider>
<EventID Qualifiers="">8100</EventID>
<Version>0</Version>
<Level>5</Level>
<Task>49</Task>
<Opcode>0</Opcode>
<Keywords>0x4000000000000001</Keywords>
<TimeCreated SystemTime="2022-05-07 01:20:09.199158"></TimeCreated>
<EventRecordID>379</EventRecordID>
<Correlation ActivityID="{824d2842-61b0-0001-8a2c-4d82b061d801}" RelatedActivityID=""></Correlation>
<Execution ProcessID="3236" ThreadID="4736"></Execution>
<Channel>Microsoft-Windows-AppXDeploymentServer/Operational</Channel>
<Computer>WIN-GE1PLB8KFNS</Computer>
<Security UserID="S-1-5-18"></Security>
</System>
<EventData><Data Name="PackageFullName">Microsoft.VCLibs.140.00_14.0.30704.0_x86__8wekyb3d8bbwe</Data>
<Data Name="Flags">0x00000620</Data>
</EventData>
</Event>

<Event xmlns="http://schemas.microsoft.com/win/2004/08/events/event"><System><Provider Name="Microsoft-Windows-AppXDeployment-Server" Guid="{3f471139-acb7-4a01-b7a7-ff5da4ba2d43}"></Provider>
<EventID Qualifiers="">400</EventID>
<Version>0</Version>
<Level>4</Level>
<Task>3</Task>
<Opcode>2</Opcode>
<Keywords>0x4000000000000001</Keywords>
<TimeCreated SystemTime="2022-05-07 01:20:09.252750"></TimeCreated>
<EventRecordID>380</EventRecordID>
<Correlation ActivityID="{824d2842-61b0-0001-8a2c-4d82b061d801}" RelatedActivityID=""></Correlation>
<Execution ProcessID="3236" ThreadID="4736"></Execution>
<Channel>Microsoft-Windows-AppXDeploymentServer/Operational</Channel>
<Computer>WIN-GE1PLB8KFNS</Computer>
<Security UserID="S-1-5-18"></Security>
</System>
<EventData><Data Name="DeploymentOperation">12</Data>
<Data Name="PackageFullName">microsoft.vclibs.140.00_14.0.30704.0_x86__8wekyb3d8bbwe</Data>
<Data Name="Path"> </Data>
<Data Name="MountPoint">C:</Data>
<Data Name="TargetPlatform">0x00000000</Data>
<Data Name="SystemVolume">True</Data>
<Data Name="StorageId">\\?\Volume{bf27b24f-9e98-4395-9110-325985ded282}</Data>
<Data Name="IsCentennial">False</Data>
<Data Name="PackageType">0x00000002</Data>
<Data Name="IsPackageEncrypted">False</Data>
<Data Name="DeploymentOptions">0x0000000010020020</Data>
<Data Name="IsStreamingPackage">False</Data>
<Data Name="IsInRelatedSet">False</Data>
<Data Name="IsPackageUsingBDC">False</Data>
<Data Name="MainPackageFamilyName">NULL</Data>
<Data Name="CallingProcess"></Data>
<Data Name="IsOptional">False</Data>
<Data Name="PackageFlags">0x00000008</Data>
<Data Name="PackageFlags2">0x00000800</Data>
<Data Name="HasWin32alacarte">False</Data>
<Data Name="HasFullTrust">False</Data>
<Data Name="ExternalLocation"></Data>
<Data Name="PackageSourceUri"></Data>
<Data Name="PackageDisplayName">Microsoft Visual C++ 2015 UWP Runtime Package</Data>
</EventData>
</Event>

<Event xmlns="http://schemas.microsoft.com/win/2004/08/events/event"><System><Provider Name="Microsoft-Windows-AppXDeployment-Server" Guid="{3f471139-acb7-4a01-b7a7-ff5da4ba2d43}"></Provider>
<EventID Qualifiers="">8105</EventID>
<Version>0</Version>
<Level>5</Level>
<Task>49</Task>
<Opcode>0</Opcode>
<Keywords>0x4000000000000001</Keywords>
<TimeCreated SystemTime="2022-05-07 01:20:09.291138"></TimeCreated>
<EventRecordID>381</EventRecordID>
<Correlation ActivityID="{824d2842-61b0-0003-7f33-4d82b061d801}" RelatedActivityID=""></Correlation>
<Execution ProcessID="3236" ThreadID="4676"></Execution>
<Channel>Microsoft-Windows-AppXDeploymentServer/Operational</Channel>
<Computer>WIN-GE1PLB8KFNS</Computer>
<Security UserID="S-1-5-18"></Security>
</System>
<EventData><Data Name="PackageFullName">Microsoft.VCLibs.140.00.UWPDesktop_14.0.30704.0_x86__8wekyb3d8bbwe</Data>
<Data Name="NumberOfFiles">23</Data>
</EventData>
</Event>

<Event xmlns="http://schemas.microsoft.com/win/2004/08/events/event"><System><Provider Name="Microsoft-Windows-AppXDeployment-Server" Guid="{3f471139-acb7-4a01-b7a7-ff5da4ba2d43}"></Provider>
<EventID Qualifiers="">8101</EventID>
<Version>0</Version>
<Level>5</Level>
<Task>49</Task>
<Opcode>0</Opcode>
<Keywords>0x4000000000000001</Keywords>
<TimeCreated SystemTime="2022-05-07 01:20:09.291327"></TimeCreated>
<EventRecordID>382</EventRecordID>
<Correlation ActivityID="{824d2842-61b0-0003-7f33-4d82b061d801}" RelatedActivityID=""></Correlation>
<Execution ProcessID="3236" ThreadID="4676"></Execution>
<Channel>Microsoft-Windows-AppXDeploymentServer/Operational</Channel>
<Computer>WIN-GE1PLB8KFNS</Computer>
<Security UserID="S-1-5-18"></Security>
</System>
<EventData><Data Name="PackageFullName">Microsoft.VCLibs.140.00.UWPDesktop_14.0.30704.0_x86__8wekyb3d8bbwe</Data>
<Data Name="Flags">0x00000620</Data>
</EventData>
</Event>

<Event xmlns="http://schemas.microsoft.com/win/2004/08/events/event"><System><Provider Name="Microsoft-Windows-AppXDeployment-Server" Guid="{3f471139-acb7-4a01-b7a7-ff5da4ba2d43}"></Provider>
<EventID Qualifiers="">635</EventID>
<Version>0</Version>
<Level>4</Level>
<Task>3</Task>
<Opcode>0</Opcode>
<Keywords>0x4000000000000001</Keywords>
<TimeCreated SystemTime="2022-05-07 01:20:09.307611"></TimeCreated>
<EventRecordID>383</EventRecordID>
<Correlation ActivityID="{824d2842-61b0-0001-8a2c-4d82b061d801}" RelatedActivityID=""></Correlation>
<Execution ProcessID="3236" ThreadID="3268"></Execution>
<Channel>Microsoft-Windows-AppXDeploymentServer/Operational</Channel>
<Computer>WIN-GE1PLB8KFNS</Computer>
<Security UserID="S-1-5-18"></Security>
</System>
<EventData><Data Name="PackageFullName">microsoft.vclibs.140.00_14.0.30704.0_x86__8wekyb3d8bbwe</Data>
<Data Name="Flags">1</Data>
<Data Name="HResult">0x00000000</Data>
</EventData>
</Event>

<Event xmlns="http://schemas.microsoft.com/win/2004/08/events/event"><System><Provider Name="Microsoft-Windows-AppXDeployment-Server" Guid="{3f471139-acb7-4a01-b7a7-ff5da4ba2d43}"></Provider>
<EventID Qualifiers="">633</EventID>
<Version>0</Version>
<Level>4</Level>
<Task>3</Task>
<Opcode>0</Opcode>
<Keywords>0x4000000000000001</Keywords>
<TimeCreated SystemTime="2022-05-07 01:20:09.308228"></TimeCreated>
<EventRecordID>384</EventRecordID>
<Correlation ActivityID="{824d2842-61b0-0003-e633-4d82b061d801}" RelatedActivityID=""></Correlation>
<Execution ProcessID="3236" ThreadID="3268"></Execution>
<Channel>Microsoft-Windows-AppXDeploymentServer/Operational</Channel>
<Computer>WIN-GE1PLB8KFNS</Computer>
<Security UserID="S-1-5-18"></Security>
</System>
<EventData><Data Name="PackageFullName">microsoft.vp9videoextensions_1.0.50901.0_x64__8wekyb3d8bbwe</Data>
<Data Name="IsInstalled">False</Data>
</EventData>
</Event>

<Event xmlns="http://schemas.microsoft.com/win/2004/08/events/event"><System><Provider Name="Microsoft-Windows-AppXDeployment-Server" Guid="{3f471139-acb7-4a01-b7a7-ff5da4ba2d43}"></Provider>
<EventID Qualifiers="">607</EventID>
<Version>0</Version>
<Level>4</Level>
<Task>0</Task>
<Opcode>0</Opcode>
<Keywords>0x4000000000000001</Keywords>
<TimeCreated SystemTime="2022-05-07 01:20:09.308685"></TimeCreated>
<EventRecordID>385</EventRecordID>
<Correlation ActivityID="{824d2842-61b0-0003-e633-4d82b061d801}" RelatedActivityID=""></Correlation>
<Execution ProcessID="3236" ThreadID="4736"></Execution>
<Channel>Microsoft-Windows-AppXDeploymentServer/Operational</Channel>
<Computer>WIN-GE1PLB8KFNS</Computer>
<Security UserID="S-1-5-18"></Security>
</System>
<EventData><Data Name="DeploymentOperation">12</Data>
<Data Name="PackageFullName">microsoft.vp9videoextensions_1.0.50901.0_x64__8wekyb3d8bbwe</Data>
<Data Name="UserSid">S-1-5-18</Data>
<Data Name="CallingProcess">NULL</Data>
</EventData>
</Event>

<Event xmlns="http://schemas.microsoft.com/win/2004/08/events/event"><System><Provider Name="Microsoft-Windows-AppXDeployment-Server" Guid="{3f471139-acb7-4a01-b7a7-ff5da4ba2d43}"></Provider>
<EventID Qualifiers="">8105</EventID>
<Version>0</Version>
<Level>5</Level>
<Task>49</Task>
<Opcode>0</Opcode>
<Keywords>0x4000000000000001</Keywords>
<TimeCreated SystemTime="2022-05-07 01:20:09.345798"></TimeCreated>
<EventRecordID>386</EventRecordID>
<Correlation ActivityID="{824d2842-61b0-0001-8a2c-4d82b061d801}" RelatedActivityID=""></Correlation>
<Execution ProcessID="3236" ThreadID="3052"></Execution>
<Channel>Microsoft-Windows-AppXDeploymentServer/Operational</Channel>
<Computer>WIN-GE1PLB8KFNS</Computer>
<Security UserID="S-1-5-18"></Security>
</System>
<EventData><Data Name="PackageFullName">Microsoft.VCLibs.140.00_14.0.30704.0_x86__8wekyb3d8bbwe</Data>
<Data Name="NumberOfFiles">11</Data>
</EventData>
</Event>

<Event xmlns="http://schemas.microsoft.com/win/2004/08/events/event"><System><Provider Name="Microsoft-Windows-AppXDeployment-Server" Guid="{3f471139-acb7-4a01-b7a7-ff5da4ba2d43}"></Provider>
<EventID Qualifiers="">8101</EventID>
<Version>0</Version>
<Level>5</Level>
<Task>49</Task>
<Opcode>0</Opcode>
<Keywords>0x4000000000000001</Keywords>
<TimeCreated SystemTime="2022-05-07 01:20:09.345964"></TimeCreated>
<EventRecordID>387</EventRecordID>
<Correlation ActivityID="{824d2842-61b0-0001-8a2c-4d82b061d801}" RelatedActivityID=""></Correlation>
<Execution ProcessID="3236" ThreadID="3052"></Execution>
<Channel>Microsoft-Windows-AppXDeploymentServer/Operational</Channel>
<Computer>WIN-GE1PLB8KFNS</Computer>
<Security UserID="S-1-5-18"></Security>
</System>
<EventData><Data Name="PackageFullName">Microsoft.VCLibs.140.00_14.0.30704.0_x86__8wekyb3d8bbwe</Data>
<Data Name="Flags">0x00000620</Data>
</EventData>
</Event>

<Event xmlns="http://schemas.microsoft.com/win/2004/08/events/event"><System><Provider Name="Microsoft-Windows-AppXDeployment-Server" Guid="{3f471139-acb7-4a01-b7a7-ff5da4ba2d43}"></Provider>
<EventID Qualifiers="">854</EventID>
<Version>0</Version>
<Level>4</Level>
<Task>3</Task>
<Opcode>0</Opcode>
<Keywords>0x4000000000000001</Keywords>
<TimeCreated SystemTime="2022-05-07 01:20:09.388018"></TimeCreated>
<EventRecordID>388</EventRecordID>
<Correlation ActivityID="{824d2842-61b0-0003-e633-4d82b061d801}" RelatedActivityID=""></Correlation>
<Execution ProcessID="3236" ThreadID="4736"></Execution>
<Channel>Microsoft-Windows-AppXDeploymentServer/Operational</Channel>
<Computer>WIN-GE1PLB8KFNS</Computer>
<Security UserID="S-1-5-18"></Security>
</System>
<EventData><Data Name="Path"> C:\Program Files\WindowsApps\microsoft.vp9videoextensions_1.0.50901.0_x64__8wekyb3d8bbwe\AppxManifest.xml</Data>
</EventData>
</Event>

<Event xmlns="http://schemas.microsoft.com/win/2004/08/events/event"><System><Provider Name="Microsoft-Windows-AppXDeployment-Server" Guid="{3f471139-acb7-4a01-b7a7-ff5da4ba2d43}"></Provider>
<EventID Qualifiers="">8100</EventID>
<Version>0</Version>
<Level>5</Level>
<Task>49</Task>
<Opcode>0</Opcode>
<Keywords>0x4000000000000001</Keywords>
<TimeCreated SystemTime="2022-05-07 01:20:09.431515"></TimeCreated>
<EventRecordID>389</EventRecordID>
<Correlation ActivityID="{824d2842-61b0-0003-e633-4d82b061d801}" RelatedActivityID=""></Correlation>
<Execution ProcessID="3236" ThreadID="4736"></Execution>
<Channel>Microsoft-Windows-AppXDeploymentServer/Operational</Channel>
<Computer>WIN-GE1PLB8KFNS</Computer>
<Security UserID="S-1-5-18"></Security>
</System>
<EventData><Data Name="PackageFullName">Microsoft.VP9VideoExtensions_1.0.50901.0_x64__8wekyb3d8bbwe</Data>
<Data Name="Flags">0x00000620</Data>
</EventData>
</Event>

<Event xmlns="http://schemas.microsoft.com/win/2004/08/events/event"><System><Provider Name="Microsoft-Windows-AppXDeployment-Server" Guid="{3f471139-acb7-4a01-b7a7-ff5da4ba2d43}"></Provider>
<EventID Qualifiers="">400</EventID>
<Version>0</Version>
<Level>4</Level>
<Task>3</Task>
<Opcode>2</Opcode>
<Keywords>0x4000000000000001</Keywords>
<TimeCreated SystemTime="2022-05-07 01:20:09.501709"></TimeCreated>
<EventRecordID>390</EventRecordID>
<Correlation ActivityID="{824d2842-61b0-0003-e633-4d82b061d801}" RelatedActivityID=""></Correlation>
<Execution ProcessID="3236" ThreadID="4736"></Execution>
<Channel>Microsoft-Windows-AppXDeploymentServer/Operational</Channel>
<Computer>WIN-GE1PLB8KFNS</Computer>
<Security UserID="S-1-5-18"></Security>
</System>
<EventData><Data Name="DeploymentOperation">12</Data>
<Data Name="PackageFullName">microsoft.vp9videoextensions_1.0.50901.0_x64__8wekyb3d8bbwe</Data>
<Data Name="Path"> </Data>
<Data Name="MountPoint">C:</Data>
<Data Name="TargetPlatform">0x00000000</Data>
<Data Name="SystemVolume">True</Data>
<Data Name="StorageId">\\?\Volume{bf27b24f-9e98-4395-9110-325985ded282}</Data>
<Data Name="IsCentennial">False</Data>
<Data Name="PackageType">0x00000001</Data>
<Data Name="IsPackageEncrypted">False</Data>
<Data Name="DeploymentOptions">0x0000000010020020</Data>
<Data Name="IsStreamingPackage">False</Data>
<Data Name="IsInRelatedSet">False</Data>
<Data Name="IsPackageUsingBDC">False</Data>
<Data Name="MainPackageFamilyName">NULL</Data>
<Data Name="CallingProcess"></Data>
<Data Name="IsOptional">False</Data>
<Data Name="PackageFlags">0x08000008</Data>
<Data Name="PackageFlags2">0x00000800</Data>
<Data Name="HasWin32alacarte">False</Data>
<Data Name="HasFullTrust">False</Data>
<Data Name="ExternalLocation"></Data>
<Data Name="PackageSourceUri"></Data>
<Data Name="PackageDisplayName">ms-resource:AppStoreName</Data>
</EventData>
</Event>

<Event xmlns="http://schemas.microsoft.com/win/2004/08/events/event"><System><Provider Name="Microsoft-Windows-AppXDeployment-Server" Guid="{3f471139-acb7-4a01-b7a7-ff5da4ba2d43}"></Provider>
<EventID Qualifiers="">635</EventID>
<Version>0</Version>
<Level>4</Level>
<Task>3</Task>
<Opcode>0</Opcode>
<Keywords>0x4000000000000001</Keywords>
<TimeCreated SystemTime="2022-05-07 01:20:09.544456"></TimeCreated>
<EventRecordID>391</EventRecordID>
<Correlation ActivityID="{824d2842-61b0-0003-e633-4d82b061d801}" RelatedActivityID=""></Correlation>
<Execution ProcessID="3236" ThreadID="3268"></Execution>
<Channel>Microsoft-Windows-AppXDeploymentServer/Operational</Channel>
<Computer>WIN-GE1PLB8KFNS</Computer>
<Security UserID="S-1-5-18"></Security>
</System>
<EventData><Data Name="PackageFullName">microsoft.vp9videoextensions_1.0.50901.0_x64__8wekyb3d8bbwe</Data>
<Data Name="Flags">1</Data>
<Data Name="HResult">0x00000000</Data>
</EventData>
</Event>

<Event xmlns="http://schemas.microsoft.com/win/2004/08/events/event"><System><Provider Name="Microsoft-Windows-AppXDeployment-Server" Guid="{3f471139-acb7-4a01-b7a7-ff5da4ba2d43}"></Provider>
<EventID Qualifiers="">633</EventID>
<Version>0</Version>
<Level>4</Level>
<Task>3</Task>
<Opcode>0</Opcode>
<Keywords>0x4000000000000001</Keywords>
<TimeCreated SystemTime="2022-05-07 01:20:09.544916"></TimeCreated>
<EventRecordID>392</EventRecordID>
<Correlation ActivityID="{824d2842-61b0-0003-fc33-4d82b061d801}" RelatedActivityID=""></Correlation>
<Execution ProcessID="3236" ThreadID="3268"></Execution>
<Channel>Microsoft-Windows-AppXDeploymentServer/Operational</Channel>
<Computer>WIN-GE1PLB8KFNS</Computer>
<Security UserID="S-1-5-18"></Security>
</System>
<EventData><Data Name="PackageFullName">microsoft.webmediaextensions_1.0.42192.0_neutral_~_8wekyb3d8bbwe</Data>
<Data Name="IsInstalled">False</Data>
</EventData>
</Event>

<Event xmlns="http://schemas.microsoft.com/win/2004/08/events/event"><System><Provider Name="Microsoft-Windows-AppXDeployment-Server" Guid="{3f471139-acb7-4a01-b7a7-ff5da4ba2d43}"></Provider>
<EventID Qualifiers="">607</EventID>
<Version>0</Version>
<Level>4</Level>
<Task>0</Task>
<Opcode>0</Opcode>
<Keywords>0x4000000000000001</Keywords>
<TimeCreated SystemTime="2022-05-07 01:20:09.545336"></TimeCreated>
<EventRecordID>393</EventRecordID>
<Correlation ActivityID="{824d2842-61b0-0003-fc33-4d82b061d801}" RelatedActivityID=""></Correlation>
<Execution ProcessID="3236" ThreadID="4736"></Execution>
<Channel>Microsoft-Windows-AppXDeploymentServer/Operational</Channel>
<Computer>WIN-GE1PLB8KFNS</Computer>
<Security UserID="S-1-5-18"></Security>
</System>
<EventData><Data Name="DeploymentOperation">12</Data>
<Data Name="PackageFullName">microsoft.webmediaextensions_1.0.42192.0_neutral_~_8wekyb3d8bbwe</Data>
<Data Name="UserSid">S-1-5-18</Data>
<Data Name="CallingProcess">NULL</Data>
</EventData>
</Event>

<Event xmlns="http://schemas.microsoft.com/win/2004/08/events/event"><System><Provider Name="Microsoft-Windows-AppXDeployment-Server" Guid="{3f471139-acb7-4a01-b7a7-ff5da4ba2d43}"></Provider>
<EventID Qualifiers="">614</EventID>
<Version>0</Version>
<Level>5</Level>
<Task>3</Task>
<Opcode>0</Opcode>
<Keywords>0x4000000000000001</Keywords>
<TimeCreated SystemTime="2022-05-07 01:20:09.586658"></TimeCreated>
<EventRecordID>394</EventRecordID>
<Correlation ActivityID="{824d2842-61b0-0003-fc33-4d82b061d801}" RelatedActivityID=""></Correlation>
<Execution ProcessID="3236" ThreadID="4736"></Execution>
<Channel>Microsoft-Windows-AppXDeploymentServer/Operational</Channel>
<Computer>WIN-GE1PLB8KFNS</Computer>
<Security UserID="S-1-5-18"></Security>
</System>
<EventData><Data Name="PathOne">C:\Program Files\WindowsApps\microsoft.webmediaextensions_1.0.42192.0_neutral_~_8wekyb3d8bbwe\AppxMetadata\AppxBundleManifest.xml</Data>
<Data Name="PathTwo">"Microsoft.WebMediaExtensions_1.0.42192.0_ARM64.appx": Microsoft.WebMediaExtensions_1.0.42192.0_arm64__8wekyb3d8bbwe "Microsoft.WebMediaExtensions_1.0.42192.0_x64.appx": Microsoft.WebMediaExtensions_1.0.42192.0_x64__8wekyb3d8bbwe "Microsoft.WebMediaExtensions_1.0.42192.0_Win32_x86.appx": Microsoft.WebMediaExtensions_1.0.42192.0_x86__8wekyb3d8bbwe "Microsoft.WebMediaExtensions_1.0.42192.0_language-ar.appx": Microsoft.WebMediaExtensions_1.0.42192.0_neutral_split.language-ar_8wekyb3d8bbwe "Microsoft.WebMediaExtensions_1.0.42192.0_language-az-latn.appx": Microsoft.WebMediaExtensions_1.0.42192.0_neutral_split.language-az-latn_8wekyb3d8bbwe "Microsoft.WebMediaExtensions_1.0.42192.0_language-cs.appx": Microsoft.WebMediaExtensions_1.0.42192.0_neutral_split.language-cs_8wekyb3d8bbwe "Microsoft.WebMediaExtensions_1.0.42192.0_language-be.appx": Microsoft.WebMediaExtensions_1.0.42192.0_neutral_split.language-be_8wekyb3d8bbwe "Microsoft.WebMediaExtensions_1.0.42192.0_language-hu.appx": Microsoft.WebMediaExtensions_1.0.42192.0_neutral_split.language-hu_8wekyb3d8bbwe "Microsoft.WebMediaExtensions_1.0.42192.0_language-bg.appx": Microsoft.WebMediaExtensions_1.0.42192.0_neutral_split.language-bg_8wekyb3d8bbwe "Microsoft.WebMediaExtensions_1.0.42192.0_language-bn.appx": Microsoft.WebMediaExtensions_1.0.42192.0_neutral_split.language-bn_8wekyb3d8bbwe "Microsoft.WebMediaExtensions_1.0.42192.0_language-fr.appx": Microsoft.WebMediaExtensions_1.0.42192.0_neutral_split.language-fr_8wekyb3d8bbwe "Microsoft.WebMediaExtensions_1.0.42192.0_language-es.appx": Microsoft.WebMediaExtensions_1.0.42192.0_neutral_split.language-es_8wekyb3d8bbwe "Microsoft.WebMediaExtensions_1.0.42192.0_language-am.appx": Microsoft.WebMediaExtensions_1.0.42192.0_neutral_split.language-am_8wekyb3d8bbwe "Microsoft.WebMediaExtensions_1.0.42192.0_language-it.appx": Microsoft.WebMediaExtensions_1.0.42192.0_neutral_split.language-it_8wekyb3d8bbwe "Microsoft.WebMediaExtensions_1.0.42192.0_language-de.appx": Microsoft.WebMediaExtensions_1.0.42192.0_neutral_split.language-de_8wekyb3d8bbwe "Microsoft.WebMediaExtensions_1.0.42192.0_language-ja.appx": Microsoft.WebMediaExtensions_1.0.42192.0_neutral_split.language-ja_8wekyb3d8bbwe "Microsoft.WebMediaExtensions_1.0.42192.0_language-da.appx": Microsoft.WebMediaExtensions_1.0.42192.0_neutral_split.language-da_8wekyb3d8bbwe "Microsoft.WebMediaExtensions_1.0.42192.0_language-fa.appx": Microsoft.WebMediaExtensions_1.0.42192.0_neutral_split.language-fa_8wekyb3d8bbwe "Microsoft.WebMediaExtensions_1.0.42192.0_language-af.appx": Microsoft.WebMediaExtensions_1.0.42192.0_neutral_split.language-af_8wekyb3d8bbwe "Microsoft.WebMediaExtensions_1.0.42192.0_language-ca.appx": Microsoft.WebMediaExtensions_1.0.42192.0_neutral_split.language-ca_8wekyb3d8bbwe "Microsoft.WebMediaExtensions_1.0.42192.0_language-he.appx": Microsoft.WebMediaExtensions_1.0.42192.0_neutral_split.language-he_8wekyb3d8bbwe "Microsoft.WebMediaExtensions_1.0.42192.0_language-et.appx": Microsoft.WebMediaExtensions_1.0.42192.0_neutral_split.language-et_8wekyb3d8bbwe "Microsoft.WebMediaExtensions_1.0.42192.0_language-kk.appx": Microsoft.WebMediaExtensions_1.0.42192.0_neutral_split.language-kk_8wekyb3d8bbwe "Microsoft.WebMediaExtensions_1.0.42192.0_language-hi.appx": Microsoft.WebMediaExtensions_1.0.42192.0_neutral_split.language-hi_8wekyb3d8bbwe "Microsoft.WebMediaExtensions_1.0.42192.0_language-fil-latn.appx": Microsoft.WebMediaExtensions_1.0.42192.0_neutral_split.language-fil-latn_8wekyb3d8bbwe "Microsoft.WebMediaExtensions_1.0.42192.0_language-lt.appx": Microsoft.WebMediaExtensions_1.0.42192.0_neutral_split.language-lt_8wekyb3d8bbwe "Microsoft.WebMediaExtensions_1.0.42192.0_language-hr.appx": Microsoft.WebMediaExtensions_1.0.42192.0_neutral_split.language-hr_8wekyb3d8bbwe "Microsoft.WebMediaExtensions_1.0.42192.0_language-el.appx": Microsoft.WebMediaExtensions_1.0.42192.0_neutral_split.language-el_8wekyb3d8bbwe "Microsoft.WebMediaExtensions_1.0.42192.0_language-fi.appx": Microsoft.WebMediaExtensions_1.0.42192.0_neutral_split.language-fi_8wekyb3d8bbwe "Microsoft.WebMediaExtensions_1.0.42192.0_language-sq.appx": Microsoft.WebMediaExtensions_1.0.42192.0_neutral_split.language-sq_8wekyb3d8bbwe "Microsoft.WebMediaExtensions_1.0.42192.0_language-eu.appx": Microsoft.WebMediaExtensions_1.0.42192.0_neutral_split.language-eu_8wekyb3d8bbwe "Microsoft.WebMediaExtensions_1.0.42192.0_language-sr-latn.appx": Microsoft.WebMediaExtensions_1.0.42192.0_neutral_split.language-sr-latn_8wekyb3d8bbwe "Microsoft.WebMediaExtensions_1.0.42192.0_language-nb.appx": Microsoft.WebMediaExtensions_1.0.42192.0_neutral_split.language-nb_8wekyb3d8bbwe "Microsoft.WebMediaExtensions_1.0.42192.0_language-kn.appx": Microsoft.WebMediaExtensions_1.0.42192.0_neutral_split.language-kn_8wekyb3d8bbwe "Microsoft.WebMediaExtensions_1.0.42192.0_language-gl.appx": Microsoft.WebMediaExtensions_1.0.42192.0_neutral_split.language-gl_8wekyb3d8bbwe "Microsoft.WebMediaExtensions_1.0.42192.0_language-sv.appx": Microsoft.WebMediaExtensions_1.0.42192.0_neutral_split.language-sv_8wekyb3d8bbwe "Microsoft.WebMediaExtensions_1.0.42192.0_language-sl.appx": Microsoft.WebMediaExtensions_1.0.42192.0_neutral_split.language-sl_8wekyb3d8bbwe "Microsoft.WebMediaExtensions_1.0.42192.0_language-te.appx": Microsoft.WebMediaExtensions_1.0.42192.0_neutral_split.language-te_8wekyb3d8bbwe "Microsoft.WebMediaExtensions_1.0.42192.0_language-zh-hans.appx": Microsoft.WebMediaExtensions_1.0.42192.0_neutral_split.language-zh-hans_8wekyb3d8bbwe "Microsoft.WebMediaExtensions_1.0.42192.0_language-ru.appx": Microsoft.WebMediaExtensions_1.0.42192.0_neutral_split.language-ru_8wekyb3d8bbwe "Microsoft.WebMediaExtensions_1.0.42192.0_language-nl.appx": Microsoft.WebMediaExtensions_1.0.42192.0_neutral_split.language-nl_8wekyb3d8bbwe "Microsoft.WebMediaExtensions_1.0.42192.0_language-lo.appx": Microsoft.WebMediaExtensions_1.0.42192.0_neutral_split.language-lo_8wekyb3d8bbwe "Microsoft.WebMediaExtensions_1.0.42192.0_language-ro.appx": Microsoft.WebMediaExtensions_1.0.42192.0_neutral_split.language-ro_8wekyb3d8bbwe "Microsoft.WebMediaExtensions_1.0.42192.0_language-lv.appx": Microsoft.WebMediaExtensions_1.0.42192.0_neutral_split.language-lv_8wekyb3d8bbwe "Microsoft.WebMediaExtensions_1.0.42192.0_language-pl.appx": Microsoft.WebMediaExtensions_1.0.42192.0_neutral_split.language-pl_8wekyb3d8bbwe "Microsoft.WebMediaExtensions_1.0.42192.0_language-pt.appx": Microsoft.WebMediaExtensions_1.0.42192.0_neutral_split.language-pt_8wekyb3d8bbwe "Microsoft.WebMediaExtensions_1.0.42192.0_language-ms.appx": Microsoft.WebMediaExtensions_1.0.42192.0_neutral_split.language-ms_8wekyb3d8bbwe "Microsoft.WebMediaExtensions_1.0.42192.0_language-mk.appx": Microsoft.WebMediaExtensions_1.0.42192.0_neutral_split.language-mk_8wekyb3d8bbwe "Microsoft.WebMediaExtensions_1.0.42192.0_language-sk.appx": Microsoft.WebMediaExtensions_1.0.42192.0_neutral_split.language-sk_8wekyb3d8bbwe "Microsoft.WebMediaExtensions_1.0.42192.0_language-zh-hant.appx": Microsoft.WebMediaExtensions_1.0.42192.0_neutral_split.language-zh-hant_8wekyb3d8bbwe "Microsoft.WebMediaExtensions_1.0.42192.0_language-ko.appx": Microsoft.WebMediaExtensions_1.0.42192.0_neutral_split.language-ko_8wekyb3d8bbwe "Microsoft.WebMediaExtensions_1.0.42192.0_scale-100.appx": Microsoft.WebMediaExtensions_1.0.42192.0_neutral_split.scale-100_8wekyb3d8bbwe "Microsoft.WebMediaExtensions_1.0.42192.0_language-id.appx": Microsoft.WebMediaExtensions_1.0.42192.0_neutral_split.language-id_8wekyb3d8bbwe "Microsoft.WebMediaExtensions_1.0.42192.0_language-sw.appx": Microsoft.WebMediaExtensions_1.0.42192.0_neutral_split.language-sw_8wekyb3d8bbwe "Microsoft.WebMediaExtensions_1.0.42192.0_language-vi.appx": Microsoft.WebMediaExtensions_1.0.42192.0_neutral_split.language-vi_8wekyb3d8bbwe "Microsoft.WebMediaExtensions_1.0.42192.0_language-is.appx": Microsoft.WebMediaExtensions_1.0.42192.0_neutral_split.language-is_8wekyb3d8bbwe "Microsoft.WebMediaExtensions_1.0.42192.0_language-th.appx": Microsoft.WebMediaExtensions_1.0.42192.0_neutral_split.language-th_8wekyb3d8bbwe "Microsoft.WebMediaExtensions_1.0.42192.0_language-tr.appx": Microsoft.WebMediaExtensions_1.0.42192.0_neutral_split.language-tr_8wekyb3d8bbwe "Microsoft.WebMediaExtensions_1.0.42192.0_language-uz-latn.appx": Microsoft.WebMediaExtensions_1.0.42192.0_neutral_split.language-uz-latn_8wekyb3d8bbwe "Microsoft.WebMediaExtensions_1.0.42192.0_language-km.appx": Microsoft.WebMediaExtensions_1.0.42192.0_neutral_split.language-km_8wekyb3d8bbwe "Microsoft.WebMediaExtensions_1.0.42192.0_scale-150.appx": Microsoft.WebMediaExtensions_1.0.42192.0_neutral_split.scale-150_8wekyb3d8bbwe "Microsoft.WebMediaExtensions_1.0.42192.0_language-uk.appx": Microsoft.WebMediaExtensions_1.0.42192.0_neutral_split.language-uk_8wekyb3d8bbwe "Microsoft.WebMediaExtensions_1.0.42192.0_scale-125.appx": Microsoft.WebMediaExtensions_1.0.42192.0_neutral_split.scale-125_8wekyb3d8bbwe "Microsoft.WebMediaExtensions_1.0.42192.0_language-ta.appx": Microsoft.WebMediaExtensions_1.0.42192.0_neutral_split.language-ta_8wekyb3d8bbwe "Microsoft.WebMediaExtensions_1.0.42192.0_language-ml.appx": Microsoft.WebMediaExtensions_1.0.42192.0_neutral_split.language-ml_8wekyb3d8bbwe "Microsoft.WebMediaExtensions_1.0.42192.0_scale-400.appx": Microsoft.WebMediaExtensions_1.0.42192.0_neutral_split.scale-400_8wekyb3d8bbwe</Data>
</EventData>
</Event>

<Event xmlns="http://schemas.microsoft.com/win/2004/08/events/event"><System><Provider Name="Microsoft-Windows-AppXDeployment-Server" Guid="{3f471139-acb7-4a01-b7a7-ff5da4ba2d43}"></Provider>
<EventID Qualifiers="">854</EventID>
<Version>0</Version>
<Level>4</Level>
<Task>3</Task>
<Opcode>0</Opcode>
<Keywords>0x4000000000000001</Keywords>
<TimeCreated SystemTime="2022-05-07 01:20:09.597071"></TimeCreated>
<EventRecordID>395</EventRecordID>
<Correlation ActivityID="{824d2842-61b0-0003-fc33-4d82b061d801}" RelatedActivityID=""></Correlation>
<Execution ProcessID="3236" ThreadID="4736"></Execution>
<Channel>Microsoft-Windows-AppXDeploymentServer/Operational</Channel>
<Computer>WIN-GE1PLB8KFNS</Computer>
<Security UserID="S-1-5-18"></Security>
</System>
<EventData><Data Name="Path"> C:\Program Files\WindowsApps\microsoft.webmediaextensions_1.0.42192.0_neutral_~_8wekyb3d8bbwe\AppxMetadata\AppxBundleManifest.xml C:\Program Files\WindowsApps\Microsoft.WebMediaExtensions_1.0.42192.0_x64__8wekyb3d8bbwe\AppxManifest.xml C:\Program Files\WindowsApps\Microsoft.WebMediaExtensions_1.0.42192.0_neutral_split.scale-100_8wekyb3d8bbwe\AppxManifest.xml C:\Program Files\WindowsApps\Microsoft.WebMediaExtensions_1.0.42192.0_neutral_split.scale-125_8wekyb3d8bbwe\AppxManifest.xml</Data>
</EventData>
</Event>

<Event xmlns="http://schemas.microsoft.com/win/2004/08/events/event"><System><Provider Name="Microsoft-Windows-AppXDeployment-Server" Guid="{3f471139-acb7-4a01-b7a7-ff5da4ba2d43}"></Provider>
<EventID Qualifiers="">8105</EventID>
<Version>0</Version>
<Level>5</Level>
<Task>49</Task>
<Opcode>0</Opcode>
<Keywords>0x4000000000000001</Keywords>
<TimeCreated SystemTime="2022-05-07 01:20:09.739271"></TimeCreated>
<EventRecordID>396</EventRecordID>
<Correlation ActivityID="{824d2842-61b0-0003-e633-4d82b061d801}" RelatedActivityID=""></Correlation>
<Execution ProcessID="3236" ThreadID="4684"></Execution>
<Channel>Microsoft-Windows-AppXDeploymentServer/Operational</Channel>
<Computer>WIN-GE1PLB8KFNS</Computer>
<Security UserID="S-1-5-18"></Security>
</System>
<EventData><Data Name="PackageFullName">Microsoft.VP9VideoExtensions_1.0.50901.0_x64__8wekyb3d8bbwe</Data>
<Data Name="NumberOfFiles">7</Data>
</EventData>
</Event>

<Event xmlns="http://schemas.microsoft.com/win/2004/08/events/event"><System><Provider Name="Microsoft-Windows-AppXDeployment-Server" Guid="{3f471139-acb7-4a01-b7a7-ff5da4ba2d43}"></Provider>
<EventID Qualifiers="">8101</EventID>
<Version>0</Version>
<Level>5</Level>
<Task>49</Task>
<Opcode>0</Opcode>
<Keywords>0x4000000000000001</Keywords>
<TimeCreated SystemTime="2022-05-07 01:20:09.739635"></TimeCreated>
<EventRecordID>397</EventRecordID>
<Correlation ActivityID="{824d2842-61b0-0003-e633-4d82b061d801}" RelatedActivityID=""></Correlation>
<Execution ProcessID="3236" ThreadID="4684"></Execution>
<Channel>Microsoft-Windows-AppXDeploymentServer/Operational</Channel>
<Computer>WIN-GE1PLB8KFNS</Computer>
<Security UserID="S-1-5-18"></Security>
</System>
<EventData><Data Name="PackageFullName">Microsoft.VP9VideoExtensions_1.0.50901.0_x64__8wekyb3d8bbwe</Data>
<Data Name="Flags">0x00000620</Data>
</EventData>
</Event>

<Event xmlns="http://schemas.microsoft.com/win/2004/08/events/event"><System><Provider Name="Microsoft-Windows-AppXDeployment-Server" Guid="{3f471139-acb7-4a01-b7a7-ff5da4ba2d43}"></Provider>
<EventID Qualifiers="">8100</EventID>
<Version>0</Version>
<Level>5</Level>
<Task>49</Task>
<Opcode>0</Opcode>
<Keywords>0x4000000000000001</Keywords>
<TimeCreated SystemTime="2022-05-07 01:20:09.830906"></TimeCreated>
<EventRecordID>398</EventRecordID>
<Correlation ActivityID="{824d2842-61b0-0003-fc33-4d82b061d801}" RelatedActivityID=""></Correlation>
<Execution ProcessID="3236" ThreadID="4736"></Execution>
<Channel>Microsoft-Windows-AppXDeploymentServer/Operational</Channel>
<Computer>WIN-GE1PLB8KFNS</Computer>
<Security UserID="S-1-5-18"></Security>
</System>
<EventData><Data Name="PackageFullName">Microsoft.WebMediaExtensions_1.0.42192.0_neutral_~_8wekyb3d8bbwe</Data>
<Data Name="Flags">0x00000620</Data>
</EventData>
</Event>

<Event xmlns="http://schemas.microsoft.com/win/2004/08/events/event"><System><Provider Name="Microsoft-Windows-AppXDeployment-Server" Guid="{3f471139-acb7-4a01-b7a7-ff5da4ba2d43}"></Provider>
<EventID Qualifiers="">8100</EventID>
<Version>0</Version>
<Level>5</Level>
<Task>49</Task>
<Opcode>0</Opcode>
<Keywords>0x4000000000000001</Keywords>
<TimeCreated SystemTime="2022-05-07 01:20:09.835835"></TimeCreated>
<EventRecordID>399</EventRecordID>
<Correlation ActivityID="{824d2842-61b0-0003-fc33-4d82b061d801}" RelatedActivityID=""></Correlation>
<Execution ProcessID="3236" ThreadID="4736"></Execution>
<Channel>Microsoft-Windows-AppXDeploymentServer/Operational</Channel>
<Computer>WIN-GE1PLB8KFNS</Computer>
<Security UserID="S-1-5-18"></Security>
</System>
<EventData><Data Name="PackageFullName">Microsoft.WebMediaExtensions_1.0.42192.0_x64__8wekyb3d8bbwe</Data>
<Data Name="Flags">0x00000620</Data>
</EventData>
</Event>

<Event xmlns="http://schemas.microsoft.com/win/2004/08/events/event"><System><Provider Name="Microsoft-Windows-AppXDeployment-Server" Guid="{3f471139-acb7-4a01-b7a7-ff5da4ba2d43}"></Provider>
<EventID Qualifiers="">8100</EventID>
<Version>0</Version>
<Level>5</Level>
<Task>49</Task>
<Opcode>0</Opcode>
<Keywords>0x4000000000000001</Keywords>
<TimeCreated SystemTime="2022-05-07 01:20:09.839523"></TimeCreated>
<EventRecordID>400</EventRecordID>
<Correlation ActivityID="{824d2842-61b0-0003-fc33-4d82b061d801}" RelatedActivityID=""></Correlation>
<Execution ProcessID="3236" ThreadID="4736"></Execution>
<Channel>Microsoft-Windows-AppXDeploymentServer/Operational</Channel>
<Computer>WIN-GE1PLB8KFNS</Computer>
<Security UserID="S-1-5-18"></Security>
</System>
<EventData><Data Name="PackageFullName">Microsoft.WebMediaExtensions_1.0.42192.0_neutral_split.scale-100_8wekyb3d8bbwe</Data>
<Data Name="Flags">0x00000620</Data>
</EventData>
</Event>

<Event xmlns="http://schemas.microsoft.com/win/2004/08/events/event"><System><Provider Name="Microsoft-Windows-AppXDeployment-Server" Guid="{3f471139-acb7-4a01-b7a7-ff5da4ba2d43}"></Provider>
<EventID Qualifiers="">8100</EventID>
<Version>0</Version>
<Level>5</Level>
<Task>49</Task>
<Opcode>0</Opcode>
<Keywords>0x4000000000000001</Keywords>
<TimeCreated SystemTime="2022-05-07 01:20:09.843670"></TimeCreated>
<EventRecordID>401</EventRecordID>
<Correlation ActivityID="{824d2842-61b0-0003-fc33-4d82b061d801}" RelatedActivityID=""></Correlation>
<Execution ProcessID="3236" ThreadID="4736"></Execution>
<Channel>Microsoft-Windows-AppXDeploymentServer/Operational</Channel>
<Computer>WIN-GE1PLB8KFNS</Computer>
<Security UserID="S-1-5-18"></Security>
</System>
<EventData><Data Name="PackageFullName">Microsoft.WebMediaExtensions_1.0.42192.0_neutral_split.scale-125_8wekyb3d8bbwe</Data>
<Data Name="Flags">0x00000620</Data>
</EventData>
</Event>

<Event xmlns="http://schemas.microsoft.com/win/2004/08/events/event"><System><Provider Name="Microsoft-Windows-AppXDeployment-Server" Guid="{3f471139-acb7-4a01-b7a7-ff5da4ba2d43}"></Provider>
<EventID Qualifiers="">8106</EventID>
<Version>0</Version>
<Level>5</Level>
<Task>49</Task>
<Opcode>0</Opcode>
<Keywords>0x4000000000000001</Keywords>
<TimeCreated SystemTime="2022-05-07 01:20:09.862198"></TimeCreated>
<EventRecordID>402</EventRecordID>
<Correlation ActivityID="{824d2842-61b0-0003-fc33-4d82b061d801}" RelatedActivityID=""></Correlation>
<Execution ProcessID="3236" ThreadID="3016"></Execution>
<Channel>Microsoft-Windows-AppXDeploymentServer/Operational</Channel>
<Computer>WIN-GE1PLB8KFNS</Computer>
<Security UserID="S-1-5-18"></Security>
</System>
<EventData><Data Name="PackageFullName">Microsoft.WebMediaExtensions_1.0.42192.0_neutral_split.scale-125_8wekyb3d8bbwe</Data>
<Data Name="Flags">0x00000620</Data>
</EventData>
</Event>

<Event xmlns="http://schemas.microsoft.com/win/2004/08/events/event"><System><Provider Name="Microsoft-Windows-AppXDeployment-Server" Guid="{3f471139-acb7-4a01-b7a7-ff5da4ba2d43}"></Provider>
<EventID Qualifiers="">8101</EventID>
<Version>0</Version>
<Level>5</Level>
<Task>49</Task>
<Opcode>0</Opcode>
<Keywords>0x4000000000000001</Keywords>
<TimeCreated SystemTime="2022-05-07 01:20:09.862215"></TimeCreated>
<EventRecordID>403</EventRecordID>
<Correlation ActivityID="{824d2842-61b0-0003-fc33-4d82b061d801}" RelatedActivityID=""></Correlation>
<Execution ProcessID="3236" ThreadID="3016"></Execution>
<Channel>Microsoft-Windows-AppXDeploymentServer/Operational</Channel>
<Computer>WIN-GE1PLB8KFNS</Computer>
<Security UserID="S-1-5-18"></Security>
</System>
<EventData><Data Name="PackageFullName">Microsoft.WebMediaExtensions_1.0.42192.0_neutral_split.scale-125_8wekyb3d8bbwe</Data>
<Data Name="Flags">0x00000620</Data>
</EventData>
</Event>

<Event xmlns="http://schemas.microsoft.com/win/2004/08/events/event"><System><Provider Name="Microsoft-Windows-AppXDeployment-Server" Guid="{3f471139-acb7-4a01-b7a7-ff5da4ba2d43}"></Provider>
<EventID Qualifiers="">8105</EventID>
<Version>0</Version>
<Level>5</Level>
<Task>49</Task>
<Opcode>0</Opcode>
<Keywords>0x4000000000000001</Keywords>
<TimeCreated SystemTime="2022-05-07 01:20:09.899921"></TimeCreated>
<EventRecordID>404</EventRecordID>
<Correlation ActivityID="{824d2842-61b0-0003-fc33-4d82b061d801}" RelatedActivityID=""></Correlation>
<Execution ProcessID="3236" ThreadID="3376"></Execution>
<Channel>Microsoft-Windows-AppXDeploymentServer/Operational</Channel>
<Computer>WIN-GE1PLB8KFNS</Computer>
<Security UserID="S-1-5-18"></Security>
</System>
<EventData><Data Name="PackageFullName">Microsoft.WebMediaExtensions_1.0.42192.0_neutral_~_8wekyb3d8bbwe</Data>
<Data Name="NumberOfFiles">1</Data>
</EventData>
</Event>

<Event xmlns="http://schemas.microsoft.com/win/2004/08/events/event"><System><Provider Name="Microsoft-Windows-AppXDeployment-Server" Guid="{3f471139-acb7-4a01-b7a7-ff5da4ba2d43}"></Provider>
<EventID Qualifiers="">8101</EventID>
<Version>0</Version>
<Level>5</Level>
<Task>49</Task>
<Opcode>0</Opcode>
<Keywords>0x4000000000000001</Keywords>
<TimeCreated SystemTime="2022-05-07 01:20:09.899958"></TimeCreated>
<EventRecordID>405</EventRecordID>
<Correlation ActivityID="{824d2842-61b0-0003-fc33-4d82b061d801}" RelatedActivityID=""></Correlation>
<Execution ProcessID="3236" ThreadID="3376"></Execution>
<Channel>Microsoft-Windows-AppXDeploymentServer/Operational</Channel>
<Computer>WIN-GE1PLB8KFNS</Computer>
<Security UserID="S-1-5-18"></Security>
</System>
<EventData><Data Name="PackageFullName">Microsoft.WebMediaExtensions_1.0.42192.0_neutral_~_8wekyb3d8bbwe</Data>
<Data Name="Flags">0x00000620</Data>
</EventData>
</Event>

<Event xmlns="http://schemas.microsoft.com/win/2004/08/events/event"><System><Provider Name="Microsoft-Windows-AppXDeployment-Server" Guid="{3f471139-acb7-4a01-b7a7-ff5da4ba2d43}"></Provider>
<EventID Qualifiers="">8105</EventID>
<Version>0</Version>
<Level>5</Level>
<Task>49</Task>
<Opcode>0</Opcode>
<Keywords>0x4000000000000001</Keywords>
<TimeCreated SystemTime="2022-05-07 01:20:09.958328"></TimeCreated>
<EventRecordID>406</EventRecordID>
<Correlation ActivityID="{824d2842-61b0-0003-fc33-4d82b061d801}" RelatedActivityID=""></Correlation>
<Execution ProcessID="3236" ThreadID="3020"></Execution>
<Channel>Microsoft-Windows-AppXDeploymentServer/Operational</Channel>
<Computer>WIN-GE1PLB8KFNS</Computer>
<Security UserID="S-1-5-18"></Security>
</System>
<EventData><Data Name="PackageFullName">Microsoft.WebMediaExtensions_1.0.42192.0_neutral_split.scale-100_8wekyb3d8bbwe</Data>
<Data Name="NumberOfFiles">2</Data>
</EventData>
</Event>

<Event xmlns="http://schemas.microsoft.com/win/2004/08/events/event"><System><Provider Name="Microsoft-Windows-AppXDeployment-Server" Guid="{3f471139-acb7-4a01-b7a7-ff5da4ba2d43}"></Provider>
<EventID Qualifiers="">8101</EventID>
<Version>0</Version>
<Level>5</Level>
<Task>49</Task>
<Opcode>0</Opcode>
<Keywords>0x4000000000000001</Keywords>
<TimeCreated SystemTime="2022-05-07 01:20:09.958408"></TimeCreated>
<EventRecordID>407</EventRecordID>
<Correlation ActivityID="{824d2842-61b0-0003-fc33-4d82b061d801}" RelatedActivityID=""></Correlation>
<Execution ProcessID="3236" ThreadID="3020"></Execution>
<Channel>Microsoft-Windows-AppXDeploymentServer/Operational</Channel>
<Computer>WIN-GE1PLB8KFNS</Computer>
<Security UserID="S-1-5-18"></Security>
</System>
<EventData><Data Name="PackageFullName">Microsoft.WebMediaExtensions_1.0.42192.0_neutral_split.scale-100_8wekyb3d8bbwe</Data>
<Data Name="Flags">0x00000620</Data>
</EventData>
</Event>

<Event xmlns="http://schemas.microsoft.com/win/2004/08/events/event"><System><Provider Name="Microsoft-Windows-AppXDeployment-Server" Guid="{3f471139-acb7-4a01-b7a7-ff5da4ba2d43}"></Provider>
<EventID Qualifiers="">400</EventID>
<Version>0</Version>
<Level>4</Level>
<Task>3</Task>
<Opcode>2</Opcode>
<Keywords>0x4000000000000001</Keywords>
<TimeCreated SystemTime="2022-05-07 01:20:09.973383"></TimeCreated>
<EventRecordID>408</EventRecordID>
<Correlation ActivityID="{824d2842-61b0-0003-fc33-4d82b061d801}" RelatedActivityID=""></Correlation>
<Execution ProcessID="3236" ThreadID="4736"></Execution>
<Channel>Microsoft-Windows-AppXDeploymentServer/Operational</Channel>
<Computer>WIN-GE1PLB8KFNS</Computer>
<Security UserID="S-1-5-18"></Security>
</System>
<EventData><Data Name="DeploymentOperation">12</Data>
<Data Name="PackageFullName">microsoft.webmediaextensions_1.0.42192.0_neutral_~_8wekyb3d8bbwe</Data>
<Data Name="Path"> </Data>
<Data Name="MountPoint">C:</Data>
<Data Name="TargetPlatform">0x00000000</Data>
<Data Name="SystemVolume">True</Data>
<Data Name="StorageId">\\?\Volume{bf27b24f-9e98-4395-9110-325985ded282}</Data>
<Data Name="IsCentennial">False</Data>
<Data Name="PackageType">0x00000008</Data>
<Data Name="IsPackageEncrypted">False</Data>
<Data Name="DeploymentOptions">0x0000000010020020</Data>
<Data Name="IsStreamingPackage">False</Data>
<Data Name="IsInRelatedSet">False</Data>
<Data Name="IsPackageUsingBDC">False</Data>
<Data Name="MainPackageFamilyName">NULL</Data>
<Data Name="CallingProcess"></Data>
<Data Name="IsOptional">False</Data>
<Data Name="PackageFlags">0x00000000</Data>
<Data Name="PackageFlags2">0x00000800</Data>
<Data Name="HasWin32alacarte">False</Data>
<Data Name="HasFullTrust">False</Data>
<Data Name="ExternalLocation"></Data>
<Data Name="PackageSourceUri"></Data>
<Data Name="PackageDisplayName"> </Data>
</EventData>
</Event>

<Event xmlns="http://schemas.microsoft.com/win/2004/08/events/event"><System><Provider Name="Microsoft-Windows-AppXDeployment-Server" Guid="{3f471139-acb7-4a01-b7a7-ff5da4ba2d43}"></Provider>
<EventID Qualifiers="">478</EventID>
<Version>0</Version>
<Level>5</Level>
<Task>3</Task>
<Opcode>0</Opcode>
<Keywords>0x4000000000000001</Keywords>
<TimeCreated SystemTime="2022-05-07 01:20:09.976702"></TimeCreated>
<EventRecordID>409</EventRecordID>
<Correlation ActivityID="{824d2842-61b0-0003-fc33-4d82b061d801}" RelatedActivityID=""></Correlation>
<Execution ProcessID="3236" ThreadID="4736"></Execution>
<Channel>Microsoft-Windows-AppXDeploymentServer/Operational</Channel>
<Computer>WIN-GE1PLB8KFNS</Computer>
<Security UserID="S-1-5-18"></Security>
</System>
<EventData><Data Name="DeploymentOperation">12</Data>
<Data Name="PackageFullName">Microsoft.WebMediaExtensions_1.0.42192.0_x64__8wekyb3d8bbwe</Data>
<Data Name="Path"> </Data>
<Data Name="MountPoint">C:</Data>
<Data Name="TargetPlatform">0x00000000</Data>
<Data Name="SystemVolume">True</Data>
<Data Name="StorageId">\\?\Volume{bf27b24f-9e98-4395-9110-325985ded282}</Data>
<Data Name="IsCentennial">False</Data>
<Data Name="PackageType">0x00000001</Data>
<Data Name="IsPackageEncrypted">False</Data>
<Data Name="DeploymentOptions">0x0000000010020020</Data>
<Data Name="IsStreamingPackage">False</Data>
<Data Name="IsInRelatedSet">False</Data>
<Data Name="IsPackageUsingBDC">False</Data>
<Data Name="MainPackageFamilyName">NULL</Data>
<Data Name="CallingProcess"></Data>
<Data Name="IsOptional">False</Data>
<Data Name="PackageFlags">0x00000008</Data>
<Data Name="PackageFlags2">0x00000800</Data>
<Data Name="HasWin32alacarte">False</Data>
<Data Name="HasFullTrust">False</Data>
<Data Name="ExternalLocation"></Data>
<Data Name="PackageSourceUri"></Data>
<Data Name="PackageDisplayName">ms-resource:AppStoreName</Data>
</EventData>
</Event>

<Event xmlns="http://schemas.microsoft.com/win/2004/08/events/event"><System><Provider Name="Microsoft-Windows-AppXDeployment-Server" Guid="{3f471139-acb7-4a01-b7a7-ff5da4ba2d43}"></Provider>
<EventID Qualifiers="">635</EventID>
<Version>0</Version>
<Level>4</Level>
<Task>3</Task>
<Opcode>0</Opcode>
<Keywords>0x4000000000000001</Keywords>
<TimeCreated SystemTime="2022-05-07 01:20:10.057442"></TimeCreated>
<EventRecordID>410</EventRecordID>
<Correlation ActivityID="{824d2842-61b0-0003-fc33-4d82b061d801}" RelatedActivityID=""></Correlation>
<Execution ProcessID="3236" ThreadID="3268"></Execution>
<Channel>Microsoft-Windows-AppXDeploymentServer/Operational</Channel>
<Computer>WIN-GE1PLB8KFNS</Computer>
<Security UserID="S-1-5-18"></Security>
</System>
<EventData><Data Name="PackageFullName">microsoft.webmediaextensions_1.0.42192.0_neutral_~_8wekyb3d8bbwe</Data>
<Data Name="Flags">1</Data>
<Data Name="HResult">0x00000000</Data>
</EventData>
</Event>

<Event xmlns="http://schemas.microsoft.com/win/2004/08/events/event"><System><Provider Name="Microsoft-Windows-AppXDeployment-Server" Guid="{3f471139-acb7-4a01-b7a7-ff5da4ba2d43}"></Provider>
<EventID Qualifiers="">633</EventID>
<Version>0</Version>
<Level>4</Level>
<Task>3</Task>
<Opcode>0</Opcode>
<Keywords>0x4000000000000001</Keywords>
<TimeCreated SystemTime="2022-05-07 01:20:10.057957"></TimeCreated>
<EventRecordID>411</EventRecordID>
<Correlation ActivityID="{824d2842-61b0-0003-1534-4d82b061d801}" RelatedActivityID=""></Correlation>
<Execution ProcessID="3236" ThreadID="3268"></Execution>
<Channel>Microsoft-Windows-AppXDeploymentServer/Operational</Channel>
<Computer>WIN-GE1PLB8KFNS</Computer>
<Security UserID="S-1-5-18"></Security>
</System>
<EventData><Data Name="PackageFullName">microsoft.webpimageextension_1.0.42351.0_x64__8wekyb3d8bbwe</Data>
<Data Name="IsInstalled">False</Data>
</EventData>
</Event>

<Event xmlns="http://schemas.microsoft.com/win/2004/08/events/event"><System><Provider Name="Microsoft-Windows-AppXDeployment-Server" Guid="{3f471139-acb7-4a01-b7a7-ff5da4ba2d43}"></Provider>
<EventID Qualifiers="">607</EventID>
<Version>0</Version>
<Level>4</Level>
<Task>0</Task>
<Opcode>0</Opcode>
<Keywords>0x4000000000000001</Keywords>
<TimeCreated SystemTime="2022-05-07 01:20:10.058321"></TimeCreated>
<EventRecordID>412</EventRecordID>
<Correlation ActivityID="{824d2842-61b0-0003-1534-4d82b061d801}" RelatedActivityID=""></Correlation>
<Execution ProcessID="3236" ThreadID="4736"></Execution>
<Channel>Microsoft-Windows-AppXDeploymentServer/Operational</Channel>
<Computer>WIN-GE1PLB8KFNS</Computer>
<Security UserID="S-1-5-18"></Security>
</System>
<EventData><Data Name="DeploymentOperation">12</Data>
<Data Name="PackageFullName">microsoft.webpimageextension_1.0.42351.0_x64__8wekyb3d8bbwe</Data>
<Data Name="UserSid">S-1-5-18</Data>
<Data Name="CallingProcess">NULL</Data>
</EventData>
</Event>

<Event xmlns="http://schemas.microsoft.com/win/2004/08/events/event"><System><Provider Name="Microsoft-Windows-AppXDeployment-Server" Guid="{3f471139-acb7-4a01-b7a7-ff5da4ba2d43}"></Provider>
<EventID Qualifiers="">8105</EventID>
<Version>0</Version>
<Level>5</Level>
<Task>49</Task>
<Opcode>0</Opcode>
<Keywords>0x4000000000000001</Keywords>
<TimeCreated SystemTime="2022-05-07 01:20:10.114962"></TimeCreated>
<EventRecordID>413</EventRecordID>
<Correlation ActivityID="{824d2842-61b0-0003-fc33-4d82b061d801}" RelatedActivityID=""></Correlation>
<Execution ProcessID="3236" ThreadID="3028"></Execution>
<Channel>Microsoft-Windows-AppXDeploymentServer/Operational</Channel>
<Computer>WIN-GE1PLB8KFNS</Computer>
<Security UserID="S-1-5-18"></Security>
</System>
<EventData><Data Name="PackageFullName">Microsoft.WebMediaExtensions_1.0.42192.0_x64__8wekyb3d8bbwe</Data>
<Data Name="NumberOfFiles">18</Data>
</EventData>
</Event>

<Event xmlns="http://schemas.microsoft.com/win/2004/08/events/event"><System><Provider Name="Microsoft-Windows-AppXDeployment-Server" Guid="{3f471139-acb7-4a01-b7a7-ff5da4ba2d43}"></Provider>
<EventID Qualifiers="">8101</EventID>
<Version>0</Version>
<Level>5</Level>
<Task>49</Task>
<Opcode>0</Opcode>
<Keywords>0x4000000000000001</Keywords>
<TimeCreated SystemTime="2022-05-07 01:20:10.115221"></TimeCreated>
<EventRecordID>414</EventRecordID>
<Correlation ActivityID="{824d2842-61b0-0003-fc33-4d82b061d801}" RelatedActivityID=""></Correlation>
<Execution ProcessID="3236" ThreadID="3028"></Execution>
<Channel>Microsoft-Windows-AppXDeploymentServer/Operational</Channel>
<Computer>WIN-GE1PLB8KFNS</Computer>
<Security UserID="S-1-5-18"></Security>
</System>
<EventData><Data Name="PackageFullName">Microsoft.WebMediaExtensions_1.0.42192.0_x64__8wekyb3d8bbwe</Data>
<Data Name="Flags">0x00000620</Data>
</EventData>
</Event>

