<Event xmlns="http://schemas.microsoft.com/win/2004/08/events/event"><System><Provider Name="Microsoft-Windows-AppReadiness" Guid="{f0be35f8-237b-4814-86b5-ade51192e503}"></Provider>
<EventID Qualifiers="">240</EventID>
<Version>0</Version>
<Level>4</Level>
<Task>1</Task>
<Opcode>0</Opcode>
<Keywords>0x8000000000000004</Keywords>
<TimeCreated SystemTime="2022-05-06 15:24:37.021339"></TimeCreated>
<EventRecordID>112</EventRecordID>
<Correlation ActivityID="" RelatedActivityID=""></Correlation>
<Execution ProcessID="2324" ThreadID="4120"></Execution>
<Channel>Microsoft-Windows-AppReadiness/Admin</Channel>
<Computer>Council-HQ</Computer>
<Security UserID="S-1-5-18"></Security>
</System>
<EventData><Data Name="User">S-1-5-21-2389065719-3342106636-307857974-1001</Data>
<Data Name="TaskId">install::Microsoft.WebMediaExtensions_8wekyb3d8bbwe</Data>
<Data Name="TaskCount">53</Data>
</EventData>
</Event>

<Event xmlns="http://schemas.microsoft.com/win/2004/08/events/event"><System><Provider Name="Microsoft-Windows-AppReadiness" Guid="{f0be35f8-237b-4814-86b5-ade51192e503}"></Provider>
<EventID Qualifiers="">240</EventID>
<Version>0</Version>
<Level>4</Level>
<Task>1</Task>
<Opcode>0</Opcode>
<Keywords>0x8000000000000004</Keywords>
<TimeCreated SystemTime="2022-05-06 15:24:37.021469"></TimeCreated>
<EventRecordID>113</EventRecordID>
<Correlation ActivityID="" RelatedActivityID=""></Correlation>
<Execution ProcessID="2324" ThreadID="4120"></Execution>
<Channel>Microsoft-Windows-AppReadiness/Admin</Channel>
<Computer>Council-HQ</Computer>
<Security UserID="S-1-5-18"></Security>
</System>
<EventData><Data Name="User">S-1-5-21-2389065719-3342106636-307857974-1001</Data>
<Data Name="TaskId">install::Microsoft.WebpImageExtension_8wekyb3d8bbwe</Data>
<Data Name="TaskCount">54</Data>
</EventData>
</Event>

<Event xmlns="http://schemas.microsoft.com/win/2004/08/events/event"><System><Provider Name="Microsoft-Windows-AppReadiness" Guid="{f0be35f8-237b-4814-86b5-ade51192e503}"></Provider>
<EventID Qualifiers="">240</EventID>
<Version>0</Version>
<Level>4</Level>
<Task>1</Task>
<Opcode>0</Opcode>
<Keywords>0x8000000000000004</Keywords>
<TimeCreated SystemTime="2022-05-06 15:24:37.021587"></TimeCreated>
<EventRecordID>114</EventRecordID>
<Correlation ActivityID="" RelatedActivityID=""></Correlation>
<Execution ProcessID="2324" ThreadID="4120"></Execution>
<Channel>Microsoft-Windows-AppReadiness/Admin</Channel>
<Computer>Council-HQ</Computer>
<Security UserID="S-1-5-18"></Security>
</System>
<EventData><Data Name="User">S-1-5-21-2389065719-3342106636-307857974-1001</Data>
<Data Name="TaskId">install::Microsoft.Windows.Photos_8wekyb3d8bbwe</Data>
<Data Name="TaskCount">55</Data>
</EventData>
</Event>

<Event xmlns="http://schemas.microsoft.com/win/2004/08/events/event"><System><Provider Name="Microsoft-Windows-AppReadiness" Guid="{f0be35f8-237b-4814-86b5-ade51192e503}"></Provider>
<EventID Qualifiers="">240</EventID>
<Version>0</Version>
<Level>4</Level>
<Task>1</Task>
<Opcode>0</Opcode>
<Keywords>0x8000000000000004</Keywords>
<TimeCreated SystemTime="2022-05-06 15:24:37.021715"></TimeCreated>
<EventRecordID>115</EventRecordID>
<Correlation ActivityID="" RelatedActivityID=""></Correlation>
<Execution ProcessID="2324" ThreadID="4120"></Execution>
<Channel>Microsoft-Windows-AppReadiness/Admin</Channel>
<Computer>Council-HQ</Computer>
<Security UserID="S-1-5-18"></Security>
</System>
<EventData><Data Name="User">S-1-5-21-2389065719-3342106636-307857974-1001</Data>
<Data Name="TaskId">install::Microsoft.WindowsCalculator_8wekyb3d8bbwe</Data>
<Data Name="TaskCount">56</Data>
</EventData>
</Event>

<Event xmlns="http://schemas.microsoft.com/win/2004/08/events/event"><System><Provider Name="Microsoft-Windows-AppReadiness" Guid="{f0be35f8-237b-4814-86b5-ade51192e503}"></Provider>
<EventID Qualifiers="">240</EventID>
<Version>0</Version>
<Level>4</Level>
<Task>1</Task>
<Opcode>0</Opcode>
<Keywords>0x8000000000000004</Keywords>
<TimeCreated SystemTime="2022-05-06 15:24:37.021835"></TimeCreated>
<EventRecordID>116</EventRecordID>
<Correlation ActivityID="" RelatedActivityID=""></Correlation>
<Execution ProcessID="2324" ThreadID="4120"></Execution>
<Channel>Microsoft-Windows-AppReadiness/Admin</Channel>
<Computer>Council-HQ</Computer>
<Security UserID="S-1-5-18"></Security>
</System>
<EventData><Data Name="User">S-1-5-21-2389065719-3342106636-307857974-1001</Data>
<Data Name="TaskId">install::Microsoft.WindowsCamera_8wekyb3d8bbwe</Data>
<Data Name="TaskCount">57</Data>
</EventData>
</Event>

<Event xmlns="http://schemas.microsoft.com/win/2004/08/events/event"><System><Provider Name="Microsoft-Windows-AppReadiness" Guid="{f0be35f8-237b-4814-86b5-ade51192e503}"></Provider>
<EventID Qualifiers="">240</EventID>
<Version>0</Version>
<Level>4</Level>
<Task>1</Task>
<Opcode>0</Opcode>
<Keywords>0x8000000000000004</Keywords>
<TimeCreated SystemTime="2022-05-06 15:24:37.021984"></TimeCreated>
<EventRecordID>117</EventRecordID>
<Correlation ActivityID="" RelatedActivityID=""></Correlation>
<Execution ProcessID="2324" ThreadID="4120"></Execution>
<Channel>Microsoft-Windows-AppReadiness/Admin</Channel>
<Computer>Council-HQ</Computer>
<Security UserID="S-1-5-18"></Security>
</System>
<EventData><Data Name="User">S-1-5-21-2389065719-3342106636-307857974-1001</Data>
<Data Name="TaskId">install::Microsoft.WindowsNotepad_8wekyb3d8bbwe</Data>
<Data Name="TaskCount">58</Data>
</EventData>
</Event>

<Event xmlns="http://schemas.microsoft.com/win/2004/08/events/event"><System><Provider Name="Microsoft-Windows-AppReadiness" Guid="{f0be35f8-237b-4814-86b5-ade51192e503}"></Provider>
<EventID Qualifiers="">240</EventID>
<Version>0</Version>
<Level>4</Level>
<Task>1</Task>
<Opcode>0</Opcode>
<Keywords>0x8000000000000004</Keywords>
<TimeCreated SystemTime="2022-05-06 15:24:37.022076"></TimeCreated>
<EventRecordID>118</EventRecordID>
<Correlation ActivityID="" RelatedActivityID=""></Correlation>
<Execution ProcessID="2324" ThreadID="4120"></Execution>
<Channel>Microsoft-Windows-AppReadiness/Admin</Channel>
<Computer>Council-HQ</Computer>
<Security UserID="S-1-5-18"></Security>
</System>
<EventData><Data Name="User">S-1-5-21-2389065719-3342106636-307857974-1001</Data>
<Data Name="TaskId">install::Microsoft.WindowsStore_8wekyb3d8bbwe</Data>
<Data Name="TaskCount">59</Data>
</EventData>
</Event>

<Event xmlns="http://schemas.microsoft.com/win/2004/08/events/event"><System><Provider Name="Microsoft-Windows-AppReadiness" Guid="{f0be35f8-237b-4814-86b5-ade51192e503}"></Provider>
<EventID Qualifiers="">240</EventID>
<Version>0</Version>
<Level>4</Level>
<Task>1</Task>
<Opcode>0</Opcode>
<Keywords>0x8000000000000004</Keywords>
<TimeCreated SystemTime="2022-05-06 15:24:37.022154"></TimeCreated>
<EventRecordID>119</EventRecordID>
<Correlation ActivityID="" RelatedActivityID=""></Correlation>
<Execution ProcessID="2324" ThreadID="4120"></Execution>
<Channel>Microsoft-Windows-AppReadiness/Admin</Channel>
<Computer>Council-HQ</Computer>
<Security UserID="S-1-5-18"></Security>
</System>
<EventData><Data Name="User">S-1-5-21-2389065719-3342106636-307857974-1001</Data>
<Data Name="TaskId">install::Microsoft.WindowsTerminal_8wekyb3d8bbwe</Data>
<Data Name="TaskCount">60</Data>
</EventData>
</Event>

<Event xmlns="http://schemas.microsoft.com/win/2004/08/events/event"><System><Provider Name="Microsoft-Windows-AppReadiness" Guid="{f0be35f8-237b-4814-86b5-ade51192e503}"></Provider>
<EventID Qualifiers="">240</EventID>
<Version>0</Version>
<Level>4</Level>
<Task>1</Task>
<Opcode>0</Opcode>
<Keywords>0x8000000000000004</Keywords>
<TimeCreated SystemTime="2022-05-06 15:24:37.022243"></TimeCreated>
<EventRecordID>120</EventRecordID>
<Correlation ActivityID="" RelatedActivityID=""></Correlation>
<Execution ProcessID="2324" ThreadID="4120"></Execution>
<Channel>Microsoft-Windows-AppReadiness/Admin</Channel>
<Computer>Council-HQ</Computer>
<Security UserID="S-1-5-18"></Security>
</System>
<EventData><Data Name="User">S-1-5-21-2389065719-3342106636-307857974-1001</Data>
<Data Name="TaskId">install::Microsoft.Xbox.TCUI_8wekyb3d8bbwe</Data>
<Data Name="TaskCount">61</Data>
</EventData>
</Event>

<Event xmlns="http://schemas.microsoft.com/win/2004/08/events/event"><System><Provider Name="Microsoft-Windows-AppReadiness" Guid="{f0be35f8-237b-4814-86b5-ade51192e503}"></Provider>
<EventID Qualifiers="">240</EventID>
<Version>0</Version>
<Level>4</Level>
<Task>1</Task>
<Opcode>0</Opcode>
<Keywords>0x8000000000000004</Keywords>
<TimeCreated SystemTime="2022-05-06 15:24:37.022326"></TimeCreated>
<EventRecordID>121</EventRecordID>
<Correlation ActivityID="" RelatedActivityID=""></Correlation>
<Execution ProcessID="2324" ThreadID="4120"></Execution>
<Channel>Microsoft-Windows-AppReadiness/Admin</Channel>
<Computer>Council-HQ</Computer>
<Security UserID="S-1-5-18"></Security>
</System>
<EventData><Data Name="User">S-1-5-21-2389065719-3342106636-307857974-1001</Data>
<Data Name="TaskId">install::Microsoft.XboxGameOverlay_8wekyb3d8bbwe</Data>
<Data Name="TaskCount">62</Data>
</EventData>
</Event>

<Event xmlns="http://schemas.microsoft.com/win/2004/08/events/event"><System><Provider Name="Microsoft-Windows-AppReadiness" Guid="{f0be35f8-237b-4814-86b5-ade51192e503}"></Provider>
<EventID Qualifiers="">240</EventID>
<Version>0</Version>
<Level>4</Level>
<Task>1</Task>
<Opcode>0</Opcode>
<Keywords>0x8000000000000004</Keywords>
<TimeCreated SystemTime="2022-05-06 15:24:37.022406"></TimeCreated>
<EventRecordID>122</EventRecordID>
<Correlation ActivityID="" RelatedActivityID=""></Correlation>
<Execution ProcessID="2324" ThreadID="4120"></Execution>
<Channel>Microsoft-Windows-AppReadiness/Admin</Channel>
<Computer>Council-HQ</Computer>
<Security UserID="S-1-5-18"></Security>
</System>
<EventData><Data Name="User">S-1-5-21-2389065719-3342106636-307857974-1001</Data>
<Data Name="TaskId">install::Microsoft.XboxGamingOverlay_8wekyb3d8bbwe</Data>
<Data Name="TaskCount">63</Data>
</EventData>
</Event>

<Event xmlns="http://schemas.microsoft.com/win/2004/08/events/event"><System><Provider Name="Microsoft-Windows-AppReadiness" Guid="{f0be35f8-237b-4814-86b5-ade51192e503}"></Provider>
<EventID Qualifiers="">240</EventID>
<Version>0</Version>
<Level>4</Level>
<Task>1</Task>
<Opcode>0</Opcode>
<Keywords>0x8000000000000004</Keywords>
<TimeCreated SystemTime="2022-05-06 15:24:37.022491"></TimeCreated>
<EventRecordID>123</EventRecordID>
<Correlation ActivityID="" RelatedActivityID=""></Correlation>
<Execution ProcessID="2324" ThreadID="4120"></Execution>
<Channel>Microsoft-Windows-AppReadiness/Admin</Channel>
<Computer>Council-HQ</Computer>
<Security UserID="S-1-5-18"></Security>
</System>
<EventData><Data Name="User">S-1-5-21-2389065719-3342106636-307857974-1001</Data>
<Data Name="TaskId">install::Microsoft.XboxIdentityProvider_8wekyb3d8bbwe</Data>
<Data Name="TaskCount">64</Data>
</EventData>
</Event>

<Event xmlns="http://schemas.microsoft.com/win/2004/08/events/event"><System><Provider Name="Microsoft-Windows-AppReadiness" Guid="{f0be35f8-237b-4814-86b5-ade51192e503}"></Provider>
<EventID Qualifiers="">240</EventID>
<Version>0</Version>
<Level>4</Level>
<Task>1</Task>
<Opcode>0</Opcode>
<Keywords>0x8000000000000004</Keywords>
<TimeCreated SystemTime="2022-05-06 15:24:37.022581"></TimeCreated>
<EventRecordID>124</EventRecordID>
<Correlation ActivityID="" RelatedActivityID=""></Correlation>
<Execution ProcessID="2324" ThreadID="4120"></Execution>
<Channel>Microsoft-Windows-AppReadiness/Admin</Channel>
<Computer>Council-HQ</Computer>
<Security UserID="S-1-5-18"></Security>
</System>
<EventData><Data Name="User">S-1-5-21-2389065719-3342106636-307857974-1001</Data>
<Data Name="TaskId">install::Microsoft.XboxSpeechToTextOverlay_8wekyb3d8bbwe</Data>
<Data Name="TaskCount">65</Data>
</EventData>
</Event>

<Event xmlns="http://schemas.microsoft.com/win/2004/08/events/event"><System><Provider Name="Microsoft-Windows-AppReadiness" Guid="{f0be35f8-237b-4814-86b5-ade51192e503}"></Provider>
<EventID Qualifiers="">240</EventID>
<Version>0</Version>
<Level>4</Level>
<Task>1</Task>
<Opcode>0</Opcode>
<Keywords>0x8000000000000004</Keywords>
<TimeCreated SystemTime="2022-05-06 15:24:37.022657"></TimeCreated>
<EventRecordID>125</EventRecordID>
<Correlation ActivityID="" RelatedActivityID=""></Correlation>
<Execution ProcessID="2324" ThreadID="4120"></Execution>
<Channel>Microsoft-Windows-AppReadiness/Admin</Channel>
<Computer>Council-HQ</Computer>
<Security UserID="S-1-5-18"></Security>
</System>
<EventData><Data Name="User">S-1-5-21-2389065719-3342106636-307857974-1001</Data>
<Data Name="TaskId">install::MicrosoftTeams_8wekyb3d8bbwe</Data>
<Data Name="TaskCount">66</Data>
</EventData>
</Event>

<Event xmlns="http://schemas.microsoft.com/win/2004/08/events/event"><System><Provider Name="Microsoft-Windows-AppReadiness" Guid="{f0be35f8-237b-4814-86b5-ade51192e503}"></Provider>
<EventID Qualifiers="">240</EventID>
<Version>0</Version>
<Level>4</Level>
<Task>1</Task>
<Opcode>0</Opcode>
<Keywords>0x8000000000000004</Keywords>
<TimeCreated SystemTime="2022-05-06 15:24:37.022745"></TimeCreated>
<EventRecordID>126</EventRecordID>
<Correlation ActivityID="" RelatedActivityID=""></Correlation>
<Execution ProcessID="2324" ThreadID="4120"></Execution>
<Channel>Microsoft-Windows-AppReadiness/Admin</Channel>
<Computer>Council-HQ</Computer>
<Security UserID="S-1-5-18"></Security>
</System>
<EventData><Data Name="User">S-1-5-21-2389065719-3342106636-307857974-1001</Data>
<Data Name="TaskId">install::MicrosoftWindows.Client.WebExperience_cw5n1h2txyewy</Data>
<Data Name="TaskCount">67</Data>
</EventData>
</Event>

<Event xmlns="http://schemas.microsoft.com/win/2004/08/events/event"><System><Provider Name="Microsoft-Windows-AppReadiness" Guid="{f0be35f8-237b-4814-86b5-ade51192e503}"></Provider>
<EventID Qualifiers="">240</EventID>
<Version>0</Version>
<Level>4</Level>
<Task>1</Task>
<Opcode>0</Opcode>
<Keywords>0x8000000000000004</Keywords>
<TimeCreated SystemTime="2022-05-06 15:24:37.025162"></TimeCreated>
<EventRecordID>127</EventRecordID>
<Correlation ActivityID="" RelatedActivityID=""></Correlation>
<Execution ProcessID="2324" ThreadID="4124"></Execution>
<Channel>Microsoft-Windows-AppReadiness/Admin</Channel>
<Computer>Council-HQ</Computer>
<Security UserID="S-1-5-18"></Security>
</System>
<EventData><Data Name="User">S-1-5-21-2389065719-3342106636-307857974-1001</Data>
<Data Name="TaskId">ART:PreRoamingGroup</Data>
<Data Name="TaskCount">68</Data>
</EventData>
</Event>

<Event xmlns="http://schemas.microsoft.com/win/2004/08/events/event"><System><Provider Name="Microsoft-Windows-AppReadiness" Guid="{f0be35f8-237b-4814-86b5-ade51192e503}"></Provider>
<EventID Qualifiers="">240</EventID>
<Version>0</Version>
<Level>4</Level>
<Task>1</Task>
<Opcode>0</Opcode>
<Keywords>0x8000000000000004</Keywords>
<TimeCreated SystemTime="2022-05-06 15:24:37.031973"></TimeCreated>
<EventRecordID>128</EventRecordID>
<Correlation ActivityID="" RelatedActivityID=""></Correlation>
<Execution ProcessID="2324" ThreadID="4124"></Execution>
<Channel>Microsoft-Windows-AppReadiness/Admin</Channel>
<Computer>Council-HQ</Computer>
<Security UserID="S-1-5-18"></Security>
</System>
<EventData><Data Name="User">S-1-5-21-2389065719-3342106636-307857974-1001</Data>
<Data Name="TaskId">ART:UserLogon</Data>
<Data Name="TaskCount">69</Data>
</EventData>
</Event>

<Event xmlns="http://schemas.microsoft.com/win/2004/08/events/event"><System><Provider Name="Microsoft-Windows-AppReadiness" Guid="{f0be35f8-237b-4814-86b5-ade51192e503}"></Provider>
<EventID Qualifiers="">241</EventID>
<Version>0</Version>
<Level>4</Level>
<Task>1</Task>
<Opcode>0</Opcode>
<Keywords>0x8000000000000004</Keywords>
<TimeCreated SystemTime="2022-05-06 15:24:38.101425"></TimeCreated>
<EventRecordID>129</EventRecordID>
<Correlation ActivityID="" RelatedActivityID=""></Correlation>
<Execution ProcessID="2324" ThreadID="4120"></Execution>
<Channel>Microsoft-Windows-AppReadiness/Admin</Channel>
<Computer>Council-HQ</Computer>
<Security UserID="S-1-5-18"></Security>
</System>
<EventData><Data Name="User">S-1-5-21-2389065719-3342106636-307857974-1001</Data>
<Data Name="TaskId">install::Microsoft.BioEnrollment_cw5n1h2txyewy</Data>
<Data Name="TaskCount">68</Data>
</EventData>
</Event>

<Event xmlns="http://schemas.microsoft.com/win/2004/08/events/event"><System><Provider Name="Microsoft-Windows-AppReadiness" Guid="{f0be35f8-237b-4814-86b5-ade51192e503}"></Provider>
<EventID Qualifiers="">213</EventID>
<Version>0</Version>
<Level>4</Level>
<Task>1</Task>
<Opcode>0</Opcode>
<Keywords>0x8000000000000002</Keywords>
<TimeCreated SystemTime="2022-05-06 15:24:38.101431"></TimeCreated>
<EventRecordID>130</EventRecordID>
<Correlation ActivityID="" RelatedActivityID=""></Correlation>
<Execution ProcessID="2324" ThreadID="4120"></Execution>
<Channel>Microsoft-Windows-AppReadiness/Admin</Channel>
<Computer>Council-HQ</Computer>
<Security UserID="S-1-5-18"></Security>
</System>
<EventData><Data Name="Username">S-1-5-21-2389065719-3342106636-307857974-1001</Data>
<Data Name="Package">Microsoft.BioEnrollment_cw5n1h2txyewy</Data>
<Data Name="Operation">1</Data>
<Data Name="Elapsed">1.0647589</Data>
</EventData>
</Event>

<Event xmlns="http://schemas.microsoft.com/win/2004/08/events/event"><System><Provider Name="Microsoft-Windows-AppReadiness" Guid="{f0be35f8-237b-4814-86b5-ade51192e503}"></Provider>
<EventID Qualifiers="">241</EventID>
<Version>0</Version>
<Level>4</Level>
<Task>1</Task>
<Opcode>0</Opcode>
<Keywords>0x8000000000000004</Keywords>
<TimeCreated SystemTime="2022-05-06 15:24:38.160271"></TimeCreated>
<EventRecordID>131</EventRecordID>
<Correlation ActivityID="" RelatedActivityID=""></Correlation>
<Execution ProcessID="2324" ThreadID="4124"></Execution>
<Channel>Microsoft-Windows-AppReadiness/Admin</Channel>
<Computer>Council-HQ</Computer>
<Security UserID="S-1-5-18"></Security>
</System>
<EventData><Data Name="User">S-1-5-21-2389065719-3342106636-307857974-1001</Data>
<Data Name="TaskId">install::Microsoft.Windows.CloudExperienceHost_cw5n1h2txyewy</Data>
<Data Name="TaskCount">67</Data>
</EventData>
</Event>

<Event xmlns="http://schemas.microsoft.com/win/2004/08/events/event"><System><Provider Name="Microsoft-Windows-AppReadiness" Guid="{f0be35f8-237b-4814-86b5-ade51192e503}"></Provider>
<EventID Qualifiers="">213</EventID>
<Version>0</Version>
<Level>4</Level>
<Task>1</Task>
<Opcode>0</Opcode>
<Keywords>0x8000000000000002</Keywords>
<TimeCreated SystemTime="2022-05-06 15:24:38.160278"></TimeCreated>
<EventRecordID>132</EventRecordID>
<Correlation ActivityID="" RelatedActivityID=""></Correlation>
<Execution ProcessID="2324" ThreadID="4124"></Execution>
<Channel>Microsoft-Windows-AppReadiness/Admin</Channel>
<Computer>Council-HQ</Computer>
<Security UserID="S-1-5-18"></Security>
</System>
<EventData><Data Name="Username">S-1-5-21-2389065719-3342106636-307857974-1001</Data>
<Data Name="Package">Microsoft.Windows.CloudExperienceHost_cw5n1h2txyewy</Data>
<Data Name="Operation">1</Data>
<Data Name="Elapsed">1.12726</Data>
</EventData>
</Event>

<Event xmlns="http://schemas.microsoft.com/win/2004/08/events/event"><System><Provider Name="Microsoft-Windows-AppReadiness" Guid="{f0be35f8-237b-4814-86b5-ade51192e503}"></Provider>
<EventID Qualifiers="">241</EventID>
<Version>0</Version>
<Level>4</Level>
<Task>1</Task>
<Opcode>0</Opcode>
<Keywords>0x8000000000000004</Keywords>
<TimeCreated SystemTime="2022-05-06 15:24:38.450542"></TimeCreated>
<EventRecordID>133</EventRecordID>
<Correlation ActivityID="" RelatedActivityID=""></Correlation>
<Execution ProcessID="2324" ThreadID="4120"></Execution>
<Channel>Microsoft-Windows-AppReadiness/Admin</Channel>
<Computer>Council-HQ</Computer>
<Security UserID="S-1-5-18"></Security>
</System>
<EventData><Data Name="User">S-1-5-21-2389065719-3342106636-307857974-1001</Data>
<Data Name="TaskId">install::Microsoft.AAD.BrokerPlugin_cw5n1h2txyewy</Data>
<Data Name="TaskCount">66</Data>
</EventData>
</Event>

<Event xmlns="http://schemas.microsoft.com/win/2004/08/events/event"><System><Provider Name="Microsoft-Windows-AppReadiness" Guid="{f0be35f8-237b-4814-86b5-ade51192e503}"></Provider>
<EventID Qualifiers="">213</EventID>
<Version>0</Version>
<Level>4</Level>
<Task>1</Task>
<Opcode>0</Opcode>
<Keywords>0x8000000000000002</Keywords>
<TimeCreated SystemTime="2022-05-06 15:24:38.450548"></TimeCreated>
<EventRecordID>134</EventRecordID>
<Correlation ActivityID="" RelatedActivityID=""></Correlation>
<Execution ProcessID="2324" ThreadID="4120"></Execution>
<Channel>Microsoft-Windows-AppReadiness/Admin</Channel>
<Computer>Council-HQ</Computer>
<Security UserID="S-1-5-18"></Security>
</System>
<EventData><Data Name="Username">S-1-5-21-2389065719-3342106636-307857974-1001</Data>
<Data Name="Package">Microsoft.AAD.BrokerPlugin_cw5n1h2txyewy</Data>
<Data Name="Operation">1</Data>
<Data Name="Elapsed">0.3571265</Data>
</EventData>
</Event>

<Event xmlns="http://schemas.microsoft.com/win/2004/08/events/event"><System><Provider Name="Microsoft-Windows-AppReadiness" Guid="{f0be35f8-237b-4814-86b5-ade51192e503}"></Provider>
<EventID Qualifiers="">241</EventID>
<Version>0</Version>
<Level>4</Level>
<Task>1</Task>
<Opcode>0</Opcode>
<Keywords>0x8000000000000004</Keywords>
<TimeCreated SystemTime="2022-05-06 15:24:38.491512"></TimeCreated>
<EventRecordID>135</EventRecordID>
<Correlation ActivityID="" RelatedActivityID=""></Correlation>
<Execution ProcessID="2324" ThreadID="4120"></Execution>
<Channel>Microsoft-Windows-AppReadiness/Admin</Channel>
<Computer>Council-HQ</Computer>
<Security UserID="S-1-5-18"></Security>
</System>
<EventData><Data Name="User">S-1-5-21-2389065719-3342106636-307857974-1001</Data>
<Data Name="TaskId">install::Microsoft.Windows.OOBENetworkConnectionFlow_cw5n1h2txyewy</Data>
<Data Name="TaskCount">65</Data>
</EventData>
</Event>

<Event xmlns="http://schemas.microsoft.com/win/2004/08/events/event"><System><Provider Name="Microsoft-Windows-AppReadiness" Guid="{f0be35f8-237b-4814-86b5-ade51192e503}"></Provider>
<EventID Qualifiers="">213</EventID>
<Version>0</Version>
<Level>4</Level>
<Task>1</Task>
<Opcode>0</Opcode>
<Keywords>0x8000000000000002</Keywords>
<TimeCreated SystemTime="2022-05-06 15:24:38.491520"></TimeCreated>
<EventRecordID>136</EventRecordID>
<Correlation ActivityID="" RelatedActivityID=""></Correlation>
<Execution ProcessID="2324" ThreadID="4120"></Execution>
<Channel>Microsoft-Windows-AppReadiness/Admin</Channel>
<Computer>Council-HQ</Computer>
<Security UserID="S-1-5-18"></Security>
</System>
<EventData><Data Name="Username">S-1-5-21-2389065719-3342106636-307857974-1001</Data>
<Data Name="Package">Microsoft.Windows.OOBENetworkConnectionFlow_cw5n1h2txyewy</Data>
<Data Name="Operation">1</Data>
<Data Name="Elapsed">0.3428987</Data>
</EventData>
</Event>

<Event xmlns="http://schemas.microsoft.com/win/2004/08/events/event"><System><Provider Name="Microsoft-Windows-AppReadiness" Guid="{f0be35f8-237b-4814-86b5-ade51192e503}"></Provider>
<EventID Qualifiers="">241</EventID>
<Version>0</Version>
<Level>4</Level>
<Task>1</Task>
<Opcode>0</Opcode>
<Keywords>0x8000000000000004</Keywords>
<TimeCreated SystemTime="2022-05-06 15:24:38.712873"></TimeCreated>
<EventRecordID>137</EventRecordID>
<Correlation ActivityID="" RelatedActivityID=""></Correlation>
<Execution ProcessID="2324" ThreadID="4124"></Execution>
<Channel>Microsoft-Windows-AppReadiness/Admin</Channel>
<Computer>Council-HQ</Computer>
<Security UserID="S-1-5-18"></Security>
</System>
<EventData><Data Name="User">S-1-5-21-2389065719-3342106636-307857974-1001</Data>
<Data Name="TaskId">install::Microsoft.UI.Xaml.CBS_8wekyb3d8bbwe</Data>
<Data Name="TaskCount">64</Data>
</EventData>
</Event>

<Event xmlns="http://schemas.microsoft.com/win/2004/08/events/event"><System><Provider Name="Microsoft-Windows-AppReadiness" Guid="{f0be35f8-237b-4814-86b5-ade51192e503}"></Provider>
<EventID Qualifiers="">213</EventID>
<Version>0</Version>
<Level>4</Level>
<Task>1</Task>
<Opcode>0</Opcode>
<Keywords>0x8000000000000002</Keywords>
<TimeCreated SystemTime="2022-05-06 15:24:38.712885"></TimeCreated>
<EventRecordID>138</EventRecordID>
<Correlation ActivityID="" RelatedActivityID=""></Correlation>
<Execution ProcessID="2324" ThreadID="4124"></Execution>
<Channel>Microsoft-Windows-AppReadiness/Admin</Channel>
<Computer>Council-HQ</Computer>
<Security UserID="S-1-5-18"></Security>
</System>
<EventData><Data Name="Username">S-1-5-21-2389065719-3342106636-307857974-1001</Data>
<Data Name="Package">Microsoft.UI.Xaml.CBS_8wekyb3d8bbwe</Data>
<Data Name="Operation">1</Data>
<Data Name="Elapsed">0.2173595</Data>
</EventData>
</Event>

<Event xmlns="http://schemas.microsoft.com/win/2004/08/events/event"><System><Provider Name="Microsoft-Windows-AppReadiness" Guid="{f0be35f8-237b-4814-86b5-ade51192e503}"></Provider>
<EventID Qualifiers="">241</EventID>
<Version>0</Version>
<Level>4</Level>
<Task>1</Task>
<Opcode>0</Opcode>
<Keywords>0x8000000000000004</Keywords>
<TimeCreated SystemTime="2022-05-06 15:24:38.752792"></TimeCreated>
<EventRecordID>139</EventRecordID>
<Correlation ActivityID="" RelatedActivityID=""></Correlation>
<Execution ProcessID="2324" ThreadID="4124"></Execution>
<Channel>Microsoft-Windows-AppReadiness/Admin</Channel>
<Computer>Council-HQ</Computer>
<Security UserID="S-1-5-18"></Security>
</System>
<EventData><Data Name="User">S-1-5-21-2389065719-3342106636-307857974-1001</Data>
<Data Name="TaskId">install::Microsoft.Windows.OOBENetworkCaptivePortal_cw5n1h2txyewy</Data>
<Data Name="TaskCount">63</Data>
</EventData>
</Event>

<Event xmlns="http://schemas.microsoft.com/win/2004/08/events/event"><System><Provider Name="Microsoft-Windows-AppReadiness" Guid="{f0be35f8-237b-4814-86b5-ade51192e503}"></Provider>
<EventID Qualifiers="">213</EventID>
<Version>0</Version>
<Level>4</Level>
<Task>1</Task>
<Opcode>0</Opcode>
<Keywords>0x8000000000000002</Keywords>
<TimeCreated SystemTime="2022-05-06 15:24:38.752802"></TimeCreated>
<EventRecordID>140</EventRecordID>
<Correlation ActivityID="" RelatedActivityID=""></Correlation>
<Execution ProcessID="2324" ThreadID="4124"></Execution>
<Channel>Microsoft-Windows-AppReadiness/Admin</Channel>
<Computer>Council-HQ</Computer>
<Security UserID="S-1-5-18"></Security>
</System>
<EventData><Data Name="Username">S-1-5-21-2389065719-3342106636-307857974-1001</Data>
<Data Name="Package">Microsoft.Windows.OOBENetworkCaptivePortal_cw5n1h2txyewy</Data>
<Data Name="Operation">1</Data>
<Data Name="Elapsed">0.3123581</Data>
</EventData>
</Event>

<Event xmlns="http://schemas.microsoft.com/win/2004/08/events/event"><System><Provider Name="Microsoft-Windows-AppReadiness" Guid="{f0be35f8-237b-4814-86b5-ade51192e503}"></Provider>
<EventID Qualifiers="">241</EventID>
<Version>0</Version>
<Level>4</Level>
<Task>1</Task>
<Opcode>0</Opcode>
<Keywords>0x8000000000000004</Keywords>
<TimeCreated SystemTime="2022-05-06 15:24:40.073854"></TimeCreated>
<EventRecordID>141</EventRecordID>
<Correlation ActivityID="" RelatedActivityID=""></Correlation>
<Execution ProcessID="2324" ThreadID="4120"></Execution>
<Channel>Microsoft-Windows-AppReadiness/Admin</Channel>
<Computer>Council-HQ</Computer>
<Security UserID="S-1-5-18"></Security>
</System>
<EventData><Data Name="User">S-1-5-21-2389065719-3342106636-307857974-1001</Data>
<Data Name="TaskId">install::MicrosoftWindows.Client.CBS_cw5n1h2txyewy</Data>
<Data Name="TaskCount">62</Data>
</EventData>
</Event>

<Event xmlns="http://schemas.microsoft.com/win/2004/08/events/event"><System><Provider Name="Microsoft-Windows-AppReadiness" Guid="{f0be35f8-237b-4814-86b5-ade51192e503}"></Provider>
<EventID Qualifiers="">241</EventID>
<Version>0</Version>
<Level>4</Level>
<Task>1</Task>
<Opcode>0</Opcode>
<Keywords>0x8000000000000004</Keywords>
<TimeCreated SystemTime="2022-05-06 15:24:40.073858"></TimeCreated>
<EventRecordID>142</EventRecordID>
<Correlation ActivityID="" RelatedActivityID=""></Correlation>
<Execution ProcessID="2324" ThreadID="4120"></Execution>
<Channel>Microsoft-Windows-AppReadiness/Admin</Channel>
<Computer>Council-HQ</Computer>
<Security UserID="S-1-5-18"></Security>
</System>
<EventData><Data Name="User">S-1-5-21-2389065719-3342106636-307857974-1001</Data>
<Data Name="TaskId">ART:PreRoamingGroup</Data>
<Data Name="TaskCount">61</Data>
</EventData>
</Event>

<Event xmlns="http://schemas.microsoft.com/win/2004/08/events/event"><System><Provider Name="Microsoft-Windows-AppReadiness" Guid="{f0be35f8-237b-4814-86b5-ade51192e503}"></Provider>
<EventID Qualifiers="">213</EventID>
<Version>0</Version>
<Level>4</Level>
<Task>1</Task>
<Opcode>0</Opcode>
<Keywords>0x8000000000000002</Keywords>
<TimeCreated SystemTime="2022-05-06 15:24:40.073860"></TimeCreated>
<EventRecordID>143</EventRecordID>
<Correlation ActivityID="" RelatedActivityID=""></Correlation>
<Execution ProcessID="2324" ThreadID="4120"></Execution>
<Channel>Microsoft-Windows-AppReadiness/Admin</Channel>
<Computer>Council-HQ</Computer>
<Security UserID="S-1-5-18"></Security>
</System>
<EventData><Data Name="Username">S-1-5-21-2389065719-3342106636-307857974-1001</Data>
<Data Name="Package">MicrosoftWindows.Client.CBS_cw5n1h2txyewy</Data>
<Data Name="Operation">1</Data>
<Data Name="Elapsed">1.3590844</Data>
</EventData>
</Event>

<Event xmlns="http://schemas.microsoft.com/win/2004/08/events/event"><System><Provider Name="Microsoft-Windows-AppReadiness" Guid="{f0be35f8-237b-4814-86b5-ade51192e503}"></Provider>
<EventID Qualifiers="">220</EventID>
<Version>0</Version>
<Level>4</Level>
<Task>1</Task>
<Opcode>0</Opcode>
<Keywords>0x8000000000000002</Keywords>
<TimeCreated SystemTime="2022-05-06 15:24:40.073860"></TimeCreated>
<EventRecordID>144</EventRecordID>
<Correlation ActivityID="" RelatedActivityID=""></Correlation>
<Execution ProcessID="2324" ThreadID="4120"></Execution>
<Channel>Microsoft-Windows-AppReadiness/Admin</Channel>
<Computer>Council-HQ</Computer>
<Security UserID="S-1-5-18"></Security>
</System>
<EventData><Data Name="Username">S-1-5-21-2389065719-3342106636-307857974-1001</Data>
<Data Name="Task">ART:PreRoamingGroup</Data>
<Data Name="Elapsed">3.0466026</Data>
</EventData>
</Event>

<Event xmlns="http://schemas.microsoft.com/win/2004/08/events/event"><System><Provider Name="Microsoft-Windows-AppReadiness" Guid="{f0be35f8-237b-4814-86b5-ade51192e503}"></Provider>
<EventID Qualifiers="">241</EventID>
<Version>0</Version>
<Level>4</Level>
<Task>1</Task>
<Opcode>0</Opcode>
<Keywords>0x8000000000000004</Keywords>
<TimeCreated SystemTime="2022-05-06 15:24:40.233191"></TimeCreated>
<EventRecordID>145</EventRecordID>
<Correlation ActivityID="" RelatedActivityID=""></Correlation>
<Execution ProcessID="2324" ThreadID="4328"></Execution>
<Channel>Microsoft-Windows-AppReadiness/Admin</Channel>
<Computer>Council-HQ</Computer>
<Security UserID="S-1-5-18"></Security>
</System>
<EventData><Data Name="User">S-1-5-21-2389065719-3342106636-307857974-1001</Data>
<Data Name="TaskId">PreviewTiles</Data>
<Data Name="TaskCount">60</Data>
</EventData>
</Event>

<Event xmlns="http://schemas.microsoft.com/win/2004/08/events/event"><System><Provider Name="Microsoft-Windows-AppReadiness" Guid="{f0be35f8-237b-4814-86b5-ade51192e503}"></Provider>
<EventID Qualifiers="">220</EventID>
<Version>0</Version>
<Level>4</Level>
<Task>1</Task>
<Opcode>0</Opcode>
<Keywords>0x8000000000000002</Keywords>
<TimeCreated SystemTime="2022-05-06 15:24:40.233196"></TimeCreated>
<EventRecordID>146</EventRecordID>
<Correlation ActivityID="" RelatedActivityID=""></Correlation>
<Execution ProcessID="2324" ThreadID="4328"></Execution>
<Channel>Microsoft-Windows-AppReadiness/Admin</Channel>
<Computer>Council-HQ</Computer>
<Security UserID="S-1-5-18"></Security>
</System>
<EventData><Data Name="Username">S-1-5-21-2389065719-3342106636-307857974-1001</Data>
<Data Name="Task">PreviewTiles</Data>
<Data Name="Elapsed">0.1258996</Data>
</EventData>
</Event>

<Event xmlns="http://schemas.microsoft.com/win/2004/08/events/event"><System><Provider Name="Microsoft-Windows-AppReadiness" Guid="{f0be35f8-237b-4814-86b5-ade51192e503}"></Provider>
<EventID Qualifiers="">241</EventID>
<Version>0</Version>
<Level>4</Level>
<Task>1</Task>
<Opcode>0</Opcode>
<Keywords>0x8000000000000004</Keywords>
<TimeCreated SystemTime="2022-05-06 15:24:40.779387"></TimeCreated>
<EventRecordID>147</EventRecordID>
<Correlation ActivityID="" RelatedActivityID=""></Correlation>
<Execution ProcessID="2324" ThreadID="4328"></Execution>
<Channel>Microsoft-Windows-AppReadiness/Admin</Channel>
<Computer>Council-HQ</Computer>
<Security UserID="S-1-5-18"></Security>
</System>
<EventData><Data Name="User">S-1-5-21-2389065719-3342106636-307857974-1001</Data>
<Data Name="TaskId">install::Microsoft.Windows.ShellExperienceHost_cw5n1h2txyewy</Data>
<Data Name="TaskCount">59</Data>
</EventData>
</Event>

<Event xmlns="http://schemas.microsoft.com/win/2004/08/events/event"><System><Provider Name="Microsoft-Windows-AppReadiness" Guid="{f0be35f8-237b-4814-86b5-ade51192e503}"></Provider>
<EventID Qualifiers="">213</EventID>
<Version>0</Version>
<Level>4</Level>
<Task>1</Task>
<Opcode>0</Opcode>
<Keywords>0x8000000000000002</Keywords>
<TimeCreated SystemTime="2022-05-06 15:24:40.779392"></TimeCreated>
<EventRecordID>148</EventRecordID>
<Correlation ActivityID="" RelatedActivityID=""></Correlation>
<Execution ProcessID="2324" ThreadID="4328"></Execution>
<Channel>Microsoft-Windows-AppReadiness/Admin</Channel>
<Computer>Council-HQ</Computer>
<Security UserID="S-1-5-18"></Security>
</System>
<EventData><Data Name="Username">S-1-5-21-2389065719-3342106636-307857974-1001</Data>
<Data Name="Package">Microsoft.Windows.ShellExperienceHost_cw5n1h2txyewy</Data>
<Data Name="Operation">1</Data>
<Data Name="Elapsed">0.5486671</Data>
</EventData>
</Event>

<Event xmlns="http://schemas.microsoft.com/win/2004/08/events/event"><System><Provider Name="Microsoft-Windows-AppReadiness" Guid="{f0be35f8-237b-4814-86b5-ade51192e503}"></Provider>
<EventID Qualifiers="">241</EventID>
<Version>0</Version>
<Level>4</Level>
<Task>1</Task>
<Opcode>0</Opcode>
<Keywords>0x8000000000000004</Keywords>
<TimeCreated SystemTime="2022-05-06 15:24:41.004595"></TimeCreated>
<EventRecordID>149</EventRecordID>
<Correlation ActivityID="" RelatedActivityID=""></Correlation>
<Execution ProcessID="2324" ThreadID="4328"></Execution>
<Channel>Microsoft-Windows-AppReadiness/Admin</Channel>
<Computer>Council-HQ</Computer>
<Security UserID="S-1-5-18"></Security>
</System>
<EventData><Data Name="User">S-1-5-21-2389065719-3342106636-307857974-1001</Data>
<Data Name="TaskId">install::Microsoft.Windows.StartMenuExperienceHost_cw5n1h2txyewy</Data>
<Data Name="TaskCount">58</Data>
</EventData>
</Event>

<Event xmlns="http://schemas.microsoft.com/win/2004/08/events/event"><System><Provider Name="Microsoft-Windows-AppReadiness" Guid="{f0be35f8-237b-4814-86b5-ade51192e503}"></Provider>
<EventID Qualifiers="">213</EventID>
<Version>0</Version>
<Level>4</Level>
<Task>1</Task>
<Opcode>0</Opcode>
<Keywords>0x8000000000000002</Keywords>
<TimeCreated SystemTime="2022-05-06 15:24:41.004599"></TimeCreated>
<EventRecordID>150</EventRecordID>
<Correlation ActivityID="" RelatedActivityID=""></Correlation>
<Execution ProcessID="2324" ThreadID="4328"></Execution>
<Channel>Microsoft-Windows-AppReadiness/Admin</Channel>
<Computer>Council-HQ</Computer>
<Security UserID="S-1-5-18"></Security>
</System>
<EventData><Data Name="Username">S-1-5-21-2389065719-3342106636-307857974-1001</Data>
<Data Name="Package">Microsoft.Windows.StartMenuExperienceHost_cw5n1h2txyewy</Data>
<Data Name="Operation">1</Data>
<Data Name="Elapsed">0.8902988</Data>
</EventData>
</Event>

<Event xmlns="http://schemas.microsoft.com/win/2004/08/events/event"><System><Provider Name="Microsoft-Windows-AppReadiness" Guid="{f0be35f8-237b-4814-86b5-ade51192e503}"></Provider>
<EventID Qualifiers="">241</EventID>
<Version>0</Version>
<Level>4</Level>
<Task>1</Task>
<Opcode>0</Opcode>
<Keywords>0x8000000000000004</Keywords>
<TimeCreated SystemTime="2022-05-06 15:24:41.295109"></TimeCreated>
<EventRecordID>151</EventRecordID>
<Correlation ActivityID="" RelatedActivityID=""></Correlation>
<Execution ProcessID="2324" ThreadID="4120"></Execution>
<Channel>Microsoft-Windows-AppReadiness/Admin</Channel>
<Computer>Council-HQ</Computer>
<Security UserID="S-1-5-18"></Security>
</System>
<EventData><Data Name="User">S-1-5-21-2389065719-3342106636-307857974-1001</Data>
<Data Name="TaskId">install::windows.immersivecontrolpanel_cw5n1h2txyewy</Data>
<Data Name="TaskCount">57</Data>
</EventData>
</Event>

<Event xmlns="http://schemas.microsoft.com/win/2004/08/events/event"><System><Provider Name="Microsoft-Windows-AppReadiness" Guid="{f0be35f8-237b-4814-86b5-ade51192e503}"></Provider>
<EventID Qualifiers="">213</EventID>
<Version>0</Version>
<Level>4</Level>
<Task>1</Task>
<Opcode>0</Opcode>
<Keywords>0x8000000000000002</Keywords>
<TimeCreated SystemTime="2022-05-06 15:24:41.295113"></TimeCreated>
<EventRecordID>152</EventRecordID>
<Correlation ActivityID="" RelatedActivityID=""></Correlation>
<Execution ProcessID="2324" ThreadID="4120"></Execution>
<Channel>Microsoft-Windows-AppReadiness/Admin</Channel>
<Computer>Council-HQ</Computer>
<Security UserID="S-1-5-18"></Security>
</System>
<EventData><Data Name="Username">S-1-5-21-2389065719-3342106636-307857974-1001</Data>
<Data Name="Package">windows.immersivecontrolpanel_cw5n1h2txyewy</Data>
<Data Name="Operation">1</Data>
<Data Name="Elapsed">0.5141416</Data>
</EventData>
</Event>

<Event xmlns="http://schemas.microsoft.com/win/2004/08/events/event"><System><Provider Name="Microsoft-Windows-AppReadiness" Guid="{f0be35f8-237b-4814-86b5-ade51192e503}"></Provider>
<EventID Qualifiers="">241</EventID>
<Version>0</Version>
<Level>4</Level>
<Task>1</Task>
<Opcode>0</Opcode>
<Keywords>0x8000000000000004</Keywords>
<TimeCreated SystemTime="2022-05-06 15:24:41.558825"></TimeCreated>
<EventRecordID>153</EventRecordID>
<Correlation ActivityID="" RelatedActivityID=""></Correlation>
<Execution ProcessID="2324" ThreadID="4328"></Execution>
<Channel>Microsoft-Windows-AppReadiness/Admin</Channel>
<Computer>Council-HQ</Computer>
<Security UserID="S-1-5-18"></Security>
</System>
<EventData><Data Name="User">S-1-5-21-2389065719-3342106636-307857974-1001</Data>
<Data Name="TaskId">install::Microsoft.Windows.Search_cw5n1h2txyewy</Data>
<Data Name="TaskCount">56</Data>
</EventData>
</Event>

<Event xmlns="http://schemas.microsoft.com/win/2004/08/events/event"><System><Provider Name="Microsoft-Windows-AppReadiness" Guid="{f0be35f8-237b-4814-86b5-ade51192e503}"></Provider>
<EventID Qualifiers="">213</EventID>
<Version>0</Version>
<Level>4</Level>
<Task>1</Task>
<Opcode>0</Opcode>
<Keywords>0x8000000000000002</Keywords>
<TimeCreated SystemTime="2022-05-06 15:24:41.558830"></TimeCreated>
<EventRecordID>154</EventRecordID>
<Correlation ActivityID="" RelatedActivityID=""></Correlation>
<Execution ProcessID="2324" ThreadID="4328"></Execution>
<Channel>Microsoft-Windows-AppReadiness/Admin</Channel>
<Computer>Council-HQ</Computer>
<Security UserID="S-1-5-18"></Security>
</System>
<EventData><Data Name="Username">S-1-5-21-2389065719-3342106636-307857974-1001</Data>
<Data Name="Package">Microsoft.Windows.Search_cw5n1h2txyewy</Data>
<Data Name="Operation">1</Data>
<Data Name="Elapsed">0.562028</Data>
</EventData>
</Event>

<Event xmlns="http://schemas.microsoft.com/win/2004/08/events/event"><System><Provider Name="Microsoft-Windows-AppReadiness" Guid="{f0be35f8-237b-4814-86b5-ade51192e503}"></Provider>
<EventID Qualifiers="">241</EventID>
<Version>0</Version>
<Level>4</Level>
<Task>1</Task>
<Opcode>0</Opcode>
<Keywords>0x8000000000000004</Keywords>
<TimeCreated SystemTime="2022-05-06 15:24:41.946915"></TimeCreated>
<EventRecordID>155</EventRecordID>
<Correlation ActivityID="" RelatedActivityID=""></Correlation>
<Execution ProcessID="2324" ThreadID="4328"></Execution>
<Channel>Microsoft-Windows-AppReadiness/Admin</Channel>
<Computer>Council-HQ</Computer>
<Security UserID="S-1-5-18"></Security>
</System>
<EventData><Data Name="User">S-1-5-21-2389065719-3342106636-307857974-1001</Data>
<Data Name="TaskId">install::Microsoft.549981C3F5F10_8wekyb3d8bbwe</Data>
<Data Name="TaskCount">55</Data>
</EventData>
</Event>

<Event xmlns="http://schemas.microsoft.com/win/2004/08/events/event"><System><Provider Name="Microsoft-Windows-AppReadiness" Guid="{f0be35f8-237b-4814-86b5-ade51192e503}"></Provider>
<EventID Qualifiers="">213</EventID>
<Version>0</Version>
<Level>4</Level>
<Task>1</Task>
<Opcode>0</Opcode>
<Keywords>0x8000000000000002</Keywords>
<TimeCreated SystemTime="2022-05-06 15:24:41.946945"></TimeCreated>
<EventRecordID>156</EventRecordID>
<Correlation ActivityID="" RelatedActivityID=""></Correlation>
<Execution ProcessID="2324" ThreadID="4328"></Execution>
<Channel>Microsoft-Windows-AppReadiness/Admin</Channel>
<Computer>Council-HQ</Computer>
<Security UserID="S-1-5-18"></Security>
</System>
<EventData><Data Name="Username">S-1-5-21-2389065719-3342106636-307857974-1001</Data>
<Data Name="Package">Microsoft.549981C3F5F10_8wekyb3d8bbwe</Data>
<Data Name="Operation">1</Data>
<Data Name="Elapsed">0.6554381</Data>
</EventData>
</Event>

<Event xmlns="http://schemas.microsoft.com/win/2004/08/events/event"><System><Provider Name="Microsoft-Windows-AppReadiness" Guid="{f0be35f8-237b-4814-86b5-ade51192e503}"></Provider>
<EventID Qualifiers="">241</EventID>
<Version>0</Version>
<Level>4</Level>
<Task>1</Task>
<Opcode>0</Opcode>
<Keywords>0x8000000000000004</Keywords>
<TimeCreated SystemTime="2022-05-06 15:24:42.250315"></TimeCreated>
<EventRecordID>157</EventRecordID>
<Correlation ActivityID="" RelatedActivityID=""></Correlation>
<Execution ProcessID="2324" ThreadID="4328"></Execution>
<Channel>Microsoft-Windows-AppReadiness/Admin</Channel>
<Computer>Council-HQ</Computer>
<Security UserID="S-1-5-18"></Security>
</System>
<EventData><Data Name="User">S-1-5-21-2389065719-3342106636-307857974-1001</Data>
<Data Name="TaskId">install::Microsoft.MicrosoftEdge_8wekyb3d8bbwe</Data>
<Data Name="TaskCount">54</Data>
</EventData>
</Event>

<Event xmlns="http://schemas.microsoft.com/win/2004/08/events/event"><System><Provider Name="Microsoft-Windows-AppReadiness" Guid="{f0be35f8-237b-4814-86b5-ade51192e503}"></Provider>
<EventID Qualifiers="">213</EventID>
<Version>0</Version>
<Level>4</Level>
<Task>1</Task>
<Opcode>0</Opcode>
<Keywords>0x8000000000000002</Keywords>
<TimeCreated SystemTime="2022-05-06 15:24:42.250319"></TimeCreated>
<EventRecordID>158</EventRecordID>
<Correlation ActivityID="" RelatedActivityID=""></Correlation>
<Execution ProcessID="2324" ThreadID="4328"></Execution>
<Channel>Microsoft-Windows-AppReadiness/Admin</Channel>
<Computer>Council-HQ</Computer>
<Security UserID="S-1-5-18"></Security>
</System>
<EventData><Data Name="Username">S-1-5-21-2389065719-3342106636-307857974-1001</Data>
<Data Name="Package">Microsoft.MicrosoftEdge_8wekyb3d8bbwe</Data>
<Data Name="Operation">1</Data>
<Data Name="Elapsed">0.687573</Data>
</EventData>
</Event>

<Event xmlns="http://schemas.microsoft.com/win/2004/08/events/event"><System><Provider Name="Microsoft-Windows-AppReadiness" Guid="{f0be35f8-237b-4814-86b5-ade51192e503}"></Provider>
<EventID Qualifiers="">241</EventID>
<Version>0</Version>
<Level>4</Level>
<Task>1</Task>
<Opcode>0</Opcode>
<Keywords>0x8000000000000004</Keywords>
<TimeCreated SystemTime="2022-05-06 15:24:42.349762"></TimeCreated>
<EventRecordID>159</EventRecordID>
<Correlation ActivityID="" RelatedActivityID=""></Correlation>
<Execution ProcessID="2324" ThreadID="4120"></Execution>
<Channel>Microsoft-Windows-AppReadiness/Admin</Channel>
<Computer>Council-HQ</Computer>
<Security UserID="S-1-5-18"></Security>
</System>
<EventData><Data Name="User">S-1-5-21-2389065719-3342106636-307857974-1001</Data>
<Data Name="TaskId">install::Microsoft.Windows.ContentDeliveryManager_cw5n1h2txyewy</Data>
<Data Name="TaskCount">53</Data>
</EventData>
</Event>

<Event xmlns="http://schemas.microsoft.com/win/2004/08/events/event"><System><Provider Name="Microsoft-Windows-AppReadiness" Guid="{f0be35f8-237b-4814-86b5-ade51192e503}"></Provider>
<EventID Qualifiers="">213</EventID>
<Version>0</Version>
<Level>4</Level>
<Task>1</Task>
<Opcode>0</Opcode>
<Keywords>0x8000000000000002</Keywords>
<TimeCreated SystemTime="2022-05-06 15:24:42.349770"></TimeCreated>
<EventRecordID>160</EventRecordID>
<Correlation ActivityID="" RelatedActivityID=""></Correlation>
<Execution ProcessID="2324" ThreadID="4120"></Execution>
<Channel>Microsoft-Windows-AppReadiness/Admin</Channel>
<Computer>Council-HQ</Computer>
<Security UserID="S-1-5-18"></Security>
</System>
<EventData><Data Name="Username">S-1-5-21-2389065719-3342106636-307857974-1001</Data>
<Data Name="Package">Microsoft.Windows.ContentDeliveryManager_cw5n1h2txyewy</Data>
<Data Name="Operation">1</Data>
<Data Name="Elapsed">0.4063074</Data>
</EventData>
</Event>

<Event xmlns="http://schemas.microsoft.com/win/2004/08/events/event"><System><Provider Name="Microsoft-Windows-AppReadiness" Guid="{f0be35f8-237b-4814-86b5-ade51192e503}"></Provider>
<EventID Qualifiers="">241</EventID>
<Version>0</Version>
<Level>4</Level>
<Task>1</Task>
<Opcode>0</Opcode>
<Keywords>0x8000000000000004</Keywords>
<TimeCreated SystemTime="2022-05-06 15:24:42.457167"></TimeCreated>
<EventRecordID>161</EventRecordID>
<Correlation ActivityID="" RelatedActivityID=""></Correlation>
<Execution ProcessID="2324" ThreadID="4328"></Execution>
<Channel>Microsoft-Windows-AppReadiness/Admin</Channel>
<Computer>Council-HQ</Computer>
<Security UserID="S-1-5-18"></Security>
</System>
<EventData><Data Name="User">S-1-5-21-2389065719-3342106636-307857974-1001</Data>
<Data Name="TaskId">install::Microsoft.UI.Xaml.2.4_8wekyb3d8bbwe</Data>
<Data Name="TaskCount">52</Data>
</EventData>
</Event>

<Event xmlns="http://schemas.microsoft.com/win/2004/08/events/event"><System><Provider Name="Microsoft-Windows-AppReadiness" Guid="{f0be35f8-237b-4814-86b5-ade51192e503}"></Provider>
<EventID Qualifiers="">213</EventID>
<Version>0</Version>
<Level>4</Level>
<Task>1</Task>
<Opcode>0</Opcode>
<Keywords>0x8000000000000002</Keywords>
<TimeCreated SystemTime="2022-05-06 15:24:42.457169"></TimeCreated>
<EventRecordID>162</EventRecordID>
<Correlation ActivityID="" RelatedActivityID=""></Correlation>
<Execution ProcessID="2324" ThreadID="4328"></Execution>
<Channel>Microsoft-Windows-AppReadiness/Admin</Channel>
<Computer>Council-HQ</Computer>
<Security UserID="S-1-5-18"></Security>
</System>
<EventData><Data Name="Username">S-1-5-21-2389065719-3342106636-307857974-1001</Data>
<Data Name="Package">Microsoft.UI.Xaml.2.4_8wekyb3d8bbwe</Data>
<Data Name="Operation">1</Data>
<Data Name="Elapsed">0.2187097</Data>
</EventData>
</Event>

<Event xmlns="http://schemas.microsoft.com/win/2004/08/events/event"><System><Provider Name="Microsoft-Windows-AppReadiness" Guid="{f0be35f8-237b-4814-86b5-ade51192e503}"></Provider>
<EventID Qualifiers="">10</EventID>
<Version>0</Version>
<Level>2</Level>
<Task>6</Task>
<Opcode>0</Opcode>
<Keywords>0x8000000000000080</Keywords>
<TimeCreated SystemTime="2022-05-06 15:24:42.549231"></TimeCreated>
<EventRecordID>163</EventRecordID>
<Correlation ActivityID="{2f2cff59-615d-0000-3c15-2d2f5d61d801}" RelatedActivityID=""></Correlation>
<Execution ProcessID="2324" ThreadID="4328"></Execution>
<Channel>Microsoft-Windows-AppReadiness/Admin</Channel>
<Computer>Council-HQ</Computer>
<Security UserID="S-1-5-18"></Security>
</System>
<EventData><Data Name="User">S-1-5-21-2389065719-3342106636-307857974-1001</Data>
<Data Name="Operation">RegisterPackageAsync</Data>
<Data Name="PackageId">Microsoft.VCLibs.140.00_14.0.29231.0_x64__8wekyb3d8bbwe</Data>
<Data Name="Result">-2147009274</Data>
<Data Name="Error">Windows cannot install package Microsoft.VCLibs.140.00_14.0.29231.0_x64__8wekyb3d8bbwe because it has version 14.0.29231.0. A higher version 14.0.30704.0 of this package is already installed.</Data>
</EventData>
</Event>

<Event xmlns="http://schemas.microsoft.com/win/2004/08/events/event"><System><Provider Name="Microsoft-Windows-AppReadiness" Guid="{f0be35f8-237b-4814-86b5-ade51192e503}"></Provider>
<EventID Qualifiers="">218</EventID>
<Version>0</Version>
<Level>4</Level>
<Task>1</Task>
<Opcode>0</Opcode>
<Keywords>0x8000000000000002</Keywords>
<TimeCreated SystemTime="2022-05-06 15:24:42.553461"></TimeCreated>
<EventRecordID>164</EventRecordID>
<Correlation ActivityID="" RelatedActivityID=""></Correlation>
<Execution ProcessID="2324" ThreadID="4120"></Execution>
<Channel>Microsoft-Windows-AppReadiness/Admin</Channel>
<Computer>Council-HQ</Computer>
<Security UserID="S-1-5-18"></Security>
</System>
<EventData><Data Name="User">S-1-5-21-2389065719-3342106636-307857974-1001</Data>
<Data Name="Package">Microsoft.VCLibs.140.00_8wekyb3d8bbwe</Data>
<Data Name="Operation">1</Data>
<Data Name="Error">-2147009274</Data>
<Data Name="AttemptAfter">2022-05-06 15:29:42.550972</Data>
</EventData>
</Event>

<Event xmlns="http://schemas.microsoft.com/win/2004/08/events/event"><System><Provider Name="Microsoft-Windows-AppReadiness" Guid="{f0be35f8-237b-4814-86b5-ade51192e503}"></Provider>
<EventID Qualifiers="">241</EventID>
<Version>0</Version>
<Level>4</Level>
<Task>1</Task>
<Opcode>0</Opcode>
<Keywords>0x8000000000000004</Keywords>
<TimeCreated SystemTime="2022-05-06 15:24:42.553469"></TimeCreated>
<EventRecordID>165</EventRecordID>
<Correlation ActivityID="" RelatedActivityID=""></Correlation>
<Execution ProcessID="2324" ThreadID="4120"></Execution>
<Channel>Microsoft-Windows-AppReadiness/Admin</Channel>
<Computer>Council-HQ</Computer>
<Security UserID="S-1-5-18"></Security>
</System>
<EventData><Data Name="User">S-1-5-21-2389065719-3342106636-307857974-1001</Data>
<Data Name="TaskId">install::Microsoft.VCLibs.140.00_8wekyb3d8bbwe</Data>
<Data Name="TaskCount">51</Data>
</EventData>
</Event>

