<Event xmlns="http://schemas.microsoft.com/win/2004/08/events/event"><System><Provider Name="Microsoft-Windows-AppReadiness" Guid="{f0be35f8-237b-4814-86b5-ade51192e503}"></Provider>
<EventID Qualifiers="">240</EventID>
<Version>0</Version>
<Level>4</Level>
<Task>1</Task>
<Opcode>0</Opcode>
<Keywords>0x8000000000000004</Keywords>
<TimeCreated SystemTime="2022-05-06 15:36:40.232716"></TimeCreated>
<EventRecordID>221</EventRecordID>
<Correlation ActivityID="{0e625a87-615f-0000-d65b-620e5f61d801}" RelatedActivityID=""></Correlation>
<Execution ProcessID="4336" ThreadID="4380"></Execution>
<Channel>Microsoft-Windows-AppReadiness/Admin</Channel>
<Computer>Council-HQ</Computer>
<Security UserID="S-1-5-18"></Security>
</System>
<EventData><Data Name="User">S-1-5-21-2389065719-3342106636-307857974-1001</Data>
<Data Name="TaskId">install::Microsoft.WebMediaExtensions_8wekyb3d8bbwe</Data>
<Data Name="TaskCount">19</Data>
</EventData>
</Event>

<Event xmlns="http://schemas.microsoft.com/win/2004/08/events/event"><System><Provider Name="Microsoft-Windows-AppReadiness" Guid="{f0be35f8-237b-4814-86b5-ade51192e503}"></Provider>
<EventID Qualifiers="">240</EventID>
<Version>0</Version>
<Level>4</Level>
<Task>1</Task>
<Opcode>0</Opcode>
<Keywords>0x8000000000000004</Keywords>
<TimeCreated SystemTime="2022-05-06 15:36:40.232813"></TimeCreated>
<EventRecordID>222</EventRecordID>
<Correlation ActivityID="{0e625a87-615f-0000-d65b-620e5f61d801}" RelatedActivityID=""></Correlation>
<Execution ProcessID="4336" ThreadID="4380"></Execution>
<Channel>Microsoft-Windows-AppReadiness/Admin</Channel>
<Computer>Council-HQ</Computer>
<Security UserID="S-1-5-18"></Security>
</System>
<EventData><Data Name="User">S-1-5-21-2389065719-3342106636-307857974-1001</Data>
<Data Name="TaskId">install::Microsoft.WebpImageExtension_8wekyb3d8bbwe</Data>
<Data Name="TaskCount">20</Data>
</EventData>
</Event>

<Event xmlns="http://schemas.microsoft.com/win/2004/08/events/event"><System><Provider Name="Microsoft-Windows-AppReadiness" Guid="{f0be35f8-237b-4814-86b5-ade51192e503}"></Provider>
<EventID Qualifiers="">240</EventID>
<Version>0</Version>
<Level>4</Level>
<Task>1</Task>
<Opcode>0</Opcode>
<Keywords>0x8000000000000004</Keywords>
<TimeCreated SystemTime="2022-05-06 15:36:40.232897"></TimeCreated>
<EventRecordID>223</EventRecordID>
<Correlation ActivityID="{0e625a87-615f-0000-d65b-620e5f61d801}" RelatedActivityID=""></Correlation>
<Execution ProcessID="4336" ThreadID="4380"></Execution>
<Channel>Microsoft-Windows-AppReadiness/Admin</Channel>
<Computer>Council-HQ</Computer>
<Security UserID="S-1-5-18"></Security>
</System>
<EventData><Data Name="User">S-1-5-21-2389065719-3342106636-307857974-1001</Data>
<Data Name="TaskId">install::Microsoft.Win32WebViewHost_cw5n1h2txyewy</Data>
<Data Name="TaskCount">21</Data>
</EventData>
</Event>

<Event xmlns="http://schemas.microsoft.com/win/2004/08/events/event"><System><Provider Name="Microsoft-Windows-AppReadiness" Guid="{f0be35f8-237b-4814-86b5-ade51192e503}"></Provider>
<EventID Qualifiers="">240</EventID>
<Version>0</Version>
<Level>4</Level>
<Task>1</Task>
<Opcode>0</Opcode>
<Keywords>0x8000000000000004</Keywords>
<TimeCreated SystemTime="2022-05-06 15:36:40.232985"></TimeCreated>
<EventRecordID>224</EventRecordID>
<Correlation ActivityID="{0e625a87-615f-0000-d65b-620e5f61d801}" RelatedActivityID=""></Correlation>
<Execution ProcessID="4336" ThreadID="4380"></Execution>
<Channel>Microsoft-Windows-AppReadiness/Admin</Channel>
<Computer>Council-HQ</Computer>
<Security UserID="S-1-5-18"></Security>
</System>
<EventData><Data Name="User">S-1-5-21-2389065719-3342106636-307857974-1001</Data>
<Data Name="TaskId">install::Microsoft.Windows.AppRep.ChxApp_cw5n1h2txyewy</Data>
<Data Name="TaskCount">22</Data>
</EventData>
</Event>

<Event xmlns="http://schemas.microsoft.com/win/2004/08/events/event"><System><Provider Name="Microsoft-Windows-AppReadiness" Guid="{f0be35f8-237b-4814-86b5-ade51192e503}"></Provider>
<EventID Qualifiers="">240</EventID>
<Version>0</Version>
<Level>4</Level>
<Task>1</Task>
<Opcode>0</Opcode>
<Keywords>0x8000000000000004</Keywords>
<TimeCreated SystemTime="2022-05-06 15:36:40.233070"></TimeCreated>
<EventRecordID>225</EventRecordID>
<Correlation ActivityID="{0e625a87-615f-0000-d65b-620e5f61d801}" RelatedActivityID=""></Correlation>
<Execution ProcessID="4336" ThreadID="4380"></Execution>
<Channel>Microsoft-Windows-AppReadiness/Admin</Channel>
<Computer>Council-HQ</Computer>
<Security UserID="S-1-5-18"></Security>
</System>
<EventData><Data Name="User">S-1-5-21-2389065719-3342106636-307857974-1001</Data>
<Data Name="TaskId">install::Microsoft.Windows.AssignedAccessLockApp_cw5n1h2txyewy</Data>
<Data Name="TaskCount">23</Data>
</EventData>
</Event>

<Event xmlns="http://schemas.microsoft.com/win/2004/08/events/event"><System><Provider Name="Microsoft-Windows-AppReadiness" Guid="{f0be35f8-237b-4814-86b5-ade51192e503}"></Provider>
<EventID Qualifiers="">240</EventID>
<Version>0</Version>
<Level>4</Level>
<Task>1</Task>
<Opcode>0</Opcode>
<Keywords>0x8000000000000004</Keywords>
<TimeCreated SystemTime="2022-05-06 15:36:40.233150"></TimeCreated>
<EventRecordID>226</EventRecordID>
<Correlation ActivityID="{0e625a87-615f-0000-d65b-620e5f61d801}" RelatedActivityID=""></Correlation>
<Execution ProcessID="4336" ThreadID="4380"></Execution>
<Channel>Microsoft-Windows-AppReadiness/Admin</Channel>
<Computer>Council-HQ</Computer>
<Security UserID="S-1-5-18"></Security>
</System>
<EventData><Data Name="User">S-1-5-21-2389065719-3342106636-307857974-1001</Data>
<Data Name="TaskId">install::Microsoft.Windows.CallingShellApp_cw5n1h2txyewy</Data>
<Data Name="TaskCount">24</Data>
</EventData>
</Event>

<Event xmlns="http://schemas.microsoft.com/win/2004/08/events/event"><System><Provider Name="Microsoft-Windows-AppReadiness" Guid="{f0be35f8-237b-4814-86b5-ade51192e503}"></Provider>
<EventID Qualifiers="">240</EventID>
<Version>0</Version>
<Level>4</Level>
<Task>1</Task>
<Opcode>0</Opcode>
<Keywords>0x8000000000000004</Keywords>
<TimeCreated SystemTime="2022-05-06 15:36:40.233252"></TimeCreated>
<EventRecordID>227</EventRecordID>
<Correlation ActivityID="{0e625a87-615f-0000-d65b-620e5f61d801}" RelatedActivityID=""></Correlation>
<Execution ProcessID="4336" ThreadID="4380"></Execution>
<Channel>Microsoft-Windows-AppReadiness/Admin</Channel>
<Computer>Council-HQ</Computer>
<Security UserID="S-1-5-18"></Security>
</System>
<EventData><Data Name="User">S-1-5-21-2389065719-3342106636-307857974-1001</Data>
<Data Name="TaskId">install::Microsoft.Windows.CapturePicker_cw5n1h2txyewy</Data>
<Data Name="TaskCount">25</Data>
</EventData>
</Event>

<Event xmlns="http://schemas.microsoft.com/win/2004/08/events/event"><System><Provider Name="Microsoft-Windows-AppReadiness" Guid="{f0be35f8-237b-4814-86b5-ade51192e503}"></Provider>
<EventID Qualifiers="">240</EventID>
<Version>0</Version>
<Level>4</Level>
<Task>1</Task>
<Opcode>0</Opcode>
<Keywords>0x8000000000000004</Keywords>
<TimeCreated SystemTime="2022-05-06 15:36:40.233337"></TimeCreated>
<EventRecordID>228</EventRecordID>
<Correlation ActivityID="{0e625a87-615f-0000-d65b-620e5f61d801}" RelatedActivityID=""></Correlation>
<Execution ProcessID="4336" ThreadID="4380"></Execution>
<Channel>Microsoft-Windows-AppReadiness/Admin</Channel>
<Computer>Council-HQ</Computer>
<Security UserID="S-1-5-18"></Security>
</System>
<EventData><Data Name="User">S-1-5-21-2389065719-3342106636-307857974-1001</Data>
<Data Name="TaskId">install::Microsoft.Windows.NarratorQuickStart_8wekyb3d8bbwe</Data>
<Data Name="TaskCount">26</Data>
</EventData>
</Event>

</Events>
