<Event xmlns="http://schemas.microsoft.com/win/2004/08/events/event"><System><Provider Name="Microsoft-Windows-AppXDeployment-Server" Guid="{3f471139-acb7-4a01-b7a7-ff5da4ba2d43}"></Provider>
<EventID Qualifiers="">614</EventID>
<Version>0</Version>
<Level>5</Level>
<Task>3</Task>
<Opcode>0</Opcode>
<Keywords>0x4000000000000001</Keywords>
<TimeCreated SystemTime="2022-05-07 01:20:14.260105"></TimeCreated>
<EventRecordID>513</EventRecordID>
<Correlation ActivityID="{824d2842-61b0-0003-e734-4d82b061d801}" RelatedActivityID=""></Correlation>
<Execution ProcessID="3236" ThreadID="4736"></Execution>
<Channel>Microsoft-Windows-AppXDeploymentServer/Operational</Channel>
<Computer>WIN-GE1PLB8KFNS</Computer>
<Security UserID="S-1-5-18"></Security>
</System>
<EventData><Data Name="PathOne">C:\Program Files\WindowsApps\microsoft.xbox.tcui_1.24.10001.0_neutral_~_8wekyb3d8bbwe\AppxMetadata\AppxBundleManifest.xml</Data>
<Data Name="PathTwo">"TCUI-App_1.24.10001.0_x86.appx": Microsoft.Xbox.TCUI_1.24.10001.0_x86__8wekyb3d8bbwe "TCUI-App_1.24.10001.0_ARM.appx": Microsoft.Xbox.TCUI_1.24.10001.0_arm__8wekyb3d8bbwe "TCUI-App_1.24.10001.0_x64.appx": Microsoft.Xbox.TCUI_1.24.10001.0_x64__8wekyb3d8bbwe "TCUI-App_1.24.10001.0_language-af.appx": Microsoft.Xbox.TCUI_1.24.10001.0_neutral_split.language-af_8wekyb3d8bbwe "TCUI-App_1.24.10001.0_language-am.appx": Microsoft.Xbox.TCUI_1.24.10001.0_neutral_split.language-am_8wekyb3d8bbwe "TCUI-App_1.24.10001.0_language-ar.appx": Microsoft.Xbox.TCUI_1.24.10001.0_neutral_split.language-ar_8wekyb3d8bbwe "TCUI-App_1.24.10001.0_language-as.appx": Microsoft.Xbox.TCUI_1.24.10001.0_neutral_split.language-as_8wekyb3d8bbwe "TCUI-App_1.24.10001.0_language-az-latn.appx": Microsoft.Xbox.TCUI_1.24.10001.0_neutral_split.language-az-latn_8wekyb3d8bbwe "TCUI-App_1.24.10001.0_language-be.appx": Microsoft.Xbox.TCUI_1.24.10001.0_neutral_split.language-be_8wekyb3d8bbwe "TCUI-App_1.24.10001.0_language-bg.appx": Microsoft.Xbox.TCUI_1.24.10001.0_neutral_split.language-bg_8wekyb3d8bbwe "TCUI-App_1.24.10001.0_language-bn.appx": Microsoft.Xbox.TCUI_1.24.10001.0_neutral_split.language-bn_8wekyb3d8bbwe "TCUI-App_1.24.10001.0_language-bs.appx": Microsoft.Xbox.TCUI_1.24.10001.0_neutral_split.language-bs_8wekyb3d8bbwe "TCUI-App_1.24.10001.0_language-ca.appx": Microsoft.Xbox.TCUI_1.24.10001.0_neutral_split.language-ca_8wekyb3d8bbwe "TCUI-App_1.24.10001.0_language-chr-cher.appx": Microsoft.Xbox.TCUI_1.24.10001.0_neutral_split.language-chr-cher_8wekyb3d8bbwe "TCUI-App_1.24.10001.0_language-cs.appx": Microsoft.Xbox.TCUI_1.24.10001.0_neutral_split.language-cs_8wekyb3d8bbwe "TCUI-App_1.24.10001.0_language-cy.appx": Microsoft.Xbox.TCUI_1.24.10001.0_neutral_split.language-cy_8wekyb3d8bbwe "TCUI-App_1.24.10001.0_language-da.appx": Microsoft.Xbox.TCUI_1.24.10001.0_neutral_split.language-da_8wekyb3d8bbwe "TCUI-App_1.24.10001.0_language-de.appx": Microsoft.Xbox.TCUI_1.24.10001.0_neutral_split.language-de_8wekyb3d8bbwe "TCUI-App_1.24.10001.0_language-el.appx": Microsoft.Xbox.TCUI_1.24.10001.0_neutral_split.language-el_8wekyb3d8bbwe "TCUI-App_1.24.10001.0_language-es.appx": Microsoft.Xbox.TCUI_1.24.10001.0_neutral_split.language-es_8wekyb3d8bbwe "TCUI-App_1.24.10001.0_language-et.appx": Microsoft.Xbox.TCUI_1.24.10001.0_neutral_split.language-et_8wekyb3d8bbwe "TCUI-App_1.24.10001.0_language-eu.appx": Microsoft.Xbox.TCUI_1.24.10001.0_neutral_split.language-eu_8wekyb3d8bbwe "TCUI-App_1.24.10001.0_language-fa.appx": Microsoft.Xbox.TCUI_1.24.10001.0_neutral_split.language-fa_8wekyb3d8bbwe "TCUI-App_1.24.10001.0_language-fi.appx": Microsoft.Xbox.TCUI_1.24.10001.0_neutral_split.language-fi_8wekyb3d8bbwe "TCUI-App_1.24.10001.0_language-fil-latn.appx": Microsoft.Xbox.TCUI_1.24.10001.0_neutral_split.language-fil-latn_8wekyb3d8bbwe "TCUI-App_1.24.10001.0_language-fr.appx": Microsoft.Xbox.TCUI_1.24.10001.0_neutral_split.language-fr_8wekyb3d8bbwe "TCUI-App_1.24.10001.0_language-ga.appx": Microsoft.Xbox.TCUI_1.24.10001.0_neutral_split.language-ga_8wekyb3d8bbwe "TCUI-App_1.24.10001.0_language-gd-latn.appx": Microsoft.Xbox.TCUI_1.24.10001.0_neutral_split.language-gd-latn_8wekyb3d8bbwe "TCUI-App_1.24.10001.0_language-gl.appx": Microsoft.Xbox.TCUI_1.24.10001.0_neutral_split.language-gl_8wekyb3d8bbwe "TCUI-App_1.24.10001.0_language-gu.appx": Microsoft.Xbox.TCUI_1.24.10001.0_neutral_split.language-gu_8wekyb3d8bbwe "TCUI-App_1.24.10001.0_language-ha-latn.appx": Microsoft.Xbox.TCUI_1.24.10001.0_neutral_split.language-ha-latn_8wekyb3d8bbwe "TCUI-App_1.24.10001.0_language-he.appx": Microsoft.Xbox.TCUI_1.24.10001.0_neutral_split.language-he_8wekyb3d8bbwe "TCUI-App_1.24.10001.0_language-hi.appx": Microsoft.Xbox.TCUI_1.24.10001.0_neutral_split.language-hi_8wekyb3d8bbwe "TCUI-App_1.24.10001.0_language-hr.appx": Microsoft.Xbox.TCUI_1.24.10001.0_neutral_split.language-hr_8wekyb3d8bbwe "TCUI-App_1.24.10001.0_language-hu.appx": Microsoft.Xbox.TCUI_1.24.10001.0_neutral_split.language-hu_8wekyb3d8bbwe "TCUI-App_1.24.10001.0_language-hy.appx": Microsoft.Xbox.TCUI_1.24.10001.0_neutral_split.language-hy_8wekyb3d8bbwe "TCUI-App_1.24.10001.0_language-id.appx": Microsoft.Xbox.TCUI_1.24.10001.0_neutral_split.language-id_8wekyb3d8bbwe "TCUI-App_1.24.10001.0_language-ig-latn.appx": Microsoft.Xbox.TCUI_1.24.10001.0_neutral_split.language-ig-latn_8wekyb3d8bbwe "TCUI-App_1.24.10001.0_language-is.appx": Microsoft.Xbox.TCUI_1.24.10001.0_neutral_split.language-is_8wekyb3d8bbwe "TCUI-App_1.24.10001.0_language-it.appx": Microsoft.Xbox.TCUI_1.24.10001.0_neutral_split.language-it_8wekyb3d8bbwe "TCUI-App_1.24.10001.0_language-ja.appx": Microsoft.Xbox.TCUI_1.24.10001.0_neutral_split.language-ja_8wekyb3d8bbwe "TCUI-App_1.24.10001.0_language-ka.appx": Microsoft.Xbox.TCUI_1.24.10001.0_neutral_split.language-ka_8wekyb3d8bbwe "TCUI-App_1.24.10001.0_language-kk.appx": Microsoft.Xbox.TCUI_1.24.10001.0_neutral_split.language-kk_8wekyb3d8bbwe "TCUI-App_1.24.10001.0_language-km.appx": Microsoft.Xbox.TCUI_1.24.10001.0_neutral_split.language-km_8wekyb3d8bbwe "TCUI-App_1.24.10001.0_language-kn.appx": Microsoft.Xbox.TCUI_1.24.10001.0_neutral_split.language-kn_8wekyb3d8bbwe "TCUI-App_1.24.10001.0_language-ko.appx": Microsoft.Xbox.TCUI_1.24.10001.0_neutral_split.language-ko_8wekyb3d8bbwe "TCUI-App_1.24.10001.0_language-kok.appx": Microsoft.Xbox.TCUI_1.24.10001.0_neutral_split.language-kok_8wekyb3d8bbwe "TCUI-App_1.24.10001.0_language-ku-arab.appx": Microsoft.Xbox.TCUI_1.24.10001.0_neutral_split.language-ku-arab_8wekyb3d8bbwe "TCUI-App_1.24.10001.0_language-ky-cyrl.appx": Microsoft.Xbox.TCUI_1.24.10001.0_neutral_split.language-ky-cyrl_8wekyb3d8bbwe "TCUI-App_1.24.10001.0_language-lb.appx": Microsoft.Xbox.TCUI_1.24.10001.0_neutral_split.language-lb_8wekyb3d8bbwe "TCUI-App_1.24.10001.0_language-lo.appx": Microsoft.Xbox.TCUI_1.24.10001.0_neutral_split.language-lo_8wekyb3d8bbwe "TCUI-App_1.24.10001.0_language-lt.appx": Microsoft.Xbox.TCUI_1.24.10001.0_neutral_split.language-lt_8wekyb3d8bbwe "TCUI-App_1.24.10001.0_language-lv.appx": Microsoft.Xbox.TCUI_1.24.10001.0_neutral_split.language-lv_8wekyb3d8bbwe "TCUI-App_1.24.10001.0_language-mi-latn.appx": Microsoft.Xbox.TCUI_1.24.10001.0_neutral_split.language-mi-latn_8wekyb3d8bbwe "TCUI-App_1.24.10001.0_language-mk.appx": Microsoft.Xbox.TCUI_1.24.10001.0_neutral_split.language-mk_8wekyb3d8bbwe "TCUI-App_1.24.10001.0_language-ml.appx": Microsoft.Xbox.TCUI_1.24.10001.0_neutral_split.language-ml_8wekyb3d8bbwe "TCUI-App_1.24.10001.0_language-mn-cyrl.appx": Microsoft.Xbox.TCUI_1.24.10001.0_neutral_split.language-mn-cyrl_8wekyb3d8bbwe "TCUI-App_1.24.10001.0_language-mr.appx": Microsoft.Xbox.TCUI_1.24.10001.0_neutral_split.language-mr_8wekyb3d8bbwe "TCUI-App_1.24.10001.0_language-ms.appx": Microsoft.Xbox.TCUI_1.24.10001.0_neutral_split.language-ms_8wekyb3d8bbwe "TCUI-App_1.24.10001.0_language-nb.appx": Microsoft.Xbox.TCUI_1.24.10001.0_neutral_split.language-nb_8wekyb3d8bbwe "TCUI-App_1.24.10001.0_language-ne.appx": Microsoft.Xbox.TCUI_1.24.10001.0_neutral_split.language-ne_8wekyb3d8bbwe "TCUI-App_1.24.10001.0_language-nl.appx": Microsoft.Xbox.TCUI_1.24.10001.0_neutral_split.language-nl_8wekyb3d8bbwe "TCUI-App_1.24.10001.0_language-nn.appx": Microsoft.Xbox.TCUI_1.24.10001.0_neutral_split.language-nn_8wekyb3d8bbwe "TCUI-App_1.24.10001.0_language-nso.appx": Microsoft.Xbox.TCUI_1.24.10001.0_neutral_split.language-nso_8wekyb3d8bbwe "TCUI-App_1.24.10001.0_language-or.appx": Microsoft.Xbox.TCUI_1.24.10001.0_neutral_split.language-or_8wekyb3d8bbwe "TCUI-App_1.24.10001.0_language-pa.appx": Microsoft.Xbox.TCUI_1.24.10001.0_neutral_split.language-pa_8wekyb3d8bbwe "TCUI-App_1.24.10001.0_language-pa-arab.appx": Microsoft.Xbox.TCUI_1.24.10001.0_neutral_split.language-pa-arab_8wekyb3d8bbwe "TCUI-App_1.24.10001.0_language-pl.appx": Microsoft.Xbox.TCUI_1.24.10001.0_neutral_split.language-pl_8wekyb3d8bbwe "TCUI-App_1.24.10001.0_language-prs-arab.appx": Microsoft.Xbox.TCUI_1.24.10001.0_neutral_split.language-prs-arab_8wekyb3d8bbwe "TCUI-App_1.24.10001.0_language-pt.appx": Microsoft.Xbox.TCUI_1.24.10001.0_neutral_split.language-pt_8wekyb3d8bbwe "TCUI-App_1.24.10001.0_language-quz-latn.appx": Microsoft.Xbox.TCUI_1.24.10001.0_neutral_split.language-quz-latn_8wekyb3d8bbwe "TCUI-App_1.24.10001.0_language-ro.appx": Microsoft.Xbox.TCUI_1.24.10001.0_neutral_split.language-ro_8wekyb3d8bbwe "TCUI-App_1.24.10001.0_language-ru.appx": Microsoft.Xbox.TCUI_1.24.10001.0_neutral_split.language-ru_8wekyb3d8bbwe "TCUI-App_1.24.10001.0_language-rw.appx": Microsoft.Xbox.TCUI_1.24.10001.0_neutral_split.language-rw_8wekyb3d8bbwe "TCUI-App_1.24.10001.0_language-sd-arab.appx": Microsoft.Xbox.TCUI_1.24.10001.0_neutral_split.language-sd-arab_8wekyb3d8bbwe "TCUI-App_1.24.10001.0_language-si.appx": Microsoft.Xbox.TCUI_1.24.10001.0_neutral_split.language-si_8wekyb3d8bbwe "TCUI-App_1.24.10001.0_language-sk.appx": Microsoft.Xbox.TCUI_1.24.10001.0_neutral_split.language-sk_8wekyb3d8bbwe "TCUI-App_1.24.10001.0_language-sl.appx": Microsoft.Xbox.TCUI_1.24.10001.0_neutral_split.language-sl_8wekyb3d8bbwe "TCUI-App_1.24.10001.0_language-sq.appx": Microsoft.Xbox.TCUI_1.24.10001.0_neutral_split.language-sq_8wekyb3d8bbwe "TCUI-App_1.24.10001.0_language-sr-cyrl.appx": Microsoft.Xbox.TCUI_1.24.10001.0_neutral_split.language-sr-cyrl_8wekyb3d8bbwe "TCUI-App_1.24.10001.0_language-sr-latn.appx": Microsoft.Xbox.TCUI_1.24.10001.0_neutral_split.language-sr-latn_8wekyb3d8bbwe "TCUI-App_1.24.10001.0_language-sv.appx": Microsoft.Xbox.TCUI_1.24.10001.0_neutral_split.language-sv_8wekyb3d8bbwe "TCUI-App_1.24.10001.0_language-sw.appx": Microsoft.Xbox.TCUI_1.24.10001.0_neutral_split.language-sw_8wekyb3d8bbwe "TCUI-App_1.24.10001.0_language-ta.appx": Microsoft.Xbox.TCUI_1.24.10001.0_neutral_split.language-ta_8wekyb3d8bbwe "TCUI-App_1.24.10001.0_language-te.appx": Microsoft.Xbox.TCUI_1.24.10001.0_neutral_split.language-te_8wekyb3d8bbwe "TCUI-App_1.24.10001.0_language-tg-cyrl.appx": Microsoft.Xbox.TCUI_1.24.10001.0_neutral_split.language-tg-cyrl_8wekyb3d8bbwe "TCUI-App_1.24.10001.0_language-th.appx": Microsoft.Xbox.TCUI_1.24.10001.0_neutral_split.language-th_8wekyb3d8bbwe "TCUI-App_1.24.10001.0_language-ti.appx": Microsoft.Xbox.TCUI_1.24.10001.0_neutral_split.language-ti_8wekyb3d8bbwe "TCUI-App_1.24.10001.0_language-tk-latn.appx": Microsoft.Xbox.TCUI_1.24.10001.0_neutral_split.language-tk-latn_8wekyb3d8bbwe "TCUI-App_1.24.10001.0_language-tn.appx": Microsoft.Xbox.TCUI_1.24.10001.0_neutral_split.language-tn_8wekyb3d8bbwe "TCUI-App_1.24.10001.0_language-tr.appx": Microsoft.Xbox.TCUI_1.24.10001.0_neutral_split.language-tr_8wekyb3d8bbwe "TCUI-App_1.24.10001.0_language-tt-cyrl.appx": Microsoft.Xbox.TCUI_1.24.10001.0_neutral_split.language-tt-cyrl_8wekyb3d8bbwe "TCUI-App_1.24.10001.0_language-ug-arab.appx": Microsoft.Xbox.TCUI_1.24.10001.0_neutral_split.language-ug-arab_8wekyb3d8bbwe "TCUI-App_1.24.10001.0_language-uk.appx": Microsoft.Xbox.TCUI_1.24.10001.0_neutral_split.language-uk_8wekyb3d8bbwe "TCUI-App_1.24.10001.0_language-ur.appx": Microsoft.Xbox.TCUI_1.24.10001.0_neutral_split.language-ur_8wekyb3d8bbwe "TCUI-App_1.24.10001.0_language-uz-latn.appx": Microsoft.Xbox.TCUI_1.24.10001.0_neutral_split.language-uz-latn_8wekyb3d8bbwe "TCUI-App_1.24.10001.0_language-vi.appx": Microsoft.Xbox.TCUI_1.24.10001.0_neutral_split.language-vi_8wekyb3d8bbwe "TCUI-App_1.24.10001.0_language-wo-latn.appx": Microsoft.Xbox.TCUI_1.24.10001.0_neutral_split.language-wo-latn_8wekyb3d8bbwe "TCUI-App_1.24.10001.0_language-xh.appx": Microsoft.Xbox.TCUI_1.24.10001.0_neutral_split.language-xh_8wekyb3d8bbwe "TCUI-App_1.24.10001.0_language-yo-latn.appx": Microsoft.Xbox.TCUI_1.24.10001.0_neutral_split.language-yo-latn_8wekyb3d8bbwe "TCUI-App_1.24.10001.0_language-zh-hans.appx": Microsoft.Xbox.TCUI_1.24.10001.0_neutral_split.language-zh-hans_8wekyb3d8bbwe "TCUI-App_1.24.10001.0_language-zh-hant.appx": Microsoft.Xbox.TCUI_1.24.10001.0_neutral_split.language-zh-hant_8wekyb3d8bbwe "TCUI-App_1.24.10001.0_language-zu.appx": Microsoft.Xbox.TCUI_1.24.10001.0_neutral_split.language-zu_8wekyb3d8bbwe</Data>
</EventData>
</Event>

<Event xmlns="http://schemas.microsoft.com/win/2004/08/events/event"><System><Provider Name="Microsoft-Windows-AppXDeployment-Server" Guid="{3f471139-acb7-4a01-b7a7-ff5da4ba2d43}"></Provider>
<EventID Qualifiers="">854</EventID>
<Version>0</Version>
<Level>4</Level>
<Task>3</Task>
<Opcode>0</Opcode>
<Keywords>0x4000000000000001</Keywords>
<TimeCreated SystemTime="2022-05-07 01:20:14.281414"></TimeCreated>
<EventRecordID>514</EventRecordID>
<Correlation ActivityID="{824d2842-61b0-0003-e734-4d82b061d801}" RelatedActivityID=""></Correlation>
<Execution ProcessID="3236" ThreadID="4736"></Execution>
<Channel>Microsoft-Windows-AppXDeploymentServer/Operational</Channel>
<Computer>WIN-GE1PLB8KFNS</Computer>
<Security UserID="S-1-5-18"></Security>
</System>
<EventData><Data Name="Path"> C:\Program Files\WindowsApps\microsoft.xbox.tcui_1.24.10001.0_neutral_~_8wekyb3d8bbwe\AppxMetadata\AppxBundleManifest.xml C:\Program Files\WindowsApps\Microsoft.Xbox.TCUI_1.24.10001.0_x64__8wekyb3d8bbwe\AppxManifest.xml</Data>
</EventData>
</Event>

<Event xmlns="http://schemas.microsoft.com/win/2004/08/events/event"><System><Provider Name="Microsoft-Windows-AppXDeployment-Server" Guid="{3f471139-acb7-4a01-b7a7-ff5da4ba2d43}"></Provider>
<EventID Qualifiers="">8100</EventID>
<Version>0</Version>
<Level>5</Level>
<Task>49</Task>
<Opcode>0</Opcode>
<Keywords>0x4000000000000001</Keywords>
<TimeCreated SystemTime="2022-05-07 01:20:14.405123"></TimeCreated>
<EventRecordID>515</EventRecordID>
<Correlation ActivityID="{824d2842-61b0-0003-e734-4d82b061d801}" RelatedActivityID=""></Correlation>
<Execution ProcessID="3236" ThreadID="4736"></Execution>
<Channel>Microsoft-Windows-AppXDeploymentServer/Operational</Channel>
<Computer>WIN-GE1PLB8KFNS</Computer>
<Security UserID="S-1-5-18"></Security>
</System>
<EventData><Data Name="PackageFullName">Microsoft.Xbox.TCUI_1.24.10001.0_neutral_~_8wekyb3d8bbwe</Data>
<Data Name="Flags">0x00000620</Data>
</EventData>
</Event>

<Event xmlns="http://schemas.microsoft.com/win/2004/08/events/event"><System><Provider Name="Microsoft-Windows-AppXDeployment-Server" Guid="{3f471139-acb7-4a01-b7a7-ff5da4ba2d43}"></Provider>
<EventID Qualifiers="">8100</EventID>
<Version>0</Version>
<Level>5</Level>
<Task>49</Task>
<Opcode>0</Opcode>
<Keywords>0x4000000000000001</Keywords>
<TimeCreated SystemTime="2022-05-07 01:20:14.407976"></TimeCreated>
<EventRecordID>516</EventRecordID>
<Correlation ActivityID="{824d2842-61b0-0003-e734-4d82b061d801}" RelatedActivityID=""></Correlation>
<Execution ProcessID="3236" ThreadID="4736"></Execution>
<Channel>Microsoft-Windows-AppXDeploymentServer/Operational</Channel>
<Computer>WIN-GE1PLB8KFNS</Computer>
<Security UserID="S-1-5-18"></Security>
</System>
<EventData><Data Name="PackageFullName">Microsoft.Xbox.TCUI_1.24.10001.0_x64__8wekyb3d8bbwe</Data>
<Data Name="Flags">0x00000620</Data>
</EventData>
</Event>

<Event xmlns="http://schemas.microsoft.com/win/2004/08/events/event"><System><Provider Name="Microsoft-Windows-AppXDeployment-Server" Guid="{3f471139-acb7-4a01-b7a7-ff5da4ba2d43}"></Provider>
<EventID Qualifiers="">400</EventID>
<Version>0</Version>
<Level>4</Level>
<Task>3</Task>
<Opcode>2</Opcode>
<Keywords>0x4000000000000001</Keywords>
<TimeCreated SystemTime="2022-05-07 01:20:14.510214"></TimeCreated>
<EventRecordID>517</EventRecordID>
<Correlation ActivityID="{824d2842-61b0-0003-e734-4d82b061d801}" RelatedActivityID=""></Correlation>
<Execution ProcessID="3236" ThreadID="4736"></Execution>
<Channel>Microsoft-Windows-AppXDeploymentServer/Operational</Channel>
<Computer>WIN-GE1PLB8KFNS</Computer>
<Security UserID="S-1-5-18"></Security>
</System>
<EventData><Data Name="DeploymentOperation">12</Data>
<Data Name="PackageFullName">microsoft.xbox.tcui_1.24.10001.0_neutral_~_8wekyb3d8bbwe</Data>
<Data Name="Path"> </Data>
<Data Name="MountPoint">C:</Data>
<Data Name="TargetPlatform">0x00000000</Data>
<Data Name="SystemVolume">True</Data>
<Data Name="StorageId">\\?\Volume{bf27b24f-9e98-4395-9110-325985ded282}</Data>
<Data Name="IsCentennial">False</Data>
<Data Name="PackageType">0x00000008</Data>
<Data Name="IsPackageEncrypted">False</Data>
<Data Name="DeploymentOptions">0x0000000010020020</Data>
<Data Name="IsStreamingPackage">False</Data>
<Data Name="IsInRelatedSet">False</Data>
<Data Name="IsPackageUsingBDC">False</Data>
<Data Name="MainPackageFamilyName">NULL</Data>
<Data Name="CallingProcess"></Data>
<Data Name="IsOptional">False</Data>
<Data Name="PackageFlags">0x00000000</Data>
<Data Name="PackageFlags2">0x00000800</Data>
<Data Name="HasWin32alacarte">False</Data>
<Data Name="HasFullTrust">False</Data>
<Data Name="ExternalLocation"></Data>
<Data Name="PackageSourceUri"></Data>
<Data Name="PackageDisplayName"> </Data>
</EventData>
</Event>

<Event xmlns="http://schemas.microsoft.com/win/2004/08/events/event"><System><Provider Name="Microsoft-Windows-AppXDeployment-Server" Guid="{3f471139-acb7-4a01-b7a7-ff5da4ba2d43}"></Provider>
<EventID Qualifiers="">478</EventID>
<Version>0</Version>
<Level>5</Level>
<Task>3</Task>
<Opcode>0</Opcode>
<Keywords>0x4000000000000001</Keywords>
<TimeCreated SystemTime="2022-05-07 01:20:14.512478"></TimeCreated>
<EventRecordID>518</EventRecordID>
<Correlation ActivityID="{824d2842-61b0-0003-e734-4d82b061d801}" RelatedActivityID=""></Correlation>
<Execution ProcessID="3236" ThreadID="4736"></Execution>
<Channel>Microsoft-Windows-AppXDeploymentServer/Operational</Channel>
<Computer>WIN-GE1PLB8KFNS</Computer>
<Security UserID="S-1-5-18"></Security>
</System>
<EventData><Data Name="DeploymentOperation">12</Data>
<Data Name="PackageFullName">Microsoft.Xbox.TCUI_1.24.10001.0_x64__8wekyb3d8bbwe</Data>
<Data Name="Path"> </Data>
<Data Name="MountPoint">C:</Data>
<Data Name="TargetPlatform">0x00000000</Data>
<Data Name="SystemVolume">True</Data>
<Data Name="StorageId">\\?\Volume{bf27b24f-9e98-4395-9110-325985ded282}</Data>
<Data Name="IsCentennial">False</Data>
<Data Name="PackageType">0x00000001</Data>
<Data Name="IsPackageEncrypted">False</Data>
<Data Name="DeploymentOptions">0x0000000010020020</Data>
<Data Name="IsStreamingPackage">False</Data>
<Data Name="IsInRelatedSet">False</Data>
<Data Name="IsPackageUsingBDC">False</Data>
<Data Name="MainPackageFamilyName">NULL</Data>
<Data Name="CallingProcess"></Data>
<Data Name="IsOptional">False</Data>
<Data Name="PackageFlags">0x00000008</Data>
<Data Name="PackageFlags2">0x00000800</Data>
<Data Name="HasWin32alacarte">False</Data>
<Data Name="HasFullTrust">False</Data>
<Data Name="ExternalLocation"></Data>
<Data Name="PackageSourceUri"></Data>
<Data Name="PackageDisplayName">Xbox TCUI</Data>
</EventData>
</Event>

<Event xmlns="http://schemas.microsoft.com/win/2004/08/events/event"><System><Provider Name="Microsoft-Windows-AppXDeployment-Server" Guid="{3f471139-acb7-4a01-b7a7-ff5da4ba2d43}"></Provider>
<EventID Qualifiers="">8105</EventID>
<Version>0</Version>
<Level>5</Level>
<Task>49</Task>
<Opcode>0</Opcode>
<Keywords>0x4000000000000001</Keywords>
<TimeCreated SystemTime="2022-05-07 01:20:14.516703"></TimeCreated>
<EventRecordID>519</EventRecordID>
<Correlation ActivityID="{824d2842-61b0-0003-e734-4d82b061d801}" RelatedActivityID=""></Correlation>
<Execution ProcessID="3236" ThreadID="3976"></Execution>
<Channel>Microsoft-Windows-AppXDeploymentServer/Operational</Channel>
<Computer>WIN-GE1PLB8KFNS</Computer>
<Security UserID="S-1-5-18"></Security>
</System>
<EventData><Data Name="PackageFullName">Microsoft.Xbox.TCUI_1.24.10001.0_neutral_~_8wekyb3d8bbwe</Data>
<Data Name="NumberOfFiles">1</Data>
</EventData>
</Event>

<Event xmlns="http://schemas.microsoft.com/win/2004/08/events/event"><System><Provider Name="Microsoft-Windows-AppXDeployment-Server" Guid="{3f471139-acb7-4a01-b7a7-ff5da4ba2d43}"></Provider>
<EventID Qualifiers="">8101</EventID>
<Version>0</Version>
<Level>5</Level>
<Task>49</Task>
<Opcode>0</Opcode>
<Keywords>0x4000000000000001</Keywords>
<TimeCreated SystemTime="2022-05-07 01:20:14.516792"></TimeCreated>
<EventRecordID>520</EventRecordID>
<Correlation ActivityID="{824d2842-61b0-0003-e734-4d82b061d801}" RelatedActivityID=""></Correlation>
<Execution ProcessID="3236" ThreadID="3976"></Execution>
<Channel>Microsoft-Windows-AppXDeploymentServer/Operational</Channel>
<Computer>WIN-GE1PLB8KFNS</Computer>
<Security UserID="S-1-5-18"></Security>
</System>
<EventData><Data Name="PackageFullName">Microsoft.Xbox.TCUI_1.24.10001.0_neutral_~_8wekyb3d8bbwe</Data>
<Data Name="Flags">0x00000620</Data>
</EventData>
</Event>

<Event xmlns="http://schemas.microsoft.com/win/2004/08/events/event"><System><Provider Name="Microsoft-Windows-AppXDeployment-Server" Guid="{3f471139-acb7-4a01-b7a7-ff5da4ba2d43}"></Provider>
<EventID Qualifiers="">635</EventID>
<Version>0</Version>
<Level>4</Level>
<Task>3</Task>
<Opcode>0</Opcode>
<Keywords>0x4000000000000001</Keywords>
<TimeCreated SystemTime="2022-05-07 01:20:14.552214"></TimeCreated>
<EventRecordID>521</EventRecordID>
<Correlation ActivityID="{824d2842-61b0-0003-e734-4d82b061d801}" RelatedActivityID=""></Correlation>
<Execution ProcessID="3236" ThreadID="3268"></Execution>
<Channel>Microsoft-Windows-AppXDeploymentServer/Operational</Channel>
<Computer>WIN-GE1PLB8KFNS</Computer>
<Security UserID="S-1-5-18"></Security>
</System>
<EventData><Data Name="PackageFullName">microsoft.xbox.tcui_1.24.10001.0_neutral_~_8wekyb3d8bbwe</Data>
<Data Name="Flags">1</Data>
<Data Name="HResult">0x00000000</Data>
</EventData>
</Event>

<Event xmlns="http://schemas.microsoft.com/win/2004/08/events/event"><System><Provider Name="Microsoft-Windows-AppXDeployment-Server" Guid="{3f471139-acb7-4a01-b7a7-ff5da4ba2d43}"></Provider>
<EventID Qualifiers="">633</EventID>
<Version>0</Version>
<Level>4</Level>
<Task>3</Task>
<Opcode>0</Opcode>
<Keywords>0x4000000000000001</Keywords>
<TimeCreated SystemTime="2022-05-07 01:20:14.552826"></TimeCreated>
<EventRecordID>522</EventRecordID>
<Correlation ActivityID="{824d2842-61b0-0003-1435-4d82b061d801}" RelatedActivityID=""></Correlation>
<Execution ProcessID="3236" ThreadID="3268"></Execution>
<Channel>Microsoft-Windows-AppXDeploymentServer/Operational</Channel>
<Computer>WIN-GE1PLB8KFNS</Computer>
<Security UserID="S-1-5-18"></Security>
</System>
<EventData><Data Name="PackageFullName">microsoft.xboxgameoverlay_1.54.4001.0_neutral_~_8wekyb3d8bbwe</Data>
<Data Name="IsInstalled">False</Data>
</EventData>
</Event>

<Event xmlns="http://schemas.microsoft.com/win/2004/08/events/event"><System><Provider Name="Microsoft-Windows-AppXDeployment-Server" Guid="{3f471139-acb7-4a01-b7a7-ff5da4ba2d43}"></Provider>
<EventID Qualifiers="">607</EventID>
<Version>0</Version>
<Level>4</Level>
<Task>0</Task>
<Opcode>0</Opcode>
<Keywords>0x4000000000000001</Keywords>
<TimeCreated SystemTime="2022-05-07 01:20:14.553669"></TimeCreated>
<EventRecordID>523</EventRecordID>
<Correlation ActivityID="{824d2842-61b0-0003-1435-4d82b061d801}" RelatedActivityID=""></Correlation>
<Execution ProcessID="3236" ThreadID="4736"></Execution>
<Channel>Microsoft-Windows-AppXDeploymentServer/Operational</Channel>
<Computer>WIN-GE1PLB8KFNS</Computer>
<Security UserID="S-1-5-18"></Security>
</System>
<EventData><Data Name="DeploymentOperation">12</Data>
<Data Name="PackageFullName">microsoft.xboxgameoverlay_1.54.4001.0_neutral_~_8wekyb3d8bbwe</Data>
<Data Name="UserSid">S-1-5-18</Data>
<Data Name="CallingProcess">NULL</Data>
</EventData>
</Event>

<Event xmlns="http://schemas.microsoft.com/win/2004/08/events/event"><System><Provider Name="Microsoft-Windows-AppXDeployment-Server" Guid="{3f471139-acb7-4a01-b7a7-ff5da4ba2d43}"></Provider>
<EventID Qualifiers="">614</EventID>
<Version>0</Version>
<Level>5</Level>
<Task>3</Task>
<Opcode>0</Opcode>
<Keywords>0x4000000000000001</Keywords>
<TimeCreated SystemTime="2022-05-07 01:20:14.573160"></TimeCreated>
<EventRecordID>524</EventRecordID>
<Correlation ActivityID="{824d2842-61b0-0003-1435-4d82b061d801}" RelatedActivityID=""></Correlation>
<Execution ProcessID="3236" ThreadID="4736"></Execution>
<Channel>Microsoft-Windows-AppXDeploymentServer/Operational</Channel>
<Computer>WIN-GE1PLB8KFNS</Computer>
<Security UserID="S-1-5-18"></Security>
</System>
<EventData><Data Name="PathOne">C:\Program Files\WindowsApps\microsoft.xboxgameoverlay_1.54.4001.0_neutral_~_8wekyb3d8bbwe\AppxMetadata\AppxBundleManifest.xml</Data>
<Data Name="PathTwo">"GameBar_1.54.4001.0_x64.appx": Microsoft.XboxGameOverlay_1.54.4001.0_x64__8wekyb3d8bbwe "GameBar_1.54.4001.0_Win32_x86.appx": Microsoft.XboxGameOverlay_1.54.4001.0_x86__8wekyb3d8bbwe "GameBar_1.54.4001.0_ARM.appx": Microsoft.XboxGameOverlay_1.54.4001.0_arm__8wekyb3d8bbwe "GameBar_1.54.4001.0_scale-100.appx": Microsoft.XboxGameOverlay_1.54.4001.0_neutral_split.scale-100_8wekyb3d8bbwe "GameBar_1.54.4001.0_scale-400.appx": Microsoft.XboxGameOverlay_1.54.4001.0_neutral_split.scale-400_8wekyb3d8bbwe</Data>
</EventData>
</Event>

<Event xmlns="http://schemas.microsoft.com/win/2004/08/events/event"><System><Provider Name="Microsoft-Windows-AppXDeployment-Server" Guid="{3f471139-acb7-4a01-b7a7-ff5da4ba2d43}"></Provider>
<EventID Qualifiers="">854</EventID>
<Version>0</Version>
<Level>4</Level>
<Task>3</Task>
<Opcode>0</Opcode>
<Keywords>0x4000000000000001</Keywords>
<TimeCreated SystemTime="2022-05-07 01:20:14.574778"></TimeCreated>
<EventRecordID>525</EventRecordID>
<Correlation ActivityID="{824d2842-61b0-0003-1435-4d82b061d801}" RelatedActivityID=""></Correlation>
<Execution ProcessID="3236" ThreadID="4736"></Execution>
<Channel>Microsoft-Windows-AppXDeploymentServer/Operational</Channel>
<Computer>WIN-GE1PLB8KFNS</Computer>
<Security UserID="S-1-5-18"></Security>
</System>
<EventData><Data Name="Path"> C:\Program Files\WindowsApps\microsoft.xboxgameoverlay_1.54.4001.0_neutral_~_8wekyb3d8bbwe\AppxMetadata\AppxBundleManifest.xml C:\Program Files\WindowsApps\Microsoft.XboxGameOverlay_1.54.4001.0_x64__8wekyb3d8bbwe\AppxManifest.xml C:\Program Files\WindowsApps\Microsoft.XboxGameOverlay_1.54.4001.0_neutral_split.scale-100_8wekyb3d8bbwe\AppxManifest.xml</Data>
</EventData>
</Event>

<Event xmlns="http://schemas.microsoft.com/win/2004/08/events/event"><System><Provider Name="Microsoft-Windows-AppXDeployment-Server" Guid="{3f471139-acb7-4a01-b7a7-ff5da4ba2d43}"></Provider>
<EventID Qualifiers="">8100</EventID>
<Version>0</Version>
<Level>5</Level>
<Task>49</Task>
<Opcode>0</Opcode>
<Keywords>0x4000000000000001</Keywords>
<TimeCreated SystemTime="2022-05-07 01:20:14.755890"></TimeCreated>
<EventRecordID>526</EventRecordID>
<Correlation ActivityID="{824d2842-61b0-0003-1435-4d82b061d801}" RelatedActivityID=""></Correlation>
<Execution ProcessID="3236" ThreadID="4736"></Execution>
<Channel>Microsoft-Windows-AppXDeploymentServer/Operational</Channel>
<Computer>WIN-GE1PLB8KFNS</Computer>
<Security UserID="S-1-5-18"></Security>
</System>
<EventData><Data Name="PackageFullName">Microsoft.XboxGameOverlay_1.54.4001.0_neutral_~_8wekyb3d8bbwe</Data>
<Data Name="Flags">0x00000620</Data>
</EventData>
</Event>

<Event xmlns="http://schemas.microsoft.com/win/2004/08/events/event"><System><Provider Name="Microsoft-Windows-AppXDeployment-Server" Guid="{3f471139-acb7-4a01-b7a7-ff5da4ba2d43}"></Provider>
<EventID Qualifiers="">8100</EventID>
<Version>0</Version>
<Level>5</Level>
<Task>49</Task>
<Opcode>0</Opcode>
<Keywords>0x4000000000000001</Keywords>
<TimeCreated SystemTime="2022-05-07 01:20:14.760620"></TimeCreated>
<EventRecordID>527</EventRecordID>
<Correlation ActivityID="{824d2842-61b0-0003-1435-4d82b061d801}" RelatedActivityID=""></Correlation>
<Execution ProcessID="3236" ThreadID="4736"></Execution>
<Channel>Microsoft-Windows-AppXDeploymentServer/Operational</Channel>
<Computer>WIN-GE1PLB8KFNS</Computer>
<Security UserID="S-1-5-18"></Security>
</System>
<EventData><Data Name="PackageFullName">Microsoft.XboxGameOverlay_1.54.4001.0_x64__8wekyb3d8bbwe</Data>
<Data Name="Flags">0x00000620</Data>
</EventData>
</Event>

<Event xmlns="http://schemas.microsoft.com/win/2004/08/events/event"><System><Provider Name="Microsoft-Windows-AppXDeployment-Server" Guid="{3f471139-acb7-4a01-b7a7-ff5da4ba2d43}"></Provider>
<EventID Qualifiers="">8100</EventID>
<Version>0</Version>
<Level>5</Level>
<Task>49</Task>
<Opcode>0</Opcode>
<Keywords>0x4000000000000001</Keywords>
<TimeCreated SystemTime="2022-05-07 01:20:14.763624"></TimeCreated>
<EventRecordID>528</EventRecordID>
<Correlation ActivityID="{824d2842-61b0-0003-1435-4d82b061d801}" RelatedActivityID=""></Correlation>
<Execution ProcessID="3236" ThreadID="4736"></Execution>
<Channel>Microsoft-Windows-AppXDeploymentServer/Operational</Channel>
<Computer>WIN-GE1PLB8KFNS</Computer>
<Security UserID="S-1-5-18"></Security>
</System>
<EventData><Data Name="PackageFullName">Microsoft.XboxGameOverlay_1.54.4001.0_neutral_split.scale-100_8wekyb3d8bbwe</Data>
<Data Name="Flags">0x00000620</Data>
</EventData>
</Event>

<Event xmlns="http://schemas.microsoft.com/win/2004/08/events/event"><System><Provider Name="Microsoft-Windows-AppXDeployment-Server" Guid="{3f471139-acb7-4a01-b7a7-ff5da4ba2d43}"></Provider>
<EventID Qualifiers="">8105</EventID>
<Version>0</Version>
<Level>5</Level>
<Task>49</Task>
<Opcode>0</Opcode>
<Keywords>0x4000000000000001</Keywords>
<TimeCreated SystemTime="2022-05-07 01:20:14.796247"></TimeCreated>
<EventRecordID>529</EventRecordID>
<Correlation ActivityID="{824d2842-61b0-0003-1435-4d82b061d801}" RelatedActivityID=""></Correlation>
<Execution ProcessID="3236" ThreadID="4196"></Execution>
<Channel>Microsoft-Windows-AppXDeploymentServer/Operational</Channel>
<Computer>WIN-GE1PLB8KFNS</Computer>
<Security UserID="S-1-5-18"></Security>
</System>
<EventData><Data Name="PackageFullName">Microsoft.XboxGameOverlay_1.54.4001.0_neutral_~_8wekyb3d8bbwe</Data>
<Data Name="NumberOfFiles">1</Data>
</EventData>
</Event>

<Event xmlns="http://schemas.microsoft.com/win/2004/08/events/event"><System><Provider Name="Microsoft-Windows-AppXDeployment-Server" Guid="{3f471139-acb7-4a01-b7a7-ff5da4ba2d43}"></Provider>
<EventID Qualifiers="">8101</EventID>
<Version>0</Version>
<Level>5</Level>
<Task>49</Task>
<Opcode>0</Opcode>
<Keywords>0x4000000000000001</Keywords>
<TimeCreated SystemTime="2022-05-07 01:20:14.796284"></TimeCreated>
<EventRecordID>530</EventRecordID>
<Correlation ActivityID="{824d2842-61b0-0003-1435-4d82b061d801}" RelatedActivityID=""></Correlation>
<Execution ProcessID="3236" ThreadID="4196"></Execution>
<Channel>Microsoft-Windows-AppXDeploymentServer/Operational</Channel>
<Computer>WIN-GE1PLB8KFNS</Computer>
<Security UserID="S-1-5-18"></Security>
</System>
<EventData><Data Name="PackageFullName">Microsoft.XboxGameOverlay_1.54.4001.0_neutral_~_8wekyb3d8bbwe</Data>
<Data Name="Flags">0x00000620</Data>
</EventData>
</Event>

<Event xmlns="http://schemas.microsoft.com/win/2004/08/events/event"><System><Provider Name="Microsoft-Windows-AppXDeployment-Server" Guid="{3f471139-acb7-4a01-b7a7-ff5da4ba2d43}"></Provider>
<EventID Qualifiers="">400</EventID>
<Version>0</Version>
<Level>4</Level>
<Task>3</Task>
<Opcode>2</Opcode>
<Keywords>0x4000000000000001</Keywords>
<TimeCreated SystemTime="2022-05-07 01:20:14.886570"></TimeCreated>
<EventRecordID>531</EventRecordID>
<Correlation ActivityID="{824d2842-61b0-0003-1435-4d82b061d801}" RelatedActivityID=""></Correlation>
<Execution ProcessID="3236" ThreadID="4736"></Execution>
<Channel>Microsoft-Windows-AppXDeploymentServer/Operational</Channel>
<Computer>WIN-GE1PLB8KFNS</Computer>
<Security UserID="S-1-5-18"></Security>
</System>
<EventData><Data Name="DeploymentOperation">12</Data>
<Data Name="PackageFullName">microsoft.xboxgameoverlay_1.54.4001.0_neutral_~_8wekyb3d8bbwe</Data>
<Data Name="Path"> </Data>
<Data Name="MountPoint">C:</Data>
<Data Name="TargetPlatform">0x00000000</Data>
<Data Name="SystemVolume">True</Data>
<Data Name="StorageId">\\?\Volume{bf27b24f-9e98-4395-9110-325985ded282}</Data>
<Data Name="IsCentennial">False</Data>
<Data Name="PackageType">0x00000008</Data>
<Data Name="IsPackageEncrypted">False</Data>
<Data Name="DeploymentOptions">0x0000000010020020</Data>
<Data Name="IsStreamingPackage">False</Data>
<Data Name="IsInRelatedSet">False</Data>
<Data Name="IsPackageUsingBDC">False</Data>
<Data Name="MainPackageFamilyName">NULL</Data>
<Data Name="CallingProcess"></Data>
<Data Name="IsOptional">False</Data>
<Data Name="PackageFlags">0x00000000</Data>
<Data Name="PackageFlags2">0x00000800</Data>
<Data Name="HasWin32alacarte">False</Data>
<Data Name="HasFullTrust">False</Data>
<Data Name="ExternalLocation"></Data>
<Data Name="PackageSourceUri"></Data>
<Data Name="PackageDisplayName"> </Data>
</EventData>
</Event>

<Event xmlns="http://schemas.microsoft.com/win/2004/08/events/event"><System><Provider Name="Microsoft-Windows-AppXDeployment-Server" Guid="{3f471139-acb7-4a01-b7a7-ff5da4ba2d43}"></Provider>
<EventID Qualifiers="">478</EventID>
<Version>0</Version>
<Level>5</Level>
<Task>3</Task>
<Opcode>0</Opcode>
<Keywords>0x4000000000000001</Keywords>
<TimeCreated SystemTime="2022-05-07 01:20:14.889694"></TimeCreated>
<EventRecordID>532</EventRecordID>
<Correlation ActivityID="{824d2842-61b0-0003-1435-4d82b061d801}" RelatedActivityID=""></Correlation>
<Execution ProcessID="3236" ThreadID="4736"></Execution>
<Channel>Microsoft-Windows-AppXDeploymentServer/Operational</Channel>
<Computer>WIN-GE1PLB8KFNS</Computer>
<Security UserID="S-1-5-18"></Security>
</System>
<EventData><Data Name="DeploymentOperation">12</Data>
<Data Name="PackageFullName">Microsoft.XboxGameOverlay_1.54.4001.0_x64__8wekyb3d8bbwe</Data>
<Data Name="Path"> </Data>
<Data Name="MountPoint">C:</Data>
<Data Name="TargetPlatform">0x00000000</Data>
<Data Name="SystemVolume">True</Data>
<Data Name="StorageId">\\?\Volume{bf27b24f-9e98-4395-9110-325985ded282}</Data>
<Data Name="IsCentennial">False</Data>
<Data Name="PackageType">0x00000001</Data>
<Data Name="IsPackageEncrypted">False</Data>
<Data Name="DeploymentOptions">0x0000000010020020</Data>
<Data Name="IsStreamingPackage">False</Data>
<Data Name="IsInRelatedSet">False</Data>
<Data Name="IsPackageUsingBDC">False</Data>
<Data Name="MainPackageFamilyName">NULL</Data>
<Data Name="CallingProcess"></Data>
<Data Name="IsOptional">False</Data>
<Data Name="PackageFlags">0x00000008</Data>
<Data Name="PackageFlags2">0x00000800</Data>
<Data Name="HasWin32alacarte">False</Data>
<Data Name="HasFullTrust">False</Data>
<Data Name="ExternalLocation"></Data>
<Data Name="PackageSourceUri"></Data>
<Data Name="PackageDisplayName">Xbox Game Bar Plugin</Data>
</EventData>
</Event>

<Event xmlns="http://schemas.microsoft.com/win/2004/08/events/event"><System><Provider Name="Microsoft-Windows-AppXDeployment-Server" Guid="{3f471139-acb7-4a01-b7a7-ff5da4ba2d43}"></Provider>
<EventID Qualifiers="">635</EventID>
<Version>0</Version>
<Level>4</Level>
<Task>3</Task>
<Opcode>0</Opcode>
<Keywords>0x4000000000000001</Keywords>
<TimeCreated SystemTime="2022-05-07 01:20:14.945227"></TimeCreated>
<EventRecordID>533</EventRecordID>
<Correlation ActivityID="{824d2842-61b0-0003-1435-4d82b061d801}" RelatedActivityID=""></Correlation>
<Execution ProcessID="3236" ThreadID="3268"></Execution>
<Channel>Microsoft-Windows-AppXDeploymentServer/Operational</Channel>
<Computer>WIN-GE1PLB8KFNS</Computer>
<Security UserID="S-1-5-18"></Security>
</System>
<EventData><Data Name="PackageFullName">microsoft.xboxgameoverlay_1.54.4001.0_neutral_~_8wekyb3d8bbwe</Data>
<Data Name="Flags">1</Data>
<Data Name="HResult">0x00000000</Data>
</EventData>
</Event>

<Event xmlns="http://schemas.microsoft.com/win/2004/08/events/event"><System><Provider Name="Microsoft-Windows-AppXDeployment-Server" Guid="{3f471139-acb7-4a01-b7a7-ff5da4ba2d43}"></Provider>
<EventID Qualifiers="">633</EventID>
<Version>0</Version>
<Level>4</Level>
<Task>3</Task>
<Opcode>0</Opcode>
<Keywords>0x4000000000000001</Keywords>
<TimeCreated SystemTime="2022-05-07 01:20:14.945894"></TimeCreated>
<EventRecordID>534</EventRecordID>
<Correlation ActivityID="{824d2842-61b0-0000-c42c-4d82b061d801}" RelatedActivityID=""></Correlation>
<Execution ProcessID="3236" ThreadID="3268"></Execution>
<Channel>Microsoft-Windows-AppXDeploymentServer/Operational</Channel>
<Computer>WIN-GE1PLB8KFNS</Computer>
<Security UserID="S-1-5-18"></Security>
</System>
<EventData><Data Name="PackageFullName">microsoft.xboxgamingoverlay_5.722.3302.0_neutral_~_8wekyb3d8bbwe</Data>
<Data Name="IsInstalled">False</Data>
</EventData>
</Event>

<Event xmlns="http://schemas.microsoft.com/win/2004/08/events/event"><System><Provider Name="Microsoft-Windows-AppXDeployment-Server" Guid="{3f471139-acb7-4a01-b7a7-ff5da4ba2d43}"></Provider>
<EventID Qualifiers="">607</EventID>
<Version>0</Version>
<Level>4</Level>
<Task>0</Task>
<Opcode>0</Opcode>
<Keywords>0x4000000000000001</Keywords>
<TimeCreated SystemTime="2022-05-07 01:20:14.946514"></TimeCreated>
<EventRecordID>535</EventRecordID>
<Correlation ActivityID="{824d2842-61b0-0000-c42c-4d82b061d801}" RelatedActivityID=""></Correlation>
<Execution ProcessID="3236" ThreadID="4736"></Execution>
<Channel>Microsoft-Windows-AppXDeploymentServer/Operational</Channel>
<Computer>WIN-GE1PLB8KFNS</Computer>
<Security UserID="S-1-5-18"></Security>
</System>
<EventData><Data Name="DeploymentOperation">12</Data>
<Data Name="PackageFullName">microsoft.xboxgamingoverlay_5.722.3302.0_neutral_~_8wekyb3d8bbwe</Data>
<Data Name="UserSid">S-1-5-18</Data>
<Data Name="CallingProcess">NULL</Data>
</EventData>
</Event>

<Event xmlns="http://schemas.microsoft.com/win/2004/08/events/event"><System><Provider Name="Microsoft-Windows-AppXDeployment-Server" Guid="{3f471139-acb7-4a01-b7a7-ff5da4ba2d43}"></Provider>
<EventID Qualifiers="">8105</EventID>
<Version>0</Version>
<Level>5</Level>
<Task>49</Task>
<Opcode>0</Opcode>
<Keywords>0x4000000000000001</Keywords>
<TimeCreated SystemTime="2022-05-07 01:20:14.971622"></TimeCreated>
<EventRecordID>536</EventRecordID>
<Correlation ActivityID="{824d2842-61b0-0003-1435-4d82b061d801}" RelatedActivityID=""></Correlation>
<Execution ProcessID="3236" ThreadID="4192"></Execution>
<Channel>Microsoft-Windows-AppXDeploymentServer/Operational</Channel>
<Computer>WIN-GE1PLB8KFNS</Computer>
<Security UserID="S-1-5-18"></Security>
</System>
<EventData><Data Name="PackageFullName">Microsoft.XboxGameOverlay_1.54.4001.0_neutral_split.scale-100_8wekyb3d8bbwe</Data>
<Data Name="NumberOfFiles">9</Data>
</EventData>
</Event>

<Event xmlns="http://schemas.microsoft.com/win/2004/08/events/event"><System><Provider Name="Microsoft-Windows-AppXDeployment-Server" Guid="{3f471139-acb7-4a01-b7a7-ff5da4ba2d43}"></Provider>
<EventID Qualifiers="">8101</EventID>
<Version>0</Version>
<Level>5</Level>
<Task>49</Task>
<Opcode>0</Opcode>
<Keywords>0x4000000000000001</Keywords>
<TimeCreated SystemTime="2022-05-07 01:20:14.971703"></TimeCreated>
<EventRecordID>537</EventRecordID>
<Correlation ActivityID="{824d2842-61b0-0003-1435-4d82b061d801}" RelatedActivityID=""></Correlation>
<Execution ProcessID="3236" ThreadID="4192"></Execution>
<Channel>Microsoft-Windows-AppXDeploymentServer/Operational</Channel>
<Computer>WIN-GE1PLB8KFNS</Computer>
<Security UserID="S-1-5-18"></Security>
</System>
<EventData><Data Name="PackageFullName">Microsoft.XboxGameOverlay_1.54.4001.0_neutral_split.scale-100_8wekyb3d8bbwe</Data>
<Data Name="Flags">0x00000620</Data>
</EventData>
</Event>

<Event xmlns="http://schemas.microsoft.com/win/2004/08/events/event"><System><Provider Name="Microsoft-Windows-AppXDeployment-Server" Guid="{3f471139-acb7-4a01-b7a7-ff5da4ba2d43}"></Provider>
<EventID Qualifiers="">614</EventID>
<Version>0</Version>
<Level>5</Level>
<Task>3</Task>
<Opcode>0</Opcode>
<Keywords>0x4000000000000001</Keywords>
<TimeCreated SystemTime="2022-05-07 01:20:15.011063"></TimeCreated>
<EventRecordID>538</EventRecordID>
<Correlation ActivityID="{824d2842-61b0-0000-c42c-4d82b061d801}" RelatedActivityID=""></Correlation>
<Execution ProcessID="3236" ThreadID="4736"></Execution>
<Channel>Microsoft-Windows-AppXDeploymentServer/Operational</Channel>
<Computer>WIN-GE1PLB8KFNS</Computer>
<Security UserID="S-1-5-18"></Security>
</System>
<EventData><Data Name="PathOne">C:\Program Files\WindowsApps\microsoft.xboxgamingoverlay_5.722.3302.0_neutral_~_8wekyb3d8bbwe\AppxMetadata\AppxBundleManifest.xml</Data>
<Data Name="PathTwo">"GameBar_5.722.3302.0_x64.appx": Microsoft.XboxGamingOverlay_5.722.3302.0_x64__8wekyb3d8bbwe "GameBar_5.722.3302.0_Win32_x86.appx": Microsoft.XboxGamingOverlay_5.722.3302.0_x86__8wekyb3d8bbwe "GameBar_5.722.3302.0_ARM64.appx": Microsoft.XboxGamingOverlay_5.722.3302.0_arm64__8wekyb3d8bbwe "GameBar_5.722.3302.0_language-ca.appx": Microsoft.XboxGamingOverlay_5.722.3302.0_neutral_split.language-ca_8wekyb3d8bbwe "GameBar_5.722.3302.0_language-te.appx": Microsoft.XboxGamingOverlay_5.722.3302.0_neutral_split.language-te_8wekyb3d8bbwe "GameBar_5.722.3302.0_language-el.appx": Microsoft.XboxGamingOverlay_5.722.3302.0_neutral_split.language-el_8wekyb3d8bbwe "GameBar_5.722.3302.0_language-th.appx": Microsoft.XboxGamingOverlay_5.722.3302.0_neutral_split.language-th_8wekyb3d8bbwe "GameBar_5.722.3302.0_language-ko.appx": Microsoft.XboxGamingOverlay_5.722.3302.0_neutral_split.language-ko_8wekyb3d8bbwe "GameBar_5.722.3302.0_language-sq.appx": Microsoft.XboxGamingOverlay_5.722.3302.0_neutral_split.language-sq_8wekyb3d8bbwe "GameBar_5.722.3302.0_language-ar.appx": Microsoft.XboxGamingOverlay_5.722.3302.0_neutral_split.language-ar_8wekyb3d8bbwe "GameBar_5.722.3302.0_language-nl.appx": Microsoft.XboxGamingOverlay_5.722.3302.0_neutral_split.language-nl_8wekyb3d8bbwe "GameBar_5.722.3302.0_language-fr.appx": Microsoft.XboxGamingOverlay_5.722.3302.0_neutral_split.language-fr_8wekyb3d8bbwe "GameBar_5.722.3302.0_scale-100.appx": Microsoft.XboxGamingOverlay_5.722.3302.0_neutral_split.scale-100_8wekyb3d8bbwe "GameBar_5.722.3302.0_language-it.appx": Microsoft.XboxGamingOverlay_5.722.3302.0_neutral_split.language-it_8wekyb3d8bbwe "GameBar_5.722.3302.0_language-tr.appx": Microsoft.XboxGamingOverlay_5.722.3302.0_neutral_split.language-tr_8wekyb3d8bbwe "GameBar_5.722.3302.0_language-lt.appx": Microsoft.XboxGamingOverlay_5.722.3302.0_neutral_split.language-lt_8wekyb3d8bbwe "GameBar_5.722.3302.0_language-is.appx": Microsoft.XboxGamingOverlay_5.722.3302.0_neutral_split.language-is_8wekyb3d8bbwe "GameBar_5.722.3302.0_language-sr-latn.appx": Microsoft.XboxGamingOverlay_5.722.3302.0_neutral_split.language-sr-latn_8wekyb3d8bbwe "GameBar_5.722.3302.0_language-et.appx": Microsoft.XboxGamingOverlay_5.722.3302.0_neutral_split.language-et_8wekyb3d8bbwe "GameBar_5.722.3302.0_language-am.appx": Microsoft.XboxGamingOverlay_5.722.3302.0_neutral_split.language-am_8wekyb3d8bbwe "GameBar_5.722.3302.0_language-sk.appx": Microsoft.XboxGamingOverlay_5.722.3302.0_neutral_split.language-sk_8wekyb3d8bbwe "GameBar_5.722.3302.0_language-fil-latn.appx": Microsoft.XboxGamingOverlay_5.722.3302.0_neutral_split.language-fil-latn_8wekyb3d8bbwe "GameBar_5.722.3302.0_language-fa.appx": Microsoft.XboxGamingOverlay_5.722.3302.0_neutral_split.language-fa_8wekyb3d8bbwe "GameBar_5.722.3302.0_language-lv.appx": Microsoft.XboxGamingOverlay_5.722.3302.0_neutral_split.language-lv_8wekyb3d8bbwe "GameBar_5.722.3302.0_language-sv.appx": Microsoft.XboxGamingOverlay_5.722.3302.0_neutral_split.language-sv_8wekyb3d8bbwe "GameBar_5.722.3302.0_language-kk.appx": Microsoft.XboxGamingOverlay_5.722.3302.0_neutral_split.language-kk_8wekyb3d8bbwe "GameBar_5.722.3302.0_language-ms.appx": Microsoft.XboxGamingOverlay_5.722.3302.0_neutral_split.language-ms_8wekyb3d8bbwe "GameBar_5.722.3302.0_language-pt.appx": Microsoft.XboxGamingOverlay_5.722.3302.0_neutral_split.language-pt_8wekyb3d8bbwe "GameBar_5.722.3302.0_language-zh-hant.appx": Microsoft.XboxGamingOverlay_5.722.3302.0_neutral_split.language-zh-hant_8wekyb3d8bbwe "GameBar_5.722.3302.0_language-az-latn.appx": Microsoft.XboxGamingOverlay_5.722.3302.0_neutral_split.language-az-latn_8wekyb3d8bbwe "GameBar_5.722.3302.0_language-af.appx": Microsoft.XboxGamingOverlay_5.722.3302.0_neutral_split.language-af_8wekyb3d8bbwe "GameBar_5.722.3302.0_language-hr.appx": Microsoft.XboxGamingOverlay_5.722.3302.0_neutral_split.language-hr_8wekyb3d8bbwe "GameBar_5.722.3302.0_language-ja.appx": Microsoft.XboxGamingOverlay_5.722.3302.0_neutral_split.language-ja_8wekyb3d8bbwe "GameBar_5.722.3302.0_language-gl.appx": Microsoft.XboxGamingOverlay_5.722.3302.0_neutral_split.language-gl_8wekyb3d8bbwe "GameBar_5.722.3302.0_language-da.appx": Microsoft.XboxGamingOverlay_5.722.3302.0_neutral_split.language-da_8wekyb3d8bbwe "GameBar_5.722.3302.0_language-cs.appx": Microsoft.XboxGamingOverlay_5.722.3302.0_neutral_split.language-cs_8wekyb3d8bbwe "GameBar_5.722.3302.0_language-ml.appx": Microsoft.XboxGamingOverlay_5.722.3302.0_neutral_split.language-ml_8wekyb3d8bbwe "GameBar_5.722.3302.0_language-ru.appx": Microsoft.XboxGamingOverlay_5.722.3302.0_neutral_split.language-ru_8wekyb3d8bbwe "GameBar_5.722.3302.0_language-uk.appx": Microsoft.XboxGamingOverlay_5.722.3302.0_neutral_split.language-uk_8wekyb3d8bbwe "GameBar_5.722.3302.0_language-ta.appx": Microsoft.XboxGamingOverlay_5.722.3302.0_neutral_split.language-ta_8wekyb3d8bbwe "GameBar_5.722.3302.0_language-hi.appx": Microsoft.XboxGamingOverlay_5.722.3302.0_neutral_split.language-hi_8wekyb3d8bbwe "GameBar_5.722.3302.0_scale-125.appx": Microsoft.XboxGamingOverlay_5.722.3302.0_neutral_split.scale-125_8wekyb3d8bbwe "GameBar_5.722.3302.0_language-km.appx": Microsoft.XboxGamingOverlay_5.722.3302.0_neutral_split.language-km_8wekyb3d8bbwe "GameBar_5.722.3302.0_language-pl.appx": Microsoft.XboxGamingOverlay_5.722.3302.0_neutral_split.language-pl_8wekyb3d8bbwe "GameBar_5.722.3302.0_language-id.appx": Microsoft.XboxGamingOverlay_5.722.3302.0_neutral_split.language-id_8wekyb3d8bbwe "GameBar_5.722.3302.0_language-ro.appx": Microsoft.XboxGamingOverlay_5.722.3302.0_neutral_split.language-ro_8wekyb3d8bbwe "GameBar_5.722.3302.0_language-nb.appx": Microsoft.XboxGamingOverlay_5.722.3302.0_neutral_split.language-nb_8wekyb3d8bbwe "GameBar_5.722.3302.0_language-he.appx": Microsoft.XboxGamingOverlay_5.722.3302.0_neutral_split.language-he_8wekyb3d8bbwe "GameBar_5.722.3302.0_language-eu.appx": Microsoft.XboxGamingOverlay_5.722.3302.0_neutral_split.language-eu_8wekyb3d8bbwe "GameBar_5.722.3302.0_language-fi.appx": Microsoft.XboxGamingOverlay_5.722.3302.0_neutral_split.language-fi_8wekyb3d8bbwe "GameBar_5.722.3302.0_scale-150.appx": Microsoft.XboxGamingOverlay_5.722.3302.0_neutral_split.scale-150_8wekyb3d8bbwe "GameBar_5.722.3302.0_language-hu.appx": Microsoft.XboxGamingOverlay_5.722.3302.0_neutral_split.language-hu_8wekyb3d8bbwe "GameBar_5.722.3302.0_language-de.appx": Microsoft.XboxGamingOverlay_5.722.3302.0_neutral_split.language-de_8wekyb3d8bbwe "GameBar_5.722.3302.0_language-sl.appx": Microsoft.XboxGamingOverlay_5.722.3302.0_neutral_split.language-sl_8wekyb3d8bbwe "GameBar_5.722.3302.0_language-bg.appx": Microsoft.XboxGamingOverlay_5.722.3302.0_neutral_split.language-bg_8wekyb3d8bbwe "GameBar_5.722.3302.0_language-zh-hans.appx": Microsoft.XboxGamingOverlay_5.722.3302.0_neutral_split.language-zh-hans_8wekyb3d8bbwe "GameBar_5.722.3302.0_language-kn.appx": Microsoft.XboxGamingOverlay_5.722.3302.0_neutral_split.language-kn_8wekyb3d8bbwe "GameBar_5.722.3302.0_language-vi.appx": Microsoft.XboxGamingOverlay_5.722.3302.0_neutral_split.language-vi_8wekyb3d8bbwe "GameBar_5.722.3302.0_language-es.appx": Microsoft.XboxGamingOverlay_5.722.3302.0_neutral_split.language-es_8wekyb3d8bbwe "GameBar_5.722.3302.0_language-mk.appx": Microsoft.XboxGamingOverlay_5.722.3302.0_neutral_split.language-mk_8wekyb3d8bbwe "GameBar_5.722.3302.0_scale-400.appx": Microsoft.XboxGamingOverlay_5.722.3302.0_neutral_split.scale-400_8wekyb3d8bbwe "GameBar_5.722.3302.0_language-lo.appx": Microsoft.XboxGamingOverlay_5.722.3302.0_neutral_split.language-lo_8wekyb3d8bbwe</Data>
</EventData>
</Event>

