<Event xmlns="http://schemas.microsoft.com/win/2004/08/events/event"><System><Provider Name="Microsoft-Windows-AppReadiness" Guid="{f0be35f8-237b-4814-86b5-ade51192e503}"></Provider>
<EventID Qualifiers="">234</EventID>
<Version>0</Version>
<Level>4</Level>
<Task>1</Task>
<Opcode>2</Opcode>
<Keywords>0x8000000000000002</Keywords>
<TimeCreated SystemTime="2022-05-06 15:24:34.990185"></TimeCreated>
<EventRecordID>57</EventRecordID>
<Correlation ActivityID="" RelatedActivityID=""></Correlation>
<Execution ProcessID="2324" ThreadID="4128"></Execution>
<Channel>Microsoft-Windows-AppReadiness/Admin</Channel>
<Computer>Council-HQ</Computer>
<Security UserID="S-1-5-18"></Security>
</System>
<EventData><Data Name="ExitCode">0x00000000</Data>
</EventData>
</Event>

<Event xmlns="http://schemas.microsoft.com/win/2004/08/events/event"><System><Provider Name="Microsoft-Windows-AppReadiness" Guid="{f0be35f8-237b-4814-86b5-ade51192e503}"></Provider>
<EventID Qualifiers="">209</EventID>
<Version>0</Version>
<Level>4</Level>
<Task>1</Task>
<Opcode>0</Opcode>
<Keywords>0x8000000000000002</Keywords>
<TimeCreated SystemTime="2022-05-06 15:24:36.871130"></TimeCreated>
<EventRecordID>58</EventRecordID>
<Correlation ActivityID="" RelatedActivityID=""></Correlation>
<Execution ProcessID="2324" ThreadID="4124"></Execution>
<Channel>Microsoft-Windows-AppReadiness/Admin</Channel>
<Computer>Council-HQ</Computer>
<Security UserID="S-1-5-18"></Security>
</System>
<EventData><Data Name="User">S-1-5-21-2389065719-3342106636-307857974-1001</Data>
<Data Name="From">2</Data>
<Data Name="To">0</Data>
</EventData>
</Event>

<Event xmlns="http://schemas.microsoft.com/win/2004/08/events/event"><System><Provider Name="Microsoft-Windows-AppReadiness" Guid="{f0be35f8-237b-4814-86b5-ade51192e503}"></Provider>
<EventID Qualifiers="">232</EventID>
<Version>0</Version>
<Level>4</Level>
<Task>1</Task>
<Opcode>2</Opcode>
<Keywords>0x8000000000000002</Keywords>
<TimeCreated SystemTime="2022-05-06 15:24:36.872385"></TimeCreated>
<EventRecordID>59</EventRecordID>
<Correlation ActivityID="" RelatedActivityID=""></Correlation>
<Execution ProcessID="2324" ThreadID="4128"></Execution>
<Channel>Microsoft-Windows-AppReadiness/Admin</Channel>
<Computer>Council-HQ</Computer>
<Security UserID="S-1-5-18"></Security>
</System>
<EventData><Data Name="ExitCode">0x00000000</Data>
</EventData>
</Event>

<Event xmlns="http://schemas.microsoft.com/win/2004/08/events/event"><System><Provider Name="Microsoft-Windows-AppReadiness" Guid="{f0be35f8-237b-4814-86b5-ade51192e503}"></Provider>
<EventID Qualifiers="">240</EventID>
<Version>0</Version>
<Level>4</Level>
<Task>1</Task>
<Opcode>0</Opcode>
<Keywords>0x8000000000000004</Keywords>
<TimeCreated SystemTime="2022-05-06 15:24:37.015223"></TimeCreated>
<EventRecordID>60</EventRecordID>
<Correlation ActivityID="" RelatedActivityID=""></Correlation>
<Execution ProcessID="2324" ThreadID="4120"></Execution>
<Channel>Microsoft-Windows-AppReadiness/Admin</Channel>
<Computer>Council-HQ</Computer>
<Security UserID="S-1-5-18"></Security>
</System>
<EventData><Data Name="User">S-1-5-21-2389065719-3342106636-307857974-1001</Data>
<Data Name="TaskId">install::Microsoft.Windows.CloudExperienceHost_cw5n1h2txyewy</Data>
<Data Name="TaskCount">1</Data>
</EventData>
</Event>

<Event xmlns="http://schemas.microsoft.com/win/2004/08/events/event"><System><Provider Name="Microsoft-Windows-AppReadiness" Guid="{f0be35f8-237b-4814-86b5-ade51192e503}"></Provider>
<EventID Qualifiers="">240</EventID>
<Version>0</Version>
<Level>4</Level>
<Task>1</Task>
<Opcode>0</Opcode>
<Keywords>0x8000000000000004</Keywords>
<TimeCreated SystemTime="2022-05-06 15:24:37.015291"></TimeCreated>
<EventRecordID>61</EventRecordID>
<Correlation ActivityID="" RelatedActivityID=""></Correlation>
<Execution ProcessID="2324" ThreadID="4120"></Execution>
<Channel>Microsoft-Windows-AppReadiness/Admin</Channel>
<Computer>Council-HQ</Computer>
<Security UserID="S-1-5-18"></Security>
</System>
<EventData><Data Name="User">S-1-5-21-2389065719-3342106636-307857974-1001</Data>
<Data Name="TaskId">install::Microsoft.BioEnrollment_cw5n1h2txyewy</Data>
<Data Name="TaskCount">2</Data>
</EventData>
</Event>

<Event xmlns="http://schemas.microsoft.com/win/2004/08/events/event"><System><Provider Name="Microsoft-Windows-AppReadiness" Guid="{f0be35f8-237b-4814-86b5-ade51192e503}"></Provider>
<EventID Qualifiers="">240</EventID>
<Version>0</Version>
<Level>4</Level>
<Task>1</Task>
<Opcode>0</Opcode>
<Keywords>0x8000000000000004</Keywords>
<TimeCreated SystemTime="2022-05-06 15:24:37.015348"></TimeCreated>
<EventRecordID>62</EventRecordID>
<Correlation ActivityID="" RelatedActivityID=""></Correlation>
<Execution ProcessID="2324" ThreadID="4120"></Execution>
<Channel>Microsoft-Windows-AppReadiness/Admin</Channel>
<Computer>Council-HQ</Computer>
<Security UserID="S-1-5-18"></Security>
</System>
<EventData><Data Name="User">S-1-5-21-2389065719-3342106636-307857974-1001</Data>
<Data Name="TaskId">install::Microsoft.AAD.BrokerPlugin_cw5n1h2txyewy</Data>
<Data Name="TaskCount">3</Data>
</EventData>
</Event>

<Event xmlns="http://schemas.microsoft.com/win/2004/08/events/event"><System><Provider Name="Microsoft-Windows-AppReadiness" Guid="{f0be35f8-237b-4814-86b5-ade51192e503}"></Provider>
<EventID Qualifiers="">240</EventID>
<Version>0</Version>
<Level>4</Level>
<Task>1</Task>
<Opcode>0</Opcode>
<Keywords>0x8000000000000004</Keywords>
<TimeCreated SystemTime="2022-05-06 15:24:37.015404"></TimeCreated>
<EventRecordID>63</EventRecordID>
<Correlation ActivityID="" RelatedActivityID=""></Correlation>
<Execution ProcessID="2324" ThreadID="4120"></Execution>
<Channel>Microsoft-Windows-AppReadiness/Admin</Channel>
<Computer>Council-HQ</Computer>
<Security UserID="S-1-5-18"></Security>
</System>
<EventData><Data Name="User">S-1-5-21-2389065719-3342106636-307857974-1001</Data>
<Data Name="TaskId">install::Microsoft.Windows.OOBENetworkConnectionFlow_cw5n1h2txyewy</Data>
<Data Name="TaskCount">4</Data>
</EventData>
</Event>

<Event xmlns="http://schemas.microsoft.com/win/2004/08/events/event"><System><Provider Name="Microsoft-Windows-AppReadiness" Guid="{f0be35f8-237b-4814-86b5-ade51192e503}"></Provider>
<EventID Qualifiers="">240</EventID>
<Version>0</Version>
<Level>4</Level>
<Task>1</Task>
<Opcode>0</Opcode>
<Keywords>0x8000000000000004</Keywords>
<TimeCreated SystemTime="2022-05-06 15:24:37.015457"></TimeCreated>
<EventRecordID>64</EventRecordID>
<Correlation ActivityID="" RelatedActivityID=""></Correlation>
<Execution ProcessID="2324" ThreadID="4120"></Execution>
<Channel>Microsoft-Windows-AppReadiness/Admin</Channel>
<Computer>Council-HQ</Computer>
<Security UserID="S-1-5-18"></Security>
</System>
<EventData><Data Name="User">S-1-5-21-2389065719-3342106636-307857974-1001</Data>
<Data Name="TaskId">install::Microsoft.Windows.OOBENetworkCaptivePortal_cw5n1h2txyewy</Data>
<Data Name="TaskCount">5</Data>
</EventData>
</Event>

<Event xmlns="http://schemas.microsoft.com/win/2004/08/events/event"><System><Provider Name="Microsoft-Windows-AppReadiness" Guid="{f0be35f8-237b-4814-86b5-ade51192e503}"></Provider>
<EventID Qualifiers="">240</EventID>
<Version>0</Version>
<Level>4</Level>
<Task>1</Task>
<Opcode>0</Opcode>
<Keywords>0x8000000000000004</Keywords>
<TimeCreated SystemTime="2022-05-06 15:24:37.015511"></TimeCreated>
<EventRecordID>65</EventRecordID>
<Correlation ActivityID="" RelatedActivityID=""></Correlation>
<Execution ProcessID="2324" ThreadID="4120"></Execution>
<Channel>Microsoft-Windows-AppReadiness/Admin</Channel>
<Computer>Council-HQ</Computer>
<Security UserID="S-1-5-18"></Security>
</System>
<EventData><Data Name="User">S-1-5-21-2389065719-3342106636-307857974-1001</Data>
<Data Name="TaskId">install::MicrosoftWindows.UndockedDevKit_cw5n1h2txyewy</Data>
<Data Name="TaskCount">6</Data>
</EventData>
</Event>

<Event xmlns="http://schemas.microsoft.com/win/2004/08/events/event"><System><Provider Name="Microsoft-Windows-AppReadiness" Guid="{f0be35f8-237b-4814-86b5-ade51192e503}"></Provider>
<EventID Qualifiers="">240</EventID>
<Version>0</Version>
<Level>4</Level>
<Task>1</Task>
<Opcode>0</Opcode>
<Keywords>0x8000000000000004</Keywords>
<TimeCreated SystemTime="2022-05-06 15:24:37.015570"></TimeCreated>
<EventRecordID>66</EventRecordID>
<Correlation ActivityID="" RelatedActivityID=""></Correlation>
<Execution ProcessID="2324" ThreadID="4120"></Execution>
<Channel>Microsoft-Windows-AppReadiness/Admin</Channel>
<Computer>Council-HQ</Computer>
<Security UserID="S-1-5-18"></Security>
</System>
<EventData><Data Name="User">S-1-5-21-2389065719-3342106636-307857974-1001</Data>
<Data Name="TaskId">install::Microsoft.UI.Xaml.CBS_8wekyb3d8bbwe</Data>
<Data Name="TaskCount">7</Data>
</EventData>
</Event>

<Event xmlns="http://schemas.microsoft.com/win/2004/08/events/event"><System><Provider Name="Microsoft-Windows-AppReadiness" Guid="{f0be35f8-237b-4814-86b5-ade51192e503}"></Provider>
<EventID Qualifiers="">240</EventID>
<Version>0</Version>
<Level>4</Level>
<Task>1</Task>
<Opcode>0</Opcode>
<Keywords>0x8000000000000004</Keywords>
<TimeCreated SystemTime="2022-05-06 15:24:37.015619"></TimeCreated>
<EventRecordID>67</EventRecordID>
<Correlation ActivityID="" RelatedActivityID=""></Correlation>
<Execution ProcessID="2324" ThreadID="4120"></Execution>
<Channel>Microsoft-Windows-AppReadiness/Admin</Channel>
<Computer>Council-HQ</Computer>
<Security UserID="S-1-5-18"></Security>
</System>
<EventData><Data Name="User">S-1-5-21-2389065719-3342106636-307857974-1001</Data>
<Data Name="TaskId">install::MicrosoftWindows.Client.CBS_cw5n1h2txyewy</Data>
<Data Name="TaskCount">8</Data>
</EventData>
</Event>

<Event xmlns="http://schemas.microsoft.com/win/2004/08/events/event"><System><Provider Name="Microsoft-Windows-AppReadiness" Guid="{f0be35f8-237b-4814-86b5-ade51192e503}"></Provider>
<EventID Qualifiers="">240</EventID>
<Version>0</Version>
<Level>4</Level>
<Task>1</Task>
<Opcode>0</Opcode>
<Keywords>0x8000000000000004</Keywords>
<TimeCreated SystemTime="2022-05-06 15:24:37.015671"></TimeCreated>
<EventRecordID>68</EventRecordID>
<Correlation ActivityID="" RelatedActivityID=""></Correlation>
<Execution ProcessID="2324" ThreadID="4120"></Execution>
<Channel>Microsoft-Windows-AppReadiness/Admin</Channel>
<Computer>Council-HQ</Computer>
<Security UserID="S-1-5-18"></Security>
</System>
<EventData><Data Name="User">S-1-5-21-2389065719-3342106636-307857974-1001</Data>
<Data Name="TaskId">install::Microsoft.Windows.StartMenuExperienceHost_cw5n1h2txyewy</Data>
<Data Name="TaskCount">9</Data>
</EventData>
</Event>

<Event xmlns="http://schemas.microsoft.com/win/2004/08/events/event"><System><Provider Name="Microsoft-Windows-AppReadiness" Guid="{f0be35f8-237b-4814-86b5-ade51192e503}"></Provider>
<EventID Qualifiers="">240</EventID>
<Version>0</Version>
<Level>4</Level>
<Task>1</Task>
<Opcode>0</Opcode>
<Keywords>0x8000000000000004</Keywords>
<TimeCreated SystemTime="2022-05-06 15:24:37.015734"></TimeCreated>
<EventRecordID>69</EventRecordID>
<Correlation ActivityID="" RelatedActivityID=""></Correlation>
<Execution ProcessID="2324" ThreadID="4120"></Execution>
<Channel>Microsoft-Windows-AppReadiness/Admin</Channel>
<Computer>Council-HQ</Computer>
<Security UserID="S-1-5-18"></Security>
</System>
<EventData><Data Name="User">S-1-5-21-2389065719-3342106636-307857974-1001</Data>
<Data Name="TaskId">install::Microsoft.Windows.ShellExperienceHost_cw5n1h2txyewy</Data>
<Data Name="TaskCount">10</Data>
</EventData>
</Event>

<Event xmlns="http://schemas.microsoft.com/win/2004/08/events/event"><System><Provider Name="Microsoft-Windows-AppReadiness" Guid="{f0be35f8-237b-4814-86b5-ade51192e503}"></Provider>
<EventID Qualifiers="">240</EventID>
<Version>0</Version>
<Level>4</Level>
<Task>1</Task>
<Opcode>0</Opcode>
<Keywords>0x8000000000000004</Keywords>
<TimeCreated SystemTime="2022-05-06 15:24:37.015787"></TimeCreated>
<EventRecordID>70</EventRecordID>
<Correlation ActivityID="" RelatedActivityID=""></Correlation>
<Execution ProcessID="2324" ThreadID="4120"></Execution>
<Channel>Microsoft-Windows-AppReadiness/Admin</Channel>
<Computer>Council-HQ</Computer>
<Security UserID="S-1-5-18"></Security>
</System>
<EventData><Data Name="User">S-1-5-21-2389065719-3342106636-307857974-1001</Data>
<Data Name="TaskId">install::windows.immersivecontrolpanel_cw5n1h2txyewy</Data>
<Data Name="TaskCount">11</Data>
</EventData>
</Event>

<Event xmlns="http://schemas.microsoft.com/win/2004/08/events/event"><System><Provider Name="Microsoft-Windows-AppReadiness" Guid="{f0be35f8-237b-4814-86b5-ade51192e503}"></Provider>
<EventID Qualifiers="">240</EventID>
<Version>0</Version>
<Level>4</Level>
<Task>1</Task>
<Opcode>0</Opcode>
<Keywords>0x8000000000000004</Keywords>
<TimeCreated SystemTime="2022-05-06 15:24:37.015879"></TimeCreated>
<EventRecordID>71</EventRecordID>
<Correlation ActivityID="" RelatedActivityID=""></Correlation>
<Execution ProcessID="2324" ThreadID="4120"></Execution>
<Channel>Microsoft-Windows-AppReadiness/Admin</Channel>
<Computer>Council-HQ</Computer>
<Security UserID="S-1-5-18"></Security>
</System>
<EventData><Data Name="User">S-1-5-21-2389065719-3342106636-307857974-1001</Data>
<Data Name="TaskId">install::Microsoft.Windows.Search_cw5n1h2txyewy</Data>
<Data Name="TaskCount">12</Data>
</EventData>
</Event>

<Event xmlns="http://schemas.microsoft.com/win/2004/08/events/event"><System><Provider Name="Microsoft-Windows-AppReadiness" Guid="{f0be35f8-237b-4814-86b5-ade51192e503}"></Provider>
<EventID Qualifiers="">240</EventID>
<Version>0</Version>
<Level>4</Level>
<Task>1</Task>
<Opcode>0</Opcode>
<Keywords>0x8000000000000004</Keywords>
<TimeCreated SystemTime="2022-05-06 15:24:37.015923"></TimeCreated>
<EventRecordID>72</EventRecordID>
<Correlation ActivityID="" RelatedActivityID=""></Correlation>
<Execution ProcessID="2324" ThreadID="4120"></Execution>
<Channel>Microsoft-Windows-AppReadiness/Admin</Channel>
<Computer>Council-HQ</Computer>
<Security UserID="S-1-5-18"></Security>
</System>
<EventData><Data Name="User">S-1-5-21-2389065719-3342106636-307857974-1001</Data>
<Data Name="TaskId">install::Microsoft.549981C3F5F10_8wekyb3d8bbwe</Data>
<Data Name="TaskCount">13</Data>
</EventData>
</Event>

<Event xmlns="http://schemas.microsoft.com/win/2004/08/events/event"><System><Provider Name="Microsoft-Windows-AppReadiness" Guid="{f0be35f8-237b-4814-86b5-ade51192e503}"></Provider>
<EventID Qualifiers="">240</EventID>
<Version>0</Version>
<Level>4</Level>
<Task>1</Task>
<Opcode>0</Opcode>
<Keywords>0x8000000000000004</Keywords>
<TimeCreated SystemTime="2022-05-06 15:24:37.015963"></TimeCreated>
<EventRecordID>73</EventRecordID>
<Correlation ActivityID="" RelatedActivityID=""></Correlation>
<Execution ProcessID="2324" ThreadID="4120"></Execution>
<Channel>Microsoft-Windows-AppReadiness/Admin</Channel>
<Computer>Council-HQ</Computer>
<Security UserID="S-1-5-18"></Security>
</System>
<EventData><Data Name="User">S-1-5-21-2389065719-3342106636-307857974-1001</Data>
<Data Name="TaskId">install::1527c705-839a-4832-9118-54d4Bd6a0c89_cw5n1h2txyewy</Data>
<Data Name="TaskCount">14</Data>
</EventData>
</Event>

<Event xmlns="http://schemas.microsoft.com/win/2004/08/events/event"><System><Provider Name="Microsoft-Windows-AppReadiness" Guid="{f0be35f8-237b-4814-86b5-ade51192e503}"></Provider>
<EventID Qualifiers="">240</EventID>
<Version>0</Version>
<Level>4</Level>
<Task>1</Task>
<Opcode>0</Opcode>
<Keywords>0x8000000000000004</Keywords>
<TimeCreated SystemTime="2022-05-06 15:24:37.017944"></TimeCreated>
<EventRecordID>74</EventRecordID>
<Correlation ActivityID="" RelatedActivityID=""></Correlation>
<Execution ProcessID="2324" ThreadID="4120"></Execution>
<Channel>Microsoft-Windows-AppReadiness/Admin</Channel>
<Computer>Council-HQ</Computer>
<Security UserID="S-1-5-18"></Security>
</System>
<EventData><Data Name="User">S-1-5-21-2389065719-3342106636-307857974-1001</Data>
<Data Name="TaskId">PreviewTiles</Data>
<Data Name="TaskCount">15</Data>
</EventData>
</Event>

<Event xmlns="http://schemas.microsoft.com/win/2004/08/events/event"><System><Provider Name="Microsoft-Windows-AppReadiness" Guid="{f0be35f8-237b-4814-86b5-ade51192e503}"></Provider>
<EventID Qualifiers="">240</EventID>
<Version>0</Version>
<Level>4</Level>
<Task>1</Task>
<Opcode>0</Opcode>
<Keywords>0x8000000000000004</Keywords>
<TimeCreated SystemTime="2022-05-06 15:24:37.017975"></TimeCreated>
<EventRecordID>75</EventRecordID>
<Correlation ActivityID="" RelatedActivityID=""></Correlation>
<Execution ProcessID="2324" ThreadID="4120"></Execution>
<Channel>Microsoft-Windows-AppReadiness/Admin</Channel>
<Computer>Council-HQ</Computer>
<Security UserID="S-1-5-18"></Security>
</System>
<EventData><Data Name="User">S-1-5-21-2389065719-3342106636-307857974-1001</Data>
<Data Name="TaskId">install::c5e2524a-ea46-4f67-841f-6a9465d9d515_cw5n1h2txyewy</Data>
<Data Name="TaskCount">16</Data>
</EventData>
</Event>

<Event xmlns="http://schemas.microsoft.com/win/2004/08/events/event"><System><Provider Name="Microsoft-Windows-AppReadiness" Guid="{f0be35f8-237b-4814-86b5-ade51192e503}"></Provider>
<EventID Qualifiers="">240</EventID>
<Version>0</Version>
<Level>4</Level>
<Task>1</Task>
<Opcode>0</Opcode>
<Keywords>0x8000000000000004</Keywords>
<TimeCreated SystemTime="2022-05-06 15:24:37.018089"></TimeCreated>
<EventRecordID>76</EventRecordID>
<Correlation ActivityID="" RelatedActivityID=""></Correlation>
<Execution ProcessID="2324" ThreadID="4120"></Execution>
<Channel>Microsoft-Windows-AppReadiness/Admin</Channel>
<Computer>Council-HQ</Computer>
<Security UserID="S-1-5-18"></Security>
</System>
<EventData><Data Name="User">S-1-5-21-2389065719-3342106636-307857974-1001</Data>
<Data Name="TaskId">install::E2A4F912-2574-4A75-9BB0-0D023378592B_cw5n1h2txyewy</Data>
<Data Name="TaskCount">17</Data>
</EventData>
</Event>

<Event xmlns="http://schemas.microsoft.com/win/2004/08/events/event"><System><Provider Name="Microsoft-Windows-AppReadiness" Guid="{f0be35f8-237b-4814-86b5-ade51192e503}"></Provider>
<EventID Qualifiers="">240</EventID>
<Version>0</Version>
<Level>4</Level>
<Task>1</Task>
<Opcode>0</Opcode>
<Keywords>0x8000000000000004</Keywords>
<TimeCreated SystemTime="2022-05-06 15:24:37.018181"></TimeCreated>
<EventRecordID>77</EventRecordID>
<Correlation ActivityID="" RelatedActivityID=""></Correlation>
<Execution ProcessID="2324" ThreadID="4120"></Execution>
<Channel>Microsoft-Windows-AppReadiness/Admin</Channel>
<Computer>Council-HQ</Computer>
<Security UserID="S-1-5-18"></Security>
</System>
<EventData><Data Name="User">S-1-5-21-2389065719-3342106636-307857974-1001</Data>
<Data Name="TaskId">install::F46D4000-FD22-4DB4-AC8E-4E1DDDE828FE_cw5n1h2txyewy</Data>
<Data Name="TaskCount">18</Data>
</EventData>
</Event>

<Event xmlns="http://schemas.microsoft.com/win/2004/08/events/event"><System><Provider Name="Microsoft-Windows-AppReadiness" Guid="{f0be35f8-237b-4814-86b5-ade51192e503}"></Provider>
<EventID Qualifiers="">240</EventID>
<Version>0</Version>
<Level>4</Level>
<Task>1</Task>
<Opcode>0</Opcode>
<Keywords>0x8000000000000004</Keywords>
<TimeCreated SystemTime="2022-05-06 15:24:37.018263"></TimeCreated>
<EventRecordID>78</EventRecordID>
<Correlation ActivityID="" RelatedActivityID=""></Correlation>
<Execution ProcessID="2324" ThreadID="4120"></Execution>
<Channel>Microsoft-Windows-AppReadiness/Admin</Channel>
<Computer>Council-HQ</Computer>
<Security UserID="S-1-5-18"></Security>
</System>
<EventData><Data Name="User">S-1-5-21-2389065719-3342106636-307857974-1001</Data>
<Data Name="TaskId">install::Microsoft.AccountsControl_cw5n1h2txyewy</Data>
<Data Name="TaskCount">19</Data>
</EventData>
</Event>

<Event xmlns="http://schemas.microsoft.com/win/2004/08/events/event"><System><Provider Name="Microsoft-Windows-AppReadiness" Guid="{f0be35f8-237b-4814-86b5-ade51192e503}"></Provider>
<EventID Qualifiers="">240</EventID>
<Version>0</Version>
<Level>4</Level>
<Task>1</Task>
<Opcode>0</Opcode>
<Keywords>0x8000000000000004</Keywords>
<TimeCreated SystemTime="2022-05-06 15:24:37.018345"></TimeCreated>
<EventRecordID>79</EventRecordID>
<Correlation ActivityID="" RelatedActivityID=""></Correlation>
<Execution ProcessID="2324" ThreadID="4120"></Execution>
<Channel>Microsoft-Windows-AppReadiness/Admin</Channel>
<Computer>Council-HQ</Computer>
<Security UserID="S-1-5-18"></Security>
</System>
<EventData><Data Name="User">S-1-5-21-2389065719-3342106636-307857974-1001</Data>
<Data Name="TaskId">install::Microsoft.AsyncTextService_8wekyb3d8bbwe</Data>
<Data Name="TaskCount">20</Data>
</EventData>
</Event>

<Event xmlns="http://schemas.microsoft.com/win/2004/08/events/event"><System><Provider Name="Microsoft-Windows-AppReadiness" Guid="{f0be35f8-237b-4814-86b5-ade51192e503}"></Provider>
<EventID Qualifiers="">240</EventID>
<Version>0</Version>
<Level>4</Level>
<Task>1</Task>
<Opcode>0</Opcode>
<Keywords>0x8000000000000004</Keywords>
<TimeCreated SystemTime="2022-05-06 15:24:37.018429"></TimeCreated>
<EventRecordID>80</EventRecordID>
<Correlation ActivityID="" RelatedActivityID=""></Correlation>
<Execution ProcessID="2324" ThreadID="4120"></Execution>
<Channel>Microsoft-Windows-AppReadiness/Admin</Channel>
<Computer>Council-HQ</Computer>
<Security UserID="S-1-5-18"></Security>
</System>
<EventData><Data Name="User">S-1-5-21-2389065719-3342106636-307857974-1001</Data>
<Data Name="TaskId">install::Microsoft.CredDialogHost_cw5n1h2txyewy</Data>
<Data Name="TaskCount">21</Data>
</EventData>
</Event>

<Event xmlns="http://schemas.microsoft.com/win/2004/08/events/event"><System><Provider Name="Microsoft-Windows-AppReadiness" Guid="{f0be35f8-237b-4814-86b5-ade51192e503}"></Provider>
<EventID Qualifiers="">240</EventID>
<Version>0</Version>
<Level>4</Level>
<Task>1</Task>
<Opcode>0</Opcode>
<Keywords>0x8000000000000004</Keywords>
<TimeCreated SystemTime="2022-05-06 15:24:37.018507"></TimeCreated>
<EventRecordID>81</EventRecordID>
<Correlation ActivityID="" RelatedActivityID=""></Correlation>
<Execution ProcessID="2324" ThreadID="4120"></Execution>
<Channel>Microsoft-Windows-AppReadiness/Admin</Channel>
<Computer>Council-HQ</Computer>
<Security UserID="S-1-5-18"></Security>
</System>
<EventData><Data Name="User">S-1-5-21-2389065719-3342106636-307857974-1001</Data>
<Data Name="TaskId">install::Microsoft.ECApp_8wekyb3d8bbwe</Data>
<Data Name="TaskCount">22</Data>
</EventData>
</Event>

<Event xmlns="http://schemas.microsoft.com/win/2004/08/events/event"><System><Provider Name="Microsoft-Windows-AppReadiness" Guid="{f0be35f8-237b-4814-86b5-ade51192e503}"></Provider>
<EventID Qualifiers="">240</EventID>
<Version>0</Version>
<Level>4</Level>
<Task>1</Task>
<Opcode>0</Opcode>
<Keywords>0x8000000000000004</Keywords>
<TimeCreated SystemTime="2022-05-06 15:24:37.018581"></TimeCreated>
<EventRecordID>82</EventRecordID>
<Correlation ActivityID="" RelatedActivityID=""></Correlation>
<Execution ProcessID="2324" ThreadID="4120"></Execution>
<Channel>Microsoft-Windows-AppReadiness/Admin</Channel>
<Computer>Council-HQ</Computer>
<Security UserID="S-1-5-18"></Security>
</System>
<EventData><Data Name="User">S-1-5-21-2389065719-3342106636-307857974-1001</Data>
<Data Name="TaskId">install::Microsoft.LockApp_cw5n1h2txyewy</Data>
<Data Name="TaskCount">23</Data>
</EventData>
</Event>

<Event xmlns="http://schemas.microsoft.com/win/2004/08/events/event"><System><Provider Name="Microsoft-Windows-AppReadiness" Guid="{f0be35f8-237b-4814-86b5-ade51192e503}"></Provider>
<EventID Qualifiers="">240</EventID>
<Version>0</Version>
<Level>4</Level>
<Task>1</Task>
<Opcode>0</Opcode>
<Keywords>0x8000000000000004</Keywords>
<TimeCreated SystemTime="2022-05-06 15:24:37.018677"></TimeCreated>
<EventRecordID>83</EventRecordID>
<Correlation ActivityID="" RelatedActivityID=""></Correlation>
<Execution ProcessID="2324" ThreadID="4120"></Execution>
<Channel>Microsoft-Windows-AppReadiness/Admin</Channel>
<Computer>Council-HQ</Computer>
<Security UserID="S-1-5-18"></Security>
</System>
<EventData><Data Name="User">S-1-5-21-2389065719-3342106636-307857974-1001</Data>
<Data Name="TaskId">install::Microsoft.MicrosoftEdgeDevToolsClient_8wekyb3d8bbwe</Data>
<Data Name="TaskCount">24</Data>
</EventData>
</Event>

<Event xmlns="http://schemas.microsoft.com/win/2004/08/events/event"><System><Provider Name="Microsoft-Windows-AppReadiness" Guid="{f0be35f8-237b-4814-86b5-ade51192e503}"></Provider>
<EventID Qualifiers="">240</EventID>
<Version>0</Version>
<Level>4</Level>
<Task>1</Task>
<Opcode>0</Opcode>
<Keywords>0x8000000000000004</Keywords>
<TimeCreated SystemTime="2022-05-06 15:24:37.018757"></TimeCreated>
<EventRecordID>84</EventRecordID>
<Correlation ActivityID="" RelatedActivityID=""></Correlation>
<Execution ProcessID="2324" ThreadID="4120"></Execution>
<Channel>Microsoft-Windows-AppReadiness/Admin</Channel>
<Computer>Council-HQ</Computer>
<Security UserID="S-1-5-18"></Security>
</System>
<EventData><Data Name="User">S-1-5-21-2389065719-3342106636-307857974-1001</Data>
<Data Name="TaskId">install::Microsoft.MicrosoftEdge_8wekyb3d8bbwe</Data>
<Data Name="TaskCount">25</Data>
</EventData>
</Event>

<Event xmlns="http://schemas.microsoft.com/win/2004/08/events/event"><System><Provider Name="Microsoft-Windows-AppReadiness" Guid="{f0be35f8-237b-4814-86b5-ade51192e503}"></Provider>
<EventID Qualifiers="">240</EventID>
<Version>0</Version>
<Level>4</Level>
<Task>1</Task>
<Opcode>0</Opcode>
<Keywords>0x8000000000000004</Keywords>
<TimeCreated SystemTime="2022-05-06 15:24:37.018797"></TimeCreated>
<EventRecordID>85</EventRecordID>
<Correlation ActivityID="" RelatedActivityID=""></Correlation>
<Execution ProcessID="2324" ThreadID="4120"></Execution>
<Channel>Microsoft-Windows-AppReadiness/Admin</Channel>
<Computer>Council-HQ</Computer>
<Security UserID="S-1-5-18"></Security>
</System>
<EventData><Data Name="User">S-1-5-21-2389065719-3342106636-307857974-1001</Data>
<Data Name="TaskId">install::Microsoft.Win32WebViewHost_cw5n1h2txyewy</Data>
<Data Name="TaskCount">26</Data>
</EventData>
</Event>

<Event xmlns="http://schemas.microsoft.com/win/2004/08/events/event"><System><Provider Name="Microsoft-Windows-AppReadiness" Guid="{f0be35f8-237b-4814-86b5-ade51192e503}"></Provider>
<EventID Qualifiers="">240</EventID>
<Version>0</Version>
<Level>4</Level>
<Task>1</Task>
<Opcode>0</Opcode>
<Keywords>0x8000000000000004</Keywords>
<TimeCreated SystemTime="2022-05-06 15:24:37.018871"></TimeCreated>
<EventRecordID>86</EventRecordID>
<Correlation ActivityID="" RelatedActivityID=""></Correlation>
<Execution ProcessID="2324" ThreadID="4120"></Execution>
<Channel>Microsoft-Windows-AppReadiness/Admin</Channel>
<Computer>Council-HQ</Computer>
<Security UserID="S-1-5-18"></Security>
</System>
<EventData><Data Name="User">S-1-5-21-2389065719-3342106636-307857974-1001</Data>
<Data Name="TaskId">install::Microsoft.Windows.AppRep.ChxApp_cw5n1h2txyewy</Data>
<Data Name="TaskCount">27</Data>
</EventData>
</Event>

<Event xmlns="http://schemas.microsoft.com/win/2004/08/events/event"><System><Provider Name="Microsoft-Windows-AppReadiness" Guid="{f0be35f8-237b-4814-86b5-ade51192e503}"></Provider>
<EventID Qualifiers="">240</EventID>
<Version>0</Version>
<Level>4</Level>
<Task>1</Task>
<Opcode>0</Opcode>
<Keywords>0x8000000000000004</Keywords>
<TimeCreated SystemTime="2022-05-06 15:24:37.018957"></TimeCreated>
<EventRecordID>87</EventRecordID>
<Correlation ActivityID="" RelatedActivityID=""></Correlation>
<Execution ProcessID="2324" ThreadID="4120"></Execution>
<Channel>Microsoft-Windows-AppReadiness/Admin</Channel>
<Computer>Council-HQ</Computer>
<Security UserID="S-1-5-18"></Security>
</System>
<EventData><Data Name="User">S-1-5-21-2389065719-3342106636-307857974-1001</Data>
<Data Name="TaskId">install::Microsoft.Windows.AssignedAccessLockApp_cw5n1h2txyewy</Data>
<Data Name="TaskCount">28</Data>
</EventData>
</Event>

<Event xmlns="http://schemas.microsoft.com/win/2004/08/events/event"><System><Provider Name="Microsoft-Windows-AppReadiness" Guid="{f0be35f8-237b-4814-86b5-ade51192e503}"></Provider>
<EventID Qualifiers="">240</EventID>
<Version>0</Version>
<Level>4</Level>
<Task>1</Task>
<Opcode>0</Opcode>
<Keywords>0x8000000000000004</Keywords>
<TimeCreated SystemTime="2022-05-06 15:24:37.019037"></TimeCreated>
<EventRecordID>88</EventRecordID>
<Correlation ActivityID="" RelatedActivityID=""></Correlation>
<Execution ProcessID="2324" ThreadID="4120"></Execution>
<Channel>Microsoft-Windows-AppReadiness/Admin</Channel>
<Computer>Council-HQ</Computer>
<Security UserID="S-1-5-18"></Security>
</System>
<EventData><Data Name="User">S-1-5-21-2389065719-3342106636-307857974-1001</Data>
<Data Name="TaskId">install::Microsoft.Windows.CallingShellApp_cw5n1h2txyewy</Data>
<Data Name="TaskCount">29</Data>
</EventData>
</Event>

<Event xmlns="http://schemas.microsoft.com/win/2004/08/events/event"><System><Provider Name="Microsoft-Windows-AppReadiness" Guid="{f0be35f8-237b-4814-86b5-ade51192e503}"></Provider>
<EventID Qualifiers="">240</EventID>
<Version>0</Version>
<Level>4</Level>
<Task>1</Task>
<Opcode>0</Opcode>
<Keywords>0x8000000000000004</Keywords>
<TimeCreated SystemTime="2022-05-06 15:24:37.019135"></TimeCreated>
<EventRecordID>89</EventRecordID>
<Correlation ActivityID="" RelatedActivityID=""></Correlation>
<Execution ProcessID="2324" ThreadID="4120"></Execution>
<Channel>Microsoft-Windows-AppReadiness/Admin</Channel>
<Computer>Council-HQ</Computer>
<Security UserID="S-1-5-18"></Security>
</System>
<EventData><Data Name="User">S-1-5-21-2389065719-3342106636-307857974-1001</Data>
<Data Name="TaskId">install::Microsoft.Windows.CapturePicker_cw5n1h2txyewy</Data>
<Data Name="TaskCount">30</Data>
</EventData>
</Event>

<Event xmlns="http://schemas.microsoft.com/win/2004/08/events/event"><System><Provider Name="Microsoft-Windows-AppReadiness" Guid="{f0be35f8-237b-4814-86b5-ade51192e503}"></Provider>
<EventID Qualifiers="">240</EventID>
<Version>0</Version>
<Level>4</Level>
<Task>1</Task>
<Opcode>0</Opcode>
<Keywords>0x8000000000000004</Keywords>
<TimeCreated SystemTime="2022-05-06 15:24:37.019224"></TimeCreated>
<EventRecordID>90</EventRecordID>
<Correlation ActivityID="" RelatedActivityID=""></Correlation>
<Execution ProcessID="2324" ThreadID="4120"></Execution>
<Channel>Microsoft-Windows-AppReadiness/Admin</Channel>
<Computer>Council-HQ</Computer>
<Security UserID="S-1-5-18"></Security>
</System>
<EventData><Data Name="User">S-1-5-21-2389065719-3342106636-307857974-1001</Data>
<Data Name="TaskId">install::Microsoft.Windows.ContentDeliveryManager_cw5n1h2txyewy</Data>
<Data Name="TaskCount">31</Data>
</EventData>
</Event>

<Event xmlns="http://schemas.microsoft.com/win/2004/08/events/event"><System><Provider Name="Microsoft-Windows-AppReadiness" Guid="{f0be35f8-237b-4814-86b5-ade51192e503}"></Provider>
<EventID Qualifiers="">240</EventID>
<Version>0</Version>
<Level>4</Level>
<Task>1</Task>
<Opcode>0</Opcode>
<Keywords>0x8000000000000004</Keywords>
<TimeCreated SystemTime="2022-05-06 15:24:37.019264"></TimeCreated>
<EventRecordID>91</EventRecordID>
<Correlation ActivityID="" RelatedActivityID=""></Correlation>
<Execution ProcessID="2324" ThreadID="4120"></Execution>
<Channel>Microsoft-Windows-AppReadiness/Admin</Channel>
<Computer>Council-HQ</Computer>
<Security UserID="S-1-5-18"></Security>
</System>
<EventData><Data Name="User">S-1-5-21-2389065719-3342106636-307857974-1001</Data>
<Data Name="TaskId">install::Microsoft.Windows.NarratorQuickStart_8wekyb3d8bbwe</Data>
<Data Name="TaskCount">32</Data>
</EventData>
</Event>

<Event xmlns="http://schemas.microsoft.com/win/2004/08/events/event"><System><Provider Name="Microsoft-Windows-AppReadiness" Guid="{f0be35f8-237b-4814-86b5-ade51192e503}"></Provider>
<EventID Qualifiers="">240</EventID>
<Version>0</Version>
<Level>4</Level>
<Task>1</Task>
<Opcode>0</Opcode>
<Keywords>0x8000000000000004</Keywords>
<TimeCreated SystemTime="2022-05-06 15:24:37.019344"></TimeCreated>
<EventRecordID>92</EventRecordID>
<Correlation ActivityID="" RelatedActivityID=""></Correlation>
<Execution ProcessID="2324" ThreadID="4120"></Execution>
<Channel>Microsoft-Windows-AppReadiness/Admin</Channel>
<Computer>Council-HQ</Computer>
<Security UserID="S-1-5-18"></Security>
</System>
<EventData><Data Name="User">S-1-5-21-2389065719-3342106636-307857974-1001</Data>
<Data Name="TaskId">install::Microsoft.Windows.ParentalControls_cw5n1h2txyewy</Data>
<Data Name="TaskCount">33</Data>
</EventData>
</Event>

<Event xmlns="http://schemas.microsoft.com/win/2004/08/events/event"><System><Provider Name="Microsoft-Windows-AppReadiness" Guid="{f0be35f8-237b-4814-86b5-ade51192e503}"></Provider>
<EventID Qualifiers="">240</EventID>
<Version>0</Version>
<Level>4</Level>
<Task>1</Task>
<Opcode>0</Opcode>
<Keywords>0x8000000000000004</Keywords>
<TimeCreated SystemTime="2022-05-06 15:24:37.019428"></TimeCreated>
<EventRecordID>93</EventRecordID>
<Correlation ActivityID="" RelatedActivityID=""></Correlation>
<Execution ProcessID="2324" ThreadID="4120"></Execution>
<Channel>Microsoft-Windows-AppReadiness/Admin</Channel>
<Computer>Council-HQ</Computer>
<Security UserID="S-1-5-18"></Security>
</System>
<EventData><Data Name="User">S-1-5-21-2389065719-3342106636-307857974-1001</Data>
<Data Name="TaskId">install::Microsoft.Windows.PeopleExperienceHost_cw5n1h2txyewy</Data>
<Data Name="TaskCount">34</Data>
</EventData>
</Event>

<Event xmlns="http://schemas.microsoft.com/win/2004/08/events/event"><System><Provider Name="Microsoft-Windows-AppReadiness" Guid="{f0be35f8-237b-4814-86b5-ade51192e503}"></Provider>
<EventID Qualifiers="">240</EventID>
<Version>0</Version>
<Level>4</Level>
<Task>1</Task>
<Opcode>0</Opcode>
<Keywords>0x8000000000000004</Keywords>
<TimeCreated SystemTime="2022-05-06 15:24:37.019531"></TimeCreated>
<EventRecordID>94</EventRecordID>
<Correlation ActivityID="" RelatedActivityID=""></Correlation>
<Execution ProcessID="2324" ThreadID="4120"></Execution>
<Channel>Microsoft-Windows-AppReadiness/Admin</Channel>
<Computer>Council-HQ</Computer>
<Security UserID="S-1-5-18"></Security>
</System>
<EventData><Data Name="User">S-1-5-21-2389065719-3342106636-307857974-1001</Data>
<Data Name="TaskId">install::Microsoft.Windows.PinningConfirmationDialog_cw5n1h2txyewy</Data>
<Data Name="TaskCount">35</Data>
</EventData>
</Event>

<Event xmlns="http://schemas.microsoft.com/win/2004/08/events/event"><System><Provider Name="Microsoft-Windows-AppReadiness" Guid="{f0be35f8-237b-4814-86b5-ade51192e503}"></Provider>
<EventID Qualifiers="">240</EventID>
<Version>0</Version>
<Level>4</Level>
<Task>1</Task>
<Opcode>0</Opcode>
<Keywords>0x8000000000000004</Keywords>
<TimeCreated SystemTime="2022-05-06 15:24:37.019615"></TimeCreated>
<EventRecordID>95</EventRecordID>
<Correlation ActivityID="" RelatedActivityID=""></Correlation>
<Execution ProcessID="2324" ThreadID="4120"></Execution>
<Channel>Microsoft-Windows-AppReadiness/Admin</Channel>
<Computer>Council-HQ</Computer>
<Security UserID="S-1-5-18"></Security>
</System>
<EventData><Data Name="User">S-1-5-21-2389065719-3342106636-307857974-1001</Data>
<Data Name="TaskId">install::Microsoft.Windows.SecureAssessmentBrowser_cw5n1h2txyewy</Data>
<Data Name="TaskCount">36</Data>
</EventData>
</Event>

<Event xmlns="http://schemas.microsoft.com/win/2004/08/events/event"><System><Provider Name="Microsoft-Windows-AppReadiness" Guid="{f0be35f8-237b-4814-86b5-ade51192e503}"></Provider>
<EventID Qualifiers="">240</EventID>
<Version>0</Version>
<Level>4</Level>
<Task>1</Task>
<Opcode>0</Opcode>
<Keywords>0x8000000000000004</Keywords>
<TimeCreated SystemTime="2022-05-06 15:24:37.019705"></TimeCreated>
<EventRecordID>96</EventRecordID>
<Correlation ActivityID="" RelatedActivityID=""></Correlation>
<Execution ProcessID="2324" ThreadID="4120"></Execution>
<Channel>Microsoft-Windows-AppReadiness/Admin</Channel>
<Computer>Council-HQ</Computer>
<Security UserID="S-1-5-18"></Security>
</System>
<EventData><Data Name="User">S-1-5-21-2389065719-3342106636-307857974-1001</Data>
<Data Name="TaskId">install::Microsoft.Windows.XGpuEjectDialog_cw5n1h2txyewy</Data>
<Data Name="TaskCount">37</Data>
</EventData>
</Event>

<Event xmlns="http://schemas.microsoft.com/win/2004/08/events/event"><System><Provider Name="Microsoft-Windows-AppReadiness" Guid="{f0be35f8-237b-4814-86b5-ade51192e503}"></Provider>
<EventID Qualifiers="">240</EventID>
<Version>0</Version>
<Level>4</Level>
<Task>1</Task>
<Opcode>0</Opcode>
<Keywords>0x8000000000000004</Keywords>
<TimeCreated SystemTime="2022-05-06 15:24:37.019781"></TimeCreated>
<EventRecordID>97</EventRecordID>
<Correlation ActivityID="" RelatedActivityID=""></Correlation>
<Execution ProcessID="2324" ThreadID="4120"></Execution>
<Channel>Microsoft-Windows-AppReadiness/Admin</Channel>
<Computer>Council-HQ</Computer>
<Security UserID="S-1-5-18"></Security>
</System>
<EventData><Data Name="User">S-1-5-21-2389065719-3342106636-307857974-1001</Data>
<Data Name="TaskId">install::Microsoft.XboxGameCallableUI_cw5n1h2txyewy</Data>
<Data Name="TaskCount">38</Data>
</EventData>
</Event>

<Event xmlns="http://schemas.microsoft.com/win/2004/08/events/event"><System><Provider Name="Microsoft-Windows-AppReadiness" Guid="{f0be35f8-237b-4814-86b5-ade51192e503}"></Provider>
<EventID Qualifiers="">240</EventID>
<Version>0</Version>
<Level>4</Level>
<Task>1</Task>
<Opcode>0</Opcode>
<Keywords>0x8000000000000004</Keywords>
<TimeCreated SystemTime="2022-05-06 15:24:37.019859"></TimeCreated>
<EventRecordID>98</EventRecordID>
<Correlation ActivityID="" RelatedActivityID=""></Correlation>
<Execution ProcessID="2324" ThreadID="4120"></Execution>
<Channel>Microsoft-Windows-AppReadiness/Admin</Channel>
<Computer>Council-HQ</Computer>
<Security UserID="S-1-5-18"></Security>
</System>
<EventData><Data Name="User">S-1-5-21-2389065719-3342106636-307857974-1001</Data>
<Data Name="TaskId">install::NcsiUwpApp_8wekyb3d8bbwe</Data>
<Data Name="TaskCount">39</Data>
</EventData>
</Event>

<Event xmlns="http://schemas.microsoft.com/win/2004/08/events/event"><System><Provider Name="Microsoft-Windows-AppReadiness" Guid="{f0be35f8-237b-4814-86b5-ade51192e503}"></Provider>
<EventID Qualifiers="">240</EventID>
<Version>0</Version>
<Level>4</Level>
<Task>1</Task>
<Opcode>0</Opcode>
<Keywords>0x8000000000000004</Keywords>
<TimeCreated SystemTime="2022-05-06 15:24:37.019958"></TimeCreated>
<EventRecordID>99</EventRecordID>
<Correlation ActivityID="" RelatedActivityID=""></Correlation>
<Execution ProcessID="2324" ThreadID="4120"></Execution>
<Channel>Microsoft-Windows-AppReadiness/Admin</Channel>
<Computer>Council-HQ</Computer>
<Security UserID="S-1-5-18"></Security>
</System>
<EventData><Data Name="User">S-1-5-21-2389065719-3342106636-307857974-1001</Data>
<Data Name="TaskId">install::Windows.CBSPreview_cw5n1h2txyewy</Data>
<Data Name="TaskCount">40</Data>
</EventData>
</Event>

<Event xmlns="http://schemas.microsoft.com/win/2004/08/events/event"><System><Provider Name="Microsoft-Windows-AppReadiness" Guid="{f0be35f8-237b-4814-86b5-ade51192e503}"></Provider>
<EventID Qualifiers="">240</EventID>
<Version>0</Version>
<Level>4</Level>
<Task>1</Task>
<Opcode>0</Opcode>
<Keywords>0x8000000000000004</Keywords>
<TimeCreated SystemTime="2022-05-06 15:24:37.020039"></TimeCreated>
<EventRecordID>100</EventRecordID>
<Correlation ActivityID="" RelatedActivityID=""></Correlation>
<Execution ProcessID="2324" ThreadID="4120"></Execution>
<Channel>Microsoft-Windows-AppReadiness/Admin</Channel>
<Computer>Council-HQ</Computer>
<Security UserID="S-1-5-18"></Security>
</System>
<EventData><Data Name="User">S-1-5-21-2389065719-3342106636-307857974-1001</Data>
<Data Name="TaskId">install::Windows.PrintDialog_cw5n1h2txyewy</Data>
<Data Name="TaskCount">41</Data>
</EventData>
</Event>

<Event xmlns="http://schemas.microsoft.com/win/2004/08/events/event"><System><Provider Name="Microsoft-Windows-AppReadiness" Guid="{f0be35f8-237b-4814-86b5-ade51192e503}"></Provider>
<EventID Qualifiers="">240</EventID>
<Version>0</Version>
<Level>4</Level>
<Task>1</Task>
<Opcode>0</Opcode>
<Keywords>0x8000000000000004</Keywords>
<TimeCreated SystemTime="2022-05-06 15:24:37.020117"></TimeCreated>
<EventRecordID>101</EventRecordID>
<Correlation ActivityID="" RelatedActivityID=""></Correlation>
<Execution ProcessID="2324" ThreadID="4120"></Execution>
<Channel>Microsoft-Windows-AppReadiness/Admin</Channel>
<Computer>Council-HQ</Computer>
<Security UserID="S-1-5-18"></Security>
</System>
<EventData><Data Name="User">S-1-5-21-2389065719-3342106636-307857974-1001</Data>
<Data Name="TaskId">install::Microsoft.DesktopAppInstaller_8wekyb3d8bbwe</Data>
<Data Name="TaskCount">42</Data>
</EventData>
</Event>

<Event xmlns="http://schemas.microsoft.com/win/2004/08/events/event"><System><Provider Name="Microsoft-Windows-AppReadiness" Guid="{f0be35f8-237b-4814-86b5-ade51192e503}"></Provider>
<EventID Qualifiers="">240</EventID>
<Version>0</Version>
<Level>4</Level>
<Task>1</Task>
<Opcode>0</Opcode>
<Keywords>0x8000000000000004</Keywords>
<TimeCreated SystemTime="2022-05-06 15:24:37.020218"></TimeCreated>
<EventRecordID>102</EventRecordID>
<Correlation ActivityID="" RelatedActivityID=""></Correlation>
<Execution ProcessID="2324" ThreadID="4120"></Execution>
<Channel>Microsoft-Windows-AppReadiness/Admin</Channel>
<Computer>Council-HQ</Computer>
<Security UserID="S-1-5-18"></Security>
</System>
<EventData><Data Name="User">S-1-5-21-2389065719-3342106636-307857974-1001</Data>
<Data Name="TaskId">install::Microsoft.GamingApp_8wekyb3d8bbwe</Data>
<Data Name="TaskCount">43</Data>
</EventData>
</Event>

<Event xmlns="http://schemas.microsoft.com/win/2004/08/events/event"><System><Provider Name="Microsoft-Windows-AppReadiness" Guid="{f0be35f8-237b-4814-86b5-ade51192e503}"></Provider>
<EventID Qualifiers="">240</EventID>
<Version>0</Version>
<Level>4</Level>
<Task>1</Task>
<Opcode>0</Opcode>
<Keywords>0x8000000000000004</Keywords>
<TimeCreated SystemTime="2022-05-06 15:24:37.020300"></TimeCreated>
<EventRecordID>103</EventRecordID>
<Correlation ActivityID="" RelatedActivityID=""></Correlation>
<Execution ProcessID="2324" ThreadID="4120"></Execution>
<Channel>Microsoft-Windows-AppReadiness/Admin</Channel>
<Computer>Council-HQ</Computer>
<Security UserID="S-1-5-18"></Security>
</System>
<EventData><Data Name="User">S-1-5-21-2389065719-3342106636-307857974-1001</Data>
<Data Name="TaskId">install::Microsoft.HEIFImageExtension_8wekyb3d8bbwe</Data>
<Data Name="TaskCount">44</Data>
</EventData>
</Event>

<Event xmlns="http://schemas.microsoft.com/win/2004/08/events/event"><System><Provider Name="Microsoft-Windows-AppReadiness" Guid="{f0be35f8-237b-4814-86b5-ade51192e503}"></Provider>
<EventID Qualifiers="">240</EventID>
<Version>0</Version>
<Level>4</Level>
<Task>1</Task>
<Opcode>0</Opcode>
<Keywords>0x8000000000000004</Keywords>
<TimeCreated SystemTime="2022-05-06 15:24:37.020378"></TimeCreated>
<EventRecordID>104</EventRecordID>
<Correlation ActivityID="" RelatedActivityID=""></Correlation>
<Execution ProcessID="2324" ThreadID="4120"></Execution>
<Channel>Microsoft-Windows-AppReadiness/Admin</Channel>
<Computer>Council-HQ</Computer>
<Security UserID="S-1-5-18"></Security>
</System>
<EventData><Data Name="User">S-1-5-21-2389065719-3342106636-307857974-1001</Data>
<Data Name="TaskId">install::Microsoft.MicrosoftStickyNotes_8wekyb3d8bbwe</Data>
<Data Name="TaskCount">45</Data>
</EventData>
</Event>

<Event xmlns="http://schemas.microsoft.com/win/2004/08/events/event"><System><Provider Name="Microsoft-Windows-AppReadiness" Guid="{f0be35f8-237b-4814-86b5-ade51192e503}"></Provider>
<EventID Qualifiers="">240</EventID>
<Version>0</Version>
<Level>4</Level>
<Task>1</Task>
<Opcode>0</Opcode>
<Keywords>0x8000000000000004</Keywords>
<TimeCreated SystemTime="2022-05-06 15:24:37.020485"></TimeCreated>
<EventRecordID>105</EventRecordID>
<Correlation ActivityID="" RelatedActivityID=""></Correlation>
<Execution ProcessID="2324" ThreadID="4120"></Execution>
<Channel>Microsoft-Windows-AppReadiness/Admin</Channel>
<Computer>Council-HQ</Computer>
<Security UserID="S-1-5-18"></Security>
</System>
<EventData><Data Name="User">S-1-5-21-2389065719-3342106636-307857974-1001</Data>
<Data Name="TaskId">install::Microsoft.Paint_8wekyb3d8bbwe</Data>
<Data Name="TaskCount">46</Data>
</EventData>
</Event>

<Event xmlns="http://schemas.microsoft.com/win/2004/08/events/event"><System><Provider Name="Microsoft-Windows-AppReadiness" Guid="{f0be35f8-237b-4814-86b5-ade51192e503}"></Provider>
<EventID Qualifiers="">240</EventID>
<Version>0</Version>
<Level>4</Level>
<Task>1</Task>
<Opcode>0</Opcode>
<Keywords>0x8000000000000004</Keywords>
<TimeCreated SystemTime="2022-05-06 15:24:37.020588"></TimeCreated>
<EventRecordID>106</EventRecordID>
<Correlation ActivityID="" RelatedActivityID=""></Correlation>
<Execution ProcessID="2324" ThreadID="4120"></Execution>
<Channel>Microsoft-Windows-AppReadiness/Admin</Channel>
<Computer>Council-HQ</Computer>
<Security UserID="S-1-5-18"></Security>
</System>
<EventData><Data Name="User">S-1-5-21-2389065719-3342106636-307857974-1001</Data>
<Data Name="TaskId">install::Microsoft.ScreenSketch_8wekyb3d8bbwe</Data>
<Data Name="TaskCount">47</Data>
</EventData>
</Event>

<Event xmlns="http://schemas.microsoft.com/win/2004/08/events/event"><System><Provider Name="Microsoft-Windows-AppReadiness" Guid="{f0be35f8-237b-4814-86b5-ade51192e503}"></Provider>
<EventID Qualifiers="">240</EventID>
<Version>0</Version>
<Level>4</Level>
<Task>1</Task>
<Opcode>0</Opcode>
<Keywords>0x8000000000000004</Keywords>
<TimeCreated SystemTime="2022-05-06 15:24:37.020777"></TimeCreated>
<EventRecordID>107</EventRecordID>
<Correlation ActivityID="" RelatedActivityID=""></Correlation>
<Execution ProcessID="2324" ThreadID="4120"></Execution>
<Channel>Microsoft-Windows-AppReadiness/Admin</Channel>
<Computer>Council-HQ</Computer>
<Security UserID="S-1-5-18"></Security>
</System>
<EventData><Data Name="User">S-1-5-21-2389065719-3342106636-307857974-1001</Data>
<Data Name="TaskId">install::Microsoft.SecHealthUI_8wekyb3d8bbwe</Data>
<Data Name="TaskCount">48</Data>
</EventData>
</Event>

<Event xmlns="http://schemas.microsoft.com/win/2004/08/events/event"><System><Provider Name="Microsoft-Windows-AppReadiness" Guid="{f0be35f8-237b-4814-86b5-ade51192e503}"></Provider>
<EventID Qualifiers="">240</EventID>
<Version>0</Version>
<Level>4</Level>
<Task>1</Task>
<Opcode>0</Opcode>
<Keywords>0x8000000000000004</Keywords>
<TimeCreated SystemTime="2022-05-06 15:24:37.020941"></TimeCreated>
<EventRecordID>108</EventRecordID>
<Correlation ActivityID="" RelatedActivityID=""></Correlation>
<Execution ProcessID="2324" ThreadID="4120"></Execution>
<Channel>Microsoft-Windows-AppReadiness/Admin</Channel>
<Computer>Council-HQ</Computer>
<Security UserID="S-1-5-18"></Security>
</System>
<EventData><Data Name="User">S-1-5-21-2389065719-3342106636-307857974-1001</Data>
<Data Name="TaskId">install::Microsoft.StorePurchaseApp_8wekyb3d8bbwe</Data>
<Data Name="TaskCount">49</Data>
</EventData>
</Event>

<Event xmlns="http://schemas.microsoft.com/win/2004/08/events/event"><System><Provider Name="Microsoft-Windows-AppReadiness" Guid="{f0be35f8-237b-4814-86b5-ade51192e503}"></Provider>
<EventID Qualifiers="">240</EventID>
<Version>0</Version>
<Level>4</Level>
<Task>1</Task>
<Opcode>0</Opcode>
<Keywords>0x8000000000000004</Keywords>
<TimeCreated SystemTime="2022-05-06 15:24:37.021070"></TimeCreated>
<EventRecordID>109</EventRecordID>
<Correlation ActivityID="" RelatedActivityID=""></Correlation>
<Execution ProcessID="2324" ThreadID="4120"></Execution>
<Channel>Microsoft-Windows-AppReadiness/Admin</Channel>
<Computer>Council-HQ</Computer>
<Security UserID="S-1-5-18"></Security>
</System>
<EventData><Data Name="User">S-1-5-21-2389065719-3342106636-307857974-1001</Data>
<Data Name="TaskId">install::Microsoft.UI.Xaml.2.4_8wekyb3d8bbwe</Data>
<Data Name="TaskCount">50</Data>
</EventData>
</Event>

<Event xmlns="http://schemas.microsoft.com/win/2004/08/events/event"><System><Provider Name="Microsoft-Windows-AppReadiness" Guid="{f0be35f8-237b-4814-86b5-ade51192e503}"></Provider>
<EventID Qualifiers="">240</EventID>
<Version>0</Version>
<Level>4</Level>
<Task>1</Task>
<Opcode>0</Opcode>
<Keywords>0x8000000000000004</Keywords>
<TimeCreated SystemTime="2022-05-06 15:24:37.021141"></TimeCreated>
<EventRecordID>110</EventRecordID>
<Correlation ActivityID="" RelatedActivityID=""></Correlation>
<Execution ProcessID="2324" ThreadID="4120"></Execution>
<Channel>Microsoft-Windows-AppReadiness/Admin</Channel>
<Computer>Council-HQ</Computer>
<Security UserID="S-1-5-18"></Security>
</System>
<EventData><Data Name="User">S-1-5-21-2389065719-3342106636-307857974-1001</Data>
<Data Name="TaskId">install::Microsoft.VCLibs.140.00_8wekyb3d8bbwe</Data>
<Data Name="TaskCount">51</Data>
</EventData>
</Event>

<Event xmlns="http://schemas.microsoft.com/win/2004/08/events/event"><System><Provider Name="Microsoft-Windows-AppReadiness" Guid="{f0be35f8-237b-4814-86b5-ade51192e503}"></Provider>
<EventID Qualifiers="">240</EventID>
<Version>0</Version>
<Level>4</Level>
<Task>1</Task>
<Opcode>0</Opcode>
<Keywords>0x8000000000000004</Keywords>
<TimeCreated SystemTime="2022-05-06 15:24:37.021202"></TimeCreated>
<EventRecordID>111</EventRecordID>
<Correlation ActivityID="" RelatedActivityID=""></Correlation>
<Execution ProcessID="2324" ThreadID="4120"></Execution>
<Channel>Microsoft-Windows-AppReadiness/Admin</Channel>
<Computer>Council-HQ</Computer>
<Security UserID="S-1-5-18"></Security>
</System>
<EventData><Data Name="User">S-1-5-21-2389065719-3342106636-307857974-1001</Data>
<Data Name="TaskId">install::Microsoft.VP9VideoExtensions_8wekyb3d8bbwe</Data>
<Data Name="TaskCount">52</Data>
</EventData>
</Event>

