<?xml version="1.1" encoding="utf-8" standalone="yes" ?>

<Events>
<Event xmlns="http://schemas.microsoft.com/win/2004/08/events/event"><System><Provider Name="Microsoft-Windows-Kernel-PnP" Guid="{9c205a39-1250-487d-abd7-e831c6290539}"></Provider>
<EventID Qualifiers="">403</EventID>
<Version>0</Version>
<Level>3</Level>
<Task>0</Task>
<Opcode>0</Opcode>
<Keywords>0x4000000000000000</Keywords>
<TimeCreated SystemTime="2022-05-07 01:19:33.696629"></TimeCreated>
<EventRecordID>1</EventRecordID>
<Correlation ActivityID="" RelatedActivityID=""></Correlation>
<Execution ProcessID="4" ThreadID="8"></Execution>
<Channel>Microsoft-Windows-Kernel-PnP/Configuration</Channel>
<Computer>WIN-GE1PLB8KFNS</Computer>
<Security UserID="S-1-5-18"></Security>
</System>
<EventData><Data Name="DeviceInstanceId">ROOT\ACPI_HAL\0000</Data>
<Data Name="DriverName">hal.inf</Data>
<Data Name="ClassGuid">{4d36e966-e325-11ce-bfc1-08002be10318}</Data>
<Data Name="DriverDate">06/21/2006</Data>
<Data Name="DriverVersion">10.0.22000.1</Data>
<Data Name="DriverProvider">Microsoft</Data>
<Data Name="DriverInbox">True</Data>
<Data Name="DriverSection">ACPI_AMD64_HAL</Data>
<Data Name="DriverRank">0x00ff0000</Data>
<Data Name="MatchingDeviceId">acpiapic</Data>
<Data Name="OutrankedDrivers"></Data>
<Data Name="DeviceUpdated">False</Data>
<Data Name="Status">0x00000000</Data>
<Data Name="ParentDeviceInstanceId">HTREE\ROOT\0</Data>
</EventData>
</Event>

<Event xmlns="http://schemas.microsoft.com/win/2004/08/events/event"><System><Provider Name="Microsoft-Windows-Kernel-PnP" Guid="{9c205a39-1250-487d-abd7-e831c6290539}"></Provider>
<EventID Qualifiers="">410</EventID>
<Version>0</Version>
<Level>4</Level>
<Task>0</Task>
<Opcode>0</Opcode>
<Keywords>0x4000000000000000</Keywords>
<TimeCreated SystemTime="2022-05-07 01:19:33.697252"></TimeCreated>
<EventRecordID>2</EventRecordID>
<Correlation ActivityID="" RelatedActivityID=""></Correlation>
<Execution ProcessID="4" ThreadID="8"></Execution>
<Channel>Microsoft-Windows-Kernel-PnP/Configuration</Channel>
<Computer>WIN-GE1PLB8KFNS</Computer>
<Security UserID="S-1-5-18"></Security>
</System>
<EventData><Data Name="DeviceInstanceId">ROOT\ACPI_HAL\0000</Data>
<Data Name="DriverName">hal.inf</Data>
<Data Name="ClassGuid">{4d36e966-e325-11ce-bfc1-08002be10318}</Data>
<Data Name="ServiceName">\Driver\ACPI_HAL</Data>
<Data Name="LowerFilters"></Data>
<Data Name="UpperFilters"></Data>
<Data Name="Problem">0x00000000</Data>
<Data Name="Status">0x00000000</Data>
</EventData>
</Event>

<Event xmlns="http://schemas.microsoft.com/win/2004/08/events/event"><System><Provider Name="Microsoft-Windows-Kernel-PnP" Guid="{9c205a39-1250-487d-abd7-e831c6290539}"></Provider>
<EventID Qualifiers="">400</EventID>
<Version>0</Version>
<Level>4</Level>
<Task>0</Task>
<Opcode>0</Opcode>
<Keywords>0x4000000000000000</Keywords>
<TimeCreated SystemTime="2022-05-07 01:19:33.704168"></TimeCreated>
<EventRecordID>3</EventRecordID>
<Correlation ActivityID="" RelatedActivityID=""></Correlation>
<Execution ProcessID="4" ThreadID="8"></Execution>
<Channel>Microsoft-Windows-Kernel-PnP/Configuration</Channel>
<Computer>WIN-GE1PLB8KFNS</Computer>
<Security UserID="S-1-5-18"></Security>
</System>
<EventData><Data Name="DeviceInstanceId">ACPI_HAL\PNP0C08\0</Data>
<Data Name="DriverName">acpi.inf</Data>
<Data Name="ClassGuid">{4d36e97d-e325-11ce-bfc1-08002be10318}</Data>
<Data Name="DriverDate">06/21/2006</Data>
<Data Name="DriverVersion">10.0.22000.469</Data>
<Data Name="DriverProvider">Microsoft</Data>
<Data Name="DriverInbox">True</Data>
<Data Name="DriverSection">ACPI_Inst.NT</Data>
<Data Name="DriverRank">0x00ff0001</Data>
<Data Name="MatchingDeviceId">*PNP0C08</Data>
<Data Name="OutrankedDrivers"></Data>
<Data Name="DeviceUpdated">False</Data>
<Data Name="Status">0x00000000</Data>
<Data Name="ParentDeviceInstanceId">ROOT\ACPI_HAL\0000</Data>
</EventData>
</Event>

<Event xmlns="http://schemas.microsoft.com/win/2004/08/events/event"><System><Provider Name="Microsoft-Windows-Kernel-PnP" Guid="{9c205a39-1250-487d-abd7-e831c6290539}"></Provider>
<EventID Qualifiers="">410</EventID>
<Version>0</Version>
<Level>4</Level>
<Task>0</Task>
<Opcode>0</Opcode>
<Keywords>0x4000000000000000</Keywords>
<TimeCreated SystemTime="2022-05-07 01:19:33.955635"></TimeCreated>
<EventRecordID>4</EventRecordID>
<Correlation ActivityID="" RelatedActivityID=""></Correlation>
<Execution ProcessID="4" ThreadID="8"></Execution>
<Channel>Microsoft-Windows-Kernel-PnP/Configuration</Channel>
<Computer>WIN-GE1PLB8KFNS</Computer>
<Security UserID="S-1-5-18"></Security>
</System>
<EventData><Data Name="DeviceInstanceId">ACPI_HAL\PNP0C08\0</Data>
<Data Name="DriverName">acpi.inf</Data>
<Data Name="ClassGuid">{4d36e97d-e325-11ce-bfc1-08002be10318}</Data>
<Data Name="ServiceName">ACPI</Data>
<Data Name="LowerFilters"></Data>
<Data Name="UpperFilters"></Data>
<Data Name="Problem">0x00000000</Data>
<Data Name="Status">0x00000000</Data>
</EventData>
</Event>

<Event xmlns="http://schemas.microsoft.com/win/2004/08/events/event"><System><Provider Name="Microsoft-Windows-Kernel-PnP" Guid="{9c205a39-1250-487d-abd7-e831c6290539}"></Provider>
<EventID Qualifiers="">400</EventID>
<Version>0</Version>
<Level>4</Level>
<Task>0</Task>
<Opcode>0</Opcode>
<Keywords>0x4000000000000000</Keywords>
<TimeCreated SystemTime="2022-05-07 01:19:34.008644"></TimeCreated>
<EventRecordID>5</EventRecordID>
<Correlation ActivityID="" RelatedActivityID=""></Correlation>
<Execution ProcessID="4" ThreadID="8"></Execution>
<Channel>Microsoft-Windows-Kernel-PnP/Configuration</Channel>
<Computer>WIN-GE1PLB8KFNS</Computer>
<Security UserID="S-1-5-18"></Security>
</System>
<EventData><Data Name="DeviceInstanceId">ACPI\PNP0A03\0</Data>
<Data Name="DriverName">pci.inf</Data>
<Data Name="ClassGuid">{4d36e97d-e325-11ce-bfc1-08002be10318}</Data>
<Data Name="DriverDate">06/21/2006</Data>
<Data Name="DriverVersion">10.0.22000.652</Data>
<Data Name="DriverProvider">Microsoft</Data>
<Data Name="DriverInbox">True</Data>
<Data Name="DriverSection">PCI_ROOT</Data>
<Data Name="DriverRank">0x00ff0002</Data>
<Data Name="MatchingDeviceId">*PNP0A03</Data>
<Data Name="OutrankedDrivers"></Data>
<Data Name="DeviceUpdated">False</Data>
<Data Name="Status">0x00000000</Data>
<Data Name="ParentDeviceInstanceId">ACPI_HAL\PNP0C08\0</Data>
</EventData>
</Event>

<Event xmlns="http://schemas.microsoft.com/win/2004/08/events/event"><System><Provider Name="Microsoft-Windows-Kernel-PnP" Guid="{9c205a39-1250-487d-abd7-e831c6290539}"></Provider>
<EventID Qualifiers="">400</EventID>
<Version>0</Version>
<Level>4</Level>
<Task>0</Task>
<Opcode>0</Opcode>
<Keywords>0x4000000000000000</Keywords>
<TimeCreated SystemTime="2022-05-07 01:19:34.013304"></TimeCreated>
<EventRecordID>6</EventRecordID>
<Correlation ActivityID="" RelatedActivityID=""></Correlation>
<Execution ProcessID="4" ThreadID="8"></Execution>
<Channel>Microsoft-Windows-Kernel-PnP/Configuration</Channel>
<Computer>WIN-GE1PLB8KFNS</Computer>
<Security UserID="S-1-5-18"></Security>
</System>
<EventData><Data Name="DeviceInstanceId">ACPI\AuthenticAMD_-_AMD64_Family_23_Model_104_-_AMD_Ryzen_7_5700U_with_Radeon_Graphics_________\_0</Data>
<Data Name="DriverName">cpu.inf</Data>
<Data Name="ClassGuid">{50127dc3-0f36-415e-a6cc-4cb3be910b65}</Data>
<Data Name="DriverDate">04/21/2009</Data>
<Data Name="DriverVersion">10.0.22000.652</Data>
<Data Name="DriverProvider">Microsoft</Data>
<Data Name="DriverInbox">True</Data>
<Data Name="DriverSection">AmdPPM_Inst.NT</Data>
<Data Name="DriverRank">0x00ff0004</Data>
<Data Name="MatchingDeviceId">ACPI\AuthenticAMD_-_AMD64</Data>
<Data Name="OutrankedDrivers">cpu.inf:ACPI\Processor:00FF2000</Data>
<Data Name="DeviceUpdated">False</Data>
<Data Name="Status">0x00000000</Data>
<Data Name="ParentDeviceInstanceId">ACPI_HAL\PNP0C08\0</Data>
</EventData>
</Event>

<Event xmlns="http://schemas.microsoft.com/win/2004/08/events/event"><System><Provider Name="Microsoft-Windows-Kernel-PnP" Guid="{9c205a39-1250-487d-abd7-e831c6290539}"></Provider>
<EventID Qualifiers="">400</EventID>
<Version>0</Version>
<Level>4</Level>
<Task>0</Task>
<Opcode>0</Opcode>
<Keywords>0x4000000000000000</Keywords>
<TimeCreated SystemTime="2022-05-07 01:19:34.021309"></TimeCreated>
<EventRecordID>7</EventRecordID>
<Correlation ActivityID="" RelatedActivityID=""></Correlation>
<Execution ProcessID="4" ThreadID="8"></Execution>
<Channel>Microsoft-Windows-Kernel-PnP/Configuration</Channel>
<Computer>WIN-GE1PLB8KFNS</Computer>
<Security UserID="S-1-5-18"></Security>
</System>
<EventData><Data Name="DeviceInstanceId">ACPI\AuthenticAMD_-_AMD64_Family_23_Model_104_-_AMD_Ryzen_7_5700U_with_Radeon_Graphics_________\_1</Data>
<Data Name="DriverName">cpu.inf</Data>
<Data Name="ClassGuid">{50127dc3-0f36-415e-a6cc-4cb3be910b65}</Data>
<Data Name="DriverDate">04/21/2009</Data>
<Data Name="DriverVersion">10.0.22000.652</Data>
<Data Name="DriverProvider">Microsoft</Data>
<Data Name="DriverInbox">True</Data>
<Data Name="DriverSection">AmdPPM_Inst.NT</Data>
<Data Name="DriverRank">0x00ff0004</Data>
<Data Name="MatchingDeviceId">ACPI\AuthenticAMD_-_AMD64</Data>
<Data Name="OutrankedDrivers">cpu.inf:ACPI\Processor:00FF2000</Data>
<Data Name="DeviceUpdated">False</Data>
<Data Name="Status">0x00000000</Data>
<Data Name="ParentDeviceInstanceId">ACPI_HAL\PNP0C08\0</Data>
</EventData>
</Event>

<Event xmlns="http://schemas.microsoft.com/win/2004/08/events/event"><System><Provider Name="Microsoft-Windows-Kernel-PnP" Guid="{9c205a39-1250-487d-abd7-e831c6290539}"></Provider>
<EventID Qualifiers="">400</EventID>
<Version>0</Version>
<Level>4</Level>
<Task>0</Task>
<Opcode>0</Opcode>
<Keywords>0x4000000000000000</Keywords>
<TimeCreated SystemTime="2022-05-07 01:19:34.028233"></TimeCreated>
<EventRecordID>8</EventRecordID>
<Correlation ActivityID="" RelatedActivityID=""></Correlation>
<Execution ProcessID="4" ThreadID="8"></Execution>
<Channel>Microsoft-Windows-Kernel-PnP/Configuration</Channel>
<Computer>WIN-GE1PLB8KFNS</Computer>
<Security UserID="S-1-5-18"></Security>
</System>
<EventData><Data Name="DeviceInstanceId">ACPI\AuthenticAMD_-_AMD64_Family_23_Model_104_-_AMD_Ryzen_7_5700U_with_Radeon_Graphics_________\_2</Data>
<Data Name="DriverName">cpu.inf</Data>
<Data Name="ClassGuid">{50127dc3-0f36-415e-a6cc-4cb3be910b65}</Data>
<Data Name="DriverDate">04/21/2009</Data>
<Data Name="DriverVersion">10.0.22000.652</Data>
<Data Name="DriverProvider">Microsoft</Data>
<Data Name="DriverInbox">True</Data>
<Data Name="DriverSection">AmdPPM_Inst.NT</Data>
<Data Name="DriverRank">0x00ff0004</Data>
<Data Name="MatchingDeviceId">ACPI\AuthenticAMD_-_AMD64</Data>
<Data Name="OutrankedDrivers">cpu.inf:ACPI\Processor:00FF2000</Data>
<Data Name="DeviceUpdated">False</Data>
<Data Name="Status">0x00000000</Data>
<Data Name="ParentDeviceInstanceId">ACPI_HAL\PNP0C08\0</Data>
</EventData>
</Event>

<Event xmlns="http://schemas.microsoft.com/win/2004/08/events/event"><System><Provider Name="Microsoft-Windows-Kernel-PnP" Guid="{9c205a39-1250-487d-abd7-e831c6290539}"></Provider>
<EventID Qualifiers="">400</EventID>
<Version>0</Version>
<Level>4</Level>
<Task>0</Task>
<Opcode>0</Opcode>
<Keywords>0x4000000000000000</Keywords>
<TimeCreated SystemTime="2022-05-07 01:19:34.035097"></TimeCreated>
<EventRecordID>9</EventRecordID>
<Correlation ActivityID="" RelatedActivityID=""></Correlation>
<Execution ProcessID="4" ThreadID="8"></Execution>
<Channel>Microsoft-Windows-Kernel-PnP/Configuration</Channel>
<Computer>WIN-GE1PLB8KFNS</Computer>
<Security UserID="S-1-5-18"></Security>
</System>
<EventData><Data Name="DeviceInstanceId">ACPI\AuthenticAMD_-_AMD64_Family_23_Model_104_-_AMD_Ryzen_7_5700U_with_Radeon_Graphics_________\_3</Data>
<Data Name="DriverName">cpu.inf</Data>
<Data Name="ClassGuid">{50127dc3-0f36-415e-a6cc-4cb3be910b65}</Data>
<Data Name="DriverDate">04/21/2009</Data>
<Data Name="DriverVersion">10.0.22000.652</Data>
<Data Name="DriverProvider">Microsoft</Data>
<Data Name="DriverInbox">True</Data>
<Data Name="DriverSection">AmdPPM_Inst.NT</Data>
<Data Name="DriverRank">0x00ff0004</Data>
<Data Name="MatchingDeviceId">ACPI\AuthenticAMD_-_AMD64</Data>
<Data Name="OutrankedDrivers">cpu.inf:ACPI\Processor:00FF2000</Data>
<Data Name="DeviceUpdated">False</Data>
<Data Name="Status">0x00000000</Data>
<Data Name="ParentDeviceInstanceId">ACPI_HAL\PNP0C08\0</Data>
</EventData>
</Event>

<Event xmlns="http://schemas.microsoft.com/win/2004/08/events/event"><System><Provider Name="Microsoft-Windows-Kernel-PnP" Guid="{9c205a39-1250-487d-abd7-e831c6290539}"></Provider>
<EventID Qualifiers="">400</EventID>
<Version>0</Version>
<Level>4</Level>
<Task>0</Task>
<Opcode>0</Opcode>
<Keywords>0x4000000000000000</Keywords>
<TimeCreated SystemTime="2022-05-07 01:19:34.037006"></TimeCreated>
<EventRecordID>10</EventRecordID>
<Correlation ActivityID="" RelatedActivityID=""></Correlation>
<Execution ProcessID="4" ThreadID="8"></Execution>
<Channel>Microsoft-Windows-Kernel-PnP/Configuration</Channel>
<Computer>WIN-GE1PLB8KFNS</Computer>
<Security UserID="S-1-5-18"></Security>
</System>
<EventData><Data Name="DeviceInstanceId">ACPI\FixedButton\2&amp;daba3ff&amp;0</Data>
<Data Name="DriverName">machine.inf</Data>
<Data Name="ClassGuid">{4d36e97d-e325-11ce-bfc1-08002be10318}</Data>
<Data Name="DriverDate">06/21/2006</Data>
<Data Name="DriverVersion">10.0.22000.1</Data>
<Data Name="DriverProvider">Microsoft</Data>
<Data Name="DriverInbox">True</Data>
<Data Name="DriverSection">NO_DRV</Data>
<Data Name="DriverRank">0x00ff0000</Data>
<Data Name="MatchingDeviceId">ACPI\FixedButton</Data>
<Data Name="OutrankedDrivers"></Data>
<Data Name="DeviceUpdated">False</Data>
<Data Name="Status">0x00000000</Data>
<Data Name="ParentDeviceInstanceId">ACPI_HAL\PNP0C08\0</Data>
</EventData>
</Event>

<Event xmlns="http://schemas.microsoft.com/win/2004/08/events/event"><System><Provider Name="Microsoft-Windows-Kernel-PnP" Guid="{9c205a39-1250-487d-abd7-e831c6290539}"></Provider>
<EventID Qualifiers="">410</EventID>
<Version>0</Version>
<Level>4</Level>
<Task>0</Task>
<Opcode>0</Opcode>
<Keywords>0x4000000000000000</Keywords>
<TimeCreated SystemTime="2022-05-07 01:19:34.041124"></TimeCreated>
<EventRecordID>11</EventRecordID>
<Correlation ActivityID="" RelatedActivityID=""></Correlation>
<Execution ProcessID="4" ThreadID="8"></Execution>
<Channel>Microsoft-Windows-Kernel-PnP/Configuration</Channel>
<Computer>WIN-GE1PLB8KFNS</Computer>
<Security UserID="S-1-5-18"></Security>
</System>
<EventData><Data Name="DeviceInstanceId">ACPI\FixedButton\2&amp;daba3ff&amp;0</Data>
<Data Name="DriverName">machine.inf</Data>
<Data Name="ClassGuid">{4d36e97d-e325-11ce-bfc1-08002be10318}</Data>
<Data Name="ServiceName"></Data>
<Data Name="LowerFilters"></Data>
<Data Name="UpperFilters"></Data>
<Data Name="Problem">0x00000000</Data>
<Data Name="Status">0x00000000</Data>
</EventData>
</Event>

<Event xmlns="http://schemas.microsoft.com/win/2004/08/events/event"><System><Provider Name="Microsoft-Windows-Kernel-PnP" Guid="{9c205a39-1250-487d-abd7-e831c6290539}"></Provider>
<EventID Qualifiers="">410</EventID>
<Version>0</Version>
<Level>4</Level>
<Task>0</Task>
<Opcode>0</Opcode>
<Keywords>0x4000000000000000</Keywords>
<TimeCreated SystemTime="2022-05-07 01:19:34.088646"></TimeCreated>
<EventRecordID>12</EventRecordID>
<Correlation ActivityID="" RelatedActivityID=""></Correlation>
<Execution ProcessID="4" ThreadID="8"></Execution>
<Channel>Microsoft-Windows-Kernel-PnP/Configuration</Channel>
<Computer>WIN-GE1PLB8KFNS</Computer>
<Security UserID="S-1-5-18"></Security>
</System>
<EventData><Data Name="DeviceInstanceId">ACPI\PNP0A03\0</Data>
<Data Name="DriverName">pci.inf</Data>
<Data Name="ClassGuid">{4d36e97d-e325-11ce-bfc1-08002be10318}</Data>
<Data Name="ServiceName">pci</Data>
<Data Name="LowerFilters"></Data>
<Data Name="UpperFilters"></Data>
<Data Name="Problem">0x00000000</Data>
<Data Name="Status">0x00000000</Data>
</EventData>
</Event>

<Event xmlns="http://schemas.microsoft.com/win/2004/08/events/event"><System><Provider Name="Microsoft-Windows-Kernel-PnP" Guid="{9c205a39-1250-487d-abd7-e831c6290539}"></Provider>
<EventID Qualifiers="">400</EventID>
<Version>0</Version>
<Level>4</Level>
<Task>0</Task>
<Opcode>0</Opcode>
<Keywords>0x4000000000000000</Keywords>
<TimeCreated SystemTime="2022-05-07 01:19:34.140192"></TimeCreated>
<EventRecordID>13</EventRecordID>
<Correlation ActivityID="" RelatedActivityID=""></Correlation>
<Execution ProcessID="4" ThreadID="8"></Execution>
<Channel>Microsoft-Windows-Kernel-PnP/Configuration</Channel>
<Computer>WIN-GE1PLB8KFNS</Computer>
<Security UserID="S-1-5-18"></Security>
</System>
<EventData><Data Name="DeviceInstanceId">PCI\VEN_8086&amp;DEV_1237&amp;SUBSYS_00000000&amp;REV_02\3&amp;267a616a&amp;0&amp;00</Data>
<Data Name="DriverName">machine.inf</Data>
<Data Name="ClassGuid">{4d36e97d-e325-11ce-bfc1-08002be10318}</Data>
<Data Name="DriverDate">06/21/2006</Data>
<Data Name="DriverVersion">10.0.22000.1</Data>
<Data Name="DriverProvider">Microsoft</Data>
<Data Name="DriverInbox">True</Data>
<Data Name="DriverSection">NO_DRV</Data>
<Data Name="DriverRank">0x00ff0003</Data>
<Data Name="MatchingDeviceId">PCI\VEN_8086&amp;DEV_1237</Data>
<Data Name="OutrankedDrivers">machine.inf:PCI\CC_0600:00FF2004</Data>
<Data Name="DeviceUpdated">False</Data>
<Data Name="Status">0x00000000</Data>
<Data Name="ParentDeviceInstanceId">ACPI\PNP0A03\0</Data>
</EventData>
</Event>

<Event xmlns="http://schemas.microsoft.com/win/2004/08/events/event"><System><Provider Name="Microsoft-Windows-Kernel-PnP" Guid="{9c205a39-1250-487d-abd7-e831c6290539}"></Provider>
<EventID Qualifiers="">400</EventID>
<Version>0</Version>
<Level>4</Level>
<Task>0</Task>
<Opcode>0</Opcode>
<Keywords>0x4000000000000000</Keywords>
<TimeCreated SystemTime="2022-05-07 01:19:34.141684"></TimeCreated>
<EventRecordID>14</EventRecordID>
<Correlation ActivityID="" RelatedActivityID=""></Correlation>
<Execution ProcessID="4" ThreadID="8"></Execution>
<Channel>Microsoft-Windows-Kernel-PnP/Configuration</Channel>
<Computer>WIN-GE1PLB8KFNS</Computer>
<Security UserID="S-1-5-18"></Security>
</System>
<EventData><Data Name="DeviceInstanceId">PCI\VEN_8086&amp;DEV_7000&amp;SUBSYS_00000000&amp;REV_00\3&amp;267a616a&amp;0&amp;08</Data>
<Data Name="DriverName">machine.inf</Data>
<Data Name="ClassGuid">{4d36e97d-e325-11ce-bfc1-08002be10318}</Data>
<Data Name="DriverDate">06/21/2006</Data>
<Data Name="DriverVersion">10.0.22000.1</Data>
<Data Name="DriverProvider">Microsoft</Data>
<Data Name="DriverInbox">True</Data>
<Data Name="DriverSection">MSISADRV</Data>
<Data Name="DriverRank">0x00ff0003</Data>
<Data Name="MatchingDeviceId">PCI\VEN_8086&amp;DEV_7000</Data>
<Data Name="OutrankedDrivers">machine.inf:PCI\CC_0601:00FF2004</Data>
<Data Name="DeviceUpdated">False</Data>
<Data Name="Status">0x00000000</Data>
<Data Name="ParentDeviceInstanceId">ACPI\PNP0A03\0</Data>
</EventData>
</Event>

<Event xmlns="http://schemas.microsoft.com/win/2004/08/events/event"><System><Provider Name="Microsoft-Windows-Kernel-PnP" Guid="{9c205a39-1250-487d-abd7-e831c6290539}"></Provider>
<EventID Qualifiers="">430</EventID>
<Version>0</Version>
<Level>4</Level>
<Task>0</Task>
<Opcode>0</Opcode>
<Keywords>0x4000000000000000</Keywords>
<TimeCreated SystemTime="2022-05-07 01:19:34.143749"></TimeCreated>
<EventRecordID>15</EventRecordID>
<Correlation ActivityID="" RelatedActivityID=""></Correlation>
<Execution ProcessID="4" ThreadID="148"></Execution>
<Channel>Microsoft-Windows-Kernel-PnP/Configuration</Channel>
<Computer>WIN-GE1PLB8KFNS</Computer>
<Security UserID="S-1-5-18"></Security>
</System>
<EventData><Data Name="DeviceInstanceId">PCI\VEN_80EE&amp;DEV_BEEF&amp;SUBSYS_040515AD&amp;REV_00\3&amp;267a616a&amp;0&amp;10</Data>
</EventData>
</Event>

<Event xmlns="http://schemas.microsoft.com/win/2004/08/events/event"><System><Provider Name="Microsoft-Windows-Kernel-PnP" Guid="{9c205a39-1250-487d-abd7-e831c6290539}"></Provider>
<EventID Qualifiers="">430</EventID>
<Version>0</Version>
<Level>4</Level>
<Task>0</Task>
<Opcode>0</Opcode>
<Keywords>0x4000000000000000</Keywords>
<TimeCreated SystemTime="2022-05-07 01:19:34.144661"></TimeCreated>
<EventRecordID>16</EventRecordID>
<Correlation ActivityID="" RelatedActivityID=""></Correlation>
<Execution ProcessID="4" ThreadID="148"></Execution>
<Channel>Microsoft-Windows-Kernel-PnP/Configuration</Channel>
<Computer>WIN-GE1PLB8KFNS</Computer>
<Security UserID="S-1-5-18"></Security>
</System>
<EventData><Data Name="DeviceInstanceId">PCI\VEN_8086&amp;DEV_100E&amp;SUBSYS_001E8086&amp;REV_02\3&amp;267a616a&amp;0&amp;18</Data>
</EventData>
</Event>

<Event xmlns="http://schemas.microsoft.com/win/2004/08/events/event"><System><Provider Name="Microsoft-Windows-Kernel-PnP" Guid="{9c205a39-1250-487d-abd7-e831c6290539}"></Provider>
<EventID Qualifiers="">400</EventID>
<Version>0</Version>
<Level>4</Level>
<Task>0</Task>
<Opcode>0</Opcode>
<Keywords>0x4000000000000000</Keywords>
<TimeCreated SystemTime="2022-05-07 01:19:34.145584"></TimeCreated>
<EventRecordID>17</EventRecordID>
<Correlation ActivityID="" RelatedActivityID=""></Correlation>
<Execution ProcessID="4" ThreadID="8"></Execution>
<Channel>Microsoft-Windows-Kernel-PnP/Configuration</Channel>
<Computer>WIN-GE1PLB8KFNS</Computer>
<Security UserID="S-1-5-18"></Security>
</System>
<EventData><Data Name="DeviceInstanceId">PCI\VEN_80EE&amp;DEV_CAFE&amp;SUBSYS_00000000&amp;REV_00\3&amp;267a616a&amp;0&amp;20</Data>
<Data Name="DriverName">oem0.inf</Data>
<Data Name="ClassGuid">{4d36e97d-e325-11ce-bfc1-08002be10318}</Data>
<Data Name="DriverDate">03/22/2022</Data>
<Data Name="DriverVersion">6.1.34.636</Data>
<Data Name="DriverProvider">Oracle Corporation</Data>
<Data Name="DriverInbox">False</Data>
<Data Name="DriverSection">VBoxGuest_Install</Data>
<Data Name="DriverRank">0x00ff0003</Data>
<Data Name="MatchingDeviceId">PCI\VEN_80EE&amp;DEV_CAFE</Data>
<Data Name="OutrankedDrivers"></Data>
<Data Name="DeviceUpdated">False</Data>
<Data Name="Status">0x00000000</Data>
<Data Name="ParentDeviceInstanceId">ACPI\PNP0A03\0</Data>
</EventData>
</Event>

<Event xmlns="http://schemas.microsoft.com/win/2004/08/events/event"><System><Provider Name="Microsoft-Windows-Kernel-PnP" Guid="{9c205a39-1250-487d-abd7-e831c6290539}"></Provider>
<EventID Qualifiers="">430</EventID>
<Version>0</Version>
<Level>4</Level>
<Task>0</Task>
<Opcode>0</Opcode>
<Keywords>0x4000000000000000</Keywords>
<TimeCreated SystemTime="2022-05-07 01:19:34.146162"></TimeCreated>
<EventRecordID>18</EventRecordID>
<Correlation ActivityID="" RelatedActivityID=""></Correlation>
<Execution ProcessID="4" ThreadID="148"></Execution>
<Channel>Microsoft-Windows-Kernel-PnP/Configuration</Channel>
<Computer>WIN-GE1PLB8KFNS</Computer>
<Security UserID="S-1-5-18"></Security>
</System>
<EventData><Data Name="DeviceInstanceId">PCI\VEN_80EE&amp;DEV_CAFE&amp;SUBSYS_00000000&amp;REV_00\3&amp;267a616a&amp;0&amp;20</Data>
</EventData>
</Event>

<Event xmlns="http://schemas.microsoft.com/win/2004/08/events/event"><System><Provider Name="Microsoft-Windows-Kernel-PnP" Guid="{9c205a39-1250-487d-abd7-e831c6290539}"></Provider>
<EventID Qualifiers="">400</EventID>
<Version>0</Version>
<Level>4</Level>
<Task>0</Task>
<Opcode>0</Opcode>
<Keywords>0x4000000000000000</Keywords>
<TimeCreated SystemTime="2022-05-07 01:19:34.147362"></TimeCreated>
<EventRecordID>19</EventRecordID>
<Correlation ActivityID="" RelatedActivityID=""></Correlation>
<Execution ProcessID="4" ThreadID="8"></Execution>
<Channel>Microsoft-Windows-Kernel-PnP/Configuration</Channel>
<Computer>WIN-GE1PLB8KFNS</Computer>
<Security UserID="S-1-5-18"></Security>
</System>
<EventData><Data Name="DeviceInstanceId">PCI\VEN_8086&amp;DEV_2668&amp;SUBSYS_76808384&amp;REV_01\3&amp;267a616a&amp;0&amp;28</Data>
<Data Name="DriverName">hdaudbus.inf</Data>
<Data Name="ClassGuid">{4d36e97d-e325-11ce-bfc1-08002be10318}</Data>
<Data Name="DriverDate">06/05/2021</Data>
<Data Name="DriverVersion">10.0.22000.1</Data>
<Data Name="DriverProvider">Microsoft</Data>
<Data Name="DriverInbox">True</Data>
<Data Name="DriverSection">HDAudio_Device.NT</Data>
<Data Name="DriverRank">0x00ff2006</Data>
<Data Name="MatchingDeviceId">PCI\CC_0403</Data>
<Data Name="OutrankedDrivers"></Data>
<Data Name="DeviceUpdated">False</Data>
<Data Name="Status">0x00000000</Data>
<Data Name="ParentDeviceInstanceId">ACPI\PNP0A03\0</Data>
</EventData>
</Event>

<Event xmlns="http://schemas.microsoft.com/win/2004/08/events/event"><System><Provider Name="Microsoft-Windows-Kernel-PnP" Guid="{9c205a39-1250-487d-abd7-e831c6290539}"></Provider>
<EventID Qualifiers="">430</EventID>
<Version>0</Version>
<Level>4</Level>
<Task>0</Task>
<Opcode>0</Opcode>
<Keywords>0x4000000000000000</Keywords>
<TimeCreated SystemTime="2022-05-07 01:19:34.149185"></TimeCreated>
<EventRecordID>20</EventRecordID>
<Correlation ActivityID="" RelatedActivityID=""></Correlation>
<Execution ProcessID="4" ThreadID="148"></Execution>
<Channel>Microsoft-Windows-Kernel-PnP/Configuration</Channel>
<Computer>WIN-GE1PLB8KFNS</Computer>
<Security UserID="S-1-5-18"></Security>
</System>
<EventData><Data Name="DeviceInstanceId">PCI\VEN_8086&amp;DEV_100E&amp;SUBSYS_001E8086&amp;REV_02\3&amp;267a616a&amp;0&amp;40</Data>
</EventData>
</Event>

<Event xmlns="http://schemas.microsoft.com/win/2004/08/events/event"><System><Provider Name="Microsoft-Windows-Kernel-PnP" Guid="{9c205a39-1250-487d-abd7-e831c6290539}"></Provider>
<EventID Qualifiers="">400</EventID>
<Version>0</Version>
<Level>4</Level>
<Task>0</Task>
<Opcode>0</Opcode>
<Keywords>0x4000000000000000</Keywords>
<TimeCreated SystemTime="2022-05-07 01:19:34.150402"></TimeCreated>
<EventRecordID>21</EventRecordID>
<Correlation ActivityID="" RelatedActivityID=""></Correlation>
<Execution ProcessID="4" ThreadID="8"></Execution>
<Channel>Microsoft-Windows-Kernel-PnP/Configuration</Channel>
<Computer>WIN-GE1PLB8KFNS</Computer>
<Security UserID="S-1-5-18"></Security>
</System>
<EventData><Data Name="DeviceInstanceId">PCI\VEN_8086&amp;DEV_1E31&amp;SUBSYS_00000000&amp;REV_00\3&amp;267a616a&amp;0&amp;60</Data>
<Data Name="DriverName">usbxhci.inf</Data>
<Data Name="ClassGuid">{36fc9e60-c465-11cf-8056-444553540000}</Data>
<Data Name="DriverDate">01/18/2022</Data>
<Data Name="DriverVersion">10.0.22000.469</Data>
<Data Name="DriverProvider">Microsoft</Data>
<Data Name="DriverInbox">True</Data>
<Data Name="DriverSection">Generic.Install.NT</Data>
<Data Name="DriverRank">0x00802003</Data>
<Data Name="MatchingDeviceId">PCI\CC_0C0330</Data>
<Data Name="OutrankedDrivers">machine.inf:PCI\VEN_8086&amp;DEV_1E31:00FF0003</Data>
<Data Name="DeviceUpdated">False</Data>
<Data Name="Status">0x00000000</Data>
<Data Name="ParentDeviceInstanceId">ACPI\PNP0A03\0</Data>
</EventData>
</Event>

<Event xmlns="http://schemas.microsoft.com/win/2004/08/events/event"><System><Provider Name="Microsoft-Windows-Kernel-PnP" Guid="{9c205a39-1250-487d-abd7-e831c6290539}"></Provider>
<EventID Qualifiers="">400</EventID>
<Version>0</Version>
<Level>4</Level>
<Task>0</Task>
<Opcode>0</Opcode>
<Keywords>0x4000000000000000</Keywords>
<TimeCreated SystemTime="2022-05-07 01:19:34.152340"></TimeCreated>
<EventRecordID>22</EventRecordID>
<Correlation ActivityID="" RelatedActivityID=""></Correlation>
<Execution ProcessID="4" ThreadID="8"></Execution>
<Channel>Microsoft-Windows-Kernel-PnP/Configuration</Channel>
<Computer>WIN-GE1PLB8KFNS</Computer>
<Security UserID="S-1-5-18"></Security>
</System>
<EventData><Data Name="DeviceInstanceId">PCI\VEN_8086&amp;DEV_2829&amp;SUBSYS_00000000&amp;REV_02\3&amp;267a616a&amp;0&amp;68</Data>
<Data Name="DriverName">mshdc.inf</Data>
<Data Name="ClassGuid">{4d36e96a-e325-11ce-bfc1-08002be10318}</Data>
<Data Name="DriverDate">06/21/2006</Data>
<Data Name="DriverVersion">10.0.22000.652</Data>
<Data Name="DriverProvider">Microsoft</Data>
<Data Name="DriverInbox">True</Data>
<Data Name="DriverSection">msahci_Inst</Data>
<Data Name="DriverRank">0x00ff2003</Data>
<Data Name="MatchingDeviceId">PCI\CC_010601</Data>
<Data Name="OutrankedDrivers"></Data>
<Data Name="DeviceUpdated">False</Data>
<Data Name="Status">0x00000000</Data>
<Data Name="ParentDeviceInstanceId">ACPI\PNP0A03\0</Data>
</EventData>
</Event>

<Event xmlns="http://schemas.microsoft.com/win/2004/08/events/event"><System><Provider Name="Microsoft-Windows-Kernel-PnP" Guid="{9c205a39-1250-487d-abd7-e831c6290539}"></Provider>
<EventID Qualifiers="">400</EventID>
<Version>0</Version>
<Level>4</Level>
<Task>0</Task>
<Opcode>0</Opcode>
<Keywords>0x4000000000000000</Keywords>
<TimeCreated SystemTime="2022-05-07 01:19:34.153896"></TimeCreated>
<EventRecordID>23</EventRecordID>
<Correlation ActivityID="" RelatedActivityID=""></Correlation>
<Execution ProcessID="4" ThreadID="8"></Execution>
<Channel>Microsoft-Windows-Kernel-PnP/Configuration</Channel>
<Computer>WIN-GE1PLB8KFNS</Computer>
<Security UserID="S-1-5-18"></Security>
</System>
<EventData><Data Name="DeviceInstanceId">ACPI\PNP0C0A\0</Data>
<Data Name="DriverName">cmbatt.inf</Data>
<Data Name="ClassGuid">{72631e54-78a4-11d0-bcf7-00aa00b7b32a}</Data>
<Data Name="DriverDate">06/21/2006</Data>
<Data Name="DriverVersion">10.0.22000.652</Data>
<Data Name="DriverProvider">Microsoft</Data>
<Data Name="DriverInbox">True</Data>
<Data Name="DriverSection">CmBatt_Inst</Data>
<Data Name="DriverRank">0x00ff0001</Data>
<Data Name="MatchingDeviceId">ACPI\PNP0C0A</Data>
<Data Name="OutrankedDrivers"></Data>
<Data Name="DeviceUpdated">False</Data>
<Data Name="Status">0x00000000</Data>
<Data Name="ParentDeviceInstanceId">ACPI\PNP0A03\0</Data>
</EventData>
</Event>

<Event xmlns="http://schemas.microsoft.com/win/2004/08/events/event"><System><Provider Name="Microsoft-Windows-Kernel-PnP" Guid="{9c205a39-1250-487d-abd7-e831c6290539}"></Provider>
<EventID Qualifiers="">400</EventID>
<Version>0</Version>
<Level>4</Level>
<Task>0</Task>
<Opcode>0</Opcode>
<Keywords>0x4000000000000000</Keywords>
<TimeCreated SystemTime="2022-05-07 01:19:34.155277"></TimeCreated>
<EventRecordID>24</EventRecordID>
<Correlation ActivityID="" RelatedActivityID=""></Correlation>
<Execution ProcessID="4" ThreadID="8"></Execution>
<Channel>Microsoft-Windows-Kernel-PnP/Configuration</Channel>
<Computer>WIN-GE1PLB8KFNS</Computer>
<Security UserID="S-1-5-18"></Security>
</System>
<EventData><Data Name="DeviceInstanceId">ACPI\ACPI0003\0</Data>
<Data Name="DriverName">cmbatt.inf</Data>
<Data Name="ClassGuid">{72631e54-78a4-11d0-bcf7-00aa00b7b32a}</Data>
<Data Name="DriverDate">06/21/2006</Data>
<Data Name="DriverVersion">10.0.22000.652</Data>
<Data Name="DriverProvider">Microsoft</Data>
<Data Name="DriverInbox">True</Data>
<Data Name="DriverSection">AcAdapter_Inst</Data>
<Data Name="DriverRank">0x00ff0001</Data>
<Data Name="MatchingDeviceId">ACPI\ACPI0003</Data>
<Data Name="OutrankedDrivers"></Data>
<Data Name="DeviceUpdated">False</Data>
<Data Name="Status">0x00000000</Data>
<Data Name="ParentDeviceInstanceId">ACPI\PNP0A03\0</Data>
</EventData>
</Event>

<Event xmlns="http://schemas.microsoft.com/win/2004/08/events/event"><System><Provider Name="Microsoft-Windows-Kernel-PnP" Guid="{9c205a39-1250-487d-abd7-e831c6290539}"></Provider>
<EventID Qualifiers="">410</EventID>
<Version>0</Version>
<Level>4</Level>
<Task>0</Task>
<Opcode>0</Opcode>
<Keywords>0x4000000000000000</Keywords>
<TimeCreated SystemTime="2022-05-07 01:19:34.156610"></TimeCreated>
<EventRecordID>25</EventRecordID>
<Correlation ActivityID="" RelatedActivityID=""></Correlation>
<Execution ProcessID="4" ThreadID="8"></Execution>
<Channel>Microsoft-Windows-Kernel-PnP/Configuration</Channel>
<Computer>WIN-GE1PLB8KFNS</Computer>
<Security UserID="S-1-5-18"></Security>
</System>
<EventData><Data Name="DeviceInstanceId">PCI\VEN_8086&amp;DEV_1237&amp;SUBSYS_00000000&amp;REV_02\3&amp;267a616a&amp;0&amp;00</Data>
<Data Name="DriverName">machine.inf</Data>
<Data Name="ClassGuid">{4d36e97d-e325-11ce-bfc1-08002be10318}</Data>
<Data Name="ServiceName"></Data>
<Data Name="LowerFilters"></Data>
<Data Name="UpperFilters"></Data>
<Data Name="Problem">0x00000000</Data>
<Data Name="Status">0x00000000</Data>
</EventData>
</Event>

<Event xmlns="http://schemas.microsoft.com/win/2004/08/events/event"><System><Provider Name="Microsoft-Windows-Kernel-PnP" Guid="{9c205a39-1250-487d-abd7-e831c6290539}"></Provider>
<EventID Qualifiers="">410</EventID>
<Version>0</Version>
<Level>4</Level>
<Task>0</Task>
<Opcode>0</Opcode>
<Keywords>0x4000000000000000</Keywords>
<TimeCreated SystemTime="2022-05-07 01:19:34.156750"></TimeCreated>
<EventRecordID>26</EventRecordID>
<Correlation ActivityID="" RelatedActivityID=""></Correlation>
<Execution ProcessID="4" ThreadID="8"></Execution>
<Channel>Microsoft-Windows-Kernel-PnP/Configuration</Channel>
<Computer>WIN-GE1PLB8KFNS</Computer>
<Security UserID="S-1-5-18"></Security>
</System>
<EventData><Data Name="DeviceInstanceId">PCI\VEN_8086&amp;DEV_7000&amp;SUBSYS_00000000&amp;REV_00\3&amp;267a616a&amp;0&amp;08</Data>
<Data Name="DriverName">machine.inf</Data>
<Data Name="ClassGuid">{4d36e97d-e325-11ce-bfc1-08002be10318}</Data>
<Data Name="ServiceName">msisadrv</Data>
<Data Name="LowerFilters"></Data>
<Data Name="UpperFilters"></Data>
<Data Name="Problem">0x00000000</Data>
<Data Name="Status">0x00000000</Data>
</EventData>
</Event>

<Event xmlns="http://schemas.microsoft.com/win/2004/08/events/event"><System><Provider Name="Microsoft-Windows-Kernel-PnP" Guid="{9c205a39-1250-487d-abd7-e831c6290539}"></Provider>
<EventID Qualifiers="">400</EventID>
<Version>0</Version>
<Level>4</Level>
<Task>0</Task>
<Opcode>0</Opcode>
<Keywords>0x4000000000000000</Keywords>
<TimeCreated SystemTime="2022-05-07 01:19:34.158077"></TimeCreated>
<EventRecordID>27</EventRecordID>
<Correlation ActivityID="" RelatedActivityID=""></Correlation>
<Execution ProcessID="4" ThreadID="8"></Execution>
<Channel>Microsoft-Windows-Kernel-PnP/Configuration</Channel>
<Computer>WIN-GE1PLB8KFNS</Computer>
<Security UserID="S-1-5-18"></Security>
</System>
<EventData><Data Name="DeviceInstanceId">ACPI\PNP0303\4&amp;1d401fb5&amp;0</Data>
<Data Name="DriverName">keyboard.inf</Data>
<Data Name="ClassGuid">{4d36e96b-e325-11ce-bfc1-08002be10318}</Data>
<Data Name="DriverDate">06/21/2006</Data>
<Data Name="DriverVersion">10.0.22000.652</Data>
<Data Name="DriverProvider">Microsoft</Data>
<Data Name="DriverInbox">True</Data>
<Data Name="DriverSection">STANDARD_Inst</Data>
<Data Name="DriverRank">0x00ff0002</Data>
<Data Name="MatchingDeviceId">*PNP0303</Data>
<Data Name="OutrankedDrivers"></Data>
<Data Name="DeviceUpdated">False</Data>
<Data Name="Status">0x00000000</Data>
<Data Name="ParentDeviceInstanceId">PCI\VEN_8086&amp;DEV_7000&amp;SUBSYS_00000000&amp;REV_00\3&amp;267a616a&amp;0&amp;08</Data>
</EventData>
</Event>

<Event xmlns="http://schemas.microsoft.com/win/2004/08/events/event"><System><Provider Name="Microsoft-Windows-Kernel-PnP" Guid="{9c205a39-1250-487d-abd7-e831c6290539}"></Provider>
<EventID Qualifiers="">400</EventID>
<Version>0</Version>
<Level>4</Level>
<Task>0</Task>
<Opcode>0</Opcode>
<Keywords>0x4000000000000000</Keywords>
<TimeCreated SystemTime="2022-05-07 01:19:34.159632"></TimeCreated>
<EventRecordID>28</EventRecordID>
<Correlation ActivityID="" RelatedActivityID=""></Correlation>
<Execution ProcessID="4" ThreadID="8"></Execution>
<Channel>Microsoft-Windows-Kernel-PnP/Configuration</Channel>
<Computer>WIN-GE1PLB8KFNS</Computer>
<Security UserID="S-1-5-18"></Security>
</System>
<EventData><Data Name="DeviceInstanceId">ACPI\PNP0200\4&amp;1d401fb5&amp;0</Data>
<Data Name="DriverName">machine.inf</Data>
<Data Name="ClassGuid">{4d36e97d-e325-11ce-bfc1-08002be10318}</Data>
<Data Name="DriverDate">06/21/2006</Data>
<Data Name="DriverVersion">10.0.22000.1</Data>
<Data Name="DriverProvider">Microsoft</Data>
<Data Name="DriverInbox">True</Data>
<Data Name="DriverSection">NO_DRV_X</Data>
<Data Name="DriverRank">0x00ff0002</Data>
<Data Name="MatchingDeviceId">*PNP0200</Data>
<Data Name="OutrankedDrivers"></Data>
<Data Name="DeviceUpdated">False</Data>
<Data Name="Status">0x00000000</Data>
<Data Name="ParentDeviceInstanceId">PCI\VEN_8086&amp;DEV_7000&amp;SUBSYS_00000000&amp;REV_00\3&amp;267a616a&amp;0&amp;08</Data>
</EventData>
</Event>

<Event xmlns="http://schemas.microsoft.com/win/2004/08/events/event"><System><Provider Name="Microsoft-Windows-Kernel-PnP" Guid="{9c205a39-1250-487d-abd7-e831c6290539}"></Provider>
<EventID Qualifiers="">400</EventID>
<Version>0</Version>
<Level>4</Level>
<Task>0</Task>
<Opcode>0</Opcode>
<Keywords>0x4000000000000000</Keywords>
<TimeCreated SystemTime="2022-05-07 01:19:34.160944"></TimeCreated>
<EventRecordID>29</EventRecordID>
<Correlation ActivityID="" RelatedActivityID=""></Correlation>
<Execution ProcessID="4" ThreadID="8"></Execution>
<Channel>Microsoft-Windows-Kernel-PnP/Configuration</Channel>
<Computer>WIN-GE1PLB8KFNS</Computer>
<Security UserID="S-1-5-18"></Security>
</System>
<EventData><Data Name="DeviceInstanceId">ACPI\PNP0F03\4&amp;1d401fb5&amp;0</Data>
<Data Name="DriverName">msmouse.inf</Data>
<Data Name="ClassGuid">{4d36e96f-e325-11ce-bfc1-08002be10318}</Data>
<Data Name="DriverDate">06/21/2006</Data>
<Data Name="DriverVersion">10.0.22000.652</Data>
<Data Name="DriverProvider">Microsoft</Data>
<Data Name="DriverInbox">True</Data>
<Data Name="DriverSection">PS2_Inst</Data>
<Data Name="DriverRank">0x00ff0002</Data>
<Data Name="MatchingDeviceId">*PNP0F03</Data>
<Data Name="OutrankedDrivers"></Data>
<Data Name="DeviceUpdated">False</Data>
<Data Name="Status">0x00000000</Data>
<Data Name="ParentDeviceInstanceId">PCI\VEN_8086&amp;DEV_7000&amp;SUBSYS_00000000&amp;REV_00\3&amp;267a616a&amp;0&amp;08</Data>
</EventData>
</Event>

<Event xmlns="http://schemas.microsoft.com/win/2004/08/events/event"><System><Provider Name="Microsoft-Windows-Kernel-PnP" Guid="{9c205a39-1250-487d-abd7-e831c6290539}"></Provider>
<EventID Qualifiers="">400</EventID>
<Version>0</Version>
<Level>4</Level>
<Task>0</Task>
<Opcode>0</Opcode>
<Keywords>0x4000000000000000</Keywords>
<TimeCreated SystemTime="2022-05-07 01:19:34.162474"></TimeCreated>
<EventRecordID>30</EventRecordID>
<Correlation ActivityID="" RelatedActivityID=""></Correlation>
<Execution ProcessID="4" ThreadID="8"></Execution>
<Channel>Microsoft-Windows-Kernel-PnP/Configuration</Channel>
<Computer>WIN-GE1PLB8KFNS</Computer>
<Security UserID="S-1-5-18"></Security>
</System>
<EventData><Data Name="DeviceInstanceId">ACPI\PNP0100\4&amp;1d401fb5&amp;0</Data>
<Data Name="DriverName">machine.inf</Data>
<Data Name="ClassGuid">{4d36e97d-e325-11ce-bfc1-08002be10318}</Data>
<Data Name="DriverDate">06/21/2006</Data>
<Data Name="DriverVersion">10.0.22000.1</Data>
<Data Name="DriverProvider">Microsoft</Data>
<Data Name="DriverInbox">True</Data>
<Data Name="DriverSection">NO_DRV_X</Data>
<Data Name="DriverRank">0x00ff0002</Data>
<Data Name="MatchingDeviceId">*PNP0100</Data>
<Data Name="OutrankedDrivers"></Data>
<Data Name="DeviceUpdated">False</Data>
<Data Name="Status">0x00000000</Data>
<Data Name="ParentDeviceInstanceId">PCI\VEN_8086&amp;DEV_7000&amp;SUBSYS_00000000&amp;REV_00\3&amp;267a616a&amp;0&amp;08</Data>
</EventData>
</Event>

<Event xmlns="http://schemas.microsoft.com/win/2004/08/events/event"><System><Provider Name="Microsoft-Windows-Kernel-PnP" Guid="{9c205a39-1250-487d-abd7-e831c6290539}"></Provider>
<EventID Qualifiers="">400</EventID>
<Version>0</Version>
<Level>4</Level>
<Task>0</Task>
<Opcode>0</Opcode>
<Keywords>0x4000000000000000</Keywords>
<TimeCreated SystemTime="2022-05-07 01:19:34.163713"></TimeCreated>
<EventRecordID>31</EventRecordID>
<Correlation ActivityID="" RelatedActivityID=""></Correlation>
<Execution ProcessID="4" ThreadID="8"></Execution>
<Channel>Microsoft-Windows-Kernel-PnP/Configuration</Channel>
<Computer>WIN-GE1PLB8KFNS</Computer>
<Security UserID="S-1-5-18"></Security>
</System>
<EventData><Data Name="DeviceInstanceId">ACPI\PNP0000\4&amp;1d401fb5&amp;0</Data>
<Data Name="DriverName">machine.inf</Data>
<Data Name="ClassGuid">{4d36e97d-e325-11ce-bfc1-08002be10318}</Data>
<Data Name="DriverDate">06/21/2006</Data>
<Data Name="DriverVersion">10.0.22000.1</Data>
<Data Name="DriverProvider">Microsoft</Data>
<Data Name="DriverInbox">True</Data>
<Data Name="DriverSection">NO_DRV_PIC</Data>
<Data Name="DriverRank">0x00ff0002</Data>
<Data Name="MatchingDeviceId">*PNP0000</Data>
<Data Name="OutrankedDrivers"></Data>
<Data Name="DeviceUpdated">False</Data>
<Data Name="Status">0x00000000</Data>
<Data Name="ParentDeviceInstanceId">PCI\VEN_8086&amp;DEV_7000&amp;SUBSYS_00000000&amp;REV_00\3&amp;267a616a&amp;0&amp;08</Data>
</EventData>
</Event>

<Event xmlns="http://schemas.microsoft.com/win/2004/08/events/event"><System><Provider Name="Microsoft-Windows-Kernel-PnP" Guid="{9c205a39-1250-487d-abd7-e831c6290539}"></Provider>
<EventID Qualifiers="">400</EventID>
<Version>0</Version>
<Level>4</Level>
<Task>0</Task>
<Opcode>0</Opcode>
<Keywords>0x4000000000000000</Keywords>
<TimeCreated SystemTime="2022-05-07 01:19:34.165651"></TimeCreated>
<EventRecordID>32</EventRecordID>
<Correlation ActivityID="" RelatedActivityID=""></Correlation>
<Execution ProcessID="4" ThreadID="148"></Execution>
<Channel>Microsoft-Windows-Kernel-PnP/Configuration</Channel>
<Computer>WIN-GE1PLB8KFNS</Computer>
<Security UserID="S-1-5-18"></Security>
</System>
<EventData><Data Name="DeviceInstanceId">ROOT\vdrvroot\0000</Data>
<Data Name="DriverName">vdrvroot.inf</Data>
<Data Name="ClassGuid">{4d36e97d-e325-11ce-bfc1-08002be10318}</Data>
<Data Name="DriverDate">06/21/2006</Data>
<Data Name="DriverVersion">10.0.22000.1</Data>
<Data Name="DriverProvider">Microsoft</Data>
<Data Name="DriverInbox">True</Data>
<Data Name="DriverSection">VDRVROOT</Data>
<Data Name="DriverRank">0x00ff0000</Data>
<Data Name="MatchingDeviceId">ROOT\vdrvroot</Data>
<Data Name="OutrankedDrivers"></Data>
<Data Name="DeviceUpdated">False</Data>
<Data Name="Status">0x00000000</Data>
<Data Name="ParentDeviceInstanceId">HTREE\ROOT\0</Data>
</EventData>
</Event>

<Event xmlns="http://schemas.microsoft.com/win/2004/08/events/event"><System><Provider Name="Microsoft-Windows-Kernel-PnP" Guid="{9c205a39-1250-487d-abd7-e831c6290539}"></Provider>
<EventID Qualifiers="">410</EventID>
<Version>0</Version>
<Level>4</Level>
<Task>0</Task>
<Opcode>0</Opcode>
<Keywords>0x4000000000000000</Keywords>
<TimeCreated SystemTime="2022-05-07 01:19:34.166590"></TimeCreated>
<EventRecordID>33</EventRecordID>
<Correlation ActivityID="" RelatedActivityID=""></Correlation>
<Execution ProcessID="4" ThreadID="148"></Execution>
<Channel>Microsoft-Windows-Kernel-PnP/Configuration</Channel>
<Computer>WIN-GE1PLB8KFNS</Computer>
<Security UserID="S-1-5-18"></Security>
</System>
<EventData><Data Name="DeviceInstanceId">ROOT\vdrvroot\0000</Data>
<Data Name="DriverName">vdrvroot.inf</Data>
<Data Name="ClassGuid">{4d36e97d-e325-11ce-bfc1-08002be10318}</Data>
<Data Name="ServiceName">vdrvroot</Data>
<Data Name="LowerFilters"></Data>
<Data Name="UpperFilters"></Data>
<Data Name="Problem">0x00000000</Data>
<Data Name="Status">0x00000000</Data>
</EventData>
</Event>

<Event xmlns="http://schemas.microsoft.com/win/2004/08/events/event"><System><Provider Name="Microsoft-Windows-Kernel-PnP" Guid="{9c205a39-1250-487d-abd7-e831c6290539}"></Provider>
<EventID Qualifiers="">400</EventID>
<Version>0</Version>
<Level>4</Level>
<Task>0</Task>
<Opcode>0</Opcode>
<Keywords>0x4000000000000000</Keywords>
<TimeCreated SystemTime="2022-05-07 01:19:34.211866"></TimeCreated>
<EventRecordID>34</EventRecordID>
<Correlation ActivityID="" RelatedActivityID=""></Correlation>
<Execution ProcessID="4" ThreadID="32"></Execution>
<Channel>Microsoft-Windows-Kernel-PnP/Configuration</Channel>
<Computer>WIN-GE1PLB8KFNS</Computer>
<Security UserID="S-1-5-18"></Security>
</System>
<EventData><Data Name="DeviceInstanceId">ROOT\SPACEPORT\0000</Data>
<Data Name="DriverName">spaceport.inf</Data>
<Data Name="ClassGuid">{4d36e97b-e325-11ce-bfc1-08002be10318}</Data>
<Data Name="DriverDate">06/21/2006</Data>
<Data Name="DriverVersion">10.0.22000.652</Data>
<Data Name="DriverProvider">Microsoft</Data>
<Data Name="DriverInbox">True</Data>
<Data Name="DriverSection">Spaceport_Install</Data>
<Data Name="DriverRank">0x00ff0000</Data>
<Data Name="MatchingDeviceId">Root\Spaceport</Data>
<Data Name="OutrankedDrivers"></Data>
<Data Name="DeviceUpdated">False</Data>
<Data Name="Status">0x00000000</Data>
<Data Name="ParentDeviceInstanceId">HTREE\ROOT\0</Data>
</EventData>
</Event>

<Event xmlns="http://schemas.microsoft.com/win/2004/08/events/event"><System><Provider Name="Microsoft-Windows-Kernel-PnP" Guid="{9c205a39-1250-487d-abd7-e831c6290539}"></Provider>
<EventID Qualifiers="">410</EventID>
<Version>0</Version>
<Level>4</Level>
<Task>0</Task>
<Opcode>0</Opcode>
<Keywords>0x4000000000000000</Keywords>
<TimeCreated SystemTime="2022-05-07 01:19:34.212132"></TimeCreated>
<EventRecordID>35</EventRecordID>
<Correlation ActivityID="" RelatedActivityID=""></Correlation>
<Execution ProcessID="4" ThreadID="32"></Execution>
<Channel>Microsoft-Windows-Kernel-PnP/Configuration</Channel>
<Computer>WIN-GE1PLB8KFNS</Computer>
<Security UserID="S-1-5-18"></Security>
</System>
<EventData><Data Name="DeviceInstanceId">ROOT\SPACEPORT\0000</Data>
<Data Name="DriverName">spaceport.inf</Data>
<Data Name="ClassGuid">{4d36e97b-e325-11ce-bfc1-08002be10318}</Data>
<Data Name="ServiceName">spaceport</Data>
<Data Name="LowerFilters"></Data>
<Data Name="UpperFilters"></Data>
<Data Name="Problem">0x00000000</Data>
<Data Name="Status">0x00000000</Data>
</EventData>
</Event>

<Event xmlns="http://schemas.microsoft.com/win/2004/08/events/event"><System><Provider Name="Microsoft-Windows-Kernel-PnP" Guid="{9c205a39-1250-487d-abd7-e831c6290539}"></Provider>
<EventID Qualifiers="">403</EventID>
<Version>0</Version>
<Level>3</Level>
<Task>0</Task>
<Opcode>0</Opcode>
<Keywords>0x4000000000000000</Keywords>
<TimeCreated SystemTime="2022-05-07 01:19:34.213718"></TimeCreated>
<EventRecordID>36</EventRecordID>
<Correlation ActivityID="" RelatedActivityID=""></Correlation>
<Execution ProcessID="4" ThreadID="156"></Execution>
<Channel>Microsoft-Windows-Kernel-PnP/Configuration</Channel>
<Computer>WIN-GE1PLB8KFNS</Computer>
<Security UserID="S-1-5-18"></Security>
</System>
<EventData><Data Name="DeviceInstanceId">ROOT\VOLMGR\0000</Data>
<Data Name="DriverName">volmgr.inf</Data>
<Data Name="ClassGuid">{4d36e97d-e325-11ce-bfc1-08002be10318}</Data>
<Data Name="DriverDate">06/21/2006</Data>
<Data Name="DriverVersion">10.0.22000.593</Data>
<Data Name="DriverProvider">Microsoft</Data>
<Data Name="DriverInbox">True</Data>
<Data Name="DriverSection">Volmgr</Data>
<Data Name="DriverRank">0x00ff0000</Data>
<Data Name="MatchingDeviceId">ROOT\VOLMGR</Data>
<Data Name="OutrankedDrivers"></Data>
<Data Name="DeviceUpdated">False</Data>
<Data Name="Status">0x00000000</Data>
<Data Name="ParentDeviceInstanceId">HTREE\ROOT\0</Data>
</EventData>
</Event>

<Event xmlns="http://schemas.microsoft.com/win/2004/08/events/event"><System><Provider Name="Microsoft-Windows-Kernel-PnP" Guid="{9c205a39-1250-487d-abd7-e831c6290539}"></Provider>
<EventID Qualifiers="">410</EventID>
<Version>0</Version>
<Level>4</Level>
<Task>0</Task>
<Opcode>0</Opcode>
<Keywords>0x4000000000000000</Keywords>
<TimeCreated SystemTime="2022-05-07 01:19:34.213968"></TimeCreated>
<EventRecordID>37</EventRecordID>
<Correlation ActivityID="" RelatedActivityID=""></Correlation>
<Execution ProcessID="4" ThreadID="156"></Execution>
<Channel>Microsoft-Windows-Kernel-PnP/Configuration</Channel>
<Computer>WIN-GE1PLB8KFNS</Computer>
<Security UserID="S-1-5-18"></Security>
</System>
<EventData><Data Name="DeviceInstanceId">ROOT\VOLMGR\0000</Data>
<Data Name="DriverName">volmgr.inf</Data>
<Data Name="ClassGuid">{4d36e97d-e325-11ce-bfc1-08002be10318}</Data>
<Data Name="ServiceName">volmgr</Data>
<Data Name="LowerFilters"></Data>
<Data Name="UpperFilters"></Data>
<Data Name="Problem">0x00000000</Data>
<Data Name="Status">0x00000000</Data>
</EventData>
</Event>

<Event xmlns="http://schemas.microsoft.com/win/2004/08/events/event"><System><Provider Name="Microsoft-Windows-Kernel-PnP" Guid="{9c205a39-1250-487d-abd7-e831c6290539}"></Provider>
<EventID Qualifiers="">410</EventID>
<Version>0</Version>
<Level>4</Level>
<Task>0</Task>
<Opcode>0</Opcode>
<Keywords>0x4000000000000000</Keywords>
<TimeCreated SystemTime="2022-05-07 01:19:34.311632"></TimeCreated>
<EventRecordID>38</EventRecordID>
<Correlation ActivityID="" RelatedActivityID=""></Correlation>
<Execution ProcessID="4" ThreadID="8"></Execution>
<Channel>Microsoft-Windows-Kernel-PnP/Configuration</Channel>
<Computer>WIN-GE1PLB8KFNS</Computer>
<Security UserID="S-1-5-18"></Security>
</System>
<EventData><Data Name="DeviceInstanceId">PCI\VEN_8086&amp;DEV_2829&amp;SUBSYS_00000000&amp;REV_02\3&amp;267a616a&amp;0&amp;68</Data>
<Data Name="DriverName">mshdc.inf</Data>
<Data Name="ClassGuid">{4d36e96a-e325-11ce-bfc1-08002be10318}</Data>
<Data Name="ServiceName">storahci</Data>
<Data Name="LowerFilters"></Data>
<Data Name="UpperFilters"></Data>
<Data Name="Problem">0x00000000</Data>
<Data Name="Status">0x00000000</Data>
</EventData>
</Event>

