<Event xmlns="http://schemas.microsoft.com/win/2004/08/events/event"><System><Provider Name="Microsoft-Windows-AppXDeployment-Server" Guid="{3f471139-acb7-4a01-b7a7-ff5da4ba2d43}"></Provider>
<EventID Qualifiers="">5507</EventID>
<Version>0</Version>
<Level>5</Level>
<Task>0</Task>
<Opcode>0</Opcode>
<Keywords>0x4000000000100000</Keywords>
<TimeCreated SystemTime="2022-05-06 15:24:41.817951"></TimeCreated>
<EventRecordID>1125</EventRecordID>
<Correlation ActivityID="{2f2cff59-615d-0000-6914-2d2f5d61d801}" RelatedActivityID=""></Correlation>
<Execution ProcessID="3320" ThreadID="4616"></Execution>
<Channel>Microsoft-Windows-AppXDeploymentServer/Operational</Channel>
<Computer>Council-HQ</Computer>
<Security UserID="S-1-5-21-2389065719-3342106636-307857974-1001"></Security>
</System>
<EventData><Data Name="PackageName">Microsoft.549981C3F5F10_4.2203.4603.0_x64__8wekyb3d8bbwe</Data>
<Data Name="FilePath">C:\Program Files\WindowsApps\Microsoft.549981C3F5F10_4.2203.4603.0_x64__8wekyb3d8bbwe\microsoft.system.package.metadata\Resources.????????.pri</Data>
<Data Name="Message">No shared merged files found</Data>
</EventData>
</Event>

<Event xmlns="http://schemas.microsoft.com/win/2004/08/events/event"><System><Provider Name="Microsoft-Windows-AppXDeployment-Server" Guid="{3f471139-acb7-4a01-b7a7-ff5da4ba2d43}"></Provider>
<EventID Qualifiers="">813</EventID>
<Version>0</Version>
<Level>5</Level>
<Task>6</Task>
<Opcode>0</Opcode>
<Keywords>0x4000000000000001</Keywords>
<TimeCreated SystemTime="2022-05-06 15:24:41.823179"></TimeCreated>
<EventRecordID>1126</EventRecordID>
<Correlation ActivityID="{2f2cff59-615d-0000-6914-2d2f5d61d801}" RelatedActivityID=""></Correlation>
<Execution ProcessID="3320" ThreadID="4616"></Execution>
<Channel>Microsoft-Windows-AppXDeploymentServer/Operational</Channel>
<Computer>Council-HQ</Computer>
<Security UserID="S-1-5-18"></Security>
</System>
<EventData><Data Name="PackageMoniker">Microsoft.549981C3F5F10_4.2203.4603.0_neutral_~_8wekyb3d8bbwe</Data>
</EventData>
</Event>

<Event xmlns="http://schemas.microsoft.com/win/2004/08/events/event"><System><Provider Name="Microsoft-Windows-AppXDeployment-Server" Guid="{3f471139-acb7-4a01-b7a7-ff5da4ba2d43}"></Provider>
<EventID Qualifiers="">10001</EventID>
<Version>0</Version>
<Level>5</Level>
<Task>4</Task>
<Opcode>0</Opcode>
<Keywords>0x4000000000000001</Keywords>
<TimeCreated SystemTime="2022-05-06 15:24:41.888971"></TimeCreated>
<EventRecordID>1127</EventRecordID>
<Correlation ActivityID="{2f2cff59-615d-0000-6914-2d2f5d61d801}" RelatedActivityID=""></Correlation>
<Execution ProcessID="3320" ThreadID="4616"></Execution>
<Channel>Microsoft-Windows-AppXDeploymentServer/Operational</Channel>
<Computer>Council-HQ</Computer>
<Security UserID="S-1-5-18"></Security>
</System>
<EventData><Data Name="PackageFullName">Microsoft.UI.Xaml.2.7_7.2203.17001.0_x86__8wekyb3d8bbwe</Data>
<Data Name="ErrorCode">0x00000000</Data>
</EventData>
</Event>

<Event xmlns="http://schemas.microsoft.com/win/2004/08/events/event"><System><Provider Name="Microsoft-Windows-AppXDeployment-Server" Guid="{3f471139-acb7-4a01-b7a7-ff5da4ba2d43}"></Provider>
<EventID Qualifiers="">10001</EventID>
<Version>0</Version>
<Level>5</Level>
<Task>4</Task>
<Opcode>0</Opcode>
<Keywords>0x4000000000000001</Keywords>
<TimeCreated SystemTime="2022-05-06 15:24:41.889326"></TimeCreated>
<EventRecordID>1128</EventRecordID>
<Correlation ActivityID="{2f2cff59-615d-0000-6914-2d2f5d61d801}" RelatedActivityID=""></Correlation>
<Execution ProcessID="3320" ThreadID="4616"></Execution>
<Channel>Microsoft-Windows-AppXDeploymentServer/Operational</Channel>
<Computer>Council-HQ</Computer>
<Security UserID="S-1-5-18"></Security>
</System>
<EventData><Data Name="PackageFullName">Microsoft.UI.Xaml.2.7_7.2203.17001.0_x86__8wekyb3d8bbwe</Data>
<Data Name="ErrorCode">0x00000000</Data>
</EventData>
</Event>

<Event xmlns="http://schemas.microsoft.com/win/2004/08/events/event"><System><Provider Name="Microsoft-Windows-AppXDeployment-Server" Guid="{3f471139-acb7-4a01-b7a7-ff5da4ba2d43}"></Provider>
<EventID Qualifiers="">10001</EventID>
<Version>0</Version>
<Level>5</Level>
<Task>4</Task>
<Opcode>0</Opcode>
<Keywords>0x4000000000000001</Keywords>
<TimeCreated SystemTime="2022-05-06 15:24:41.889370"></TimeCreated>
<EventRecordID>1129</EventRecordID>
<Correlation ActivityID="{2f2cff59-615d-0000-6914-2d2f5d61d801}" RelatedActivityID=""></Correlation>
<Execution ProcessID="3320" ThreadID="4616"></Execution>
<Channel>Microsoft-Windows-AppXDeploymentServer/Operational</Channel>
<Computer>Council-HQ</Computer>
<Security UserID="S-1-5-18"></Security>
</System>
<EventData><Data Name="PackageFullName">Microsoft.UI.Xaml.2.7_7.2203.17001.0_x64__8wekyb3d8bbwe</Data>
<Data Name="ErrorCode">0x00000000</Data>
</EventData>
</Event>

<Event xmlns="http://schemas.microsoft.com/win/2004/08/events/event"><System><Provider Name="Microsoft-Windows-AppXDeployment-Server" Guid="{3f471139-acb7-4a01-b7a7-ff5da4ba2d43}"></Provider>
<EventID Qualifiers="">10001</EventID>
<Version>0</Version>
<Level>5</Level>
<Task>4</Task>
<Opcode>0</Opcode>
<Keywords>0x4000000000000001</Keywords>
<TimeCreated SystemTime="2022-05-06 15:24:41.889441"></TimeCreated>
<EventRecordID>1130</EventRecordID>
<Correlation ActivityID="{2f2cff59-615d-0000-6914-2d2f5d61d801}" RelatedActivityID=""></Correlation>
<Execution ProcessID="3320" ThreadID="4616"></Execution>
<Channel>Microsoft-Windows-AppXDeploymentServer/Operational</Channel>
<Computer>Council-HQ</Computer>
<Security UserID="S-1-5-18"></Security>
</System>
<EventData><Data Name="PackageFullName">Microsoft.UI.Xaml.2.7_7.2203.17001.0_x64__8wekyb3d8bbwe</Data>
<Data Name="ErrorCode">0x00000000</Data>
</EventData>
</Event>

<Event xmlns="http://schemas.microsoft.com/win/2004/08/events/event"><System><Provider Name="Microsoft-Windows-AppXDeployment-Server" Guid="{3f471139-acb7-4a01-b7a7-ff5da4ba2d43}"></Provider>
<EventID Qualifiers="">10001</EventID>
<Version>0</Version>
<Level>5</Level>
<Task>4</Task>
<Opcode>0</Opcode>
<Keywords>0x4000000000000001</Keywords>
<TimeCreated SystemTime="2022-05-06 15:24:41.889477"></TimeCreated>
<EventRecordID>1131</EventRecordID>
<Correlation ActivityID="{2f2cff59-615d-0000-6914-2d2f5d61d801}" RelatedActivityID=""></Correlation>
<Execution ProcessID="3320" ThreadID="4616"></Execution>
<Channel>Microsoft-Windows-AppXDeploymentServer/Operational</Channel>
<Computer>Council-HQ</Computer>
<Security UserID="S-1-5-18"></Security>
</System>
<EventData><Data Name="PackageFullName">Microsoft.VCLibs.140.00.UWPDesktop_14.0.30704.0_x86__8wekyb3d8bbwe</Data>
<Data Name="ErrorCode">0x00000000</Data>
</EventData>
</Event>

<Event xmlns="http://schemas.microsoft.com/win/2004/08/events/event"><System><Provider Name="Microsoft-Windows-AppXDeployment-Server" Guid="{3f471139-acb7-4a01-b7a7-ff5da4ba2d43}"></Provider>
<EventID Qualifiers="">10001</EventID>
<Version>0</Version>
<Level>5</Level>
<Task>4</Task>
<Opcode>0</Opcode>
<Keywords>0x4000000000000001</Keywords>
<TimeCreated SystemTime="2022-05-06 15:24:41.889538"></TimeCreated>
<EventRecordID>1132</EventRecordID>
<Correlation ActivityID="{2f2cff59-615d-0000-6914-2d2f5d61d801}" RelatedActivityID=""></Correlation>
<Execution ProcessID="3320" ThreadID="4616"></Execution>
<Channel>Microsoft-Windows-AppXDeploymentServer/Operational</Channel>
<Computer>Council-HQ</Computer>
<Security UserID="S-1-5-18"></Security>
</System>
<EventData><Data Name="PackageFullName">Microsoft.VCLibs.140.00.UWPDesktop_14.0.30704.0_x86__8wekyb3d8bbwe</Data>
<Data Name="ErrorCode">0x00000000</Data>
</EventData>
</Event>

<Event xmlns="http://schemas.microsoft.com/win/2004/08/events/event"><System><Provider Name="Microsoft-Windows-AppXDeployment-Server" Guid="{3f471139-acb7-4a01-b7a7-ff5da4ba2d43}"></Provider>
<EventID Qualifiers="">10001</EventID>
<Version>0</Version>
<Level>5</Level>
<Task>4</Task>
<Opcode>0</Opcode>
<Keywords>0x4000000000000001</Keywords>
<TimeCreated SystemTime="2022-05-06 15:24:41.889570"></TimeCreated>
<EventRecordID>1133</EventRecordID>
<Correlation ActivityID="{2f2cff59-615d-0000-6914-2d2f5d61d801}" RelatedActivityID=""></Correlation>
<Execution ProcessID="3320" ThreadID="4616"></Execution>
<Channel>Microsoft-Windows-AppXDeploymentServer/Operational</Channel>
<Computer>Council-HQ</Computer>
<Security UserID="S-1-5-18"></Security>
</System>
<EventData><Data Name="PackageFullName">Microsoft.VCLibs.140.00.UWPDesktop_14.0.30704.0_x64__8wekyb3d8bbwe</Data>
<Data Name="ErrorCode">0x00000000</Data>
</EventData>
</Event>

<Event xmlns="http://schemas.microsoft.com/win/2004/08/events/event"><System><Provider Name="Microsoft-Windows-AppXDeployment-Server" Guid="{3f471139-acb7-4a01-b7a7-ff5da4ba2d43}"></Provider>
<EventID Qualifiers="">10001</EventID>
<Version>0</Version>
<Level>5</Level>
<Task>4</Task>
<Opcode>0</Opcode>
<Keywords>0x4000000000000001</Keywords>
<TimeCreated SystemTime="2022-05-06 15:24:41.889706"></TimeCreated>
<EventRecordID>1134</EventRecordID>
<Correlation ActivityID="{2f2cff59-615d-0000-6914-2d2f5d61d801}" RelatedActivityID=""></Correlation>
<Execution ProcessID="3320" ThreadID="4616"></Execution>
<Channel>Microsoft-Windows-AppXDeploymentServer/Operational</Channel>
<Computer>Council-HQ</Computer>
<Security UserID="S-1-5-18"></Security>
</System>
<EventData><Data Name="PackageFullName">Microsoft.VCLibs.140.00.UWPDesktop_14.0.30704.0_x64__8wekyb3d8bbwe</Data>
<Data Name="ErrorCode">0x00000000</Data>
</EventData>
</Event>

<Event xmlns="http://schemas.microsoft.com/win/2004/08/events/event"><System><Provider Name="Microsoft-Windows-AppXDeployment-Server" Guid="{3f471139-acb7-4a01-b7a7-ff5da4ba2d43}"></Provider>
<EventID Qualifiers="">10001</EventID>
<Version>0</Version>
<Level>5</Level>
<Task>4</Task>
<Opcode>0</Opcode>
<Keywords>0x4000000000000001</Keywords>
<TimeCreated SystemTime="2022-05-06 15:24:41.889772"></TimeCreated>
<EventRecordID>1135</EventRecordID>
<Correlation ActivityID="{2f2cff59-615d-0000-6914-2d2f5d61d801}" RelatedActivityID=""></Correlation>
<Execution ProcessID="3320" ThreadID="4616"></Execution>
<Channel>Microsoft-Windows-AppXDeploymentServer/Operational</Channel>
<Computer>Council-HQ</Computer>
<Security UserID="S-1-5-18"></Security>
</System>
<EventData><Data Name="PackageFullName">Microsoft.NET.Native.Runtime.2.2_2.2.28604.0_x86__8wekyb3d8bbwe</Data>
<Data Name="ErrorCode">0x00000000</Data>
</EventData>
</Event>

<Event xmlns="http://schemas.microsoft.com/win/2004/08/events/event"><System><Provider Name="Microsoft-Windows-AppXDeployment-Server" Guid="{3f471139-acb7-4a01-b7a7-ff5da4ba2d43}"></Provider>
<EventID Qualifiers="">10001</EventID>
<Version>0</Version>
<Level>5</Level>
<Task>4</Task>
<Opcode>0</Opcode>
<Keywords>0x4000000000000001</Keywords>
<TimeCreated SystemTime="2022-05-06 15:24:41.889847"></TimeCreated>
<EventRecordID>1136</EventRecordID>
<Correlation ActivityID="{2f2cff59-615d-0000-6914-2d2f5d61d801}" RelatedActivityID=""></Correlation>
<Execution ProcessID="3320" ThreadID="4616"></Execution>
<Channel>Microsoft-Windows-AppXDeploymentServer/Operational</Channel>
<Computer>Council-HQ</Computer>
<Security UserID="S-1-5-18"></Security>
</System>
<EventData><Data Name="PackageFullName">Microsoft.NET.Native.Runtime.2.2_2.2.28604.0_x86__8wekyb3d8bbwe</Data>
<Data Name="ErrorCode">0x00000000</Data>
</EventData>
</Event>

<Event xmlns="http://schemas.microsoft.com/win/2004/08/events/event"><System><Provider Name="Microsoft-Windows-AppXDeployment-Server" Guid="{3f471139-acb7-4a01-b7a7-ff5da4ba2d43}"></Provider>
<EventID Qualifiers="">10001</EventID>
<Version>0</Version>
<Level>5</Level>
<Task>4</Task>
<Opcode>0</Opcode>
<Keywords>0x4000000000000001</Keywords>
<TimeCreated SystemTime="2022-05-06 15:24:41.889883"></TimeCreated>
<EventRecordID>1137</EventRecordID>
<Correlation ActivityID="{2f2cff59-615d-0000-6914-2d2f5d61d801}" RelatedActivityID=""></Correlation>
<Execution ProcessID="3320" ThreadID="4616"></Execution>
<Channel>Microsoft-Windows-AppXDeploymentServer/Operational</Channel>
<Computer>Council-HQ</Computer>
<Security UserID="S-1-5-18"></Security>
</System>
<EventData><Data Name="PackageFullName">Microsoft.NET.Native.Runtime.2.2_2.2.28604.0_x64__8wekyb3d8bbwe</Data>
<Data Name="ErrorCode">0x00000000</Data>
</EventData>
</Event>

<Event xmlns="http://schemas.microsoft.com/win/2004/08/events/event"><System><Provider Name="Microsoft-Windows-AppXDeployment-Server" Guid="{3f471139-acb7-4a01-b7a7-ff5da4ba2d43}"></Provider>
<EventID Qualifiers="">10001</EventID>
<Version>0</Version>
<Level>5</Level>
<Task>4</Task>
<Opcode>0</Opcode>
<Keywords>0x4000000000000001</Keywords>
<TimeCreated SystemTime="2022-05-06 15:24:41.889938"></TimeCreated>
<EventRecordID>1138</EventRecordID>
<Correlation ActivityID="{2f2cff59-615d-0000-6914-2d2f5d61d801}" RelatedActivityID=""></Correlation>
<Execution ProcessID="3320" ThreadID="4616"></Execution>
<Channel>Microsoft-Windows-AppXDeploymentServer/Operational</Channel>
<Computer>Council-HQ</Computer>
<Security UserID="S-1-5-18"></Security>
</System>
<EventData><Data Name="PackageFullName">Microsoft.NET.Native.Runtime.2.2_2.2.28604.0_x64__8wekyb3d8bbwe</Data>
<Data Name="ErrorCode">0x00000000</Data>
</EventData>
</Event>

<Event xmlns="http://schemas.microsoft.com/win/2004/08/events/event"><System><Provider Name="Microsoft-Windows-AppXDeployment-Server" Guid="{3f471139-acb7-4a01-b7a7-ff5da4ba2d43}"></Provider>
<EventID Qualifiers="">10001</EventID>
<Version>0</Version>
<Level>5</Level>
<Task>4</Task>
<Opcode>0</Opcode>
<Keywords>0x4000000000000001</Keywords>
<TimeCreated SystemTime="2022-05-06 15:24:41.889971"></TimeCreated>
<EventRecordID>1139</EventRecordID>
<Correlation ActivityID="{2f2cff59-615d-0000-6914-2d2f5d61d801}" RelatedActivityID=""></Correlation>
<Execution ProcessID="3320" ThreadID="4616"></Execution>
<Channel>Microsoft-Windows-AppXDeploymentServer/Operational</Channel>
<Computer>Council-HQ</Computer>
<Security UserID="S-1-5-18"></Security>
</System>
<EventData><Data Name="PackageFullName">Microsoft.NET.Native.Framework.2.2_2.2.29512.0_x86__8wekyb3d8bbwe</Data>
<Data Name="ErrorCode">0x00000000</Data>
</EventData>
</Event>

<Event xmlns="http://schemas.microsoft.com/win/2004/08/events/event"><System><Provider Name="Microsoft-Windows-AppXDeployment-Server" Guid="{3f471139-acb7-4a01-b7a7-ff5da4ba2d43}"></Provider>
<EventID Qualifiers="">10001</EventID>
<Version>0</Version>
<Level>5</Level>
<Task>4</Task>
<Opcode>0</Opcode>
<Keywords>0x4000000000000001</Keywords>
<TimeCreated SystemTime="2022-05-06 15:24:41.890018"></TimeCreated>
<EventRecordID>1140</EventRecordID>
<Correlation ActivityID="{2f2cff59-615d-0000-6914-2d2f5d61d801}" RelatedActivityID=""></Correlation>
<Execution ProcessID="3320" ThreadID="4616"></Execution>
<Channel>Microsoft-Windows-AppXDeploymentServer/Operational</Channel>
<Computer>Council-HQ</Computer>
<Security UserID="S-1-5-18"></Security>
</System>
<EventData><Data Name="PackageFullName">Microsoft.NET.Native.Framework.2.2_2.2.29512.0_x86__8wekyb3d8bbwe</Data>
<Data Name="ErrorCode">0x00000000</Data>
</EventData>
</Event>

<Event xmlns="http://schemas.microsoft.com/win/2004/08/events/event"><System><Provider Name="Microsoft-Windows-AppXDeployment-Server" Guid="{3f471139-acb7-4a01-b7a7-ff5da4ba2d43}"></Provider>
<EventID Qualifiers="">10001</EventID>
<Version>0</Version>
<Level>5</Level>
<Task>4</Task>
<Opcode>0</Opcode>
<Keywords>0x4000000000000001</Keywords>
<TimeCreated SystemTime="2022-05-06 15:24:41.890051"></TimeCreated>
<EventRecordID>1141</EventRecordID>
<Correlation ActivityID="{2f2cff59-615d-0000-6914-2d2f5d61d801}" RelatedActivityID=""></Correlation>
<Execution ProcessID="3320" ThreadID="4616"></Execution>
<Channel>Microsoft-Windows-AppXDeploymentServer/Operational</Channel>
<Computer>Council-HQ</Computer>
<Security UserID="S-1-5-18"></Security>
</System>
<EventData><Data Name="PackageFullName">Microsoft.NET.Native.Framework.2.2_2.2.29512.0_x64__8wekyb3d8bbwe</Data>
<Data Name="ErrorCode">0x00000000</Data>
</EventData>
</Event>

<Event xmlns="http://schemas.microsoft.com/win/2004/08/events/event"><System><Provider Name="Microsoft-Windows-AppXDeployment-Server" Guid="{3f471139-acb7-4a01-b7a7-ff5da4ba2d43}"></Provider>
<EventID Qualifiers="">10001</EventID>
<Version>0</Version>
<Level>5</Level>
<Task>4</Task>
<Opcode>0</Opcode>
<Keywords>0x4000000000000001</Keywords>
<TimeCreated SystemTime="2022-05-06 15:24:41.890112"></TimeCreated>
<EventRecordID>1142</EventRecordID>
<Correlation ActivityID="{2f2cff59-615d-0000-6914-2d2f5d61d801}" RelatedActivityID=""></Correlation>
<Execution ProcessID="3320" ThreadID="4616"></Execution>
<Channel>Microsoft-Windows-AppXDeploymentServer/Operational</Channel>
<Computer>Council-HQ</Computer>
<Security UserID="S-1-5-18"></Security>
</System>
<EventData><Data Name="PackageFullName">Microsoft.NET.Native.Framework.2.2_2.2.29512.0_x64__8wekyb3d8bbwe</Data>
<Data Name="ErrorCode">0x00000000</Data>
</EventData>
</Event>

<Event xmlns="http://schemas.microsoft.com/win/2004/08/events/event"><System><Provider Name="Microsoft-Windows-AppXDeployment-Server" Guid="{3f471139-acb7-4a01-b7a7-ff5da4ba2d43}"></Provider>
<EventID Qualifiers="">10001</EventID>
<Version>0</Version>
<Level>5</Level>
<Task>4</Task>
<Opcode>0</Opcode>
<Keywords>0x4000000000000001</Keywords>
<TimeCreated SystemTime="2022-05-06 15:24:41.890198"></TimeCreated>
<EventRecordID>1143</EventRecordID>
<Correlation ActivityID="{2f2cff59-615d-0000-6914-2d2f5d61d801}" RelatedActivityID=""></Correlation>
<Execution ProcessID="3320" ThreadID="4616"></Execution>
<Channel>Microsoft-Windows-AppXDeploymentServer/Operational</Channel>
<Computer>Council-HQ</Computer>
<Security UserID="S-1-5-18"></Security>
</System>
<EventData><Data Name="PackageFullName">Microsoft.549981C3F5F10_4.2203.4603.0_x64__8wekyb3d8bbwe</Data>
<Data Name="ErrorCode">0x00000000</Data>
</EventData>
</Event>

<Event xmlns="http://schemas.microsoft.com/win/2004/08/events/event"><System><Provider Name="Microsoft-Windows-AppXDeployment-Server" Guid="{3f471139-acb7-4a01-b7a7-ff5da4ba2d43}"></Provider>
<EventID Qualifiers="">10001</EventID>
<Version>0</Version>
<Level>5</Level>
<Task>4</Task>
<Opcode>0</Opcode>
<Keywords>0x4000000000000001</Keywords>
<TimeCreated SystemTime="2022-05-06 15:24:41.890261"></TimeCreated>
<EventRecordID>1144</EventRecordID>
<Correlation ActivityID="{2f2cff59-615d-0000-6914-2d2f5d61d801}" RelatedActivityID=""></Correlation>
<Execution ProcessID="3320" ThreadID="4616"></Execution>
<Channel>Microsoft-Windows-AppXDeploymentServer/Operational</Channel>
<Computer>Council-HQ</Computer>
<Security UserID="S-1-5-18"></Security>
</System>
<EventData><Data Name="PackageFullName">Microsoft.549981C3F5F10_4.2203.4603.0_x64__8wekyb3d8bbwe</Data>
<Data Name="ErrorCode">0x00000000</Data>
</EventData>
</Event>

<Event xmlns="http://schemas.microsoft.com/win/2004/08/events/event"><System><Provider Name="Microsoft-Windows-AppXDeployment-Server" Guid="{3f471139-acb7-4a01-b7a7-ff5da4ba2d43}"></Provider>
<EventID Qualifiers="">10001</EventID>
<Version>0</Version>
<Level>5</Level>
<Task>4</Task>
<Opcode>0</Opcode>
<Keywords>0x4000000000000001</Keywords>
<TimeCreated SystemTime="2022-05-06 15:24:41.890287"></TimeCreated>
<EventRecordID>1145</EventRecordID>
<Correlation ActivityID="{2f2cff59-615d-0000-6914-2d2f5d61d801}" RelatedActivityID=""></Correlation>
<Execution ProcessID="3320" ThreadID="4616"></Execution>
<Channel>Microsoft-Windows-AppXDeploymentServer/Operational</Channel>
<Computer>Council-HQ</Computer>
<Security UserID="S-1-5-18"></Security>
</System>
<EventData><Data Name="PackageFullName">Microsoft.UI.Xaml.2.7_7.2203.17001.0_x86__8wekyb3d8bbwe</Data>
<Data Name="ErrorCode">0x00000000</Data>
</EventData>
</Event>

<Event xmlns="http://schemas.microsoft.com/win/2004/08/events/event"><System><Provider Name="Microsoft-Windows-AppXDeployment-Server" Guid="{3f471139-acb7-4a01-b7a7-ff5da4ba2d43}"></Provider>
<EventID Qualifiers="">10001</EventID>
<Version>0</Version>
<Level>5</Level>
<Task>4</Task>
<Opcode>0</Opcode>
<Keywords>0x4000000000000001</Keywords>
<TimeCreated SystemTime="2022-05-06 15:24:41.890316"></TimeCreated>
<EventRecordID>1146</EventRecordID>
<Correlation ActivityID="{2f2cff59-615d-0000-6914-2d2f5d61d801}" RelatedActivityID=""></Correlation>
<Execution ProcessID="3320" ThreadID="4616"></Execution>
<Channel>Microsoft-Windows-AppXDeploymentServer/Operational</Channel>
<Computer>Council-HQ</Computer>
<Security UserID="S-1-5-18"></Security>
</System>
<EventData><Data Name="PackageFullName">Microsoft.UI.Xaml.2.7_7.2203.17001.0_x86__8wekyb3d8bbwe</Data>
<Data Name="ErrorCode">0x00000000</Data>
</EventData>
</Event>

<Event xmlns="http://schemas.microsoft.com/win/2004/08/events/event"><System><Provider Name="Microsoft-Windows-AppXDeployment-Server" Guid="{3f471139-acb7-4a01-b7a7-ff5da4ba2d43}"></Provider>
<EventID Qualifiers="">10001</EventID>
<Version>0</Version>
<Level>5</Level>
<Task>4</Task>
<Opcode>0</Opcode>
<Keywords>0x4000000000000001</Keywords>
<TimeCreated SystemTime="2022-05-06 15:24:41.890343"></TimeCreated>
<EventRecordID>1147</EventRecordID>
<Correlation ActivityID="{2f2cff59-615d-0000-6914-2d2f5d61d801}" RelatedActivityID=""></Correlation>
<Execution ProcessID="3320" ThreadID="4616"></Execution>
<Channel>Microsoft-Windows-AppXDeploymentServer/Operational</Channel>
<Computer>Council-HQ</Computer>
<Security UserID="S-1-5-18"></Security>
</System>
<EventData><Data Name="PackageFullName">Microsoft.UI.Xaml.2.7_7.2203.17001.0_x64__8wekyb3d8bbwe</Data>
<Data Name="ErrorCode">0x00000000</Data>
</EventData>
</Event>

<Event xmlns="http://schemas.microsoft.com/win/2004/08/events/event"><System><Provider Name="Microsoft-Windows-AppXDeployment-Server" Guid="{3f471139-acb7-4a01-b7a7-ff5da4ba2d43}"></Provider>
<EventID Qualifiers="">10001</EventID>
<Version>0</Version>
<Level>5</Level>
<Task>4</Task>
<Opcode>0</Opcode>
<Keywords>0x4000000000000001</Keywords>
<TimeCreated SystemTime="2022-05-06 15:24:41.890356"></TimeCreated>
<EventRecordID>1148</EventRecordID>
<Correlation ActivityID="{2f2cff59-615d-0000-6914-2d2f5d61d801}" RelatedActivityID=""></Correlation>
<Execution ProcessID="3320" ThreadID="4616"></Execution>
<Channel>Microsoft-Windows-AppXDeploymentServer/Operational</Channel>
<Computer>Council-HQ</Computer>
<Security UserID="S-1-5-18"></Security>
</System>
<EventData><Data Name="PackageFullName">Microsoft.UI.Xaml.2.7_7.2203.17001.0_x64__8wekyb3d8bbwe</Data>
<Data Name="ErrorCode">0x00000000</Data>
</EventData>
</Event>

<Event xmlns="http://schemas.microsoft.com/win/2004/08/events/event"><System><Provider Name="Microsoft-Windows-AppXDeployment-Server" Guid="{3f471139-acb7-4a01-b7a7-ff5da4ba2d43}"></Provider>
<EventID Qualifiers="">10001</EventID>
<Version>0</Version>
<Level>5</Level>
<Task>4</Task>
<Opcode>0</Opcode>
<Keywords>0x4000000000000001</Keywords>
<TimeCreated SystemTime="2022-05-06 15:24:41.890381"></TimeCreated>
<EventRecordID>1149</EventRecordID>
<Correlation ActivityID="{2f2cff59-615d-0000-6914-2d2f5d61d801}" RelatedActivityID=""></Correlation>
<Execution ProcessID="3320" ThreadID="4616"></Execution>
<Channel>Microsoft-Windows-AppXDeploymentServer/Operational</Channel>
<Computer>Council-HQ</Computer>
<Security UserID="S-1-5-18"></Security>
</System>
<EventData><Data Name="PackageFullName">Microsoft.VCLibs.140.00.UWPDesktop_14.0.30704.0_x86__8wekyb3d8bbwe</Data>
<Data Name="ErrorCode">0x00000000</Data>
</EventData>
</Event>

<Event xmlns="http://schemas.microsoft.com/win/2004/08/events/event"><System><Provider Name="Microsoft-Windows-AppXDeployment-Server" Guid="{3f471139-acb7-4a01-b7a7-ff5da4ba2d43}"></Provider>
<EventID Qualifiers="">10001</EventID>
<Version>0</Version>
<Level>5</Level>
<Task>4</Task>
<Opcode>0</Opcode>
<Keywords>0x4000000000000001</Keywords>
<TimeCreated SystemTime="2022-05-06 15:24:41.890396"></TimeCreated>
<EventRecordID>1150</EventRecordID>
<Correlation ActivityID="{2f2cff59-615d-0000-6914-2d2f5d61d801}" RelatedActivityID=""></Correlation>
<Execution ProcessID="3320" ThreadID="4616"></Execution>
<Channel>Microsoft-Windows-AppXDeploymentServer/Operational</Channel>
<Computer>Council-HQ</Computer>
<Security UserID="S-1-5-18"></Security>
</System>
<EventData><Data Name="PackageFullName">Microsoft.VCLibs.140.00.UWPDesktop_14.0.30704.0_x86__8wekyb3d8bbwe</Data>
<Data Name="ErrorCode">0x00000000</Data>
</EventData>
</Event>

<Event xmlns="http://schemas.microsoft.com/win/2004/08/events/event"><System><Provider Name="Microsoft-Windows-AppXDeployment-Server" Guid="{3f471139-acb7-4a01-b7a7-ff5da4ba2d43}"></Provider>
<EventID Qualifiers="">10001</EventID>
<Version>0</Version>
<Level>5</Level>
<Task>4</Task>
<Opcode>0</Opcode>
<Keywords>0x4000000000000001</Keywords>
<TimeCreated SystemTime="2022-05-06 15:24:41.890429"></TimeCreated>
<EventRecordID>1151</EventRecordID>
<Correlation ActivityID="{2f2cff59-615d-0000-6914-2d2f5d61d801}" RelatedActivityID=""></Correlation>
<Execution ProcessID="3320" ThreadID="4616"></Execution>
<Channel>Microsoft-Windows-AppXDeploymentServer/Operational</Channel>
<Computer>Council-HQ</Computer>
<Security UserID="S-1-5-18"></Security>
</System>
<EventData><Data Name="PackageFullName">Microsoft.VCLibs.140.00.UWPDesktop_14.0.30704.0_x64__8wekyb3d8bbwe</Data>
<Data Name="ErrorCode">0x00000000</Data>
</EventData>
</Event>

<Event xmlns="http://schemas.microsoft.com/win/2004/08/events/event"><System><Provider Name="Microsoft-Windows-AppXDeployment-Server" Guid="{3f471139-acb7-4a01-b7a7-ff5da4ba2d43}"></Provider>
<EventID Qualifiers="">10001</EventID>
<Version>0</Version>
<Level>5</Level>
<Task>4</Task>
<Opcode>0</Opcode>
<Keywords>0x4000000000000001</Keywords>
<TimeCreated SystemTime="2022-05-06 15:24:41.890444"></TimeCreated>
<EventRecordID>1152</EventRecordID>
<Correlation ActivityID="{2f2cff59-615d-0000-6914-2d2f5d61d801}" RelatedActivityID=""></Correlation>
<Execution ProcessID="3320" ThreadID="4616"></Execution>
<Channel>Microsoft-Windows-AppXDeploymentServer/Operational</Channel>
<Computer>Council-HQ</Computer>
<Security UserID="S-1-5-18"></Security>
</System>
<EventData><Data Name="PackageFullName">Microsoft.VCLibs.140.00.UWPDesktop_14.0.30704.0_x64__8wekyb3d8bbwe</Data>
<Data Name="ErrorCode">0x00000000</Data>
</EventData>
</Event>

<Event xmlns="http://schemas.microsoft.com/win/2004/08/events/event"><System><Provider Name="Microsoft-Windows-AppXDeployment-Server" Guid="{3f471139-acb7-4a01-b7a7-ff5da4ba2d43}"></Provider>
<EventID Qualifiers="">10001</EventID>
<Version>0</Version>
<Level>5</Level>
<Task>4</Task>
<Opcode>0</Opcode>
<Keywords>0x4000000000000001</Keywords>
<TimeCreated SystemTime="2022-05-06 15:24:41.890471"></TimeCreated>
<EventRecordID>1153</EventRecordID>
<Correlation ActivityID="{2f2cff59-615d-0000-6914-2d2f5d61d801}" RelatedActivityID=""></Correlation>
<Execution ProcessID="3320" ThreadID="4616"></Execution>
<Channel>Microsoft-Windows-AppXDeploymentServer/Operational</Channel>
<Computer>Council-HQ</Computer>
<Security UserID="S-1-5-18"></Security>
</System>
<EventData><Data Name="PackageFullName">Microsoft.NET.Native.Runtime.2.2_2.2.28604.0_x86__8wekyb3d8bbwe</Data>
<Data Name="ErrorCode">0x00000000</Data>
</EventData>
</Event>

<Event xmlns="http://schemas.microsoft.com/win/2004/08/events/event"><System><Provider Name="Microsoft-Windows-AppXDeployment-Server" Guid="{3f471139-acb7-4a01-b7a7-ff5da4ba2d43}"></Provider>
<EventID Qualifiers="">10001</EventID>
<Version>0</Version>
<Level>5</Level>
<Task>4</Task>
<Opcode>0</Opcode>
<Keywords>0x4000000000000001</Keywords>
<TimeCreated SystemTime="2022-05-06 15:24:41.890484"></TimeCreated>
<EventRecordID>1154</EventRecordID>
<Correlation ActivityID="{2f2cff59-615d-0000-6914-2d2f5d61d801}" RelatedActivityID=""></Correlation>
<Execution ProcessID="3320" ThreadID="4616"></Execution>
<Channel>Microsoft-Windows-AppXDeploymentServer/Operational</Channel>
<Computer>Council-HQ</Computer>
<Security UserID="S-1-5-18"></Security>
</System>
<EventData><Data Name="PackageFullName">Microsoft.NET.Native.Runtime.2.2_2.2.28604.0_x86__8wekyb3d8bbwe</Data>
<Data Name="ErrorCode">0x00000000</Data>
</EventData>
</Event>

<Event xmlns="http://schemas.microsoft.com/win/2004/08/events/event"><System><Provider Name="Microsoft-Windows-AppXDeployment-Server" Guid="{3f471139-acb7-4a01-b7a7-ff5da4ba2d43}"></Provider>
<EventID Qualifiers="">10001</EventID>
<Version>0</Version>
<Level>5</Level>
<Task>4</Task>
<Opcode>0</Opcode>
<Keywords>0x4000000000000001</Keywords>
<TimeCreated SystemTime="2022-05-06 15:24:41.890509"></TimeCreated>
<EventRecordID>1155</EventRecordID>
<Correlation ActivityID="{2f2cff59-615d-0000-6914-2d2f5d61d801}" RelatedActivityID=""></Correlation>
<Execution ProcessID="3320" ThreadID="4616"></Execution>
<Channel>Microsoft-Windows-AppXDeploymentServer/Operational</Channel>
<Computer>Council-HQ</Computer>
<Security UserID="S-1-5-18"></Security>
</System>
<EventData><Data Name="PackageFullName">Microsoft.NET.Native.Runtime.2.2_2.2.28604.0_x64__8wekyb3d8bbwe</Data>
<Data Name="ErrorCode">0x00000000</Data>
</EventData>
</Event>

<Event xmlns="http://schemas.microsoft.com/win/2004/08/events/event"><System><Provider Name="Microsoft-Windows-AppXDeployment-Server" Guid="{3f471139-acb7-4a01-b7a7-ff5da4ba2d43}"></Provider>
<EventID Qualifiers="">10001</EventID>
<Version>0</Version>
<Level>5</Level>
<Task>4</Task>
<Opcode>0</Opcode>
<Keywords>0x4000000000000001</Keywords>
<TimeCreated SystemTime="2022-05-06 15:24:41.890522"></TimeCreated>
<EventRecordID>1156</EventRecordID>
<Correlation ActivityID="{2f2cff59-615d-0000-6914-2d2f5d61d801}" RelatedActivityID=""></Correlation>
<Execution ProcessID="3320" ThreadID="4616"></Execution>
<Channel>Microsoft-Windows-AppXDeploymentServer/Operational</Channel>
<Computer>Council-HQ</Computer>
<Security UserID="S-1-5-18"></Security>
</System>
<EventData><Data Name="PackageFullName">Microsoft.NET.Native.Runtime.2.2_2.2.28604.0_x64__8wekyb3d8bbwe</Data>
<Data Name="ErrorCode">0x00000000</Data>
</EventData>
</Event>

<Event xmlns="http://schemas.microsoft.com/win/2004/08/events/event"><System><Provider Name="Microsoft-Windows-AppXDeployment-Server" Guid="{3f471139-acb7-4a01-b7a7-ff5da4ba2d43}"></Provider>
<EventID Qualifiers="">10001</EventID>
<Version>0</Version>
<Level>5</Level>
<Task>4</Task>
<Opcode>0</Opcode>
<Keywords>0x4000000000000001</Keywords>
<TimeCreated SystemTime="2022-05-06 15:24:41.890545"></TimeCreated>
<EventRecordID>1157</EventRecordID>
<Correlation ActivityID="{2f2cff59-615d-0000-6914-2d2f5d61d801}" RelatedActivityID=""></Correlation>
<Execution ProcessID="3320" ThreadID="4616"></Execution>
<Channel>Microsoft-Windows-AppXDeploymentServer/Operational</Channel>
<Computer>Council-HQ</Computer>
<Security UserID="S-1-5-18"></Security>
</System>
<EventData><Data Name="PackageFullName">Microsoft.NET.Native.Framework.2.2_2.2.29512.0_x86__8wekyb3d8bbwe</Data>
<Data Name="ErrorCode">0x00000000</Data>
</EventData>
</Event>

<Event xmlns="http://schemas.microsoft.com/win/2004/08/events/event"><System><Provider Name="Microsoft-Windows-AppXDeployment-Server" Guid="{3f471139-acb7-4a01-b7a7-ff5da4ba2d43}"></Provider>
<EventID Qualifiers="">10001</EventID>
<Version>0</Version>
<Level>5</Level>
<Task>4</Task>
<Opcode>0</Opcode>
<Keywords>0x4000000000000001</Keywords>
<TimeCreated SystemTime="2022-05-06 15:24:41.890558"></TimeCreated>
<EventRecordID>1158</EventRecordID>
<Correlation ActivityID="{2f2cff59-615d-0000-6914-2d2f5d61d801}" RelatedActivityID=""></Correlation>
<Execution ProcessID="3320" ThreadID="4616"></Execution>
<Channel>Microsoft-Windows-AppXDeploymentServer/Operational</Channel>
<Computer>Council-HQ</Computer>
<Security UserID="S-1-5-18"></Security>
</System>
<EventData><Data Name="PackageFullName">Microsoft.NET.Native.Framework.2.2_2.2.29512.0_x86__8wekyb3d8bbwe</Data>
<Data Name="ErrorCode">0x00000000</Data>
</EventData>
</Event>

<Event xmlns="http://schemas.microsoft.com/win/2004/08/events/event"><System><Provider Name="Microsoft-Windows-AppXDeployment-Server" Guid="{3f471139-acb7-4a01-b7a7-ff5da4ba2d43}"></Provider>
<EventID Qualifiers="">10001</EventID>
<Version>0</Version>
<Level>5</Level>
<Task>4</Task>
<Opcode>0</Opcode>
<Keywords>0x4000000000000001</Keywords>
<TimeCreated SystemTime="2022-05-06 15:24:41.890581"></TimeCreated>
<EventRecordID>1159</EventRecordID>
<Correlation ActivityID="{2f2cff59-615d-0000-6914-2d2f5d61d801}" RelatedActivityID=""></Correlation>
<Execution ProcessID="3320" ThreadID="4616"></Execution>
<Channel>Microsoft-Windows-AppXDeploymentServer/Operational</Channel>
<Computer>Council-HQ</Computer>
<Security UserID="S-1-5-18"></Security>
</System>
<EventData><Data Name="PackageFullName">Microsoft.NET.Native.Framework.2.2_2.2.29512.0_x64__8wekyb3d8bbwe</Data>
<Data Name="ErrorCode">0x00000000</Data>
</EventData>
</Event>

<Event xmlns="http://schemas.microsoft.com/win/2004/08/events/event"><System><Provider Name="Microsoft-Windows-AppXDeployment-Server" Guid="{3f471139-acb7-4a01-b7a7-ff5da4ba2d43}"></Provider>
<EventID Qualifiers="">10001</EventID>
<Version>0</Version>
<Level>5</Level>
<Task>4</Task>
<Opcode>0</Opcode>
<Keywords>0x4000000000000001</Keywords>
<TimeCreated SystemTime="2022-05-06 15:24:41.890594"></TimeCreated>
<EventRecordID>1160</EventRecordID>
<Correlation ActivityID="{2f2cff59-615d-0000-6914-2d2f5d61d801}" RelatedActivityID=""></Correlation>
<Execution ProcessID="3320" ThreadID="4616"></Execution>
<Channel>Microsoft-Windows-AppXDeploymentServer/Operational</Channel>
<Computer>Council-HQ</Computer>
<Security UserID="S-1-5-18"></Security>
</System>
<EventData><Data Name="PackageFullName">Microsoft.NET.Native.Framework.2.2_2.2.29512.0_x64__8wekyb3d8bbwe</Data>
<Data Name="ErrorCode">0x00000000</Data>
</EventData>
</Event>

<Event xmlns="http://schemas.microsoft.com/win/2004/08/events/event"><System><Provider Name="Microsoft-Windows-AppXDeployment-Server" Guid="{3f471139-acb7-4a01-b7a7-ff5da4ba2d43}"></Provider>
<EventID Qualifiers="">10001</EventID>
<Version>0</Version>
<Level>5</Level>
<Task>4</Task>
<Opcode>0</Opcode>
<Keywords>0x4000000000000001</Keywords>
<TimeCreated SystemTime="2022-05-06 15:24:41.890640"></TimeCreated>
<EventRecordID>1161</EventRecordID>
<Correlation ActivityID="{2f2cff59-615d-0000-6914-2d2f5d61d801}" RelatedActivityID=""></Correlation>
<Execution ProcessID="3320" ThreadID="4616"></Execution>
<Channel>Microsoft-Windows-AppXDeploymentServer/Operational</Channel>
<Computer>Council-HQ</Computer>
<Security UserID="S-1-5-18"></Security>
</System>
<EventData><Data Name="PackageFullName">Microsoft.549981C3F5F10_4.2203.4603.0_x64__8wekyb3d8bbwe</Data>
<Data Name="ErrorCode">0x00000000</Data>
</EventData>
</Event>

<Event xmlns="http://schemas.microsoft.com/win/2004/08/events/event"><System><Provider Name="Microsoft-Windows-AppXDeployment-Server" Guid="{3f471139-acb7-4a01-b7a7-ff5da4ba2d43}"></Provider>
<EventID Qualifiers="">10001</EventID>
<Version>0</Version>
<Level>5</Level>
<Task>4</Task>
<Opcode>0</Opcode>
<Keywords>0x4000000000000001</Keywords>
<TimeCreated SystemTime="2022-05-06 15:24:41.890657"></TimeCreated>
<EventRecordID>1162</EventRecordID>
<Correlation ActivityID="{2f2cff59-615d-0000-6914-2d2f5d61d801}" RelatedActivityID=""></Correlation>
<Execution ProcessID="3320" ThreadID="4616"></Execution>
<Channel>Microsoft-Windows-AppXDeploymentServer/Operational</Channel>
<Computer>Council-HQ</Computer>
<Security UserID="S-1-5-18"></Security>
</System>
<EventData><Data Name="PackageFullName">Microsoft.549981C3F5F10_4.2203.4603.0_x64__8wekyb3d8bbwe</Data>
<Data Name="ErrorCode">0x00000000</Data>
</EventData>
</Event>

<Event xmlns="http://schemas.microsoft.com/win/2004/08/events/event"><System><Provider Name="Microsoft-Windows-AppXDeployment-Server" Guid="{3f471139-acb7-4a01-b7a7-ff5da4ba2d43}"></Provider>
<EventID Qualifiers="">10001</EventID>
<Version>0</Version>
<Level>5</Level>
<Task>4</Task>
<Opcode>0</Opcode>
<Keywords>0x4000000000000001</Keywords>
<TimeCreated SystemTime="2022-05-06 15:24:41.890680"></TimeCreated>
<EventRecordID>1163</EventRecordID>
<Correlation ActivityID="{2f2cff59-615d-0000-6914-2d2f5d61d801}" RelatedActivityID=""></Correlation>
<Execution ProcessID="3320" ThreadID="4616"></Execution>
<Channel>Microsoft-Windows-AppXDeploymentServer/Operational</Channel>
<Computer>Council-HQ</Computer>
<Security UserID="S-1-5-18"></Security>
</System>
<EventData><Data Name="PackageFullName">Microsoft.549981C3F5F10_4.2203.4603.0_neutral_~_8wekyb3d8bbwe</Data>
<Data Name="ErrorCode">0x00000000</Data>
</EventData>
</Event>

<Event xmlns="http://schemas.microsoft.com/win/2004/08/events/event"><System><Provider Name="Microsoft-Windows-AppXDeployment-Server" Guid="{3f471139-acb7-4a01-b7a7-ff5da4ba2d43}"></Provider>
<EventID Qualifiers="">10001</EventID>
<Version>0</Version>
<Level>5</Level>
<Task>4</Task>
<Opcode>0</Opcode>
<Keywords>0x4000000000000001</Keywords>
<TimeCreated SystemTime="2022-05-06 15:24:41.890697"></TimeCreated>
<EventRecordID>1164</EventRecordID>
<Correlation ActivityID="{2f2cff59-615d-0000-6914-2d2f5d61d801}" RelatedActivityID=""></Correlation>
<Execution ProcessID="3320" ThreadID="4616"></Execution>
<Channel>Microsoft-Windows-AppXDeploymentServer/Operational</Channel>
<Computer>Council-HQ</Computer>
<Security UserID="S-1-5-18"></Security>
</System>
<EventData><Data Name="PackageFullName">Microsoft.549981C3F5F10_4.2203.4603.0_neutral_~_8wekyb3d8bbwe</Data>
<Data Name="ErrorCode">0x00000000</Data>
</EventData>
</Event>

<Event xmlns="http://schemas.microsoft.com/win/2004/08/events/event"><System><Provider Name="Microsoft-Windows-AppXDeployment-Server" Guid="{3f471139-acb7-4a01-b7a7-ff5da4ba2d43}"></Provider>
<EventID Qualifiers="">400</EventID>
<Version>0</Version>
<Level>4</Level>
<Task>3</Task>
<Opcode>2</Opcode>
<Keywords>0x4000000000000001</Keywords>
<TimeCreated SystemTime="2022-05-06 15:24:41.907843"></TimeCreated>
<EventRecordID>1165</EventRecordID>
<Correlation ActivityID="{2f2cff59-615d-0000-6914-2d2f5d61d801}" RelatedActivityID=""></Correlation>
<Execution ProcessID="3320" ThreadID="4616"></Execution>
<Channel>Microsoft-Windows-AppXDeploymentServer/Operational</Channel>
<Computer>Council-HQ</Computer>
<Security UserID="S-1-5-21-2389065719-3342106636-307857974-1001"></Security>
</System>
<EventData><Data Name="DeploymentOperation">6</Data>
<Data Name="PackageFullName">Microsoft.549981C3F5F10_4.2203.4603.0_neutral_~_8wekyb3d8bbwe</Data>
<Data Name="Path"> (AppxBundleManifest.xml) </Data>
<Data Name="MountPoint">C:</Data>
<Data Name="TargetPlatform">0x00000003</Data>
<Data Name="SystemVolume">True</Data>
<Data Name="StorageId">\\?\Volume{bf27b24f-9e98-4395-9110-325985ded282}</Data>
<Data Name="IsCentennial">False</Data>
<Data Name="PackageType">0x00000008</Data>
<Data Name="IsPackageEncrypted">False</Data>
<Data Name="DeploymentOptions">0x0004000092040240</Data>
<Data Name="IsStreamingPackage">False</Data>
<Data Name="IsInRelatedSet">False</Data>
<Data Name="IsPackageUsingBDC">False</Data>
<Data Name="MainPackageFamilyName">NULL</Data>
<Data Name="CallingProcess">svchost.exe,AppReadiness</Data>
<Data Name="IsOptional">False</Data>
<Data Name="PackageFlags">0x00000400</Data>
<Data Name="PackageFlags2">0x00000800</Data>
<Data Name="HasWin32alacarte">False</Data>
<Data Name="HasFullTrust">False</Data>
<Data Name="ExternalLocation"></Data>
<Data Name="PackageSourceUri"></Data>
<Data Name="PackageDisplayName"> </Data>
</EventData>
</Event>

<Event xmlns="http://schemas.microsoft.com/win/2004/08/events/event"><System><Provider Name="Microsoft-Windows-AppXDeployment-Server" Guid="{3f471139-acb7-4a01-b7a7-ff5da4ba2d43}"></Provider>
<EventID Qualifiers="">478</EventID>
<Version>0</Version>
<Level>5</Level>
<Task>3</Task>
<Opcode>0</Opcode>
<Keywords>0x4000000000000001</Keywords>
<TimeCreated SystemTime="2022-05-06 15:24:41.909744"></TimeCreated>
<EventRecordID>1166</EventRecordID>
<Correlation ActivityID="{2f2cff59-615d-0000-6914-2d2f5d61d801}" RelatedActivityID=""></Correlation>
<Execution ProcessID="3320" ThreadID="4616"></Execution>
<Channel>Microsoft-Windows-AppXDeploymentServer/Operational</Channel>
<Computer>Council-HQ</Computer>
<Security UserID="S-1-5-21-2389065719-3342106636-307857974-1001"></Security>
</System>
<EventData><Data Name="DeploymentOperation">6</Data>
<Data Name="PackageFullName">Microsoft.549981C3F5F10_4.2203.4603.0_x64__8wekyb3d8bbwe</Data>
<Data Name="Path"> (AppxBundleManifest.xml) </Data>
<Data Name="MountPoint">C:</Data>
<Data Name="TargetPlatform">0x00000003</Data>
<Data Name="SystemVolume">True</Data>
<Data Name="StorageId">\\?\Volume{bf27b24f-9e98-4395-9110-325985ded282}</Data>
<Data Name="IsCentennial">True</Data>
<Data Name="PackageType">0x00000001</Data>
<Data Name="IsPackageEncrypted">False</Data>
<Data Name="DeploymentOptions">0x0004000092040240</Data>
<Data Name="IsStreamingPackage">False</Data>
<Data Name="IsInRelatedSet">False</Data>
<Data Name="IsPackageUsingBDC">False</Data>
<Data Name="MainPackageFamilyName">NULL</Data>
<Data Name="CallingProcess">svchost.exe,AppReadiness</Data>
<Data Name="IsOptional">False</Data>
<Data Name="PackageFlags">0x0080804c</Data>
<Data Name="PackageFlags2">0x00000800</Data>
<Data Name="HasWin32alacarte">False</Data>
<Data Name="HasFullTrust">True</Data>
<Data Name="ExternalLocation"></Data>
<Data Name="PackageSourceUri"></Data>
<Data Name="PackageDisplayName">Cortana</Data>
</EventData>
</Event>

<Event xmlns="http://schemas.microsoft.com/win/2004/08/events/event"><System><Provider Name="Microsoft-Windows-AppXDeployment-Server" Guid="{3f471139-acb7-4a01-b7a7-ff5da4ba2d43}"></Provider>
<EventID Qualifiers="">613</EventID>
<Version>0</Version>
<Level>4</Level>
<Task>3</Task>
<Opcode>0</Opcode>
<Keywords>0x4000000000000001</Keywords>
<TimeCreated SystemTime="2022-05-06 15:24:41.940592"></TimeCreated>
<EventRecordID>1167</EventRecordID>
<Correlation ActivityID="{2f2cff59-615d-0000-6914-2d2f5d61d801}" RelatedActivityID=""></Correlation>
<Execution ProcessID="3320" ThreadID="4616"></Execution>
<Channel>Microsoft-Windows-AppXDeploymentServer/Operational</Channel>
<Computer>Council-HQ</Computer>
<Security UserID="S-1-5-21-2389065719-3342106636-307857974-1001"></Security>
</System>
<EventData><Data Name="DeploymentOperation">6</Data>
<Data Name="PackageFullName">Microsoft.549981C3F5F10_4.2203.4603.0_neutral_~_8wekyb3d8bbwe</Data>
<Data Name="Summary">
Overall time: 657 ms
Enqueue cost: 16 ms
Dequeue delay: 0 ms
Bundle processing cost: 16 ms
Indexing cost: 47 ms
Resolve dependency cost: 78 ms
Check approval cost: 0 ms
Evaluation cost: 0 ms
Hardlinking evaluation cost: 0 ms
Stage required cost: 15 ms
Flushing and closing files cost: 0 ms
Machine register cost: 0 ms
Stage user data cost: 0 ms
Gap: 125 ms
Registration cost: 235 ms
Repository commit transaction cost: 62 ms
Gap: 31 ms
Data flush cost: 0 ms
Post DeStage repository commit transaction cost: 16 ms
Remaining cost: 16 ms
</Data>
</EventData>
</Event>

<Event xmlns="http://schemas.microsoft.com/win/2004/08/events/event"><System><Provider Name="Microsoft-Windows-AppXDeployment-Server" Guid="{3f471139-acb7-4a01-b7a7-ff5da4ba2d43}"></Provider>
<EventID Qualifiers="">821</EventID>
<Version>0</Version>
<Level>5</Level>
<Task>6</Task>
<Opcode>0</Opcode>
<Keywords>0x4000000000000001</Keywords>
<TimeCreated SystemTime="2022-05-06 15:24:41.944187"></TimeCreated>
<EventRecordID>1168</EventRecordID>
<Correlation ActivityID="{2f2cff59-615d-0002-b80c-2d2f5d61d801}" RelatedActivityID=""></Correlation>
<Execution ProcessID="2324" ThreadID="4128"></Execution>
<Channel>Microsoft-Windows-AppXDeploymentServer/Operational</Channel>
<Computer>Council-HQ</Computer>
<Security UserID="S-1-5-18"></Security>
</System>
<EventData><Data Name="UserSid">S-1-5-21-2389065719-3342106636-307857974-1001</Data>
<Data Name="MainPackageFullName">Microsoft.549981C3F5F10_4.2203.4603.0_neutral_~_8wekyb3d8bbwe</Data>
<Data Name="ErrorCode">0x00000000</Data>
</EventData>
</Event>

<Event xmlns="http://schemas.microsoft.com/win/2004/08/events/event"><System><Provider Name="Microsoft-Windows-AppXDeployment-Server" Guid="{3f471139-acb7-4a01-b7a7-ff5da4ba2d43}"></Provider>
<EventID Qualifiers="">822</EventID>
<Version>0</Version>
<Level>5</Level>
<Task>6</Task>
<Opcode>0</Opcode>
<Keywords>0x4000000000000001</Keywords>
<TimeCreated SystemTime="2022-05-06 15:24:41.946037"></TimeCreated>
<EventRecordID>1169</EventRecordID>
<Correlation ActivityID="{2f2cff59-615d-0002-b80c-2d2f5d61d801}" RelatedActivityID=""></Correlation>
<Execution ProcessID="2324" ThreadID="4128"></Execution>
<Channel>Microsoft-Windows-AppXDeploymentServer/Operational</Channel>
<Computer>Council-HQ</Computer>
<Security UserID="S-1-5-18"></Security>
</System>
<EventData><Data Name="Error">0x00000000</Data>
<Data Name="PackageMoniker">Microsoft.549981C3F5F10_4.2203.4603.0_neutral_~_8wekyb3d8bbwe</Data>
</EventData>
</Event>

<Event xmlns="http://schemas.microsoft.com/win/2004/08/events/event"><System><Provider Name="Microsoft-Windows-AppXDeployment-Server" Guid="{3f471139-acb7-4a01-b7a7-ff5da4ba2d43}"></Provider>
<EventID Qualifiers="">10002</EventID>
<Version>0</Version>
<Level>5</Level>
<Task>3</Task>
<Opcode>0</Opcode>
<Keywords>0x4000000000000001</Keywords>
<TimeCreated SystemTime="2022-05-06 15:24:41.948030"></TimeCreated>
<EventRecordID>1170</EventRecordID>
<Correlation ActivityID="{2f2cff59-615d-0001-c80b-2d2f5d61d801}" RelatedActivityID=""></Correlation>
<Execution ProcessID="3320" ThreadID="4616"></Execution>
<Channel>Microsoft-Windows-AppXDeploymentServer/Operational</Channel>
<Computer>Council-HQ</Computer>
<Security UserID="S-1-5-18"></Security>
</System>
<EventData><Data Name="DeploymentOperation">6</Data>
<Data Name="MainPackageMoniker">Microsoft.MicrosoftEdge_44.22000.120.0_neutral__8wekyb3d8bbwe</Data>
<Data Name="ResiliencyFilePath">C:\ProgramData\Microsoft\Windows\AppRepository\776abdd8-a834-44f2-abbf-76fc96dcd95c_S-1-5-21-2389065719-3342106636-307857974-1001_13.rslc</Data>
</EventData>
</Event>

<Event xmlns="http://schemas.microsoft.com/win/2004/08/events/event"><System><Provider Name="Microsoft-Windows-AppXDeployment-Server" Guid="{3f471139-acb7-4a01-b7a7-ff5da4ba2d43}"></Provider>
<EventID Qualifiers="">607</EventID>
<Version>0</Version>
<Level>4</Level>
<Task>0</Task>
<Opcode>0</Opcode>
<Keywords>0x4000000000000001</Keywords>
<TimeCreated SystemTime="2022-05-06 15:24:41.948378"></TimeCreated>
<EventRecordID>1171</EventRecordID>
<Correlation ActivityID="{2f2cff59-615d-0001-c80b-2d2f5d61d801}" RelatedActivityID=""></Correlation>
<Execution ProcessID="3320" ThreadID="4616"></Execution>
<Channel>Microsoft-Windows-AppXDeploymentServer/Operational</Channel>
<Computer>Council-HQ</Computer>
<Security UserID="S-1-5-21-2389065719-3342106636-307857974-1001"></Security>
</System>
<EventData><Data Name="DeploymentOperation">6</Data>
<Data Name="PackageFullName">Microsoft.MicrosoftEdge_44.22000.120.0_neutral__8wekyb3d8bbwe</Data>
<Data Name="UserSid">S-1-5-21-2389065719-3342106636-307857974-1001</Data>
<Data Name="CallingProcess">svchost.exe,AppReadiness</Data>
</EventData>
</Event>

<Event xmlns="http://schemas.microsoft.com/win/2004/08/events/event"><System><Provider Name="Microsoft-Windows-AppXDeployment-Server" Guid="{3f471139-acb7-4a01-b7a7-ff5da4ba2d43}"></Provider>
<EventID Qualifiers="">854</EventID>
<Version>0</Version>
<Level>4</Level>
<Task>3</Task>
<Opcode>0</Opcode>
<Keywords>0x4000000000000001</Keywords>
<TimeCreated SystemTime="2022-05-06 15:24:41.948626"></TimeCreated>
<EventRecordID>1172</EventRecordID>
<Correlation ActivityID="{2f2cff59-615d-0001-c80b-2d2f5d61d801}" RelatedActivityID=""></Correlation>
<Execution ProcessID="3320" ThreadID="4616"></Execution>
<Channel>Microsoft-Windows-AppXDeploymentServer/Operational</Channel>
<Computer>Council-HQ</Computer>
<Security UserID="S-1-5-21-2389065719-3342106636-307857974-1001"></Security>
</System>
<EventData><Data Name="Path"> C:\Windows\SystemApps\Microsoft.MicrosoftEdge_8wekyb3d8bbwe\AppxManifest.xml</Data>
</EventData>
</Event>

<Event xmlns="http://schemas.microsoft.com/win/2004/08/events/event"><System><Provider Name="Microsoft-Windows-AppXDeployment-Server" Guid="{3f471139-acb7-4a01-b7a7-ff5da4ba2d43}"></Provider>
<EventID Qualifiers="">603</EventID>
<Version>0</Version>
<Level>4</Level>
<Task>3</Task>
<Opcode>0</Opcode>
<Keywords>0x4000000000000001</Keywords>
<TimeCreated SystemTime="2022-05-06 15:24:41.950325"></TimeCreated>
<EventRecordID>1173</EventRecordID>
<Correlation ActivityID="{2f2cff59-615d-0000-d714-2d2f5d61d801}" RelatedActivityID=""></Correlation>
<Execution ProcessID="3320" ThreadID="708"></Execution>
<Channel>Microsoft-Windows-AppXDeploymentServer/Operational</Channel>
<Computer>Council-HQ</Computer>
<Security UserID="S-1-5-21-2389065719-3342106636-307857974-1001"></Security>
</System>
<EventData><Data Name="DeploymentOperation">6</Data>
<Data Name="Path">AppxManifest.xml</Data>
<Data Name="Flags">2449474112</Data>
<Data Name="FlagsHigh">262144</Data>
<Data Name="CallingProcess">svchost.exe,AppReadiness</Data>
<Data Name="ExternalLocation"></Data>
</EventData>
</Event>

<Event xmlns="http://schemas.microsoft.com/win/2004/08/events/event"><System><Provider Name="Microsoft-Windows-AppXDeployment-Server" Guid="{3f471139-acb7-4a01-b7a7-ff5da4ba2d43}"></Provider>
<EventID Qualifiers="">855</EventID>
<Version>0</Version>
<Level>4</Level>
<Task>4</Task>
<Opcode>0</Opcode>
<Keywords>0x4000000000000001</Keywords>
<TimeCreated SystemTime="2022-05-06 15:24:41.965767"></TimeCreated>
<EventRecordID>1174</EventRecordID>
<Correlation ActivityID="{2f2cff59-615d-0001-c80b-2d2f5d61d801}" RelatedActivityID=""></Correlation>
<Execution ProcessID="3320" ThreadID="4616"></Execution>
<Channel>Microsoft-Windows-AppXDeploymentServer/Operational</Channel>
<Computer>Council-HQ</Computer>
<Security UserID="S-1-5-21-2389065719-3342106636-307857974-1001"></Security>
</System>
<EventData><Data Name="PackageMoniker"> addPackageList: Microsoft.MicrosoftEdge_44.22000.120.0_neutral__8wekyb3d8bbwe</Data>
</EventData>
</Event>

