<Event xmlns="http://schemas.microsoft.com/win/2004/08/events/event"><System><Provider Name="Microsoft-Windows-AppXDeployment-Server" Guid="{3f471139-acb7-4a01-b7a7-ff5da4ba2d43}"></Provider>
<EventID Qualifiers="">854</EventID>
<Version>0</Version>
<Level>4</Level>
<Task>3</Task>
<Opcode>0</Opcode>
<Keywords>0x4000000000000001</Keywords>
<TimeCreated SystemTime="2022-05-07 01:20:15.022610"></TimeCreated>
<EventRecordID>539</EventRecordID>
<Correlation ActivityID="{824d2842-61b0-0000-c42c-4d82b061d801}" RelatedActivityID=""></Correlation>
<Execution ProcessID="3236" ThreadID="4736"></Execution>
<Channel>Microsoft-Windows-AppXDeploymentServer/Operational</Channel>
<Computer>WIN-GE1PLB8KFNS</Computer>
<Security UserID="S-1-5-18"></Security>
</System>
<EventData><Data Name="Path"> C:\Program Files\WindowsApps\microsoft.xboxgamingoverlay_5.722.3302.0_neutral_~_8wekyb3d8bbwe\AppxMetadata\AppxBundleManifest.xml C:\Program Files\WindowsApps\Microsoft.XboxGamingOverlay_5.722.3302.0_x64__8wekyb3d8bbwe\AppxManifest.xml C:\Program Files\WindowsApps\Microsoft.XboxGamingOverlay_5.722.3302.0_neutral_split.scale-100_8wekyb3d8bbwe\AppxManifest.xml C:\Program Files\WindowsApps\Microsoft.XboxGamingOverlay_5.722.3302.0_neutral_split.scale-125_8wekyb3d8bbwe\AppxManifest.xml</Data>
</EventData>
</Event>

<Event xmlns="http://schemas.microsoft.com/win/2004/08/events/event"><System><Provider Name="Microsoft-Windows-AppXDeployment-Server" Guid="{3f471139-acb7-4a01-b7a7-ff5da4ba2d43}"></Provider>
<EventID Qualifiers="">8105</EventID>
<Version>0</Version>
<Level>5</Level>
<Task>49</Task>
<Opcode>0</Opcode>
<Keywords>0x4000000000000001</Keywords>
<TimeCreated SystemTime="2022-05-07 01:20:15.084549"></TimeCreated>
<EventRecordID>540</EventRecordID>
<Correlation ActivityID="{824d2842-61b0-0003-1435-4d82b061d801}" RelatedActivityID=""></Correlation>
<Execution ProcessID="3236" ThreadID="4200"></Execution>
<Channel>Microsoft-Windows-AppXDeploymentServer/Operational</Channel>
<Computer>WIN-GE1PLB8KFNS</Computer>
<Security UserID="S-1-5-18"></Security>
</System>
<EventData><Data Name="PackageFullName">Microsoft.XboxGameOverlay_1.54.4001.0_x64__8wekyb3d8bbwe</Data>
<Data Name="NumberOfFiles">15</Data>
</EventData>
</Event>

<Event xmlns="http://schemas.microsoft.com/win/2004/08/events/event"><System><Provider Name="Microsoft-Windows-AppXDeployment-Server" Guid="{3f471139-acb7-4a01-b7a7-ff5da4ba2d43}"></Provider>
<EventID Qualifiers="">8101</EventID>
<Version>0</Version>
<Level>5</Level>
<Task>49</Task>
<Opcode>0</Opcode>
<Keywords>0x4000000000000001</Keywords>
<TimeCreated SystemTime="2022-05-07 01:20:15.084877"></TimeCreated>
<EventRecordID>541</EventRecordID>
<Correlation ActivityID="{824d2842-61b0-0003-1435-4d82b061d801}" RelatedActivityID=""></Correlation>
<Execution ProcessID="3236" ThreadID="4200"></Execution>
<Channel>Microsoft-Windows-AppXDeploymentServer/Operational</Channel>
<Computer>WIN-GE1PLB8KFNS</Computer>
<Security UserID="S-1-5-18"></Security>
</System>
<EventData><Data Name="PackageFullName">Microsoft.XboxGameOverlay_1.54.4001.0_x64__8wekyb3d8bbwe</Data>
<Data Name="Flags">0x00000620</Data>
</EventData>
</Event>

<Event xmlns="http://schemas.microsoft.com/win/2004/08/events/event"><System><Provider Name="Microsoft-Windows-AppXDeployment-Server" Guid="{3f471139-acb7-4a01-b7a7-ff5da4ba2d43}"></Provider>
<EventID Qualifiers="">8105</EventID>
<Version>0</Version>
<Level>5</Level>
<Task>49</Task>
<Opcode>0</Opcode>
<Keywords>0x4000000000000001</Keywords>
<TimeCreated SystemTime="2022-05-07 01:20:15.112978"></TimeCreated>
<EventRecordID>542</EventRecordID>
<Correlation ActivityID="{824d2842-61b0-0003-e734-4d82b061d801}" RelatedActivityID=""></Correlation>
<Execution ProcessID="3236" ThreadID="4008"></Execution>
<Channel>Microsoft-Windows-AppXDeploymentServer/Operational</Channel>
<Computer>WIN-GE1PLB8KFNS</Computer>
<Security UserID="S-1-5-18"></Security>
</System>
<EventData><Data Name="PackageFullName">Microsoft.Xbox.TCUI_1.24.10001.0_x64__8wekyb3d8bbwe</Data>
<Data Name="NumberOfFiles">29</Data>
</EventData>
</Event>

<Event xmlns="http://schemas.microsoft.com/win/2004/08/events/event"><System><Provider Name="Microsoft-Windows-AppXDeployment-Server" Guid="{3f471139-acb7-4a01-b7a7-ff5da4ba2d43}"></Provider>
<EventID Qualifiers="">8101</EventID>
<Version>0</Version>
<Level>5</Level>
<Task>49</Task>
<Opcode>0</Opcode>
<Keywords>0x4000000000000001</Keywords>
<TimeCreated SystemTime="2022-05-07 01:20:15.113142"></TimeCreated>
<EventRecordID>543</EventRecordID>
<Correlation ActivityID="{824d2842-61b0-0003-e734-4d82b061d801}" RelatedActivityID=""></Correlation>
<Execution ProcessID="3236" ThreadID="4008"></Execution>
<Channel>Microsoft-Windows-AppXDeploymentServer/Operational</Channel>
<Computer>WIN-GE1PLB8KFNS</Computer>
<Security UserID="S-1-5-18"></Security>
</System>
<EventData><Data Name="PackageFullName">Microsoft.Xbox.TCUI_1.24.10001.0_x64__8wekyb3d8bbwe</Data>
<Data Name="Flags">0x00000620</Data>
</EventData>
</Event>

<Event xmlns="http://schemas.microsoft.com/win/2004/08/events/event"><System><Provider Name="Microsoft-Windows-AppXDeployment-Server" Guid="{3f471139-acb7-4a01-b7a7-ff5da4ba2d43}"></Provider>
<EventID Qualifiers="">8100</EventID>
<Version>0</Version>
<Level>5</Level>
<Task>49</Task>
<Opcode>0</Opcode>
<Keywords>0x4000000000000001</Keywords>
<TimeCreated SystemTime="2022-05-07 01:20:15.328068"></TimeCreated>
<EventRecordID>544</EventRecordID>
<Correlation ActivityID="{824d2842-61b0-0000-c42c-4d82b061d801}" RelatedActivityID=""></Correlation>
<Execution ProcessID="3236" ThreadID="4736"></Execution>
<Channel>Microsoft-Windows-AppXDeploymentServer/Operational</Channel>
<Computer>WIN-GE1PLB8KFNS</Computer>
<Security UserID="S-1-5-18"></Security>
</System>
<EventData><Data Name="PackageFullName">Microsoft.XboxGamingOverlay_5.722.3302.0_neutral_~_8wekyb3d8bbwe</Data>
<Data Name="Flags">0x00000620</Data>
</EventData>
</Event>

<Event xmlns="http://schemas.microsoft.com/win/2004/08/events/event"><System><Provider Name="Microsoft-Windows-AppXDeployment-Server" Guid="{3f471139-acb7-4a01-b7a7-ff5da4ba2d43}"></Provider>
<EventID Qualifiers="">8100</EventID>
<Version>0</Version>
<Level>5</Level>
<Task>49</Task>
<Opcode>0</Opcode>
<Keywords>0x4000000000000001</Keywords>
<TimeCreated SystemTime="2022-05-07 01:20:15.333422"></TimeCreated>
<EventRecordID>545</EventRecordID>
<Correlation ActivityID="{824d2842-61b0-0000-c42c-4d82b061d801}" RelatedActivityID=""></Correlation>
<Execution ProcessID="3236" ThreadID="4736"></Execution>
<Channel>Microsoft-Windows-AppXDeploymentServer/Operational</Channel>
<Computer>WIN-GE1PLB8KFNS</Computer>
<Security UserID="S-1-5-18"></Security>
</System>
<EventData><Data Name="PackageFullName">Microsoft.XboxGamingOverlay_5.722.3302.0_x64__8wekyb3d8bbwe</Data>
<Data Name="Flags">0x00000620</Data>
</EventData>
</Event>

<Event xmlns="http://schemas.microsoft.com/win/2004/08/events/event"><System><Provider Name="Microsoft-Windows-AppXDeployment-Server" Guid="{3f471139-acb7-4a01-b7a7-ff5da4ba2d43}"></Provider>
<EventID Qualifiers="">8100</EventID>
<Version>0</Version>
<Level>5</Level>
<Task>49</Task>
<Opcode>0</Opcode>
<Keywords>0x4000000000000001</Keywords>
<TimeCreated SystemTime="2022-05-07 01:20:15.337313"></TimeCreated>
<EventRecordID>546</EventRecordID>
<Correlation ActivityID="{824d2842-61b0-0000-c42c-4d82b061d801}" RelatedActivityID=""></Correlation>
<Execution ProcessID="3236" ThreadID="4736"></Execution>
<Channel>Microsoft-Windows-AppXDeploymentServer/Operational</Channel>
<Computer>WIN-GE1PLB8KFNS</Computer>
<Security UserID="S-1-5-18"></Security>
</System>
<EventData><Data Name="PackageFullName">Microsoft.XboxGamingOverlay_5.722.3302.0_neutral_split.scale-100_8wekyb3d8bbwe</Data>
<Data Name="Flags">0x00000620</Data>
</EventData>
</Event>

<Event xmlns="http://schemas.microsoft.com/win/2004/08/events/event"><System><Provider Name="Microsoft-Windows-AppXDeployment-Server" Guid="{3f471139-acb7-4a01-b7a7-ff5da4ba2d43}"></Provider>
<EventID Qualifiers="">8100</EventID>
<Version>0</Version>
<Level>5</Level>
<Task>49</Task>
<Opcode>0</Opcode>
<Keywords>0x4000000000000001</Keywords>
<TimeCreated SystemTime="2022-05-07 01:20:15.339836"></TimeCreated>
<EventRecordID>547</EventRecordID>
<Correlation ActivityID="{824d2842-61b0-0000-c42c-4d82b061d801}" RelatedActivityID=""></Correlation>
<Execution ProcessID="3236" ThreadID="4736"></Execution>
<Channel>Microsoft-Windows-AppXDeploymentServer/Operational</Channel>
<Computer>WIN-GE1PLB8KFNS</Computer>
<Security UserID="S-1-5-18"></Security>
</System>
<EventData><Data Name="PackageFullName">Microsoft.XboxGamingOverlay_5.722.3302.0_neutral_split.scale-125_8wekyb3d8bbwe</Data>
<Data Name="Flags">0x00000620</Data>
</EventData>
</Event>

<Event xmlns="http://schemas.microsoft.com/win/2004/08/events/event"><System><Provider Name="Microsoft-Windows-AppXDeployment-Server" Guid="{3f471139-acb7-4a01-b7a7-ff5da4ba2d43}"></Provider>
<EventID Qualifiers="">8106</EventID>
<Version>0</Version>
<Level>5</Level>
<Task>49</Task>
<Opcode>0</Opcode>
<Keywords>0x4000000000000001</Keywords>
<TimeCreated SystemTime="2022-05-07 01:20:15.342602"></TimeCreated>
<EventRecordID>548</EventRecordID>
<Correlation ActivityID="{824d2842-61b0-0000-c42c-4d82b061d801}" RelatedActivityID=""></Correlation>
<Execution ProcessID="3236" ThreadID="4092"></Execution>
<Channel>Microsoft-Windows-AppXDeploymentServer/Operational</Channel>
<Computer>WIN-GE1PLB8KFNS</Computer>
<Security UserID="S-1-5-18"></Security>
</System>
<EventData><Data Name="PackageFullName">Microsoft.XboxGamingOverlay_5.722.3302.0_neutral_split.scale-125_8wekyb3d8bbwe</Data>
<Data Name="Flags">0x00000620</Data>
</EventData>
</Event>

<Event xmlns="http://schemas.microsoft.com/win/2004/08/events/event"><System><Provider Name="Microsoft-Windows-AppXDeployment-Server" Guid="{3f471139-acb7-4a01-b7a7-ff5da4ba2d43}"></Provider>
<EventID Qualifiers="">8101</EventID>
<Version>0</Version>
<Level>5</Level>
<Task>49</Task>
<Opcode>0</Opcode>
<Keywords>0x4000000000000001</Keywords>
<TimeCreated SystemTime="2022-05-07 01:20:15.342623"></TimeCreated>
<EventRecordID>549</EventRecordID>
<Correlation ActivityID="{824d2842-61b0-0000-c42c-4d82b061d801}" RelatedActivityID=""></Correlation>
<Execution ProcessID="3236" ThreadID="4092"></Execution>
<Channel>Microsoft-Windows-AppXDeploymentServer/Operational</Channel>
<Computer>WIN-GE1PLB8KFNS</Computer>
<Security UserID="S-1-5-18"></Security>
</System>
<EventData><Data Name="PackageFullName">Microsoft.XboxGamingOverlay_5.722.3302.0_neutral_split.scale-125_8wekyb3d8bbwe</Data>
<Data Name="Flags">0x00000620</Data>
</EventData>
</Event>

<Event xmlns="http://schemas.microsoft.com/win/2004/08/events/event"><System><Provider Name="Microsoft-Windows-AppXDeployment-Server" Guid="{3f471139-acb7-4a01-b7a7-ff5da4ba2d43}"></Provider>
<EventID Qualifiers="">8105</EventID>
<Version>0</Version>
<Level>5</Level>
<Task>49</Task>
<Opcode>0</Opcode>
<Keywords>0x4000000000000001</Keywords>
<TimeCreated SystemTime="2022-05-07 01:20:15.451839"></TimeCreated>
<EventRecordID>550</EventRecordID>
<Correlation ActivityID="{824d2842-61b0-0000-c42c-4d82b061d801}" RelatedActivityID=""></Correlation>
<Execution ProcessID="3236" ThreadID="3948"></Execution>
<Channel>Microsoft-Windows-AppXDeploymentServer/Operational</Channel>
<Computer>WIN-GE1PLB8KFNS</Computer>
<Security UserID="S-1-5-18"></Security>
</System>
<EventData><Data Name="PackageFullName">Microsoft.XboxGamingOverlay_5.722.3302.0_neutral_~_8wekyb3d8bbwe</Data>
<Data Name="NumberOfFiles">1</Data>
</EventData>
</Event>

<Event xmlns="http://schemas.microsoft.com/win/2004/08/events/event"><System><Provider Name="Microsoft-Windows-AppXDeployment-Server" Guid="{3f471139-acb7-4a01-b7a7-ff5da4ba2d43}"></Provider>
<EventID Qualifiers="">8101</EventID>
<Version>0</Version>
<Level>5</Level>
<Task>49</Task>
<Opcode>0</Opcode>
<Keywords>0x4000000000000001</Keywords>
<TimeCreated SystemTime="2022-05-07 01:20:15.451893"></TimeCreated>
<EventRecordID>551</EventRecordID>
<Correlation ActivityID="{824d2842-61b0-0000-c42c-4d82b061d801}" RelatedActivityID=""></Correlation>
<Execution ProcessID="3236" ThreadID="3948"></Execution>
<Channel>Microsoft-Windows-AppXDeploymentServer/Operational</Channel>
<Computer>WIN-GE1PLB8KFNS</Computer>
<Security UserID="S-1-5-18"></Security>
</System>
<EventData><Data Name="PackageFullName">Microsoft.XboxGamingOverlay_5.722.3302.0_neutral_~_8wekyb3d8bbwe</Data>
<Data Name="Flags">0x00000620</Data>
</EventData>
</Event>

<Event xmlns="http://schemas.microsoft.com/win/2004/08/events/event"><System><Provider Name="Microsoft-Windows-AppXDeployment-Server" Guid="{3f471139-acb7-4a01-b7a7-ff5da4ba2d43}"></Provider>
<EventID Qualifiers="">400</EventID>
<Version>0</Version>
<Level>4</Level>
<Task>3</Task>
<Opcode>2</Opcode>
<Keywords>0x4000000000000001</Keywords>
<TimeCreated SystemTime="2022-05-07 01:20:15.513987"></TimeCreated>
<EventRecordID>552</EventRecordID>
<Correlation ActivityID="{824d2842-61b0-0000-c42c-4d82b061d801}" RelatedActivityID=""></Correlation>
<Execution ProcessID="3236" ThreadID="4736"></Execution>
<Channel>Microsoft-Windows-AppXDeploymentServer/Operational</Channel>
<Computer>WIN-GE1PLB8KFNS</Computer>
<Security UserID="S-1-5-18"></Security>
</System>
<EventData><Data Name="DeploymentOperation">12</Data>
<Data Name="PackageFullName">microsoft.xboxgamingoverlay_5.722.3302.0_neutral_~_8wekyb3d8bbwe</Data>
<Data Name="Path"> </Data>
<Data Name="MountPoint">C:</Data>
<Data Name="TargetPlatform">0x00000000</Data>
<Data Name="SystemVolume">True</Data>
<Data Name="StorageId">\\?\Volume{bf27b24f-9e98-4395-9110-325985ded282}</Data>
<Data Name="IsCentennial">False</Data>
<Data Name="PackageType">0x00000008</Data>
<Data Name="IsPackageEncrypted">False</Data>
<Data Name="DeploymentOptions">0x0000000010020020</Data>
<Data Name="IsStreamingPackage">False</Data>
<Data Name="IsInRelatedSet">False</Data>
<Data Name="IsPackageUsingBDC">False</Data>
<Data Name="MainPackageFamilyName">NULL</Data>
<Data Name="CallingProcess"></Data>
<Data Name="IsOptional">False</Data>
<Data Name="PackageFlags">0x00000000</Data>
<Data Name="PackageFlags2">0x00000800</Data>
<Data Name="HasWin32alacarte">False</Data>
<Data Name="HasFullTrust">False</Data>
<Data Name="ExternalLocation"></Data>
<Data Name="PackageSourceUri"></Data>
<Data Name="PackageDisplayName"> </Data>
</EventData>
</Event>

<Event xmlns="http://schemas.microsoft.com/win/2004/08/events/event"><System><Provider Name="Microsoft-Windows-AppXDeployment-Server" Guid="{3f471139-acb7-4a01-b7a7-ff5da4ba2d43}"></Provider>
<EventID Qualifiers="">478</EventID>
<Version>0</Version>
<Level>5</Level>
<Task>3</Task>
<Opcode>0</Opcode>
<Keywords>0x4000000000000001</Keywords>
<TimeCreated SystemTime="2022-05-07 01:20:15.517235"></TimeCreated>
<EventRecordID>553</EventRecordID>
<Correlation ActivityID="{824d2842-61b0-0000-c42c-4d82b061d801}" RelatedActivityID=""></Correlation>
<Execution ProcessID="3236" ThreadID="4736"></Execution>
<Channel>Microsoft-Windows-AppXDeploymentServer/Operational</Channel>
<Computer>WIN-GE1PLB8KFNS</Computer>
<Security UserID="S-1-5-18"></Security>
</System>
<EventData><Data Name="DeploymentOperation">12</Data>
<Data Name="PackageFullName">Microsoft.XboxGamingOverlay_5.722.3302.0_x64__8wekyb3d8bbwe</Data>
<Data Name="Path"> </Data>
<Data Name="MountPoint">C:</Data>
<Data Name="TargetPlatform">0x00000000</Data>
<Data Name="SystemVolume">True</Data>
<Data Name="StorageId">\\?\Volume{bf27b24f-9e98-4395-9110-325985ded282}</Data>
<Data Name="IsCentennial">True</Data>
<Data Name="PackageType">0x00000001</Data>
<Data Name="IsPackageEncrypted">False</Data>
<Data Name="DeploymentOptions">0x0000000010020020</Data>
<Data Name="IsStreamingPackage">False</Data>
<Data Name="IsInRelatedSet">False</Data>
<Data Name="IsPackageUsingBDC">False</Data>
<Data Name="MainPackageFamilyName">NULL</Data>
<Data Name="CallingProcess"></Data>
<Data Name="IsOptional">False</Data>
<Data Name="PackageFlags">0x0080804c</Data>
<Data Name="PackageFlags2">0x00000800</Data>
<Data Name="HasWin32alacarte">False</Data>
<Data Name="HasFullTrust">True</Data>
<Data Name="ExternalLocation"></Data>
<Data Name="PackageSourceUri"></Data>
<Data Name="PackageDisplayName">Xbox Game Bar</Data>
</EventData>
</Event>

<Event xmlns="http://schemas.microsoft.com/win/2004/08/events/event"><System><Provider Name="Microsoft-Windows-AppXDeployment-Server" Guid="{3f471139-acb7-4a01-b7a7-ff5da4ba2d43}"></Provider>
<EventID Qualifiers="">8105</EventID>
<Version>0</Version>
<Level>5</Level>
<Task>49</Task>
<Opcode>0</Opcode>
<Keywords>0x4000000000000001</Keywords>
<TimeCreated SystemTime="2022-05-07 01:20:15.566195"></TimeCreated>
<EventRecordID>554</EventRecordID>
<Correlation ActivityID="{824d2842-61b0-0000-c42c-4d82b061d801}" RelatedActivityID=""></Correlation>
<Execution ProcessID="3236" ThreadID="2888"></Execution>
<Channel>Microsoft-Windows-AppXDeploymentServer/Operational</Channel>
<Computer>WIN-GE1PLB8KFNS</Computer>
<Security UserID="S-1-5-18"></Security>
</System>
<EventData><Data Name="PackageFullName">Microsoft.XboxGamingOverlay_5.722.3302.0_neutral_split.scale-100_8wekyb3d8bbwe</Data>
<Data Name="NumberOfFiles">9</Data>
</EventData>
</Event>

<Event xmlns="http://schemas.microsoft.com/win/2004/08/events/event"><System><Provider Name="Microsoft-Windows-AppXDeployment-Server" Guid="{3f471139-acb7-4a01-b7a7-ff5da4ba2d43}"></Provider>
<EventID Qualifiers="">8101</EventID>
<Version>0</Version>
<Level>5</Level>
<Task>49</Task>
<Opcode>0</Opcode>
<Keywords>0x4000000000000001</Keywords>
<TimeCreated SystemTime="2022-05-07 01:20:15.566269"></TimeCreated>
<EventRecordID>555</EventRecordID>
<Correlation ActivityID="{824d2842-61b0-0000-c42c-4d82b061d801}" RelatedActivityID=""></Correlation>
<Execution ProcessID="3236" ThreadID="2888"></Execution>
<Channel>Microsoft-Windows-AppXDeploymentServer/Operational</Channel>
<Computer>WIN-GE1PLB8KFNS</Computer>
<Security UserID="S-1-5-18"></Security>
</System>
<EventData><Data Name="PackageFullName">Microsoft.XboxGamingOverlay_5.722.3302.0_neutral_split.scale-100_8wekyb3d8bbwe</Data>
<Data Name="Flags">0x00000620</Data>
</EventData>
</Event>

<Event xmlns="http://schemas.microsoft.com/win/2004/08/events/event"><System><Provider Name="Microsoft-Windows-AppXDeployment-Server" Guid="{3f471139-acb7-4a01-b7a7-ff5da4ba2d43}"></Provider>
<EventID Qualifiers="">635</EventID>
<Version>0</Version>
<Level>4</Level>
<Task>3</Task>
<Opcode>0</Opcode>
<Keywords>0x4000000000000001</Keywords>
<TimeCreated SystemTime="2022-05-07 01:20:15.617140"></TimeCreated>
<EventRecordID>556</EventRecordID>
<Correlation ActivityID="{824d2842-61b0-0000-c42c-4d82b061d801}" RelatedActivityID=""></Correlation>
<Execution ProcessID="3236" ThreadID="3268"></Execution>
<Channel>Microsoft-Windows-AppXDeploymentServer/Operational</Channel>
<Computer>WIN-GE1PLB8KFNS</Computer>
<Security UserID="S-1-5-18"></Security>
</System>
<EventData><Data Name="PackageFullName">microsoft.xboxgamingoverlay_5.722.3302.0_neutral_~_8wekyb3d8bbwe</Data>
<Data Name="Flags">1</Data>
<Data Name="HResult">0x00000000</Data>
</EventData>
</Event>

<Event xmlns="http://schemas.microsoft.com/win/2004/08/events/event"><System><Provider Name="Microsoft-Windows-AppXDeployment-Server" Guid="{3f471139-acb7-4a01-b7a7-ff5da4ba2d43}"></Provider>
<EventID Qualifiers="">633</EventID>
<Version>0</Version>
<Level>4</Level>
<Task>3</Task>
<Opcode>0</Opcode>
<Keywords>0x4000000000000001</Keywords>
<TimeCreated SystemTime="2022-05-07 01:20:15.617586"></TimeCreated>
<EventRecordID>557</EventRecordID>
<Correlation ActivityID="{824d2842-61b0-0003-3a35-4d82b061d801}" RelatedActivityID=""></Correlation>
<Execution ProcessID="3236" ThreadID="3268"></Execution>
<Channel>Microsoft-Windows-AppXDeploymentServer/Operational</Channel>
<Computer>WIN-GE1PLB8KFNS</Computer>
<Security UserID="S-1-5-18"></Security>
</System>
<EventData><Data Name="PackageFullName">microsoft.xboxidentityprovider_12.85.31001.0_neutral_~_8wekyb3d8bbwe</Data>
<Data Name="IsInstalled">False</Data>
</EventData>
</Event>

<Event xmlns="http://schemas.microsoft.com/win/2004/08/events/event"><System><Provider Name="Microsoft-Windows-AppXDeployment-Server" Guid="{3f471139-acb7-4a01-b7a7-ff5da4ba2d43}"></Provider>
<EventID Qualifiers="">607</EventID>
<Version>0</Version>
<Level>4</Level>
<Task>0</Task>
<Opcode>0</Opcode>
<Keywords>0x4000000000000001</Keywords>
<TimeCreated SystemTime="2022-05-07 01:20:15.618120"></TimeCreated>
<EventRecordID>558</EventRecordID>
<Correlation ActivityID="{824d2842-61b0-0003-3a35-4d82b061d801}" RelatedActivityID=""></Correlation>
<Execution ProcessID="3236" ThreadID="4736"></Execution>
<Channel>Microsoft-Windows-AppXDeploymentServer/Operational</Channel>
<Computer>WIN-GE1PLB8KFNS</Computer>
<Security UserID="S-1-5-18"></Security>
</System>
<EventData><Data Name="DeploymentOperation">12</Data>
<Data Name="PackageFullName">microsoft.xboxidentityprovider_12.85.31001.0_neutral_~_8wekyb3d8bbwe</Data>
<Data Name="UserSid">S-1-5-18</Data>
<Data Name="CallingProcess">NULL</Data>
</EventData>
</Event>

<Event xmlns="http://schemas.microsoft.com/win/2004/08/events/event"><System><Provider Name="Microsoft-Windows-AppXDeployment-Server" Guid="{3f471139-acb7-4a01-b7a7-ff5da4ba2d43}"></Provider>
<EventID Qualifiers="">614</EventID>
<Version>0</Version>
<Level>5</Level>
<Task>3</Task>
<Opcode>0</Opcode>
<Keywords>0x4000000000000001</Keywords>
<TimeCreated SystemTime="2022-05-07 01:20:15.674480"></TimeCreated>
<EventRecordID>559</EventRecordID>
<Correlation ActivityID="{824d2842-61b0-0003-3a35-4d82b061d801}" RelatedActivityID=""></Correlation>
<Execution ProcessID="3236" ThreadID="4736"></Execution>
<Channel>Microsoft-Windows-AppXDeploymentServer/Operational</Channel>
<Computer>WIN-GE1PLB8KFNS</Computer>
<Security UserID="S-1-5-18"></Security>
</System>
<EventData><Data Name="PathOne">C:\Program Files\WindowsApps\microsoft.xboxidentityprovider_12.85.31001.0_neutral_~_8wekyb3d8bbwe\AppxMetadata\AppxBundleManifest.xml</Data>
<Data Name="PathTwo">"XboxIdp_12.85.31001.0_ARM.appx": Microsoft.XboxIdentityProvider_12.85.31001.0_arm__8wekyb3d8bbwe "XboxIdp_12.85.31001.0_x86.appx": Microsoft.XboxIdentityProvider_12.85.31001.0_x86__8wekyb3d8bbwe "XboxIdp_12.85.31001.0_x64.appx": Microsoft.XboxIdentityProvider_12.85.31001.0_x64__8wekyb3d8bbwe "XboxIdp_12.85.31001.0_language-be.appx": Microsoft.XboxIdentityProvider_12.85.31001.0_neutral_split.language-be_8wekyb3d8bbwe "XboxIdp_12.85.31001.0_language-ca.appx": Microsoft.XboxIdentityProvider_12.85.31001.0_neutral_split.language-ca_8wekyb3d8bbwe "XboxIdp_12.85.31001.0_language-de.appx": Microsoft.XboxIdentityProvider_12.85.31001.0_neutral_split.language-de_8wekyb3d8bbwe "XboxIdp_12.85.31001.0_language-bg.appx": Microsoft.XboxIdentityProvider_12.85.31001.0_neutral_split.language-bg_8wekyb3d8bbwe "XboxIdp_12.85.31001.0_language-hi.appx": Microsoft.XboxIdentityProvider_12.85.31001.0_neutral_split.language-hi_8wekyb3d8bbwe "XboxIdp_12.85.31001.0_language-fil-latn.appx": Microsoft.XboxIdentityProvider_12.85.31001.0_neutral_split.language-fil-latn_8wekyb3d8bbwe "XboxIdp_12.85.31001.0_language-es.appx": Microsoft.XboxIdentityProvider_12.85.31001.0_neutral_split.language-es_8wekyb3d8bbwe "XboxIdp_12.85.31001.0_language-bn.appx": Microsoft.XboxIdentityProvider_12.85.31001.0_neutral_split.language-bn_8wekyb3d8bbwe "XboxIdp_12.85.31001.0_language-fi.appx": Microsoft.XboxIdentityProvider_12.85.31001.0_neutral_split.language-fi_8wekyb3d8bbwe "XboxIdp_12.85.31001.0_language-cs.appx": Microsoft.XboxIdentityProvider_12.85.31001.0_neutral_split.language-cs_8wekyb3d8bbwe "XboxIdp_12.85.31001.0_language-az-latn.appx": Microsoft.XboxIdentityProvider_12.85.31001.0_neutral_split.language-az-latn_8wekyb3d8bbwe "XboxIdp_12.85.31001.0_language-he.appx": Microsoft.XboxIdentityProvider_12.85.31001.0_neutral_split.language-he_8wekyb3d8bbwe "XboxIdp_12.85.31001.0_language-el.appx": Microsoft.XboxIdentityProvider_12.85.31001.0_neutral_split.language-el_8wekyb3d8bbwe "XboxIdp_12.85.31001.0_language-af.appx": Microsoft.XboxIdentityProvider_12.85.31001.0_neutral_split.language-af_8wekyb3d8bbwe "XboxIdp_12.85.31001.0_language-et.appx": Microsoft.XboxIdentityProvider_12.85.31001.0_neutral_split.language-et_8wekyb3d8bbwe "XboxIdp_12.85.31001.0_language-da.appx": Microsoft.XboxIdentityProvider_12.85.31001.0_neutral_split.language-da_8wekyb3d8bbwe "XboxIdp_12.85.31001.0_language-hu.appx": Microsoft.XboxIdentityProvider_12.85.31001.0_neutral_split.language-hu_8wekyb3d8bbwe "XboxIdp_12.85.31001.0_language-ml.appx": Microsoft.XboxIdentityProvider_12.85.31001.0_neutral_split.language-ml_8wekyb3d8bbwe "XboxIdp_12.85.31001.0_language-lt.appx": Microsoft.XboxIdentityProvider_12.85.31001.0_neutral_split.language-lt_8wekyb3d8bbwe "XboxIdp_12.85.31001.0_language-ms.appx": Microsoft.XboxIdentityProvider_12.85.31001.0_neutral_split.language-ms_8wekyb3d8bbwe "XboxIdp_12.85.31001.0_language-id.appx": Microsoft.XboxIdentityProvider_12.85.31001.0_neutral_split.language-id_8wekyb3d8bbwe "XboxIdp_12.85.31001.0_language-mk.appx": Microsoft.XboxIdentityProvider_12.85.31001.0_neutral_split.language-mk_8wekyb3d8bbwe "XboxIdp_12.85.31001.0_language-nl.appx": Microsoft.XboxIdentityProvider_12.85.31001.0_neutral_split.language-nl_8wekyb3d8bbwe "XboxIdp_12.85.31001.0_language-it.appx": Microsoft.XboxIdentityProvider_12.85.31001.0_neutral_split.language-it_8wekyb3d8bbwe "XboxIdp_12.85.31001.0_language-lo.appx": Microsoft.XboxIdentityProvider_12.85.31001.0_neutral_split.language-lo_8wekyb3d8bbwe "XboxIdp_12.85.31001.0_language-is.appx": Microsoft.XboxIdentityProvider_12.85.31001.0_neutral_split.language-is_8wekyb3d8bbwe "XboxIdp_12.85.31001.0_language-ko.appx": Microsoft.XboxIdentityProvider_12.85.31001.0_neutral_split.language-ko_8wekyb3d8bbwe "XboxIdp_12.85.31001.0_language-kn.appx": Microsoft.XboxIdentityProvider_12.85.31001.0_neutral_split.language-kn_8wekyb3d8bbwe "XboxIdp_12.85.31001.0_language-ro.appx": Microsoft.XboxIdentityProvider_12.85.31001.0_neutral_split.language-ro_8wekyb3d8bbwe "XboxIdp_12.85.31001.0_language-km.appx": Microsoft.XboxIdentityProvider_12.85.31001.0_neutral_split.language-km_8wekyb3d8bbwe "XboxIdp_12.85.31001.0_language-ru.appx": Microsoft.XboxIdentityProvider_12.85.31001.0_neutral_split.language-ru_8wekyb3d8bbwe "XboxIdp_12.85.31001.0_language-ja.appx": Microsoft.XboxIdentityProvider_12.85.31001.0_neutral_split.language-ja_8wekyb3d8bbwe "XboxIdp_12.85.31001.0_language-sq.appx": Microsoft.XboxIdentityProvider_12.85.31001.0_neutral_split.language-sq_8wekyb3d8bbwe "XboxIdp_12.85.31001.0_language-sv.appx": Microsoft.XboxIdentityProvider_12.85.31001.0_neutral_split.language-sv_8wekyb3d8bbwe "XboxIdp_12.85.31001.0_language-te.appx": Microsoft.XboxIdentityProvider_12.85.31001.0_neutral_split.language-te_8wekyb3d8bbwe "XboxIdp_12.85.31001.0_language-ta.appx": Microsoft.XboxIdentityProvider_12.85.31001.0_neutral_split.language-ta_8wekyb3d8bbwe "XboxIdp_12.85.31001.0_language-sl.appx": Microsoft.XboxIdentityProvider_12.85.31001.0_neutral_split.language-sl_8wekyb3d8bbwe "XboxIdp_12.85.31001.0_language-zh-hant.appx": Microsoft.XboxIdentityProvider_12.85.31001.0_neutral_split.language-zh-hant_8wekyb3d8bbwe "XboxIdp_12.85.31001.0_scale-200.appx": Microsoft.XboxIdentityProvider_12.85.31001.0_neutral_split.scale-200_8wekyb3d8bbwe "XboxIdp_12.85.31001.0_language-vi.appx": Microsoft.XboxIdentityProvider_12.85.31001.0_neutral_split.language-vi_8wekyb3d8bbwe "XboxIdp_12.85.31001.0_language-th.appx": Microsoft.XboxIdentityProvider_12.85.31001.0_neutral_split.language-th_8wekyb3d8bbwe "XboxIdp_12.85.31001.0_language-lv.appx": Microsoft.XboxIdentityProvider_12.85.31001.0_neutral_split.language-lv_8wekyb3d8bbwe "XboxIdp_12.85.31001.0_scale-400.appx": Microsoft.XboxIdentityProvider_12.85.31001.0_neutral_split.scale-400_8wekyb3d8bbwe "XboxIdp_12.85.31001.0_scale-125.appx": Microsoft.XboxIdentityProvider_12.85.31001.0_neutral_split.scale-125_8wekyb3d8bbwe "XboxIdp_12.85.31001.0_language-uz-latn.appx": Microsoft.XboxIdentityProvider_12.85.31001.0_neutral_split.language-uz-latn_8wekyb3d8bbwe "XboxIdp_12.85.31001.0_language-sk.appx": Microsoft.XboxIdentityProvider_12.85.31001.0_neutral_split.language-sk_8wekyb3d8bbwe "XboxIdp_12.85.31001.0_language-am.appx": Microsoft.XboxIdentityProvider_12.85.31001.0_neutral_split.language-am_8wekyb3d8bbwe "XboxIdp_12.85.31001.0_language-ar.appx": Microsoft.XboxIdentityProvider_12.85.31001.0_neutral_split.language-ar_8wekyb3d8bbwe "XboxIdp_12.85.31001.0_language-sr-latn.appx": Microsoft.XboxIdentityProvider_12.85.31001.0_neutral_split.language-sr-latn_8wekyb3d8bbwe "XboxIdp_12.85.31001.0_language-gl.appx": Microsoft.XboxIdentityProvider_12.85.31001.0_neutral_split.language-gl_8wekyb3d8bbwe "XboxIdp_12.85.31001.0_language-pt.appx": Microsoft.XboxIdentityProvider_12.85.31001.0_neutral_split.language-pt_8wekyb3d8bbwe "XboxIdp_12.85.31001.0_language-pl.appx": Microsoft.XboxIdentityProvider_12.85.31001.0_neutral_split.language-pl_8wekyb3d8bbwe "XboxIdp_12.85.31001.0_language-eu.appx": Microsoft.XboxIdentityProvider_12.85.31001.0_neutral_split.language-eu_8wekyb3d8bbwe "XboxIdp_12.85.31001.0_language-fa.appx": Microsoft.XboxIdentityProvider_12.85.31001.0_neutral_split.language-fa_8wekyb3d8bbwe "XboxIdp_12.85.31001.0_language-sw.appx": Microsoft.XboxIdentityProvider_12.85.31001.0_neutral_split.language-sw_8wekyb3d8bbwe "XboxIdp_12.85.31001.0_language-uk.appx": Microsoft.XboxIdentityProvider_12.85.31001.0_neutral_split.language-uk_8wekyb3d8bbwe "XboxIdp_12.85.31001.0_language-zh-hans.appx": Microsoft.XboxIdentityProvider_12.85.31001.0_neutral_split.language-zh-hans_8wekyb3d8bbwe "XboxIdp_12.85.31001.0_language-kk.appx": Microsoft.XboxIdentityProvider_12.85.31001.0_neutral_split.language-kk_8wekyb3d8bbwe "XboxIdp_12.85.31001.0_language-tr.appx": Microsoft.XboxIdentityProvider_12.85.31001.0_neutral_split.language-tr_8wekyb3d8bbwe "XboxIdp_12.85.31001.0_language-nb.appx": Microsoft.XboxIdentityProvider_12.85.31001.0_neutral_split.language-nb_8wekyb3d8bbwe "XboxIdp_12.85.31001.0_language-fr.appx": Microsoft.XboxIdentityProvider_12.85.31001.0_neutral_split.language-fr_8wekyb3d8bbwe "XboxIdp_12.85.31001.0_language-hr.appx": Microsoft.XboxIdentityProvider_12.85.31001.0_neutral_split.language-hr_8wekyb3d8bbwe "XboxIdp_12.85.31001.0_scale-150.appx": Microsoft.XboxIdentityProvider_12.85.31001.0_neutral_split.scale-150_8wekyb3d8bbwe</Data>
</EventData>
</Event>

<Event xmlns="http://schemas.microsoft.com/win/2004/08/events/event"><System><Provider Name="Microsoft-Windows-AppXDeployment-Server" Guid="{3f471139-acb7-4a01-b7a7-ff5da4ba2d43}"></Provider>
<EventID Qualifiers="">854</EventID>
<Version>0</Version>
<Level>4</Level>
<Task>3</Task>
<Opcode>0</Opcode>
<Keywords>0x4000000000000001</Keywords>
<TimeCreated SystemTime="2022-05-07 01:20:15.688387"></TimeCreated>
<EventRecordID>560</EventRecordID>
<Correlation ActivityID="{824d2842-61b0-0003-3a35-4d82b061d801}" RelatedActivityID=""></Correlation>
<Execution ProcessID="3236" ThreadID="4736"></Execution>
<Channel>Microsoft-Windows-AppXDeploymentServer/Operational</Channel>
<Computer>WIN-GE1PLB8KFNS</Computer>
<Security UserID="S-1-5-18"></Security>
</System>
<EventData><Data Name="Path"> C:\Program Files\WindowsApps\microsoft.xboxidentityprovider_12.85.31001.0_neutral_~_8wekyb3d8bbwe\AppxMetadata\AppxBundleManifest.xml C:\Program Files\WindowsApps\Microsoft.XboxIdentityProvider_12.85.31001.0_x64__8wekyb3d8bbwe\AppxManifest.xml C:\Program Files\WindowsApps\Microsoft.XboxIdentityProvider_12.85.31001.0_neutral_split.scale-125_8wekyb3d8bbwe\AppxManifest.xml</Data>
</EventData>
</Event>

<Event xmlns="http://schemas.microsoft.com/win/2004/08/events/event"><System><Provider Name="Microsoft-Windows-AppXDeployment-Server" Guid="{3f471139-acb7-4a01-b7a7-ff5da4ba2d43}"></Provider>
<EventID Qualifiers="">8100</EventID>
<Version>0</Version>
<Level>5</Level>
<Task>49</Task>
<Opcode>0</Opcode>
<Keywords>0x4000000000000001</Keywords>
<TimeCreated SystemTime="2022-05-07 01:20:15.872698"></TimeCreated>
<EventRecordID>561</EventRecordID>
<Correlation ActivityID="{824d2842-61b0-0003-3a35-4d82b061d801}" RelatedActivityID=""></Correlation>
<Execution ProcessID="3236" ThreadID="4736"></Execution>
<Channel>Microsoft-Windows-AppXDeploymentServer/Operational</Channel>
<Computer>WIN-GE1PLB8KFNS</Computer>
<Security UserID="S-1-5-18"></Security>
</System>
<EventData><Data Name="PackageFullName">Microsoft.XboxIdentityProvider_12.85.31001.0_neutral_~_8wekyb3d8bbwe</Data>
<Data Name="Flags">0x00000620</Data>
</EventData>
</Event>

<Event xmlns="http://schemas.microsoft.com/win/2004/08/events/event"><System><Provider Name="Microsoft-Windows-AppXDeployment-Server" Guid="{3f471139-acb7-4a01-b7a7-ff5da4ba2d43}"></Provider>
<EventID Qualifiers="">8100</EventID>
<Version>0</Version>
<Level>5</Level>
<Task>49</Task>
<Opcode>0</Opcode>
<Keywords>0x4000000000000001</Keywords>
<TimeCreated SystemTime="2022-05-07 01:20:15.876074"></TimeCreated>
<EventRecordID>562</EventRecordID>
<Correlation ActivityID="{824d2842-61b0-0003-3a35-4d82b061d801}" RelatedActivityID=""></Correlation>
<Execution ProcessID="3236" ThreadID="4736"></Execution>
<Channel>Microsoft-Windows-AppXDeploymentServer/Operational</Channel>
<Computer>WIN-GE1PLB8KFNS</Computer>
<Security UserID="S-1-5-18"></Security>
</System>
<EventData><Data Name="PackageFullName">Microsoft.XboxIdentityProvider_12.85.31001.0_x64__8wekyb3d8bbwe</Data>
<Data Name="Flags">0x00000620</Data>
</EventData>
</Event>

<Event xmlns="http://schemas.microsoft.com/win/2004/08/events/event"><System><Provider Name="Microsoft-Windows-AppXDeployment-Server" Guid="{3f471139-acb7-4a01-b7a7-ff5da4ba2d43}"></Provider>
<EventID Qualifiers="">8100</EventID>
<Version>0</Version>
<Level>5</Level>
<Task>49</Task>
<Opcode>0</Opcode>
<Keywords>0x4000000000000001</Keywords>
<TimeCreated SystemTime="2022-05-07 01:20:15.879007"></TimeCreated>
<EventRecordID>563</EventRecordID>
<Correlation ActivityID="{824d2842-61b0-0003-3a35-4d82b061d801}" RelatedActivityID=""></Correlation>
<Execution ProcessID="3236" ThreadID="4736"></Execution>
<Channel>Microsoft-Windows-AppXDeploymentServer/Operational</Channel>
<Computer>WIN-GE1PLB8KFNS</Computer>
<Security UserID="S-1-5-18"></Security>
</System>
<EventData><Data Name="PackageFullName">Microsoft.XboxIdentityProvider_12.85.31001.0_neutral_split.scale-125_8wekyb3d8bbwe</Data>
<Data Name="Flags">0x00000620</Data>
</EventData>
</Event>

<Event xmlns="http://schemas.microsoft.com/win/2004/08/events/event"><System><Provider Name="Microsoft-Windows-AppXDeployment-Server" Guid="{3f471139-acb7-4a01-b7a7-ff5da4ba2d43}"></Provider>
<EventID Qualifiers="">8106</EventID>
<Version>0</Version>
<Level>5</Level>
<Task>49</Task>
<Opcode>0</Opcode>
<Keywords>0x4000000000000001</Keywords>
<TimeCreated SystemTime="2022-05-07 01:20:15.881451"></TimeCreated>
<EventRecordID>564</EventRecordID>
<Correlation ActivityID="{824d2842-61b0-0003-3a35-4d82b061d801}" RelatedActivityID=""></Correlation>
<Execution ProcessID="3236" ThreadID="4212"></Execution>
<Channel>Microsoft-Windows-AppXDeploymentServer/Operational</Channel>
<Computer>WIN-GE1PLB8KFNS</Computer>
<Security UserID="S-1-5-18"></Security>
</System>
<EventData><Data Name="PackageFullName">Microsoft.XboxIdentityProvider_12.85.31001.0_neutral_split.scale-125_8wekyb3d8bbwe</Data>
<Data Name="Flags">0x00000620</Data>
</EventData>
</Event>

<Event xmlns="http://schemas.microsoft.com/win/2004/08/events/event"><System><Provider Name="Microsoft-Windows-AppXDeployment-Server" Guid="{3f471139-acb7-4a01-b7a7-ff5da4ba2d43}"></Provider>
<EventID Qualifiers="">8101</EventID>
<Version>0</Version>
<Level>5</Level>
<Task>49</Task>
<Opcode>0</Opcode>
<Keywords>0x4000000000000001</Keywords>
<TimeCreated SystemTime="2022-05-07 01:20:15.881464"></TimeCreated>
<EventRecordID>565</EventRecordID>
<Correlation ActivityID="{824d2842-61b0-0003-3a35-4d82b061d801}" RelatedActivityID=""></Correlation>
<Execution ProcessID="3236" ThreadID="4212"></Execution>
<Channel>Microsoft-Windows-AppXDeploymentServer/Operational</Channel>
<Computer>WIN-GE1PLB8KFNS</Computer>
<Security UserID="S-1-5-18"></Security>
</System>
<EventData><Data Name="PackageFullName">Microsoft.XboxIdentityProvider_12.85.31001.0_neutral_split.scale-125_8wekyb3d8bbwe</Data>
<Data Name="Flags">0x00000620</Data>
</EventData>
</Event>

<Event xmlns="http://schemas.microsoft.com/win/2004/08/events/event"><System><Provider Name="Microsoft-Windows-AppXDeployment-Server" Guid="{3f471139-acb7-4a01-b7a7-ff5da4ba2d43}"></Provider>
<EventID Qualifiers="">8105</EventID>
<Version>0</Version>
<Level>5</Level>
<Task>49</Task>
<Opcode>0</Opcode>
<Keywords>0x4000000000000001</Keywords>
<TimeCreated SystemTime="2022-05-07 01:20:15.938841"></TimeCreated>
<EventRecordID>566</EventRecordID>
<Correlation ActivityID="{824d2842-61b0-0003-3a35-4d82b061d801}" RelatedActivityID=""></Correlation>
<Execution ProcessID="3236" ThreadID="4208"></Execution>
<Channel>Microsoft-Windows-AppXDeploymentServer/Operational</Channel>
<Computer>WIN-GE1PLB8KFNS</Computer>
<Security UserID="S-1-5-18"></Security>
</System>
<EventData><Data Name="PackageFullName">Microsoft.XboxIdentityProvider_12.85.31001.0_neutral_~_8wekyb3d8bbwe</Data>
<Data Name="NumberOfFiles">1</Data>
</EventData>
</Event>

<Event xmlns="http://schemas.microsoft.com/win/2004/08/events/event"><System><Provider Name="Microsoft-Windows-AppXDeployment-Server" Guid="{3f471139-acb7-4a01-b7a7-ff5da4ba2d43}"></Provider>
<EventID Qualifiers="">8101</EventID>
<Version>0</Version>
<Level>5</Level>
<Task>49</Task>
<Opcode>0</Opcode>
<Keywords>0x4000000000000001</Keywords>
<TimeCreated SystemTime="2022-05-07 01:20:15.938881"></TimeCreated>
<EventRecordID>567</EventRecordID>
<Correlation ActivityID="{824d2842-61b0-0003-3a35-4d82b061d801}" RelatedActivityID=""></Correlation>
<Execution ProcessID="3236" ThreadID="4208"></Execution>
<Channel>Microsoft-Windows-AppXDeploymentServer/Operational</Channel>
<Computer>WIN-GE1PLB8KFNS</Computer>
<Security UserID="S-1-5-18"></Security>
</System>
<EventData><Data Name="PackageFullName">Microsoft.XboxIdentityProvider_12.85.31001.0_neutral_~_8wekyb3d8bbwe</Data>
<Data Name="Flags">0x00000620</Data>
</EventData>
</Event>

<Event xmlns="http://schemas.microsoft.com/win/2004/08/events/event"><System><Provider Name="Microsoft-Windows-AppXDeployment-Server" Guid="{3f471139-acb7-4a01-b7a7-ff5da4ba2d43}"></Provider>
<EventID Qualifiers="">400</EventID>
<Version>0</Version>
<Level>4</Level>
<Task>3</Task>
<Opcode>2</Opcode>
<Keywords>0x4000000000000001</Keywords>
<TimeCreated SystemTime="2022-05-07 01:20:15.975744"></TimeCreated>
<EventRecordID>568</EventRecordID>
<Correlation ActivityID="{824d2842-61b0-0003-3a35-4d82b061d801}" RelatedActivityID=""></Correlation>
<Execution ProcessID="3236" ThreadID="4736"></Execution>
<Channel>Microsoft-Windows-AppXDeploymentServer/Operational</Channel>
<Computer>WIN-GE1PLB8KFNS</Computer>
<Security UserID="S-1-5-18"></Security>
</System>
<EventData><Data Name="DeploymentOperation">12</Data>
<Data Name="PackageFullName">microsoft.xboxidentityprovider_12.85.31001.0_neutral_~_8wekyb3d8bbwe</Data>
<Data Name="Path"> </Data>
<Data Name="MountPoint">C:</Data>
<Data Name="TargetPlatform">0x00000000</Data>
<Data Name="SystemVolume">True</Data>
<Data Name="StorageId">\\?\Volume{bf27b24f-9e98-4395-9110-325985ded282}</Data>
<Data Name="IsCentennial">False</Data>
<Data Name="PackageType">0x00000008</Data>
<Data Name="IsPackageEncrypted">False</Data>
<Data Name="DeploymentOptions">0x0000000010020020</Data>
<Data Name="IsStreamingPackage">False</Data>
<Data Name="IsInRelatedSet">False</Data>
<Data Name="IsPackageUsingBDC">False</Data>
<Data Name="MainPackageFamilyName">NULL</Data>
<Data Name="CallingProcess"></Data>
<Data Name="IsOptional">False</Data>
<Data Name="PackageFlags">0x00000000</Data>
<Data Name="PackageFlags2">0x00000800</Data>
<Data Name="HasWin32alacarte">False</Data>
<Data Name="HasFullTrust">False</Data>
<Data Name="ExternalLocation"></Data>
<Data Name="PackageSourceUri"></Data>
<Data Name="PackageDisplayName"> </Data>
</EventData>
</Event>

<Event xmlns="http://schemas.microsoft.com/win/2004/08/events/event"><System><Provider Name="Microsoft-Windows-AppXDeployment-Server" Guid="{3f471139-acb7-4a01-b7a7-ff5da4ba2d43}"></Provider>
<EventID Qualifiers="">478</EventID>
<Version>0</Version>
<Level>5</Level>
<Task>3</Task>
<Opcode>0</Opcode>
<Keywords>0x4000000000000001</Keywords>
<TimeCreated SystemTime="2022-05-07 01:20:15.979521"></TimeCreated>
<EventRecordID>569</EventRecordID>
<Correlation ActivityID="{824d2842-61b0-0003-3a35-4d82b061d801}" RelatedActivityID=""></Correlation>
<Execution ProcessID="3236" ThreadID="4736"></Execution>
<Channel>Microsoft-Windows-AppXDeploymentServer/Operational</Channel>
<Computer>WIN-GE1PLB8KFNS</Computer>
<Security UserID="S-1-5-18"></Security>
</System>
<EventData><Data Name="DeploymentOperation">12</Data>
<Data Name="PackageFullName">Microsoft.XboxIdentityProvider_12.85.31001.0_x64__8wekyb3d8bbwe</Data>
<Data Name="Path"> </Data>
<Data Name="MountPoint">C:</Data>
<Data Name="TargetPlatform">0x00000000</Data>
<Data Name="SystemVolume">True</Data>
<Data Name="StorageId">\\?\Volume{bf27b24f-9e98-4395-9110-325985ded282}</Data>
<Data Name="IsCentennial">False</Data>
<Data Name="PackageType">0x00000001</Data>
<Data Name="IsPackageEncrypted">False</Data>
<Data Name="DeploymentOptions">0x0000000010020020</Data>
<Data Name="IsStreamingPackage">False</Data>
<Data Name="IsInRelatedSet">False</Data>
<Data Name="IsPackageUsingBDC">False</Data>
<Data Name="MainPackageFamilyName">NULL</Data>
<Data Name="CallingProcess"></Data>
<Data Name="IsOptional">False</Data>
<Data Name="PackageFlags">0x00000008</Data>
<Data Name="PackageFlags2">0x00000800</Data>
<Data Name="HasWin32alacarte">False</Data>
<Data Name="HasFullTrust">False</Data>
<Data Name="ExternalLocation"></Data>
<Data Name="PackageSourceUri"></Data>
<Data Name="PackageDisplayName">ms-resource:DisplayName</Data>
</EventData>
</Event>

<Event xmlns="http://schemas.microsoft.com/win/2004/08/events/event"><System><Provider Name="Microsoft-Windows-AppXDeployment-Server" Guid="{3f471139-acb7-4a01-b7a7-ff5da4ba2d43}"></Provider>
<EventID Qualifiers="">8105</EventID>
<Version>0</Version>
<Level>5</Level>
<Task>49</Task>
<Opcode>0</Opcode>
<Keywords>0x4000000000000001</Keywords>
<TimeCreated SystemTime="2022-05-07 01:20:16.045876"></TimeCreated>
<EventRecordID>570</EventRecordID>
<Correlation ActivityID="{824d2842-61b0-0003-c034-4d82b061d801}" RelatedActivityID=""></Correlation>
<Execution ProcessID="3236" ThreadID="3168"></Execution>
<Channel>Microsoft-Windows-AppXDeploymentServer/Operational</Channel>
<Computer>WIN-GE1PLB8KFNS</Computer>
<Security UserID="S-1-5-18"></Security>
</System>
<EventData><Data Name="PackageFullName">Microsoft.WindowsTerminal_1.12.10983.0_x64__8wekyb3d8bbwe</Data>
<Data Name="NumberOfFiles">248</Data>
</EventData>
</Event>

<Event xmlns="http://schemas.microsoft.com/win/2004/08/events/event"><System><Provider Name="Microsoft-Windows-AppXDeployment-Server" Guid="{3f471139-acb7-4a01-b7a7-ff5da4ba2d43}"></Provider>
<EventID Qualifiers="">8101</EventID>
<Version>0</Version>
<Level>5</Level>
<Task>49</Task>
<Opcode>0</Opcode>
<Keywords>0x4000000000000001</Keywords>
<TimeCreated SystemTime="2022-05-07 01:20:16.046669"></TimeCreated>
<EventRecordID>571</EventRecordID>
<Correlation ActivityID="{824d2842-61b0-0003-c034-4d82b061d801}" RelatedActivityID=""></Correlation>
<Execution ProcessID="3236" ThreadID="3168"></Execution>
<Channel>Microsoft-Windows-AppXDeploymentServer/Operational</Channel>
<Computer>WIN-GE1PLB8KFNS</Computer>
<Security UserID="S-1-5-18"></Security>
</System>
<EventData><Data Name="PackageFullName">Microsoft.WindowsTerminal_1.12.10983.0_x64__8wekyb3d8bbwe</Data>
<Data Name="Flags">0x00000620</Data>
</EventData>
</Event>

<Event xmlns="http://schemas.microsoft.com/win/2004/08/events/event"><System><Provider Name="Microsoft-Windows-AppXDeployment-Server" Guid="{3f471139-acb7-4a01-b7a7-ff5da4ba2d43}"></Provider>
<EventID Qualifiers="">635</EventID>
<Version>0</Version>
<Level>4</Level>
<Task>3</Task>
<Opcode>0</Opcode>
<Keywords>0x4000000000000001</Keywords>
<TimeCreated SystemTime="2022-05-07 01:20:16.050938"></TimeCreated>
<EventRecordID>572</EventRecordID>
<Correlation ActivityID="{824d2842-61b0-0003-3a35-4d82b061d801}" RelatedActivityID=""></Correlation>
<Execution ProcessID="3236" ThreadID="3268"></Execution>
<Channel>Microsoft-Windows-AppXDeploymentServer/Operational</Channel>
<Computer>WIN-GE1PLB8KFNS</Computer>
<Security UserID="S-1-5-18"></Security>
</System>
<EventData><Data Name="PackageFullName">microsoft.xboxidentityprovider_12.85.31001.0_neutral_~_8wekyb3d8bbwe</Data>
<Data Name="Flags">1</Data>
<Data Name="HResult">0x00000000</Data>
</EventData>
</Event>

<Event xmlns="http://schemas.microsoft.com/win/2004/08/events/event"><System><Provider Name="Microsoft-Windows-AppXDeployment-Server" Guid="{3f471139-acb7-4a01-b7a7-ff5da4ba2d43}"></Provider>
<EventID Qualifiers="">633</EventID>
<Version>0</Version>
<Level>4</Level>
<Task>3</Task>
<Opcode>0</Opcode>
<Keywords>0x4000000000000001</Keywords>
<TimeCreated SystemTime="2022-05-07 01:20:16.051661"></TimeCreated>
<EventRecordID>573</EventRecordID>
<Correlation ActivityID="{824d2842-61b0-0003-6935-4d82b061d801}" RelatedActivityID=""></Correlation>
<Execution ProcessID="3236" ThreadID="3268"></Execution>
<Channel>Microsoft-Windows-AppXDeploymentServer/Operational</Channel>
<Computer>WIN-GE1PLB8KFNS</Computer>
<Security UserID="S-1-5-18"></Security>
</System>
<EventData><Data Name="PackageFullName">microsoft.xboxspeechtotextoverlay_1.21.13002.0_neutral_~_8wekyb3d8bbwe</Data>
<Data Name="IsInstalled">False</Data>
</EventData>
</Event>

<Event xmlns="http://schemas.microsoft.com/win/2004/08/events/event"><System><Provider Name="Microsoft-Windows-AppXDeployment-Server" Guid="{3f471139-acb7-4a01-b7a7-ff5da4ba2d43}"></Provider>
<EventID Qualifiers="">607</EventID>
<Version>0</Version>
<Level>4</Level>
<Task>0</Task>
<Opcode>0</Opcode>
<Keywords>0x4000000000000001</Keywords>
<TimeCreated SystemTime="2022-05-07 01:20:16.052198"></TimeCreated>
<EventRecordID>574</EventRecordID>
<Correlation ActivityID="{824d2842-61b0-0003-6935-4d82b061d801}" RelatedActivityID=""></Correlation>
<Execution ProcessID="3236" ThreadID="4736"></Execution>
<Channel>Microsoft-Windows-AppXDeploymentServer/Operational</Channel>
<Computer>WIN-GE1PLB8KFNS</Computer>
<Security UserID="S-1-5-18"></Security>
</System>
<EventData><Data Name="DeploymentOperation">12</Data>
<Data Name="PackageFullName">microsoft.xboxspeechtotextoverlay_1.21.13002.0_neutral_~_8wekyb3d8bbwe</Data>
<Data Name="UserSid">S-1-5-18</Data>
<Data Name="CallingProcess">NULL</Data>
</EventData>
</Event>

<Event xmlns="http://schemas.microsoft.com/win/2004/08/events/event"><System><Provider Name="Microsoft-Windows-AppXDeployment-Server" Guid="{3f471139-acb7-4a01-b7a7-ff5da4ba2d43}"></Provider>
<EventID Qualifiers="">614</EventID>
<Version>0</Version>
<Level>5</Level>
<Task>3</Task>
<Opcode>0</Opcode>
<Keywords>0x4000000000000001</Keywords>
<TimeCreated SystemTime="2022-05-07 01:20:16.081184"></TimeCreated>
<EventRecordID>575</EventRecordID>
<Correlation ActivityID="{824d2842-61b0-0003-6935-4d82b061d801}" RelatedActivityID=""></Correlation>
<Execution ProcessID="3236" ThreadID="4736"></Execution>
<Channel>Microsoft-Windows-AppXDeploymentServer/Operational</Channel>
<Computer>WIN-GE1PLB8KFNS</Computer>
<Security UserID="S-1-5-18"></Security>
</System>
<EventData><Data Name="PathOne">C:\Program Files\WindowsApps\microsoft.xboxspeechtotextoverlay_1.21.13002.0_neutral_~_8wekyb3d8bbwe\AppxMetadata\AppxBundleManifest.xml</Data>
<Data Name="PathTwo">"SpeechToTextOverlay_1.21.13002.0_Win32_x86.appx": Microsoft.XboxSpeechToTextOverlay_1.21.13002.0_x86__8wekyb3d8bbwe "SpeechToTextOverlay_1.21.13002.0_ARM.appx": Microsoft.XboxSpeechToTextOverlay_1.21.13002.0_arm__8wekyb3d8bbwe "SpeechToTextOverlay_1.21.13002.0_x64.appx": Microsoft.XboxSpeechToTextOverlay_1.21.13002.0_x64__8wekyb3d8bbwe "SpeechToTextOverlay_1.21.13002.0_scale-100.appx": Microsoft.XboxSpeechToTextOverlay_1.21.13002.0_neutral_split.scale-100_8wekyb3d8bbwe "SpeechToTextOverlay_1.21.13002.0_scale-400.appx": Microsoft.XboxSpeechToTextOverlay_1.21.13002.0_neutral_split.scale-400_8wekyb3d8bbwe</Data>
</EventData>
</Event>

<Event xmlns="http://schemas.microsoft.com/win/2004/08/events/event"><System><Provider Name="Microsoft-Windows-AppXDeployment-Server" Guid="{3f471139-acb7-4a01-b7a7-ff5da4ba2d43}"></Provider>
<EventID Qualifiers="">854</EventID>
<Version>0</Version>
<Level>4</Level>
<Task>3</Task>
<Opcode>0</Opcode>
<Keywords>0x4000000000000001</Keywords>
<TimeCreated SystemTime="2022-05-07 01:20:16.083395"></TimeCreated>
<EventRecordID>576</EventRecordID>
<Correlation ActivityID="{824d2842-61b0-0003-6935-4d82b061d801}" RelatedActivityID=""></Correlation>
<Execution ProcessID="3236" ThreadID="4736"></Execution>
<Channel>Microsoft-Windows-AppXDeploymentServer/Operational</Channel>
<Computer>WIN-GE1PLB8KFNS</Computer>
<Security UserID="S-1-5-18"></Security>
</System>
<EventData><Data Name="Path"> C:\Program Files\WindowsApps\microsoft.xboxspeechtotextoverlay_1.21.13002.0_neutral_~_8wekyb3d8bbwe\AppxMetadata\AppxBundleManifest.xml C:\Program Files\WindowsApps\Microsoft.XboxSpeechToTextOverlay_1.21.13002.0_x64__8wekyb3d8bbwe\AppxManifest.xml C:\Program Files\WindowsApps\Microsoft.XboxSpeechToTextOverlay_1.21.13002.0_neutral_split.scale-100_8wekyb3d8bbwe\AppxManifest.xml</Data>
</EventData>
</Event>

