<Event xmlns="http://schemas.microsoft.com/win/2004/08/events/event"><System><Provider Name="Microsoft-Windows-AppXDeployment-Server" Guid="{3f471139-acb7-4a01-b7a7-ff5da4ba2d43}"></Provider>
<EventID Qualifiers="">8100</EventID>
<Version>0</Version>
<Level>5</Level>
<Task>49</Task>
<Opcode>0</Opcode>
<Keywords>0x4000000000000001</Keywords>
<TimeCreated SystemTime="2022-05-07 01:20:16.295483"></TimeCreated>
<EventRecordID>577</EventRecordID>
<Correlation ActivityID="{824d2842-61b0-0003-6935-4d82b061d801}" RelatedActivityID=""></Correlation>
<Execution ProcessID="3236" ThreadID="4736"></Execution>
<Channel>Microsoft-Windows-AppXDeploymentServer/Operational</Channel>
<Computer>WIN-GE1PLB8KFNS</Computer>
<Security UserID="S-1-5-18"></Security>
</System>
<EventData><Data Name="PackageFullName">Microsoft.XboxSpeechToTextOverlay_1.21.13002.0_neutral_~_8wekyb3d8bbwe</Data>
<Data Name="Flags">0x00000620</Data>
</EventData>
</Event>

<Event xmlns="http://schemas.microsoft.com/win/2004/08/events/event"><System><Provider Name="Microsoft-Windows-AppXDeployment-Server" Guid="{3f471139-acb7-4a01-b7a7-ff5da4ba2d43}"></Provider>
<EventID Qualifiers="">8100</EventID>
<Version>0</Version>
<Level>5</Level>
<Task>49</Task>
<Opcode>0</Opcode>
<Keywords>0x4000000000000001</Keywords>
<TimeCreated SystemTime="2022-05-07 01:20:16.300039"></TimeCreated>
<EventRecordID>578</EventRecordID>
<Correlation ActivityID="{824d2842-61b0-0003-6935-4d82b061d801}" RelatedActivityID=""></Correlation>
<Execution ProcessID="3236" ThreadID="4736"></Execution>
<Channel>Microsoft-Windows-AppXDeploymentServer/Operational</Channel>
<Computer>WIN-GE1PLB8KFNS</Computer>
<Security UserID="S-1-5-18"></Security>
</System>
<EventData><Data Name="PackageFullName">Microsoft.XboxSpeechToTextOverlay_1.21.13002.0_x64__8wekyb3d8bbwe</Data>
<Data Name="Flags">0x00000620</Data>
</EventData>
</Event>

<Event xmlns="http://schemas.microsoft.com/win/2004/08/events/event"><System><Provider Name="Microsoft-Windows-AppXDeployment-Server" Guid="{3f471139-acb7-4a01-b7a7-ff5da4ba2d43}"></Provider>
<EventID Qualifiers="">8100</EventID>
<Version>0</Version>
<Level>5</Level>
<Task>49</Task>
<Opcode>0</Opcode>
<Keywords>0x4000000000000001</Keywords>
<TimeCreated SystemTime="2022-05-07 01:20:16.304255"></TimeCreated>
<EventRecordID>579</EventRecordID>
<Correlation ActivityID="{824d2842-61b0-0003-6935-4d82b061d801}" RelatedActivityID=""></Correlation>
<Execution ProcessID="3236" ThreadID="4736"></Execution>
<Channel>Microsoft-Windows-AppXDeploymentServer/Operational</Channel>
<Computer>WIN-GE1PLB8KFNS</Computer>
<Security UserID="S-1-5-18"></Security>
</System>
<EventData><Data Name="PackageFullName">Microsoft.XboxSpeechToTextOverlay_1.21.13002.0_neutral_split.scale-100_8wekyb3d8bbwe</Data>
<Data Name="Flags">0x00000620</Data>
</EventData>
</Event>

<Event xmlns="http://schemas.microsoft.com/win/2004/08/events/event"><System><Provider Name="Microsoft-Windows-AppXDeployment-Server" Guid="{3f471139-acb7-4a01-b7a7-ff5da4ba2d43}"></Provider>
<EventID Qualifiers="">8105</EventID>
<Version>0</Version>
<Level>5</Level>
<Task>49</Task>
<Opcode>0</Opcode>
<Keywords>0x4000000000000001</Keywords>
<TimeCreated SystemTime="2022-05-07 01:20:16.355679"></TimeCreated>
<EventRecordID>580</EventRecordID>
<Correlation ActivityID="{824d2842-61b0-0003-6935-4d82b061d801}" RelatedActivityID=""></Correlation>
<Execution ProcessID="3236" ThreadID="4224"></Execution>
<Channel>Microsoft-Windows-AppXDeploymentServer/Operational</Channel>
<Computer>WIN-GE1PLB8KFNS</Computer>
<Security UserID="S-1-5-18"></Security>
</System>
<EventData><Data Name="PackageFullName">Microsoft.XboxSpeechToTextOverlay_1.21.13002.0_neutral_~_8wekyb3d8bbwe</Data>
<Data Name="NumberOfFiles">1</Data>
</EventData>
</Event>

<Event xmlns="http://schemas.microsoft.com/win/2004/08/events/event"><System><Provider Name="Microsoft-Windows-AppXDeployment-Server" Guid="{3f471139-acb7-4a01-b7a7-ff5da4ba2d43}"></Provider>
<EventID Qualifiers="">8101</EventID>
<Version>0</Version>
<Level>5</Level>
<Task>49</Task>
<Opcode>0</Opcode>
<Keywords>0x4000000000000001</Keywords>
<TimeCreated SystemTime="2022-05-07 01:20:16.355721"></TimeCreated>
<EventRecordID>581</EventRecordID>
<Correlation ActivityID="{824d2842-61b0-0003-6935-4d82b061d801}" RelatedActivityID=""></Correlation>
<Execution ProcessID="3236" ThreadID="4224"></Execution>
<Channel>Microsoft-Windows-AppXDeploymentServer/Operational</Channel>
<Computer>WIN-GE1PLB8KFNS</Computer>
<Security UserID="S-1-5-18"></Security>
</System>
<EventData><Data Name="PackageFullName">Microsoft.XboxSpeechToTextOverlay_1.21.13002.0_neutral_~_8wekyb3d8bbwe</Data>
<Data Name="Flags">0x00000620</Data>
</EventData>
</Event>

<Event xmlns="http://schemas.microsoft.com/win/2004/08/events/event"><System><Provider Name="Microsoft-Windows-AppXDeployment-Server" Guid="{3f471139-acb7-4a01-b7a7-ff5da4ba2d43}"></Provider>
<EventID Qualifiers="">819</EventID>
<Version>0</Version>
<Level>5</Level>
<Task>6</Task>
<Opcode>0</Opcode>
<Keywords>0x4000000000000001</Keywords>
<TimeCreated SystemTime="2022-05-07 01:20:57.734272"></TimeCreated>
<EventRecordID>582</EventRecordID>
<Correlation ActivityID="{ac38061f-61b0-0000-4507-38acb061d801}" RelatedActivityID=""></Correlation>
<Execution ProcessID="3588" ThreadID="3732"></Execution>
<Channel>Microsoft-Windows-AppXDeploymentServer/Operational</Channel>
<Computer>DESKTOP-DBOP9M0</Computer>
<Security UserID="S-1-5-18"></Security>
</System>
<EventData><Data Name="InstallPackageList">microsoft.549981c3f5f10_4.2203.4603.0_neutral_~_8wekyb3d8bbwe microsoft.desktopappinstaller_2022.127.2322.0_neutral_~_8wekyb3d8bbwe microsoft.gamingapp_2021.427.138.0_neutral_~_8wekyb3d8bbwe microsoft.heifimageextension_1.0.43012.0_x64__8wekyb3d8bbwe microsoft.microsoftstickynotes_4.1.2.0_neutral_~_8wekyb3d8bbwe microsoft.net.native.framework.2.2_2.2.29512.0_x64__8wekyb3d8bbwe microsoft.net.native.framework.2.2_2.2.29512.0_x86__8wekyb3d8bbwe microsoft.net.native.runtime.2.2_2.2.28604.0_x64__8wekyb3d8bbwe microsoft.net.native.runtime.2.2_2.2.28604.0_x86__8wekyb3d8bbwe microsoft.paint_11.2203.2.0_neutral_~_8wekyb3d8bbwe microsoft.screensketch_2022.2203.3.0_neutral_~_8wekyb3d8bbwe microsoft.sechealthui_1000.22000.1.0_neutral__8wekyb3d8bbwe microsoft.storepurchaseapp_12203.44.0.0_neutral_~_8wekyb3d8bbwe microsoft.ui.xaml.2.4_2.42007.9001.0_x64__8wekyb3d8bbwe microsoft.ui.xaml.2.4_2.42007.9001.0_x86__8wekyb3d8bbwe microsoft.ui.xaml.2.7_7.2203.17001.0_x64__8wekyb3d8bbwe microsoft.ui.xaml.2.7_7.2203.17001.0_x86__8wekyb3d8bbwe microsoft.vclibs.140.00.uwpdesktop_14.0.30704.0_x64__8wekyb3d8bbwe microsoft.vclibs.140.00.uwpdesktop_14.0.30704.0_x86__8wekyb3d8bbwe microsoft.vclibs.140.00_14.0.30704.0_x64__8wekyb3d8bbwe microsoft.vclibs.140.00_14.0.30704.0_x86__8wekyb3d8bbwe microsoft.vp9videoextensions_1.0.50901.0_x64__8wekyb3d8bbwe microsoft.webmediaextensions_1.0.42192.0_neutral_~_8wekyb3d8bbwe microsoft.webpimageextension_1.0.42351.0_x64__8wekyb3d8bbwe microsoft.windows.photos_2021.21120.8011.0_neutral_~_8wekyb3d8bbwe microsoft.windowscalculator_2020.2012.21.0_neutral_~_8wekyb3d8bbwe microsoft.windowscamera_2022.2203.5.0_neutral_~_8wekyb3d8bbwe microsoft.windowsnotepad_11.2203.10.0_neutral_~_8wekyb3d8bbwe microsoft.windowsstore_22204.1401.3.0_neutral_~_8wekyb3d8bbwe microsoft.windowsterminal_3001.12.10983.0_neutral_~_8wekyb3d8bbwe microsoft.xbox.tcui_1.24.10001.0_neutral_~_8wekyb3d8bbwe microsoft.xboxgameoverlay_1.54.4001.0_neutral_~_8wekyb3d8bbwe microsoft.xboxgamingoverlay_5.722.3302.0_neutral_~_8wekyb3d8bbwe microsoft.xboxidentityprovider_12.85.31001.0_neutral_~_8wekyb3d8bbwe microsoft.xboxspeechtotextoverlay_1.21.13002.0_neutral_~_8wekyb3d8bbwe microsoftteams_22082.402.1279.2578_x64__8wekyb3d8bbwe microsoftwindows.client.webexperience_421.20070.305.0_neutral_~_cw5n1h2txyewy </Data>
<Data Name="EndOfLifePackageList">NULL</Data>
</EventData>
</Event>

<Event xmlns="http://schemas.microsoft.com/win/2004/08/events/event"><System><Provider Name="Microsoft-Windows-AppXDeployment-Server" Guid="{3f471139-acb7-4a01-b7a7-ff5da4ba2d43}"></Provider>
<EventID Qualifiers="">603</EventID>
<Version>0</Version>
<Level>4</Level>
<Task>3</Task>
<Opcode>0</Opcode>
<Keywords>0x4000000000000001</Keywords>
<TimeCreated SystemTime="2022-05-06 15:21:04.298138"></TimeCreated>
<EventRecordID>583</EventRecordID>
<Correlation ActivityID="{ac38061f-61b0-0002-ab07-38acb061d801}" RelatedActivityID=""></Correlation>
<Execution ProcessID="1548" ThreadID="1572"></Execution>
<Channel>Microsoft-Windows-AppXDeploymentServer/Operational</Channel>
<Computer>DESKTOP-DBOP9M0</Computer>
<Security UserID="S-1-5-18"></Security>
</System>
<EventData><Data Name="DeploymentOperation">19</Data>
<Data Name="Path"></Data>
<Data Name="Flags">0</Data>
<Data Name="FlagsHigh">0</Data>
<Data Name="CallingProcess">svchost.exe,StorSvc</Data>
<Data Name="ExternalLocation"></Data>
</EventData>
</Event>

<Event xmlns="http://schemas.microsoft.com/win/2004/08/events/event"><System><Provider Name="Microsoft-Windows-AppXDeployment-Server" Guid="{3f471139-acb7-4a01-b7a7-ff5da4ba2d43}"></Provider>
<EventID Qualifiers="">603</EventID>
<Version>0</Version>
<Level>4</Level>
<Task>3</Task>
<Opcode>0</Opcode>
<Keywords>0x4000000000000001</Keywords>
<TimeCreated SystemTime="2022-05-06 15:21:04.329241"></TimeCreated>
<EventRecordID>584</EventRecordID>
<Correlation ActivityID="{ac38061f-61b0-0003-3007-38acb061d801}" RelatedActivityID=""></Correlation>
<Execution ProcessID="1548" ThreadID="1572"></Execution>
<Channel>Microsoft-Windows-AppXDeploymentServer/Operational</Channel>
<Computer>DESKTOP-DBOP9M0</Computer>
<Security UserID="S-1-5-18"></Security>
</System>
<EventData><Data Name="DeploymentOperation">34</Data>
<Data Name="Path"></Data>
<Data Name="Flags">0</Data>
<Data Name="FlagsHigh">0</Data>
<Data Name="CallingProcess">svchost.exe,StorSvc</Data>
<Data Name="ExternalLocation"></Data>
</EventData>
</Event>

<Event xmlns="http://schemas.microsoft.com/win/2004/08/events/event"><System><Provider Name="Microsoft-Windows-AppXDeployment-Server" Guid="{3f471139-acb7-4a01-b7a7-ff5da4ba2d43}"></Provider>
<EventID Qualifiers="">819</EventID>
<Version>0</Version>
<Level>5</Level>
<Task>6</Task>
<Opcode>0</Opcode>
<Keywords>0x4000000000000001</Keywords>
<TimeCreated SystemTime="2022-05-06 15:21:06.995890"></TimeCreated>
<EventRecordID>585</EventRecordID>
<Correlation ActivityID="{ac38061f-61b0-0002-4008-38acb061d801}" RelatedActivityID=""></Correlation>
<Execution ProcessID="3588" ThreadID="3684"></Execution>
<Channel>Microsoft-Windows-AppXDeploymentServer/Operational</Channel>
<Computer>DESKTOP-DBOP9M0</Computer>
<Security UserID="S-1-5-18"></Security>
</System>
<EventData><Data Name="InstallPackageList">Microsoft.Windows.CloudExperienceHost_10.0.22000.1_neutral_neutral_cw5n1h2txyewy Microsoft.BioEnrollment_10.0.19586.1000_neutral_neutral_cw5n1h2txyewy Microsoft.AAD.BrokerPlugin_1000.19580.1000.0_neutral_neutral_cw5n1h2txyewy Microsoft.Windows.OOBENetworkConnectionFlow_10.0.21302.1000_neutral_neutral_cw5n1h2txyewy Microsoft.Windows.OOBENetworkCaptivePortal_10.0.21302.1000_neutral_neutral_cw5n1h2txyewy MicrosoftWindows.UndockedDevKit_10.0.22000.1_neutral_neutral_cw5n1h2txyewy Microsoft.UI.Xaml.CBS_2.62107.16001.0_neutral_neutral_8wekyb3d8bbwe MicrosoftWindows.Client.CBS_1000.22000.652.0_neutral_neutral_cw5n1h2txyewy Microsoft.Windows.StartMenuExperienceHost_10.0.22000.37_neutral_neutral_cw5n1h2txyewy Microsoft.Windows.ShellExperienceHost_10.0.22000.71_neutral_neutral_cw5n1h2txyewy windows.immersivecontrolpanel_10.0.6.1000_neutral_neutral_cw5n1h2txyewy Microsoft.Windows.Search_1.16.0.22000_neutral_neutral_cw5n1h2txyewy Microsoft.549981C3F5F10_4.2203.4603.0_neutral_~_8wekyb3d8bbwe 1527c705-839a-4832-9118-54d4Bd6a0c89_10.0.19640.1000_neutral_neutral_cw5n1h2txyewy c5e2524a-ea46-4f67-841f-6a9465d9d515_10.0.22000.1_neutral_neutral_cw5n1h2txyewy E2A4F912-2574-4A75-9BB0-0D023378592B_10.0.19640.1000_neutral_neutral_cw5n1h2txyewy F46D4000-FD22-4DB4-AC8E-4E1DDDE828FE_10.0.22000.1_neutral_neutral_cw5n1h2txyewy Microsoft.AccountsControl_10.0.22000.1_neutral_neutral_cw5n1h2txyewy Microsoft.AsyncTextService_10.0.22000.1_neutral_neutral_8wekyb3d8bbwe Microsoft.CredDialogHost_10.0.19595.1001_neutral_neutral_cw5n1h2txyewy Microsoft.ECApp_10.0.22000.1_neutral_neutral_8wekyb3d8bbwe Microsoft.LockApp_10.0.22000.1_neutral_neutral_cw5n1h2txyewy Microsoft.MicrosoftEdgeDevToolsClient_10.0.22000.1_neutral__8wekyb3d8bbwe Microsoft.MicrosoftEdge_44.22000.120.0_neutral__8wekyb3d8bbwe Microsoft.Win32WebViewHost_10.0.22000.1_neutral_neutral_cw5n1h2txyewy Microsoft.Windows.AppRep.ChxApp_10.0.22000.1_neutral_neutral_cw5n1h2txyewy Microsoft.Windows.AssignedAccessLockApp_10.0.22000.1_neutral_neutral_cw5n1h2txyewy Microsoft.Windows.CallingShellApp_10.0.22000.1_neutral_neutral_cw5n1h2txyewy Microsoft.Windows.CapturePicker_10.0.19580.1000_neutral_neutral_cw5n1h2txyewy Microsoft.Windows.ContentDeliveryManager_10.0.22000.1_neutral_neutral_cw5n1h2txyewy Microsoft.Windows.NarratorQuickStart_10.0.22000.1_neutral_neutral_8wekyb3d8bbwe Microsoft.Windows.ParentalControls_10.0.22000.1_neutral_neutral_cw5n1h2txyewy Microsoft.Windows.PeopleExperienceHost_10.0.22000.1_neutral_neutral_cw5n1h2txyewy Microsoft.Windows.PinningConfirmationDialog_10.0.22000.1_neutral_neutral_cw5n1h2txyewy Microsoft.Windows.SecureAssessmentBrowser_10.0.22000.1_neutral_neutral_cw5n1h2txyewy Microsoft.Windows.XGpuEjectDialog_10.0.22000.1_neutral_neutral_cw5n1h2txyewy Microsoft.XboxGameCallableUI_10.0.22000.1_neutral_neutral_cw5n1h2txyewy NcsiUwpApp_10.0.22000.1_neutral_neutral_8wekyb3d8bbwe Windows.CBSPreview_10.0.19580.1000_neutral_neutral_cw5n1h2txyewy Windows.PrintDialog_6.2.1.0_neutral_neutral_cw5n1h2txyewy Microsoft.DesktopAppInstaller_2022.127.2322.0_neutral_~_8wekyb3d8bbwe Microsoft.GamingApp_2021.427.138.0_neutral_~_8wekyb3d8bbwe Microsoft.HEIFImageExtension_1.0.43012.0_x64__8wekyb3d8bbwe Microsoft.MicrosoftStickyNotes_4.1.2.0_neutral_~_8wekyb3d8bbwe Microsoft.Paint_11.2203.2.0_neutral_~_8wekyb3d8bbwe Microsoft.ScreenSketch_2022.2203.3.0_neutral_~_8wekyb3d8bbwe Microsoft.SecHealthUI_1000.22000.1.0_neutral__8wekyb3d8bbwe Microsoft.StorePurchaseApp_12203.44.0.0_neutral_~_8wekyb3d8bbwe Microsoft.UI.Xaml.2.4_2.42007.9001.0_x64__8wekyb3d8bbwe Microsoft.VCLibs.140.00_14.0.29231.0_x64__8wekyb3d8bbwe Microsoft.VP9VideoExtensions_1.0.50901.0_x64__8wekyb3d8bbwe Microsoft.WebMediaExtensions_1.0.42192.0_neutral_~_8wekyb3d8bbwe Microsoft.WebpImageExtension_1.0.42351.0_x64__8wekyb3d8bbwe Microsoft.Windows.Photos_2021.21120.8011.0_neutral_~_8wekyb3d8bbwe Microsoft.WindowsCalculator_2020.2012.21.0_neutral_~_8wekyb3d8bbwe Microsoft.WindowsCamera_2022.2203.5.0_neutral_~_8wekyb3d8bbwe Microsoft.WindowsNotepad_11.2203.10.0_neutral_~_8wekyb3d8bbwe Microsoft.WindowsStore_22204.1401.3.0_neutral_~_8wekyb3d8bbwe Microsoft.WindowsTerminal_3001.12.10983.0_neutral_~_8wekyb3d8bbwe Microsoft.Xbox.TCUI_1.24.10001.0_neutral_~_8wekyb3d8bbwe Microsoft.XboxGameOverlay_1.54.4001.0_neutral_~_8wekyb3d8bbwe Microsoft.XboxGamingOverlay_5.722.3302.0_neutral_~_8wekyb3d8bbwe Microsoft.XboxIdentityProvider_12.85.31001.0_neutral_~_8wekyb3d8bbwe Microsoft.XboxSpeechToTextOverlay_1.21.13002.0_neutral_~_8wekyb3d8bbwe MicrosoftTeams_22082.402.1279.2578_x64__8wekyb3d8bbwe MicrosoftWindows.Client.WebExperience_421.20070.305.0_neutral_~_cw5n1h2txyewy </Data>
<Data Name="EndOfLifePackageList">NULL</Data>
</EventData>
</Event>

<Event xmlns="http://schemas.microsoft.com/win/2004/08/events/event"><System><Provider Name="Microsoft-Windows-AppXDeployment-Server" Guid="{3f471139-acb7-4a01-b7a7-ff5da4ba2d43}"></Provider>
<EventID Qualifiers="">603</EventID>
<Version>0</Version>
<Level>4</Level>
<Task>3</Task>
<Opcode>0</Opcode>
<Keywords>0x4000000000000001</Keywords>
<TimeCreated SystemTime="2022-05-06 15:21:07.083931"></TimeCreated>
<EventRecordID>586</EventRecordID>
<Correlation ActivityID="{ac38061f-61b0-0003-a807-38acb061d801}" RelatedActivityID=""></Correlation>
<Execution ProcessID="1548" ThreadID="4860"></Execution>
<Channel>Microsoft-Windows-AppXDeploymentServer/Operational</Channel>
<Computer>DESKTOP-DBOP9M0</Computer>
<Security UserID="S-1-5-21-2389065719-3342106636-307857974-1000"></Security>
</System>
<EventData><Data Name="DeploymentOperation">6</Data>
<Data Name="Path">AppxManifest.xml</Data>
<Data Name="Flags">2449474112</Data>
<Data Name="FlagsHigh">262144</Data>
<Data Name="CallingProcess">svchost.exe,AppReadiness</Data>
<Data Name="ExternalLocation"></Data>
</EventData>
</Event>

<Event xmlns="http://schemas.microsoft.com/win/2004/08/events/event"><System><Provider Name="Microsoft-Windows-AppXDeployment-Server" Guid="{3f471139-acb7-4a01-b7a7-ff5da4ba2d43}"></Provider>
<EventID Qualifiers="">603</EventID>
<Version>0</Version>
<Level>4</Level>
<Task>3</Task>
<Opcode>0</Opcode>
<Keywords>0x4000000000000001</Keywords>
<TimeCreated SystemTime="2022-05-06 15:21:07.083933"></TimeCreated>
<EventRecordID>587</EventRecordID>
<Correlation ActivityID="{ac38061f-61b0-0002-6308-38acb061d801}" RelatedActivityID=""></Correlation>
<Execution ProcessID="1548" ThreadID="1572"></Execution>
<Channel>Microsoft-Windows-AppXDeploymentServer/Operational</Channel>
<Computer>DESKTOP-DBOP9M0</Computer>
<Security UserID="S-1-5-21-2389065719-3342106636-307857974-1000"></Security>
</System>
<EventData><Data Name="DeploymentOperation">6</Data>
<Data Name="Path">AppxManifest.xml</Data>
<Data Name="Flags">2449474112</Data>
<Data Name="FlagsHigh">262144</Data>
<Data Name="CallingProcess">svchost.exe,AppReadiness</Data>
<Data Name="ExternalLocation"></Data>
</EventData>
</Event>

<Event xmlns="http://schemas.microsoft.com/win/2004/08/events/event"><System><Provider Name="Microsoft-Windows-AppXDeployment-Server" Guid="{3f471139-acb7-4a01-b7a7-ff5da4ba2d43}"></Provider>
<EventID Qualifiers="">10002</EventID>
<Version>0</Version>
<Level>5</Level>
<Task>3</Task>
<Opcode>0</Opcode>
<Keywords>0x4000000000000001</Keywords>
<TimeCreated SystemTime="2022-05-06 15:21:07.163229"></TimeCreated>
<EventRecordID>588</EventRecordID>
<Correlation ActivityID="{ac38061f-61b0-0002-6308-38acb061d801}" RelatedActivityID=""></Correlation>
<Execution ProcessID="1548" ThreadID="4948"></Execution>
<Channel>Microsoft-Windows-AppXDeploymentServer/Operational</Channel>
<Computer>DESKTOP-DBOP9M0</Computer>
<Security UserID="S-1-5-18"></Security>
</System>
<EventData><Data Name="DeploymentOperation">6</Data>
<Data Name="MainPackageMoniker">Microsoft.BioEnrollment_10.0.19586.1000_neutral__cw5n1h2txyewy</Data>
<Data Name="ResiliencyFilePath">C:\ProgramData\Microsoft\Windows\AppRepository\e77ebabb-870c-4861-8e4a-cceba4fd15f6_S-1-5-21-2389065719-3342106636-307857974-1000_1.rslc</Data>
</EventData>
</Event>

<Event xmlns="http://schemas.microsoft.com/win/2004/08/events/event"><System><Provider Name="Microsoft-Windows-AppXDeployment-Server" Guid="{3f471139-acb7-4a01-b7a7-ff5da4ba2d43}"></Provider>
<EventID Qualifiers="">607</EventID>
<Version>0</Version>
<Level>4</Level>
<Task>0</Task>
<Opcode>0</Opcode>
<Keywords>0x4000000000000001</Keywords>
<TimeCreated SystemTime="2022-05-06 15:21:07.164074"></TimeCreated>
<EventRecordID>589</EventRecordID>
<Correlation ActivityID="{ac38061f-61b0-0002-6308-38acb061d801}" RelatedActivityID=""></Correlation>
<Execution ProcessID="1548" ThreadID="4948"></Execution>
<Channel>Microsoft-Windows-AppXDeploymentServer/Operational</Channel>
<Computer>DESKTOP-DBOP9M0</Computer>
<Security UserID="S-1-5-21-2389065719-3342106636-307857974-1000"></Security>
</System>
<EventData><Data Name="DeploymentOperation">6</Data>
<Data Name="PackageFullName">Microsoft.BioEnrollment_10.0.19586.1000_neutral__cw5n1h2txyewy</Data>
<Data Name="UserSid">S-1-5-21-2389065719-3342106636-307857974-1000</Data>
<Data Name="CallingProcess">svchost.exe,AppReadiness</Data>
</EventData>
</Event>

<Event xmlns="http://schemas.microsoft.com/win/2004/08/events/event"><System><Provider Name="Microsoft-Windows-AppXDeployment-Server" Guid="{3f471139-acb7-4a01-b7a7-ff5da4ba2d43}"></Provider>
<EventID Qualifiers="">854</EventID>
<Version>0</Version>
<Level>4</Level>
<Task>3</Task>
<Opcode>0</Opcode>
<Keywords>0x4000000000000001</Keywords>
<TimeCreated SystemTime="2022-05-06 15:21:07.166767"></TimeCreated>
<EventRecordID>590</EventRecordID>
<Correlation ActivityID="{ac38061f-61b0-0002-6308-38acb061d801}" RelatedActivityID=""></Correlation>
<Execution ProcessID="1548" ThreadID="4948"></Execution>
<Channel>Microsoft-Windows-AppXDeploymentServer/Operational</Channel>
<Computer>DESKTOP-DBOP9M0</Computer>
<Security UserID="S-1-5-21-2389065719-3342106636-307857974-1000"></Security>
</System>
<EventData><Data Name="Path"> C:\Windows\SystemApps\Microsoft.BioEnrollment_cw5n1h2txyewy\AppxManifest.xml</Data>
</EventData>
</Event>

<Event xmlns="http://schemas.microsoft.com/win/2004/08/events/event"><System><Provider Name="Microsoft-Windows-AppXDeployment-Server" Guid="{3f471139-acb7-4a01-b7a7-ff5da4ba2d43}"></Provider>
<EventID Qualifiers="">629</EventID>
<Version>0</Version>
<Level>5</Level>
<Task>4</Task>
<Opcode>0</Opcode>
<Keywords>0x4000000000000001</Keywords>
<TimeCreated SystemTime="2022-05-06 15:21:07.404179"></TimeCreated>
<EventRecordID>591</EventRecordID>
<Correlation ActivityID="{ac38061f-61b0-0002-6308-38acb061d801}" RelatedActivityID=""></Correlation>
<Execution ProcessID="1548" ThreadID="4948"></Execution>
<Channel>Microsoft-Windows-AppXDeploymentServer/Operational</Channel>
<Computer>DESKTOP-DBOP9M0</Computer>
<Security UserID="S-1-5-21-2389065719-3342106636-307857974-1000"></Security>
</System>
<EventData><Data Name="PackageName">Microsoft.BioEnrollment_10.0.19586.1000_neutral__cw5n1h2txyewy</Data>
<Data Name="DependencyName">Microsoft.UI.Xaml.CBS</Data>
<Data Name="DependencyPublisher">CN=Microsoft Corporation, O=Microsoft Corporation, L=Redmond, S=Washington, C=US</Data>
<Data Name="DependencyArchitecture">0</Data>
<Data Name="DependencyMinVersion">2.42007.9001.0</Data>
<Data Name="FrameworkList">{Microsoft.UI.Xaml.CBS_2.62107.16001.0_x64__8wekyb3d8bbwe}</Data>
</EventData>
</Event>

<Event xmlns="http://schemas.microsoft.com/win/2004/08/events/event"><System><Provider Name="Microsoft-Windows-AppXDeployment-Server" Guid="{3f471139-acb7-4a01-b7a7-ff5da4ba2d43}"></Provider>
<EventID Qualifiers="">855</EventID>
<Version>0</Version>
<Level>4</Level>
<Task>4</Task>
<Opcode>0</Opcode>
<Keywords>0x4000000000000001</Keywords>
<TimeCreated SystemTime="2022-05-06 15:21:07.417130"></TimeCreated>
<EventRecordID>592</EventRecordID>
<Correlation ActivityID="{ac38061f-61b0-0002-6308-38acb061d801}" RelatedActivityID=""></Correlation>
<Execution ProcessID="1548" ThreadID="4948"></Execution>
<Channel>Microsoft-Windows-AppXDeploymentServer/Operational</Channel>
<Computer>DESKTOP-DBOP9M0</Computer>
<Security UserID="S-1-5-21-2389065719-3342106636-307857974-1000"></Security>
</System>
<EventData><Data Name="PackageMoniker"> addPackageList: Microsoft.UI.Xaml.CBS_2.62107.16001.0_x64__8wekyb3d8bbwe Microsoft.VCLibs.140.00_14.0.30704.0_x86__8wekyb3d8bbwe Microsoft.VCLibs.140.00_14.0.30704.0_x64__8wekyb3d8bbwe Microsoft.BioEnrollment_10.0.19586.1000_neutral__cw5n1h2txyewy</Data>
</EventData>
</Event>

<Event xmlns="http://schemas.microsoft.com/win/2004/08/events/event"><System><Provider Name="Microsoft-Windows-AppXDeployment-Server" Guid="{3f471139-acb7-4a01-b7a7-ff5da4ba2d43}"></Provider>
<EventID Qualifiers="">10000</EventID>
<Version>0</Version>
<Level>5</Level>
<Task>4</Task>
<Opcode>0</Opcode>
<Keywords>0x4000000000000001</Keywords>
<TimeCreated SystemTime="2022-05-06 15:21:07.521753"></TimeCreated>
<EventRecordID>593</EventRecordID>
<Correlation ActivityID="{ac38061f-61b0-0002-6308-38acb061d801}" RelatedActivityID=""></Correlation>
<Execution ProcessID="1548" ThreadID="4948"></Execution>
<Channel>Microsoft-Windows-AppXDeploymentServer/Operational</Channel>
<Computer>DESKTOP-DBOP9M0</Computer>
<Security UserID="S-1-5-18"></Security>
</System>
<EventData><Data Name="PackageFullName">Microsoft.UI.Xaml.CBS_2.62107.16001.0_x64__8wekyb3d8bbwe</Data>
<Data Name="ErrorCode">0x00000000</Data>
</EventData>
</Event>

<Event xmlns="http://schemas.microsoft.com/win/2004/08/events/event"><System><Provider Name="Microsoft-Windows-AppXDeployment-Server" Guid="{3f471139-acb7-4a01-b7a7-ff5da4ba2d43}"></Provider>
<EventID Qualifiers="">10000</EventID>
<Version>0</Version>
<Level>5</Level>
<Task>4</Task>
<Opcode>0</Opcode>
<Keywords>0x4000000000000001</Keywords>
<TimeCreated SystemTime="2022-05-06 15:21:07.527514"></TimeCreated>
<EventRecordID>594</EventRecordID>
<Correlation ActivityID="{ac38061f-61b0-0002-6308-38acb061d801}" RelatedActivityID=""></Correlation>
<Execution ProcessID="1548" ThreadID="4948"></Execution>
<Channel>Microsoft-Windows-AppXDeploymentServer/Operational</Channel>
<Computer>DESKTOP-DBOP9M0</Computer>
<Security UserID="S-1-5-18"></Security>
</System>
<EventData><Data Name="PackageFullName">Microsoft.VCLibs.140.00_14.0.30704.0_x86__8wekyb3d8bbwe</Data>
<Data Name="ErrorCode">0x00000000</Data>
</EventData>
</Event>

<Event xmlns="http://schemas.microsoft.com/win/2004/08/events/event"><System><Provider Name="Microsoft-Windows-AppXDeployment-Server" Guid="{3f471139-acb7-4a01-b7a7-ff5da4ba2d43}"></Provider>
<EventID Qualifiers="">10000</EventID>
<Version>0</Version>
<Level>5</Level>
<Task>4</Task>
<Opcode>0</Opcode>
<Keywords>0x4000000000000001</Keywords>
<TimeCreated SystemTime="2022-05-06 15:21:07.534060"></TimeCreated>
<EventRecordID>595</EventRecordID>
<Correlation ActivityID="{ac38061f-61b0-0002-6308-38acb061d801}" RelatedActivityID=""></Correlation>
<Execution ProcessID="1548" ThreadID="4948"></Execution>
<Channel>Microsoft-Windows-AppXDeploymentServer/Operational</Channel>
<Computer>DESKTOP-DBOP9M0</Computer>
<Security UserID="S-1-5-18"></Security>
</System>
<EventData><Data Name="PackageFullName">Microsoft.VCLibs.140.00_14.0.30704.0_x64__8wekyb3d8bbwe</Data>
<Data Name="ErrorCode">0x00000000</Data>
</EventData>
</Event>

<Event xmlns="http://schemas.microsoft.com/win/2004/08/events/event"><System><Provider Name="Microsoft-Windows-AppXDeployment-Server" Guid="{3f471139-acb7-4a01-b7a7-ff5da4ba2d43}"></Provider>
<EventID Qualifiers="">10000</EventID>
<Version>0</Version>
<Level>5</Level>
<Task>4</Task>
<Opcode>0</Opcode>
<Keywords>0x4000000000000001</Keywords>
<TimeCreated SystemTime="2022-05-06 15:21:07.541830"></TimeCreated>
<EventRecordID>596</EventRecordID>
<Correlation ActivityID="{ac38061f-61b0-0002-6308-38acb061d801}" RelatedActivityID=""></Correlation>
<Execution ProcessID="1548" ThreadID="4948"></Execution>
<Channel>Microsoft-Windows-AppXDeploymentServer/Operational</Channel>
<Computer>DESKTOP-DBOP9M0</Computer>
<Security UserID="S-1-5-18"></Security>
</System>
<EventData><Data Name="PackageFullName">Microsoft.BioEnrollment_10.0.19586.1000_neutral__cw5n1h2txyewy</Data>
<Data Name="ErrorCode">0x00000000</Data>
</EventData>
</Event>

<Event xmlns="http://schemas.microsoft.com/win/2004/08/events/event"><System><Provider Name="Microsoft-Windows-AppXDeployment-Server" Guid="{3f471139-acb7-4a01-b7a7-ff5da4ba2d43}"></Provider>
<EventID Qualifiers="">540</EventID>
<Version>0</Version>
<Level>5</Level>
<Task>3</Task>
<Opcode>0</Opcode>
<Keywords>0x4000000000000001</Keywords>
<TimeCreated SystemTime="2022-05-06 15:21:07.625612"></TimeCreated>
<EventRecordID>597</EventRecordID>
<Correlation ActivityID="{ac38061f-61b0-0002-6308-38acb061d801}" RelatedActivityID=""></Correlation>
<Execution ProcessID="1548" ThreadID="4948"></Execution>
<Channel>Microsoft-Windows-AppXDeploymentServer/Operational</Channel>
<Computer>DESKTOP-DBOP9M0</Computer>
<Security UserID="S-1-5-18"></Security>
</System>
<EventData><Data Name="PackageFullName">Microsoft.UI.Xaml.CBS_2.62107.16001.0_x64__8wekyb3d8bbwe</Data>
<Data Name="Architecture">64</Data>
</EventData>
</Event>

<Event xmlns="http://schemas.microsoft.com/win/2004/08/events/event"><System><Provider Name="Microsoft-Windows-AppXDeployment-Server" Guid="{3f471139-acb7-4a01-b7a7-ff5da4ba2d43}"></Provider>
<EventID Qualifiers="">541</EventID>
<Version>0</Version>
<Level>5</Level>
<Task>3</Task>
<Opcode>0</Opcode>
<Keywords>0x4000000000000001</Keywords>
<TimeCreated SystemTime="2022-05-06 15:21:07.633907"></TimeCreated>
<EventRecordID>598</EventRecordID>
<Correlation ActivityID="{ac38061f-61b0-0002-6308-38acb061d801}" RelatedActivityID=""></Correlation>
<Execution ProcessID="1548" ThreadID="4948"></Execution>
<Channel>Microsoft-Windows-AppXDeploymentServer/Operational</Channel>
<Computer>DESKTOP-DBOP9M0</Computer>
<Security UserID="S-1-5-18"></Security>
</System>
<EventData><Data Name="PackageFullName">Microsoft.UI.Xaml.CBS_2.62107.16001.0_x64__8wekyb3d8bbwe</Data>
<Data Name="Architecture">64</Data>
</EventData>
</Event>

<Event xmlns="http://schemas.microsoft.com/win/2004/08/events/event"><System><Provider Name="Microsoft-Windows-AppXDeployment-Server" Guid="{3f471139-acb7-4a01-b7a7-ff5da4ba2d43}"></Provider>
<EventID Qualifiers="">8100</EventID>
<Version>0</Version>
<Level>5</Level>
<Task>49</Task>
<Opcode>0</Opcode>
<Keywords>0x4000000000000001</Keywords>
<TimeCreated SystemTime="2022-05-06 15:21:07.674389"></TimeCreated>
<EventRecordID>599</EventRecordID>
<Correlation ActivityID="{ac38061f-61b0-0002-6308-38acb061d801}" RelatedActivityID=""></Correlation>
<Execution ProcessID="1548" ThreadID="4948"></Execution>
<Channel>Microsoft-Windows-AppXDeploymentServer/Operational</Channel>
<Computer>DESKTOP-DBOP9M0</Computer>
<Security UserID="S-1-5-18"></Security>
</System>
<EventData><Data Name="PackageFullName">Microsoft.VCLibs.140.00_14.0.30704.0_x86__8wekyb3d8bbwe</Data>
<Data Name="Flags">0x00000005</Data>
</EventData>
</Event>

<Event xmlns="http://schemas.microsoft.com/win/2004/08/events/event"><System><Provider Name="Microsoft-Windows-AppXDeployment-Server" Guid="{3f471139-acb7-4a01-b7a7-ff5da4ba2d43}"></Provider>
<EventID Qualifiers="">8106</EventID>
<Version>0</Version>
<Level>5</Level>
<Task>49</Task>
<Opcode>0</Opcode>
<Keywords>0x4000000000000001</Keywords>
<TimeCreated SystemTime="2022-05-06 15:21:07.675524"></TimeCreated>
<EventRecordID>600</EventRecordID>
<Correlation ActivityID="{ac38061f-61b0-0002-6308-38acb061d801}" RelatedActivityID=""></Correlation>
<Execution ProcessID="1548" ThreadID="4948"></Execution>
<Channel>Microsoft-Windows-AppXDeploymentServer/Operational</Channel>
<Computer>DESKTOP-DBOP9M0</Computer>
<Security UserID="S-1-5-18"></Security>
</System>
<EventData><Data Name="PackageFullName">Microsoft.VCLibs.140.00_14.0.30704.0_x86__8wekyb3d8bbwe</Data>
<Data Name="Flags">0x00000005</Data>
</EventData>
</Event>

<Event xmlns="http://schemas.microsoft.com/win/2004/08/events/event"><System><Provider Name="Microsoft-Windows-AppXDeployment-Server" Guid="{3f471139-acb7-4a01-b7a7-ff5da4ba2d43}"></Provider>
<EventID Qualifiers="">8101</EventID>
<Version>0</Version>
<Level>5</Level>
<Task>49</Task>
<Opcode>0</Opcode>
<Keywords>0x4000000000000001</Keywords>
<TimeCreated SystemTime="2022-05-06 15:21:07.675549"></TimeCreated>
<EventRecordID>601</EventRecordID>
<Correlation ActivityID="{ac38061f-61b0-0002-6308-38acb061d801}" RelatedActivityID=""></Correlation>
<Execution ProcessID="1548" ThreadID="4948"></Execution>
<Channel>Microsoft-Windows-AppXDeploymentServer/Operational</Channel>
<Computer>DESKTOP-DBOP9M0</Computer>
<Security UserID="S-1-5-18"></Security>
</System>
<EventData><Data Name="PackageFullName">Microsoft.VCLibs.140.00_14.0.30704.0_x86__8wekyb3d8bbwe</Data>
<Data Name="Flags">0x00000005</Data>
</EventData>
</Event>

<Event xmlns="http://schemas.microsoft.com/win/2004/08/events/event"><System><Provider Name="Microsoft-Windows-AppXDeployment-Server" Guid="{3f471139-acb7-4a01-b7a7-ff5da4ba2d43}"></Provider>
<EventID Qualifiers="">540</EventID>
<Version>0</Version>
<Level>5</Level>
<Task>3</Task>
<Opcode>0</Opcode>
<Keywords>0x4000000000000001</Keywords>
<TimeCreated SystemTime="2022-05-06 15:21:07.680004"></TimeCreated>
<EventRecordID>602</EventRecordID>
<Correlation ActivityID="{ac38061f-61b0-0002-6308-38acb061d801}" RelatedActivityID=""></Correlation>
<Execution ProcessID="1548" ThreadID="4948"></Execution>
<Channel>Microsoft-Windows-AppXDeploymentServer/Operational</Channel>
<Computer>DESKTOP-DBOP9M0</Computer>
<Security UserID="S-1-5-18"></Security>
</System>
<EventData><Data Name="PackageFullName">Microsoft.VCLibs.140.00_14.0.30704.0_x86__8wekyb3d8bbwe</Data>
<Data Name="Architecture">32</Data>
</EventData>
</Event>

<Event xmlns="http://schemas.microsoft.com/win/2004/08/events/event"><System><Provider Name="Microsoft-Windows-AppXDeployment-Server" Guid="{3f471139-acb7-4a01-b7a7-ff5da4ba2d43}"></Provider>
<EventID Qualifiers="">552</EventID>
<Version>0</Version>
<Level>5</Level>
<Task>3</Task>
<Opcode>0</Opcode>
<Keywords>0x4000000000000001</Keywords>
<TimeCreated SystemTime="2022-05-06 15:21:07.680960"></TimeCreated>
<EventRecordID>603</EventRecordID>
<Correlation ActivityID="{ac38061f-61b0-0002-6308-38acb061d801}" RelatedActivityID=""></Correlation>
<Execution ProcessID="1548" ThreadID="4948"></Execution>
<Channel>Microsoft-Windows-AppXDeploymentServer/Operational</Channel>
<Computer>DESKTOP-DBOP9M0</Computer>
<Security UserID="S-1-5-18"></Security>
</System>
<EventData><Data Name="PackageFullName">Microsoft.VCLibs.140.00_14.0.30704.0_x86__8wekyb3d8bbwe</Data>
<Data Name="FullFilePath">\\?\C:\Program Files\WindowsApps\microsoft.vclibs.140.00_14.0.30704.0_x86__8wekyb3d8bbwe\microsoft.system.package.metadata\Autogen\JSByteCodeCache_32</Data>
</EventData>
</Event>

<Event xmlns="http://schemas.microsoft.com/win/2004/08/events/event"><System><Provider Name="Microsoft-Windows-AppXDeployment-Server" Guid="{3f471139-acb7-4a01-b7a7-ff5da4ba2d43}"></Provider>
<EventID Qualifiers="">541</EventID>
<Version>0</Version>
<Level>5</Level>
<Task>3</Task>
<Opcode>0</Opcode>
<Keywords>0x4000000000000001</Keywords>
<TimeCreated SystemTime="2022-05-06 15:21:07.680965"></TimeCreated>
<EventRecordID>604</EventRecordID>
<Correlation ActivityID="{ac38061f-61b0-0002-6308-38acb061d801}" RelatedActivityID=""></Correlation>
<Execution ProcessID="1548" ThreadID="4948"></Execution>
<Channel>Microsoft-Windows-AppXDeploymentServer/Operational</Channel>
<Computer>DESKTOP-DBOP9M0</Computer>
<Security UserID="S-1-5-18"></Security>
</System>
<EventData><Data Name="PackageFullName">Microsoft.VCLibs.140.00_14.0.30704.0_x86__8wekyb3d8bbwe</Data>
<Data Name="Architecture">32</Data>
</EventData>
</Event>

<Event xmlns="http://schemas.microsoft.com/win/2004/08/events/event"><System><Provider Name="Microsoft-Windows-AppXDeployment-Server" Guid="{3f471139-acb7-4a01-b7a7-ff5da4ba2d43}"></Provider>
<EventID Qualifiers="">8100</EventID>
<Version>0</Version>
<Level>5</Level>
<Task>49</Task>
<Opcode>0</Opcode>
<Keywords>0x4000000000000001</Keywords>
<TimeCreated SystemTime="2022-05-06 15:21:07.699205"></TimeCreated>
<EventRecordID>605</EventRecordID>
<Correlation ActivityID="{ac38061f-61b0-0002-6308-38acb061d801}" RelatedActivityID=""></Correlation>
<Execution ProcessID="1548" ThreadID="4948"></Execution>
<Channel>Microsoft-Windows-AppXDeploymentServer/Operational</Channel>
<Computer>DESKTOP-DBOP9M0</Computer>
<Security UserID="S-1-5-18"></Security>
</System>
<EventData><Data Name="PackageFullName">Microsoft.VCLibs.140.00_14.0.30704.0_x64__8wekyb3d8bbwe</Data>
<Data Name="Flags">0x00000005</Data>
</EventData>
</Event>

<Event xmlns="http://schemas.microsoft.com/win/2004/08/events/event"><System><Provider Name="Microsoft-Windows-AppXDeployment-Server" Guid="{3f471139-acb7-4a01-b7a7-ff5da4ba2d43}"></Provider>
<EventID Qualifiers="">8106</EventID>
<Version>0</Version>
<Level>5</Level>
<Task>49</Task>
<Opcode>0</Opcode>
<Keywords>0x4000000000000001</Keywords>
<TimeCreated SystemTime="2022-05-06 15:21:07.701006"></TimeCreated>
<EventRecordID>606</EventRecordID>
<Correlation ActivityID="{ac38061f-61b0-0002-6308-38acb061d801}" RelatedActivityID=""></Correlation>
<Execution ProcessID="1548" ThreadID="4948"></Execution>
<Channel>Microsoft-Windows-AppXDeploymentServer/Operational</Channel>
<Computer>DESKTOP-DBOP9M0</Computer>
<Security UserID="S-1-5-18"></Security>
</System>
<EventData><Data Name="PackageFullName">Microsoft.VCLibs.140.00_14.0.30704.0_x64__8wekyb3d8bbwe</Data>
<Data Name="Flags">0x00000005</Data>
</EventData>
</Event>

<Event xmlns="http://schemas.microsoft.com/win/2004/08/events/event"><System><Provider Name="Microsoft-Windows-AppXDeployment-Server" Guid="{3f471139-acb7-4a01-b7a7-ff5da4ba2d43}"></Provider>
<EventID Qualifiers="">8101</EventID>
<Version>0</Version>
<Level>5</Level>
<Task>49</Task>
<Opcode>0</Opcode>
<Keywords>0x4000000000000001</Keywords>
<TimeCreated SystemTime="2022-05-06 15:21:07.701019"></TimeCreated>
<EventRecordID>607</EventRecordID>
<Correlation ActivityID="{ac38061f-61b0-0002-6308-38acb061d801}" RelatedActivityID=""></Correlation>
<Execution ProcessID="1548" ThreadID="4948"></Execution>
<Channel>Microsoft-Windows-AppXDeploymentServer/Operational</Channel>
<Computer>DESKTOP-DBOP9M0</Computer>
<Security UserID="S-1-5-18"></Security>
</System>
<EventData><Data Name="PackageFullName">Microsoft.VCLibs.140.00_14.0.30704.0_x64__8wekyb3d8bbwe</Data>
<Data Name="Flags">0x00000005</Data>
</EventData>
</Event>

<Event xmlns="http://schemas.microsoft.com/win/2004/08/events/event"><System><Provider Name="Microsoft-Windows-AppXDeployment-Server" Guid="{3f471139-acb7-4a01-b7a7-ff5da4ba2d43}"></Provider>
<EventID Qualifiers="">540</EventID>
<Version>0</Version>
<Level>5</Level>
<Task>3</Task>
<Opcode>0</Opcode>
<Keywords>0x4000000000000001</Keywords>
<TimeCreated SystemTime="2022-05-06 15:21:07.706770"></TimeCreated>
<EventRecordID>608</EventRecordID>
<Correlation ActivityID="{ac38061f-61b0-0002-6308-38acb061d801}" RelatedActivityID=""></Correlation>
<Execution ProcessID="1548" ThreadID="4948"></Execution>
<Channel>Microsoft-Windows-AppXDeploymentServer/Operational</Channel>
<Computer>DESKTOP-DBOP9M0</Computer>
<Security UserID="S-1-5-18"></Security>
</System>
<EventData><Data Name="PackageFullName">Microsoft.VCLibs.140.00_14.0.30704.0_x64__8wekyb3d8bbwe</Data>
<Data Name="Architecture">64</Data>
</EventData>
</Event>

<Event xmlns="http://schemas.microsoft.com/win/2004/08/events/event"><System><Provider Name="Microsoft-Windows-AppXDeployment-Server" Guid="{3f471139-acb7-4a01-b7a7-ff5da4ba2d43}"></Provider>
<EventID Qualifiers="">552</EventID>
<Version>0</Version>
<Level>5</Level>
<Task>3</Task>
<Opcode>0</Opcode>
<Keywords>0x4000000000000001</Keywords>
<TimeCreated SystemTime="2022-05-06 15:21:07.707920"></TimeCreated>
<EventRecordID>609</EventRecordID>
<Correlation ActivityID="{ac38061f-61b0-0002-6308-38acb061d801}" RelatedActivityID=""></Correlation>
<Execution ProcessID="1548" ThreadID="4948"></Execution>
<Channel>Microsoft-Windows-AppXDeploymentServer/Operational</Channel>
<Computer>DESKTOP-DBOP9M0</Computer>
<Security UserID="S-1-5-18"></Security>
</System>
<EventData><Data Name="PackageFullName">Microsoft.VCLibs.140.00_14.0.30704.0_x64__8wekyb3d8bbwe</Data>
<Data Name="FullFilePath">\\?\C:\Program Files\WindowsApps\microsoft.vclibs.140.00_14.0.30704.0_x64__8wekyb3d8bbwe\microsoft.system.package.metadata\Autogen\JSByteCodeCache_64</Data>
</EventData>
</Event>

<Event xmlns="http://schemas.microsoft.com/win/2004/08/events/event"><System><Provider Name="Microsoft-Windows-AppXDeployment-Server" Guid="{3f471139-acb7-4a01-b7a7-ff5da4ba2d43}"></Provider>
<EventID Qualifiers="">541</EventID>
<Version>0</Version>
<Level>5</Level>
<Task>3</Task>
<Opcode>0</Opcode>
<Keywords>0x4000000000000001</Keywords>
<TimeCreated SystemTime="2022-05-06 15:21:07.707930"></TimeCreated>
<EventRecordID>610</EventRecordID>
<Correlation ActivityID="{ac38061f-61b0-0002-6308-38acb061d801}" RelatedActivityID=""></Correlation>
<Execution ProcessID="1548" ThreadID="4948"></Execution>
<Channel>Microsoft-Windows-AppXDeploymentServer/Operational</Channel>
<Computer>DESKTOP-DBOP9M0</Computer>
<Security UserID="S-1-5-18"></Security>
</System>
<EventData><Data Name="PackageFullName">Microsoft.VCLibs.140.00_14.0.30704.0_x64__8wekyb3d8bbwe</Data>
<Data Name="Architecture">64</Data>
</EventData>
</Event>

<Event xmlns="http://schemas.microsoft.com/win/2004/08/events/event"><System><Provider Name="Microsoft-Windows-AppXDeployment-Server" Guid="{3f471139-acb7-4a01-b7a7-ff5da4ba2d43}"></Provider>
<EventID Qualifiers="">540</EventID>
<Version>0</Version>
<Level>5</Level>
<Task>3</Task>
<Opcode>0</Opcode>
<Keywords>0x4000000000000001</Keywords>
<TimeCreated SystemTime="2022-05-06 15:21:07.860167"></TimeCreated>
<EventRecordID>611</EventRecordID>
<Correlation ActivityID="{ac38061f-61b0-0002-6308-38acb061d801}" RelatedActivityID=""></Correlation>
<Execution ProcessID="1548" ThreadID="4948"></Execution>
<Channel>Microsoft-Windows-AppXDeploymentServer/Operational</Channel>
<Computer>DESKTOP-DBOP9M0</Computer>
<Security UserID="S-1-5-18"></Security>
</System>
<EventData><Data Name="PackageFullName">Microsoft.BioEnrollment_10.0.19586.1000_neutral__cw5n1h2txyewy</Data>
<Data Name="Architecture">64</Data>
</EventData>
</Event>

<Event xmlns="http://schemas.microsoft.com/win/2004/08/events/event"><System><Provider Name="Microsoft-Windows-AppXDeployment-Server" Guid="{3f471139-acb7-4a01-b7a7-ff5da4ba2d43}"></Provider>
<EventID Qualifiers="">541</EventID>
<Version>0</Version>
<Level>5</Level>
<Task>3</Task>
<Opcode>0</Opcode>
<Keywords>0x4000000000000001</Keywords>
<TimeCreated SystemTime="2022-05-06 15:21:07.863462"></TimeCreated>
<EventRecordID>612</EventRecordID>
<Correlation ActivityID="{ac38061f-61b0-0002-6308-38acb061d801}" RelatedActivityID=""></Correlation>
<Execution ProcessID="1548" ThreadID="4948"></Execution>
<Channel>Microsoft-Windows-AppXDeploymentServer/Operational</Channel>
<Computer>DESKTOP-DBOP9M0</Computer>
<Security UserID="S-1-5-18"></Security>
</System>
<EventData><Data Name="PackageFullName">Microsoft.BioEnrollment_10.0.19586.1000_neutral__cw5n1h2txyewy</Data>
<Data Name="Architecture">64</Data>
</EventData>
</Event>

<Event xmlns="http://schemas.microsoft.com/win/2004/08/events/event"><System><Provider Name="Microsoft-Windows-AppXDeployment-Server" Guid="{3f471139-acb7-4a01-b7a7-ff5da4ba2d43}"></Provider>
<EventID Qualifiers="">10001</EventID>
<Version>0</Version>
<Level>5</Level>
<Task>4</Task>
<Opcode>0</Opcode>
<Keywords>0x4000000000000001</Keywords>
<TimeCreated SystemTime="2022-05-06 15:21:07.985611"></TimeCreated>
<EventRecordID>613</EventRecordID>
<Correlation ActivityID="{ac38061f-61b0-0002-6308-38acb061d801}" RelatedActivityID=""></Correlation>
<Execution ProcessID="1548" ThreadID="4948"></Execution>
<Channel>Microsoft-Windows-AppXDeploymentServer/Operational</Channel>
<Computer>DESKTOP-DBOP9M0</Computer>
<Security UserID="S-1-5-18"></Security>
</System>
<EventData><Data Name="PackageFullName">Microsoft.UI.Xaml.CBS_2.62107.16001.0_x64__8wekyb3d8bbwe</Data>
<Data Name="ErrorCode">0x00000000</Data>
</EventData>
</Event>

<Event xmlns="http://schemas.microsoft.com/win/2004/08/events/event"><System><Provider Name="Microsoft-Windows-AppXDeployment-Server" Guid="{3f471139-acb7-4a01-b7a7-ff5da4ba2d43}"></Provider>
<EventID Qualifiers="">10001</EventID>
<Version>0</Version>
<Level>5</Level>
<Task>4</Task>
<Opcode>0</Opcode>
<Keywords>0x4000000000000001</Keywords>
<TimeCreated SystemTime="2022-05-06 15:21:07.986094"></TimeCreated>
<EventRecordID>614</EventRecordID>
<Correlation ActivityID="{ac38061f-61b0-0002-6308-38acb061d801}" RelatedActivityID=""></Correlation>
<Execution ProcessID="1548" ThreadID="4948"></Execution>
<Channel>Microsoft-Windows-AppXDeploymentServer/Operational</Channel>
<Computer>DESKTOP-DBOP9M0</Computer>
<Security UserID="S-1-5-18"></Security>
</System>
<EventData><Data Name="PackageFullName">Microsoft.UI.Xaml.CBS_2.62107.16001.0_x64__8wekyb3d8bbwe</Data>
<Data Name="ErrorCode">0x00000000</Data>
</EventData>
</Event>

<Event xmlns="http://schemas.microsoft.com/win/2004/08/events/event"><System><Provider Name="Microsoft-Windows-AppXDeployment-Server" Guid="{3f471139-acb7-4a01-b7a7-ff5da4ba2d43}"></Provider>
<EventID Qualifiers="">10001</EventID>
<Version>0</Version>
<Level>5</Level>
<Task>4</Task>
<Opcode>0</Opcode>
<Keywords>0x4000000000000001</Keywords>
<TimeCreated SystemTime="2022-05-06 15:21:07.986160"></TimeCreated>
<EventRecordID>615</EventRecordID>
<Correlation ActivityID="{ac38061f-61b0-0002-6308-38acb061d801}" RelatedActivityID=""></Correlation>
<Execution ProcessID="1548" ThreadID="4948"></Execution>
<Channel>Microsoft-Windows-AppXDeploymentServer/Operational</Channel>
<Computer>DESKTOP-DBOP9M0</Computer>
<Security UserID="S-1-5-18"></Security>
</System>
<EventData><Data Name="PackageFullName">Microsoft.VCLibs.140.00_14.0.30704.0_x86__8wekyb3d8bbwe</Data>
<Data Name="ErrorCode">0x00000000</Data>
</EventData>
</Event>

<Event xmlns="http://schemas.microsoft.com/win/2004/08/events/event"><System><Provider Name="Microsoft-Windows-AppXDeployment-Server" Guid="{3f471139-acb7-4a01-b7a7-ff5da4ba2d43}"></Provider>
<EventID Qualifiers="">10001</EventID>
<Version>0</Version>
<Level>5</Level>
<Task>4</Task>
<Opcode>0</Opcode>
<Keywords>0x4000000000000001</Keywords>
<TimeCreated SystemTime="2022-05-06 15:21:07.986229"></TimeCreated>
<EventRecordID>616</EventRecordID>
<Correlation ActivityID="{ac38061f-61b0-0002-6308-38acb061d801}" RelatedActivityID=""></Correlation>
<Execution ProcessID="1548" ThreadID="4948"></Execution>
<Channel>Microsoft-Windows-AppXDeploymentServer/Operational</Channel>
<Computer>DESKTOP-DBOP9M0</Computer>
<Security UserID="S-1-5-18"></Security>
</System>
<EventData><Data Name="PackageFullName">Microsoft.VCLibs.140.00_14.0.30704.0_x86__8wekyb3d8bbwe</Data>
<Data Name="ErrorCode">0x00000000</Data>
</EventData>
</Event>

<Event xmlns="http://schemas.microsoft.com/win/2004/08/events/event"><System><Provider Name="Microsoft-Windows-AppXDeployment-Server" Guid="{3f471139-acb7-4a01-b7a7-ff5da4ba2d43}"></Provider>
<EventID Qualifiers="">10001</EventID>
<Version>0</Version>
<Level>5</Level>
<Task>4</Task>
<Opcode>0</Opcode>
<Keywords>0x4000000000000001</Keywords>
<TimeCreated SystemTime="2022-05-06 15:21:07.986307"></TimeCreated>
<EventRecordID>617</EventRecordID>
<Correlation ActivityID="{ac38061f-61b0-0002-6308-38acb061d801}" RelatedActivityID=""></Correlation>
<Execution ProcessID="1548" ThreadID="4948"></Execution>
<Channel>Microsoft-Windows-AppXDeploymentServer/Operational</Channel>
<Computer>DESKTOP-DBOP9M0</Computer>
<Security UserID="S-1-5-18"></Security>
</System>
<EventData><Data Name="PackageFullName">Microsoft.VCLibs.140.00_14.0.30704.0_x64__8wekyb3d8bbwe</Data>
<Data Name="ErrorCode">0x00000000</Data>
</EventData>
</Event>

<Event xmlns="http://schemas.microsoft.com/win/2004/08/events/event"><System><Provider Name="Microsoft-Windows-AppXDeployment-Server" Guid="{3f471139-acb7-4a01-b7a7-ff5da4ba2d43}"></Provider>
<EventID Qualifiers="">10001</EventID>
<Version>0</Version>
<Level>5</Level>
<Task>4</Task>
<Opcode>0</Opcode>
<Keywords>0x4000000000000001</Keywords>
<TimeCreated SystemTime="2022-05-06 15:21:07.986368"></TimeCreated>
<EventRecordID>618</EventRecordID>
<Correlation ActivityID="{ac38061f-61b0-0002-6308-38acb061d801}" RelatedActivityID=""></Correlation>
<Execution ProcessID="1548" ThreadID="4948"></Execution>
<Channel>Microsoft-Windows-AppXDeploymentServer/Operational</Channel>
<Computer>DESKTOP-DBOP9M0</Computer>
<Security UserID="S-1-5-18"></Security>
</System>
<EventData><Data Name="PackageFullName">Microsoft.VCLibs.140.00_14.0.30704.0_x64__8wekyb3d8bbwe</Data>
<Data Name="ErrorCode">0x00000000</Data>
</EventData>
</Event>

<Event xmlns="http://schemas.microsoft.com/win/2004/08/events/event"><System><Provider Name="Microsoft-Windows-AppXDeployment-Server" Guid="{3f471139-acb7-4a01-b7a7-ff5da4ba2d43}"></Provider>
<EventID Qualifiers="">10001</EventID>
<Version>0</Version>
<Level>5</Level>
<Task>4</Task>
<Opcode>0</Opcode>
<Keywords>0x4000000000000001</Keywords>
<TimeCreated SystemTime="2022-05-06 15:21:07.986403"></TimeCreated>
<EventRecordID>619</EventRecordID>
<Correlation ActivityID="{ac38061f-61b0-0002-6308-38acb061d801}" RelatedActivityID=""></Correlation>
<Execution ProcessID="1548" ThreadID="4948"></Execution>
<Channel>Microsoft-Windows-AppXDeploymentServer/Operational</Channel>
<Computer>DESKTOP-DBOP9M0</Computer>
<Security UserID="S-1-5-18"></Security>
</System>
<EventData><Data Name="PackageFullName">Microsoft.BioEnrollment_10.0.19586.1000_neutral__cw5n1h2txyewy</Data>
<Data Name="ErrorCode">0x00000000</Data>
</EventData>
</Event>

<Event xmlns="http://schemas.microsoft.com/win/2004/08/events/event"><System><Provider Name="Microsoft-Windows-AppXDeployment-Server" Guid="{3f471139-acb7-4a01-b7a7-ff5da4ba2d43}"></Provider>
<EventID Qualifiers="">10001</EventID>
<Version>0</Version>
<Level>5</Level>
<Task>4</Task>
<Opcode>0</Opcode>
<Keywords>0x4000000000000001</Keywords>
<TimeCreated SystemTime="2022-05-06 15:21:07.986462"></TimeCreated>
<EventRecordID>620</EventRecordID>
<Correlation ActivityID="{ac38061f-61b0-0002-6308-38acb061d801}" RelatedActivityID=""></Correlation>
<Execution ProcessID="1548" ThreadID="4948"></Execution>
<Channel>Microsoft-Windows-AppXDeploymentServer/Operational</Channel>
<Computer>DESKTOP-DBOP9M0</Computer>
<Security UserID="S-1-5-18"></Security>
</System>
<EventData><Data Name="PackageFullName">Microsoft.BioEnrollment_10.0.19586.1000_neutral__cw5n1h2txyewy</Data>
<Data Name="ErrorCode">0x00000000</Data>
</EventData>
</Event>

