<Event xmlns="http://schemas.microsoft.com/win/2004/08/events/event"><System><Provider Name="Microsoft-Windows-AppxPackagingOM" Guid="{ba723d81-0d0c-4f1e-80c8-54740f508ddf}"></Provider>
<EventID Qualifiers="">157</EventID>
<Version>0</Version>
<Level>4</Level>
<Task>7</Task>
<Opcode>12</Opcode>
<Keywords>0x8000000000000000</Keywords>
<TimeCreated SystemTime="2022-05-06 15:27:41.092138"></TimeCreated>
<EventRecordID>116</EventRecordID>
<Correlation ActivityID="{2f2cff59-615d-0002-ad47-2d2f5d61d801}" RelatedActivityID=""></Correlation>
<Execution ProcessID="3320" ThreadID="7828"></Execution>
<Channel>Microsoft-Windows-AppxPackaging/Operational</Channel>
<Computer>Council-HQ</Computer>
<Security UserID="S-1-5-21-2389065719-3342106636-307857974-1001"></Security>
</System>
<EventData><Data Name="subjectName">CN=Microsoft Corporation, O=Microsoft Corporation, L=Redmond, S=Washington, C=US</Data>
</EventData>
</Event>

<Event xmlns="http://schemas.microsoft.com/win/2004/08/events/event"><System><Provider Name="Microsoft-Windows-AppxPackagingOM" Guid="{ba723d81-0d0c-4f1e-80c8-54740f508ddf}"></Provider>
<EventID Qualifiers="">170</EventID>
<Version>0</Version>
<Level>4</Level>
<Task>3</Task>
<Opcode>0</Opcode>
<Keywords>0x8000000000000000</Keywords>
<TimeCreated SystemTime="2022-05-06 15:27:41.161650"></TimeCreated>
<EventRecordID>117</EventRecordID>
<Correlation ActivityID="{2f2cff59-615d-0002-ad47-2d2f5d61d801}" RelatedActivityID=""></Correlation>
<Execution ProcessID="3320" ThreadID="7828"></Execution>
<Channel>Microsoft-Windows-AppxPackaging/Operational</Channel>
<Computer>Council-HQ</Computer>
<Security UserID="S-1-5-21-2389065719-3342106636-307857974-1001"></Security>
</System>
<EventData><Data Name="packageFullName">Microsoft.OneDriveSync_21220.1024.5.0_neutral__8wekyb3d8bbwe</Data>
</EventData>
</Event>

<Event xmlns="http://schemas.microsoft.com/win/2004/08/events/event"><System><Provider Name="Microsoft-Windows-AppxPackagingOM" Guid="{ba723d81-0d0c-4f1e-80c8-54740f508ddf}"></Provider>
<EventID Qualifiers="">157</EventID>
<Version>0</Version>
<Level>4</Level>
<Task>7</Task>
<Opcode>12</Opcode>
<Keywords>0x8000000000000000</Keywords>
<TimeCreated SystemTime="2022-05-06 15:31:22.565256"></TimeCreated>
<EventRecordID>118</EventRecordID>
<Correlation ActivityID="{2f2cff59-615d-0000-223d-2e2f5d61d801}" RelatedActivityID=""></Correlation>
<Execution ProcessID="3320" ThreadID="1792"></Execution>
<Channel>Microsoft-Windows-AppxPackaging/Operational</Channel>
<Computer>Council-HQ</Computer>
<Security UserID="S-1-5-18"></Security>
</System>
<EventData><Data Name="subjectName">CN=082E9164-EE6C-4EC8-B62C-441FAE7BEFA1</Data>
</EventData>
</Event>

<Event xmlns="http://schemas.microsoft.com/win/2004/08/events/event"><System><Provider Name="Microsoft-Windows-AppxPackagingOM" Guid="{ba723d81-0d0c-4f1e-80c8-54740f508ddf}"></Provider>
<EventID Qualifiers="">170</EventID>
<Version>0</Version>
<Level>4</Level>
<Task>3</Task>
<Opcode>0</Opcode>
<Keywords>0x8000000000000000</Keywords>
<TimeCreated SystemTime="2022-05-06 15:31:22.629669"></TimeCreated>
<EventRecordID>119</EventRecordID>
<Correlation ActivityID="{2f2cff59-615d-0000-223d-2e2f5d61d801}" RelatedActivityID=""></Correlation>
<Execution ProcessID="3320" ThreadID="1792"></Execution>
<Channel>Microsoft-Windows-AppxPackaging/Operational</Channel>
<Computer>Council-HQ</Computer>
<Security UserID="S-1-5-18"></Security>
</System>
<EventData><Data Name="packageFullName">Mozilla.Firefox_100.0.0.0_x64__n80bbvh6b1yt2</Data>
</EventData>
</Event>

<Event xmlns="http://schemas.microsoft.com/win/2004/08/events/event"><System><Provider Name="Microsoft-Windows-AppxPackagingOM" Guid="{ba723d81-0d0c-4f1e-80c8-54740f508ddf}"></Provider>
<EventID Qualifiers="">216</EventID>
<Version>0</Version>
<Level>3</Level>
<Task>4</Task>
<Opcode>11</Opcode>
<Keywords>0x8000000000000000</Keywords>
<TimeCreated SystemTime="2022-05-06 15:36:39.594372"></TimeCreated>
<EventRecordID>120</EventRecordID>
<Correlation ActivityID="{0e625a87-615f-0001-ed5b-620e5f61d801}" RelatedActivityID=""></Correlation>
<Execution ProcessID="3412" ThreadID="3436"></Execution>
<Channel>Microsoft-Windows-AppxPackaging/Operational</Channel>
<Computer>Council-HQ</Computer>
<Security UserID="S-1-5-18"></Security>
</System>
<EventData><Data Name="namespace">http://schemas.microsoft.com/appx/2013/xbox/manifest</Data>
</EventData>
</Event>

<Event xmlns="http://schemas.microsoft.com/win/2004/08/events/event"><System><Provider Name="Microsoft-Windows-AppxPackagingOM" Guid="{ba723d81-0d0c-4f1e-80c8-54740f508ddf}"></Provider>
<EventID Qualifiers="">216</EventID>
<Version>0</Version>
<Level>3</Level>
<Task>4</Task>
<Opcode>11</Opcode>
<Keywords>0x8000000000000000</Keywords>
<TimeCreated SystemTime="2022-05-06 15:36:46.283983"></TimeCreated>
<EventRecordID>121</EventRecordID>
<Correlation ActivityID="{0e625a87-615f-0000-ce5f-620e5f61d801}" RelatedActivityID=""></Correlation>
<Execution ProcessID="3412" ThreadID="4612"></Execution>
<Channel>Microsoft-Windows-AppxPackaging/Operational</Channel>
<Computer>Council-HQ</Computer>
<Security UserID="S-1-5-21-2389065719-3342106636-307857974-1001"></Security>
</System>
<EventData><Data Name="namespace">http://schemas.microsoft.com/developer/appx/2015/build</Data>
</EventData>
</Event>

<Event xmlns="http://schemas.microsoft.com/win/2004/08/events/event"><System><Provider Name="Microsoft-Windows-AppxPackagingOM" Guid="{ba723d81-0d0c-4f1e-80c8-54740f508ddf}"></Provider>
<EventID Qualifiers="">216</EventID>
<Version>0</Version>
<Level>3</Level>
<Task>4</Task>
<Opcode>11</Opcode>
<Keywords>0x8000000000000000</Keywords>
<TimeCreated SystemTime="2022-05-06 15:36:46.360182"></TimeCreated>
<EventRecordID>122</EventRecordID>
<Correlation ActivityID="{0e625a87-615f-0000-ce5f-620e5f61d801}" RelatedActivityID=""></Correlation>
<Execution ProcessID="3412" ThreadID="4612"></Execution>
<Channel>Microsoft-Windows-AppxPackaging/Operational</Channel>
<Computer>Council-HQ</Computer>
<Security UserID="S-1-5-21-2389065719-3342106636-307857974-1001"></Security>
</System>
<EventData><Data Name="namespace">http://schemas.microsoft.com/developer/appx/2015/build</Data>
</EventData>
</Event>

<Event xmlns="http://schemas.microsoft.com/win/2004/08/events/event"><System><Provider Name="Microsoft-Windows-AppxPackagingOM" Guid="{ba723d81-0d0c-4f1e-80c8-54740f508ddf}"></Provider>
<EventID Qualifiers="">216</EventID>
<Version>0</Version>
<Level>3</Level>
<Task>4</Task>
<Opcode>11</Opcode>
<Keywords>0x8000000000000000</Keywords>
<TimeCreated SystemTime="2022-05-06 15:36:46.628120"></TimeCreated>
<EventRecordID>123</EventRecordID>
<Correlation ActivityID="{0e625a87-615f-0000-cc5f-620e5f61d801}" RelatedActivityID=""></Correlation>
<Execution ProcessID="3412" ThreadID="4672"></Execution>
<Channel>Microsoft-Windows-AppxPackaging/Operational</Channel>
<Computer>Council-HQ</Computer>
<Security UserID="S-1-5-21-2389065719-3342106636-307857974-1001"></Security>
</System>
<EventData><Data Name="namespace">http://schemas.microsoft.com/developer/appx/2015/build</Data>
</EventData>
</Event>

<Event xmlns="http://schemas.microsoft.com/win/2004/08/events/event"><System><Provider Name="Microsoft-Windows-AppxPackagingOM" Guid="{ba723d81-0d0c-4f1e-80c8-54740f508ddf}"></Provider>
<EventID Qualifiers="">216</EventID>
<Version>0</Version>
<Level>3</Level>
<Task>4</Task>
<Opcode>11</Opcode>
<Keywords>0x8000000000000000</Keywords>
<TimeCreated SystemTime="2022-05-06 15:36:46.715181"></TimeCreated>
<EventRecordID>124</EventRecordID>
<Correlation ActivityID="{0e625a87-615f-0000-cc5f-620e5f61d801}" RelatedActivityID=""></Correlation>
<Execution ProcessID="3412" ThreadID="4672"></Execution>
<Channel>Microsoft-Windows-AppxPackaging/Operational</Channel>
<Computer>Council-HQ</Computer>
<Security UserID="S-1-5-21-2389065719-3342106636-307857974-1001"></Security>
</System>
<EventData><Data Name="namespace">http://schemas.microsoft.com/developer/appx/2015/build</Data>
</EventData>
</Event>

<Event xmlns="http://schemas.microsoft.com/win/2004/08/events/event"><System><Provider Name="Microsoft-Windows-AppxPackagingOM" Guid="{ba723d81-0d0c-4f1e-80c8-54740f508ddf}"></Provider>
<EventID Qualifiers="">216</EventID>
<Version>0</Version>
<Level>3</Level>
<Task>4</Task>
<Opcode>11</Opcode>
<Keywords>0x8000000000000000</Keywords>
<TimeCreated SystemTime="2022-05-06 15:36:47.262781"></TimeCreated>
<EventRecordID>125</EventRecordID>
<Correlation ActivityID="{0e625a87-615f-0001-8762-620e5f61d801}" RelatedActivityID=""></Correlation>
<Execution ProcessID="3412" ThreadID="4668"></Execution>
<Channel>Microsoft-Windows-AppxPackaging/Operational</Channel>
<Computer>Council-HQ</Computer>
<Security UserID="S-1-5-21-2389065719-3342106636-307857974-1001"></Security>
</System>
<EventData><Data Name="namespace">http://schemas.microsoft.com/developer/appx/2015/build</Data>
</EventData>
</Event>

<Event xmlns="http://schemas.microsoft.com/win/2004/08/events/event"><System><Provider Name="Microsoft-Windows-AppxPackagingOM" Guid="{ba723d81-0d0c-4f1e-80c8-54740f508ddf}"></Provider>
<EventID Qualifiers="">216</EventID>
<Version>0</Version>
<Level>3</Level>
<Task>4</Task>
<Opcode>11</Opcode>
<Keywords>0x8000000000000000</Keywords>
<TimeCreated SystemTime="2022-05-06 15:36:47.346300"></TimeCreated>
<EventRecordID>126</EventRecordID>
<Correlation ActivityID="{0e625a87-615f-0001-8762-620e5f61d801}" RelatedActivityID=""></Correlation>
<Execution ProcessID="3412" ThreadID="4668"></Execution>
<Channel>Microsoft-Windows-AppxPackaging/Operational</Channel>
<Computer>Council-HQ</Computer>
<Security UserID="S-1-5-21-2389065719-3342106636-307857974-1001"></Security>
</System>
<EventData><Data Name="namespace">http://schemas.microsoft.com/developer/appx/2015/build</Data>
</EventData>
</Event>

</Events>
