<?xml version="1.1" encoding="utf-8" standalone="yes" ?>

<Events>
<Event xmlns="http://schemas.microsoft.com/win/2004/08/events/event"><System><Provider Name="Microsoft-Windows-DeviceManagement-Enterprise-Diagnostics-Provider" Guid="{3da494e4-0fe2-415c-b895-fb5265c5c83b}"></Provider>
<EventID Qualifiers="">813</EventID>
<Version>0</Version>
<Level>4</Level>
<Task>0</Task>
<Opcode>0</Opcode>
<Keywords>0x8000000000000000</Keywords>
<TimeCreated SystemTime="2022-05-07 01:20:21.138165"></TimeCreated>
<EventRecordID>1</EventRecordID>
<Correlation ActivityID="{824d2842-61b0-0002-122e-4d82b061d801}" RelatedActivityID=""></Correlation>
<Execution ProcessID="4272" ThreadID="4280"></Execution>
<Channel>Microsoft-Windows-DeviceManagement-Enterprise-Diagnostics-Provider/Admin</Channel>
<Computer>WIN-GE1PLB8KFNS</Computer>
<Security UserID="S-1-5-18"></Security>
</System>
<EventData><Data Name="Message1">Power/Controls/EnergyEstimationEnabled</Data>
<Data Name="Message2">knobs</Data>
<Data Name="Message3">1e05dd5d-a022-46c5-963c-b20de341170f</Data>
<Data Name="Message4">device</Data>
<Data Name="HexInt1">0x00000001</Data>
<Data Name="HexInt2">0x00000001</Data>
<Data Name="HexInt3">0x00000000</Data>
</EventData>
</Event>

<Event xmlns="http://schemas.microsoft.com/win/2004/08/events/event"><System><Provider Name="Microsoft-Windows-DeviceManagement-Enterprise-Diagnostics-Provider" Guid="{3da494e4-0fe2-415c-b895-fb5265c5c83b}"></Provider>
<EventID Qualifiers="">844</EventID>
<Version>0</Version>
<Level>2</Level>
<Task>0</Task>
<Opcode>0</Opcode>
<Keywords>0x8000000000000000</Keywords>
<TimeCreated SystemTime="2022-05-07 01:20:21.138762"></TimeCreated>
<EventRecordID>2</EventRecordID>
<Correlation ActivityID="{824d2842-61b0-0002-122e-4d82b061d801}" RelatedActivityID=""></Correlation>
<Execution ProcessID="4272" ThreadID="4280"></Execution>
<Channel>Microsoft-Windows-DeviceManagement-Enterprise-Diagnostics-Provider/Admin</Channel>
<Computer>WIN-GE1PLB8KFNS</Computer>
<Security UserID="S-1-5-18"></Security>
</System>
<EventData><Data Name="Message1">Inbox</Data>
<Data Name="Message2">82965F5A-6C65-4B7A-8075-488FCCE07D4E</Data>
<Data Name="Message3">1e05dd5d-a022-46c5-963c-b20de341170f</Data>
<Data Name="HRESULT">0x0000003f</Data>
</EventData>
</Event>

<Event xmlns="http://schemas.microsoft.com/win/2004/08/events/event"><System><Provider Name="Microsoft-Windows-DeviceManagement-Enterprise-Diagnostics-Provider" Guid="{3da494e4-0fe2-415c-b895-fb5265c5c83b}"></Provider>
<EventID Qualifiers="">813</EventID>
<Version>0</Version>
<Level>4</Level>
<Task>0</Task>
<Opcode>0</Opcode>
<Keywords>0x8000000000000000</Keywords>
<TimeCreated SystemTime="2022-05-07 01:20:21.455881"></TimeCreated>
<EventRecordID>3</EventRecordID>
<Correlation ActivityID="{824d2842-61b0-0002-152e-4d82b061d801}" RelatedActivityID=""></Correlation>
<Execution ProcessID="4272" ThreadID="4280"></Execution>
<Channel>Microsoft-Windows-DeviceManagement-Enterprise-Diagnostics-Provider/Admin</Channel>
<Computer>WIN-GE1PLB8KFNS</Computer>
<Security UserID="S-1-5-18"></Security>
</System>
<EventData><Data Name="Message1">Power/EnergyEstimationEngine/Display/DisplayBacklightPowerFloor</Data>
<Data Name="Message2">knobs</Data>
<Data Name="Message3">ee4aac98-c174-4941-82b1-d121e493e4fb</Data>
<Data Name="Message4">device</Data>
<Data Name="HexInt1">0x00000055</Data>
<Data Name="HexInt2">0x00000001</Data>
<Data Name="HexInt3">0x00000000</Data>
</EventData>
</Event>

<Event xmlns="http://schemas.microsoft.com/win/2004/08/events/event"><System><Provider Name="Microsoft-Windows-DeviceManagement-Enterprise-Diagnostics-Provider" Guid="{3da494e4-0fe2-415c-b895-fb5265c5c83b}"></Provider>
<EventID Qualifiers="">813</EventID>
<Version>0</Version>
<Level>4</Level>
<Task>0</Task>
<Opcode>0</Opcode>
<Keywords>0x8000000000000000</Keywords>
<TimeCreated SystemTime="2022-05-07 01:20:21.461843"></TimeCreated>
<EventRecordID>4</EventRecordID>
<Correlation ActivityID="{824d2842-61b0-0002-152e-4d82b061d801}" RelatedActivityID=""></Correlation>
<Execution ProcessID="4272" ThreadID="4280"></Execution>
<Channel>Microsoft-Windows-DeviceManagement-Enterprise-Diagnostics-Provider/Admin</Channel>
<Computer>WIN-GE1PLB8KFNS</Computer>
<Security UserID="S-1-5-18"></Security>
</System>
<EventData><Data Name="Message1">Power/EnergyEstimationEngine/Display/DisplayBacklightPowerGradient</Data>
<Data Name="Message2">knobs</Data>
<Data Name="Message3">ee4aac98-c174-4941-82b1-d121e493e4fb</Data>
<Data Name="Message4">device</Data>
<Data Name="HexInt1">0x0000000a</Data>
<Data Name="HexInt2">0x00000001</Data>
<Data Name="HexInt3">0x00000000</Data>
</EventData>
</Event>

<Event xmlns="http://schemas.microsoft.com/win/2004/08/events/event"><System><Provider Name="Microsoft-Windows-DeviceManagement-Enterprise-Diagnostics-Provider" Guid="{3da494e4-0fe2-415c-b895-fb5265c5c83b}"></Provider>
<EventID Qualifiers="">813</EventID>
<Version>0</Version>
<Level>4</Level>
<Task>0</Task>
<Opcode>0</Opcode>
<Keywords>0x8000000000000000</Keywords>
<TimeCreated SystemTime="2022-05-07 01:20:21.467979"></TimeCreated>
<EventRecordID>5</EventRecordID>
<Correlation ActivityID="{824d2842-61b0-0002-152e-4d82b061d801}" RelatedActivityID=""></Correlation>
<Execution ProcessID="4272" ThreadID="4280"></Execution>
<Channel>Microsoft-Windows-DeviceManagement-Enterprise-Diagnostics-Provider/Admin</Channel>
<Computer>WIN-GE1PLB8KFNS</Computer>
<Security UserID="S-1-5-18"></Security>
</System>
<EventData><Data Name="Message1">Power/EnergyEstimationEngine/Display/DisplayBacklightPowerQDenominator</Data>
<Data Name="Message2">knobs</Data>
<Data Name="Message3">ee4aac98-c174-4941-82b1-d121e493e4fb</Data>
<Data Name="Message4">device</Data>
<Data Name="HexInt1">0x0000000a</Data>
<Data Name="HexInt2">0x00000001</Data>
<Data Name="HexInt3">0x00000000</Data>
</EventData>
</Event>

<Event xmlns="http://schemas.microsoft.com/win/2004/08/events/event"><System><Provider Name="Microsoft-Windows-DeviceManagement-Enterprise-Diagnostics-Provider" Guid="{3da494e4-0fe2-415c-b895-fb5265c5c83b}"></Provider>
<EventID Qualifiers="">813</EventID>
<Version>0</Version>
<Level>4</Level>
<Task>0</Task>
<Opcode>0</Opcode>
<Keywords>0x8000000000000000</Keywords>
<TimeCreated SystemTime="2022-05-07 01:20:21.474066"></TimeCreated>
<EventRecordID>6</EventRecordID>
<Correlation ActivityID="{824d2842-61b0-0002-152e-4d82b061d801}" RelatedActivityID=""></Correlation>
<Execution ProcessID="4272" ThreadID="4280"></Execution>
<Channel>Microsoft-Windows-DeviceManagement-Enterprise-Diagnostics-Provider/Admin</Channel>
<Computer>WIN-GE1PLB8KFNS</Computer>
<Security UserID="S-1-5-18"></Security>
</System>
<EventData><Data Name="Message1">Power/EnergyEstimationEngine/Display/DisplayBacklightPowerQNumerator</Data>
<Data Name="Message2">knobs</Data>
<Data Name="Message3">ee4aac98-c174-4941-82b1-d121e493e4fb</Data>
<Data Name="Message4">device</Data>
<Data Name="HexInt1">0x00000001</Data>
<Data Name="HexInt2">0x00000001</Data>
<Data Name="HexInt3">0x00000000</Data>
</EventData>
</Event>

<Event xmlns="http://schemas.microsoft.com/win/2004/08/events/event"><System><Provider Name="Microsoft-Windows-DeviceManagement-Enterprise-Diagnostics-Provider" Guid="{3da494e4-0fe2-415c-b895-fb5265c5c83b}"></Provider>
<EventID Qualifiers="">813</EventID>
<Version>0</Version>
<Level>4</Level>
<Task>0</Task>
<Opcode>0</Opcode>
<Keywords>0x8000000000000000</Keywords>
<TimeCreated SystemTime="2022-05-07 01:20:21.479498"></TimeCreated>
<EventRecordID>7</EventRecordID>
<Correlation ActivityID="{824d2842-61b0-0002-152e-4d82b061d801}" RelatedActivityID=""></Correlation>
<Execution ProcessID="4272" ThreadID="4280"></Execution>
<Channel>Microsoft-Windows-DeviceManagement-Enterprise-Diagnostics-Provider/Admin</Channel>
<Computer>WIN-GE1PLB8KFNS</Computer>
<Security UserID="S-1-5-18"></Security>
</System>
<EventData><Data Name="Message1">Power/EnergyEstimationEngine/Display/DisplayPanelPowerAreaFactor</Data>
<Data Name="Message2">knobs</Data>
<Data Name="Message3">ee4aac98-c174-4941-82b1-d121e493e4fb</Data>
<Data Name="Message4">device</Data>
<Data Name="HexInt1">0x00000005</Data>
<Data Name="HexInt2">0x00000001</Data>
<Data Name="HexInt3">0x00000000</Data>
</EventData>
</Event>

<Event xmlns="http://schemas.microsoft.com/win/2004/08/events/event"><System><Provider Name="Microsoft-Windows-DeviceManagement-Enterprise-Diagnostics-Provider" Guid="{3da494e4-0fe2-415c-b895-fb5265c5c83b}"></Provider>
<EventID Qualifiers="">813</EventID>
<Version>0</Version>
<Level>4</Level>
<Task>0</Task>
<Opcode>0</Opcode>
<Keywords>0x8000000000000000</Keywords>
<TimeCreated SystemTime="2022-05-07 01:20:21.484482"></TimeCreated>
<EventRecordID>8</EventRecordID>
<Correlation ActivityID="{824d2842-61b0-0002-152e-4d82b061d801}" RelatedActivityID=""></Correlation>
<Execution ProcessID="4272" ThreadID="4280"></Execution>
<Channel>Microsoft-Windows-DeviceManagement-Enterprise-Diagnostics-Provider/Admin</Channel>
<Computer>WIN-GE1PLB8KFNS</Computer>
<Security UserID="S-1-5-18"></Security>
</System>
<EventData><Data Name="Message1">Power/EnergyEstimationEngine/Display/DisplayPanelPowerDpiFactor</Data>
<Data Name="Message2">knobs</Data>
<Data Name="Message3">ee4aac98-c174-4941-82b1-d121e493e4fb</Data>
<Data Name="Message4">device</Data>
<Data Name="HexInt1">0x00000001</Data>
<Data Name="HexInt2">0x00000001</Data>
<Data Name="HexInt3">0x00000000</Data>
</EventData>
</Event>

<Event xmlns="http://schemas.microsoft.com/win/2004/08/events/event"><System><Provider Name="Microsoft-Windows-DeviceManagement-Enterprise-Diagnostics-Provider" Guid="{3da494e4-0fe2-415c-b895-fb5265c5c83b}"></Provider>
<EventID Qualifiers="">813</EventID>
<Version>0</Version>
<Level>4</Level>
<Task>0</Task>
<Opcode>0</Opcode>
<Keywords>0x8000000000000000</Keywords>
<TimeCreated SystemTime="2022-05-07 01:20:21.490847"></TimeCreated>
<EventRecordID>9</EventRecordID>
<Correlation ActivityID="{824d2842-61b0-0002-152e-4d82b061d801}" RelatedActivityID=""></Correlation>
<Execution ProcessID="4272" ThreadID="4280"></Execution>
<Channel>Microsoft-Windows-DeviceManagement-Enterprise-Diagnostics-Provider/Admin</Channel>
<Computer>WIN-GE1PLB8KFNS</Computer>
<Security UserID="S-1-5-18"></Security>
</System>
<EventData><Data Name="Message1">Power/EnergyEstimationEngine/Display/DisplayPanelPowerFloor</Data>
<Data Name="Message2">knobs</Data>
<Data Name="Message3">ee4aac98-c174-4941-82b1-d121e493e4fb</Data>
<Data Name="Message4">device</Data>
<Data Name="HexInt1">0x00000190</Data>
<Data Name="HexInt2">0x00000001</Data>
<Data Name="HexInt3">0x00000000</Data>
</EventData>
</Event>

<Event xmlns="http://schemas.microsoft.com/win/2004/08/events/event"><System><Provider Name="Microsoft-Windows-DeviceManagement-Enterprise-Diagnostics-Provider" Guid="{3da494e4-0fe2-415c-b895-fb5265c5c83b}"></Provider>
<EventID Qualifiers="">813</EventID>
<Version>0</Version>
<Level>4</Level>
<Task>0</Task>
<Opcode>0</Opcode>
<Keywords>0x8000000000000000</Keywords>
<TimeCreated SystemTime="2022-05-07 01:20:21.496317"></TimeCreated>
<EventRecordID>10</EventRecordID>
<Correlation ActivityID="{824d2842-61b0-0002-152e-4d82b061d801}" RelatedActivityID=""></Correlation>
<Execution ProcessID="4272" ThreadID="4280"></Execution>
<Channel>Microsoft-Windows-DeviceManagement-Enterprise-Diagnostics-Provider/Admin</Channel>
<Computer>WIN-GE1PLB8KFNS</Computer>
<Security UserID="S-1-5-18"></Security>
</System>
<EventData><Data Name="Message1">Power/EnergyEstimationEngine/Display/DisplayPanelPowerVsyncDelta</Data>
<Data Name="Message2">knobs</Data>
<Data Name="Message3">ee4aac98-c174-4941-82b1-d121e493e4fb</Data>
<Data Name="Message4">device</Data>
<Data Name="HexInt1">0x00000032</Data>
<Data Name="HexInt2">0x00000001</Data>
<Data Name="HexInt3">0x00000000</Data>
</EventData>
</Event>

<Event xmlns="http://schemas.microsoft.com/win/2004/08/events/event"><System><Provider Name="Microsoft-Windows-DeviceManagement-Enterprise-Diagnostics-Provider" Guid="{3da494e4-0fe2-415c-b895-fb5265c5c83b}"></Provider>
<EventID Qualifiers="">813</EventID>
<Version>0</Version>
<Level>4</Level>
<Task>0</Task>
<Opcode>0</Opcode>
<Keywords>0x8000000000000000</Keywords>
<TimeCreated SystemTime="2022-05-07 01:20:21.807070"></TimeCreated>
<EventRecordID>11</EventRecordID>
<Correlation ActivityID="{824d2842-61b0-0001-ee2c-4d82b061d801}" RelatedActivityID=""></Correlation>
<Execution ProcessID="4272" ThreadID="4280"></Execution>
<Channel>Microsoft-Windows-DeviceManagement-Enterprise-Diagnostics-Provider/Admin</Channel>
<Computer>WIN-GE1PLB8KFNS</Computer>
<Security UserID="S-1-5-18"></Security>
</System>
<EventData><Data Name="Message1">Power/EnergyEstimationEngine/MobileBroadband/MBBClass/2G/TailDurationMs</Data>
<Data Name="Message2">knobs</Data>
<Data Name="Message3">99b095d8-5959-4820-bea7-7448c8427b4e</Data>
<Data Name="Message4">device</Data>
<Data Name="HexInt1">0x00003a98</Data>
<Data Name="HexInt2">0x00000001</Data>
<Data Name="HexInt3">0x00000000</Data>
</EventData>
</Event>

<Event xmlns="http://schemas.microsoft.com/win/2004/08/events/event"><System><Provider Name="Microsoft-Windows-DeviceManagement-Enterprise-Diagnostics-Provider" Guid="{3da494e4-0fe2-415c-b895-fb5265c5c83b}"></Provider>
<EventID Qualifiers="">813</EventID>
<Version>0</Version>
<Level>4</Level>
<Task>0</Task>
<Opcode>0</Opcode>
<Keywords>0x8000000000000000</Keywords>
<TimeCreated SystemTime="2022-05-07 01:20:21.813581"></TimeCreated>
<EventRecordID>12</EventRecordID>
<Correlation ActivityID="{824d2842-61b0-0001-ee2c-4d82b061d801}" RelatedActivityID=""></Correlation>
<Execution ProcessID="4272" ThreadID="4280"></Execution>
<Channel>Microsoft-Windows-DeviceManagement-Enterprise-Diagnostics-Provider/Admin</Channel>
<Computer>WIN-GE1PLB8KFNS</Computer>
<Security UserID="S-1-5-18"></Security>
</System>
<EventData><Data Name="Message1">Power/EnergyEstimationEngine/MobileBroadband/MBBClass/2G/TailPowerMw</Data>
<Data Name="Message2">knobs</Data>
<Data Name="Message3">99b095d8-5959-4820-bea7-7448c8427b4e</Data>
<Data Name="Message4">device</Data>
<Data Name="HexInt1">0x000000c8</Data>
<Data Name="HexInt2">0x00000001</Data>
<Data Name="HexInt3">0x00000000</Data>
</EventData>
</Event>

<Event xmlns="http://schemas.microsoft.com/win/2004/08/events/event"><System><Provider Name="Microsoft-Windows-DeviceManagement-Enterprise-Diagnostics-Provider" Guid="{3da494e4-0fe2-415c-b895-fb5265c5c83b}"></Provider>
<EventID Qualifiers="">813</EventID>
<Version>0</Version>
<Level>4</Level>
<Task>0</Task>
<Opcode>0</Opcode>
<Keywords>0x8000000000000000</Keywords>
<TimeCreated SystemTime="2022-05-07 01:20:21.820112"></TimeCreated>
<EventRecordID>13</EventRecordID>
<Correlation ActivityID="{824d2842-61b0-0001-ee2c-4d82b061d801}" RelatedActivityID=""></Correlation>
<Execution ProcessID="4272" ThreadID="4280"></Execution>
<Channel>Microsoft-Windows-DeviceManagement-Enterprise-Diagnostics-Provider/Admin</Channel>
<Computer>WIN-GE1PLB8KFNS</Computer>
<Security UserID="S-1-5-18"></Security>
</System>
<EventData><Data Name="Message1">Power/EnergyEstimationEngine/MobileBroadband/MBBClass/2G/TxRxPowerMw</Data>
<Data Name="Message2">knobs</Data>
<Data Name="Message3">99b095d8-5959-4820-bea7-7448c8427b4e</Data>
<Data Name="Message4">device</Data>
<Data Name="HexInt1">0x000001ae</Data>
<Data Name="HexInt2">0x00000001</Data>
<Data Name="HexInt3">0x00000000</Data>
</EventData>
</Event>

<Event xmlns="http://schemas.microsoft.com/win/2004/08/events/event"><System><Provider Name="Microsoft-Windows-DeviceManagement-Enterprise-Diagnostics-Provider" Guid="{3da494e4-0fe2-415c-b895-fb5265c5c83b}"></Provider>
<EventID Qualifiers="">813</EventID>
<Version>0</Version>
<Level>4</Level>
<Task>0</Task>
<Opcode>0</Opcode>
<Keywords>0x8000000000000000</Keywords>
<TimeCreated SystemTime="2022-05-07 01:20:21.826756"></TimeCreated>
<EventRecordID>14</EventRecordID>
<Correlation ActivityID="{824d2842-61b0-0001-ee2c-4d82b061d801}" RelatedActivityID=""></Correlation>
<Execution ProcessID="4272" ThreadID="4280"></Execution>
<Channel>Microsoft-Windows-DeviceManagement-Enterprise-Diagnostics-Provider/Admin</Channel>
<Computer>WIN-GE1PLB8KFNS</Computer>
<Security UserID="S-1-5-18"></Security>
</System>
<EventData><Data Name="Message1">Power/EnergyEstimationEngine/MobileBroadband/MBBClass/2GTransitional/TailDurationMs</Data>
<Data Name="Message2">knobs</Data>
<Data Name="Message3">99b095d8-5959-4820-bea7-7448c8427b4e</Data>
<Data Name="Message4">device</Data>
<Data Name="HexInt1">0x00003a98</Data>
<Data Name="HexInt2">0x00000001</Data>
<Data Name="HexInt3">0x00000000</Data>
</EventData>
</Event>

<Event xmlns="http://schemas.microsoft.com/win/2004/08/events/event"><System><Provider Name="Microsoft-Windows-DeviceManagement-Enterprise-Diagnostics-Provider" Guid="{3da494e4-0fe2-415c-b895-fb5265c5c83b}"></Provider>
<EventID Qualifiers="">813</EventID>
<Version>0</Version>
<Level>4</Level>
<Task>0</Task>
<Opcode>0</Opcode>
<Keywords>0x8000000000000000</Keywords>
<TimeCreated SystemTime="2022-05-07 01:20:21.833286"></TimeCreated>
<EventRecordID>15</EventRecordID>
<Correlation ActivityID="{824d2842-61b0-0001-ee2c-4d82b061d801}" RelatedActivityID=""></Correlation>
<Execution ProcessID="4272" ThreadID="4280"></Execution>
<Channel>Microsoft-Windows-DeviceManagement-Enterprise-Diagnostics-Provider/Admin</Channel>
<Computer>WIN-GE1PLB8KFNS</Computer>
<Security UserID="S-1-5-18"></Security>
</System>
<EventData><Data Name="Message1">Power/EnergyEstimationEngine/MobileBroadband/MBBClass/2GTransitional/TailPowerMw</Data>
<Data Name="Message2">knobs</Data>
<Data Name="Message3">99b095d8-5959-4820-bea7-7448c8427b4e</Data>
<Data Name="Message4">device</Data>
<Data Name="HexInt1">0x000000c8</Data>
<Data Name="HexInt2">0x00000001</Data>
<Data Name="HexInt3">0x00000000</Data>
</EventData>
</Event>

<Event xmlns="http://schemas.microsoft.com/win/2004/08/events/event"><System><Provider Name="Microsoft-Windows-DeviceManagement-Enterprise-Diagnostics-Provider" Guid="{3da494e4-0fe2-415c-b895-fb5265c5c83b}"></Provider>
<EventID Qualifiers="">813</EventID>
<Version>0</Version>
<Level>4</Level>
<Task>0</Task>
<Opcode>0</Opcode>
<Keywords>0x8000000000000000</Keywords>
<TimeCreated SystemTime="2022-05-07 01:20:21.839405"></TimeCreated>
<EventRecordID>16</EventRecordID>
<Correlation ActivityID="{824d2842-61b0-0001-ee2c-4d82b061d801}" RelatedActivityID=""></Correlation>
<Execution ProcessID="4272" ThreadID="4280"></Execution>
<Channel>Microsoft-Windows-DeviceManagement-Enterprise-Diagnostics-Provider/Admin</Channel>
<Computer>WIN-GE1PLB8KFNS</Computer>
<Security UserID="S-1-5-18"></Security>
</System>
<EventData><Data Name="Message1">Power/EnergyEstimationEngine/MobileBroadband/MBBClass/2GTransitional/TxRxPowerMw</Data>
<Data Name="Message2">knobs</Data>
<Data Name="Message3">99b095d8-5959-4820-bea7-7448c8427b4e</Data>
<Data Name="Message4">device</Data>
<Data Name="HexInt1">0x000001ae</Data>
<Data Name="HexInt2">0x00000001</Data>
<Data Name="HexInt3">0x00000000</Data>
</EventData>
</Event>

<Event xmlns="http://schemas.microsoft.com/win/2004/08/events/event"><System><Provider Name="Microsoft-Windows-DeviceManagement-Enterprise-Diagnostics-Provider" Guid="{3da494e4-0fe2-415c-b895-fb5265c5c83b}"></Provider>
<EventID Qualifiers="">813</EventID>
<Version>0</Version>
<Level>4</Level>
<Task>0</Task>
<Opcode>0</Opcode>
<Keywords>0x8000000000000000</Keywords>
<TimeCreated SystemTime="2022-05-07 01:20:21.845602"></TimeCreated>
<EventRecordID>17</EventRecordID>
<Correlation ActivityID="{824d2842-61b0-0001-ee2c-4d82b061d801}" RelatedActivityID=""></Correlation>
<Execution ProcessID="4272" ThreadID="4280"></Execution>
<Channel>Microsoft-Windows-DeviceManagement-Enterprise-Diagnostics-Provider/Admin</Channel>
<Computer>WIN-GE1PLB8KFNS</Computer>
<Security UserID="S-1-5-18"></Security>
</System>
<EventData><Data Name="Message1">Power/EnergyEstimationEngine/MobileBroadband/MBBClass/3G/TailDurationMs</Data>
<Data Name="Message2">knobs</Data>
<Data Name="Message3">99b095d8-5959-4820-bea7-7448c8427b4e</Data>
<Data Name="Message4">device</Data>
<Data Name="HexInt1">0x00003a98</Data>
<Data Name="HexInt2">0x00000001</Data>
<Data Name="HexInt3">0x00000000</Data>
</EventData>
</Event>

<Event xmlns="http://schemas.microsoft.com/win/2004/08/events/event"><System><Provider Name="Microsoft-Windows-DeviceManagement-Enterprise-Diagnostics-Provider" Guid="{3da494e4-0fe2-415c-b895-fb5265c5c83b}"></Provider>
<EventID Qualifiers="">813</EventID>
<Version>0</Version>
<Level>4</Level>
<Task>0</Task>
<Opcode>0</Opcode>
<Keywords>0x8000000000000000</Keywords>
<TimeCreated SystemTime="2022-05-07 01:20:21.851492"></TimeCreated>
<EventRecordID>18</EventRecordID>
<Correlation ActivityID="{824d2842-61b0-0001-ee2c-4d82b061d801}" RelatedActivityID=""></Correlation>
<Execution ProcessID="4272" ThreadID="4280"></Execution>
<Channel>Microsoft-Windows-DeviceManagement-Enterprise-Diagnostics-Provider/Admin</Channel>
<Computer>WIN-GE1PLB8KFNS</Computer>
<Security UserID="S-1-5-18"></Security>
</System>
<EventData><Data Name="Message1">Power/EnergyEstimationEngine/MobileBroadband/MBBClass/3G/TailPowerMw</Data>
<Data Name="Message2">knobs</Data>
<Data Name="Message3">99b095d8-5959-4820-bea7-7448c8427b4e</Data>
<Data Name="Message4">device</Data>
<Data Name="HexInt1">0x000000c8</Data>
<Data Name="HexInt2">0x00000001</Data>
<Data Name="HexInt3">0x00000000</Data>
</EventData>
</Event>

<Event xmlns="http://schemas.microsoft.com/win/2004/08/events/event"><System><Provider Name="Microsoft-Windows-DeviceManagement-Enterprise-Diagnostics-Provider" Guid="{3da494e4-0fe2-415c-b895-fb5265c5c83b}"></Provider>
<EventID Qualifiers="">813</EventID>
<Version>0</Version>
<Level>4</Level>
<Task>0</Task>
<Opcode>0</Opcode>
<Keywords>0x8000000000000000</Keywords>
<TimeCreated SystemTime="2022-05-07 01:20:21.857933"></TimeCreated>
<EventRecordID>19</EventRecordID>
<Correlation ActivityID="{824d2842-61b0-0001-ee2c-4d82b061d801}" RelatedActivityID=""></Correlation>
<Execution ProcessID="4272" ThreadID="4280"></Execution>
<Channel>Microsoft-Windows-DeviceManagement-Enterprise-Diagnostics-Provider/Admin</Channel>
<Computer>WIN-GE1PLB8KFNS</Computer>
<Security UserID="S-1-5-18"></Security>
</System>
<EventData><Data Name="Message1">Power/EnergyEstimationEngine/MobileBroadband/MBBClass/3G/TxRxPowerMw</Data>
<Data Name="Message2">knobs</Data>
<Data Name="Message3">99b095d8-5959-4820-bea7-7448c8427b4e</Data>
<Data Name="Message4">device</Data>
<Data Name="HexInt1">0x00000334</Data>
<Data Name="HexInt2">0x00000001</Data>
<Data Name="HexInt3">0x00000000</Data>
</EventData>
</Event>

<Event xmlns="http://schemas.microsoft.com/win/2004/08/events/event"><System><Provider Name="Microsoft-Windows-DeviceManagement-Enterprise-Diagnostics-Provider" Guid="{3da494e4-0fe2-415c-b895-fb5265c5c83b}"></Provider>
<EventID Qualifiers="">813</EventID>
<Version>0</Version>
<Level>4</Level>
<Task>0</Task>
<Opcode>0</Opcode>
<Keywords>0x8000000000000000</Keywords>
<TimeCreated SystemTime="2022-05-07 01:20:21.864735"></TimeCreated>
<EventRecordID>20</EventRecordID>
<Correlation ActivityID="{824d2842-61b0-0001-ee2c-4d82b061d801}" RelatedActivityID=""></Correlation>
<Execution ProcessID="4272" ThreadID="4280"></Execution>
<Channel>Microsoft-Windows-DeviceManagement-Enterprise-Diagnostics-Provider/Admin</Channel>
<Computer>WIN-GE1PLB8KFNS</Computer>
<Security UserID="S-1-5-18"></Security>
</System>
<EventData><Data Name="Message1">Power/EnergyEstimationEngine/MobileBroadband/MBBClass/4G/TailDurationMs</Data>
<Data Name="Message2">knobs</Data>
<Data Name="Message3">99b095d8-5959-4820-bea7-7448c8427b4e</Data>
<Data Name="Message4">device</Data>
<Data Name="HexInt1">0x00003a98</Data>
<Data Name="HexInt2">0x00000001</Data>
<Data Name="HexInt3">0x00000000</Data>
</EventData>
</Event>

<Event xmlns="http://schemas.microsoft.com/win/2004/08/events/event"><System><Provider Name="Microsoft-Windows-DeviceManagement-Enterprise-Diagnostics-Provider" Guid="{3da494e4-0fe2-415c-b895-fb5265c5c83b}"></Provider>
<EventID Qualifiers="">813</EventID>
<Version>0</Version>
<Level>4</Level>
<Task>0</Task>
<Opcode>0</Opcode>
<Keywords>0x8000000000000000</Keywords>
<TimeCreated SystemTime="2022-05-07 01:20:21.870781"></TimeCreated>
<EventRecordID>21</EventRecordID>
<Correlation ActivityID="{824d2842-61b0-0001-ee2c-4d82b061d801}" RelatedActivityID=""></Correlation>
<Execution ProcessID="4272" ThreadID="4280"></Execution>
<Channel>Microsoft-Windows-DeviceManagement-Enterprise-Diagnostics-Provider/Admin</Channel>
<Computer>WIN-GE1PLB8KFNS</Computer>
<Security UserID="S-1-5-18"></Security>
</System>
<EventData><Data Name="Message1">Power/EnergyEstimationEngine/MobileBroadband/MBBClass/4G/TailPowerMw</Data>
<Data Name="Message2">knobs</Data>
<Data Name="Message3">99b095d8-5959-4820-bea7-7448c8427b4e</Data>
<Data Name="Message4">device</Data>
<Data Name="HexInt1">0x000000c8</Data>
<Data Name="HexInt2">0x00000001</Data>
<Data Name="HexInt3">0x00000000</Data>
</EventData>
</Event>

<Event xmlns="http://schemas.microsoft.com/win/2004/08/events/event"><System><Provider Name="Microsoft-Windows-DeviceManagement-Enterprise-Diagnostics-Provider" Guid="{3da494e4-0fe2-415c-b895-fb5265c5c83b}"></Provider>
<EventID Qualifiers="">813</EventID>
<Version>0</Version>
<Level>4</Level>
<Task>0</Task>
<Opcode>0</Opcode>
<Keywords>0x8000000000000000</Keywords>
<TimeCreated SystemTime="2022-05-07 01:20:21.877434"></TimeCreated>
<EventRecordID>22</EventRecordID>
<Correlation ActivityID="{824d2842-61b0-0001-ee2c-4d82b061d801}" RelatedActivityID=""></Correlation>
<Execution ProcessID="4272" ThreadID="4280"></Execution>
<Channel>Microsoft-Windows-DeviceManagement-Enterprise-Diagnostics-Provider/Admin</Channel>
<Computer>WIN-GE1PLB8KFNS</Computer>
<Security UserID="S-1-5-18"></Security>
</System>
<EventData><Data Name="Message1">Power/EnergyEstimationEngine/MobileBroadband/MBBClass/4G/TxRxPowerMw</Data>
<Data Name="Message2">knobs</Data>
<Data Name="Message3">99b095d8-5959-4820-bea7-7448c8427b4e</Data>
<Data Name="Message4">device</Data>
<Data Name="HexInt1">0x00000334</Data>
<Data Name="HexInt2">0x00000001</Data>
<Data Name="HexInt3">0x00000000</Data>
</EventData>
</Event>

<Event xmlns="http://schemas.microsoft.com/win/2004/08/events/event"><System><Provider Name="Microsoft-Windows-DeviceManagement-Enterprise-Diagnostics-Provider" Guid="{3da494e4-0fe2-415c-b895-fb5265c5c83b}"></Provider>
<EventID Qualifiers="">813</EventID>
<Version>0</Version>
<Level>4</Level>
<Task>0</Task>
<Opcode>0</Opcode>
<Keywords>0x8000000000000000</Keywords>
<TimeCreated SystemTime="2022-05-07 01:20:22.171524"></TimeCreated>
<EventRecordID>23</EventRecordID>
<Correlation ActivityID="{824d2842-61b0-0001-f22c-4d82b061d801}" RelatedActivityID=""></Correlation>
<Execution ProcessID="4272" ThreadID="4280"></Execution>
<Channel>Microsoft-Windows-DeviceManagement-Enterprise-Diagnostics-Provider/Admin</Channel>
<Computer>WIN-GE1PLB8KFNS</Computer>
<Security UserID="S-1-5-18"></Security>
</System>
<EventData><Data Name="Message1">Power/EnergyEstimationEngine/StandbyActivationEnergy/DripsPowerFloorMilliWatts</Data>
<Data Name="Message2">knobs</Data>
<Data Name="Message3">8d196d7f-3eef-48ad-8bea-be749f12d3ad</Data>
<Data Name="Message4">device</Data>
<Data Name="HexInt1">0x00000096</Data>
<Data Name="HexInt2">0x00000001</Data>
<Data Name="HexInt3">0x00000000</Data>
</EventData>
</Event>

<Event xmlns="http://schemas.microsoft.com/win/2004/08/events/event"><System><Provider Name="Microsoft-Windows-DeviceManagement-Enterprise-Diagnostics-Provider" Guid="{3da494e4-0fe2-415c-b895-fb5265c5c83b}"></Provider>
<EventID Qualifiers="">813</EventID>
<Version>0</Version>
<Level>4</Level>
<Task>0</Task>
<Opcode>0</Opcode>
<Keywords>0x8000000000000000</Keywords>
<TimeCreated SystemTime="2022-05-07 01:20:22.532906"></TimeCreated>
<EventRecordID>24</EventRecordID>
<Correlation ActivityID="{824d2842-61b0-0002-232e-4d82b061d801}" RelatedActivityID=""></Correlation>
<Execution ProcessID="4272" ThreadID="4280"></Execution>
<Channel>Microsoft-Windows-DeviceManagement-Enterprise-Diagnostics-Provider/Admin</Channel>
<Computer>WIN-GE1PLB8KFNS</Computer>
<Security UserID="S-1-5-18"></Security>
</System>
<EventData><Data Name="Message1">Power/EnergyEstimationEngine/Storage/StorageType/HDD/ActivePowerParameters/FlushPowerMw</Data>
<Data Name="Message2">knobs</Data>
<Data Name="Message3">9aec5bda-1e87-46b3-bb96-1a01c606555e</Data>
<Data Name="Message4">device</Data>
<Data Name="HexInt1">0x000007f8</Data>
<Data Name="HexInt2">0x00000001</Data>
<Data Name="HexInt3">0x00000000</Data>
</EventData>
</Event>

<Event xmlns="http://schemas.microsoft.com/win/2004/08/events/event"><System><Provider Name="Microsoft-Windows-DeviceManagement-Enterprise-Diagnostics-Provider" Guid="{3da494e4-0fe2-415c-b895-fb5265c5c83b}"></Provider>
<EventID Qualifiers="">813</EventID>
<Version>0</Version>
<Level>4</Level>
<Task>0</Task>
<Opcode>0</Opcode>
<Keywords>0x8000000000000000</Keywords>
<TimeCreated SystemTime="2022-05-07 01:20:22.542219"></TimeCreated>
<EventRecordID>25</EventRecordID>
<Correlation ActivityID="{824d2842-61b0-0002-232e-4d82b061d801}" RelatedActivityID=""></Correlation>
<Execution ProcessID="4272" ThreadID="4280"></Execution>
<Channel>Microsoft-Windows-DeviceManagement-Enterprise-Diagnostics-Provider/Admin</Channel>
<Computer>WIN-GE1PLB8KFNS</Computer>
<Security UserID="S-1-5-18"></Security>
</System>
<EventData><Data Name="Message1">Power/EnergyEstimationEngine/Storage/StorageType/HDD/ActivePowerParameters/LargeRandomReadPowerMw</Data>
<Data Name="Message2">knobs</Data>
<Data Name="Message3">9aec5bda-1e87-46b3-bb96-1a01c606555e</Data>
<Data Name="Message4">device</Data>
<Data Name="HexInt1">0x0000078f</Data>
<Data Name="HexInt2">0x00000001</Data>
<Data Name="HexInt3">0x00000000</Data>
</EventData>
</Event>

<Event xmlns="http://schemas.microsoft.com/win/2004/08/events/event"><System><Provider Name="Microsoft-Windows-DeviceManagement-Enterprise-Diagnostics-Provider" Guid="{3da494e4-0fe2-415c-b895-fb5265c5c83b}"></Provider>
<EventID Qualifiers="">813</EventID>
<Version>0</Version>
<Level>4</Level>
<Task>0</Task>
<Opcode>0</Opcode>
<Keywords>0x8000000000000000</Keywords>
<TimeCreated SystemTime="2022-05-07 01:20:22.554407"></TimeCreated>
<EventRecordID>26</EventRecordID>
<Correlation ActivityID="{824d2842-61b0-0002-232e-4d82b061d801}" RelatedActivityID=""></Correlation>
<Execution ProcessID="4272" ThreadID="4280"></Execution>
<Channel>Microsoft-Windows-DeviceManagement-Enterprise-Diagnostics-Provider/Admin</Channel>
<Computer>WIN-GE1PLB8KFNS</Computer>
<Security UserID="S-1-5-18"></Security>
</System>
<EventData><Data Name="Message1">Power/EnergyEstimationEngine/Storage/StorageType/HDD/ActivePowerParameters/LargeRandomWritePowerMw</Data>
<Data Name="Message2">knobs</Data>
<Data Name="Message3">9aec5bda-1e87-46b3-bb96-1a01c606555e</Data>
<Data Name="Message4">device</Data>
<Data Name="HexInt1">0x000007f8</Data>
<Data Name="HexInt2">0x00000001</Data>
<Data Name="HexInt3">0x00000000</Data>
</EventData>
</Event>

<Event xmlns="http://schemas.microsoft.com/win/2004/08/events/event"><System><Provider Name="Microsoft-Windows-DeviceManagement-Enterprise-Diagnostics-Provider" Guid="{3da494e4-0fe2-415c-b895-fb5265c5c83b}"></Provider>
<EventID Qualifiers="">813</EventID>
<Version>0</Version>
<Level>4</Level>
<Task>0</Task>
<Opcode>0</Opcode>
<Keywords>0x8000000000000000</Keywords>
<TimeCreated SystemTime="2022-05-07 01:20:22.568935"></TimeCreated>
<EventRecordID>27</EventRecordID>
<Correlation ActivityID="{824d2842-61b0-0002-232e-4d82b061d801}" RelatedActivityID=""></Correlation>
<Execution ProcessID="4272" ThreadID="4280"></Execution>
<Channel>Microsoft-Windows-DeviceManagement-Enterprise-Diagnostics-Provider/Admin</Channel>
<Computer>WIN-GE1PLB8KFNS</Computer>
<Security UserID="S-1-5-18"></Security>
</System>
<EventData><Data Name="Message1">Power/EnergyEstimationEngine/Storage/StorageType/HDD/ActivePowerParameters/LargeSequentialReadPowerMw</Data>
<Data Name="Message2">knobs</Data>
<Data Name="Message3">9aec5bda-1e87-46b3-bb96-1a01c606555e</Data>
<Data Name="Message4">device</Data>
<Data Name="HexInt1">0x00000762</Data>
<Data Name="HexInt2">0x00000001</Data>
<Data Name="HexInt3">0x00000000</Data>
</EventData>
</Event>

<Event xmlns="http://schemas.microsoft.com/win/2004/08/events/event"><System><Provider Name="Microsoft-Windows-DeviceManagement-Enterprise-Diagnostics-Provider" Guid="{3da494e4-0fe2-415c-b895-fb5265c5c83b}"></Provider>
<EventID Qualifiers="">813</EventID>
<Version>0</Version>
<Level>4</Level>
<Task>0</Task>
<Opcode>0</Opcode>
<Keywords>0x8000000000000000</Keywords>
<TimeCreated SystemTime="2022-05-07 01:20:22.582302"></TimeCreated>
<EventRecordID>28</EventRecordID>
<Correlation ActivityID="{824d2842-61b0-0002-232e-4d82b061d801}" RelatedActivityID=""></Correlation>
<Execution ProcessID="4272" ThreadID="4280"></Execution>
<Channel>Microsoft-Windows-DeviceManagement-Enterprise-Diagnostics-Provider/Admin</Channel>
<Computer>WIN-GE1PLB8KFNS</Computer>
<Security UserID="S-1-5-18"></Security>
</System>
<EventData><Data Name="Message1">Power/EnergyEstimationEngine/Storage/StorageType/HDD/ActivePowerParameters/LargeSequentialWritePowerMw</Data>
<Data Name="Message2">knobs</Data>
<Data Name="Message3">9aec5bda-1e87-46b3-bb96-1a01c606555e</Data>
<Data Name="Message4">device</Data>
<Data Name="HexInt1">0x000007d0</Data>
<Data Name="HexInt2">0x00000001</Data>
<Data Name="HexInt3">0x00000000</Data>
</EventData>
</Event>

<Event xmlns="http://schemas.microsoft.com/win/2004/08/events/event"><System><Provider Name="Microsoft-Windows-DeviceManagement-Enterprise-Diagnostics-Provider" Guid="{3da494e4-0fe2-415c-b895-fb5265c5c83b}"></Provider>
<EventID Qualifiers="">813</EventID>
<Version>0</Version>
<Level>4</Level>
<Task>0</Task>
<Opcode>0</Opcode>
<Keywords>0x8000000000000000</Keywords>
<TimeCreated SystemTime="2022-05-07 01:20:22.595650"></TimeCreated>
<EventRecordID>29</EventRecordID>
<Correlation ActivityID="{824d2842-61b0-0002-232e-4d82b061d801}" RelatedActivityID=""></Correlation>
<Execution ProcessID="4272" ThreadID="4280"></Execution>
<Channel>Microsoft-Windows-DeviceManagement-Enterprise-Diagnostics-Provider/Admin</Channel>
<Computer>WIN-GE1PLB8KFNS</Computer>
<Security UserID="S-1-5-18"></Security>
</System>
<EventData><Data Name="Message1">Power/EnergyEstimationEngine/Storage/StorageType/HDD/ActivePowerParameters/SmallRandomReadPowerMw</Data>
<Data Name="Message2">knobs</Data>
<Data Name="Message3">9aec5bda-1e87-46b3-bb96-1a01c606555e</Data>
<Data Name="Message4">device</Data>
<Data Name="HexInt1">0x0000071c</Data>
<Data Name="HexInt2">0x00000001</Data>
<Data Name="HexInt3">0x00000000</Data>
</EventData>
</Event>

<Event xmlns="http://schemas.microsoft.com/win/2004/08/events/event"><System><Provider Name="Microsoft-Windows-DeviceManagement-Enterprise-Diagnostics-Provider" Guid="{3da494e4-0fe2-415c-b895-fb5265c5c83b}"></Provider>
<EventID Qualifiers="">813</EventID>
<Version>0</Version>
<Level>4</Level>
<Task>0</Task>
<Opcode>0</Opcode>
<Keywords>0x8000000000000000</Keywords>
<TimeCreated SystemTime="2022-05-07 01:20:22.604975"></TimeCreated>
<EventRecordID>30</EventRecordID>
<Correlation ActivityID="{824d2842-61b0-0002-232e-4d82b061d801}" RelatedActivityID=""></Correlation>
<Execution ProcessID="4272" ThreadID="4280"></Execution>
<Channel>Microsoft-Windows-DeviceManagement-Enterprise-Diagnostics-Provider/Admin</Channel>
<Computer>WIN-GE1PLB8KFNS</Computer>
<Security UserID="S-1-5-18"></Security>
</System>
<EventData><Data Name="Message1">Power/EnergyEstimationEngine/Storage/StorageType/HDD/ActivePowerParameters/SmallRandomWritePowerMw</Data>
<Data Name="Message2">knobs</Data>
<Data Name="Message3">9aec5bda-1e87-46b3-bb96-1a01c606555e</Data>
<Data Name="Message4">device</Data>
<Data Name="HexInt1">0x000006b8</Data>
<Data Name="HexInt2">0x00000001</Data>
<Data Name="HexInt3">0x00000000</Data>
</EventData>
</Event>

<Event xmlns="http://schemas.microsoft.com/win/2004/08/events/event"><System><Provider Name="Microsoft-Windows-DeviceManagement-Enterprise-Diagnostics-Provider" Guid="{3da494e4-0fe2-415c-b895-fb5265c5c83b}"></Provider>
<EventID Qualifiers="">813</EventID>
<Version>0</Version>
<Level>4</Level>
<Task>0</Task>
<Opcode>0</Opcode>
<Keywords>0x8000000000000000</Keywords>
<TimeCreated SystemTime="2022-05-07 01:20:22.615816"></TimeCreated>
<EventRecordID>31</EventRecordID>
<Correlation ActivityID="{824d2842-61b0-0002-232e-4d82b061d801}" RelatedActivityID=""></Correlation>
<Execution ProcessID="4272" ThreadID="4280"></Execution>
<Channel>Microsoft-Windows-DeviceManagement-Enterprise-Diagnostics-Provider/Admin</Channel>
<Computer>WIN-GE1PLB8KFNS</Computer>
<Security UserID="S-1-5-18"></Security>
</System>
<EventData><Data Name="Message1">Power/EnergyEstimationEngine/Storage/StorageType/HDD/ActivePowerParameters/SmallSequentialReadPowerMw</Data>
<Data Name="Message2">knobs</Data>
<Data Name="Message3">9aec5bda-1e87-46b3-bb96-1a01c606555e</Data>
<Data Name="Message4">device</Data>
<Data Name="HexInt1">0x000006b8</Data>
<Data Name="HexInt2">0x00000001</Data>
<Data Name="HexInt3">0x00000000</Data>
</EventData>
</Event>

<Event xmlns="http://schemas.microsoft.com/win/2004/08/events/event"><System><Provider Name="Microsoft-Windows-DeviceManagement-Enterprise-Diagnostics-Provider" Guid="{3da494e4-0fe2-415c-b895-fb5265c5c83b}"></Provider>
<EventID Qualifiers="">813</EventID>
<Version>0</Version>
<Level>4</Level>
<Task>0</Task>
<Opcode>0</Opcode>
<Keywords>0x8000000000000000</Keywords>
<TimeCreated SystemTime="2022-05-07 01:20:22.625912"></TimeCreated>
<EventRecordID>32</EventRecordID>
<Correlation ActivityID="{824d2842-61b0-0002-232e-4d82b061d801}" RelatedActivityID=""></Correlation>
<Execution ProcessID="4272" ThreadID="4280"></Execution>
<Channel>Microsoft-Windows-DeviceManagement-Enterprise-Diagnostics-Provider/Admin</Channel>
<Computer>WIN-GE1PLB8KFNS</Computer>
<Security UserID="S-1-5-18"></Security>
</System>
<EventData><Data Name="Message1">Power/EnergyEstimationEngine/Storage/StorageType/HDD/ActivePowerParameters/SmallSequentialWritePowerMw</Data>
<Data Name="Message2">knobs</Data>
<Data Name="Message3">9aec5bda-1e87-46b3-bb96-1a01c606555e</Data>
<Data Name="Message4">device</Data>
<Data Name="HexInt1">0x00000708</Data>
<Data Name="HexInt2">0x00000001</Data>
<Data Name="HexInt3">0x00000000</Data>
</EventData>
</Event>

<Event xmlns="http://schemas.microsoft.com/win/2004/08/events/event"><System><Provider Name="Microsoft-Windows-DeviceManagement-Enterprise-Diagnostics-Provider" Guid="{3da494e4-0fe2-415c-b895-fb5265c5c83b}"></Provider>
<EventID Qualifiers="">813</EventID>
<Version>0</Version>
<Level>4</Level>
<Task>0</Task>
<Opcode>0</Opcode>
<Keywords>0x8000000000000000</Keywords>
<TimeCreated SystemTime="2022-05-07 01:20:22.637642"></TimeCreated>
<EventRecordID>33</EventRecordID>
<Correlation ActivityID="{824d2842-61b0-0002-232e-4d82b061d801}" RelatedActivityID=""></Correlation>
<Execution ProcessID="4272" ThreadID="4280"></Execution>
<Channel>Microsoft-Windows-DeviceManagement-Enterprise-Diagnostics-Provider/Admin</Channel>
<Computer>WIN-GE1PLB8KFNS</Computer>
<Security UserID="S-1-5-18"></Security>
</System>
<EventData><Data Name="Message1">Power/EnergyEstimationEngine/Storage/StorageType/HDD/IdlePowerParameters/IdleState/1/IdleExitEnergyMicroJoules</Data>
<Data Name="Message2">knobs</Data>
<Data Name="Message3">9aec5bda-1e87-46b3-bb96-1a01c606555e</Data>
<Data Name="Message4">device</Data>
<Data Name="HexInt1">0x00000000</Data>
<Data Name="HexInt2">0x00000001</Data>
<Data Name="HexInt3">0x00000000</Data>
</EventData>
</Event>

<Event xmlns="http://schemas.microsoft.com/win/2004/08/events/event"><System><Provider Name="Microsoft-Windows-DeviceManagement-Enterprise-Diagnostics-Provider" Guid="{3da494e4-0fe2-415c-b895-fb5265c5c83b}"></Provider>
<EventID Qualifiers="">813</EventID>
<Version>0</Version>
<Level>4</Level>
<Task>0</Task>
<Opcode>0</Opcode>
<Keywords>0x8000000000000000</Keywords>
<TimeCreated SystemTime="2022-05-07 01:20:22.660019"></TimeCreated>
<EventRecordID>34</EventRecordID>
<Correlation ActivityID="{824d2842-61b0-0002-232e-4d82b061d801}" RelatedActivityID=""></Correlation>
<Execution ProcessID="4272" ThreadID="4280"></Execution>
<Channel>Microsoft-Windows-DeviceManagement-Enterprise-Diagnostics-Provider/Admin</Channel>
<Computer>WIN-GE1PLB8KFNS</Computer>
<Security UserID="S-1-5-18"></Security>
</System>
<EventData><Data Name="Message1">Power/EnergyEstimationEngine/Storage/StorageType/HDD/IdlePowerParameters/IdleState/1/IdleExitLatencyMs</Data>
<Data Name="Message2">knobs</Data>
<Data Name="Message3">9aec5bda-1e87-46b3-bb96-1a01c606555e</Data>
<Data Name="Message4">device</Data>
<Data Name="HexInt1">0x00000000</Data>
<Data Name="HexInt2">0x00000001</Data>
<Data Name="HexInt3">0x00000000</Data>
</EventData>
</Event>

<Event xmlns="http://schemas.microsoft.com/win/2004/08/events/event"><System><Provider Name="Microsoft-Windows-DeviceManagement-Enterprise-Diagnostics-Provider" Guid="{3da494e4-0fe2-415c-b895-fb5265c5c83b}"></Provider>
<EventID Qualifiers="">813</EventID>
<Version>0</Version>
<Level>4</Level>
<Task>0</Task>
<Opcode>0</Opcode>
<Keywords>0x8000000000000000</Keywords>
<TimeCreated SystemTime="2022-05-07 01:20:22.679922"></TimeCreated>
<EventRecordID>35</EventRecordID>
<Correlation ActivityID="{824d2842-61b0-0002-232e-4d82b061d801}" RelatedActivityID=""></Correlation>
<Execution ProcessID="4272" ThreadID="4280"></Execution>
<Channel>Microsoft-Windows-DeviceManagement-Enterprise-Diagnostics-Provider/Admin</Channel>
<Computer>WIN-GE1PLB8KFNS</Computer>
<Security UserID="S-1-5-18"></Security>
</System>
<EventData><Data Name="Message1">Power/EnergyEstimationEngine/Storage/StorageType/HDD/IdlePowerParameters/IdleState/1/IdlePowerMw</Data>
<Data Name="Message2">knobs</Data>
<Data Name="Message3">9aec5bda-1e87-46b3-bb96-1a01c606555e</Data>
<Data Name="Message4">device</Data>
<Data Name="HexInt1">0x000004ec</Data>
<Data Name="HexInt2">0x00000001</Data>
<Data Name="HexInt3">0x00000000</Data>
</EventData>
</Event>

<Event xmlns="http://schemas.microsoft.com/win/2004/08/events/event"><System><Provider Name="Microsoft-Windows-DeviceManagement-Enterprise-Diagnostics-Provider" Guid="{3da494e4-0fe2-415c-b895-fb5265c5c83b}"></Provider>
<EventID Qualifiers="">813</EventID>
<Version>0</Version>
<Level>4</Level>
<Task>0</Task>
<Opcode>0</Opcode>
<Keywords>0x8000000000000000</Keywords>
<TimeCreated SystemTime="2022-05-07 01:20:22.693167"></TimeCreated>
<EventRecordID>36</EventRecordID>
<Correlation ActivityID="{824d2842-61b0-0002-232e-4d82b061d801}" RelatedActivityID=""></Correlation>
<Execution ProcessID="4272" ThreadID="4280"></Execution>
<Channel>Microsoft-Windows-DeviceManagement-Enterprise-Diagnostics-Provider/Admin</Channel>
<Computer>WIN-GE1PLB8KFNS</Computer>
<Security UserID="S-1-5-18"></Security>
</System>
<EventData><Data Name="Message1">Power/EnergyEstimationEngine/Storage/StorageType/HDD/IdlePowerParameters/IdleState/1/IdleTimeLengthMs</Data>
<Data Name="Message2">knobs</Data>
<Data Name="Message3">9aec5bda-1e87-46b3-bb96-1a01c606555e</Data>
<Data Name="Message4">device</Data>
<Data Name="HexInt1">0x0000011d</Data>
<Data Name="HexInt2">0x00000001</Data>
<Data Name="HexInt3">0x00000000</Data>
</EventData>
</Event>

<Event xmlns="http://schemas.microsoft.com/win/2004/08/events/event"><System><Provider Name="Microsoft-Windows-DeviceManagement-Enterprise-Diagnostics-Provider" Guid="{3da494e4-0fe2-415c-b895-fb5265c5c83b}"></Provider>
<EventID Qualifiers="">813</EventID>
<Version>0</Version>
<Level>4</Level>
<Task>0</Task>
<Opcode>0</Opcode>
<Keywords>0x8000000000000000</Keywords>
<TimeCreated SystemTime="2022-05-07 01:20:22.711386"></TimeCreated>
<EventRecordID>37</EventRecordID>
<Correlation ActivityID="{824d2842-61b0-0002-232e-4d82b061d801}" RelatedActivityID=""></Correlation>
<Execution ProcessID="4272" ThreadID="4280"></Execution>
<Channel>Microsoft-Windows-DeviceManagement-Enterprise-Diagnostics-Provider/Admin</Channel>
<Computer>WIN-GE1PLB8KFNS</Computer>
<Security UserID="S-1-5-18"></Security>
</System>
<EventData><Data Name="Message1">Power/EnergyEstimationEngine/Storage/StorageType/HDD/IdlePowerParameters/IdleState/2/IdleExitEnergyMicroJoules</Data>
<Data Name="Message2">knobs</Data>
<Data Name="Message3">9aec5bda-1e87-46b3-bb96-1a01c606555e</Data>
<Data Name="Message4">device</Data>
<Data Name="HexInt1">0x0000d467</Data>
<Data Name="HexInt2">0x00000001</Data>
<Data Name="HexInt3">0x00000000</Data>
</EventData>
</Event>

<Event xmlns="http://schemas.microsoft.com/win/2004/08/events/event"><System><Provider Name="Microsoft-Windows-DeviceManagement-Enterprise-Diagnostics-Provider" Guid="{3da494e4-0fe2-415c-b895-fb5265c5c83b}"></Provider>
<EventID Qualifiers="">813</EventID>
<Version>0</Version>
<Level>4</Level>
<Task>0</Task>
<Opcode>0</Opcode>
<Keywords>0x8000000000000000</Keywords>
<TimeCreated SystemTime="2022-05-07 01:20:22.728449"></TimeCreated>
<EventRecordID>38</EventRecordID>
<Correlation ActivityID="{824d2842-61b0-0002-232e-4d82b061d801}" RelatedActivityID=""></Correlation>
<Execution ProcessID="4272" ThreadID="4280"></Execution>
<Channel>Microsoft-Windows-DeviceManagement-Enterprise-Diagnostics-Provider/Admin</Channel>
<Computer>WIN-GE1PLB8KFNS</Computer>
<Security UserID="S-1-5-18"></Security>
</System>
<EventData><Data Name="Message1">Power/EnergyEstimationEngine/Storage/StorageType/HDD/IdlePowerParameters/IdleState/2/IdleExitLatencyMs</Data>
<Data Name="Message2">knobs</Data>
<Data Name="Message3">9aec5bda-1e87-46b3-bb96-1a01c606555e</Data>
<Data Name="Message4">device</Data>
<Data Name="HexInt1">0x00000021</Data>
<Data Name="HexInt2">0x00000001</Data>
<Data Name="HexInt3">0x00000000</Data>
</EventData>
</Event>

<Event xmlns="http://schemas.microsoft.com/win/2004/08/events/event"><System><Provider Name="Microsoft-Windows-DeviceManagement-Enterprise-Diagnostics-Provider" Guid="{3da494e4-0fe2-415c-b895-fb5265c5c83b}"></Provider>
<EventID Qualifiers="">813</EventID>
<Version>0</Version>
<Level>4</Level>
<Task>0</Task>
<Opcode>0</Opcode>
<Keywords>0x8000000000000000</Keywords>
<TimeCreated SystemTime="2022-05-07 01:20:22.741596"></TimeCreated>
<EventRecordID>39</EventRecordID>
<Correlation ActivityID="{824d2842-61b0-0002-232e-4d82b061d801}" RelatedActivityID=""></Correlation>
<Execution ProcessID="4272" ThreadID="4280"></Execution>
<Channel>Microsoft-Windows-DeviceManagement-Enterprise-Diagnostics-Provider/Admin</Channel>
<Computer>WIN-GE1PLB8KFNS</Computer>
<Security UserID="S-1-5-18"></Security>
</System>
<EventData><Data Name="Message1">Power/EnergyEstimationEngine/Storage/StorageType/HDD/IdlePowerParameters/IdleState/2/IdlePowerMw</Data>
<Data Name="Message2">knobs</Data>
<Data Name="Message3">9aec5bda-1e87-46b3-bb96-1a01c606555e</Data>
<Data Name="Message4">device</Data>
<Data Name="HexInt1">0x000002d0</Data>
<Data Name="HexInt2">0x00000001</Data>
<Data Name="HexInt3">0x00000000</Data>
</EventData>
</Event>

<Event xmlns="http://schemas.microsoft.com/win/2004/08/events/event"><System><Provider Name="Microsoft-Windows-DeviceManagement-Enterprise-Diagnostics-Provider" Guid="{3da494e4-0fe2-415c-b895-fb5265c5c83b}"></Provider>
<EventID Qualifiers="">813</EventID>
<Version>0</Version>
<Level>4</Level>
<Task>0</Task>
<Opcode>0</Opcode>
<Keywords>0x8000000000000000</Keywords>
<TimeCreated SystemTime="2022-05-07 01:20:22.760843"></TimeCreated>
<EventRecordID>40</EventRecordID>
<Correlation ActivityID="{824d2842-61b0-0002-232e-4d82b061d801}" RelatedActivityID=""></Correlation>
<Execution ProcessID="4272" ThreadID="4280"></Execution>
<Channel>Microsoft-Windows-DeviceManagement-Enterprise-Diagnostics-Provider/Admin</Channel>
<Computer>WIN-GE1PLB8KFNS</Computer>
<Security UserID="S-1-5-18"></Security>
</System>
<EventData><Data Name="Message1">Power/EnergyEstimationEngine/Storage/StorageType/HDD/IdlePowerParameters/IdleState/2/IdleTimeLengthMs</Data>
<Data Name="Message2">knobs</Data>
<Data Name="Message3">9aec5bda-1e87-46b3-bb96-1a01c606555e</Data>
<Data Name="Message4">device</Data>
<Data Name="HexInt1">0x00001f40</Data>
<Data Name="HexInt2">0x00000001</Data>
<Data Name="HexInt3">0x00000000</Data>
</EventData>
</Event>

<Event xmlns="http://schemas.microsoft.com/win/2004/08/events/event"><System><Provider Name="Microsoft-Windows-DeviceManagement-Enterprise-Diagnostics-Provider" Guid="{3da494e4-0fe2-415c-b895-fb5265c5c83b}"></Provider>
<EventID Qualifiers="">813</EventID>
<Version>0</Version>
<Level>4</Level>
<Task>0</Task>
<Opcode>0</Opcode>
<Keywords>0x8000000000000000</Keywords>
<TimeCreated SystemTime="2022-05-07 01:20:22.775761"></TimeCreated>
<EventRecordID>41</EventRecordID>
<Correlation ActivityID="{824d2842-61b0-0002-232e-4d82b061d801}" RelatedActivityID=""></Correlation>
<Execution ProcessID="4272" ThreadID="4280"></Execution>
<Channel>Microsoft-Windows-DeviceManagement-Enterprise-Diagnostics-Provider/Admin</Channel>
<Computer>WIN-GE1PLB8KFNS</Computer>
<Security UserID="S-1-5-18"></Security>
</System>
<EventData><Data Name="Message1">Power/EnergyEstimationEngine/Storage/StorageType/HDD/IdlePowerParameters/IdleState/3/IdleExitEnergyMicroJoules</Data>
<Data Name="Message2">knobs</Data>
<Data Name="Message3">9aec5bda-1e87-46b3-bb96-1a01c606555e</Data>
<Data Name="Message4">device</Data>
<Data Name="HexInt1">0x0008721c</Data>
<Data Name="HexInt2">0x00000001</Data>
<Data Name="HexInt3">0x00000000</Data>
</EventData>
</Event>

