<Event xmlns="http://schemas.microsoft.com/win/2004/08/events/event"><System><Provider Name="Microsoft-Windows-DeviceManagement-Enterprise-Diagnostics-Provider" Guid="{3da494e4-0fe2-415c-b895-fb5265c5c83b}"></Provider>
<EventID Qualifiers="">813</EventID>
<Version>0</Version>
<Level>4</Level>
<Task>0</Task>
<Opcode>0</Opcode>
<Keywords>0x8000000000000000</Keywords>
<TimeCreated SystemTime="2022-05-07 01:20:23.513901"></TimeCreated>
<EventRecordID>82</EventRecordID>
<Correlation ActivityID="{824d2842-61b0-0002-252e-4d82b061d801}" RelatedActivityID=""></Correlation>
<Execution ProcessID="4272" ThreadID="4280"></Execution>
<Channel>Microsoft-Windows-DeviceManagement-Enterprise-Diagnostics-Provider/Admin</Channel>
<Computer>WIN-GE1PLB8KFNS</Computer>
<Security UserID="S-1-5-18"></Security>
</System>
<EventData><Data Name="Message1">Power/EnergyEstimationEngine/EnergyEstimationTelemetry/BatteryDrainMinRate</Data>
<Data Name="Message2">knobs</Data>
<Data Name="Message3">8fb7d64e-70fc-4f9d-89ee-d486817534df</Data>
<Data Name="Message4">device</Data>
<Data Name="HexInt1">0x00000003</Data>
<Data Name="HexInt2">0x00000001</Data>
<Data Name="HexInt3">0x00000000</Data>
</EventData>
</Event>

<Event xmlns="http://schemas.microsoft.com/win/2004/08/events/event"><System><Provider Name="Microsoft-Windows-DeviceManagement-Enterprise-Diagnostics-Provider" Guid="{3da494e4-0fe2-415c-b895-fb5265c5c83b}"></Provider>
<EventID Qualifiers="">813</EventID>
<Version>0</Version>
<Level>4</Level>
<Task>0</Task>
<Opcode>0</Opcode>
<Keywords>0x8000000000000000</Keywords>
<TimeCreated SystemTime="2022-05-07 01:20:23.519093"></TimeCreated>
<EventRecordID>83</EventRecordID>
<Correlation ActivityID="{824d2842-61b0-0002-252e-4d82b061d801}" RelatedActivityID=""></Correlation>
<Execution ProcessID="4272" ThreadID="4280"></Execution>
<Channel>Microsoft-Windows-DeviceManagement-Enterprise-Diagnostics-Provider/Admin</Channel>
<Computer>WIN-GE1PLB8KFNS</Computer>
<Security UserID="S-1-5-18"></Security>
</System>
<EventData><Data Name="Message1">Power/EnergyEstimationEngine/EnergyEstimationTelemetry/LongtermTimerInMinutes</Data>
<Data Name="Message2">knobs</Data>
<Data Name="Message3">8fb7d64e-70fc-4f9d-89ee-d486817534df</Data>
<Data Name="Message4">device</Data>
<Data Name="HexInt1">0x000005a0</Data>
<Data Name="HexInt2">0x00000001</Data>
<Data Name="HexInt3">0x00000000</Data>
</EventData>
</Event>

<Event xmlns="http://schemas.microsoft.com/win/2004/08/events/event"><System><Provider Name="Microsoft-Windows-DeviceManagement-Enterprise-Diagnostics-Provider" Guid="{3da494e4-0fe2-415c-b895-fb5265c5c83b}"></Provider>
<EventID Qualifiers="">813</EventID>
<Version>0</Version>
<Level>4</Level>
<Task>0</Task>
<Opcode>0</Opcode>
<Keywords>0x8000000000000000</Keywords>
<TimeCreated SystemTime="2022-05-07 01:20:23.824581"></TimeCreated>
<EventRecordID>84</EventRecordID>
<Correlation ActivityID="{824d2842-61b0-0002-282e-4d82b061d801}" RelatedActivityID=""></Correlation>
<Execution ProcessID="4272" ThreadID="4280"></Execution>
<Channel>Microsoft-Windows-DeviceManagement-Enterprise-Diagnostics-Provider/Admin</Channel>
<Computer>WIN-GE1PLB8KFNS</Computer>
<Security UserID="S-1-5-18"></Security>
</System>
<EventData><Data Name="Message1">Power/EnergyEstimationEngine/Wifi/WifiClass/ClassAC/TailDurationMs</Data>
<Data Name="Message2">knobs</Data>
<Data Name="Message3">b0b9123d-7d7f-4c6b-9973-ceced46f2a09</Data>
<Data Name="Message4">device</Data>
<Data Name="HexInt1">0x0000012c</Data>
<Data Name="HexInt2">0x00000001</Data>
<Data Name="HexInt3">0x00000000</Data>
</EventData>
</Event>

<Event xmlns="http://schemas.microsoft.com/win/2004/08/events/event"><System><Provider Name="Microsoft-Windows-DeviceManagement-Enterprise-Diagnostics-Provider" Guid="{3da494e4-0fe2-415c-b895-fb5265c5c83b}"></Provider>
<EventID Qualifiers="">813</EventID>
<Version>0</Version>
<Level>4</Level>
<Task>0</Task>
<Opcode>0</Opcode>
<Keywords>0x8000000000000000</Keywords>
<TimeCreated SystemTime="2022-05-07 01:20:23.831442"></TimeCreated>
<EventRecordID>85</EventRecordID>
<Correlation ActivityID="{824d2842-61b0-0002-282e-4d82b061d801}" RelatedActivityID=""></Correlation>
<Execution ProcessID="4272" ThreadID="4280"></Execution>
<Channel>Microsoft-Windows-DeviceManagement-Enterprise-Diagnostics-Provider/Admin</Channel>
<Computer>WIN-GE1PLB8KFNS</Computer>
<Security UserID="S-1-5-18"></Security>
</System>
<EventData><Data Name="Message1">Power/EnergyEstimationEngine/Wifi/WifiClass/ClassAC/TailPowerMw</Data>
<Data Name="Message2">knobs</Data>
<Data Name="Message3">b0b9123d-7d7f-4c6b-9973-ceced46f2a09</Data>
<Data Name="Message4">device</Data>
<Data Name="HexInt1">0x00000118</Data>
<Data Name="HexInt2">0x00000001</Data>
<Data Name="HexInt3">0x00000000</Data>
</EventData>
</Event>

<Event xmlns="http://schemas.microsoft.com/win/2004/08/events/event"><System><Provider Name="Microsoft-Windows-DeviceManagement-Enterprise-Diagnostics-Provider" Guid="{3da494e4-0fe2-415c-b895-fb5265c5c83b}"></Provider>
<EventID Qualifiers="">813</EventID>
<Version>0</Version>
<Level>4</Level>
<Task>0</Task>
<Opcode>0</Opcode>
<Keywords>0x8000000000000000</Keywords>
<TimeCreated SystemTime="2022-05-07 01:20:23.838127"></TimeCreated>
<EventRecordID>86</EventRecordID>
<Correlation ActivityID="{824d2842-61b0-0002-282e-4d82b061d801}" RelatedActivityID=""></Correlation>
<Execution ProcessID="4272" ThreadID="4280"></Execution>
<Channel>Microsoft-Windows-DeviceManagement-Enterprise-Diagnostics-Provider/Admin</Channel>
<Computer>WIN-GE1PLB8KFNS</Computer>
<Security UserID="S-1-5-18"></Security>
</System>
<EventData><Data Name="Message1">Power/EnergyEstimationEngine/Wifi/WifiClass/ClassAC/TxRxPowerMw</Data>
<Data Name="Message2">knobs</Data>
<Data Name="Message3">b0b9123d-7d7f-4c6b-9973-ceced46f2a09</Data>
<Data Name="Message4">device</Data>
<Data Name="HexInt1">0x00000190</Data>
<Data Name="HexInt2">0x00000001</Data>
<Data Name="HexInt3">0x00000000</Data>
</EventData>
</Event>

<Event xmlns="http://schemas.microsoft.com/win/2004/08/events/event"><System><Provider Name="Microsoft-Windows-DeviceManagement-Enterprise-Diagnostics-Provider" Guid="{3da494e4-0fe2-415c-b895-fb5265c5c83b}"></Provider>
<EventID Qualifiers="">813</EventID>
<Version>0</Version>
<Level>4</Level>
<Task>0</Task>
<Opcode>0</Opcode>
<Keywords>0x8000000000000000</Keywords>
<TimeCreated SystemTime="2022-05-07 01:20:23.844568"></TimeCreated>
<EventRecordID>87</EventRecordID>
<Correlation ActivityID="{824d2842-61b0-0002-282e-4d82b061d801}" RelatedActivityID=""></Correlation>
<Execution ProcessID="4272" ThreadID="4280"></Execution>
<Channel>Microsoft-Windows-DeviceManagement-Enterprise-Diagnostics-Provider/Admin</Channel>
<Computer>WIN-GE1PLB8KFNS</Computer>
<Security UserID="S-1-5-18"></Security>
</System>
<EventData><Data Name="Message1">Power/EnergyEstimationEngine/Wifi/WifiClass/ClassB/TailDurationMs</Data>
<Data Name="Message2">knobs</Data>
<Data Name="Message3">b0b9123d-7d7f-4c6b-9973-ceced46f2a09</Data>
<Data Name="Message4">device</Data>
<Data Name="HexInt1">0x0000012c</Data>
<Data Name="HexInt2">0x00000001</Data>
<Data Name="HexInt3">0x00000000</Data>
</EventData>
</Event>

<Event xmlns="http://schemas.microsoft.com/win/2004/08/events/event"><System><Provider Name="Microsoft-Windows-DeviceManagement-Enterprise-Diagnostics-Provider" Guid="{3da494e4-0fe2-415c-b895-fb5265c5c83b}"></Provider>
<EventID Qualifiers="">813</EventID>
<Version>0</Version>
<Level>4</Level>
<Task>0</Task>
<Opcode>0</Opcode>
<Keywords>0x8000000000000000</Keywords>
<TimeCreated SystemTime="2022-05-07 01:20:23.854050"></TimeCreated>
<EventRecordID>88</EventRecordID>
<Correlation ActivityID="{824d2842-61b0-0002-282e-4d82b061d801}" RelatedActivityID=""></Correlation>
<Execution ProcessID="4272" ThreadID="4280"></Execution>
<Channel>Microsoft-Windows-DeviceManagement-Enterprise-Diagnostics-Provider/Admin</Channel>
<Computer>WIN-GE1PLB8KFNS</Computer>
<Security UserID="S-1-5-18"></Security>
</System>
<EventData><Data Name="Message1">Power/EnergyEstimationEngine/Wifi/WifiClass/ClassB/TailPowerMw</Data>
<Data Name="Message2">knobs</Data>
<Data Name="Message3">b0b9123d-7d7f-4c6b-9973-ceced46f2a09</Data>
<Data Name="Message4">device</Data>
<Data Name="HexInt1">0x00000118</Data>
<Data Name="HexInt2">0x00000001</Data>
<Data Name="HexInt3">0x00000000</Data>
</EventData>
</Event>

<Event xmlns="http://schemas.microsoft.com/win/2004/08/events/event"><System><Provider Name="Microsoft-Windows-DeviceManagement-Enterprise-Diagnostics-Provider" Guid="{3da494e4-0fe2-415c-b895-fb5265c5c83b}"></Provider>
<EventID Qualifiers="">813</EventID>
<Version>0</Version>
<Level>4</Level>
<Task>0</Task>
<Opcode>0</Opcode>
<Keywords>0x8000000000000000</Keywords>
<TimeCreated SystemTime="2022-05-07 01:20:23.864349"></TimeCreated>
<EventRecordID>89</EventRecordID>
<Correlation ActivityID="{824d2842-61b0-0002-282e-4d82b061d801}" RelatedActivityID=""></Correlation>
<Execution ProcessID="4272" ThreadID="4280"></Execution>
<Channel>Microsoft-Windows-DeviceManagement-Enterprise-Diagnostics-Provider/Admin</Channel>
<Computer>WIN-GE1PLB8KFNS</Computer>
<Security UserID="S-1-5-18"></Security>
</System>
<EventData><Data Name="Message1">Power/EnergyEstimationEngine/Wifi/WifiClass/ClassB/TxRxPowerMw</Data>
<Data Name="Message2">knobs</Data>
<Data Name="Message3">b0b9123d-7d7f-4c6b-9973-ceced46f2a09</Data>
<Data Name="Message4">device</Data>
<Data Name="HexInt1">0x00000190</Data>
<Data Name="HexInt2">0x00000001</Data>
<Data Name="HexInt3">0x00000000</Data>
</EventData>
</Event>

<Event xmlns="http://schemas.microsoft.com/win/2004/08/events/event"><System><Provider Name="Microsoft-Windows-DeviceManagement-Enterprise-Diagnostics-Provider" Guid="{3da494e4-0fe2-415c-b895-fb5265c5c83b}"></Provider>
<EventID Qualifiers="">813</EventID>
<Version>0</Version>
<Level>4</Level>
<Task>0</Task>
<Opcode>0</Opcode>
<Keywords>0x8000000000000000</Keywords>
<TimeCreated SystemTime="2022-05-07 01:20:23.873549"></TimeCreated>
<EventRecordID>90</EventRecordID>
<Correlation ActivityID="{824d2842-61b0-0002-282e-4d82b061d801}" RelatedActivityID=""></Correlation>
<Execution ProcessID="4272" ThreadID="4280"></Execution>
<Channel>Microsoft-Windows-DeviceManagement-Enterprise-Diagnostics-Provider/Admin</Channel>
<Computer>WIN-GE1PLB8KFNS</Computer>
<Security UserID="S-1-5-18"></Security>
</System>
<EventData><Data Name="Message1">Power/EnergyEstimationEngine/Wifi/WifiClass/ClassG/TailDurationMs</Data>
<Data Name="Message2">knobs</Data>
<Data Name="Message3">b0b9123d-7d7f-4c6b-9973-ceced46f2a09</Data>
<Data Name="Message4">device</Data>
<Data Name="HexInt1">0x0000012c</Data>
<Data Name="HexInt2">0x00000001</Data>
<Data Name="HexInt3">0x00000000</Data>
</EventData>
</Event>

<Event xmlns="http://schemas.microsoft.com/win/2004/08/events/event"><System><Provider Name="Microsoft-Windows-DeviceManagement-Enterprise-Diagnostics-Provider" Guid="{3da494e4-0fe2-415c-b895-fb5265c5c83b}"></Provider>
<EventID Qualifiers="">813</EventID>
<Version>0</Version>
<Level>4</Level>
<Task>0</Task>
<Opcode>0</Opcode>
<Keywords>0x8000000000000000</Keywords>
<TimeCreated SystemTime="2022-05-07 01:20:23.881138"></TimeCreated>
<EventRecordID>91</EventRecordID>
<Correlation ActivityID="{824d2842-61b0-0002-282e-4d82b061d801}" RelatedActivityID=""></Correlation>
<Execution ProcessID="4272" ThreadID="4280"></Execution>
<Channel>Microsoft-Windows-DeviceManagement-Enterprise-Diagnostics-Provider/Admin</Channel>
<Computer>WIN-GE1PLB8KFNS</Computer>
<Security UserID="S-1-5-18"></Security>
</System>
<EventData><Data Name="Message1">Power/EnergyEstimationEngine/Wifi/WifiClass/ClassG/TailPowerMw</Data>
<Data Name="Message2">knobs</Data>
<Data Name="Message3">b0b9123d-7d7f-4c6b-9973-ceced46f2a09</Data>
<Data Name="Message4">device</Data>
<Data Name="HexInt1">0x00000118</Data>
<Data Name="HexInt2">0x00000001</Data>
<Data Name="HexInt3">0x00000000</Data>
</EventData>
</Event>

<Event xmlns="http://schemas.microsoft.com/win/2004/08/events/event"><System><Provider Name="Microsoft-Windows-DeviceManagement-Enterprise-Diagnostics-Provider" Guid="{3da494e4-0fe2-415c-b895-fb5265c5c83b}"></Provider>
<EventID Qualifiers="">813</EventID>
<Version>0</Version>
<Level>4</Level>
<Task>0</Task>
<Opcode>0</Opcode>
<Keywords>0x8000000000000000</Keywords>
<TimeCreated SystemTime="2022-05-07 01:20:23.887983"></TimeCreated>
<EventRecordID>92</EventRecordID>
<Correlation ActivityID="{824d2842-61b0-0002-282e-4d82b061d801}" RelatedActivityID=""></Correlation>
<Execution ProcessID="4272" ThreadID="4280"></Execution>
<Channel>Microsoft-Windows-DeviceManagement-Enterprise-Diagnostics-Provider/Admin</Channel>
<Computer>WIN-GE1PLB8KFNS</Computer>
<Security UserID="S-1-5-18"></Security>
</System>
<EventData><Data Name="Message1">Power/EnergyEstimationEngine/Wifi/WifiClass/ClassG/TxRxPowerMw</Data>
<Data Name="Message2">knobs</Data>
<Data Name="Message3">b0b9123d-7d7f-4c6b-9973-ceced46f2a09</Data>
<Data Name="Message4">device</Data>
<Data Name="HexInt1">0x00000190</Data>
<Data Name="HexInt2">0x00000001</Data>
<Data Name="HexInt3">0x00000000</Data>
</EventData>
</Event>

<Event xmlns="http://schemas.microsoft.com/win/2004/08/events/event"><System><Provider Name="Microsoft-Windows-DeviceManagement-Enterprise-Diagnostics-Provider" Guid="{3da494e4-0fe2-415c-b895-fb5265c5c83b}"></Provider>
<EventID Qualifiers="">813</EventID>
<Version>0</Version>
<Level>4</Level>
<Task>0</Task>
<Opcode>0</Opcode>
<Keywords>0x8000000000000000</Keywords>
<TimeCreated SystemTime="2022-05-07 01:20:23.894768"></TimeCreated>
<EventRecordID>93</EventRecordID>
<Correlation ActivityID="{824d2842-61b0-0002-282e-4d82b061d801}" RelatedActivityID=""></Correlation>
<Execution ProcessID="4272" ThreadID="4280"></Execution>
<Channel>Microsoft-Windows-DeviceManagement-Enterprise-Diagnostics-Provider/Admin</Channel>
<Computer>WIN-GE1PLB8KFNS</Computer>
<Security UserID="S-1-5-18"></Security>
</System>
<EventData><Data Name="Message1">Power/EnergyEstimationEngine/Wifi/WifiClass/ClassN/TailDurationMs</Data>
<Data Name="Message2">knobs</Data>
<Data Name="Message3">b0b9123d-7d7f-4c6b-9973-ceced46f2a09</Data>
<Data Name="Message4">device</Data>
<Data Name="HexInt1">0x0000012c</Data>
<Data Name="HexInt2">0x00000001</Data>
<Data Name="HexInt3">0x00000000</Data>
</EventData>
</Event>

<Event xmlns="http://schemas.microsoft.com/win/2004/08/events/event"><System><Provider Name="Microsoft-Windows-DeviceManagement-Enterprise-Diagnostics-Provider" Guid="{3da494e4-0fe2-415c-b895-fb5265c5c83b}"></Provider>
<EventID Qualifiers="">813</EventID>
<Version>0</Version>
<Level>4</Level>
<Task>0</Task>
<Opcode>0</Opcode>
<Keywords>0x8000000000000000</Keywords>
<TimeCreated SystemTime="2022-05-07 01:20:23.903111"></TimeCreated>
<EventRecordID>94</EventRecordID>
<Correlation ActivityID="{824d2842-61b0-0002-282e-4d82b061d801}" RelatedActivityID=""></Correlation>
<Execution ProcessID="4272" ThreadID="4280"></Execution>
<Channel>Microsoft-Windows-DeviceManagement-Enterprise-Diagnostics-Provider/Admin</Channel>
<Computer>WIN-GE1PLB8KFNS</Computer>
<Security UserID="S-1-5-18"></Security>
</System>
<EventData><Data Name="Message1">Power/EnergyEstimationEngine/Wifi/WifiClass/ClassN/TailPowerMw</Data>
<Data Name="Message2">knobs</Data>
<Data Name="Message3">b0b9123d-7d7f-4c6b-9973-ceced46f2a09</Data>
<Data Name="Message4">device</Data>
<Data Name="HexInt1">0x00000118</Data>
<Data Name="HexInt2">0x00000001</Data>
<Data Name="HexInt3">0x00000000</Data>
</EventData>
</Event>

<Event xmlns="http://schemas.microsoft.com/win/2004/08/events/event"><System><Provider Name="Microsoft-Windows-DeviceManagement-Enterprise-Diagnostics-Provider" Guid="{3da494e4-0fe2-415c-b895-fb5265c5c83b}"></Provider>
<EventID Qualifiers="">813</EventID>
<Version>0</Version>
<Level>4</Level>
<Task>0</Task>
<Opcode>0</Opcode>
<Keywords>0x8000000000000000</Keywords>
<TimeCreated SystemTime="2022-05-07 01:20:23.912188"></TimeCreated>
<EventRecordID>95</EventRecordID>
<Correlation ActivityID="{824d2842-61b0-0002-282e-4d82b061d801}" RelatedActivityID=""></Correlation>
<Execution ProcessID="4272" ThreadID="4280"></Execution>
<Channel>Microsoft-Windows-DeviceManagement-Enterprise-Diagnostics-Provider/Admin</Channel>
<Computer>WIN-GE1PLB8KFNS</Computer>
<Security UserID="S-1-5-18"></Security>
</System>
<EventData><Data Name="Message1">Power/EnergyEstimationEngine/Wifi/WifiClass/ClassN/TxRxPowerMw</Data>
<Data Name="Message2">knobs</Data>
<Data Name="Message3">b0b9123d-7d7f-4c6b-9973-ceced46f2a09</Data>
<Data Name="Message4">device</Data>
<Data Name="HexInt1">0x00000190</Data>
<Data Name="HexInt2">0x00000001</Data>
<Data Name="HexInt3">0x00000000</Data>
</EventData>
</Event>

<Event xmlns="http://schemas.microsoft.com/win/2004/08/events/event"><System><Provider Name="Microsoft-Windows-DeviceManagement-Enterprise-Diagnostics-Provider" Guid="{3da494e4-0fe2-415c-b895-fb5265c5c83b}"></Provider>
<EventID Qualifiers="">813</EventID>
<Version>0</Version>
<Level>4</Level>
<Task>0</Task>
<Opcode>0</Opcode>
<Keywords>0x8000000000000000</Keywords>
<TimeCreated SystemTime="2022-05-07 01:20:24.358173"></TimeCreated>
<EventRecordID>96</EventRecordID>
<Correlation ActivityID="{824d2842-61b0-0000-fe2c-4d82b061d801}" RelatedActivityID=""></Correlation>
<Execution ProcessID="4272" ThreadID="4280"></Execution>
<Channel>Microsoft-Windows-DeviceManagement-Enterprise-Diagnostics-Provider/Admin</Channel>
<Computer>WIN-GE1PLB8KFNS</Computer>
<Security UserID="S-1-5-18"></Security>
</System>
<EventData><Data Name="Message1">Power/Policy/Settings/Button/SchemePersonality/381b4222-f694-41f0-9685-ff5bb260df2e/Setting/PowerButtonAction/AcValue</Data>
<Data Name="Message2">knobs</Data>
<Data Name="Message3">18dcffd4-37d6-4bc6-87e0-4266fdbb8e49</Data>
<Data Name="Message4">device</Data>
<Data Name="HexInt1">0x00000001</Data>
<Data Name="HexInt2">0x00000001</Data>
<Data Name="HexInt3">0x00000000</Data>
</EventData>
</Event>

<Event xmlns="http://schemas.microsoft.com/win/2004/08/events/event"><System><Provider Name="Microsoft-Windows-DeviceManagement-Enterprise-Diagnostics-Provider" Guid="{3da494e4-0fe2-415c-b895-fb5265c5c83b}"></Provider>
<EventID Qualifiers="">813</EventID>
<Version>0</Version>
<Level>4</Level>
<Task>0</Task>
<Opcode>0</Opcode>
<Keywords>0x8000000000000000</Keywords>
<TimeCreated SystemTime="2022-05-07 01:20:24.363693"></TimeCreated>
<EventRecordID>97</EventRecordID>
<Correlation ActivityID="{824d2842-61b0-0000-fe2c-4d82b061d801}" RelatedActivityID=""></Correlation>
<Execution ProcessID="4272" ThreadID="4280"></Execution>
<Channel>Microsoft-Windows-DeviceManagement-Enterprise-Diagnostics-Provider/Admin</Channel>
<Computer>WIN-GE1PLB8KFNS</Computer>
<Security UserID="S-1-5-18"></Security>
</System>
<EventData><Data Name="Message1">Power/Policy/Settings/Button/SchemePersonality/381b4222-f694-41f0-9685-ff5bb260df2e/Setting/PowerButtonAction/DcValue</Data>
<Data Name="Message2">knobs</Data>
<Data Name="Message3">18dcffd4-37d6-4bc6-87e0-4266fdbb8e49</Data>
<Data Name="Message4">device</Data>
<Data Name="HexInt1">0x00000001</Data>
<Data Name="HexInt2">0x00000001</Data>
<Data Name="HexInt3">0x00000000</Data>
</EventData>
</Event>

<Event xmlns="http://schemas.microsoft.com/win/2004/08/events/event"><System><Provider Name="Microsoft-Windows-DeviceManagement-Enterprise-Diagnostics-Provider" Guid="{3da494e4-0fe2-415c-b895-fb5265c5c83b}"></Provider>
<EventID Qualifiers="">813</EventID>
<Version>0</Version>
<Level>4</Level>
<Task>0</Task>
<Opcode>0</Opcode>
<Keywords>0x8000000000000000</Keywords>
<TimeCreated SystemTime="2022-05-07 01:20:24.369993"></TimeCreated>
<EventRecordID>98</EventRecordID>
<Correlation ActivityID="{824d2842-61b0-0000-fe2c-4d82b061d801}" RelatedActivityID=""></Correlation>
<Execution ProcessID="4272" ThreadID="4280"></Execution>
<Channel>Microsoft-Windows-DeviceManagement-Enterprise-Diagnostics-Provider/Admin</Channel>
<Computer>WIN-GE1PLB8KFNS</Computer>
<Security UserID="S-1-5-18"></Security>
</System>
<EventData><Data Name="Message1">Power/Policy/Settings/Button/SchemePersonality/8c5e7fda-e8bf-4a96-9a85-a6e23a8c635c/Setting/PowerButtonAction/AcValue</Data>
<Data Name="Message2">knobs</Data>
<Data Name="Message3">18dcffd4-37d6-4bc6-87e0-4266fdbb8e49</Data>
<Data Name="Message4">device</Data>
<Data Name="HexInt1">0x00000001</Data>
<Data Name="HexInt2">0x00000001</Data>
<Data Name="HexInt3">0x00000000</Data>
</EventData>
</Event>

<Event xmlns="http://schemas.microsoft.com/win/2004/08/events/event"><System><Provider Name="Microsoft-Windows-DeviceManagement-Enterprise-Diagnostics-Provider" Guid="{3da494e4-0fe2-415c-b895-fb5265c5c83b}"></Provider>
<EventID Qualifiers="">813</EventID>
<Version>0</Version>
<Level>4</Level>
<Task>0</Task>
<Opcode>0</Opcode>
<Keywords>0x8000000000000000</Keywords>
<TimeCreated SystemTime="2022-05-07 01:20:24.376505"></TimeCreated>
<EventRecordID>99</EventRecordID>
<Correlation ActivityID="{824d2842-61b0-0000-fe2c-4d82b061d801}" RelatedActivityID=""></Correlation>
<Execution ProcessID="4272" ThreadID="4280"></Execution>
<Channel>Microsoft-Windows-DeviceManagement-Enterprise-Diagnostics-Provider/Admin</Channel>
<Computer>WIN-GE1PLB8KFNS</Computer>
<Security UserID="S-1-5-18"></Security>
</System>
<EventData><Data Name="Message1">Power/Policy/Settings/Button/SchemePersonality/8c5e7fda-e8bf-4a96-9a85-a6e23a8c635c/Setting/PowerButtonAction/DcValue</Data>
<Data Name="Message2">knobs</Data>
<Data Name="Message3">18dcffd4-37d6-4bc6-87e0-4266fdbb8e49</Data>
<Data Name="Message4">device</Data>
<Data Name="HexInt1">0x00000001</Data>
<Data Name="HexInt2">0x00000001</Data>
<Data Name="HexInt3">0x00000000</Data>
</EventData>
</Event>

<Event xmlns="http://schemas.microsoft.com/win/2004/08/events/event"><System><Provider Name="Microsoft-Windows-DeviceManagement-Enterprise-Diagnostics-Provider" Guid="{3da494e4-0fe2-415c-b895-fb5265c5c83b}"></Provider>
<EventID Qualifiers="">813</EventID>
<Version>0</Version>
<Level>4</Level>
<Task>0</Task>
<Opcode>0</Opcode>
<Keywords>0x8000000000000000</Keywords>
<TimeCreated SystemTime="2022-05-07 01:20:24.382378"></TimeCreated>
<EventRecordID>100</EventRecordID>
<Correlation ActivityID="{824d2842-61b0-0000-fe2c-4d82b061d801}" RelatedActivityID=""></Correlation>
<Execution ProcessID="4272" ThreadID="4280"></Execution>
<Channel>Microsoft-Windows-DeviceManagement-Enterprise-Diagnostics-Provider/Admin</Channel>
<Computer>WIN-GE1PLB8KFNS</Computer>
<Security UserID="S-1-5-18"></Security>
</System>
<EventData><Data Name="Message1">Power/Policy/Settings/Button/SchemePersonality/a1841308-3541-4fab-bc81-f71556f20b4a/Setting/PowerButtonAction/AcValue</Data>
<Data Name="Message2">knobs</Data>
<Data Name="Message3">18dcffd4-37d6-4bc6-87e0-4266fdbb8e49</Data>
<Data Name="Message4">device</Data>
<Data Name="HexInt1">0x00000001</Data>
<Data Name="HexInt2">0x00000001</Data>
<Data Name="HexInt3">0x00000000</Data>
</EventData>
</Event>

<Event xmlns="http://schemas.microsoft.com/win/2004/08/events/event"><System><Provider Name="Microsoft-Windows-DeviceManagement-Enterprise-Diagnostics-Provider" Guid="{3da494e4-0fe2-415c-b895-fb5265c5c83b}"></Provider>
<EventID Qualifiers="">813</EventID>
<Version>0</Version>
<Level>4</Level>
<Task>0</Task>
<Opcode>0</Opcode>
<Keywords>0x8000000000000000</Keywords>
<TimeCreated SystemTime="2022-05-07 01:20:24.388783"></TimeCreated>
<EventRecordID>101</EventRecordID>
<Correlation ActivityID="{824d2842-61b0-0000-fe2c-4d82b061d801}" RelatedActivityID=""></Correlation>
<Execution ProcessID="4272" ThreadID="4280"></Execution>
<Channel>Microsoft-Windows-DeviceManagement-Enterprise-Diagnostics-Provider/Admin</Channel>
<Computer>WIN-GE1PLB8KFNS</Computer>
<Security UserID="S-1-5-18"></Security>
</System>
<EventData><Data Name="Message1">Power/Policy/Settings/Button/SchemePersonality/a1841308-3541-4fab-bc81-f71556f20b4a/Setting/PowerButtonAction/DcValue</Data>
<Data Name="Message2">knobs</Data>
<Data Name="Message3">18dcffd4-37d6-4bc6-87e0-4266fdbb8e49</Data>
<Data Name="Message4">device</Data>
<Data Name="HexInt1">0x00000001</Data>
<Data Name="HexInt2">0x00000001</Data>
<Data Name="HexInt3">0x00000000</Data>
</EventData>
</Event>

<Event xmlns="http://schemas.microsoft.com/win/2004/08/events/event"><System><Provider Name="Microsoft-Windows-DeviceManagement-Enterprise-Diagnostics-Provider" Guid="{3da494e4-0fe2-415c-b895-fb5265c5c83b}"></Provider>
<EventID Qualifiers="">813</EventID>
<Version>0</Version>
<Level>4</Level>
<Task>0</Task>
<Opcode>0</Opcode>
<Keywords>0x8000000000000000</Keywords>
<TimeCreated SystemTime="2022-05-07 01:20:24.704870"></TimeCreated>
<EventRecordID>102</EventRecordID>
<Correlation ActivityID="{824d2842-61b0-0002-2e2e-4d82b061d801}" RelatedActivityID=""></Correlation>
<Execution ProcessID="4272" ThreadID="4280"></Execution>
<Channel>Microsoft-Windows-DeviceManagement-Enterprise-Diagnostics-Provider/Admin</Channel>
<Computer>WIN-GE1PLB8KFNS</Computer>
<Security UserID="S-1-5-18"></Security>
</System>
<EventData><Data Name="Message1">Power/Policy/Settings/Graphics/SchemePersonality/961cc777-2547-4f9d-8174-7d86181b8a7a/Setting/GpuPreferencePolicy/AcValue</Data>
<Data Name="Message2">knobs</Data>
<Data Name="Message3">bf56ce5a-946b-45b5-858a-1794eb0125e2</Data>
<Data Name="Message4">device</Data>
<Data Name="HexInt1">0x00000000</Data>
<Data Name="HexInt2">0x00000001</Data>
<Data Name="HexInt3">0x00000000</Data>
</EventData>
</Event>

<Event xmlns="http://schemas.microsoft.com/win/2004/08/events/event"><System><Provider Name="Microsoft-Windows-DeviceManagement-Enterprise-Diagnostics-Provider" Guid="{3da494e4-0fe2-415c-b895-fb5265c5c83b}"></Provider>
<EventID Qualifiers="">813</EventID>
<Version>0</Version>
<Level>4</Level>
<Task>0</Task>
<Opcode>0</Opcode>
<Keywords>0x8000000000000000</Keywords>
<TimeCreated SystemTime="2022-05-07 01:20:24.713232"></TimeCreated>
<EventRecordID>103</EventRecordID>
<Correlation ActivityID="{824d2842-61b0-0002-2e2e-4d82b061d801}" RelatedActivityID=""></Correlation>
<Execution ProcessID="4272" ThreadID="4280"></Execution>
<Channel>Microsoft-Windows-DeviceManagement-Enterprise-Diagnostics-Provider/Admin</Channel>
<Computer>WIN-GE1PLB8KFNS</Computer>
<Security UserID="S-1-5-18"></Security>
</System>
<EventData><Data Name="Message1">Power/Policy/Settings/Graphics/SchemePersonality/961cc777-2547-4f9d-8174-7d86181b8a7a/Setting/GpuPreferencePolicy/DcValue</Data>
<Data Name="Message2">knobs</Data>
<Data Name="Message3">bf56ce5a-946b-45b5-858a-1794eb0125e2</Data>
<Data Name="Message4">device</Data>
<Data Name="HexInt1">0x00000001</Data>
<Data Name="HexInt2">0x00000001</Data>
<Data Name="HexInt3">0x00000000</Data>
</EventData>
</Event>

<Event xmlns="http://schemas.microsoft.com/win/2004/08/events/event"><System><Provider Name="Microsoft-Windows-DeviceManagement-Enterprise-Diagnostics-Provider" Guid="{3da494e4-0fe2-415c-b895-fb5265c5c83b}"></Provider>
<EventID Qualifiers="">813</EventID>
<Version>0</Version>
<Level>4</Level>
<Task>0</Task>
<Opcode>0</Opcode>
<Keywords>0x8000000000000000</Keywords>
<TimeCreated SystemTime="2022-05-07 01:20:24.722166"></TimeCreated>
<EventRecordID>104</EventRecordID>
<Correlation ActivityID="{824d2842-61b0-0002-2e2e-4d82b061d801}" RelatedActivityID=""></Correlation>
<Execution ProcessID="4272" ThreadID="4280"></Execution>
<Channel>Microsoft-Windows-DeviceManagement-Enterprise-Diagnostics-Provider/Admin</Channel>
<Computer>WIN-GE1PLB8KFNS</Computer>
<Security UserID="S-1-5-18"></Security>
</System>
<EventData><Data Name="Message1">Power/Policy/Settings/Graphics/SchemePersonality/ded574b5-45a0-4f42-8737-46345c09c238/Setting/GpuPreferencePolicy/AcValue</Data>
<Data Name="Message2">knobs</Data>
<Data Name="Message3">bf56ce5a-946b-45b5-858a-1794eb0125e2</Data>
<Data Name="Message4">device</Data>
<Data Name="HexInt1">0x00000000</Data>
<Data Name="HexInt2">0x00000001</Data>
<Data Name="HexInt3">0x00000000</Data>
</EventData>
</Event>

<Event xmlns="http://schemas.microsoft.com/win/2004/08/events/event"><System><Provider Name="Microsoft-Windows-DeviceManagement-Enterprise-Diagnostics-Provider" Guid="{3da494e4-0fe2-415c-b895-fb5265c5c83b}"></Provider>
<EventID Qualifiers="">813</EventID>
<Version>0</Version>
<Level>4</Level>
<Task>0</Task>
<Opcode>0</Opcode>
<Keywords>0x8000000000000000</Keywords>
<TimeCreated SystemTime="2022-05-07 01:20:24.730679"></TimeCreated>
<EventRecordID>105</EventRecordID>
<Correlation ActivityID="{824d2842-61b0-0002-2e2e-4d82b061d801}" RelatedActivityID=""></Correlation>
<Execution ProcessID="4272" ThreadID="4280"></Execution>
<Channel>Microsoft-Windows-DeviceManagement-Enterprise-Diagnostics-Provider/Admin</Channel>
<Computer>WIN-GE1PLB8KFNS</Computer>
<Security UserID="S-1-5-18"></Security>
</System>
<EventData><Data Name="Message1">Power/Policy/Settings/Graphics/SchemePersonality/ded574b5-45a0-4f42-8737-46345c09c238/Setting/GpuPreferencePolicy/DcValue</Data>
<Data Name="Message2">knobs</Data>
<Data Name="Message3">bf56ce5a-946b-45b5-858a-1794eb0125e2</Data>
<Data Name="Message4">device</Data>
<Data Name="HexInt1">0x00000000</Data>
<Data Name="HexInt2">0x00000001</Data>
<Data Name="HexInt3">0x00000000</Data>
</EventData>
</Event>

<Event xmlns="http://schemas.microsoft.com/win/2004/08/events/event"><System><Provider Name="Microsoft-Windows-DeviceManagement-Enterprise-Diagnostics-Provider" Guid="{3da494e4-0fe2-415c-b895-fb5265c5c83b}"></Provider>
<EventID Qualifiers="">813</EventID>
<Version>0</Version>
<Level>4</Level>
<Task>0</Task>
<Opcode>0</Opcode>
<Keywords>0x8000000000000000</Keywords>
<TimeCreated SystemTime="2022-05-07 01:20:25.017159"></TimeCreated>
<EventRecordID>106</EventRecordID>
<Correlation ActivityID="{824d2842-61b0-0002-322e-4d82b061d801}" RelatedActivityID=""></Correlation>
<Execution ProcessID="4272" ThreadID="4280"></Execution>
<Channel>Microsoft-Windows-DeviceManagement-Enterprise-Diagnostics-Provider/Admin</Channel>
<Computer>WIN-GE1PLB8KFNS</Computer>
<Security UserID="S-1-5-18"></Security>
</System>
<EventData><Data Name="Message1">Power/Policy/Settings/PCIExpress/SchemePersonality/381b4222-f694-41f0-9685-ff5bb260df2e/Setting/ASPM/AcValue</Data>
<Data Name="Message2">knobs</Data>
<Data Name="Message3">268c43e1-aa2b-4036-86ef-8cda98a0c2fe</Data>
<Data Name="Message4">device</Data>
<Data Name="HexInt1">0x00000002</Data>
<Data Name="HexInt2">0x00000001</Data>
<Data Name="HexInt3">0x00000000</Data>
</EventData>
</Event>

<Event xmlns="http://schemas.microsoft.com/win/2004/08/events/event"><System><Provider Name="Microsoft-Windows-DeviceManagement-Enterprise-Diagnostics-Provider" Guid="{3da494e4-0fe2-415c-b895-fb5265c5c83b}"></Provider>
<EventID Qualifiers="">813</EventID>
<Version>0</Version>
<Level>4</Level>
<Task>0</Task>
<Opcode>0</Opcode>
<Keywords>0x8000000000000000</Keywords>
<TimeCreated SystemTime="2022-05-07 01:20:25.023249"></TimeCreated>
<EventRecordID>107</EventRecordID>
<Correlation ActivityID="{824d2842-61b0-0002-322e-4d82b061d801}" RelatedActivityID=""></Correlation>
<Execution ProcessID="4272" ThreadID="4280"></Execution>
<Channel>Microsoft-Windows-DeviceManagement-Enterprise-Diagnostics-Provider/Admin</Channel>
<Computer>WIN-GE1PLB8KFNS</Computer>
<Security UserID="S-1-5-18"></Security>
</System>
<EventData><Data Name="Message1">Power/Policy/Settings/PCIExpress/SchemePersonality/381b4222-f694-41f0-9685-ff5bb260df2e/Setting/ASPM/DcValue</Data>
<Data Name="Message2">knobs</Data>
<Data Name="Message3">268c43e1-aa2b-4036-86ef-8cda98a0c2fe</Data>
<Data Name="Message4">device</Data>
<Data Name="HexInt1">0x00000002</Data>
<Data Name="HexInt2">0x00000001</Data>
<Data Name="HexInt3">0x00000000</Data>
</EventData>
</Event>

<Event xmlns="http://schemas.microsoft.com/win/2004/08/events/event"><System><Provider Name="Microsoft-Windows-DeviceManagement-Enterprise-Diagnostics-Provider" Guid="{3da494e4-0fe2-415c-b895-fb5265c5c83b}"></Provider>
<EventID Qualifiers="">813</EventID>
<Version>0</Version>
<Level>4</Level>
<Task>0</Task>
<Opcode>0</Opcode>
<Keywords>0x8000000000000000</Keywords>
<TimeCreated SystemTime="2022-05-07 01:20:25.302748"></TimeCreated>
<EventRecordID>108</EventRecordID>
<Correlation ActivityID="{824d2842-61b0-0002-352e-4d82b061d801}" RelatedActivityID=""></Correlation>
<Execution ProcessID="4272" ThreadID="4280"></Execution>
<Channel>Microsoft-Windows-DeviceManagement-Enterprise-Diagnostics-Provider/Admin</Channel>
<Computer>WIN-GE1PLB8KFNS</Computer>
<Security UserID="S-1-5-18"></Security>
</System>
<EventData><Data Name="Message1">Power/Policy/Settings/Processor/SchemePersonality/381b4222-f694-41f0-9685-ff5bb260df2e/0aabb002-a307-447e-9b81-1d819df6c6d0/MinPerformance/AcValue</Data>
<Data Name="Message2">knobs</Data>
<Data Name="Message3">fc01e91f-914c-45af-9d7c-0b2e5fbedf62</Data>
<Data Name="Message4">device</Data>
<Data Name="HexInt1">0x00000064</Data>
<Data Name="HexInt2">0x00000001</Data>
<Data Name="HexInt3">0x00000000</Data>
</EventData>
</Event>

<Event xmlns="http://schemas.microsoft.com/win/2004/08/events/event"><System><Provider Name="Microsoft-Windows-DeviceManagement-Enterprise-Diagnostics-Provider" Guid="{3da494e4-0fe2-415c-b895-fb5265c5c83b}"></Provider>
<EventID Qualifiers="">813</EventID>
<Version>0</Version>
<Level>4</Level>
<Task>0</Task>
<Opcode>0</Opcode>
<Keywords>0x8000000000000000</Keywords>
<TimeCreated SystemTime="2022-05-07 01:20:25.308861"></TimeCreated>
<EventRecordID>109</EventRecordID>
<Correlation ActivityID="{824d2842-61b0-0002-352e-4d82b061d801}" RelatedActivityID=""></Correlation>
<Execution ProcessID="4272" ThreadID="4280"></Execution>
<Channel>Microsoft-Windows-DeviceManagement-Enterprise-Diagnostics-Provider/Admin</Channel>
<Computer>WIN-GE1PLB8KFNS</Computer>
<Security UserID="S-1-5-18"></Security>
</System>
<EventData><Data Name="Message1">Power/Policy/Settings/Processor/SchemePersonality/381b4222-f694-41f0-9685-ff5bb260df2e/0aabb002-a307-447e-9b81-1d819df6c6d0/PerfDecreaseThreshold/DcValue</Data>
<Data Name="Message2">knobs</Data>
<Data Name="Message3">fc01e91f-914c-45af-9d7c-0b2e5fbedf62</Data>
<Data Name="Message4">device</Data>
<Data Name="HexInt1">0x0000000a</Data>
<Data Name="HexInt2">0x00000001</Data>
<Data Name="HexInt3">0x00000000</Data>
</EventData>
</Event>

<Event xmlns="http://schemas.microsoft.com/win/2004/08/events/event"><System><Provider Name="Microsoft-Windows-DeviceManagement-Enterprise-Diagnostics-Provider" Guid="{3da494e4-0fe2-415c-b895-fb5265c5c83b}"></Provider>
<EventID Qualifiers="">813</EventID>
<Version>0</Version>
<Level>4</Level>
<Task>0</Task>
<Opcode>0</Opcode>
<Keywords>0x8000000000000000</Keywords>
<TimeCreated SystemTime="2022-05-07 01:20:25.315340"></TimeCreated>
<EventRecordID>110</EventRecordID>
<Correlation ActivityID="{824d2842-61b0-0002-352e-4d82b061d801}" RelatedActivityID=""></Correlation>
<Execution ProcessID="4272" ThreadID="4280"></Execution>
<Channel>Microsoft-Windows-DeviceManagement-Enterprise-Diagnostics-Provider/Admin</Channel>
<Computer>WIN-GE1PLB8KFNS</Computer>
<Security UserID="S-1-5-18"></Security>
</System>
<EventData><Data Name="Message1">Power/Policy/Settings/Processor/SchemePersonality/381b4222-f694-41f0-9685-ff5bb260df2e/0aabb002-a307-447e-9b81-1d819df6c6d0/PerfEnergyPreference/AcValue</Data>
<Data Name="Message2">knobs</Data>
<Data Name="Message3">fc01e91f-914c-45af-9d7c-0b2e5fbedf62</Data>
<Data Name="Message4">device</Data>
<Data Name="HexInt1">0x00000000</Data>
<Data Name="HexInt2">0x00000001</Data>
<Data Name="HexInt3">0x00000000</Data>
</EventData>
</Event>

<Event xmlns="http://schemas.microsoft.com/win/2004/08/events/event"><System><Provider Name="Microsoft-Windows-DeviceManagement-Enterprise-Diagnostics-Provider" Guid="{3da494e4-0fe2-415c-b895-fb5265c5c83b}"></Provider>
<EventID Qualifiers="">813</EventID>
<Version>0</Version>
<Level>4</Level>
<Task>0</Task>
<Opcode>0</Opcode>
<Keywords>0x8000000000000000</Keywords>
<TimeCreated SystemTime="2022-05-07 01:20:25.321175"></TimeCreated>
<EventRecordID>111</EventRecordID>
<Correlation ActivityID="{824d2842-61b0-0002-352e-4d82b061d801}" RelatedActivityID=""></Correlation>
<Execution ProcessID="4272" ThreadID="4280"></Execution>
<Channel>Microsoft-Windows-DeviceManagement-Enterprise-Diagnostics-Provider/Admin</Channel>
<Computer>WIN-GE1PLB8KFNS</Computer>
<Security UserID="S-1-5-18"></Security>
</System>
<EventData><Data Name="Message1">Power/Policy/Settings/Processor/SchemePersonality/381b4222-f694-41f0-9685-ff5bb260df2e/0aabb002-a307-447e-9b81-1d819df6c6d0/PerfEnergyPreference/DcValue</Data>
<Data Name="Message2">knobs</Data>
<Data Name="Message3">fc01e91f-914c-45af-9d7c-0b2e5fbedf62</Data>
<Data Name="Message4">device</Data>
<Data Name="HexInt1">0x00000021</Data>
<Data Name="HexInt2">0x00000001</Data>
<Data Name="HexInt3">0x00000000</Data>
</EventData>
</Event>

<Event xmlns="http://schemas.microsoft.com/win/2004/08/events/event"><System><Provider Name="Microsoft-Windows-DeviceManagement-Enterprise-Diagnostics-Provider" Guid="{3da494e4-0fe2-415c-b895-fb5265c5c83b}"></Provider>
<EventID Qualifiers="">813</EventID>
<Version>0</Version>
<Level>4</Level>
<Task>0</Task>
<Opcode>0</Opcode>
<Keywords>0x8000000000000000</Keywords>
<TimeCreated SystemTime="2022-05-07 01:20:25.327068"></TimeCreated>
<EventRecordID>112</EventRecordID>
<Correlation ActivityID="{824d2842-61b0-0002-352e-4d82b061d801}" RelatedActivityID=""></Correlation>
<Execution ProcessID="4272" ThreadID="4280"></Execution>
<Channel>Microsoft-Windows-DeviceManagement-Enterprise-Diagnostics-Provider/Admin</Channel>
<Computer>WIN-GE1PLB8KFNS</Computer>
<Security UserID="S-1-5-18"></Security>
</System>
<EventData><Data Name="Message1">Power/Policy/Settings/Processor/SchemePersonality/381b4222-f694-41f0-9685-ff5bb260df2e/0aabb002-a307-447e-9b81-1d819df6c6d0/PerfIncreasePolicy/DcValue</Data>
<Data Name="Message2">knobs</Data>
<Data Name="Message3">fc01e91f-914c-45af-9d7c-0b2e5fbedf62</Data>
<Data Name="Message4">device</Data>
<Data Name="HexInt1">0x00000002</Data>
<Data Name="HexInt2">0x00000001</Data>
<Data Name="HexInt3">0x00000000</Data>
</EventData>
</Event>

<Event xmlns="http://schemas.microsoft.com/win/2004/08/events/event"><System><Provider Name="Microsoft-Windows-DeviceManagement-Enterprise-Diagnostics-Provider" Guid="{3da494e4-0fe2-415c-b895-fb5265c5c83b}"></Provider>
<EventID Qualifiers="">813</EventID>
<Version>0</Version>
<Level>4</Level>
<Task>0</Task>
<Opcode>0</Opcode>
<Keywords>0x8000000000000000</Keywords>
<TimeCreated SystemTime="2022-05-07 01:20:25.335007"></TimeCreated>
<EventRecordID>113</EventRecordID>
<Correlation ActivityID="{824d2842-61b0-0002-352e-4d82b061d801}" RelatedActivityID=""></Correlation>
<Execution ProcessID="4272" ThreadID="4280"></Execution>
<Channel>Microsoft-Windows-DeviceManagement-Enterprise-Diagnostics-Provider/Admin</Channel>
<Computer>WIN-GE1PLB8KFNS</Computer>
<Security UserID="S-1-5-18"></Security>
</System>
<EventData><Data Name="Message1">Power/Policy/Settings/Processor/SchemePersonality/381b4222-f694-41f0-9685-ff5bb260df2e/0aabb002-a307-447e-9b81-1d819df6c6d0/PerfIncreaseThreshold/DcValue</Data>
<Data Name="Message2">knobs</Data>
<Data Name="Message3">fc01e91f-914c-45af-9d7c-0b2e5fbedf62</Data>
<Data Name="Message4">device</Data>
<Data Name="HexInt1">0x0000001e</Data>
<Data Name="HexInt2">0x00000001</Data>
<Data Name="HexInt3">0x00000000</Data>
</EventData>
</Event>

<Event xmlns="http://schemas.microsoft.com/win/2004/08/events/event"><System><Provider Name="Microsoft-Windows-DeviceManagement-Enterprise-Diagnostics-Provider" Guid="{3da494e4-0fe2-415c-b895-fb5265c5c83b}"></Provider>
<EventID Qualifiers="">813</EventID>
<Version>0</Version>
<Level>4</Level>
<Task>0</Task>
<Opcode>0</Opcode>
<Keywords>0x8000000000000000</Keywords>
<TimeCreated SystemTime="2022-05-07 01:20:25.612991"></TimeCreated>
<EventRecordID>114</EventRecordID>
<Correlation ActivityID="{824d2842-61b0-0003-2a36-4d82b061d801}" RelatedActivityID=""></Correlation>
<Execution ProcessID="4272" ThreadID="4280"></Execution>
<Channel>Microsoft-Windows-DeviceManagement-Enterprise-Diagnostics-Provider/Admin</Channel>
<Computer>WIN-GE1PLB8KFNS</Computer>
<Security UserID="S-1-5-18"></Security>
</System>
<EventData><Data Name="Message1">Power/Policy/Settings/Processor/SchemePersonality/381b4222-f694-41f0-9685-ff5bb260df2e/DefaultPowerSchemeValues/PerfAutonomousMode/AcValue</Data>
<Data Name="Message2">knobs</Data>
<Data Name="Message3">fc01e91f-914c-45af-9d7c-0b2e5fbedf62</Data>
<Data Name="Message4">device</Data>
<Data Name="HexInt1">0x00000001</Data>
<Data Name="HexInt2">0x00000001</Data>
<Data Name="HexInt3">0x00000000</Data>
</EventData>
</Event>

<Event xmlns="http://schemas.microsoft.com/win/2004/08/events/event"><System><Provider Name="Microsoft-Windows-DeviceManagement-Enterprise-Diagnostics-Provider" Guid="{3da494e4-0fe2-415c-b895-fb5265c5c83b}"></Provider>
<EventID Qualifiers="">813</EventID>
<Version>0</Version>
<Level>4</Level>
<Task>0</Task>
<Opcode>0</Opcode>
<Keywords>0x8000000000000000</Keywords>
<TimeCreated SystemTime="2022-05-07 01:20:25.618408"></TimeCreated>
<EventRecordID>115</EventRecordID>
<Correlation ActivityID="{824d2842-61b0-0003-2a36-4d82b061d801}" RelatedActivityID=""></Correlation>
<Execution ProcessID="4272" ThreadID="4280"></Execution>
<Channel>Microsoft-Windows-DeviceManagement-Enterprise-Diagnostics-Provider/Admin</Channel>
<Computer>WIN-GE1PLB8KFNS</Computer>
<Security UserID="S-1-5-18"></Security>
</System>
<EventData><Data Name="Message1">Power/Policy/Settings/Processor/SchemePersonality/381b4222-f694-41f0-9685-ff5bb260df2e/DefaultPowerSchemeValues/PerfAutonomousMode/DcValue</Data>
<Data Name="Message2">knobs</Data>
<Data Name="Message3">fc01e91f-914c-45af-9d7c-0b2e5fbedf62</Data>
<Data Name="Message4">device</Data>
<Data Name="HexInt1">0x00000001</Data>
<Data Name="HexInt2">0x00000001</Data>
<Data Name="HexInt3">0x00000000</Data>
</EventData>
</Event>

<Event xmlns="http://schemas.microsoft.com/win/2004/08/events/event"><System><Provider Name="Microsoft-Windows-DeviceManagement-Enterprise-Diagnostics-Provider" Guid="{3da494e4-0fe2-415c-b895-fb5265c5c83b}"></Provider>
<EventID Qualifiers="">813</EventID>
<Version>0</Version>
<Level>4</Level>
<Task>0</Task>
<Opcode>0</Opcode>
<Keywords>0x8000000000000000</Keywords>
<TimeCreated SystemTime="2022-05-07 01:20:25.624378"></TimeCreated>
<EventRecordID>116</EventRecordID>
<Correlation ActivityID="{824d2842-61b0-0003-2a36-4d82b061d801}" RelatedActivityID=""></Correlation>
<Execution ProcessID="4272" ThreadID="4280"></Execution>
<Channel>Microsoft-Windows-DeviceManagement-Enterprise-Diagnostics-Provider/Admin</Channel>
<Computer>WIN-GE1PLB8KFNS</Computer>
<Security UserID="S-1-5-18"></Security>
</System>
<EventData><Data Name="Message1">Power/Policy/Settings/Processor/SchemePersonality/8c5e7fda-e8bf-4a96-9a85-a6e23a8c635c/DefaultPowerSchemeValues/PerfAutonomousMode/AcValue</Data>
<Data Name="Message2">knobs</Data>
<Data Name="Message3">fc01e91f-914c-45af-9d7c-0b2e5fbedf62</Data>
<Data Name="Message4">device</Data>
<Data Name="HexInt1">0x00000001</Data>
<Data Name="HexInt2">0x00000001</Data>
<Data Name="HexInt3">0x00000000</Data>
</EventData>
</Event>

<Event xmlns="http://schemas.microsoft.com/win/2004/08/events/event"><System><Provider Name="Microsoft-Windows-DeviceManagement-Enterprise-Diagnostics-Provider" Guid="{3da494e4-0fe2-415c-b895-fb5265c5c83b}"></Provider>
<EventID Qualifiers="">813</EventID>
<Version>0</Version>
<Level>4</Level>
<Task>0</Task>
<Opcode>0</Opcode>
<Keywords>0x8000000000000000</Keywords>
<TimeCreated SystemTime="2022-05-07 01:20:25.631351"></TimeCreated>
<EventRecordID>117</EventRecordID>
<Correlation ActivityID="{824d2842-61b0-0003-2a36-4d82b061d801}" RelatedActivityID=""></Correlation>
<Execution ProcessID="4272" ThreadID="4280"></Execution>
<Channel>Microsoft-Windows-DeviceManagement-Enterprise-Diagnostics-Provider/Admin</Channel>
<Computer>WIN-GE1PLB8KFNS</Computer>
<Security UserID="S-1-5-18"></Security>
</System>
<EventData><Data Name="Message1">Power/Policy/Settings/Processor/SchemePersonality/8c5e7fda-e8bf-4a96-9a85-a6e23a8c635c/DefaultPowerSchemeValues/PerfAutonomousMode/DcValue</Data>
<Data Name="Message2">knobs</Data>
<Data Name="Message3">fc01e91f-914c-45af-9d7c-0b2e5fbedf62</Data>
<Data Name="Message4">device</Data>
<Data Name="HexInt1">0x00000001</Data>
<Data Name="HexInt2">0x00000001</Data>
<Data Name="HexInt3">0x00000000</Data>
</EventData>
</Event>

<Event xmlns="http://schemas.microsoft.com/win/2004/08/events/event"><System><Provider Name="Microsoft-Windows-DeviceManagement-Enterprise-Diagnostics-Provider" Guid="{3da494e4-0fe2-415c-b895-fb5265c5c83b}"></Provider>
<EventID Qualifiers="">813</EventID>
<Version>0</Version>
<Level>4</Level>
<Task>0</Task>
<Opcode>0</Opcode>
<Keywords>0x8000000000000000</Keywords>
<TimeCreated SystemTime="2022-05-07 01:20:25.638575"></TimeCreated>
<EventRecordID>118</EventRecordID>
<Correlation ActivityID="{824d2842-61b0-0003-2a36-4d82b061d801}" RelatedActivityID=""></Correlation>
<Execution ProcessID="4272" ThreadID="4280"></Execution>
<Channel>Microsoft-Windows-DeviceManagement-Enterprise-Diagnostics-Provider/Admin</Channel>
<Computer>WIN-GE1PLB8KFNS</Computer>
<Security UserID="S-1-5-18"></Security>
</System>
<EventData><Data Name="Message1">Power/Policy/Settings/Processor/SchemePersonality/961cc777-2547-4f9d-8174-7d86181b8a7a/DefaultPowerSchemeValues/PerfEnergyPreference/DcValue</Data>
<Data Name="Message2">knobs</Data>
<Data Name="Message3">fc01e91f-914c-45af-9d7c-0b2e5fbedf62</Data>
<Data Name="Message4">device</Data>
<Data Name="HexInt1">0x00000046</Data>
<Data Name="HexInt2">0x00000001</Data>
<Data Name="HexInt3">0x00000000</Data>
</EventData>
</Event>

<Event xmlns="http://schemas.microsoft.com/win/2004/08/events/event"><System><Provider Name="Microsoft-Windows-DeviceManagement-Enterprise-Diagnostics-Provider" Guid="{3da494e4-0fe2-415c-b895-fb5265c5c83b}"></Provider>
<EventID Qualifiers="">813</EventID>
<Version>0</Version>
<Level>4</Level>
<Task>0</Task>
<Opcode>0</Opcode>
<Keywords>0x8000000000000000</Keywords>
<TimeCreated SystemTime="2022-05-07 01:20:25.644543"></TimeCreated>
<EventRecordID>119</EventRecordID>
<Correlation ActivityID="{824d2842-61b0-0003-2a36-4d82b061d801}" RelatedActivityID=""></Correlation>
<Execution ProcessID="4272" ThreadID="4280"></Execution>
<Channel>Microsoft-Windows-DeviceManagement-Enterprise-Diagnostics-Provider/Admin</Channel>
<Computer>WIN-GE1PLB8KFNS</Computer>
<Security UserID="S-1-5-18"></Security>
</System>
<EventData><Data Name="Message1">Power/Policy/Settings/Processor/SchemePersonality/a1841308-3541-4fab-bc81-f71556f20b4a/DefaultPowerSchemeValues/PerfAutonomousMode/AcValue</Data>
<Data Name="Message2">knobs</Data>
<Data Name="Message3">fc01e91f-914c-45af-9d7c-0b2e5fbedf62</Data>
<Data Name="Message4">device</Data>
<Data Name="HexInt1">0x00000001</Data>
<Data Name="HexInt2">0x00000001</Data>
<Data Name="HexInt3">0x00000000</Data>
</EventData>
</Event>

<Event xmlns="http://schemas.microsoft.com/win/2004/08/events/event"><System><Provider Name="Microsoft-Windows-DeviceManagement-Enterprise-Diagnostics-Provider" Guid="{3da494e4-0fe2-415c-b895-fb5265c5c83b}"></Provider>
<EventID Qualifiers="">813</EventID>
<Version>0</Version>
<Level>4</Level>
<Task>0</Task>
<Opcode>0</Opcode>
<Keywords>0x8000000000000000</Keywords>
<TimeCreated SystemTime="2022-05-07 01:20:25.649891"></TimeCreated>
<EventRecordID>120</EventRecordID>
<Correlation ActivityID="{824d2842-61b0-0003-2a36-4d82b061d801}" RelatedActivityID=""></Correlation>
<Execution ProcessID="4272" ThreadID="4280"></Execution>
<Channel>Microsoft-Windows-DeviceManagement-Enterprise-Diagnostics-Provider/Admin</Channel>
<Computer>WIN-GE1PLB8KFNS</Computer>
<Security UserID="S-1-5-18"></Security>
</System>
<EventData><Data Name="Message1">Power/Policy/Settings/Processor/SchemePersonality/a1841308-3541-4fab-bc81-f71556f20b4a/DefaultPowerSchemeValues/PerfAutonomousMode/DcValue</Data>
<Data Name="Message2">knobs</Data>
<Data Name="Message3">fc01e91f-914c-45af-9d7c-0b2e5fbedf62</Data>
<Data Name="Message4">device</Data>
<Data Name="HexInt1">0x00000001</Data>
<Data Name="HexInt2">0x00000001</Data>
<Data Name="HexInt3">0x00000000</Data>
</EventData>
</Event>

<Event xmlns="http://schemas.microsoft.com/win/2004/08/events/event"><System><Provider Name="Microsoft-Windows-DeviceManagement-Enterprise-Diagnostics-Provider" Guid="{3da494e4-0fe2-415c-b895-fb5265c5c83b}"></Provider>
<EventID Qualifiers="">813</EventID>
<Version>0</Version>
<Level>4</Level>
<Task>0</Task>
<Opcode>0</Opcode>
<Keywords>0x8000000000000000</Keywords>
<TimeCreated SystemTime="2022-05-07 01:20:25.655205"></TimeCreated>
<EventRecordID>121</EventRecordID>
<Correlation ActivityID="{824d2842-61b0-0003-2a36-4d82b061d801}" RelatedActivityID=""></Correlation>
<Execution ProcessID="4272" ThreadID="4280"></Execution>
<Channel>Microsoft-Windows-DeviceManagement-Enterprise-Diagnostics-Provider/Admin</Channel>
<Computer>WIN-GE1PLB8KFNS</Computer>
<Security UserID="S-1-5-18"></Security>
</System>
<EventData><Data Name="Message1">Power/Policy/Settings/Processor/SchemePersonality/ded574b5-45a0-4f42-8737-46345c09c238/DefaultPowerSchemeValues/MinPerformance/AcValue</Data>
<Data Name="Message2">knobs</Data>
<Data Name="Message3">fc01e91f-914c-45af-9d7c-0b2e5fbedf62</Data>
<Data Name="Message4">device</Data>
<Data Name="HexInt1">0x00000064</Data>
<Data Name="HexInt2">0x00000001</Data>
<Data Name="HexInt3">0x00000000</Data>
</EventData>
</Event>

