<Event xmlns="http://schemas.microsoft.com/win/2004/08/events/event"><System><Provider Name="Microsoft-Windows-AppxPackagingOM" Guid="{ba723d81-0d0c-4f1e-80c8-54740f508ddf}"></Provider>
<EventID Qualifiers="">216</EventID>
<Version>0</Version>
<Level>3</Level>
<Task>4</Task>
<Opcode>11</Opcode>
<Keywords>0x8000000000000000</Keywords>
<TimeCreated SystemTime="2022-05-07 01:20:14.060440"></TimeCreated>
<EventRecordID>58</EventRecordID>
<Correlation ActivityID="{824d2842-61b0-0003-c034-4d82b061d801}" RelatedActivityID=""></Correlation>
<Execution ProcessID="3236" ThreadID="3168"></Execution>
<Channel>Microsoft-Windows-AppxPackaging/Operational</Channel>
<Computer>WIN-GE1PLB8KFNS</Computer>
<Security UserID="S-1-5-18"></Security>
</System>
<EventData><Data Name="namespace">http://schemas.microsoft.com/developer/appx/2015/build</Data>
</EventData>
</Event>

<Event xmlns="http://schemas.microsoft.com/win/2004/08/events/event"><System><Provider Name="Microsoft-Windows-AppxPackagingOM" Guid="{ba723d81-0d0c-4f1e-80c8-54740f508ddf}"></Provider>
<EventID Qualifiers="">216</EventID>
<Version>0</Version>
<Level>3</Level>
<Task>4</Task>
<Opcode>11</Opcode>
<Keywords>0x8000000000000000</Keywords>
<TimeCreated SystemTime="2022-05-07 01:20:14.351110"></TimeCreated>
<EventRecordID>59</EventRecordID>
<Correlation ActivityID="{824d2842-61b0-0003-e734-4d82b061d801}" RelatedActivityID=""></Correlation>
<Execution ProcessID="3236" ThreadID="4736"></Execution>
<Channel>Microsoft-Windows-AppxPackaging/Operational</Channel>
<Computer>WIN-GE1PLB8KFNS</Computer>
<Security UserID="S-1-5-18"></Security>
</System>
<EventData><Data Name="namespace">http://schemas.microsoft.com/developer/appx/2015/build</Data>
</EventData>
</Event>

<Event xmlns="http://schemas.microsoft.com/win/2004/08/events/event"><System><Provider Name="Microsoft-Windows-AppxPackagingOM" Guid="{ba723d81-0d0c-4f1e-80c8-54740f508ddf}"></Provider>
<EventID Qualifiers="">216</EventID>
<Version>0</Version>
<Level>3</Level>
<Task>4</Task>
<Opcode>11</Opcode>
<Keywords>0x8000000000000000</Keywords>
<TimeCreated SystemTime="2022-05-07 01:20:14.473312"></TimeCreated>
<EventRecordID>60</EventRecordID>
<Correlation ActivityID="{824d2842-61b0-0003-e734-4d82b061d801}" RelatedActivityID=""></Correlation>
<Execution ProcessID="3236" ThreadID="4008"></Execution>
<Channel>Microsoft-Windows-AppxPackaging/Operational</Channel>
<Computer>WIN-GE1PLB8KFNS</Computer>
<Security UserID="S-1-5-18"></Security>
</System>
<EventData><Data Name="namespace">http://schemas.microsoft.com/developer/appx/2015/build</Data>
</EventData>
</Event>

<Event xmlns="http://schemas.microsoft.com/win/2004/08/events/event"><System><Provider Name="Microsoft-Windows-AppxPackagingOM" Guid="{ba723d81-0d0c-4f1e-80c8-54740f508ddf}"></Provider>
<EventID Qualifiers="">216</EventID>
<Version>0</Version>
<Level>3</Level>
<Task>4</Task>
<Opcode>11</Opcode>
<Keywords>0x8000000000000000</Keywords>
<TimeCreated SystemTime="2022-05-07 01:20:14.625355"></TimeCreated>
<EventRecordID>61</EventRecordID>
<Correlation ActivityID="{824d2842-61b0-0003-1435-4d82b061d801}" RelatedActivityID=""></Correlation>
<Execution ProcessID="3236" ThreadID="4736"></Execution>
<Channel>Microsoft-Windows-AppxPackaging/Operational</Channel>
<Computer>WIN-GE1PLB8KFNS</Computer>
<Security UserID="S-1-5-18"></Security>
</System>
<EventData><Data Name="namespace">http://schemas.microsoft.com/developer/appx/2015/build</Data>
</EventData>
</Event>

<Event xmlns="http://schemas.microsoft.com/win/2004/08/events/event"><System><Provider Name="Microsoft-Windows-AppxPackagingOM" Guid="{ba723d81-0d0c-4f1e-80c8-54740f508ddf}"></Provider>
<EventID Qualifiers="">216</EventID>
<Version>0</Version>
<Level>3</Level>
<Task>4</Task>
<Opcode>11</Opcode>
<Keywords>0x8000000000000000</Keywords>
<TimeCreated SystemTime="2022-05-07 01:20:14.831247"></TimeCreated>
<EventRecordID>62</EventRecordID>
<Correlation ActivityID="{824d2842-61b0-0003-1435-4d82b061d801}" RelatedActivityID=""></Correlation>
<Execution ProcessID="3236" ThreadID="4200"></Execution>
<Channel>Microsoft-Windows-AppxPackaging/Operational</Channel>
<Computer>WIN-GE1PLB8KFNS</Computer>
<Security UserID="S-1-5-18"></Security>
</System>
<EventData><Data Name="namespace">http://schemas.microsoft.com/developer/appx/2015/build</Data>
</EventData>
</Event>

<Event xmlns="http://schemas.microsoft.com/win/2004/08/events/event"><System><Provider Name="Microsoft-Windows-AppxPackagingOM" Guid="{ba723d81-0d0c-4f1e-80c8-54740f508ddf}"></Provider>
<EventID Qualifiers="">216</EventID>
<Version>0</Version>
<Level>3</Level>
<Task>4</Task>
<Opcode>11</Opcode>
<Keywords>0x8000000000000000</Keywords>
<TimeCreated SystemTime="2022-05-07 01:20:15.093695"></TimeCreated>
<EventRecordID>63</EventRecordID>
<Correlation ActivityID="{824d2842-61b0-0000-c42c-4d82b061d801}" RelatedActivityID=""></Correlation>
<Execution ProcessID="3236" ThreadID="4736"></Execution>
<Channel>Microsoft-Windows-AppxPackaging/Operational</Channel>
<Computer>WIN-GE1PLB8KFNS</Computer>
<Security UserID="S-1-5-18"></Security>
</System>
<EventData><Data Name="namespace">http://schemas.microsoft.com/developer/appx/2015/build</Data>
</EventData>
</Event>

<Event xmlns="http://schemas.microsoft.com/win/2004/08/events/event"><System><Provider Name="Microsoft-Windows-AppxPackagingOM" Guid="{ba723d81-0d0c-4f1e-80c8-54740f508ddf}"></Provider>
<EventID Qualifiers="">216</EventID>
<Version>0</Version>
<Level>3</Level>
<Task>4</Task>
<Opcode>11</Opcode>
<Keywords>0x8000000000000000</Keywords>
<TimeCreated SystemTime="2022-05-07 01:20:15.414244"></TimeCreated>
<EventRecordID>64</EventRecordID>
<Correlation ActivityID="{824d2842-61b0-0000-c42c-4d82b061d801}" RelatedActivityID=""></Correlation>
<Execution ProcessID="3236" ThreadID="4000"></Execution>
<Channel>Microsoft-Windows-AppxPackaging/Operational</Channel>
<Computer>WIN-GE1PLB8KFNS</Computer>
<Security UserID="S-1-5-18"></Security>
</System>
<EventData><Data Name="namespace">http://schemas.microsoft.com/developer/appx/2015/build</Data>
</EventData>
</Event>

<Event xmlns="http://schemas.microsoft.com/win/2004/08/events/event"><System><Provider Name="Microsoft-Windows-AppxPackagingOM" Guid="{ba723d81-0d0c-4f1e-80c8-54740f508ddf}"></Provider>
<EventID Qualifiers="">216</EventID>
<Version>0</Version>
<Level>3</Level>
<Task>4</Task>
<Opcode>11</Opcode>
<Keywords>0x8000000000000000</Keywords>
<TimeCreated SystemTime="2022-05-07 01:20:15.751331"></TimeCreated>
<EventRecordID>65</EventRecordID>
<Correlation ActivityID="{824d2842-61b0-0003-3a35-4d82b061d801}" RelatedActivityID=""></Correlation>
<Execution ProcessID="3236" ThreadID="4736"></Execution>
<Channel>Microsoft-Windows-AppxPackaging/Operational</Channel>
<Computer>WIN-GE1PLB8KFNS</Computer>
<Security UserID="S-1-5-18"></Security>
</System>
<EventData><Data Name="namespace">http://schemas.microsoft.com/developer/appx/2015/build</Data>
</EventData>
</Event>

<Event xmlns="http://schemas.microsoft.com/win/2004/08/events/event"><System><Provider Name="Microsoft-Windows-AppxPackagingOM" Guid="{ba723d81-0d0c-4f1e-80c8-54740f508ddf}"></Provider>
<EventID Qualifiers="">216</EventID>
<Version>0</Version>
<Level>3</Level>
<Task>4</Task>
<Opcode>11</Opcode>
<Keywords>0x8000000000000000</Keywords>
<TimeCreated SystemTime="2022-05-07 01:20:15.940504"></TimeCreated>
<EventRecordID>66</EventRecordID>
<Correlation ActivityID="{824d2842-61b0-0003-3a35-4d82b061d801}" RelatedActivityID=""></Correlation>
<Execution ProcessID="3236" ThreadID="4216"></Execution>
<Channel>Microsoft-Windows-AppxPackaging/Operational</Channel>
<Computer>WIN-GE1PLB8KFNS</Computer>
<Security UserID="S-1-5-18"></Security>
</System>
<EventData><Data Name="namespace">http://schemas.microsoft.com/developer/appx/2015/build</Data>
</EventData>
</Event>

<Event xmlns="http://schemas.microsoft.com/win/2004/08/events/event"><System><Provider Name="Microsoft-Windows-AppxPackagingOM" Guid="{ba723d81-0d0c-4f1e-80c8-54740f508ddf}"></Provider>
<EventID Qualifiers="">216</EventID>
<Version>0</Version>
<Level>3</Level>
<Task>4</Task>
<Opcode>11</Opcode>
<Keywords>0x8000000000000000</Keywords>
<TimeCreated SystemTime="2022-05-07 01:20:16.150295"></TimeCreated>
<EventRecordID>67</EventRecordID>
<Correlation ActivityID="{824d2842-61b0-0003-6935-4d82b061d801}" RelatedActivityID=""></Correlation>
<Execution ProcessID="3236" ThreadID="4736"></Execution>
<Channel>Microsoft-Windows-AppxPackaging/Operational</Channel>
<Computer>WIN-GE1PLB8KFNS</Computer>
<Security UserID="S-1-5-18"></Security>
</System>
<EventData><Data Name="namespace">http://schemas.microsoft.com/developer/appx/2015/build</Data>
</EventData>
</Event>

<Event xmlns="http://schemas.microsoft.com/win/2004/08/events/event"><System><Provider Name="Microsoft-Windows-AppxPackagingOM" Guid="{ba723d81-0d0c-4f1e-80c8-54740f508ddf}"></Provider>
<EventID Qualifiers="">216</EventID>
<Version>0</Version>
<Level>3</Level>
<Task>4</Task>
<Opcode>11</Opcode>
<Keywords>0x8000000000000000</Keywords>
<TimeCreated SystemTime="2022-05-07 01:20:16.376202"></TimeCreated>
<EventRecordID>68</EventRecordID>
<Correlation ActivityID="{824d2842-61b0-0003-6935-4d82b061d801}" RelatedActivityID=""></Correlation>
<Execution ProcessID="3236" ThreadID="4220"></Execution>
<Channel>Microsoft-Windows-AppxPackaging/Operational</Channel>
<Computer>WIN-GE1PLB8KFNS</Computer>
<Security UserID="S-1-5-18"></Security>
</System>
<EventData><Data Name="namespace">http://schemas.microsoft.com/developer/appx/2015/build</Data>
</EventData>
</Event>

<Event xmlns="http://schemas.microsoft.com/win/2004/08/events/event"><System><Provider Name="Microsoft-Windows-AppxPackagingOM" Guid="{ba723d81-0d0c-4f1e-80c8-54740f508ddf}"></Provider>
<EventID Qualifiers="">216</EventID>
<Version>0</Version>
<Level>3</Level>
<Task>4</Task>
<Opcode>11</Opcode>
<Keywords>0x8000000000000000</Keywords>
<TimeCreated SystemTime="2022-05-07 01:20:16.516932"></TimeCreated>
<EventRecordID>69</EventRecordID>
<Correlation ActivityID="{824d2842-61b0-0002-b52d-4d82b061d801}" RelatedActivityID=""></Correlation>
<Execution ProcessID="3236" ThreadID="4736"></Execution>
<Channel>Microsoft-Windows-AppxPackaging/Operational</Channel>
<Computer>WIN-GE1PLB8KFNS</Computer>
<Security UserID="S-1-5-18"></Security>
</System>
<EventData><Data Name="namespace">http://schemas.microsoft.com/developer/appx/2015/build</Data>
</EventData>
</Event>

<Event xmlns="http://schemas.microsoft.com/win/2004/08/events/event"><System><Provider Name="Microsoft-Windows-AppxPackagingOM" Guid="{ba723d81-0d0c-4f1e-80c8-54740f508ddf}"></Provider>
<EventID Qualifiers="">216</EventID>
<Version>0</Version>
<Level>3</Level>
<Task>4</Task>
<Opcode>11</Opcode>
<Keywords>0x8000000000000000</Keywords>
<TimeCreated SystemTime="2022-05-07 01:20:16.516949"></TimeCreated>
<EventRecordID>70</EventRecordID>
<Correlation ActivityID="{824d2842-61b0-0002-b52d-4d82b061d801}" RelatedActivityID=""></Correlation>
<Execution ProcessID="3236" ThreadID="4736"></Execution>
<Channel>Microsoft-Windows-AppxPackaging/Operational</Channel>
<Computer>WIN-GE1PLB8KFNS</Computer>
<Security UserID="S-1-5-18"></Security>
</System>
<EventData><Data Name="namespace">http://schemas.microsoft.com/appx/manifest/virtualization/windows10</Data>
</EventData>
</Event>

<Event xmlns="http://schemas.microsoft.com/win/2004/08/events/event"><System><Provider Name="Microsoft-Windows-AppxPackagingOM" Guid="{ba723d81-0d0c-4f1e-80c8-54740f508ddf}"></Provider>
<EventID Qualifiers="">216</EventID>
<Version>0</Version>
<Level>3</Level>
<Task>4</Task>
<Opcode>11</Opcode>
<Keywords>0x8000000000000000</Keywords>
<TimeCreated SystemTime="2022-05-07 01:20:19.107355"></TimeCreated>
<EventRecordID>71</EventRecordID>
<Correlation ActivityID="" RelatedActivityID=""></Correlation>
<Execution ProcessID="3236" ThreadID="3272"></Execution>
<Channel>Microsoft-Windows-AppxPackaging/Operational</Channel>
<Computer>WIN-GE1PLB8KFNS</Computer>
<Security UserID="S-1-5-18"></Security>
</System>
<EventData><Data Name="namespace">http://schemas.microsoft.com/developer/appx/2015/build</Data>
</EventData>
</Event>

<Event xmlns="http://schemas.microsoft.com/win/2004/08/events/event"><System><Provider Name="Microsoft-Windows-AppxPackagingOM" Guid="{ba723d81-0d0c-4f1e-80c8-54740f508ddf}"></Provider>
<EventID Qualifiers="">216</EventID>
<Version>0</Version>
<Level>3</Level>
<Task>4</Task>
<Opcode>11</Opcode>
<Keywords>0x8000000000000000</Keywords>
<TimeCreated SystemTime="2022-05-07 01:20:19.215527"></TimeCreated>
<EventRecordID>72</EventRecordID>
<Correlation ActivityID="" RelatedActivityID=""></Correlation>
<Execution ProcessID="3236" ThreadID="3264"></Execution>
<Channel>Microsoft-Windows-AppxPackaging/Operational</Channel>
<Computer>WIN-GE1PLB8KFNS</Computer>
<Security UserID="S-1-5-18"></Security>
</System>
<EventData><Data Name="namespace">http://schemas.microsoft.com/developer/appx/2015/build</Data>
</EventData>
</Event>

<Event xmlns="http://schemas.microsoft.com/win/2004/08/events/event"><System><Provider Name="Microsoft-Windows-AppxPackagingOM" Guid="{ba723d81-0d0c-4f1e-80c8-54740f508ddf}"></Provider>
<EventID Qualifiers="">216</EventID>
<Version>0</Version>
<Level>3</Level>
<Task>4</Task>
<Opcode>11</Opcode>
<Keywords>0x8000000000000000</Keywords>
<TimeCreated SystemTime="2022-05-07 01:20:19.216492"></TimeCreated>
<EventRecordID>73</EventRecordID>
<Correlation ActivityID="" RelatedActivityID=""></Correlation>
<Execution ProcessID="3236" ThreadID="3272"></Execution>
<Channel>Microsoft-Windows-AppxPackaging/Operational</Channel>
<Computer>WIN-GE1PLB8KFNS</Computer>
<Security UserID="S-1-5-18"></Security>
</System>
<EventData><Data Name="namespace">http://schemas.microsoft.com/developer/appx/2015/build</Data>
</EventData>
</Event>

<Event xmlns="http://schemas.microsoft.com/win/2004/08/events/event"><System><Provider Name="Microsoft-Windows-AppxPackagingOM" Guid="{ba723d81-0d0c-4f1e-80c8-54740f508ddf}"></Provider>
<EventID Qualifiers="">216</EventID>
<Version>0</Version>
<Level>3</Level>
<Task>4</Task>
<Opcode>11</Opcode>
<Keywords>0x8000000000000000</Keywords>
<TimeCreated SystemTime="2022-05-07 01:20:19.291822"></TimeCreated>
<EventRecordID>74</EventRecordID>
<Correlation ActivityID="" RelatedActivityID=""></Correlation>
<Execution ProcessID="3236" ThreadID="4260"></Execution>
<Channel>Microsoft-Windows-AppxPackaging/Operational</Channel>
<Computer>WIN-GE1PLB8KFNS</Computer>
<Security UserID="S-1-5-18"></Security>
</System>
<EventData><Data Name="namespace">http://schemas.microsoft.com/developer/appx/2015/build</Data>
</EventData>
</Event>

<Event xmlns="http://schemas.microsoft.com/win/2004/08/events/event"><System><Provider Name="Microsoft-Windows-AppxPackagingOM" Guid="{ba723d81-0d0c-4f1e-80c8-54740f508ddf}"></Provider>
<EventID Qualifiers="">216</EventID>
<Version>0</Version>
<Level>3</Level>
<Task>4</Task>
<Opcode>11</Opcode>
<Keywords>0x8000000000000000</Keywords>
<TimeCreated SystemTime="2022-05-07 01:20:19.310640"></TimeCreated>
<EventRecordID>75</EventRecordID>
<Correlation ActivityID="" RelatedActivityID=""></Correlation>
<Execution ProcessID="3236" ThreadID="4248"></Execution>
<Channel>Microsoft-Windows-AppxPackaging/Operational</Channel>
<Computer>WIN-GE1PLB8KFNS</Computer>
<Security UserID="S-1-5-18"></Security>
</System>
<EventData><Data Name="namespace">http://schemas.microsoft.com/developer/appx/2015/build</Data>
</EventData>
</Event>

<Event xmlns="http://schemas.microsoft.com/win/2004/08/events/event"><System><Provider Name="Microsoft-Windows-AppxPackagingOM" Guid="{ba723d81-0d0c-4f1e-80c8-54740f508ddf}"></Provider>
<EventID Qualifiers="">216</EventID>
<Version>0</Version>
<Level>3</Level>
<Task>4</Task>
<Opcode>11</Opcode>
<Keywords>0x8000000000000000</Keywords>
<TimeCreated SystemTime="2022-05-07 01:20:19.330484"></TimeCreated>
<EventRecordID>76</EventRecordID>
<Correlation ActivityID="" RelatedActivityID=""></Correlation>
<Execution ProcessID="3236" ThreadID="3272"></Execution>
<Channel>Microsoft-Windows-AppxPackaging/Operational</Channel>
<Computer>WIN-GE1PLB8KFNS</Computer>
<Security UserID="S-1-5-18"></Security>
</System>
<EventData><Data Name="namespace">http://schemas.microsoft.com/developer/appx/2015/build</Data>
</EventData>
</Event>

<Event xmlns="http://schemas.microsoft.com/win/2004/08/events/event"><System><Provider Name="Microsoft-Windows-AppxPackagingOM" Guid="{ba723d81-0d0c-4f1e-80c8-54740f508ddf}"></Provider>
<EventID Qualifiers="">216</EventID>
<Version>0</Version>
<Level>3</Level>
<Task>4</Task>
<Opcode>11</Opcode>
<Keywords>0x8000000000000000</Keywords>
<TimeCreated SystemTime="2022-05-07 01:20:19.333595"></TimeCreated>
<EventRecordID>77</EventRecordID>
<Correlation ActivityID="" RelatedActivityID=""></Correlation>
<Execution ProcessID="3236" ThreadID="3264"></Execution>
<Channel>Microsoft-Windows-AppxPackaging/Operational</Channel>
<Computer>WIN-GE1PLB8KFNS</Computer>
<Security UserID="S-1-5-18"></Security>
</System>
<EventData><Data Name="namespace">http://schemas.microsoft.com/developer/appx/2015/build</Data>
</EventData>
</Event>

<Event xmlns="http://schemas.microsoft.com/win/2004/08/events/event"><System><Provider Name="Microsoft-Windows-AppxPackagingOM" Guid="{ba723d81-0d0c-4f1e-80c8-54740f508ddf}"></Provider>
<EventID Qualifiers="">216</EventID>
<Version>0</Version>
<Level>3</Level>
<Task>4</Task>
<Opcode>11</Opcode>
<Keywords>0x8000000000000000</Keywords>
<TimeCreated SystemTime="2022-05-07 01:20:19.384724"></TimeCreated>
<EventRecordID>78</EventRecordID>
<Correlation ActivityID="" RelatedActivityID=""></Correlation>
<Execution ProcessID="3236" ThreadID="4252"></Execution>
<Channel>Microsoft-Windows-AppxPackaging/Operational</Channel>
<Computer>WIN-GE1PLB8KFNS</Computer>
<Security UserID="S-1-5-18"></Security>
</System>
<EventData><Data Name="namespace">http://schemas.microsoft.com/developer/appx/2015/build</Data>
</EventData>
</Event>

<Event xmlns="http://schemas.microsoft.com/win/2004/08/events/event"><System><Provider Name="Microsoft-Windows-AppxPackagingOM" Guid="{ba723d81-0d0c-4f1e-80c8-54740f508ddf}"></Provider>
<EventID Qualifiers="">216</EventID>
<Version>0</Version>
<Level>3</Level>
<Task>4</Task>
<Opcode>11</Opcode>
<Keywords>0x8000000000000000</Keywords>
<TimeCreated SystemTime="2022-05-07 01:20:19.431046"></TimeCreated>
<EventRecordID>79</EventRecordID>
<Correlation ActivityID="" RelatedActivityID=""></Correlation>
<Execution ProcessID="3236" ThreadID="4276"></Execution>
<Channel>Microsoft-Windows-AppxPackaging/Operational</Channel>
<Computer>WIN-GE1PLB8KFNS</Computer>
<Security UserID="S-1-5-18"></Security>
</System>
<EventData><Data Name="namespace">http://schemas.microsoft.com/developer/appx/2015/build</Data>
</EventData>
</Event>

<Event xmlns="http://schemas.microsoft.com/win/2004/08/events/event"><System><Provider Name="Microsoft-Windows-AppxPackagingOM" Guid="{ba723d81-0d0c-4f1e-80c8-54740f508ddf}"></Provider>
<EventID Qualifiers="">216</EventID>
<Version>0</Version>
<Level>3</Level>
<Task>4</Task>
<Opcode>11</Opcode>
<Keywords>0x8000000000000000</Keywords>
<TimeCreated SystemTime="2022-05-07 01:20:19.451242"></TimeCreated>
<EventRecordID>80</EventRecordID>
<Correlation ActivityID="" RelatedActivityID=""></Correlation>
<Execution ProcessID="3236" ThreadID="4260"></Execution>
<Channel>Microsoft-Windows-AppxPackaging/Operational</Channel>
<Computer>WIN-GE1PLB8KFNS</Computer>
<Security UserID="S-1-5-18"></Security>
</System>
<EventData><Data Name="namespace">http://schemas.microsoft.com/developer/appx/2015/build</Data>
</EventData>
</Event>

<Event xmlns="http://schemas.microsoft.com/win/2004/08/events/event"><System><Provider Name="Microsoft-Windows-AppxPackagingOM" Guid="{ba723d81-0d0c-4f1e-80c8-54740f508ddf}"></Provider>
<EventID Qualifiers="">216</EventID>
<Version>0</Version>
<Level>3</Level>
<Task>4</Task>
<Opcode>11</Opcode>
<Keywords>0x8000000000000000</Keywords>
<TimeCreated SystemTime="2022-05-07 01:20:19.477116"></TimeCreated>
<EventRecordID>81</EventRecordID>
<Correlation ActivityID="" RelatedActivityID=""></Correlation>
<Execution ProcessID="3236" ThreadID="3264"></Execution>
<Channel>Microsoft-Windows-AppxPackaging/Operational</Channel>
<Computer>WIN-GE1PLB8KFNS</Computer>
<Security UserID="S-1-5-18"></Security>
</System>
<EventData><Data Name="namespace">http://schemas.microsoft.com/developer/appx/2015/build</Data>
</EventData>
</Event>

<Event xmlns="http://schemas.microsoft.com/win/2004/08/events/event"><System><Provider Name="Microsoft-Windows-AppxPackagingOM" Guid="{ba723d81-0d0c-4f1e-80c8-54740f508ddf}"></Provider>
<EventID Qualifiers="">216</EventID>
<Version>0</Version>
<Level>3</Level>
<Task>4</Task>
<Opcode>11</Opcode>
<Keywords>0x8000000000000000</Keywords>
<TimeCreated SystemTime="2022-05-07 01:20:19.477142"></TimeCreated>
<EventRecordID>82</EventRecordID>
<Correlation ActivityID="" RelatedActivityID=""></Correlation>
<Execution ProcessID="3236" ThreadID="3264"></Execution>
<Channel>Microsoft-Windows-AppxPackaging/Operational</Channel>
<Computer>WIN-GE1PLB8KFNS</Computer>
<Security UserID="S-1-5-18"></Security>
</System>
<EventData><Data Name="namespace">http://schemas.microsoft.com/appx/manifest/virtualization/windows10</Data>
</EventData>
</Event>

<Event xmlns="http://schemas.microsoft.com/win/2004/08/events/event"><System><Provider Name="Microsoft-Windows-AppxPackagingOM" Guid="{ba723d81-0d0c-4f1e-80c8-54740f508ddf}"></Provider>
<EventID Qualifiers="">216</EventID>
<Version>0</Version>
<Level>3</Level>
<Task>4</Task>
<Opcode>11</Opcode>
<Keywords>0x8000000000000000</Keywords>
<TimeCreated SystemTime="2022-05-07 01:20:19.486660"></TimeCreated>
<EventRecordID>83</EventRecordID>
<Correlation ActivityID="" RelatedActivityID=""></Correlation>
<Execution ProcessID="3236" ThreadID="4248"></Execution>
<Channel>Microsoft-Windows-AppxPackaging/Operational</Channel>
<Computer>WIN-GE1PLB8KFNS</Computer>
<Security UserID="S-1-5-18"></Security>
</System>
<EventData><Data Name="namespace">http://schemas.microsoft.com/developer/appx/2015/build</Data>
</EventData>
</Event>

<Event xmlns="http://schemas.microsoft.com/win/2004/08/events/event"><System><Provider Name="Microsoft-Windows-AppxPackagingOM" Guid="{ba723d81-0d0c-4f1e-80c8-54740f508ddf}"></Provider>
<EventID Qualifiers="">216</EventID>
<Version>0</Version>
<Level>3</Level>
<Task>4</Task>
<Opcode>11</Opcode>
<Keywords>0x8000000000000000</Keywords>
<TimeCreated SystemTime="2022-05-06 15:21:07.308117"></TimeCreated>
<EventRecordID>84</EventRecordID>
<Correlation ActivityID="{ac38061f-61b0-0002-6308-38acb061d801}" RelatedActivityID=""></Correlation>
<Execution ProcessID="1548" ThreadID="4948"></Execution>
<Channel>Microsoft-Windows-AppxPackaging/Operational</Channel>
<Computer>DESKTOP-DBOP9M0</Computer>
<Security UserID="S-1-5-21-2389065719-3342106636-307857974-1000"></Security>
</System>
<EventData><Data Name="namespace">http://schemas.microsoft.com/developer/appx/2015/build</Data>
</EventData>
</Event>

<Event xmlns="http://schemas.microsoft.com/win/2004/08/events/event"><System><Provider Name="Microsoft-Windows-AppxPackagingOM" Guid="{ba723d81-0d0c-4f1e-80c8-54740f508ddf}"></Provider>
<EventID Qualifiers="">216</EventID>
<Version>0</Version>
<Level>3</Level>
<Task>4</Task>
<Opcode>11</Opcode>
<Keywords>0x8000000000000000</Keywords>
<TimeCreated SystemTime="2022-05-06 15:21:07.387466"></TimeCreated>
<EventRecordID>85</EventRecordID>
<Correlation ActivityID="{ac38061f-61b0-0002-6308-38acb061d801}" RelatedActivityID=""></Correlation>
<Execution ProcessID="1548" ThreadID="4948"></Execution>
<Channel>Microsoft-Windows-AppxPackaging/Operational</Channel>
<Computer>DESKTOP-DBOP9M0</Computer>
<Security UserID="S-1-5-21-2389065719-3342106636-307857974-1000"></Security>
</System>
<EventData><Data Name="namespace">http://schemas.microsoft.com/developer/appx/2015/build</Data>
</EventData>
</Event>

<Event xmlns="http://schemas.microsoft.com/win/2004/08/events/event"><System><Provider Name="Microsoft-Windows-AppxPackagingOM" Guid="{ba723d81-0d0c-4f1e-80c8-54740f508ddf}"></Provider>
<EventID Qualifiers="">216</EventID>
<Version>0</Version>
<Level>3</Level>
<Task>4</Task>
<Opcode>11</Opcode>
<Keywords>0x8000000000000000</Keywords>
<TimeCreated SystemTime="2022-05-06 15:21:08.768408"></TimeCreated>
<EventRecordID>86</EventRecordID>
<Correlation ActivityID="{ac38061f-61b0-0000-5a09-38acb061d801}" RelatedActivityID=""></Correlation>
<Execution ProcessID="1548" ThreadID="6028"></Execution>
<Channel>Microsoft-Windows-AppxPackaging/Operational</Channel>
<Computer>DESKTOP-DBOP9M0</Computer>
<Security UserID="S-1-5-21-2389065719-3342106636-307857974-1000"></Security>
</System>
<EventData><Data Name="namespace">http://schemas.microsoft.com/developer/appx/2015/build</Data>
</EventData>
</Event>

<Event xmlns="http://schemas.microsoft.com/win/2004/08/events/event"><System><Provider Name="Microsoft-Windows-AppxPackagingOM" Guid="{ba723d81-0d0c-4f1e-80c8-54740f508ddf}"></Provider>
<EventID Qualifiers="">216</EventID>
<Version>0</Version>
<Level>3</Level>
<Task>4</Task>
<Opcode>11</Opcode>
<Keywords>0x8000000000000000</Keywords>
<TimeCreated SystemTime="2022-05-06 15:21:09.151274"></TimeCreated>
<EventRecordID>87</EventRecordID>
<Correlation ActivityID="{ac38061f-61b0-0001-b808-38acb061d801}" RelatedActivityID=""></Correlation>
<Execution ProcessID="1548" ThreadID="4944"></Execution>
<Channel>Microsoft-Windows-AppxPackaging/Operational</Channel>
<Computer>DESKTOP-DBOP9M0</Computer>
<Security UserID="S-1-5-21-2389065719-3342106636-307857974-1000"></Security>
</System>
<EventData><Data Name="namespace">http://schemas.microsoft.com/developer/appx/2015/build</Data>
</EventData>
</Event>

<Event xmlns="http://schemas.microsoft.com/win/2004/08/events/event"><System><Provider Name="Microsoft-Windows-AppxPackagingOM" Guid="{ba723d81-0d0c-4f1e-80c8-54740f508ddf}"></Provider>
<EventID Qualifiers="">216</EventID>
<Version>0</Version>
<Level>3</Level>
<Task>4</Task>
<Opcode>11</Opcode>
<Keywords>0x8000000000000000</Keywords>
<TimeCreated SystemTime="2022-05-06 15:21:09.229378"></TimeCreated>
<EventRecordID>88</EventRecordID>
<Correlation ActivityID="{ac38061f-61b0-0001-b808-38acb061d801}" RelatedActivityID=""></Correlation>
<Execution ProcessID="1548" ThreadID="4944"></Execution>
<Channel>Microsoft-Windows-AppxPackaging/Operational</Channel>
<Computer>DESKTOP-DBOP9M0</Computer>
<Security UserID="S-1-5-21-2389065719-3342106636-307857974-1000"></Security>
</System>
<EventData><Data Name="namespace">http://schemas.microsoft.com/developer/appx/2015/build</Data>
</EventData>
</Event>

<Event xmlns="http://schemas.microsoft.com/win/2004/08/events/event"><System><Provider Name="Microsoft-Windows-AppxPackagingOM" Guid="{ba723d81-0d0c-4f1e-80c8-54740f508ddf}"></Provider>
<EventID Qualifiers="">216</EventID>
<Version>0</Version>
<Level>3</Level>
<Task>4</Task>
<Opcode>11</Opcode>
<Keywords>0x8000000000000000</Keywords>
<TimeCreated SystemTime="2022-05-06 15:21:09.663589"></TimeCreated>
<EventRecordID>89</EventRecordID>
<Correlation ActivityID="{ac38061f-61b0-0003-ab0a-38acb061d801}" RelatedActivityID=""></Correlation>
<Execution ProcessID="1548" ThreadID="4944"></Execution>
<Channel>Microsoft-Windows-AppxPackaging/Operational</Channel>
<Computer>DESKTOP-DBOP9M0</Computer>
<Security UserID="S-1-5-21-2389065719-3342106636-307857974-1000"></Security>
</System>
<EventData><Data Name="namespace">http://schemas.microsoft.com/developer/appx/2015/build</Data>
</EventData>
</Event>

<Event xmlns="http://schemas.microsoft.com/win/2004/08/events/event"><System><Provider Name="Microsoft-Windows-AppxPackagingOM" Guid="{ba723d81-0d0c-4f1e-80c8-54740f508ddf}"></Provider>
<EventID Qualifiers="">216</EventID>
<Version>0</Version>
<Level>3</Level>
<Task>4</Task>
<Opcode>11</Opcode>
<Keywords>0x8000000000000000</Keywords>
<TimeCreated SystemTime="2022-05-06 15:21:09.722990"></TimeCreated>
<EventRecordID>90</EventRecordID>
<Correlation ActivityID="{ac38061f-61b0-0003-ab0a-38acb061d801}" RelatedActivityID=""></Correlation>
<Execution ProcessID="1548" ThreadID="4944"></Execution>
<Channel>Microsoft-Windows-AppxPackaging/Operational</Channel>
<Computer>DESKTOP-DBOP9M0</Computer>
<Security UserID="S-1-5-21-2389065719-3342106636-307857974-1000"></Security>
</System>
<EventData><Data Name="namespace">http://schemas.microsoft.com/developer/appx/2015/build</Data>
</EventData>
</Event>

<Event xmlns="http://schemas.microsoft.com/win/2004/08/events/event"><System><Provider Name="Microsoft-Windows-AppxPackagingOM" Guid="{ba723d81-0d0c-4f1e-80c8-54740f508ddf}"></Provider>
<EventID Qualifiers="">216</EventID>
<Version>0</Version>
<Level>3</Level>
<Task>4</Task>
<Opcode>11</Opcode>
<Keywords>0x8000000000000000</Keywords>
<TimeCreated SystemTime="2022-05-06 15:21:11.791664"></TimeCreated>
<EventRecordID>91</EventRecordID>
<Correlation ActivityID="" RelatedActivityID=""></Correlation>
<Execution ProcessID="5268" ThreadID="5360"></Execution>
<Channel>Microsoft-Windows-AppxPackaging/Operational</Channel>
<Computer>DESKTOP-DBOP9M0</Computer>
<Security UserID="S-1-5-18"></Security>
</System>
<EventData><Data Name="namespace">http://schemas.microsoft.com/developer/appx/2015/build</Data>
</EventData>
</Event>

<Event xmlns="http://schemas.microsoft.com/win/2004/08/events/event"><System><Provider Name="Microsoft-Windows-AppxPackagingOM" Guid="{ba723d81-0d0c-4f1e-80c8-54740f508ddf}"></Provider>
<EventID Qualifiers="">216</EventID>
<Version>0</Version>
<Level>3</Level>
<Task>4</Task>
<Opcode>11</Opcode>
<Keywords>0x8000000000000000</Keywords>
<TimeCreated SystemTime="2022-05-06 15:21:14.510715"></TimeCreated>
<EventRecordID>92</EventRecordID>
<Correlation ActivityID="" RelatedActivityID=""></Correlation>
<Execution ProcessID="5268" ThreadID="5360"></Execution>
<Channel>Microsoft-Windows-AppxPackaging/Operational</Channel>
<Computer>DESKTOP-DBOP9M0</Computer>
<Security UserID="S-1-5-18"></Security>
</System>
<EventData><Data Name="namespace">http://schemas.microsoft.com/developer/appx/2015/build</Data>
</EventData>
</Event>

<Event xmlns="http://schemas.microsoft.com/win/2004/08/events/event"><System><Provider Name="Microsoft-Windows-AppxPackagingOM" Guid="{ba723d81-0d0c-4f1e-80c8-54740f508ddf}"></Provider>
<EventID Qualifiers="">216</EventID>
<Version>0</Version>
<Level>3</Level>
<Task>4</Task>
<Opcode>11</Opcode>
<Keywords>0x8000000000000000</Keywords>
<TimeCreated SystemTime="2022-05-06 15:21:14.985592"></TimeCreated>
<EventRecordID>93</EventRecordID>
<Correlation ActivityID="" RelatedActivityID=""></Correlation>
<Execution ProcessID="5268" ThreadID="5360"></Execution>
<Channel>Microsoft-Windows-AppxPackaging/Operational</Channel>
<Computer>DESKTOP-DBOP9M0</Computer>
<Security UserID="S-1-5-18"></Security>
</System>
<EventData><Data Name="namespace">http://schemas.microsoft.com/developer/appx/2015/build</Data>
</EventData>
</Event>

<Event xmlns="http://schemas.microsoft.com/win/2004/08/events/event"><System><Provider Name="Microsoft-Windows-AppxPackagingOM" Guid="{ba723d81-0d0c-4f1e-80c8-54740f508ddf}"></Provider>
<EventID Qualifiers="">216</EventID>
<Version>0</Version>
<Level>3</Level>
<Task>4</Task>
<Opcode>11</Opcode>
<Keywords>0x8000000000000000</Keywords>
<TimeCreated SystemTime="2022-05-06 15:21:16.439968"></TimeCreated>
<EventRecordID>94</EventRecordID>
<Correlation ActivityID="" RelatedActivityID=""></Correlation>
<Execution ProcessID="5268" ThreadID="5360"></Execution>
<Channel>Microsoft-Windows-AppxPackaging/Operational</Channel>
<Computer>DESKTOP-DBOP9M0</Computer>
<Security UserID="S-1-5-18"></Security>
</System>
<EventData><Data Name="namespace">http://schemas.microsoft.com/appx/manifest/uap/windows10/3</Data>
</EventData>
</Event>

<Event xmlns="http://schemas.microsoft.com/win/2004/08/events/event"><System><Provider Name="Microsoft-Windows-AppxPackagingOM" Guid="{ba723d81-0d0c-4f1e-80c8-54740f508ddf}"></Provider>
<EventID Qualifiers="">216</EventID>
<Version>0</Version>
<Level>3</Level>
<Task>4</Task>
<Opcode>11</Opcode>
<Keywords>0x8000000000000000</Keywords>
<TimeCreated SystemTime="2022-05-06 15:21:16.504353"></TimeCreated>
<EventRecordID>95</EventRecordID>
<Correlation ActivityID="" RelatedActivityID=""></Correlation>
<Execution ProcessID="5268" ThreadID="5360"></Execution>
<Channel>Microsoft-Windows-AppxPackaging/Operational</Channel>
<Computer>DESKTOP-DBOP9M0</Computer>
<Security UserID="S-1-5-18"></Security>
</System>
<EventData><Data Name="namespace">http://schemas.microsoft.com/appx/manifest/uap/windows10/3</Data>
</EventData>
</Event>

<Event xmlns="http://schemas.microsoft.com/win/2004/08/events/event"><System><Provider Name="Microsoft-Windows-AppxPackagingOM" Guid="{ba723d81-0d0c-4f1e-80c8-54740f508ddf}"></Provider>
<EventID Qualifiers="">216</EventID>
<Version>0</Version>
<Level>3</Level>
<Task>4</Task>
<Opcode>11</Opcode>
<Keywords>0x8000000000000000</Keywords>
<TimeCreated SystemTime="2022-05-06 15:21:16.579273"></TimeCreated>
<EventRecordID>96</EventRecordID>
<Correlation ActivityID="" RelatedActivityID=""></Correlation>
<Execution ProcessID="5268" ThreadID="5360"></Execution>
<Channel>Microsoft-Windows-AppxPackaging/Operational</Channel>
<Computer>DESKTOP-DBOP9M0</Computer>
<Security UserID="S-1-5-18"></Security>
</System>
<EventData><Data Name="namespace">http://schemas.microsoft.com/appx/manifest/uap/windows10/3</Data>
</EventData>
</Event>

<Event xmlns="http://schemas.microsoft.com/win/2004/08/events/event"><System><Provider Name="Microsoft-Windows-AppxPackagingOM" Guid="{ba723d81-0d0c-4f1e-80c8-54740f508ddf}"></Provider>
<EventID Qualifiers="">216</EventID>
<Version>0</Version>
<Level>3</Level>
<Task>4</Task>
<Opcode>11</Opcode>
<Keywords>0x8000000000000000</Keywords>
<TimeCreated SystemTime="2022-05-06 15:21:16.683126"></TimeCreated>
<EventRecordID>97</EventRecordID>
<Correlation ActivityID="" RelatedActivityID=""></Correlation>
<Execution ProcessID="5268" ThreadID="5360"></Execution>
<Channel>Microsoft-Windows-AppxPackaging/Operational</Channel>
<Computer>DESKTOP-DBOP9M0</Computer>
<Security UserID="S-1-5-18"></Security>
</System>
<EventData><Data Name="namespace">http://schemas.microsoft.com/appx/manifest/uap/windows10/3</Data>
</EventData>
</Event>

<Event xmlns="http://schemas.microsoft.com/win/2004/08/events/event"><System><Provider Name="Microsoft-Windows-AppxPackagingOM" Guid="{ba723d81-0d0c-4f1e-80c8-54740f508ddf}"></Provider>
<EventID Qualifiers="">216</EventID>
<Version>0</Version>
<Level>3</Level>
<Task>4</Task>
<Opcode>11</Opcode>
<Keywords>0x8000000000000000</Keywords>
<TimeCreated SystemTime="2022-05-06 15:21:19.317430"></TimeCreated>
<EventRecordID>98</EventRecordID>
<Correlation ActivityID="" RelatedActivityID=""></Correlation>
<Execution ProcessID="5268" ThreadID="5360"></Execution>
<Channel>Microsoft-Windows-AppxPackaging/Operational</Channel>
<Computer>DESKTOP-DBOP9M0</Computer>
<Security UserID="S-1-5-18"></Security>
</System>
<EventData><Data Name="namespace">http://schemas.microsoft.com/developer/appx/2015/build</Data>
</EventData>
</Event>

<Event xmlns="http://schemas.microsoft.com/win/2004/08/events/event"><System><Provider Name="Microsoft-Windows-AppxPackagingOM" Guid="{ba723d81-0d0c-4f1e-80c8-54740f508ddf}"></Provider>
<EventID Qualifiers="">216</EventID>
<Version>0</Version>
<Level>3</Level>
<Task>4</Task>
<Opcode>11</Opcode>
<Keywords>0x8000000000000000</Keywords>
<TimeCreated SystemTime="2022-05-06 15:21:19.370646"></TimeCreated>
<EventRecordID>99</EventRecordID>
<Correlation ActivityID="" RelatedActivityID=""></Correlation>
<Execution ProcessID="5268" ThreadID="5360"></Execution>
<Channel>Microsoft-Windows-AppxPackaging/Operational</Channel>
<Computer>DESKTOP-DBOP9M0</Computer>
<Security UserID="S-1-5-18"></Security>
</System>
<EventData><Data Name="namespace">http://schemas.microsoft.com/developer/appx/2015/build</Data>
</EventData>
</Event>

<Event xmlns="http://schemas.microsoft.com/win/2004/08/events/event"><System><Provider Name="Microsoft-Windows-AppxPackagingOM" Guid="{ba723d81-0d0c-4f1e-80c8-54740f508ddf}"></Provider>
<EventID Qualifiers="">216</EventID>
<Version>0</Version>
<Level>3</Level>
<Task>4</Task>
<Opcode>11</Opcode>
<Keywords>0x8000000000000000</Keywords>
<TimeCreated SystemTime="2022-05-06 15:21:19.420803"></TimeCreated>
<EventRecordID>100</EventRecordID>
<Correlation ActivityID="" RelatedActivityID=""></Correlation>
<Execution ProcessID="5268" ThreadID="5360"></Execution>
<Channel>Microsoft-Windows-AppxPackaging/Operational</Channel>
<Computer>DESKTOP-DBOP9M0</Computer>
<Security UserID="S-1-5-18"></Security>
</System>
<EventData><Data Name="namespace">http://schemas.microsoft.com/developer/appx/2015/build</Data>
</EventData>
</Event>

<Event xmlns="http://schemas.microsoft.com/win/2004/08/events/event"><System><Provider Name="Microsoft-Windows-AppxPackagingOM" Guid="{ba723d81-0d0c-4f1e-80c8-54740f508ddf}"></Provider>
<EventID Qualifiers="">216</EventID>
<Version>0</Version>
<Level>3</Level>
<Task>4</Task>
<Opcode>11</Opcode>
<Keywords>0x8000000000000000</Keywords>
<TimeCreated SystemTime="2022-05-06 15:21:19.507509"></TimeCreated>
<EventRecordID>101</EventRecordID>
<Correlation ActivityID="" RelatedActivityID=""></Correlation>
<Execution ProcessID="5268" ThreadID="5360"></Execution>
<Channel>Microsoft-Windows-AppxPackaging/Operational</Channel>
<Computer>DESKTOP-DBOP9M0</Computer>
<Security UserID="S-1-5-18"></Security>
</System>
<EventData><Data Name="namespace">http://schemas.microsoft.com/developer/appx/2015/build</Data>
</EventData>
</Event>

<Event xmlns="http://schemas.microsoft.com/win/2004/08/events/event"><System><Provider Name="Microsoft-Windows-AppxPackagingOM" Guid="{ba723d81-0d0c-4f1e-80c8-54740f508ddf}"></Provider>
<EventID Qualifiers="">216</EventID>
<Version>0</Version>
<Level>3</Level>
<Task>4</Task>
<Opcode>11</Opcode>
<Keywords>0x8000000000000000</Keywords>
<TimeCreated SystemTime="2022-05-06 15:21:19.560228"></TimeCreated>
<EventRecordID>102</EventRecordID>
<Correlation ActivityID="" RelatedActivityID=""></Correlation>
<Execution ProcessID="5268" ThreadID="5360"></Execution>
<Channel>Microsoft-Windows-AppxPackaging/Operational</Channel>
<Computer>DESKTOP-DBOP9M0</Computer>
<Security UserID="S-1-5-18"></Security>
</System>
<EventData><Data Name="namespace">http://schemas.microsoft.com/developer/appx/2015/build</Data>
</EventData>
</Event>

<Event xmlns="http://schemas.microsoft.com/win/2004/08/events/event"><System><Provider Name="Microsoft-Windows-AppxPackagingOM" Guid="{ba723d81-0d0c-4f1e-80c8-54740f508ddf}"></Provider>
<EventID Qualifiers="">216</EventID>
<Version>0</Version>
<Level>3</Level>
<Task>4</Task>
<Opcode>11</Opcode>
<Keywords>0x8000000000000000</Keywords>
<TimeCreated SystemTime="2022-05-06 15:24:37.311981"></TimeCreated>
<EventRecordID>103</EventRecordID>
<Correlation ActivityID="{2f2cff59-615d-0001-0707-2d2f5d61d801}" RelatedActivityID=""></Correlation>
<Execution ProcessID="3320" ThreadID="4444"></Execution>
<Channel>Microsoft-Windows-AppxPackaging/Operational</Channel>
<Computer>Council-HQ</Computer>
<Security UserID="S-1-5-21-2389065719-3342106636-307857974-1001"></Security>
</System>
<EventData><Data Name="namespace">http://schemas.microsoft.com/developer/appx/2015/build</Data>
</EventData>
</Event>

<Event xmlns="http://schemas.microsoft.com/win/2004/08/events/event"><System><Provider Name="Microsoft-Windows-AppxPackagingOM" Guid="{ba723d81-0d0c-4f1e-80c8-54740f508ddf}"></Provider>
<EventID Qualifiers="">216</EventID>
<Version>0</Version>
<Level>3</Level>
<Task>4</Task>
<Opcode>11</Opcode>
<Keywords>0x8000000000000000</Keywords>
<TimeCreated SystemTime="2022-05-06 15:24:37.400974"></TimeCreated>
<EventRecordID>104</EventRecordID>
<Correlation ActivityID="{2f2cff59-615d-0001-0707-2d2f5d61d801}" RelatedActivityID=""></Correlation>
<Execution ProcessID="3320" ThreadID="4444"></Execution>
<Channel>Microsoft-Windows-AppxPackaging/Operational</Channel>
<Computer>Council-HQ</Computer>
<Security UserID="S-1-5-21-2389065719-3342106636-307857974-1001"></Security>
</System>
<EventData><Data Name="namespace">http://schemas.microsoft.com/developer/appx/2015/build</Data>
</EventData>
</Event>

<Event xmlns="http://schemas.microsoft.com/win/2004/08/events/event"><System><Provider Name="Microsoft-Windows-AppxPackagingOM" Guid="{ba723d81-0d0c-4f1e-80c8-54740f508ddf}"></Provider>
<EventID Qualifiers="">216</EventID>
<Version>0</Version>
<Level>3</Level>
<Task>4</Task>
<Opcode>11</Opcode>
<Keywords>0x8000000000000000</Keywords>
<TimeCreated SystemTime="2022-05-06 15:24:40.302147"></TimeCreated>
<EventRecordID>105</EventRecordID>
<Correlation ActivityID="{2f2cff59-615d-0002-ac0b-2d2f5d61d801}" RelatedActivityID=""></Correlation>
<Execution ProcessID="3320" ThreadID="3988"></Execution>
<Channel>Microsoft-Windows-AppxPackaging/Operational</Channel>
<Computer>Council-HQ</Computer>
<Security UserID="S-1-5-21-2389065719-3342106636-307857974-1001"></Security>
</System>
<EventData><Data Name="namespace">http://schemas.microsoft.com/developer/appx/2015/build</Data>
</EventData>
</Event>

<Event xmlns="http://schemas.microsoft.com/win/2004/08/events/event"><System><Provider Name="Microsoft-Windows-AppxPackagingOM" Guid="{ba723d81-0d0c-4f1e-80c8-54740f508ddf}"></Provider>
<EventID Qualifiers="">216</EventID>
<Version>0</Version>
<Level>3</Level>
<Task>4</Task>
<Opcode>11</Opcode>
<Keywords>0x8000000000000000</Keywords>
<TimeCreated SystemTime="2022-05-06 15:24:40.364935"></TimeCreated>
<EventRecordID>106</EventRecordID>
<Correlation ActivityID="{2f2cff59-615d-0002-ac0b-2d2f5d61d801}" RelatedActivityID=""></Correlation>
<Execution ProcessID="3320" ThreadID="3988"></Execution>
<Channel>Microsoft-Windows-AppxPackaging/Operational</Channel>
<Computer>Council-HQ</Computer>
<Security UserID="S-1-5-21-2389065719-3342106636-307857974-1001"></Security>
</System>
<EventData><Data Name="namespace">http://schemas.microsoft.com/developer/appx/2015/build</Data>
</EventData>
</Event>

<Event xmlns="http://schemas.microsoft.com/win/2004/08/events/event"><System><Provider Name="Microsoft-Windows-AppxPackagingOM" Guid="{ba723d81-0d0c-4f1e-80c8-54740f508ddf}"></Provider>
<EventID Qualifiers="">216</EventID>
<Version>0</Version>
<Level>3</Level>
<Task>4</Task>
<Opcode>11</Opcode>
<Keywords>0x8000000000000000</Keywords>
<TimeCreated SystemTime="2022-05-06 15:24:40.450718"></TimeCreated>
<EventRecordID>107</EventRecordID>
<Correlation ActivityID="{2f2cff59-615d-0003-e211-2d2f5d61d801}" RelatedActivityID=""></Correlation>
<Execution ProcessID="3320" ThreadID="4616"></Execution>
<Channel>Microsoft-Windows-AppxPackaging/Operational</Channel>
<Computer>Council-HQ</Computer>
<Security UserID="S-1-5-21-2389065719-3342106636-307857974-1001"></Security>
</System>
<EventData><Data Name="namespace">http://schemas.microsoft.com/developer/appx/2015/build</Data>
</EventData>
</Event>

<Event xmlns="http://schemas.microsoft.com/win/2004/08/events/event"><System><Provider Name="Microsoft-Windows-AppxPackagingOM" Guid="{ba723d81-0d0c-4f1e-80c8-54740f508ddf}"></Provider>
<EventID Qualifiers="">216</EventID>
<Version>0</Version>
<Level>3</Level>
<Task>4</Task>
<Opcode>11</Opcode>
<Keywords>0x8000000000000000</Keywords>
<TimeCreated SystemTime="2022-05-06 15:24:40.508482"></TimeCreated>
<EventRecordID>108</EventRecordID>
<Correlation ActivityID="{2f2cff59-615d-0003-e211-2d2f5d61d801}" RelatedActivityID=""></Correlation>
<Execution ProcessID="3320" ThreadID="4616"></Execution>
<Channel>Microsoft-Windows-AppxPackaging/Operational</Channel>
<Computer>Council-HQ</Computer>
<Security UserID="S-1-5-21-2389065719-3342106636-307857974-1001"></Security>
</System>
<EventData><Data Name="namespace">http://schemas.microsoft.com/developer/appx/2015/build</Data>
</EventData>
</Event>

<Event xmlns="http://schemas.microsoft.com/win/2004/08/events/event"><System><Provider Name="Microsoft-Windows-AppxPackagingOM" Guid="{ba723d81-0d0c-4f1e-80c8-54740f508ddf}"></Provider>
<EventID Qualifiers="">216</EventID>
<Version>0</Version>
<Level>3</Level>
<Task>4</Task>
<Opcode>11</Opcode>
<Keywords>0x8000000000000000</Keywords>
<TimeCreated SystemTime="2022-05-06 15:24:40.870823"></TimeCreated>
<EventRecordID>109</EventRecordID>
<Correlation ActivityID="{2f2cff59-615d-0002-550c-2d2f5d61d801}" RelatedActivityID=""></Correlation>
<Execution ProcessID="3320" ThreadID="4616"></Execution>
<Channel>Microsoft-Windows-AppxPackaging/Operational</Channel>
<Computer>Council-HQ</Computer>
<Security UserID="S-1-5-21-2389065719-3342106636-307857974-1001"></Security>
</System>
<EventData><Data Name="namespace">http://schemas.microsoft.com/developer/appx/2015/build</Data>
</EventData>
</Event>

<Event xmlns="http://schemas.microsoft.com/win/2004/08/events/event"><System><Provider Name="Microsoft-Windows-AppxPackagingOM" Guid="{ba723d81-0d0c-4f1e-80c8-54740f508ddf}"></Provider>
<EventID Qualifiers="">216</EventID>
<Version>0</Version>
<Level>3</Level>
<Task>4</Task>
<Opcode>11</Opcode>
<Keywords>0x8000000000000000</Keywords>
<TimeCreated SystemTime="2022-05-06 15:24:40.928360"></TimeCreated>
<EventRecordID>110</EventRecordID>
<Correlation ActivityID="{2f2cff59-615d-0002-550c-2d2f5d61d801}" RelatedActivityID=""></Correlation>
<Execution ProcessID="3320" ThreadID="4616"></Execution>
<Channel>Microsoft-Windows-AppxPackaging/Operational</Channel>
<Computer>Council-HQ</Computer>
<Security UserID="S-1-5-21-2389065719-3342106636-307857974-1001"></Security>
</System>
<EventData><Data Name="namespace">http://schemas.microsoft.com/developer/appx/2015/build</Data>
</EventData>
</Event>

<Event xmlns="http://schemas.microsoft.com/win/2004/08/events/event"><System><Provider Name="Microsoft-Windows-AppxPackagingOM" Guid="{ba723d81-0d0c-4f1e-80c8-54740f508ddf}"></Provider>
<EventID Qualifiers="">216</EventID>
<Version>0</Version>
<Level>3</Level>
<Task>4</Task>
<Opcode>11</Opcode>
<Keywords>0x8000000000000000</Keywords>
<TimeCreated SystemTime="2022-05-06 15:24:41.082672"></TimeCreated>
<EventRecordID>111</EventRecordID>
<Correlation ActivityID="{2f2cff59-615d-0002-600c-2d2f5d61d801}" RelatedActivityID=""></Correlation>
<Execution ProcessID="3320" ThreadID="3988"></Execution>
<Channel>Microsoft-Windows-AppxPackaging/Operational</Channel>
<Computer>Council-HQ</Computer>
<Security UserID="S-1-5-21-2389065719-3342106636-307857974-1001"></Security>
</System>
<EventData><Data Name="namespace">http://schemas.microsoft.com/developer/appx/2015/build</Data>
</EventData>
</Event>

<Event xmlns="http://schemas.microsoft.com/win/2004/08/events/event"><System><Provider Name="Microsoft-Windows-AppxPackagingOM" Guid="{ba723d81-0d0c-4f1e-80c8-54740f508ddf}"></Provider>
<EventID Qualifiers="">216</EventID>
<Version>0</Version>
<Level>3</Level>
<Task>4</Task>
<Opcode>11</Opcode>
<Keywords>0x8000000000000000</Keywords>
<TimeCreated SystemTime="2022-05-06 15:24:41.138399"></TimeCreated>
<EventRecordID>112</EventRecordID>
<Correlation ActivityID="{2f2cff59-615d-0002-600c-2d2f5d61d801}" RelatedActivityID=""></Correlation>
<Execution ProcessID="3320" ThreadID="3988"></Execution>
<Channel>Microsoft-Windows-AppxPackaging/Operational</Channel>
<Computer>Council-HQ</Computer>
<Security UserID="S-1-5-21-2389065719-3342106636-307857974-1001"></Security>
</System>
<EventData><Data Name="namespace">http://schemas.microsoft.com/developer/appx/2015/build</Data>
</EventData>
</Event>

<Event xmlns="http://schemas.microsoft.com/win/2004/08/events/event"><System><Provider Name="Microsoft-Windows-AppxPackagingOM" Guid="{ba723d81-0d0c-4f1e-80c8-54740f508ddf}"></Provider>
<EventID Qualifiers="">216</EventID>
<Version>0</Version>
<Level>3</Level>
<Task>4</Task>
<Opcode>11</Opcode>
<Keywords>0x8000000000000000</Keywords>
<TimeCreated SystemTime="2022-05-06 15:24:42.410732"></TimeCreated>
<EventRecordID>113</EventRecordID>
<Correlation ActivityID="{2f2cff59-615d-0000-3c15-2d2f5d61d801}" RelatedActivityID=""></Correlation>
<Execution ProcessID="3320" ThreadID="3192"></Execution>
<Channel>Microsoft-Windows-AppxPackaging/Operational</Channel>
<Computer>Council-HQ</Computer>
<Security UserID="S-1-5-18"></Security>
</System>
<EventData><Data Name="namespace">http://schemas.microsoft.com/developer/appx/2015/build</Data>
</EventData>
</Event>

<Event xmlns="http://schemas.microsoft.com/win/2004/08/events/event"><System><Provider Name="Microsoft-Windows-AppxPackagingOM" Guid="{ba723d81-0d0c-4f1e-80c8-54740f508ddf}"></Provider>
<EventID Qualifiers="">216</EventID>
<Version>0</Version>
<Level>3</Level>
<Task>4</Task>
<Opcode>11</Opcode>
<Keywords>0x8000000000000000</Keywords>
<TimeCreated SystemTime="2022-05-06 15:25:54.725843"></TimeCreated>
<EventRecordID>114</EventRecordID>
<Correlation ActivityID="{2f2cff59-615d-0002-4119-2d2f5d61d801}" RelatedActivityID=""></Correlation>
<Execution ProcessID="3320" ThreadID="4696"></Execution>
<Channel>Microsoft-Windows-AppxPackaging/Operational</Channel>
<Computer>Council-HQ</Computer>
<Security UserID="S-1-5-18"></Security>
</System>
<EventData><Data Name="namespace">http://schemas.microsoft.com/appx/2013/xbox/manifest</Data>
</EventData>
</Event>

<Event xmlns="http://schemas.microsoft.com/win/2004/08/events/event"><System><Provider Name="Microsoft-Windows-AppxPackagingOM" Guid="{ba723d81-0d0c-4f1e-80c8-54740f508ddf}"></Provider>
<EventID Qualifiers="">216</EventID>
<Version>0</Version>
<Level>3</Level>
<Task>4</Task>
<Opcode>11</Opcode>
<Keywords>0x8000000000000000</Keywords>
<TimeCreated SystemTime="2022-05-06 15:26:18.294142"></TimeCreated>
<EventRecordID>115</EventRecordID>
<Correlation ActivityID="{2f2cff59-615d-0002-f93c-2d2f5d61d801}" RelatedActivityID=""></Correlation>
<Execution ProcessID="3320" ThreadID="4696"></Execution>
<Channel>Microsoft-Windows-AppxPackaging/Operational</Channel>
<Computer>Council-HQ</Computer>
<Security UserID="S-1-5-18"></Security>
</System>
<EventData><Data Name="namespace">http://schemas.microsoft.com/appx/2013/xbox/manifest</Data>
</EventData>
</Event>

