<Event xmlns="http://schemas.microsoft.com/win/2004/08/events/event"><System><Provider Name="Microsoft-Windows-AppXDeployment-Server" Guid="{3f471139-acb7-4a01-b7a7-ff5da4ba2d43}"></Provider>
<EventID Qualifiers="">854</EventID>
<Version>0</Version>
<Level>4</Level>
<Task>3</Task>
<Opcode>0</Opcode>
<Keywords>0x4000000000000001</Keywords>
<TimeCreated SystemTime="2022-05-07 01:20:10.129242"></TimeCreated>
<EventRecordID>415</EventRecordID>
<Correlation ActivityID="{824d2842-61b0-0003-1534-4d82b061d801}" RelatedActivityID=""></Correlation>
<Execution ProcessID="3236" ThreadID="4736"></Execution>
<Channel>Microsoft-Windows-AppXDeploymentServer/Operational</Channel>
<Computer>WIN-GE1PLB8KFNS</Computer>
<Security UserID="S-1-5-18"></Security>
</System>
<EventData><Data Name="Path"> C:\Program Files\WindowsApps\microsoft.webpimageextension_1.0.42351.0_x64__8wekyb3d8bbwe\AppxManifest.xml</Data>
</EventData>
</Event>

<Event xmlns="http://schemas.microsoft.com/win/2004/08/events/event"><System><Provider Name="Microsoft-Windows-AppXDeployment-Server" Guid="{3f471139-acb7-4a01-b7a7-ff5da4ba2d43}"></Provider>
<EventID Qualifiers="">8100</EventID>
<Version>0</Version>
<Level>5</Level>
<Task>49</Task>
<Opcode>0</Opcode>
<Keywords>0x4000000000000001</Keywords>
<TimeCreated SystemTime="2022-05-07 01:20:10.165010"></TimeCreated>
<EventRecordID>416</EventRecordID>
<Correlation ActivityID="{824d2842-61b0-0003-1534-4d82b061d801}" RelatedActivityID=""></Correlation>
<Execution ProcessID="3236" ThreadID="4736"></Execution>
<Channel>Microsoft-Windows-AppXDeploymentServer/Operational</Channel>
<Computer>WIN-GE1PLB8KFNS</Computer>
<Security UserID="S-1-5-18"></Security>
</System>
<EventData><Data Name="PackageFullName">Microsoft.WebpImageExtension_1.0.42351.0_x64__8wekyb3d8bbwe</Data>
<Data Name="Flags">0x00000620</Data>
</EventData>
</Event>

<Event xmlns="http://schemas.microsoft.com/win/2004/08/events/event"><System><Provider Name="Microsoft-Windows-AppXDeployment-Server" Guid="{3f471139-acb7-4a01-b7a7-ff5da4ba2d43}"></Provider>
<EventID Qualifiers="">400</EventID>
<Version>0</Version>
<Level>4</Level>
<Task>3</Task>
<Opcode>2</Opcode>
<Keywords>0x4000000000000001</Keywords>
<TimeCreated SystemTime="2022-05-07 01:20:10.236000"></TimeCreated>
<EventRecordID>417</EventRecordID>
<Correlation ActivityID="{824d2842-61b0-0003-1534-4d82b061d801}" RelatedActivityID=""></Correlation>
<Execution ProcessID="3236" ThreadID="4736"></Execution>
<Channel>Microsoft-Windows-AppXDeploymentServer/Operational</Channel>
<Computer>WIN-GE1PLB8KFNS</Computer>
<Security UserID="S-1-5-18"></Security>
</System>
<EventData><Data Name="DeploymentOperation">12</Data>
<Data Name="PackageFullName">microsoft.webpimageextension_1.0.42351.0_x64__8wekyb3d8bbwe</Data>
<Data Name="Path"> </Data>
<Data Name="MountPoint">C:</Data>
<Data Name="TargetPlatform">0x00000000</Data>
<Data Name="SystemVolume">True</Data>
<Data Name="StorageId">\\?\Volume{bf27b24f-9e98-4395-9110-325985ded282}</Data>
<Data Name="IsCentennial">False</Data>
<Data Name="PackageType">0x00000001</Data>
<Data Name="IsPackageEncrypted">False</Data>
<Data Name="DeploymentOptions">0x0000000010020020</Data>
<Data Name="IsStreamingPackage">False</Data>
<Data Name="IsInRelatedSet">False</Data>
<Data Name="IsPackageUsingBDC">False</Data>
<Data Name="MainPackageFamilyName">NULL</Data>
<Data Name="CallingProcess"></Data>
<Data Name="IsOptional">False</Data>
<Data Name="PackageFlags">0x08000008</Data>
<Data Name="PackageFlags2">0x00000800</Data>
<Data Name="HasWin32alacarte">False</Data>
<Data Name="HasFullTrust">False</Data>
<Data Name="ExternalLocation"></Data>
<Data Name="PackageSourceUri"></Data>
<Data Name="PackageDisplayName">ms-resource:AppStoreName</Data>
</EventData>
</Event>

<Event xmlns="http://schemas.microsoft.com/win/2004/08/events/event"><System><Provider Name="Microsoft-Windows-AppXDeployment-Server" Guid="{3f471139-acb7-4a01-b7a7-ff5da4ba2d43}"></Provider>
<EventID Qualifiers="">635</EventID>
<Version>0</Version>
<Level>4</Level>
<Task>3</Task>
<Opcode>0</Opcode>
<Keywords>0x4000000000000001</Keywords>
<TimeCreated SystemTime="2022-05-07 01:20:10.279861"></TimeCreated>
<EventRecordID>418</EventRecordID>
<Correlation ActivityID="{824d2842-61b0-0003-1534-4d82b061d801}" RelatedActivityID=""></Correlation>
<Execution ProcessID="3236" ThreadID="3268"></Execution>
<Channel>Microsoft-Windows-AppXDeploymentServer/Operational</Channel>
<Computer>WIN-GE1PLB8KFNS</Computer>
<Security UserID="S-1-5-18"></Security>
</System>
<EventData><Data Name="PackageFullName">microsoft.webpimageextension_1.0.42351.0_x64__8wekyb3d8bbwe</Data>
<Data Name="Flags">1</Data>
<Data Name="HResult">0x00000000</Data>
</EventData>
</Event>

<Event xmlns="http://schemas.microsoft.com/win/2004/08/events/event"><System><Provider Name="Microsoft-Windows-AppXDeployment-Server" Guid="{3f471139-acb7-4a01-b7a7-ff5da4ba2d43}"></Provider>
<EventID Qualifiers="">633</EventID>
<Version>0</Version>
<Level>4</Level>
<Task>3</Task>
<Opcode>0</Opcode>
<Keywords>0x4000000000000001</Keywords>
<TimeCreated SystemTime="2022-05-07 01:20:10.280611"></TimeCreated>
<EventRecordID>419</EventRecordID>
<Correlation ActivityID="{824d2842-61b0-0001-a22c-4d82b061d801}" RelatedActivityID=""></Correlation>
<Execution ProcessID="3236" ThreadID="3268"></Execution>
<Channel>Microsoft-Windows-AppXDeploymentServer/Operational</Channel>
<Computer>WIN-GE1PLB8KFNS</Computer>
<Security UserID="S-1-5-18"></Security>
</System>
<EventData><Data Name="PackageFullName">microsoft.windows.photos_2021.21120.8011.0_neutral_~_8wekyb3d8bbwe</Data>
<Data Name="IsInstalled">False</Data>
</EventData>
</Event>

<Event xmlns="http://schemas.microsoft.com/win/2004/08/events/event"><System><Provider Name="Microsoft-Windows-AppXDeployment-Server" Guid="{3f471139-acb7-4a01-b7a7-ff5da4ba2d43}"></Provider>
<EventID Qualifiers="">607</EventID>
<Version>0</Version>
<Level>4</Level>
<Task>0</Task>
<Opcode>0</Opcode>
<Keywords>0x4000000000000001</Keywords>
<TimeCreated SystemTime="2022-05-07 01:20:10.281321"></TimeCreated>
<EventRecordID>420</EventRecordID>
<Correlation ActivityID="{824d2842-61b0-0001-a22c-4d82b061d801}" RelatedActivityID=""></Correlation>
<Execution ProcessID="3236" ThreadID="4736"></Execution>
<Channel>Microsoft-Windows-AppXDeploymentServer/Operational</Channel>
<Computer>WIN-GE1PLB8KFNS</Computer>
<Security UserID="S-1-5-18"></Security>
</System>
<EventData><Data Name="DeploymentOperation">12</Data>
<Data Name="PackageFullName">microsoft.windows.photos_2021.21120.8011.0_neutral_~_8wekyb3d8bbwe</Data>
<Data Name="UserSid">S-1-5-18</Data>
<Data Name="CallingProcess">NULL</Data>
</EventData>
</Event>

<Event xmlns="http://schemas.microsoft.com/win/2004/08/events/event"><System><Provider Name="Microsoft-Windows-AppXDeployment-Server" Guid="{3f471139-acb7-4a01-b7a7-ff5da4ba2d43}"></Provider>
<EventID Qualifiers="">614</EventID>
<Version>0</Version>
<Level>5</Level>
<Task>3</Task>
<Opcode>0</Opcode>
<Keywords>0x4000000000000001</Keywords>
<TimeCreated SystemTime="2022-05-07 01:20:10.332216"></TimeCreated>
<EventRecordID>421</EventRecordID>
<Correlation ActivityID="{824d2842-61b0-0001-a22c-4d82b061d801}" RelatedActivityID=""></Correlation>
<Execution ProcessID="3236" ThreadID="4736"></Execution>
<Channel>Microsoft-Windows-AppXDeploymentServer/Operational</Channel>
<Computer>WIN-GE1PLB8KFNS</Computer>
<Security UserID="S-1-5-18"></Security>
</System>
<EventData><Data Name="PathOne">C:\Program Files\WindowsApps\microsoft.windows.photos_2021.21120.8011.0_neutral_~_8wekyb3d8bbwe\AppxMetadata\AppxBundleManifest.xml</Data>
<Data Name="PathTwo">"AppStubCS.Windows_2021.21120.8011.0_ARM_Ship_HVC.appx": Microsoft.Windows.Photos_2021.21120.8011.0_arm__8wekyb3d8bbwe "AppStubCS.Windows_2021.21120.8011.0_x64_Ship_HVC.appx": Microsoft.Windows.Photos_2021.21120.8011.0_x64__8wekyb3d8bbwe "AppStubCS.Windows_2021.21120.8011.0_x86_Ship_HVC.appx": Microsoft.Windows.Photos_2021.21120.8011.0_x86__8wekyb3d8bbwe "AppStubCS.Windows_2021.21120.8011.0_language-af.appx": Microsoft.Windows.Photos_2021.21120.8011.0_neutral_split.language-af_8wekyb3d8bbwe "AppStubCS.Windows_2021.21120.8011.0_language-am.appx": Microsoft.Windows.Photos_2021.21120.8011.0_neutral_split.language-am_8wekyb3d8bbwe "AppStubCS.Windows_2021.21120.8011.0_language-ar.appx": Microsoft.Windows.Photos_2021.21120.8011.0_neutral_split.language-ar_8wekyb3d8bbwe "AppStubCS.Windows_2021.21120.8011.0_language-az-latn.appx": Microsoft.Windows.Photos_2021.21120.8011.0_neutral_split.language-az-latn_8wekyb3d8bbwe "AppStubCS.Windows_2021.21120.8011.0_language-bg.appx": Microsoft.Windows.Photos_2021.21120.8011.0_neutral_split.language-bg_8wekyb3d8bbwe "AppStubCS.Windows_2021.21120.8011.0_language-ca.appx": Microsoft.Windows.Photos_2021.21120.8011.0_neutral_split.language-ca_8wekyb3d8bbwe "AppStubCS.Windows_2021.21120.8011.0_language-cs.appx": Microsoft.Windows.Photos_2021.21120.8011.0_neutral_split.language-cs_8wekyb3d8bbwe "AppStubCS.Windows_2021.21120.8011.0_language-da.appx": Microsoft.Windows.Photos_2021.21120.8011.0_neutral_split.language-da_8wekyb3d8bbwe "AppStubCS.Windows_2021.21120.8011.0_language-de.appx": Microsoft.Windows.Photos_2021.21120.8011.0_neutral_split.language-de_8wekyb3d8bbwe "AppStubCS.Windows_2021.21120.8011.0_language-el.appx": Microsoft.Windows.Photos_2021.21120.8011.0_neutral_split.language-el_8wekyb3d8bbwe "AppStubCS.Windows_2021.21120.8011.0_language-es.appx": Microsoft.Windows.Photos_2021.21120.8011.0_neutral_split.language-es_8wekyb3d8bbwe "AppStubCS.Windows_2021.21120.8011.0_language-et.appx": Microsoft.Windows.Photos_2021.21120.8011.0_neutral_split.language-et_8wekyb3d8bbwe "AppStubCS.Windows_2021.21120.8011.0_language-eu.appx": Microsoft.Windows.Photos_2021.21120.8011.0_neutral_split.language-eu_8wekyb3d8bbwe "AppStubCS.Windows_2021.21120.8011.0_language-fa.appx": Microsoft.Windows.Photos_2021.21120.8011.0_neutral_split.language-fa_8wekyb3d8bbwe "AppStubCS.Windows_2021.21120.8011.0_language-fi.appx": Microsoft.Windows.Photos_2021.21120.8011.0_neutral_split.language-fi_8wekyb3d8bbwe "AppStubCS.Windows_2021.21120.8011.0_language-fil-latn.appx": Microsoft.Windows.Photos_2021.21120.8011.0_neutral_split.language-fil-latn_8wekyb3d8bbwe "AppStubCS.Windows_2021.21120.8011.0_language-fr.appx": Microsoft.Windows.Photos_2021.21120.8011.0_neutral_split.language-fr_8wekyb3d8bbwe "AppStubCS.Windows_2021.21120.8011.0_language-gl.appx": Microsoft.Windows.Photos_2021.21120.8011.0_neutral_split.language-gl_8wekyb3d8bbwe "AppStubCS.Windows_2021.21120.8011.0_language-he.appx": Microsoft.Windows.Photos_2021.21120.8011.0_neutral_split.language-he_8wekyb3d8bbwe "AppStubCS.Windows_2021.21120.8011.0_language-hi.appx": Microsoft.Windows.Photos_2021.21120.8011.0_neutral_split.language-hi_8wekyb3d8bbwe "AppStubCS.Windows_2021.21120.8011.0_language-hr.appx": Microsoft.Windows.Photos_2021.21120.8011.0_neutral_split.language-hr_8wekyb3d8bbwe "AppStubCS.Windows_2021.21120.8011.0_language-hu.appx": Microsoft.Windows.Photos_2021.21120.8011.0_neutral_split.language-hu_8wekyb3d8bbwe "AppStubCS.Windows_2021.21120.8011.0_language-id.appx": Microsoft.Windows.Photos_2021.21120.8011.0_neutral_split.language-id_8wekyb3d8bbwe "AppStubCS.Windows_2021.21120.8011.0_language-is.appx": Microsoft.Windows.Photos_2021.21120.8011.0_neutral_split.language-is_8wekyb3d8bbwe "AppStubCS.Windows_2021.21120.8011.0_language-it.appx": Microsoft.Windows.Photos_2021.21120.8011.0_neutral_split.language-it_8wekyb3d8bbwe "AppStubCS.Windows_2021.21120.8011.0_language-ja.appx": Microsoft.Windows.Photos_2021.21120.8011.0_neutral_split.language-ja_8wekyb3d8bbwe "AppStubCS.Windows_2021.21120.8011.0_language-kk.appx": Microsoft.Windows.Photos_2021.21120.8011.0_neutral_split.language-kk_8wekyb3d8bbwe "AppStubCS.Windows_2021.21120.8011.0_language-km.appx": Microsoft.Windows.Photos_2021.21120.8011.0_neutral_split.language-km_8wekyb3d8bbwe "AppStubCS.Windows_2021.21120.8011.0_language-kn.appx": Microsoft.Windows.Photos_2021.21120.8011.0_neutral_split.language-kn_8wekyb3d8bbwe "AppStubCS.Windows_2021.21120.8011.0_language-ko.appx": Microsoft.Windows.Photos_2021.21120.8011.0_neutral_split.language-ko_8wekyb3d8bbwe "AppStubCS.Windows_2021.21120.8011.0_language-lo.appx": Microsoft.Windows.Photos_2021.21120.8011.0_neutral_split.language-lo_8wekyb3d8bbwe "AppStubCS.Windows_2021.21120.8011.0_language-lt.appx": Microsoft.Windows.Photos_2021.21120.8011.0_neutral_split.language-lt_8wekyb3d8bbwe "AppStubCS.Windows_2021.21120.8011.0_language-lv.appx": Microsoft.Windows.Photos_2021.21120.8011.0_neutral_split.language-lv_8wekyb3d8bbwe "AppStubCS.Windows_2021.21120.8011.0_language-mk.appx": Microsoft.Windows.Photos_2021.21120.8011.0_neutral_split.language-mk_8wekyb3d8bbwe "AppStubCS.Windows_2021.21120.8011.0_language-ml.appx": Microsoft.Windows.Photos_2021.21120.8011.0_neutral_split.language-ml_8wekyb3d8bbwe "AppStubCS.Windows_2021.21120.8011.0_language-ms.appx": Microsoft.Windows.Photos_2021.21120.8011.0_neutral_split.language-ms_8wekyb3d8bbwe "AppStubCS.Windows_2021.21120.8011.0_language-nb.appx": Microsoft.Windows.Photos_2021.21120.8011.0_neutral_split.language-nb_8wekyb3d8bbwe "AppStubCS.Windows_2021.21120.8011.0_language-nl.appx": Microsoft.Windows.Photos_2021.21120.8011.0_neutral_split.language-nl_8wekyb3d8bbwe "AppStubCS.Windows_2021.21120.8011.0_language-pl.appx": Microsoft.Windows.Photos_2021.21120.8011.0_neutral_split.language-pl_8wekyb3d8bbwe "AppStubCS.Windows_2021.21120.8011.0_language-pt.appx": Microsoft.Windows.Photos_2021.21120.8011.0_neutral_split.language-pt_8wekyb3d8bbwe "AppStubCS.Windows_2021.21120.8011.0_language-qps-ploc.appx": Microsoft.Windows.Photos_2021.21120.8011.0_neutral_split.language-qps-ploc_8wekyb3d8bbwe "AppStubCS.Windows_2021.21120.8011.0_language-qps-plocm.appx": Microsoft.Windows.Photos_2021.21120.8011.0_neutral_split.language-qps-plocm_8wekyb3d8bbwe "AppStubCS.Windows_2021.21120.8011.0_language-ro.appx": Microsoft.Windows.Photos_2021.21120.8011.0_neutral_split.language-ro_8wekyb3d8bbwe "AppStubCS.Windows_2021.21120.8011.0_language-ru.appx": Microsoft.Windows.Photos_2021.21120.8011.0_neutral_split.language-ru_8wekyb3d8bbwe "AppStubCS.Windows_2021.21120.8011.0_language-sk.appx": Microsoft.Windows.Photos_2021.21120.8011.0_neutral_split.language-sk_8wekyb3d8bbwe "AppStubCS.Windows_2021.21120.8011.0_language-sl.appx": Microsoft.Windows.Photos_2021.21120.8011.0_neutral_split.language-sl_8wekyb3d8bbwe "AppStubCS.Windows_2021.21120.8011.0_language-sq.appx": Microsoft.Windows.Photos_2021.21120.8011.0_neutral_split.language-sq_8wekyb3d8bbwe "AppStubCS.Windows_2021.21120.8011.0_language-sr-latn.appx": Microsoft.Windows.Photos_2021.21120.8011.0_neutral_split.language-sr-latn_8wekyb3d8bbwe "AppStubCS.Windows_2021.21120.8011.0_language-sv.appx": Microsoft.Windows.Photos_2021.21120.8011.0_neutral_split.language-sv_8wekyb3d8bbwe "AppStubCS.Windows_2021.21120.8011.0_language-ta.appx": Microsoft.Windows.Photos_2021.21120.8011.0_neutral_split.language-ta_8wekyb3d8bbwe "AppStubCS.Windows_2021.21120.8011.0_language-te.appx": Microsoft.Windows.Photos_2021.21120.8011.0_neutral_split.language-te_8wekyb3d8bbwe "AppStubCS.Windows_2021.21120.8011.0_language-th.appx": Microsoft.Windows.Photos_2021.21120.8011.0_neutral_split.language-th_8wekyb3d8bbwe "AppStubCS.Windows_2021.21120.8011.0_language-tr.appx": Microsoft.Windows.Photos_2021.21120.8011.0_neutral_split.language-tr_8wekyb3d8bbwe "AppStubCS.Windows_2021.21120.8011.0_language-uk.appx": Microsoft.Windows.Photos_2021.21120.8011.0_neutral_split.language-uk_8wekyb3d8bbwe "AppStubCS.Windows_2021.21120.8011.0_language-uz-latn.appx": Microsoft.Windows.Photos_2021.21120.8011.0_neutral_split.language-uz-latn_8wekyb3d8bbwe "AppStubCS.Windows_2021.21120.8011.0_language-vi.appx": Microsoft.Windows.Photos_2021.21120.8011.0_neutral_split.language-vi_8wekyb3d8bbwe "AppStubCS.Windows_2021.21120.8011.0_language-zh-hans.appx": Microsoft.Windows.Photos_2021.21120.8011.0_neutral_split.language-zh-hans_8wekyb3d8bbwe "AppStubCS.Windows_2021.21120.8011.0_language-zh-hant.appx": Microsoft.Windows.Photos_2021.21120.8011.0_neutral_split.language-zh-hant_8wekyb3d8bbwe "AppStubCS.Windows_2021.21120.8011.0_scale-100.appx": Microsoft.Windows.Photos_2021.21120.8011.0_neutral_split.scale-100_8wekyb3d8bbwe "AppStubCS.Windows_2021.21120.8011.0_scale-125.appx": Microsoft.Windows.Photos_2021.21120.8011.0_neutral_split.scale-125_8wekyb3d8bbwe "AppStubCS.Windows_2021.21120.8011.0_scale-150.appx": Microsoft.Windows.Photos_2021.21120.8011.0_neutral_split.scale-150_8wekyb3d8bbwe "AppStubCS.Windows_2021.21120.8011.0_scale-400.appx": Microsoft.Windows.Photos_2021.21120.8011.0_neutral_split.scale-400_8wekyb3d8bbwe</Data>
</EventData>
</Event>

<Event xmlns="http://schemas.microsoft.com/win/2004/08/events/event"><System><Provider Name="Microsoft-Windows-AppXDeployment-Server" Guid="{3f471139-acb7-4a01-b7a7-ff5da4ba2d43}"></Provider>
<EventID Qualifiers="">854</EventID>
<Version>0</Version>
<Level>4</Level>
<Task>3</Task>
<Opcode>0</Opcode>
<Keywords>0x4000000000000001</Keywords>
<TimeCreated SystemTime="2022-05-07 01:20:10.344721"></TimeCreated>
<EventRecordID>422</EventRecordID>
<Correlation ActivityID="{824d2842-61b0-0001-a22c-4d82b061d801}" RelatedActivityID=""></Correlation>
<Execution ProcessID="3236" ThreadID="4736"></Execution>
<Channel>Microsoft-Windows-AppXDeploymentServer/Operational</Channel>
<Computer>WIN-GE1PLB8KFNS</Computer>
<Security UserID="S-1-5-18"></Security>
</System>
<EventData><Data Name="Path"> C:\Program Files\WindowsApps\microsoft.windows.photos_2021.21120.8011.0_neutral_~_8wekyb3d8bbwe\AppxMetadata\AppxBundleManifest.xml C:\Program Files\WindowsApps\Microsoft.Windows.Photos_2021.21120.8011.0_x64__8wekyb3d8bbwe\AppxManifest.xml C:\Program Files\WindowsApps\Microsoft.Windows.Photos_2021.21120.8011.0_neutral_split.scale-100_8wekyb3d8bbwe\AppxManifest.xml C:\Program Files\WindowsApps\Microsoft.Windows.Photos_2021.21120.8011.0_neutral_split.scale-125_8wekyb3d8bbwe\AppxManifest.xml</Data>
</EventData>
</Event>

<Event xmlns="http://schemas.microsoft.com/win/2004/08/events/event"><System><Provider Name="Microsoft-Windows-AppXDeployment-Server" Guid="{3f471139-acb7-4a01-b7a7-ff5da4ba2d43}"></Provider>
<EventID Qualifiers="">8105</EventID>
<Version>0</Version>
<Level>5</Level>
<Task>49</Task>
<Opcode>0</Opcode>
<Keywords>0x4000000000000001</Keywords>
<TimeCreated SystemTime="2022-05-07 01:20:10.457346"></TimeCreated>
<EventRecordID>423</EventRecordID>
<Correlation ActivityID="{824d2842-61b0-0003-1534-4d82b061d801}" RelatedActivityID=""></Correlation>
<Execution ProcessID="3236" ThreadID="3012"></Execution>
<Channel>Microsoft-Windows-AppXDeploymentServer/Operational</Channel>
<Computer>WIN-GE1PLB8KFNS</Computer>
<Security UserID="S-1-5-18"></Security>
</System>
<EventData><Data Name="PackageFullName">Microsoft.WebpImageExtension_1.0.42351.0_x64__8wekyb3d8bbwe</Data>
<Data Name="NumberOfFiles">4</Data>
</EventData>
</Event>

<Event xmlns="http://schemas.microsoft.com/win/2004/08/events/event"><System><Provider Name="Microsoft-Windows-AppXDeployment-Server" Guid="{3f471139-acb7-4a01-b7a7-ff5da4ba2d43}"></Provider>
<EventID Qualifiers="">8101</EventID>
<Version>0</Version>
<Level>5</Level>
<Task>49</Task>
<Opcode>0</Opcode>
<Keywords>0x4000000000000001</Keywords>
<TimeCreated SystemTime="2022-05-07 01:20:10.457851"></TimeCreated>
<EventRecordID>424</EventRecordID>
<Correlation ActivityID="{824d2842-61b0-0003-1534-4d82b061d801}" RelatedActivityID=""></Correlation>
<Execution ProcessID="3236" ThreadID="3012"></Execution>
<Channel>Microsoft-Windows-AppXDeploymentServer/Operational</Channel>
<Computer>WIN-GE1PLB8KFNS</Computer>
<Security UserID="S-1-5-18"></Security>
</System>
<EventData><Data Name="PackageFullName">Microsoft.WebpImageExtension_1.0.42351.0_x64__8wekyb3d8bbwe</Data>
<Data Name="Flags">0x00000620</Data>
</EventData>
</Event>

<Event xmlns="http://schemas.microsoft.com/win/2004/08/events/event"><System><Provider Name="Microsoft-Windows-AppXDeployment-Server" Guid="{3f471139-acb7-4a01-b7a7-ff5da4ba2d43}"></Provider>
<EventID Qualifiers="">8100</EventID>
<Version>0</Version>
<Level>5</Level>
<Task>49</Task>
<Opcode>0</Opcode>
<Keywords>0x4000000000000001</Keywords>
<TimeCreated SystemTime="2022-05-07 01:20:10.943979"></TimeCreated>
<EventRecordID>425</EventRecordID>
<Correlation ActivityID="{824d2842-61b0-0001-a22c-4d82b061d801}" RelatedActivityID=""></Correlation>
<Execution ProcessID="3236" ThreadID="4736"></Execution>
<Channel>Microsoft-Windows-AppXDeploymentServer/Operational</Channel>
<Computer>WIN-GE1PLB8KFNS</Computer>
<Security UserID="S-1-5-18"></Security>
</System>
<EventData><Data Name="PackageFullName">Microsoft.Windows.Photos_2021.21120.8011.0_neutral_~_8wekyb3d8bbwe</Data>
<Data Name="Flags">0x00000620</Data>
</EventData>
</Event>

<Event xmlns="http://schemas.microsoft.com/win/2004/08/events/event"><System><Provider Name="Microsoft-Windows-AppXDeployment-Server" Guid="{3f471139-acb7-4a01-b7a7-ff5da4ba2d43}"></Provider>
<EventID Qualifiers="">8100</EventID>
<Version>0</Version>
<Level>5</Level>
<Task>49</Task>
<Opcode>0</Opcode>
<Keywords>0x4000000000000001</Keywords>
<TimeCreated SystemTime="2022-05-07 01:20:10.949894"></TimeCreated>
<EventRecordID>426</EventRecordID>
<Correlation ActivityID="{824d2842-61b0-0001-a22c-4d82b061d801}" RelatedActivityID=""></Correlation>
<Execution ProcessID="3236" ThreadID="4736"></Execution>
<Channel>Microsoft-Windows-AppXDeploymentServer/Operational</Channel>
<Computer>WIN-GE1PLB8KFNS</Computer>
<Security UserID="S-1-5-18"></Security>
</System>
<EventData><Data Name="PackageFullName">Microsoft.Windows.Photos_2021.21120.8011.0_x64__8wekyb3d8bbwe</Data>
<Data Name="Flags">0x00000620</Data>
</EventData>
</Event>

<Event xmlns="http://schemas.microsoft.com/win/2004/08/events/event"><System><Provider Name="Microsoft-Windows-AppXDeployment-Server" Guid="{3f471139-acb7-4a01-b7a7-ff5da4ba2d43}"></Provider>
<EventID Qualifiers="">8100</EventID>
<Version>0</Version>
<Level>5</Level>
<Task>49</Task>
<Opcode>0</Opcode>
<Keywords>0x4000000000000001</Keywords>
<TimeCreated SystemTime="2022-05-07 01:20:10.954020"></TimeCreated>
<EventRecordID>427</EventRecordID>
<Correlation ActivityID="{824d2842-61b0-0001-a22c-4d82b061d801}" RelatedActivityID=""></Correlation>
<Execution ProcessID="3236" ThreadID="4736"></Execution>
<Channel>Microsoft-Windows-AppXDeploymentServer/Operational</Channel>
<Computer>WIN-GE1PLB8KFNS</Computer>
<Security UserID="S-1-5-18"></Security>
</System>
<EventData><Data Name="PackageFullName">Microsoft.Windows.Photos_2021.21120.8011.0_neutral_split.scale-100_8wekyb3d8bbwe</Data>
<Data Name="Flags">0x00000620</Data>
</EventData>
</Event>

<Event xmlns="http://schemas.microsoft.com/win/2004/08/events/event"><System><Provider Name="Microsoft-Windows-AppXDeployment-Server" Guid="{3f471139-acb7-4a01-b7a7-ff5da4ba2d43}"></Provider>
<EventID Qualifiers="">8100</EventID>
<Version>0</Version>
<Level>5</Level>
<Task>49</Task>
<Opcode>0</Opcode>
<Keywords>0x4000000000000001</Keywords>
<TimeCreated SystemTime="2022-05-07 01:20:10.958330"></TimeCreated>
<EventRecordID>428</EventRecordID>
<Correlation ActivityID="{824d2842-61b0-0001-a22c-4d82b061d801}" RelatedActivityID=""></Correlation>
<Execution ProcessID="3236" ThreadID="4736"></Execution>
<Channel>Microsoft-Windows-AppXDeploymentServer/Operational</Channel>
<Computer>WIN-GE1PLB8KFNS</Computer>
<Security UserID="S-1-5-18"></Security>
</System>
<EventData><Data Name="PackageFullName">Microsoft.Windows.Photos_2021.21120.8011.0_neutral_split.scale-125_8wekyb3d8bbwe</Data>
<Data Name="Flags">0x00000620</Data>
</EventData>
</Event>

<Event xmlns="http://schemas.microsoft.com/win/2004/08/events/event"><System><Provider Name="Microsoft-Windows-AppXDeployment-Server" Guid="{3f471139-acb7-4a01-b7a7-ff5da4ba2d43}"></Provider>
<EventID Qualifiers="">8106</EventID>
<Version>0</Version>
<Level>5</Level>
<Task>49</Task>
<Opcode>0</Opcode>
<Keywords>0x4000000000000001</Keywords>
<TimeCreated SystemTime="2022-05-07 01:20:10.962202"></TimeCreated>
<EventRecordID>429</EventRecordID>
<Correlation ActivityID="{824d2842-61b0-0001-a22c-4d82b061d801}" RelatedActivityID=""></Correlation>
<Execution ProcessID="3236" ThreadID="4012"></Execution>
<Channel>Microsoft-Windows-AppXDeploymentServer/Operational</Channel>
<Computer>WIN-GE1PLB8KFNS</Computer>
<Security UserID="S-1-5-18"></Security>
</System>
<EventData><Data Name="PackageFullName">Microsoft.Windows.Photos_2021.21120.8011.0_neutral_split.scale-125_8wekyb3d8bbwe</Data>
<Data Name="Flags">0x00000620</Data>
</EventData>
</Event>

<Event xmlns="http://schemas.microsoft.com/win/2004/08/events/event"><System><Provider Name="Microsoft-Windows-AppXDeployment-Server" Guid="{3f471139-acb7-4a01-b7a7-ff5da4ba2d43}"></Provider>
<EventID Qualifiers="">8101</EventID>
<Version>0</Version>
<Level>5</Level>
<Task>49</Task>
<Opcode>0</Opcode>
<Keywords>0x4000000000000001</Keywords>
<TimeCreated SystemTime="2022-05-07 01:20:10.962221"></TimeCreated>
<EventRecordID>430</EventRecordID>
<Correlation ActivityID="{824d2842-61b0-0001-a22c-4d82b061d801}" RelatedActivityID=""></Correlation>
<Execution ProcessID="3236" ThreadID="4012"></Execution>
<Channel>Microsoft-Windows-AppXDeploymentServer/Operational</Channel>
<Computer>WIN-GE1PLB8KFNS</Computer>
<Security UserID="S-1-5-18"></Security>
</System>
<EventData><Data Name="PackageFullName">Microsoft.Windows.Photos_2021.21120.8011.0_neutral_split.scale-125_8wekyb3d8bbwe</Data>
<Data Name="Flags">0x00000620</Data>
</EventData>
</Event>

<Event xmlns="http://schemas.microsoft.com/win/2004/08/events/event"><System><Provider Name="Microsoft-Windows-AppXDeployment-Server" Guid="{3f471139-acb7-4a01-b7a7-ff5da4ba2d43}"></Provider>
<EventID Qualifiers="">8105</EventID>
<Version>0</Version>
<Level>5</Level>
<Task>49</Task>
<Opcode>0</Opcode>
<Keywords>0x4000000000000001</Keywords>
<TimeCreated SystemTime="2022-05-07 01:20:11.001871"></TimeCreated>
<EventRecordID>431</EventRecordID>
<Correlation ActivityID="{824d2842-61b0-0001-a22c-4d82b061d801}" RelatedActivityID=""></Correlation>
<Execution ProcessID="3236" ThreadID="4704"></Execution>
<Channel>Microsoft-Windows-AppXDeploymentServer/Operational</Channel>
<Computer>WIN-GE1PLB8KFNS</Computer>
<Security UserID="S-1-5-18"></Security>
</System>
<EventData><Data Name="PackageFullName">Microsoft.Windows.Photos_2021.21120.8011.0_neutral_~_8wekyb3d8bbwe</Data>
<Data Name="NumberOfFiles">1</Data>
</EventData>
</Event>

<Event xmlns="http://schemas.microsoft.com/win/2004/08/events/event"><System><Provider Name="Microsoft-Windows-AppXDeployment-Server" Guid="{3f471139-acb7-4a01-b7a7-ff5da4ba2d43}"></Provider>
<EventID Qualifiers="">8101</EventID>
<Version>0</Version>
<Level>5</Level>
<Task>49</Task>
<Opcode>0</Opcode>
<Keywords>0x4000000000000001</Keywords>
<TimeCreated SystemTime="2022-05-07 01:20:11.001938"></TimeCreated>
<EventRecordID>432</EventRecordID>
<Correlation ActivityID="{824d2842-61b0-0001-a22c-4d82b061d801}" RelatedActivityID=""></Correlation>
<Execution ProcessID="3236" ThreadID="4704"></Execution>
<Channel>Microsoft-Windows-AppXDeploymentServer/Operational</Channel>
<Computer>WIN-GE1PLB8KFNS</Computer>
<Security UserID="S-1-5-18"></Security>
</System>
<EventData><Data Name="PackageFullName">Microsoft.Windows.Photos_2021.21120.8011.0_neutral_~_8wekyb3d8bbwe</Data>
<Data Name="Flags">0x00000620</Data>
</EventData>
</Event>

<Event xmlns="http://schemas.microsoft.com/win/2004/08/events/event"><System><Provider Name="Microsoft-Windows-AppXDeployment-Server" Guid="{3f471139-acb7-4a01-b7a7-ff5da4ba2d43}"></Provider>
<EventID Qualifiers="">8105</EventID>
<Version>0</Version>
<Level>5</Level>
<Task>49</Task>
<Opcode>0</Opcode>
<Keywords>0x4000000000000001</Keywords>
<TimeCreated SystemTime="2022-05-07 01:20:11.158569"></TimeCreated>
<EventRecordID>433</EventRecordID>
<Correlation ActivityID="{824d2842-61b0-0001-a22c-4d82b061d801}" RelatedActivityID=""></Correlation>
<Execution ProcessID="3236" ThreadID="4040"></Execution>
<Channel>Microsoft-Windows-AppXDeploymentServer/Operational</Channel>
<Computer>WIN-GE1PLB8KFNS</Computer>
<Security UserID="S-1-5-18"></Security>
</System>
<EventData><Data Name="PackageFullName">Microsoft.Windows.Photos_2021.21120.8011.0_neutral_split.scale-100_8wekyb3d8bbwe</Data>
<Data Name="NumberOfFiles">46</Data>
</EventData>
</Event>

<Event xmlns="http://schemas.microsoft.com/win/2004/08/events/event"><System><Provider Name="Microsoft-Windows-AppXDeployment-Server" Guid="{3f471139-acb7-4a01-b7a7-ff5da4ba2d43}"></Provider>
<EventID Qualifiers="">8101</EventID>
<Version>0</Version>
<Level>5</Level>
<Task>49</Task>
<Opcode>0</Opcode>
<Keywords>0x4000000000000001</Keywords>
<TimeCreated SystemTime="2022-05-07 01:20:11.158716"></TimeCreated>
<EventRecordID>434</EventRecordID>
<Correlation ActivityID="{824d2842-61b0-0001-a22c-4d82b061d801}" RelatedActivityID=""></Correlation>
<Execution ProcessID="3236" ThreadID="4040"></Execution>
<Channel>Microsoft-Windows-AppXDeploymentServer/Operational</Channel>
<Computer>WIN-GE1PLB8KFNS</Computer>
<Security UserID="S-1-5-18"></Security>
</System>
<EventData><Data Name="PackageFullName">Microsoft.Windows.Photos_2021.21120.8011.0_neutral_split.scale-100_8wekyb3d8bbwe</Data>
<Data Name="Flags">0x00000620</Data>
</EventData>
</Event>

<Event xmlns="http://schemas.microsoft.com/win/2004/08/events/event"><System><Provider Name="Microsoft-Windows-AppXDeployment-Server" Guid="{3f471139-acb7-4a01-b7a7-ff5da4ba2d43}"></Provider>
<EventID Qualifiers="">400</EventID>
<Version>0</Version>
<Level>4</Level>
<Task>3</Task>
<Opcode>2</Opcode>
<Keywords>0x4000000000000001</Keywords>
<TimeCreated SystemTime="2022-05-07 01:20:11.474909"></TimeCreated>
<EventRecordID>435</EventRecordID>
<Correlation ActivityID="{824d2842-61b0-0001-a22c-4d82b061d801}" RelatedActivityID=""></Correlation>
<Execution ProcessID="3236" ThreadID="4736"></Execution>
<Channel>Microsoft-Windows-AppXDeploymentServer/Operational</Channel>
<Computer>WIN-GE1PLB8KFNS</Computer>
<Security UserID="S-1-5-18"></Security>
</System>
<EventData><Data Name="DeploymentOperation">12</Data>
<Data Name="PackageFullName">microsoft.windows.photos_2021.21120.8011.0_neutral_~_8wekyb3d8bbwe</Data>
<Data Name="Path"> </Data>
<Data Name="MountPoint">C:</Data>
<Data Name="TargetPlatform">0x00000003</Data>
<Data Name="SystemVolume">True</Data>
<Data Name="StorageId">\\?\Volume{bf27b24f-9e98-4395-9110-325985ded282}</Data>
<Data Name="IsCentennial">False</Data>
<Data Name="PackageType">0x00000008</Data>
<Data Name="IsPackageEncrypted">False</Data>
<Data Name="DeploymentOptions">0x0000000010020020</Data>
<Data Name="IsStreamingPackage">False</Data>
<Data Name="IsInRelatedSet">False</Data>
<Data Name="IsPackageUsingBDC">False</Data>
<Data Name="MainPackageFamilyName">NULL</Data>
<Data Name="CallingProcess"></Data>
<Data Name="IsOptional">False</Data>
<Data Name="PackageFlags">0x00000000</Data>
<Data Name="PackageFlags2">0x00000800</Data>
<Data Name="HasWin32alacarte">False</Data>
<Data Name="HasFullTrust">False</Data>
<Data Name="ExternalLocation"></Data>
<Data Name="PackageSourceUri"></Data>
<Data Name="PackageDisplayName"> </Data>
</EventData>
</Event>

<Event xmlns="http://schemas.microsoft.com/win/2004/08/events/event"><System><Provider Name="Microsoft-Windows-AppXDeployment-Server" Guid="{3f471139-acb7-4a01-b7a7-ff5da4ba2d43}"></Provider>
<EventID Qualifiers="">478</EventID>
<Version>0</Version>
<Level>5</Level>
<Task>3</Task>
<Opcode>0</Opcode>
<Keywords>0x4000000000000001</Keywords>
<TimeCreated SystemTime="2022-05-07 01:20:11.478107"></TimeCreated>
<EventRecordID>436</EventRecordID>
<Correlation ActivityID="{824d2842-61b0-0001-a22c-4d82b061d801}" RelatedActivityID=""></Correlation>
<Execution ProcessID="3236" ThreadID="4736"></Execution>
<Channel>Microsoft-Windows-AppXDeploymentServer/Operational</Channel>
<Computer>WIN-GE1PLB8KFNS</Computer>
<Security UserID="S-1-5-18"></Security>
</System>
<EventData><Data Name="DeploymentOperation">12</Data>
<Data Name="PackageFullName">Microsoft.Windows.Photos_2021.21120.8011.0_x64__8wekyb3d8bbwe</Data>
<Data Name="Path"> </Data>
<Data Name="MountPoint">C:</Data>
<Data Name="TargetPlatform">0x00000003</Data>
<Data Name="SystemVolume">True</Data>
<Data Name="StorageId">\\?\Volume{bf27b24f-9e98-4395-9110-325985ded282}</Data>
<Data Name="IsCentennial">True</Data>
<Data Name="PackageType">0x00000001</Data>
<Data Name="IsPackageEncrypted">False</Data>
<Data Name="DeploymentOptions">0x0000000010020020</Data>
<Data Name="IsStreamingPackage">False</Data>
<Data Name="IsInRelatedSet">False</Data>
<Data Name="IsPackageUsingBDC">False</Data>
<Data Name="MainPackageFamilyName">NULL</Data>
<Data Name="CallingProcess"></Data>
<Data Name="IsOptional">False</Data>
<Data Name="PackageFlags">0x0080004c</Data>
<Data Name="PackageFlags2">0x00000800</Data>
<Data Name="HasWin32alacarte">False</Data>
<Data Name="HasFullTrust">True</Data>
<Data Name="ExternalLocation"></Data>
<Data Name="PackageSourceUri"></Data>
<Data Name="PackageDisplayName">ms-resource:AppStoreName</Data>
</EventData>
</Event>

<Event xmlns="http://schemas.microsoft.com/win/2004/08/events/event"><System><Provider Name="Microsoft-Windows-AppXDeployment-Server" Guid="{3f471139-acb7-4a01-b7a7-ff5da4ba2d43}"></Provider>
<EventID Qualifiers="">635</EventID>
<Version>0</Version>
<Level>4</Level>
<Task>3</Task>
<Opcode>0</Opcode>
<Keywords>0x4000000000000001</Keywords>
<TimeCreated SystemTime="2022-05-07 01:20:11.551708"></TimeCreated>
<EventRecordID>437</EventRecordID>
<Correlation ActivityID="{824d2842-61b0-0001-a22c-4d82b061d801}" RelatedActivityID=""></Correlation>
<Execution ProcessID="3236" ThreadID="3268"></Execution>
<Channel>Microsoft-Windows-AppXDeploymentServer/Operational</Channel>
<Computer>WIN-GE1PLB8KFNS</Computer>
<Security UserID="S-1-5-18"></Security>
</System>
<EventData><Data Name="PackageFullName">microsoft.windows.photos_2021.21120.8011.0_neutral_~_8wekyb3d8bbwe</Data>
<Data Name="Flags">1</Data>
<Data Name="HResult">0x00000000</Data>
</EventData>
</Event>

<Event xmlns="http://schemas.microsoft.com/win/2004/08/events/event"><System><Provider Name="Microsoft-Windows-AppXDeployment-Server" Guid="{3f471139-acb7-4a01-b7a7-ff5da4ba2d43}"></Provider>
<EventID Qualifiers="">633</EventID>
<Version>0</Version>
<Level>4</Level>
<Task>3</Task>
<Opcode>0</Opcode>
<Keywords>0x4000000000000001</Keywords>
<TimeCreated SystemTime="2022-05-07 01:20:11.552258"></TimeCreated>
<EventRecordID>438</EventRecordID>
<Correlation ActivityID="{824d2842-61b0-0001-a52c-4d82b061d801}" RelatedActivityID=""></Correlation>
<Execution ProcessID="3236" ThreadID="3268"></Execution>
<Channel>Microsoft-Windows-AppXDeploymentServer/Operational</Channel>
<Computer>WIN-GE1PLB8KFNS</Computer>
<Security UserID="S-1-5-18"></Security>
</System>
<EventData><Data Name="PackageFullName">microsoft.windowscalculator_2020.2012.21.0_neutral_~_8wekyb3d8bbwe</Data>
<Data Name="IsInstalled">False</Data>
</EventData>
</Event>

<Event xmlns="http://schemas.microsoft.com/win/2004/08/events/event"><System><Provider Name="Microsoft-Windows-AppXDeployment-Server" Guid="{3f471139-acb7-4a01-b7a7-ff5da4ba2d43}"></Provider>
<EventID Qualifiers="">607</EventID>
<Version>0</Version>
<Level>4</Level>
<Task>0</Task>
<Opcode>0</Opcode>
<Keywords>0x4000000000000001</Keywords>
<TimeCreated SystemTime="2022-05-07 01:20:11.553080"></TimeCreated>
<EventRecordID>439</EventRecordID>
<Correlation ActivityID="{824d2842-61b0-0001-a52c-4d82b061d801}" RelatedActivityID=""></Correlation>
<Execution ProcessID="3236" ThreadID="4736"></Execution>
<Channel>Microsoft-Windows-AppXDeploymentServer/Operational</Channel>
<Computer>WIN-GE1PLB8KFNS</Computer>
<Security UserID="S-1-5-18"></Security>
</System>
<EventData><Data Name="DeploymentOperation">12</Data>
<Data Name="PackageFullName">microsoft.windowscalculator_2020.2012.21.0_neutral_~_8wekyb3d8bbwe</Data>
<Data Name="UserSid">S-1-5-18</Data>
<Data Name="CallingProcess">NULL</Data>
</EventData>
</Event>

<Event xmlns="http://schemas.microsoft.com/win/2004/08/events/event"><System><Provider Name="Microsoft-Windows-AppXDeployment-Server" Guid="{3f471139-acb7-4a01-b7a7-ff5da4ba2d43}"></Provider>
<EventID Qualifiers="">614</EventID>
<Version>0</Version>
<Level>5</Level>
<Task>3</Task>
<Opcode>0</Opcode>
<Keywords>0x4000000000000001</Keywords>
<TimeCreated SystemTime="2022-05-07 01:20:11.610819"></TimeCreated>
<EventRecordID>440</EventRecordID>
<Correlation ActivityID="{824d2842-61b0-0001-a52c-4d82b061d801}" RelatedActivityID=""></Correlation>
<Execution ProcessID="3236" ThreadID="4736"></Execution>
<Channel>Microsoft-Windows-AppXDeploymentServer/Operational</Channel>
<Computer>WIN-GE1PLB8KFNS</Computer>
<Security UserID="S-1-5-18"></Security>
</System>
<EventData><Data Name="PathOne">C:\Program Files\WindowsApps\microsoft.windowscalculator_2020.2012.21.0_neutral_~_8wekyb3d8bbwe\AppxMetadata\AppxBundleManifest.xml</Data>
<Data Name="PathTwo">"Calculator_10.2012.21.0_ARM.appx": Microsoft.WindowsCalculator_10.2012.21.0_arm__8wekyb3d8bbwe "Calculator_10.2012.21.0_language-af.appx": Microsoft.WindowsCalculator_10.2012.21.0_neutral_split.language-af_8wekyb3d8bbwe "Calculator_10.2012.21.0_language-am.appx": Microsoft.WindowsCalculator_10.2012.21.0_neutral_split.language-am_8wekyb3d8bbwe "Calculator_10.2012.21.0_language-az-latn.appx": Microsoft.WindowsCalculator_10.2012.21.0_neutral_split.language-az-latn_8wekyb3d8bbwe "Calculator_10.2012.21.0_language-bg.appx": Microsoft.WindowsCalculator_10.2012.21.0_neutral_split.language-bg_8wekyb3d8bbwe "Calculator_10.2012.21.0_language-ca.appx": Microsoft.WindowsCalculator_10.2012.21.0_neutral_split.language-ca_8wekyb3d8bbwe "Calculator_10.2012.21.0_language-ar.appx": Microsoft.WindowsCalculator_10.2012.21.0_neutral_split.language-ar_8wekyb3d8bbwe "Calculator_10.2012.21.0_x64.appx": Microsoft.WindowsCalculator_10.2012.21.0_x64__8wekyb3d8bbwe "Calculator_10.2012.21.0_language-cs.appx": Microsoft.WindowsCalculator_10.2012.21.0_neutral_split.language-cs_8wekyb3d8bbwe "Calculator_10.2012.21.0_language-da.appx": Microsoft.WindowsCalculator_10.2012.21.0_neutral_split.language-da_8wekyb3d8bbwe "Calculator_10.2012.21.0_language-de.appx": Microsoft.WindowsCalculator_10.2012.21.0_neutral_split.language-de_8wekyb3d8bbwe "Calculator_10.2012.21.0_language-et.appx": Microsoft.WindowsCalculator_10.2012.21.0_neutral_split.language-et_8wekyb3d8bbwe "Calculator_10.2012.21.0_language-es.appx": Microsoft.WindowsCalculator_10.2012.21.0_neutral_split.language-es_8wekyb3d8bbwe "Calculator_10.2012.21.0_language-el.appx": Microsoft.WindowsCalculator_10.2012.21.0_neutral_split.language-el_8wekyb3d8bbwe "Calculator_10.2012.21.0_language-eu.appx": Microsoft.WindowsCalculator_10.2012.21.0_neutral_split.language-eu_8wekyb3d8bbwe "Calculator_10.2012.21.0_language-fi.appx": Microsoft.WindowsCalculator_10.2012.21.0_neutral_split.language-fi_8wekyb3d8bbwe "Calculator_10.2012.21.0_language-fil-latn.appx": Microsoft.WindowsCalculator_10.2012.21.0_neutral_split.language-fil-latn_8wekyb3d8bbwe "Calculator_10.2012.21.0_language-fr.appx": Microsoft.WindowsCalculator_10.2012.21.0_neutral_split.language-fr_8wekyb3d8bbwe "Calculator_10.2012.21.0_language-gl.appx": Microsoft.WindowsCalculator_10.2012.21.0_neutral_split.language-gl_8wekyb3d8bbwe "Calculator_10.2012.21.0_language-he.appx": Microsoft.WindowsCalculator_10.2012.21.0_neutral_split.language-he_8wekyb3d8bbwe "Calculator_10.2012.21.0_language-hi.appx": Microsoft.WindowsCalculator_10.2012.21.0_neutral_split.language-hi_8wekyb3d8bbwe "Calculator_10.2012.21.0_language-hr.appx": Microsoft.WindowsCalculator_10.2012.21.0_neutral_split.language-hr_8wekyb3d8bbwe "Calculator_10.2012.21.0_language-hu.appx": Microsoft.WindowsCalculator_10.2012.21.0_neutral_split.language-hu_8wekyb3d8bbwe "Calculator_10.2012.21.0_language-is.appx": Microsoft.WindowsCalculator_10.2012.21.0_neutral_split.language-is_8wekyb3d8bbwe "Calculator_10.2012.21.0_language-id.appx": Microsoft.WindowsCalculator_10.2012.21.0_neutral_split.language-id_8wekyb3d8bbwe "Calculator_10.2012.21.0_language-fa.appx": Microsoft.WindowsCalculator_10.2012.21.0_neutral_split.language-fa_8wekyb3d8bbwe "Calculator_10.2012.21.0_language-it.appx": Microsoft.WindowsCalculator_10.2012.21.0_neutral_split.language-it_8wekyb3d8bbwe "Calculator_10.2012.21.0_language-ja.appx": Microsoft.WindowsCalculator_10.2012.21.0_neutral_split.language-ja_8wekyb3d8bbwe "Calculator_10.2012.21.0_language-kn.appx": Microsoft.WindowsCalculator_10.2012.21.0_neutral_split.language-kn_8wekyb3d8bbwe "Calculator_10.2012.21.0_language-ko.appx": Microsoft.WindowsCalculator_10.2012.21.0_neutral_split.language-ko_8wekyb3d8bbwe "Calculator_10.2012.21.0_language-lo.appx": Microsoft.WindowsCalculator_10.2012.21.0_neutral_split.language-lo_8wekyb3d8bbwe "Calculator_10.2012.21.0_language-kk.appx": Microsoft.WindowsCalculator_10.2012.21.0_neutral_split.language-kk_8wekyb3d8bbwe "Calculator_10.2012.21.0_language-lt.appx": Microsoft.WindowsCalculator_10.2012.21.0_neutral_split.language-lt_8wekyb3d8bbwe "Calculator_10.2012.21.0_language-lv.appx": Microsoft.WindowsCalculator_10.2012.21.0_neutral_split.language-lv_8wekyb3d8bbwe "Calculator_10.2012.21.0_language-mk.appx": Microsoft.WindowsCalculator_10.2012.21.0_neutral_split.language-mk_8wekyb3d8bbwe "Calculator_10.2012.21.0_language-km.appx": Microsoft.WindowsCalculator_10.2012.21.0_neutral_split.language-km_8wekyb3d8bbwe "Calculator_10.2012.21.0_language-ml.appx": Microsoft.WindowsCalculator_10.2012.21.0_neutral_split.language-ml_8wekyb3d8bbwe "Calculator_10.2012.21.0_language-ms.appx": Microsoft.WindowsCalculator_10.2012.21.0_neutral_split.language-ms_8wekyb3d8bbwe "Calculator_10.2012.21.0_language-nb.appx": Microsoft.WindowsCalculator_10.2012.21.0_neutral_split.language-nb_8wekyb3d8bbwe "Calculator_10.2012.21.0_language-nl.appx": Microsoft.WindowsCalculator_10.2012.21.0_neutral_split.language-nl_8wekyb3d8bbwe "Calculator_10.2012.21.0_language-pl.appx": Microsoft.WindowsCalculator_10.2012.21.0_neutral_split.language-pl_8wekyb3d8bbwe "Calculator_10.2012.21.0_language-pt.appx": Microsoft.WindowsCalculator_10.2012.21.0_neutral_split.language-pt_8wekyb3d8bbwe "Calculator_10.2012.21.0_language-sk.appx": Microsoft.WindowsCalculator_10.2012.21.0_neutral_split.language-sk_8wekyb3d8bbwe "Calculator_10.2012.21.0_language-sq.appx": Microsoft.WindowsCalculator_10.2012.21.0_neutral_split.language-sq_8wekyb3d8bbwe "Calculator_10.2012.21.0_language-sl.appx": Microsoft.WindowsCalculator_10.2012.21.0_neutral_split.language-sl_8wekyb3d8bbwe "Calculator_10.2012.21.0_language-sr-latn.appx": Microsoft.WindowsCalculator_10.2012.21.0_neutral_split.language-sr-latn_8wekyb3d8bbwe "Calculator_10.2012.21.0_language-ru.appx": Microsoft.WindowsCalculator_10.2012.21.0_neutral_split.language-ru_8wekyb3d8bbwe "Calculator_10.2012.21.0_language-sv.appx": Microsoft.WindowsCalculator_10.2012.21.0_neutral_split.language-sv_8wekyb3d8bbwe "Calculator_10.2012.21.0_language-ro.appx": Microsoft.WindowsCalculator_10.2012.21.0_neutral_split.language-ro_8wekyb3d8bbwe "Calculator_10.2012.21.0_language-ta.appx": Microsoft.WindowsCalculator_10.2012.21.0_neutral_split.language-ta_8wekyb3d8bbwe "Calculator_10.2012.21.0_language-te.appx": Microsoft.WindowsCalculator_10.2012.21.0_neutral_split.language-te_8wekyb3d8bbwe "Calculator_10.2012.21.0_language-tr.appx": Microsoft.WindowsCalculator_10.2012.21.0_neutral_split.language-tr_8wekyb3d8bbwe "Calculator_10.2012.21.0_language-zh-hans.appx": Microsoft.WindowsCalculator_10.2012.21.0_neutral_split.language-zh-hans_8wekyb3d8bbwe "Calculator_10.2012.21.0_language-zh-hant.appx": Microsoft.WindowsCalculator_10.2012.21.0_neutral_split.language-zh-hant_8wekyb3d8bbwe "Calculator_10.2012.21.0_scale-100.appx": Microsoft.WindowsCalculator_10.2012.21.0_neutral_split.scale-100_8wekyb3d8bbwe "Calculator_10.2012.21.0_scale-125.appx": Microsoft.WindowsCalculator_10.2012.21.0_neutral_split.scale-125_8wekyb3d8bbwe "Calculator_10.2012.21.0_language-vi.appx": Microsoft.WindowsCalculator_10.2012.21.0_neutral_split.language-vi_8wekyb3d8bbwe "Calculator_10.2012.21.0_scale-150.appx": Microsoft.WindowsCalculator_10.2012.21.0_neutral_split.scale-150_8wekyb3d8bbwe "Calculator_10.2012.21.0_scale-400.appx": Microsoft.WindowsCalculator_10.2012.21.0_neutral_split.scale-400_8wekyb3d8bbwe "Calculator_10.2012.21.0_language-uk.appx": Microsoft.WindowsCalculator_10.2012.21.0_neutral_split.language-uk_8wekyb3d8bbwe "Calculator_10.2012.21.0_language-th.appx": Microsoft.WindowsCalculator_10.2012.21.0_neutral_split.language-th_8wekyb3d8bbwe "Calculator_10.2012.21.0_Win32.appx": Microsoft.WindowsCalculator_10.2012.21.0_x86__8wekyb3d8bbwe</Data>
</EventData>
</Event>

<Event xmlns="http://schemas.microsoft.com/win/2004/08/events/event"><System><Provider Name="Microsoft-Windows-AppXDeployment-Server" Guid="{3f471139-acb7-4a01-b7a7-ff5da4ba2d43}"></Provider>
<EventID Qualifiers="">854</EventID>
<Version>0</Version>
<Level>4</Level>
<Task>3</Task>
<Opcode>0</Opcode>
<Keywords>0x4000000000000001</Keywords>
<TimeCreated SystemTime="2022-05-07 01:20:11.621902"></TimeCreated>
<EventRecordID>441</EventRecordID>
<Correlation ActivityID="{824d2842-61b0-0001-a52c-4d82b061d801}" RelatedActivityID=""></Correlation>
<Execution ProcessID="3236" ThreadID="4736"></Execution>
<Channel>Microsoft-Windows-AppXDeploymentServer/Operational</Channel>
<Computer>WIN-GE1PLB8KFNS</Computer>
<Security UserID="S-1-5-18"></Security>
</System>
<EventData><Data Name="Path"> C:\Program Files\WindowsApps\microsoft.windowscalculator_2020.2012.21.0_neutral_~_8wekyb3d8bbwe\AppxMetadata\AppxBundleManifest.xml C:\Program Files\WindowsApps\Microsoft.WindowsCalculator_10.2012.21.0_x64__8wekyb3d8bbwe\AppxManifest.xml</Data>
</EventData>
</Event>

<Event xmlns="http://schemas.microsoft.com/win/2004/08/events/event"><System><Provider Name="Microsoft-Windows-AppXDeployment-Server" Guid="{3f471139-acb7-4a01-b7a7-ff5da4ba2d43}"></Provider>
<EventID Qualifiers="">8100</EventID>
<Version>0</Version>
<Level>5</Level>
<Task>49</Task>
<Opcode>0</Opcode>
<Keywords>0x4000000000000001</Keywords>
<TimeCreated SystemTime="2022-05-07 01:20:11.752781"></TimeCreated>
<EventRecordID>442</EventRecordID>
<Correlation ActivityID="{824d2842-61b0-0001-a52c-4d82b061d801}" RelatedActivityID=""></Correlation>
<Execution ProcessID="3236" ThreadID="4736"></Execution>
<Channel>Microsoft-Windows-AppXDeploymentServer/Operational</Channel>
<Computer>WIN-GE1PLB8KFNS</Computer>
<Security UserID="S-1-5-18"></Security>
</System>
<EventData><Data Name="PackageFullName">Microsoft.WindowsCalculator_2020.2012.21.0_neutral_~_8wekyb3d8bbwe</Data>
<Data Name="Flags">0x00000620</Data>
</EventData>
</Event>

<Event xmlns="http://schemas.microsoft.com/win/2004/08/events/event"><System><Provider Name="Microsoft-Windows-AppXDeployment-Server" Guid="{3f471139-acb7-4a01-b7a7-ff5da4ba2d43}"></Provider>
<EventID Qualifiers="">8100</EventID>
<Version>0</Version>
<Level>5</Level>
<Task>49</Task>
<Opcode>0</Opcode>
<Keywords>0x4000000000000001</Keywords>
<TimeCreated SystemTime="2022-05-07 01:20:11.757151"></TimeCreated>
<EventRecordID>443</EventRecordID>
<Correlation ActivityID="{824d2842-61b0-0001-a52c-4d82b061d801}" RelatedActivityID=""></Correlation>
<Execution ProcessID="3236" ThreadID="4736"></Execution>
<Channel>Microsoft-Windows-AppXDeploymentServer/Operational</Channel>
<Computer>WIN-GE1PLB8KFNS</Computer>
<Security UserID="S-1-5-18"></Security>
</System>
<EventData><Data Name="PackageFullName">Microsoft.WindowsCalculator_10.2012.21.0_x64__8wekyb3d8bbwe</Data>
<Data Name="Flags">0x00000620</Data>
</EventData>
</Event>

<Event xmlns="http://schemas.microsoft.com/win/2004/08/events/event"><System><Provider Name="Microsoft-Windows-AppXDeployment-Server" Guid="{3f471139-acb7-4a01-b7a7-ff5da4ba2d43}"></Provider>
<EventID Qualifiers="">8105</EventID>
<Version>0</Version>
<Level>5</Level>
<Task>49</Task>
<Opcode>0</Opcode>
<Keywords>0x4000000000000001</Keywords>
<TimeCreated SystemTime="2022-05-07 01:20:11.810795"></TimeCreated>
<EventRecordID>444</EventRecordID>
<Correlation ActivityID="{824d2842-61b0-0001-a52c-4d82b061d801}" RelatedActivityID=""></Correlation>
<Execution ProcessID="3236" ThreadID="4128"></Execution>
<Channel>Microsoft-Windows-AppXDeploymentServer/Operational</Channel>
<Computer>WIN-GE1PLB8KFNS</Computer>
<Security UserID="S-1-5-18"></Security>
</System>
<EventData><Data Name="PackageFullName">Microsoft.WindowsCalculator_2020.2012.21.0_neutral_~_8wekyb3d8bbwe</Data>
<Data Name="NumberOfFiles">1</Data>
</EventData>
</Event>

<Event xmlns="http://schemas.microsoft.com/win/2004/08/events/event"><System><Provider Name="Microsoft-Windows-AppXDeployment-Server" Guid="{3f471139-acb7-4a01-b7a7-ff5da4ba2d43}"></Provider>
<EventID Qualifiers="">8101</EventID>
<Version>0</Version>
<Level>5</Level>
<Task>49</Task>
<Opcode>0</Opcode>
<Keywords>0x4000000000000001</Keywords>
<TimeCreated SystemTime="2022-05-07 01:20:11.810831"></TimeCreated>
<EventRecordID>445</EventRecordID>
<Correlation ActivityID="{824d2842-61b0-0001-a52c-4d82b061d801}" RelatedActivityID=""></Correlation>
<Execution ProcessID="3236" ThreadID="4128"></Execution>
<Channel>Microsoft-Windows-AppXDeploymentServer/Operational</Channel>
<Computer>WIN-GE1PLB8KFNS</Computer>
<Security UserID="S-1-5-18"></Security>
</System>
<EventData><Data Name="PackageFullName">Microsoft.WindowsCalculator_2020.2012.21.0_neutral_~_8wekyb3d8bbwe</Data>
<Data Name="Flags">0x00000620</Data>
</EventData>
</Event>

