<?xml version="1.1" encoding="utf-8" standalone="yes" ?>

<Events>
<Event xmlns="http://schemas.microsoft.com/win/2004/08/events/event"><System><Provider Name="Microsoft-Windows-AppModel-Runtime" Guid="{f1ef270a-0d32-4352-ba52-dbab41e1d859}"></Provider>
<EventID Qualifiers="">27</EventID>
<Version>0</Version>
<Level>2</Level>
<Task>0</Task>
<Opcode>0</Opcode>
<Keywords>0x2000000000000002</Keywords>
<TimeCreated SystemTime="2022-05-07 01:19:36.612612"></TimeCreated>
<EventRecordID>1</EventRecordID>
<Correlation ActivityID="" RelatedActivityID=""></Correlation>
<Execution ProcessID="660" ThreadID="732"></Execution>
<Channel>Microsoft-Windows-AppModel-Runtime/Admin</Channel>
<Computer>WIN-GE1PLB8KFNS</Computer>
<Security UserID="S-1-5-18"></Security>
</System>
<EventData><Data Name="ErrorCode">2147942583</Data>
<Data Name="Context">C:\WINDOWS\system32\config\systemprofile\AppData\Local\Packages</Data>
</EventData>
</Event>

<Event xmlns="http://schemas.microsoft.com/win/2004/08/events/event"><System><Provider Name="Microsoft-Windows-AppModel-Runtime" Guid="{f1ef270a-0d32-4352-ba52-dbab41e1d859}"></Provider>
<EventID Qualifiers="">21</EventID>
<Version>0</Version>
<Level>2</Level>
<Task>0</Task>
<Opcode>0</Opcode>
<Keywords>0x2000400000000002</Keywords>
<TimeCreated SystemTime="2022-05-07 01:19:36.613546"></TimeCreated>
<EventRecordID>2</EventRecordID>
<Correlation ActivityID="" RelatedActivityID=""></Correlation>
<Execution ProcessID="660" ThreadID="732"></Execution>
<Channel>Microsoft-Windows-AppModel-Runtime/Admin</Channel>
<Computer>WIN-GE1PLB8KFNS</Computer>
<Security UserID="S-1-5-18"></Security>
</System>
<EventData><Data Name="ErrorCode">2147942410</Data>
<Data Name="Context">onecore\ds\security\gina\profile\profext\appcontainer.cpp Line:1390 S-1-5-18 microsoft.windows.fontdrvhost</Data>
</EventData>
</Event>

<Event xmlns="http://schemas.microsoft.com/win/2004/08/events/event"><System><Provider Name="Microsoft-Windows-AppModel-Runtime" Guid="{f1ef270a-0d32-4352-ba52-dbab41e1d859}"></Provider>
<EventID Qualifiers="">39</EventID>
<Version>0</Version>
<Level>4</Level>
<Task>0</Task>
<Opcode>0</Opcode>
<Keywords>0x2000000000000002</Keywords>
<TimeCreated SystemTime="2022-05-07 01:19:36.616634"></TimeCreated>
<EventRecordID>3</EventRecordID>
<Correlation ActivityID="" RelatedActivityID=""></Correlation>
<Execution ProcessID="588" ThreadID="708"></Execution>
<Channel>Microsoft-Windows-AppModel-Runtime/Admin</Channel>
<Computer>WIN-GE1PLB8KFNS</Computer>
<Security UserID="S-1-5-18"></Security>
</System>
<EventData><Data Name="AppContainerName">microsoft.windows.fontdrvhost</Data>
</EventData>
</Event>

<Event xmlns="http://schemas.microsoft.com/win/2004/08/events/event"><System><Provider Name="Microsoft-Windows-AppModel-Runtime" Guid="{f1ef270a-0d32-4352-ba52-dbab41e1d859}"></Provider>
<EventID Qualifiers="">39</EventID>
<Version>0</Version>
<Level>4</Level>
<Task>0</Task>
<Opcode>0</Opcode>
<Keywords>0x2000000000000002</Keywords>
<TimeCreated SystemTime="2022-05-07 01:19:53.197298"></TimeCreated>
<EventRecordID>4</EventRecordID>
<Correlation ActivityID="" RelatedActivityID=""></Correlation>
<Execution ProcessID="2776" ThreadID="752"></Execution>
<Channel>Microsoft-Windows-AppModel-Runtime/Admin</Channel>
<Computer>WIN-GE1PLB8KFNS</Computer>
<Security UserID="S-1-5-18"></Security>
</System>
<EventData><Data Name="AppContainerName">MPENG_7ECCF4E9-286B-47E1-950D-20767A3A6296</Data>
</EventData>
</Event>

<Event xmlns="http://schemas.microsoft.com/win/2004/08/events/event"><System><Provider Name="Microsoft-Windows-AppModel-Runtime" Guid="{f1ef270a-0d32-4352-ba52-dbab41e1d859}"></Provider>
<EventID Qualifiers="">41</EventID>
<Version>0</Version>
<Level>4</Level>
<Task>0</Task>
<Opcode>0</Opcode>
<Keywords>0x2000000000000002</Keywords>
<TimeCreated SystemTime="2022-05-07 01:19:53.200907"></TimeCreated>
<EventRecordID>5</EventRecordID>
<Correlation ActivityID="" RelatedActivityID=""></Correlation>
<Execution ProcessID="2776" ThreadID="752"></Execution>
<Channel>Microsoft-Windows-AppModel-Runtime/Admin</Channel>
<Computer>WIN-GE1PLB8KFNS</Computer>
<Security UserID="S-1-5-18"></Security>
</System>
<EventData><Data Name="AppContainerName">MPENG_7ECCF4E9-286B-47E1-950D-20767A3A6296</Data>
</EventData>
</Event>

<Event xmlns="http://schemas.microsoft.com/win/2004/08/events/event"><System><Provider Name="Microsoft-Windows-AppModel-Runtime" Guid="{f1ef270a-0d32-4352-ba52-dbab41e1d859}"></Provider>
<EventID Qualifiers="">36</EventID>
<Version>0</Version>
<Level>2</Level>
<Task>0</Task>
<Opcode>0</Opcode>
<Keywords>0x2000000000000002</Keywords>
<TimeCreated SystemTime="2022-05-07 01:20:45.899130"></TimeCreated>
<EventRecordID>6</EventRecordID>
<Correlation ActivityID="" RelatedActivityID=""></Correlation>
<Execution ProcessID="580" ThreadID="704"></Execution>
<Channel>Microsoft-Windows-AppModel-Runtime/Admin</Channel>
<Computer>DESKTOP-DBOP9M0</Computer>
<Security UserID="S-1-5-18"></Security>
</System>
<EventData><Data Name="ErrorCode">2147944122</Data>
</EventData>
</Event>

<Event xmlns="http://schemas.microsoft.com/win/2004/08/events/event"><System><Provider Name="Microsoft-Windows-AppModel-Runtime" Guid="{f1ef270a-0d32-4352-ba52-dbab41e1d859}"></Provider>
<EventID Qualifiers="">36</EventID>
<Version>0</Version>
<Level>2</Level>
<Task>0</Task>
<Opcode>0</Opcode>
<Keywords>0x2000000000000002</Keywords>
<TimeCreated SystemTime="2022-05-07 01:20:45.899147"></TimeCreated>
<EventRecordID>7</EventRecordID>
<Correlation ActivityID="" RelatedActivityID=""></Correlation>
<Execution ProcessID="652" ThreadID="728"></Execution>
<Channel>Microsoft-Windows-AppModel-Runtime/Admin</Channel>
<Computer>DESKTOP-DBOP9M0</Computer>
<Security UserID="S-1-5-18"></Security>
</System>
<EventData><Data Name="ErrorCode">2147944122</Data>
</EventData>
</Event>

<Event xmlns="http://schemas.microsoft.com/win/2004/08/events/event"><System><Provider Name="Microsoft-Windows-AppModel-Runtime" Guid="{f1ef270a-0d32-4352-ba52-dbab41e1d859}"></Provider>
<EventID Qualifiers="">21</EventID>
<Version>0</Version>
<Level>2</Level>
<Task>0</Task>
<Opcode>0</Opcode>
<Keywords>0x2000400000000002</Keywords>
<TimeCreated SystemTime="2022-05-07 01:20:45.900602"></TimeCreated>
<EventRecordID>8</EventRecordID>
<Correlation ActivityID="" RelatedActivityID=""></Correlation>
<Execution ProcessID="652" ThreadID="728"></Execution>
<Channel>Microsoft-Windows-AppModel-Runtime/Admin</Channel>
<Computer>DESKTOP-DBOP9M0</Computer>
<Security UserID="S-1-5-18"></Security>
</System>
<EventData><Data Name="ErrorCode">2147942410</Data>
<Data Name="Context">onecore\ds\security\gina\profile\profext\appcontainer.cpp Line:1862 Usermode Font Driver Host microsoft.windows.fontdrvhost</Data>
</EventData>
</Event>

<Event xmlns="http://schemas.microsoft.com/win/2004/08/events/event"><System><Provider Name="Microsoft-Windows-AppModel-Runtime" Guid="{f1ef270a-0d32-4352-ba52-dbab41e1d859}"></Provider>
<EventID Qualifiers="">39</EventID>
<Version>0</Version>
<Level>4</Level>
<Task>0</Task>
<Opcode>0</Opcode>
<Keywords>0x2000000000000002</Keywords>
<TimeCreated SystemTime="2022-05-07 01:20:45.907633"></TimeCreated>
<EventRecordID>9</EventRecordID>
<Correlation ActivityID="" RelatedActivityID=""></Correlation>
<Execution ProcessID="580" ThreadID="704"></Execution>
<Channel>Microsoft-Windows-AppModel-Runtime/Admin</Channel>
<Computer>DESKTOP-DBOP9M0</Computer>
<Security UserID="S-1-5-18"></Security>
</System>
<EventData><Data Name="AppContainerName">microsoft.windows.fontdrvhost</Data>
</EventData>
</Event>

<Event xmlns="http://schemas.microsoft.com/win/2004/08/events/event"><System><Provider Name="Microsoft-Windows-AppModel-Runtime" Guid="{f1ef270a-0d32-4352-ba52-dbab41e1d859}"></Provider>
<EventID Qualifiers="">39</EventID>
<Version>0</Version>
<Level>4</Level>
<Task>0</Task>
<Opcode>0</Opcode>
<Keywords>0x2000000000000002</Keywords>
<TimeCreated SystemTime="2022-05-06 15:21:00.001650"></TimeCreated>
<EventRecordID>10</EventRecordID>
<Correlation ActivityID="" RelatedActivityID=""></Correlation>
<Execution ProcessID="3188" ThreadID="3452"></Execution>
<Channel>Microsoft-Windows-AppModel-Runtime/Admin</Channel>
<Computer>DESKTOP-DBOP9M0</Computer>
<Security UserID="S-1-5-18"></Security>
</System>
<EventData><Data Name="AppContainerName">MPENG_7ECCF4E9-286B-47E1-950D-20767A3A6296</Data>
</EventData>
</Event>

<Event xmlns="http://schemas.microsoft.com/win/2004/08/events/event"><System><Provider Name="Microsoft-Windows-AppModel-Runtime" Guid="{f1ef270a-0d32-4352-ba52-dbab41e1d859}"></Provider>
<EventID Qualifiers="">41</EventID>
<Version>0</Version>
<Level>4</Level>
<Task>0</Task>
<Opcode>0</Opcode>
<Keywords>0x2000000000000002</Keywords>
<TimeCreated SystemTime="2022-05-06 15:21:00.006420"></TimeCreated>
<EventRecordID>11</EventRecordID>
<Correlation ActivityID="" RelatedActivityID=""></Correlation>
<Execution ProcessID="3188" ThreadID="3452"></Execution>
<Channel>Microsoft-Windows-AppModel-Runtime/Admin</Channel>
<Computer>DESKTOP-DBOP9M0</Computer>
<Security UserID="S-1-5-18"></Security>
</System>
<EventData><Data Name="AppContainerName">MPENG_7ECCF4E9-286B-47E1-950D-20767A3A6296</Data>
</EventData>
</Event>

<Event xmlns="http://schemas.microsoft.com/win/2004/08/events/event"><System><Provider Name="Microsoft-Windows-AppModel-Runtime" Guid="{f1ef270a-0d32-4352-ba52-dbab41e1d859}"></Provider>
<EventID Qualifiers="">39</EventID>
<Version>0</Version>
<Level>4</Level>
<Task>0</Task>
<Opcode>0</Opcode>
<Keywords>0x2000000000000002</Keywords>
<TimeCreated SystemTime="2022-05-06 15:21:07.619686"></TimeCreated>
<EventRecordID>12</EventRecordID>
<Correlation ActivityID="{ac38061f-61b0-0002-6308-38acb061d801}" RelatedActivityID=""></Correlation>
<Execution ProcessID="1548" ThreadID="4948"></Execution>
<Channel>Microsoft-Windows-AppModel-Runtime/Admin</Channel>
<Computer>DESKTOP-DBOP9M0</Computer>
<Security UserID="S-1-5-21-2389065719-3342106636-307857974-1000"></Security>
</System>
<EventData><Data Name="AppContainerName">Microsoft.UI.Xaml.CBS_8wekyb3d8bbwe</Data>
</EventData>
</Event>

<Event xmlns="http://schemas.microsoft.com/win/2004/08/events/event"><System><Provider Name="Microsoft-Windows-AppModel-Runtime" Guid="{f1ef270a-0d32-4352-ba52-dbab41e1d859}"></Provider>
<EventID Qualifiers="">39</EventID>
<Version>0</Version>
<Level>4</Level>
<Task>0</Task>
<Opcode>0</Opcode>
<Keywords>0x2000000000000002</Keywords>
<TimeCreated SystemTime="2022-05-06 15:21:07.673588"></TimeCreated>
<EventRecordID>13</EventRecordID>
<Correlation ActivityID="{ac38061f-61b0-0002-6308-38acb061d801}" RelatedActivityID=""></Correlation>
<Execution ProcessID="1548" ThreadID="4948"></Execution>
<Channel>Microsoft-Windows-AppModel-Runtime/Admin</Channel>
<Computer>DESKTOP-DBOP9M0</Computer>
<Security UserID="S-1-5-21-2389065719-3342106636-307857974-1000"></Security>
</System>
<EventData><Data Name="AppContainerName">Microsoft.VCLibs.140.00_8wekyb3d8bbwe</Data>
</EventData>
</Event>

<Event xmlns="http://schemas.microsoft.com/win/2004/08/events/event"><System><Provider Name="Microsoft-Windows-AppModel-Runtime" Guid="{f1ef270a-0d32-4352-ba52-dbab41e1d859}"></Provider>
<EventID Qualifiers="">40</EventID>
<Version>0</Version>
<Level>4</Level>
<Task>0</Task>
<Opcode>0</Opcode>
<Keywords>0x2000000000000002</Keywords>
<TimeCreated SystemTime="2022-05-06 15:21:07.697531"></TimeCreated>
<EventRecordID>14</EventRecordID>
<Correlation ActivityID="{ac38061f-61b0-0002-6308-38acb061d801}" RelatedActivityID=""></Correlation>
<Execution ProcessID="1548" ThreadID="4948"></Execution>
<Channel>Microsoft-Windows-AppModel-Runtime/Admin</Channel>
<Computer>DESKTOP-DBOP9M0</Computer>
<Security UserID="S-1-5-21-2389065719-3342106636-307857974-1000"></Security>
</System>
<EventData><Data Name="AppContainerName">onecore\ds\security\gina\profile\profext\appcontainer.cpp Line:1827 Microsoft Visual C++ 2015 UWP Runtime Package Microsoft.VCLibs.140.00_8wekyb3d8bbwe</Data>
</EventData>
</Event>

<Event xmlns="http://schemas.microsoft.com/win/2004/08/events/event"><System><Provider Name="Microsoft-Windows-AppModel-Runtime" Guid="{f1ef270a-0d32-4352-ba52-dbab41e1d859}"></Provider>
<EventID Qualifiers="">39</EventID>
<Version>0</Version>
<Level>4</Level>
<Task>0</Task>
<Opcode>0</Opcode>
<Keywords>0x2000000000000002</Keywords>
<TimeCreated SystemTime="2022-05-06 15:21:07.806759"></TimeCreated>
<EventRecordID>15</EventRecordID>
<Correlation ActivityID="{ac38061f-61b0-0002-6308-38acb061d801}" RelatedActivityID=""></Correlation>
<Execution ProcessID="1548" ThreadID="4948"></Execution>
<Channel>Microsoft-Windows-AppModel-Runtime/Admin</Channel>
<Computer>DESKTOP-DBOP9M0</Computer>
<Security UserID="S-1-5-21-2389065719-3342106636-307857974-1000"></Security>
</System>
<EventData><Data Name="AppContainerName">Microsoft.BioEnrollment_cw5n1h2txyewy</Data>
</EventData>
</Event>

<Event xmlns="http://schemas.microsoft.com/win/2004/08/events/event"><System><Provider Name="Microsoft-Windows-AppModel-Runtime" Guid="{f1ef270a-0d32-4352-ba52-dbab41e1d859}"></Provider>
<EventID Qualifiers="">39</EventID>
<Version>0</Version>
<Level>4</Level>
<Task>0</Task>
<Opcode>0</Opcode>
<Keywords>0x2000000000000002</Keywords>
<TimeCreated SystemTime="2022-05-06 15:21:08.182362"></TimeCreated>
<EventRecordID>16</EventRecordID>
<Correlation ActivityID="{ac38061f-61b0-0003-a807-38acb061d801}" RelatedActivityID=""></Correlation>
<Execution ProcessID="1548" ThreadID="4948"></Execution>
<Channel>Microsoft-Windows-AppModel-Runtime/Admin</Channel>
<Computer>DESKTOP-DBOP9M0</Computer>
<Security UserID="S-1-5-21-2389065719-3342106636-307857974-1000"></Security>
</System>
<EventData><Data Name="AppContainerName">Microsoft.Windows.CloudExperienceHost_cw5n1h2txyewy</Data>
</EventData>
</Event>

<Event xmlns="http://schemas.microsoft.com/win/2004/08/events/event"><System><Provider Name="Microsoft-Windows-AppModel-Runtime" Guid="{f1ef270a-0d32-4352-ba52-dbab41e1d859}"></Provider>
<EventID Qualifiers="">39</EventID>
<Version>0</Version>
<Level>4</Level>
<Task>0</Task>
<Opcode>0</Opcode>
<Keywords>0x2000000000000002</Keywords>
<TimeCreated SystemTime="2022-05-06 15:21:08.191885"></TimeCreated>
<EventRecordID>17</EventRecordID>
<Correlation ActivityID="{ac38061f-61b0-0000-d608-38acb061d801}" RelatedActivityID=""></Correlation>
<Execution ProcessID="1548" ThreadID="4944"></Execution>
<Channel>Microsoft-Windows-AppModel-Runtime/Admin</Channel>
<Computer>DESKTOP-DBOP9M0</Computer>
<Security UserID="S-1-5-21-2389065719-3342106636-307857974-1000"></Security>
</System>
<EventData><Data Name="AppContainerName">Microsoft.AAD.BrokerPlugin_cw5n1h2txyewy</Data>
</EventData>
</Event>

<Event xmlns="http://schemas.microsoft.com/win/2004/08/events/event"><System><Provider Name="Microsoft-Windows-AppModel-Runtime" Guid="{f1ef270a-0d32-4352-ba52-dbab41e1d859}"></Provider>
<EventID Qualifiers="">39</EventID>
<Version>0</Version>
<Level>4</Level>
<Task>0</Task>
<Opcode>0</Opcode>
<Keywords>0x2000000000000002</Keywords>
<TimeCreated SystemTime="2022-05-06 15:21:08.475386"></TimeCreated>
<EventRecordID>18</EventRecordID>
<Correlation ActivityID="{ac38061f-61b0-0000-2809-38acb061d801}" RelatedActivityID=""></Correlation>
<Execution ProcessID="1548" ThreadID="4944"></Execution>
<Channel>Microsoft-Windows-AppModel-Runtime/Admin</Channel>
<Computer>DESKTOP-DBOP9M0</Computer>
<Security UserID="S-1-5-21-2389065719-3342106636-307857974-1000"></Security>
</System>
<EventData><Data Name="AppContainerName">Microsoft.Windows.OOBENetworkConnectionFlow_cw5n1h2txyewy</Data>
</EventData>
</Event>

<Event xmlns="http://schemas.microsoft.com/win/2004/08/events/event"><System><Provider Name="Microsoft-Windows-AppModel-Runtime" Guid="{f1ef270a-0d32-4352-ba52-dbab41e1d859}"></Provider>
<EventID Qualifiers="">39</EventID>
<Version>0</Version>
<Level>4</Level>
<Task>0</Task>
<Opcode>0</Opcode>
<Keywords>0x2000000000000002</Keywords>
<TimeCreated SystemTime="2022-05-06 15:21:08.511623"></TimeCreated>
<EventRecordID>19</EventRecordID>
<Correlation ActivityID="{ac38061f-61b0-0001-7208-38acb061d801}" RelatedActivityID=""></Correlation>
<Execution ProcessID="1548" ThreadID="4948"></Execution>
<Channel>Microsoft-Windows-AppModel-Runtime/Admin</Channel>
<Computer>DESKTOP-DBOP9M0</Computer>
<Security UserID="S-1-5-21-2389065719-3342106636-307857974-1000"></Security>
</System>
<EventData><Data Name="AppContainerName">Microsoft.Windows.OOBENetworkCaptivePortal_cw5n1h2txyewy</Data>
</EventData>
</Event>

<Event xmlns="http://schemas.microsoft.com/win/2004/08/events/event"><System><Provider Name="Microsoft-Windows-AppModel-Runtime" Guid="{f1ef270a-0d32-4352-ba52-dbab41e1d859}"></Provider>
<EventID Qualifiers="">39</EventID>
<Version>0</Version>
<Level>4</Level>
<Task>0</Task>
<Opcode>0</Opcode>
<Keywords>0x2000000000000002</Keywords>
<TimeCreated SystemTime="2022-05-06 15:21:08.769171"></TimeCreated>
<EventRecordID>20</EventRecordID>
<Correlation ActivityID="{ac38061f-61b0-0001-a608-38acb061d801}" RelatedActivityID=""></Correlation>
<Execution ProcessID="1548" ThreadID="4948"></Execution>
<Channel>Microsoft-Windows-AppModel-Runtime/Admin</Channel>
<Computer>DESKTOP-DBOP9M0</Computer>
<Security UserID="S-1-5-21-2389065719-3342106636-307857974-1000"></Security>
</System>
<EventData><Data Name="AppContainerName">MicrosoftWindows.UndockedDevKit_cw5n1h2txyewy</Data>
</EventData>
</Event>

<Event xmlns="http://schemas.microsoft.com/win/2004/08/events/event"><System><Provider Name="Microsoft-Windows-AppModel-Runtime" Guid="{f1ef270a-0d32-4352-ba52-dbab41e1d859}"></Provider>
<EventID Qualifiers="">39</EventID>
<Version>0</Version>
<Level>4</Level>
<Task>0</Task>
<Opcode>0</Opcode>
<Keywords>0x2000000000000002</Keywords>
<TimeCreated SystemTime="2022-05-06 15:21:09.190826"></TimeCreated>
<EventRecordID>21</EventRecordID>
<Correlation ActivityID="{ac38061f-61b0-0001-b608-38acb061d801}" RelatedActivityID=""></Correlation>
<Execution ProcessID="1548" ThreadID="4948"></Execution>
<Channel>Microsoft-Windows-AppModel-Runtime/Admin</Channel>
<Computer>DESKTOP-DBOP9M0</Computer>
<Security UserID="S-1-5-21-2389065719-3342106636-307857974-1000"></Security>
</System>
<EventData><Data Name="AppContainerName">MicrosoftWindows.Client.CBS_cw5n1h2txyewy</Data>
</EventData>
</Event>

<Event xmlns="http://schemas.microsoft.com/win/2004/08/events/event"><System><Provider Name="Microsoft-Windows-AppModel-Runtime" Guid="{f1ef270a-0d32-4352-ba52-dbab41e1d859}"></Provider>
<EventID Qualifiers="">39</EventID>
<Version>0</Version>
<Level>4</Level>
<Task>0</Task>
<Opcode>0</Opcode>
<Keywords>0x2000000000000002</Keywords>
<TimeCreated SystemTime="2022-05-06 15:21:09.320208"></TimeCreated>
<EventRecordID>22</EventRecordID>
<Correlation ActivityID="{ac38061f-61b0-0001-b808-38acb061d801}" RelatedActivityID=""></Correlation>
<Execution ProcessID="1548" ThreadID="4944"></Execution>
<Channel>Microsoft-Windows-AppModel-Runtime/Admin</Channel>
<Computer>DESKTOP-DBOP9M0</Computer>
<Security UserID="S-1-5-21-2389065719-3342106636-307857974-1000"></Security>
</System>
<EventData><Data Name="AppContainerName">Microsoft.Windows.StartMenuExperienceHost_cw5n1h2txyewy</Data>
</EventData>
</Event>

<Event xmlns="http://schemas.microsoft.com/win/2004/08/events/event"><System><Provider Name="Microsoft-Windows-AppModel-Runtime" Guid="{f1ef270a-0d32-4352-ba52-dbab41e1d859}"></Provider>
<EventID Qualifiers="">39</EventID>
<Version>0</Version>
<Level>4</Level>
<Task>0</Task>
<Opcode>0</Opcode>
<Keywords>0x2000000000000002</Keywords>
<TimeCreated SystemTime="2022-05-06 15:21:09.878721"></TimeCreated>
<EventRecordID>23</EventRecordID>
<Correlation ActivityID="{ac38061f-61b0-0003-ab0a-38acb061d801}" RelatedActivityID=""></Correlation>
<Execution ProcessID="1548" ThreadID="4944"></Execution>
<Channel>Microsoft-Windows-AppModel-Runtime/Admin</Channel>
<Computer>DESKTOP-DBOP9M0</Computer>
<Security UserID="S-1-5-21-2389065719-3342106636-307857974-1000"></Security>
</System>
<EventData><Data Name="AppContainerName">Microsoft.Windows.ShellExperienceHost_cw5n1h2txyewy</Data>
</EventData>
</Event>

<Event xmlns="http://schemas.microsoft.com/win/2004/08/events/event"><System><Provider Name="Microsoft-Windows-AppModel-Runtime" Guid="{f1ef270a-0d32-4352-ba52-dbab41e1d859}"></Provider>
<EventID Qualifiers="">39</EventID>
<Version>0</Version>
<Level>4</Level>
<Task>0</Task>
<Opcode>0</Opcode>
<Keywords>0x2000000000000002</Keywords>
<TimeCreated SystemTime="2022-05-06 15:21:09.958378"></TimeCreated>
<EventRecordID>24</EventRecordID>
<Correlation ActivityID="{ac38061f-61b0-0003-ef0a-38acb061d801}" RelatedActivityID=""></Correlation>
<Execution ProcessID="1548" ThreadID="4948"></Execution>
<Channel>Microsoft-Windows-AppModel-Runtime/Admin</Channel>
<Computer>DESKTOP-DBOP9M0</Computer>
<Security UserID="S-1-5-21-2389065719-3342106636-307857974-1000"></Security>
</System>
<EventData><Data Name="AppContainerName">Microsoft.Windows.ContentDeliveryManager_cw5n1h2txyewy</Data>
</EventData>
</Event>

<Event xmlns="http://schemas.microsoft.com/win/2004/08/events/event"><System><Provider Name="Microsoft-Windows-AppModel-Runtime" Guid="{f1ef270a-0d32-4352-ba52-dbab41e1d859}"></Provider>
<EventID Qualifiers="">40</EventID>
<Version>0</Version>
<Level>4</Level>
<Task>0</Task>
<Opcode>0</Opcode>
<Keywords>0x2000000000000002</Keywords>
<TimeCreated SystemTime="2022-05-06 15:23:10.534966"></TimeCreated>
<EventRecordID>25</EventRecordID>
<Correlation ActivityID="" RelatedActivityID=""></Correlation>
<Execution ProcessID="676" ThreadID="716"></Execution>
<Channel>Microsoft-Windows-AppModel-Runtime/Admin</Channel>
<Computer>Council-HQ</Computer>
<Security UserID="S-1-5-18"></Security>
</System>
<EventData><Data Name="AppContainerName">onecore\ds\security\gina\profile\profext\appcontainer.cpp Line:1827 Usermode Font Driver Host microsoft.windows.fontdrvhost</Data>
</EventData>
</Event>

<Event xmlns="http://schemas.microsoft.com/win/2004/08/events/event"><System><Provider Name="Microsoft-Windows-AppModel-Runtime" Guid="{f1ef270a-0d32-4352-ba52-dbab41e1d859}"></Provider>
<EventID Qualifiers="">40</EventID>
<Version>0</Version>
<Level>4</Level>
<Task>0</Task>
<Opcode>0</Opcode>
<Keywords>0x2000000000000002</Keywords>
<TimeCreated SystemTime="2022-05-06 15:23:10.534975"></TimeCreated>
<EventRecordID>26</EventRecordID>
<Correlation ActivityID="" RelatedActivityID=""></Correlation>
<Execution ProcessID="576" ThreadID="652"></Execution>
<Channel>Microsoft-Windows-AppModel-Runtime/Admin</Channel>
<Computer>Council-HQ</Computer>
<Security UserID="S-1-5-18"></Security>
</System>
<EventData><Data Name="AppContainerName">onecore\ds\security\gina\profile\profext\appcontainer.cpp Line:1827 Usermode Font Driver Host microsoft.windows.fontdrvhost</Data>
</EventData>
</Event>

<Event xmlns="http://schemas.microsoft.com/win/2004/08/events/event"><System><Provider Name="Microsoft-Windows-AppModel-Runtime" Guid="{f1ef270a-0d32-4352-ba52-dbab41e1d859}"></Provider>
<EventID Qualifiers="">39</EventID>
<Version>0</Version>
<Level>4</Level>
<Task>0</Task>
<Opcode>0</Opcode>
<Keywords>0x2000000000000002</Keywords>
<TimeCreated SystemTime="2022-05-06 15:23:13.572348"></TimeCreated>
<EventRecordID>27</EventRecordID>
<Correlation ActivityID="" RelatedActivityID=""></Correlation>
<Execution ProcessID="2828" ThreadID="2676"></Execution>
<Channel>Microsoft-Windows-AppModel-Runtime/Admin</Channel>
<Computer>Council-HQ</Computer>
<Security UserID="S-1-5-18"></Security>
</System>
<EventData><Data Name="AppContainerName">MPENG_7ECCF4E9-286B-47E1-950D-20767A3A6296</Data>
</EventData>
</Event>

<Event xmlns="http://schemas.microsoft.com/win/2004/08/events/event"><System><Provider Name="Microsoft-Windows-AppModel-Runtime" Guid="{f1ef270a-0d32-4352-ba52-dbab41e1d859}"></Provider>
<EventID Qualifiers="">41</EventID>
<Version>0</Version>
<Level>4</Level>
<Task>0</Task>
<Opcode>0</Opcode>
<Keywords>0x2000000000000002</Keywords>
<TimeCreated SystemTime="2022-05-06 15:23:13.575167"></TimeCreated>
<EventRecordID>28</EventRecordID>
<Correlation ActivityID="" RelatedActivityID=""></Correlation>
<Execution ProcessID="2828" ThreadID="2676"></Execution>
<Channel>Microsoft-Windows-AppModel-Runtime/Admin</Channel>
<Computer>Council-HQ</Computer>
<Security UserID="S-1-5-18"></Security>
</System>
<EventData><Data Name="AppContainerName">MPENG_7ECCF4E9-286B-47E1-950D-20767A3A6296</Data>
</EventData>
</Event>

<Event xmlns="http://schemas.microsoft.com/win/2004/08/events/event"><System><Provider Name="Microsoft-Windows-AppModel-Runtime" Guid="{f1ef270a-0d32-4352-ba52-dbab41e1d859}"></Provider>
<EventID Qualifiers="">40</EventID>
<Version>0</Version>
<Level>4</Level>
<Task>0</Task>
<Opcode>0</Opcode>
<Keywords>0x2000000000000002</Keywords>
<TimeCreated SystemTime="2022-05-06 15:24:35.182800"></TimeCreated>
<EventRecordID>29</EventRecordID>
<Correlation ActivityID="" RelatedActivityID=""></Correlation>
<Execution ProcessID="5960" ThreadID="5124"></Execution>
<Channel>Microsoft-Windows-AppModel-Runtime/Admin</Channel>
<Computer>Council-HQ</Computer>
<Security UserID="S-1-5-18"></Security>
</System>
<EventData><Data Name="AppContainerName">onecore\ds\security\gina\profile\profext\appcontainer.cpp Line:1827 Usermode Font Driver Host microsoft.windows.fontdrvhost</Data>
</EventData>
</Event>

<Event xmlns="http://schemas.microsoft.com/win/2004/08/events/event"><System><Provider Name="Microsoft-Windows-AppModel-Runtime" Guid="{f1ef270a-0d32-4352-ba52-dbab41e1d859}"></Provider>
<EventID Qualifiers="">39</EventID>
<Version>0</Version>
<Level>4</Level>
<Task>0</Task>
<Opcode>0</Opcode>
<Keywords>0x2000000000000002</Keywords>
<TimeCreated SystemTime="2022-05-06 15:24:37.345411"></TimeCreated>
<EventRecordID>30</EventRecordID>
<Correlation ActivityID="" RelatedActivityID=""></Correlation>
<Execution ProcessID="3336" ThreadID="3912"></Execution>
<Channel>Microsoft-Windows-AppModel-Runtime/Admin</Channel>
<Computer>Council-HQ</Computer>
<Security UserID="S-1-5-21-2389065719-3342106636-307857974-1001"></Security>
</System>
<EventData><Data Name="AppContainerName">windows_ie_ac_001</Data>
</EventData>
</Event>

<Event xmlns="http://schemas.microsoft.com/win/2004/08/events/event"><System><Provider Name="Microsoft-Windows-AppModel-Runtime" Guid="{f1ef270a-0d32-4352-ba52-dbab41e1d859}"></Provider>
<EventID Qualifiers="">39</EventID>
<Version>0</Version>
<Level>4</Level>
<Task>0</Task>
<Opcode>0</Opcode>
<Keywords>0x2000000000000002</Keywords>
<TimeCreated SystemTime="2022-05-06 15:24:37.576887"></TimeCreated>
<EventRecordID>31</EventRecordID>
<Correlation ActivityID="{2f2cff59-615d-0001-0707-2d2f5d61d801}" RelatedActivityID=""></Correlation>
<Execution ProcessID="3320" ThreadID="4444"></Execution>
<Channel>Microsoft-Windows-AppModel-Runtime/Admin</Channel>
<Computer>Council-HQ</Computer>
<Security UserID="S-1-5-21-2389065719-3342106636-307857974-1001"></Security>
</System>
<EventData><Data Name="AppContainerName">Microsoft.UI.Xaml.CBS_8wekyb3d8bbwe</Data>
</EventData>
</Event>

<Event xmlns="http://schemas.microsoft.com/win/2004/08/events/event"><System><Provider Name="Microsoft-Windows-AppModel-Runtime" Guid="{f1ef270a-0d32-4352-ba52-dbab41e1d859}"></Provider>
<EventID Qualifiers="">39</EventID>
<Version>0</Version>
<Level>4</Level>
<Task>0</Task>
<Opcode>0</Opcode>
<Keywords>0x2000000000000002</Keywords>
<TimeCreated SystemTime="2022-05-06 15:24:37.599363"></TimeCreated>
<EventRecordID>32</EventRecordID>
<Correlation ActivityID="{2f2cff59-615d-0001-0707-2d2f5d61d801}" RelatedActivityID=""></Correlation>
<Execution ProcessID="3320" ThreadID="4444"></Execution>
<Channel>Microsoft-Windows-AppModel-Runtime/Admin</Channel>
<Computer>Council-HQ</Computer>
<Security UserID="S-1-5-21-2389065719-3342106636-307857974-1001"></Security>
</System>
<EventData><Data Name="AppContainerName">Microsoft.VCLibs.140.00_8wekyb3d8bbwe</Data>
</EventData>
</Event>

<Event xmlns="http://schemas.microsoft.com/win/2004/08/events/event"><System><Provider Name="Microsoft-Windows-AppModel-Runtime" Guid="{f1ef270a-0d32-4352-ba52-dbab41e1d859}"></Provider>
<EventID Qualifiers="">40</EventID>
<Version>0</Version>
<Level>4</Level>
<Task>0</Task>
<Opcode>0</Opcode>
<Keywords>0x2000000000000002</Keywords>
<TimeCreated SystemTime="2022-05-06 15:24:37.614443"></TimeCreated>
<EventRecordID>33</EventRecordID>
<Correlation ActivityID="{2f2cff59-615d-0001-0707-2d2f5d61d801}" RelatedActivityID=""></Correlation>
<Execution ProcessID="3320" ThreadID="4444"></Execution>
<Channel>Microsoft-Windows-AppModel-Runtime/Admin</Channel>
<Computer>Council-HQ</Computer>
<Security UserID="S-1-5-21-2389065719-3342106636-307857974-1001"></Security>
</System>
<EventData><Data Name="AppContainerName">onecore\ds\security\gina\profile\profext\appcontainer.cpp Line:1827 Microsoft Visual C++ 2015 UWP Runtime Package Microsoft.VCLibs.140.00_8wekyb3d8bbwe</Data>
</EventData>
</Event>

<Event xmlns="http://schemas.microsoft.com/win/2004/08/events/event"><System><Provider Name="Microsoft-Windows-AppModel-Runtime" Guid="{f1ef270a-0d32-4352-ba52-dbab41e1d859}"></Provider>
<EventID Qualifiers="">39</EventID>
<Version>0</Version>
<Level>4</Level>
<Task>0</Task>
<Opcode>0</Opcode>
<Keywords>0x2000000000000002</Keywords>
<TimeCreated SystemTime="2022-05-06 15:24:37.655867"></TimeCreated>
<EventRecordID>34</EventRecordID>
<Correlation ActivityID="{2f2cff59-615d-0001-0807-2d2f5d61d801}" RelatedActivityID=""></Correlation>
<Execution ProcessID="3320" ThreadID="4616"></Execution>
<Channel>Microsoft-Windows-AppModel-Runtime/Admin</Channel>
<Computer>Council-HQ</Computer>
<Security UserID="S-1-5-21-2389065719-3342106636-307857974-1001"></Security>
</System>
<EventData><Data Name="AppContainerName">Microsoft.Windows.CloudExperienceHost_cw5n1h2txyewy</Data>
</EventData>
</Event>

<Event xmlns="http://schemas.microsoft.com/win/2004/08/events/event"><System><Provider Name="Microsoft-Windows-AppModel-Runtime" Guid="{f1ef270a-0d32-4352-ba52-dbab41e1d859}"></Provider>
<EventID Qualifiers="">39</EventID>
<Version>0</Version>
<Level>4</Level>
<Task>0</Task>
<Opcode>0</Opcode>
<Keywords>0x2000000000000002</Keywords>
<TimeCreated SystemTime="2022-05-06 15:24:37.680367"></TimeCreated>
<EventRecordID>35</EventRecordID>
<Correlation ActivityID="{2f2cff59-615d-0001-0707-2d2f5d61d801}" RelatedActivityID=""></Correlation>
<Execution ProcessID="3320" ThreadID="4444"></Execution>
<Channel>Microsoft-Windows-AppModel-Runtime/Admin</Channel>
<Computer>Council-HQ</Computer>
<Security UserID="S-1-5-21-2389065719-3342106636-307857974-1001"></Security>
</System>
<EventData><Data Name="AppContainerName">Microsoft.BioEnrollment_cw5n1h2txyewy</Data>
</EventData>
</Event>

<Event xmlns="http://schemas.microsoft.com/win/2004/08/events/event"><System><Provider Name="Microsoft-Windows-AppModel-Runtime" Guid="{f1ef270a-0d32-4352-ba52-dbab41e1d859}"></Provider>
<EventID Qualifiers="">39</EventID>
<Version>0</Version>
<Level>4</Level>
<Task>0</Task>
<Opcode>0</Opcode>
<Keywords>0x2000000000000002</Keywords>
<TimeCreated SystemTime="2022-05-06 15:24:38.266132"></TimeCreated>
<EventRecordID>36</EventRecordID>
<Correlation ActivityID="{2f2cff59-615d-0001-7409-2d2f5d61d801}" RelatedActivityID=""></Correlation>
<Execution ProcessID="3320" ThreadID="4616"></Execution>
<Channel>Microsoft-Windows-AppModel-Runtime/Admin</Channel>
<Computer>Council-HQ</Computer>
<Security UserID="S-1-5-21-2389065719-3342106636-307857974-1001"></Security>
</System>
<EventData><Data Name="AppContainerName">Microsoft.AAD.BrokerPlugin_cw5n1h2txyewy</Data>
</EventData>
</Event>

<Event xmlns="http://schemas.microsoft.com/win/2004/08/events/event"><System><Provider Name="Microsoft-Windows-AppModel-Runtime" Guid="{f1ef270a-0d32-4352-ba52-dbab41e1d859}"></Provider>
<EventID Qualifiers="">39</EventID>
<Version>0</Version>
<Level>4</Level>
<Task>0</Task>
<Opcode>0</Opcode>
<Keywords>0x2000000000000002</Keywords>
<TimeCreated SystemTime="2022-05-06 15:24:38.266806"></TimeCreated>
<EventRecordID>37</EventRecordID>
<Correlation ActivityID="{2f2cff59-615d-0000-e911-2d2f5d61d801}" RelatedActivityID=""></Correlation>
<Execution ProcessID="3320" ThreadID="4444"></Execution>
<Channel>Microsoft-Windows-AppModel-Runtime/Admin</Channel>
<Computer>Council-HQ</Computer>
<Security UserID="S-1-5-21-2389065719-3342106636-307857974-1001"></Security>
</System>
<EventData><Data Name="AppContainerName">Microsoft.Windows.OOBENetworkConnectionFlow_cw5n1h2txyewy</Data>
</EventData>
</Event>

<Event xmlns="http://schemas.microsoft.com/win/2004/08/events/event"><System><Provider Name="Microsoft-Windows-AppModel-Runtime" Guid="{f1ef270a-0d32-4352-ba52-dbab41e1d859}"></Provider>
<EventID Qualifiers="">39</EventID>
<Version>0</Version>
<Level>4</Level>
<Task>0</Task>
<Opcode>0</Opcode>
<Keywords>0x2000000000000002</Keywords>
<TimeCreated SystemTime="2022-05-06 15:24:38.547802"></TimeCreated>
<EventRecordID>38</EventRecordID>
<Correlation ActivityID="{2f2cff59-615d-0001-f809-2d2f5d61d801}" RelatedActivityID=""></Correlation>
<Execution ProcessID="3320" ThreadID="4616"></Execution>
<Channel>Microsoft-Windows-AppModel-Runtime/Admin</Channel>
<Computer>Council-HQ</Computer>
<Security UserID="S-1-5-21-2389065719-3342106636-307857974-1001"></Security>
</System>
<EventData><Data Name="AppContainerName">Microsoft.Windows.OOBENetworkCaptivePortal_cw5n1h2txyewy</Data>
</EventData>
</Event>

<Event xmlns="http://schemas.microsoft.com/win/2004/08/events/event"><System><Provider Name="Microsoft-Windows-AppModel-Runtime" Guid="{f1ef270a-0d32-4352-ba52-dbab41e1d859}"></Provider>
<EventID Qualifiers="">39</EventID>
<Version>0</Version>
<Level>4</Level>
<Task>0</Task>
<Opcode>0</Opcode>
<Keywords>0x2000000000000002</Keywords>
<TimeCreated SystemTime="2022-05-06 15:24:38.892685"></TimeCreated>
<EventRecordID>39</EventRecordID>
<Correlation ActivityID="{2f2cff59-615d-0003-8a10-2d2f5d61d801}" RelatedActivityID=""></Correlation>
<Execution ProcessID="3320" ThreadID="4444"></Execution>
<Channel>Microsoft-Windows-AppModel-Runtime/Admin</Channel>
<Computer>Council-HQ</Computer>
<Security UserID="S-1-5-21-2389065719-3342106636-307857974-1001"></Security>
</System>
<EventData><Data Name="AppContainerName">MicrosoftWindows.Client.CBS_cw5n1h2txyewy</Data>
</EventData>
</Event>

<Event xmlns="http://schemas.microsoft.com/win/2004/08/events/event"><System><Provider Name="Microsoft-Windows-AppModel-Runtime" Guid="{f1ef270a-0d32-4352-ba52-dbab41e1d859}"></Provider>
<EventID Qualifiers="">39</EventID>
<Version>0</Version>
<Level>4</Level>
<Task>0</Task>
<Opcode>0</Opcode>
<Keywords>0x2000000000000002</Keywords>
<TimeCreated SystemTime="2022-05-06 15:24:40.597273"></TimeCreated>
<EventRecordID>40</EventRecordID>
<Correlation ActivityID="{2f2cff59-615d-0003-e211-2d2f5d61d801}" RelatedActivityID=""></Correlation>
<Execution ProcessID="3320" ThreadID="4616"></Execution>
<Channel>Microsoft-Windows-AppModel-Runtime/Admin</Channel>
<Computer>Council-HQ</Computer>
<Security UserID="S-1-5-21-2389065719-3342106636-307857974-1001"></Security>
</System>
<EventData><Data Name="AppContainerName">Microsoft.Windows.ShellExperienceHost_cw5n1h2txyewy</Data>
</EventData>
</Event>

<Event xmlns="http://schemas.microsoft.com/win/2004/08/events/event"><System><Provider Name="Microsoft-Windows-AppModel-Runtime" Guid="{f1ef270a-0d32-4352-ba52-dbab41e1d859}"></Provider>
<EventID Qualifiers="">39</EventID>
<Version>0</Version>
<Level>4</Level>
<Task>0</Task>
<Opcode>0</Opcode>
<Keywords>0x2000000000000002</Keywords>
<TimeCreated SystemTime="2022-05-06 15:24:40.604248"></TimeCreated>
<EventRecordID>41</EventRecordID>
<Correlation ActivityID="{2f2cff59-615d-0002-ac0b-2d2f5d61d801}" RelatedActivityID=""></Correlation>
<Execution ProcessID="3320" ThreadID="3988"></Execution>
<Channel>Microsoft-Windows-AppModel-Runtime/Admin</Channel>
<Computer>Council-HQ</Computer>
<Security UserID="S-1-5-21-2389065719-3342106636-307857974-1001"></Security>
</System>
<EventData><Data Name="AppContainerName">Microsoft.Windows.StartMenuExperienceHost_cw5n1h2txyewy</Data>
</EventData>
</Event>

<Event xmlns="http://schemas.microsoft.com/win/2004/08/events/event"><System><Provider Name="Microsoft-Windows-AppModel-Runtime" Guid="{f1ef270a-0d32-4352-ba52-dbab41e1d859}"></Provider>
<EventID Qualifiers="">39</EventID>
<Version>0</Version>
<Level>4</Level>
<Task>0</Task>
<Opcode>0</Opcode>
<Keywords>0x2000000000000002</Keywords>
<TimeCreated SystemTime="2022-05-06 15:24:41.224442"></TimeCreated>
<EventRecordID>42</EventRecordID>
<Correlation ActivityID="{2f2cff59-615d-0002-600c-2d2f5d61d801}" RelatedActivityID=""></Correlation>
<Execution ProcessID="3320" ThreadID="3988"></Execution>
<Channel>Microsoft-Windows-AppModel-Runtime/Admin</Channel>
<Computer>Council-HQ</Computer>
<Security UserID="S-1-5-21-2389065719-3342106636-307857974-1001"></Security>
</System>
<EventData><Data Name="AppContainerName">Microsoft.Windows.Search_cw5n1h2txyewy</Data>
</EventData>
</Event>

<Event xmlns="http://schemas.microsoft.com/win/2004/08/events/event"><System><Provider Name="Microsoft-Windows-AppModel-Runtime" Guid="{f1ef270a-0d32-4352-ba52-dbab41e1d859}"></Provider>
<EventID Qualifiers="">39</EventID>
<Version>0</Version>
<Level>4</Level>
<Task>0</Task>
<Opcode>0</Opcode>
<Keywords>0x2000000000000002</Keywords>
<TimeCreated SystemTime="2022-05-06 15:24:41.601999"></TimeCreated>
<EventRecordID>43</EventRecordID>
<Correlation ActivityID="{2f2cff59-615d-0000-6914-2d2f5d61d801}" RelatedActivityID=""></Correlation>
<Execution ProcessID="3320" ThreadID="4616"></Execution>
<Channel>Microsoft-Windows-AppModel-Runtime/Admin</Channel>
<Computer>Council-HQ</Computer>
<Security UserID="S-1-5-21-2389065719-3342106636-307857974-1001"></Security>
</System>
<EventData><Data Name="AppContainerName">Microsoft.UI.Xaml.2.7_8wekyb3d8bbwe</Data>
</EventData>
</Event>

<Event xmlns="http://schemas.microsoft.com/win/2004/08/events/event"><System><Provider Name="Microsoft-Windows-AppModel-Runtime" Guid="{f1ef270a-0d32-4352-ba52-dbab41e1d859}"></Provider>
<EventID Qualifiers="">40</EventID>
<Version>0</Version>
<Level>4</Level>
<Task>0</Task>
<Opcode>0</Opcode>
<Keywords>0x2000000000000002</Keywords>
<TimeCreated SystemTime="2022-05-06 15:24:41.622208"></TimeCreated>
<EventRecordID>44</EventRecordID>
<Correlation ActivityID="{2f2cff59-615d-0000-6914-2d2f5d61d801}" RelatedActivityID=""></Correlation>
<Execution ProcessID="3320" ThreadID="4616"></Execution>
<Channel>Microsoft-Windows-AppModel-Runtime/Admin</Channel>
<Computer>Council-HQ</Computer>
<Security UserID="S-1-5-21-2389065719-3342106636-307857974-1001"></Security>
</System>
<EventData><Data Name="AppContainerName">onecore\ds\security\gina\profile\profext\appcontainer.cpp Line:1827 Microsoft.UI.Xaml.2.7 Microsoft.UI.Xaml.2.7_8wekyb3d8bbwe</Data>
</EventData>
</Event>

<Event xmlns="http://schemas.microsoft.com/win/2004/08/events/event"><System><Provider Name="Microsoft-Windows-AppModel-Runtime" Guid="{f1ef270a-0d32-4352-ba52-dbab41e1d859}"></Provider>
<EventID Qualifiers="">39</EventID>
<Version>0</Version>
<Level>4</Level>
<Task>0</Task>
<Opcode>0</Opcode>
<Keywords>0x2000000000000002</Keywords>
<TimeCreated SystemTime="2022-05-06 15:24:41.641302"></TimeCreated>
<EventRecordID>45</EventRecordID>
<Correlation ActivityID="{2f2cff59-615d-0000-6914-2d2f5d61d801}" RelatedActivityID=""></Correlation>
<Execution ProcessID="3320" ThreadID="4616"></Execution>
<Channel>Microsoft-Windows-AppModel-Runtime/Admin</Channel>
<Computer>Council-HQ</Computer>
<Security UserID="S-1-5-21-2389065719-3342106636-307857974-1001"></Security>
</System>
<EventData><Data Name="AppContainerName">Microsoft.VCLibs.140.00.UWPDesktop_8wekyb3d8bbwe</Data>
</EventData>
</Event>

<Event xmlns="http://schemas.microsoft.com/win/2004/08/events/event"><System><Provider Name="Microsoft-Windows-AppModel-Runtime" Guid="{f1ef270a-0d32-4352-ba52-dbab41e1d859}"></Provider>
<EventID Qualifiers="">40</EventID>
<Version>0</Version>
<Level>4</Level>
<Task>0</Task>
<Opcode>0</Opcode>
<Keywords>0x2000000000000002</Keywords>
<TimeCreated SystemTime="2022-05-06 15:24:41.654411"></TimeCreated>
<EventRecordID>46</EventRecordID>
<Correlation ActivityID="{2f2cff59-615d-0000-6914-2d2f5d61d801}" RelatedActivityID=""></Correlation>
<Execution ProcessID="3320" ThreadID="4616"></Execution>
<Channel>Microsoft-Windows-AppModel-Runtime/Admin</Channel>
<Computer>Council-HQ</Computer>
<Security UserID="S-1-5-21-2389065719-3342106636-307857974-1001"></Security>
</System>
<EventData><Data Name="AppContainerName">onecore\ds\security\gina\profile\profext\appcontainer.cpp Line:1827 Microsoft Visual C++ 2015 UWP Desktop Runtime Package Microsoft.VCLibs.140.00.UWPDesktop_8wekyb3d8bbwe</Data>
</EventData>
</Event>

<Event xmlns="http://schemas.microsoft.com/win/2004/08/events/event"><System><Provider Name="Microsoft-Windows-AppModel-Runtime" Guid="{f1ef270a-0d32-4352-ba52-dbab41e1d859}"></Provider>
<EventID Qualifiers="">39</EventID>
<Version>0</Version>
<Level>4</Level>
<Task>0</Task>
<Opcode>0</Opcode>
<Keywords>0x2000000000000002</Keywords>
<TimeCreated SystemTime="2022-05-06 15:24:41.672571"></TimeCreated>
<EventRecordID>47</EventRecordID>
<Correlation ActivityID="{2f2cff59-615d-0000-6914-2d2f5d61d801}" RelatedActivityID=""></Correlation>
<Execution ProcessID="3320" ThreadID="4616"></Execution>
<Channel>Microsoft-Windows-AppModel-Runtime/Admin</Channel>
<Computer>Council-HQ</Computer>
<Security UserID="S-1-5-21-2389065719-3342106636-307857974-1001"></Security>
</System>
<EventData><Data Name="AppContainerName">Microsoft.NET.Native.Runtime.2.2_8wekyb3d8bbwe</Data>
</EventData>
</Event>

<Event xmlns="http://schemas.microsoft.com/win/2004/08/events/event"><System><Provider Name="Microsoft-Windows-AppModel-Runtime" Guid="{f1ef270a-0d32-4352-ba52-dbab41e1d859}"></Provider>
<EventID Qualifiers="">40</EventID>
<Version>0</Version>
<Level>4</Level>
<Task>0</Task>
<Opcode>0</Opcode>
<Keywords>0x2000000000000002</Keywords>
<TimeCreated SystemTime="2022-05-06 15:24:41.686253"></TimeCreated>
<EventRecordID>48</EventRecordID>
<Correlation ActivityID="{2f2cff59-615d-0000-6914-2d2f5d61d801}" RelatedActivityID=""></Correlation>
<Execution ProcessID="3320" ThreadID="4616"></Execution>
<Channel>Microsoft-Windows-AppModel-Runtime/Admin</Channel>
<Computer>Council-HQ</Computer>
<Security UserID="S-1-5-21-2389065719-3342106636-307857974-1001"></Security>
</System>
<EventData><Data Name="AppContainerName">onecore\ds\security\gina\profile\profext\appcontainer.cpp Line:1827 Microsoft .Net Native Runtime Package 2.2 Microsoft.NET.Native.Runtime.2.2_8wekyb3d8bbwe</Data>
</EventData>
</Event>

<Event xmlns="http://schemas.microsoft.com/win/2004/08/events/event"><System><Provider Name="Microsoft-Windows-AppModel-Runtime" Guid="{f1ef270a-0d32-4352-ba52-dbab41e1d859}"></Provider>
<EventID Qualifiers="">39</EventID>
<Version>0</Version>
<Level>4</Level>
<Task>0</Task>
<Opcode>0</Opcode>
<Keywords>0x2000000000000002</Keywords>
<TimeCreated SystemTime="2022-05-06 15:24:41.705231"></TimeCreated>
<EventRecordID>49</EventRecordID>
<Correlation ActivityID="{2f2cff59-615d-0000-6914-2d2f5d61d801}" RelatedActivityID=""></Correlation>
<Execution ProcessID="3320" ThreadID="4616"></Execution>
<Channel>Microsoft-Windows-AppModel-Runtime/Admin</Channel>
<Computer>Council-HQ</Computer>
<Security UserID="S-1-5-21-2389065719-3342106636-307857974-1001"></Security>
</System>
<EventData><Data Name="AppContainerName">Microsoft.NET.Native.Framework.2.2_8wekyb3d8bbwe</Data>
</EventData>
</Event>

<Event xmlns="http://schemas.microsoft.com/win/2004/08/events/event"><System><Provider Name="Microsoft-Windows-AppModel-Runtime" Guid="{f1ef270a-0d32-4352-ba52-dbab41e1d859}"></Provider>
<EventID Qualifiers="">40</EventID>
<Version>0</Version>
<Level>4</Level>
<Task>0</Task>
<Opcode>0</Opcode>
<Keywords>0x2000000000000002</Keywords>
<TimeCreated SystemTime="2022-05-06 15:24:41.718971"></TimeCreated>
<EventRecordID>50</EventRecordID>
<Correlation ActivityID="{2f2cff59-615d-0000-6914-2d2f5d61d801}" RelatedActivityID=""></Correlation>
<Execution ProcessID="3320" ThreadID="4616"></Execution>
<Channel>Microsoft-Windows-AppModel-Runtime/Admin</Channel>
<Computer>Council-HQ</Computer>
<Security UserID="S-1-5-21-2389065719-3342106636-307857974-1001"></Security>
</System>
<EventData><Data Name="AppContainerName">onecore\ds\security\gina\profile\profext\appcontainer.cpp Line:1827 Microsoft .Net Native Framework Package 2.2 Microsoft.NET.Native.Framework.2.2_8wekyb3d8bbwe</Data>
</EventData>
</Event>

<Event xmlns="http://schemas.microsoft.com/win/2004/08/events/event"><System><Provider Name="Microsoft-Windows-AppModel-Runtime" Guid="{f1ef270a-0d32-4352-ba52-dbab41e1d859}"></Provider>
<EventID Qualifiers="">39</EventID>
<Version>0</Version>
<Level>4</Level>
<Task>0</Task>
<Opcode>0</Opcode>
<Keywords>0x2000000000000002</Keywords>
<TimeCreated SystemTime="2022-05-06 15:24:41.778652"></TimeCreated>
<EventRecordID>51</EventRecordID>
<Correlation ActivityID="{2f2cff59-615d-0000-6914-2d2f5d61d801}" RelatedActivityID=""></Correlation>
<Execution ProcessID="3320" ThreadID="4616"></Execution>
<Channel>Microsoft-Windows-AppModel-Runtime/Admin</Channel>
<Computer>Council-HQ</Computer>
<Security UserID="S-1-5-21-2389065719-3342106636-307857974-1001"></Security>
</System>
<EventData><Data Name="AppContainerName">Microsoft.549981C3F5F10_8wekyb3d8bbwe</Data>
</EventData>
</Event>

<Event xmlns="http://schemas.microsoft.com/win/2004/08/events/event"><System><Provider Name="Microsoft-Windows-AppModel-Runtime" Guid="{f1ef270a-0d32-4352-ba52-dbab41e1d859}"></Provider>
<EventID Qualifiers="">39</EventID>
<Version>0</Version>
<Level>4</Level>
<Task>0</Task>
<Opcode>0</Opcode>
<Keywords>0x2000000000000002</Keywords>
<TimeCreated SystemTime="2022-05-06 15:24:42.039062"></TimeCreated>
<EventRecordID>52</EventRecordID>
<Correlation ActivityID="{2f2cff59-615d-0001-c80b-2d2f5d61d801}" RelatedActivityID=""></Correlation>
<Execution ProcessID="3320" ThreadID="4616"></Execution>
<Channel>Microsoft-Windows-AppModel-Runtime/Admin</Channel>
<Computer>Council-HQ</Computer>
<Security UserID="S-1-5-21-2389065719-3342106636-307857974-1001"></Security>
</System>
<EventData><Data Name="AppContainerName">Microsoft.MicrosoftEdge_8wekyb3d8bbwe</Data>
</EventData>
</Event>

<Event xmlns="http://schemas.microsoft.com/win/2004/08/events/event"><System><Provider Name="Microsoft-Windows-AppModel-Runtime" Guid="{f1ef270a-0d32-4352-ba52-dbab41e1d859}"></Provider>
<EventID Qualifiers="">39</EventID>
<Version>0</Version>
<Level>4</Level>
<Task>0</Task>
<Opcode>0</Opcode>
<Keywords>0x2000000000000002</Keywords>
<TimeCreated SystemTime="2022-05-06 15:24:42.059494"></TimeCreated>
<EventRecordID>53</EventRecordID>
<Correlation ActivityID="{2f2cff59-615d-0000-d714-2d2f5d61d801}" RelatedActivityID=""></Correlation>
<Execution ProcessID="3320" ThreadID="3988"></Execution>
<Channel>Microsoft-Windows-AppModel-Runtime/Admin</Channel>
<Computer>Council-HQ</Computer>
<Security UserID="S-1-5-21-2389065719-3342106636-307857974-1001"></Security>
</System>
<EventData><Data Name="AppContainerName">Microsoft.Windows.ContentDeliveryManager_cw5n1h2txyewy</Data>
</EventData>
</Event>

<Event xmlns="http://schemas.microsoft.com/win/2004/08/events/event"><System><Provider Name="Microsoft-Windows-AppModel-Runtime" Guid="{f1ef270a-0d32-4352-ba52-dbab41e1d859}"></Provider>
<EventID Qualifiers="">39</EventID>
<Version>0</Version>
<Level>4</Level>
<Task>0</Task>
<Opcode>0</Opcode>
<Keywords>0x2000000000000002</Keywords>
<TimeCreated SystemTime="2022-05-06 15:24:42.314674"></TimeCreated>
<EventRecordID>54</EventRecordID>
<Correlation ActivityID="{2f2cff59-615d-0003-db12-2d2f5d61d801}" RelatedActivityID=""></Correlation>
<Execution ProcessID="3320" ThreadID="4616"></Execution>
<Channel>Microsoft-Windows-AppModel-Runtime/Admin</Channel>
<Computer>Council-HQ</Computer>
<Security UserID="S-1-5-21-2389065719-3342106636-307857974-1001"></Security>
</System>
<EventData><Data Name="AppContainerName">Microsoft.UI.Xaml.2.4_8wekyb3d8bbwe</Data>
</EventData>
</Event>

<Event xmlns="http://schemas.microsoft.com/win/2004/08/events/event"><System><Provider Name="Microsoft-Windows-AppModel-Runtime" Guid="{f1ef270a-0d32-4352-ba52-dbab41e1d859}"></Provider>
<EventID Qualifiers="">39</EventID>
<Version>0</Version>
<Level>4</Level>
<Task>0</Task>
<Opcode>0</Opcode>
<Keywords>0x2000000000000002</Keywords>
<TimeCreated SystemTime="2022-05-06 15:24:42.647484"></TimeCreated>
<EventRecordID>55</EventRecordID>
<Correlation ActivityID="{2f2cff59-615d-0000-4415-2d2f5d61d801}" RelatedActivityID=""></Correlation>
<Execution ProcessID="3320" ThreadID="4616"></Execution>
<Channel>Microsoft-Windows-AppModel-Runtime/Admin</Channel>
<Computer>Council-HQ</Computer>
<Security UserID="S-1-5-21-2389065719-3342106636-307857974-1001"></Security>
</System>
<EventData><Data Name="AppContainerName">MicrosoftWindows.Client.WebExperience_cw5n1h2txyewy</Data>
</EventData>
</Event>

<Event xmlns="http://schemas.microsoft.com/win/2004/08/events/event"><System><Provider Name="Microsoft-Windows-AppModel-Runtime" Guid="{f1ef270a-0d32-4352-ba52-dbab41e1d859}"></Provider>
<EventID Qualifiers="">39</EventID>
<Version>0</Version>
<Level>4</Level>
<Task>0</Task>
<Opcode>0</Opcode>
<Keywords>0x2000000000000002</Keywords>
<TimeCreated SystemTime="2022-05-06 15:24:44.329550"></TimeCreated>
<EventRecordID>56</EventRecordID>
<Correlation ActivityID="{2f2cff59-615d-0000-4415-2d2f5d61d801}" RelatedActivityID=""></Correlation>
<Execution ProcessID="3320" ThreadID="4616"></Execution>
<Channel>Microsoft-Windows-AppModel-Runtime/Admin</Channel>
<Computer>Council-HQ</Computer>
<Security UserID="S-1-5-18"></Security>
</System>
<EventData><Data Name="AppContainerName">MicrosoftWindows.Client.WebExperience_cw5n1h2txyewy</Data>
</EventData>
</Event>

