<Event xmlns="http://schemas.microsoft.com/win/2004/08/events/event"><System><Provider Name="Microsoft-Windows-AppXDeployment-Server" Guid="{3f471139-acb7-4a01-b7a7-ff5da4ba2d43}"></Provider>
<EventID Qualifiers="">9643</EventID>
<Version>0</Version>
<Level>5</Level>
<Task>1</Task>
<Opcode>0</Opcode>
<Keywords>0x4000080000000004</Keywords>
<TimeCreated SystemTime="2022-05-06 15:26:18.373068"></TimeCreated>
<EventRecordID>1643</EventRecordID>
<Correlation ActivityID="{2f2cff59-615d-0002-f93c-2d2f5d61d801}" RelatedActivityID=""></Correlation>
<Execution ProcessID="3320" ThreadID="4444"></Execution>
<Channel>Microsoft-Windows-AppXDeploymentServer/Operational</Channel>
<Computer>Council-HQ</Computer>
<Security UserID="S-1-5-21-2389065719-3342106636-307857974-1001"></Security>
</System>
<EventData><Data Name="ErrorCode">0x00000000</Data>
</EventData>
</Event>

<Event xmlns="http://schemas.microsoft.com/win/2004/08/events/event"><System><Provider Name="Microsoft-Windows-AppXDeployment-Server" Guid="{3f471139-acb7-4a01-b7a7-ff5da4ba2d43}"></Provider>
<EventID Qualifiers="">10000</EventID>
<Version>0</Version>
<Level>5</Level>
<Task>4</Task>
<Opcode>0</Opcode>
<Keywords>0x4000000000000001</Keywords>
<TimeCreated SystemTime="2022-05-06 15:26:18.379618"></TimeCreated>
<EventRecordID>1644</EventRecordID>
<Correlation ActivityID="{2f2cff59-615d-0002-f93c-2d2f5d61d801}" RelatedActivityID=""></Correlation>
<Execution ProcessID="3320" ThreadID="4444"></Execution>
<Channel>Microsoft-Windows-AppXDeploymentServer/Operational</Channel>
<Computer>Council-HQ</Computer>
<Security UserID="S-1-5-18"></Security>
</System>
<EventData><Data Name="PackageFullName">Microsoft.MicrosoftEdge_44.22000.120.0_neutral__8wekyb3d8bbwe</Data>
<Data Name="ErrorCode">0x00000000</Data>
</EventData>
</Event>

<Event xmlns="http://schemas.microsoft.com/win/2004/08/events/event"><System><Provider Name="Microsoft-Windows-AppXDeployment-Server" Guid="{3f471139-acb7-4a01-b7a7-ff5da4ba2d43}"></Provider>
<EventID Qualifiers="">9643</EventID>
<Version>0</Version>
<Level>5</Level>
<Task>1</Task>
<Opcode>0</Opcode>
<Keywords>0x4000080000000004</Keywords>
<TimeCreated SystemTime="2022-05-06 15:26:18.391169"></TimeCreated>
<EventRecordID>1645</EventRecordID>
<Correlation ActivityID="{2f2cff59-615d-0002-f93c-2d2f5d61d801}" RelatedActivityID=""></Correlation>
<Execution ProcessID="3320" ThreadID="4444"></Execution>
<Channel>Microsoft-Windows-AppXDeploymentServer/Operational</Channel>
<Computer>Council-HQ</Computer>
<Security UserID="S-1-5-21-2389065719-3342106636-307857974-1001"></Security>
</System>
<EventData><Data Name="ErrorCode">0x00000000</Data>
</EventData>
</Event>

<Event xmlns="http://schemas.microsoft.com/win/2004/08/events/event"><System><Provider Name="Microsoft-Windows-AppXDeployment-Server" Guid="{3f471139-acb7-4a01-b7a7-ff5da4ba2d43}"></Provider>
<EventID Qualifiers="">9643</EventID>
<Version>0</Version>
<Level>5</Level>
<Task>1</Task>
<Opcode>0</Opcode>
<Keywords>0x4000080000000004</Keywords>
<TimeCreated SystemTime="2022-05-06 15:26:18.391216"></TimeCreated>
<EventRecordID>1646</EventRecordID>
<Correlation ActivityID="{2f2cff59-615d-0002-f93c-2d2f5d61d801}" RelatedActivityID=""></Correlation>
<Execution ProcessID="3320" ThreadID="4444"></Execution>
<Channel>Microsoft-Windows-AppXDeploymentServer/Operational</Channel>
<Computer>Council-HQ</Computer>
<Security UserID="S-1-5-21-2389065719-3342106636-307857974-1001"></Security>
</System>
<EventData><Data Name="ErrorCode">0x00000000</Data>
</EventData>
</Event>

<Event xmlns="http://schemas.microsoft.com/win/2004/08/events/event"><System><Provider Name="Microsoft-Windows-AppXDeployment-Server" Guid="{3f471139-acb7-4a01-b7a7-ff5da4ba2d43}"></Provider>
<EventID Qualifiers="">540</EventID>
<Version>0</Version>
<Level>5</Level>
<Task>3</Task>
<Opcode>0</Opcode>
<Keywords>0x4000000000000001</Keywords>
<TimeCreated SystemTime="2022-05-06 15:26:18.555119"></TimeCreated>
<EventRecordID>1647</EventRecordID>
<Correlation ActivityID="{2f2cff59-615d-0002-f93c-2d2f5d61d801}" RelatedActivityID=""></Correlation>
<Execution ProcessID="3320" ThreadID="4444"></Execution>
<Channel>Microsoft-Windows-AppXDeploymentServer/Operational</Channel>
<Computer>Council-HQ</Computer>
<Security UserID="S-1-5-18"></Security>
</System>
<EventData><Data Name="PackageFullName">Microsoft.MicrosoftEdge_44.22000.120.0_neutral__8wekyb3d8bbwe</Data>
<Data Name="Architecture">64</Data>
</EventData>
</Event>

<Event xmlns="http://schemas.microsoft.com/win/2004/08/events/event"><System><Provider Name="Microsoft-Windows-AppXDeployment-Server" Guid="{3f471139-acb7-4a01-b7a7-ff5da4ba2d43}"></Provider>
<EventID Qualifiers="">541</EventID>
<Version>0</Version>
<Level>5</Level>
<Task>3</Task>
<Opcode>0</Opcode>
<Keywords>0x4000000000000001</Keywords>
<TimeCreated SystemTime="2022-05-06 15:26:18.558710"></TimeCreated>
<EventRecordID>1648</EventRecordID>
<Correlation ActivityID="{2f2cff59-615d-0002-f93c-2d2f5d61d801}" RelatedActivityID=""></Correlation>
<Execution ProcessID="3320" ThreadID="4444"></Execution>
<Channel>Microsoft-Windows-AppXDeploymentServer/Operational</Channel>
<Computer>Council-HQ</Computer>
<Security UserID="S-1-5-18"></Security>
</System>
<EventData><Data Name="PackageFullName">Microsoft.MicrosoftEdge_44.22000.120.0_neutral__8wekyb3d8bbwe</Data>
<Data Name="Architecture">64</Data>
</EventData>
</Event>

<Event xmlns="http://schemas.microsoft.com/win/2004/08/events/event"><System><Provider Name="Microsoft-Windows-AppXDeployment-Server" Guid="{3f471139-acb7-4a01-b7a7-ff5da4ba2d43}"></Provider>
<EventID Qualifiers="">10001</EventID>
<Version>0</Version>
<Level>5</Level>
<Task>4</Task>
<Opcode>0</Opcode>
<Keywords>0x4000000000000001</Keywords>
<TimeCreated SystemTime="2022-05-06 15:26:18.645599"></TimeCreated>
<EventRecordID>1649</EventRecordID>
<Correlation ActivityID="{2f2cff59-615d-0002-f93c-2d2f5d61d801}" RelatedActivityID=""></Correlation>
<Execution ProcessID="3320" ThreadID="4444"></Execution>
<Channel>Microsoft-Windows-AppXDeploymentServer/Operational</Channel>
<Computer>Council-HQ</Computer>
<Security UserID="S-1-5-18"></Security>
</System>
<EventData><Data Name="PackageFullName">Microsoft.MicrosoftEdge_44.22000.120.0_neutral__8wekyb3d8bbwe</Data>
<Data Name="ErrorCode">0x00000000</Data>
</EventData>
</Event>

<Event xmlns="http://schemas.microsoft.com/win/2004/08/events/event"><System><Provider Name="Microsoft-Windows-AppXDeployment-Server" Guid="{3f471139-acb7-4a01-b7a7-ff5da4ba2d43}"></Provider>
<EventID Qualifiers="">10001</EventID>
<Version>0</Version>
<Level>5</Level>
<Task>4</Task>
<Opcode>0</Opcode>
<Keywords>0x4000000000000001</Keywords>
<TimeCreated SystemTime="2022-05-06 15:26:18.646013"></TimeCreated>
<EventRecordID>1650</EventRecordID>
<Correlation ActivityID="{2f2cff59-615d-0002-f93c-2d2f5d61d801}" RelatedActivityID=""></Correlation>
<Execution ProcessID="3320" ThreadID="4444"></Execution>
<Channel>Microsoft-Windows-AppXDeploymentServer/Operational</Channel>
<Computer>Council-HQ</Computer>
<Security UserID="S-1-5-18"></Security>
</System>
<EventData><Data Name="PackageFullName">Microsoft.MicrosoftEdge_44.22000.120.0_neutral__8wekyb3d8bbwe</Data>
<Data Name="ErrorCode">0x00000000</Data>
</EventData>
</Event>

<Event xmlns="http://schemas.microsoft.com/win/2004/08/events/event"><System><Provider Name="Microsoft-Windows-AppXDeployment-Server" Guid="{3f471139-acb7-4a01-b7a7-ff5da4ba2d43}"></Provider>
<EventID Qualifiers="">10001</EventID>
<Version>0</Version>
<Level>5</Level>
<Task>4</Task>
<Opcode>0</Opcode>
<Keywords>0x4000000000000001</Keywords>
<TimeCreated SystemTime="2022-05-06 15:26:18.646103"></TimeCreated>
<EventRecordID>1651</EventRecordID>
<Correlation ActivityID="{2f2cff59-615d-0002-f93c-2d2f5d61d801}" RelatedActivityID=""></Correlation>
<Execution ProcessID="3320" ThreadID="4444"></Execution>
<Channel>Microsoft-Windows-AppXDeploymentServer/Operational</Channel>
<Computer>Council-HQ</Computer>
<Security UserID="S-1-5-18"></Security>
</System>
<EventData><Data Name="PackageFullName">Microsoft.MicrosoftEdge_44.22000.120.0_neutral__8wekyb3d8bbwe</Data>
<Data Name="ErrorCode">0x00000000</Data>
</EventData>
</Event>

<Event xmlns="http://schemas.microsoft.com/win/2004/08/events/event"><System><Provider Name="Microsoft-Windows-AppXDeployment-Server" Guid="{3f471139-acb7-4a01-b7a7-ff5da4ba2d43}"></Provider>
<EventID Qualifiers="">10001</EventID>
<Version>0</Version>
<Level>5</Level>
<Task>4</Task>
<Opcode>0</Opcode>
<Keywords>0x4000000000000001</Keywords>
<TimeCreated SystemTime="2022-05-06 15:26:18.646152"></TimeCreated>
<EventRecordID>1652</EventRecordID>
<Correlation ActivityID="{2f2cff59-615d-0002-f93c-2d2f5d61d801}" RelatedActivityID=""></Correlation>
<Execution ProcessID="3320" ThreadID="4444"></Execution>
<Channel>Microsoft-Windows-AppXDeploymentServer/Operational</Channel>
<Computer>Council-HQ</Computer>
<Security UserID="S-1-5-18"></Security>
</System>
<EventData><Data Name="PackageFullName">Microsoft.MicrosoftEdge_44.22000.120.0_neutral__8wekyb3d8bbwe</Data>
<Data Name="ErrorCode">0x00000000</Data>
</EventData>
</Event>

<Event xmlns="http://schemas.microsoft.com/win/2004/08/events/event"><System><Provider Name="Microsoft-Windows-AppXDeployment-Server" Guid="{3f471139-acb7-4a01-b7a7-ff5da4ba2d43}"></Provider>
<EventID Qualifiers="">400</EventID>
<Version>0</Version>
<Level>4</Level>
<Task>3</Task>
<Opcode>2</Opcode>
<Keywords>0x4000000000000001</Keywords>
<TimeCreated SystemTime="2022-05-06 15:26:18.718670"></TimeCreated>
<EventRecordID>1653</EventRecordID>
<Correlation ActivityID="{2f2cff59-615d-0002-f93c-2d2f5d61d801}" RelatedActivityID=""></Correlation>
<Execution ProcessID="3320" ThreadID="4444"></Execution>
<Channel>Microsoft-Windows-AppXDeploymentServer/Operational</Channel>
<Computer>Council-HQ</Computer>
<Security UserID="S-1-5-21-2389065719-3342106636-307857974-1001"></Security>
</System>
<EventData><Data Name="DeploymentOperation">6</Data>
<Data Name="PackageFullName">Microsoft.MicrosoftEdge_44.22000.120.0_neutral__8wekyb3d8bbwe</Data>
<Data Name="Path"> (AppxManifest.xml) </Data>
<Data Name="MountPoint">C:</Data>
<Data Name="TargetPlatform">0x00000000</Data>
<Data Name="SystemVolume">True</Data>
<Data Name="StorageId">\\?\Volume{bf27b24f-9e98-4395-9110-325985ded282}</Data>
<Data Name="IsCentennial">False</Data>
<Data Name="PackageType">0x00000001</Data>
<Data Name="IsPackageEncrypted">False</Data>
<Data Name="DeploymentOptions">0x0000000040040040</Data>
<Data Name="IsStreamingPackage">False</Data>
<Data Name="IsInRelatedSet">False</Data>
<Data Name="IsPackageUsingBDC">False</Data>
<Data Name="MainPackageFamilyName">NULL</Data>
<Data Name="CallingProcess">sihost.exe</Data>
<Data Name="IsOptional">False</Data>
<Data Name="PackageFlags">0x00000408</Data>
<Data Name="PackageFlags2">0x00000800</Data>
<Data Name="HasWin32alacarte">False</Data>
<Data Name="HasFullTrust">False</Data>
<Data Name="ExternalLocation"></Data>
<Data Name="PackageSourceUri"></Data>
<Data Name="PackageDisplayName">Microsoft Edge</Data>
</EventData>
</Event>

<Event xmlns="http://schemas.microsoft.com/win/2004/08/events/event"><System><Provider Name="Microsoft-Windows-AppXDeployment-Server" Guid="{3f471139-acb7-4a01-b7a7-ff5da4ba2d43}"></Provider>
<EventID Qualifiers="">613</EventID>
<Version>0</Version>
<Level>4</Level>
<Task>3</Task>
<Opcode>0</Opcode>
<Keywords>0x4000000000000001</Keywords>
<TimeCreated SystemTime="2022-05-06 15:26:18.764685"></TimeCreated>
<EventRecordID>1654</EventRecordID>
<Correlation ActivityID="{2f2cff59-615d-0002-f93c-2d2f5d61d801}" RelatedActivityID=""></Correlation>
<Execution ProcessID="3320" ThreadID="4444"></Execution>
<Channel>Microsoft-Windows-AppXDeploymentServer/Operational</Channel>
<Computer>Council-HQ</Computer>
<Security UserID="S-1-5-21-2389065719-3342106636-307857974-1001"></Security>
</System>
<EventData><Data Name="DeploymentOperation">6</Data>
<Data Name="PackageFullName">Microsoft.MicrosoftEdge_44.22000.120.0_neutral__8wekyb3d8bbwe</Data>
<Data Name="Summary">
Overall time: 531 ms
Enqueue cost: 78 ms
Dequeue delay: 16 ms
Bundle processing cost: 0 ms
Indexing cost: 0 ms
Resolve dependency cost: 15 ms
Check approval cost: 0 ms
Evaluation cost: 16 ms
Hardlinking evaluation cost: 0 ms
Stage required cost: 0 ms
Flushing and closing files cost: 0 ms
Machine register cost: 16 ms
Stage user data cost: 0 ms
Gap: 31 ms
Registration cost: 187 ms
Gap: 16 ms
Repository commit transaction cost: 47 ms
Gap: 78 ms
Data flush cost: 0 ms
Post DeStage repository commit transaction cost: 31 ms
Remaining cost: 0 ms
</Data>
</EventData>
</Event>

<Event xmlns="http://schemas.microsoft.com/win/2004/08/events/event"><System><Provider Name="Microsoft-Windows-AppXDeployment-Server" Guid="{3f471139-acb7-4a01-b7a7-ff5da4ba2d43}"></Provider>
<EventID Qualifiers="">603</EventID>
<Version>0</Version>
<Level>4</Level>
<Task>3</Task>
<Opcode>0</Opcode>
<Keywords>0x4000000000000001</Keywords>
<TimeCreated SystemTime="2022-05-06 15:27:41.046612"></TimeCreated>
<EventRecordID>1655</EventRecordID>
<Correlation ActivityID="{2f2cff59-615d-0002-ad47-2d2f5d61d801}" RelatedActivityID=""></Correlation>
<Execution ProcessID="3320" ThreadID="7828"></Execution>
<Channel>Microsoft-Windows-AppXDeploymentServer/Operational</Channel>
<Computer>Council-HQ</Computer>
<Security UserID="S-1-5-21-2389065719-3342106636-307857974-1001"></Security>
</System>
<EventData><Data Name="DeploymentOperation">1</Data>
<Data Name="Path">OneDriveSync.msix</Data>
<Data Name="Flags">0</Data>
<Data Name="FlagsHigh">0</Data>
<Data Name="CallingProcess">OneDrive.exe</Data>
<Data Name="ExternalLocation">21.220.1024.0005</Data>
</EventData>
</Event>

<Event xmlns="http://schemas.microsoft.com/win/2004/08/events/event"><System><Provider Name="Microsoft-Windows-AppXDeployment-Server" Guid="{3f471139-acb7-4a01-b7a7-ff5da4ba2d43}"></Provider>
<EventID Qualifiers="">10002</EventID>
<Version>0</Version>
<Level>5</Level>
<Task>3</Task>
<Opcode>0</Opcode>
<Keywords>0x4000000000000001</Keywords>
<TimeCreated SystemTime="2022-05-06 15:27:41.197613"></TimeCreated>
<EventRecordID>1656</EventRecordID>
<Correlation ActivityID="{2f2cff59-615d-0002-ad47-2d2f5d61d801}" RelatedActivityID=""></Correlation>
<Execution ProcessID="3320" ThreadID="4444"></Execution>
<Channel>Microsoft-Windows-AppXDeploymentServer/Operational</Channel>
<Computer>Council-HQ</Computer>
<Security UserID="S-1-5-18"></Security>
</System>
<EventData><Data Name="DeploymentOperation">1</Data>
<Data Name="MainPackageMoniker">Microsoft.OneDriveSync_21220.1024.5.0_neutral__8wekyb3d8bbwe</Data>
<Data Name="ResiliencyFilePath">C:\ProgramData\Microsoft\Windows\AppRepository\776abdd8-a834-44f2-abbf-76fc96dcd95c_S-1-5-21-2389065719-3342106636-307857974-1001_29.rslc</Data>
</EventData>
</Event>

<Event xmlns="http://schemas.microsoft.com/win/2004/08/events/event"><System><Provider Name="Microsoft-Windows-AppXDeployment-Server" Guid="{3f471139-acb7-4a01-b7a7-ff5da4ba2d43}"></Provider>
<EventID Qualifiers="">607</EventID>
<Version>0</Version>
<Level>4</Level>
<Task>0</Task>
<Opcode>0</Opcode>
<Keywords>0x4000000000000001</Keywords>
<TimeCreated SystemTime="2022-05-06 15:27:41.199183"></TimeCreated>
<EventRecordID>1657</EventRecordID>
<Correlation ActivityID="{2f2cff59-615d-0002-ad47-2d2f5d61d801}" RelatedActivityID=""></Correlation>
<Execution ProcessID="3320" ThreadID="4444"></Execution>
<Channel>Microsoft-Windows-AppXDeploymentServer/Operational</Channel>
<Computer>Council-HQ</Computer>
<Security UserID="S-1-5-21-2389065719-3342106636-307857974-1001"></Security>
</System>
<EventData><Data Name="DeploymentOperation">1</Data>
<Data Name="PackageFullName">Microsoft.OneDriveSync_21220.1024.5.0_neutral__8wekyb3d8bbwe</Data>
<Data Name="UserSid">S-1-5-21-2389065719-3342106636-307857974-1001</Data>
<Data Name="CallingProcess">OneDrive.exe</Data>
</EventData>
</Event>

<Event xmlns="http://schemas.microsoft.com/win/2004/08/events/event"><System><Provider Name="Microsoft-Windows-AppXDeployment-Server" Guid="{3f471139-acb7-4a01-b7a7-ff5da4ba2d43}"></Provider>
<EventID Qualifiers="">854</EventID>
<Version>0</Version>
<Level>4</Level>
<Task>3</Task>
<Opcode>0</Opcode>
<Keywords>0x4000000000000001</Keywords>
<TimeCreated SystemTime="2022-05-06 15:27:41.199705"></TimeCreated>
<EventRecordID>1658</EventRecordID>
<Correlation ActivityID="{2f2cff59-615d-0002-ad47-2d2f5d61d801}" RelatedActivityID=""></Correlation>
<Execution ProcessID="3320" ThreadID="4444"></Execution>
<Channel>Microsoft-Windows-AppXDeploymentServer/Operational</Channel>
<Computer>Council-HQ</Computer>
<Security UserID="S-1-5-21-2389065719-3342106636-307857974-1001"></Security>
</System>
<EventData><Data Name="Path"> file:///C:/Users/Council%20Leader/AppData/Local/Microsoft/OneDrive/21.220.1024.0005/SparsePackage/OneDriveSync.msix</Data>
</EventData>
</Event>

<Event xmlns="http://schemas.microsoft.com/win/2004/08/events/event"><System><Provider Name="Microsoft-Windows-AppXDeployment-Server" Guid="{3f471139-acb7-4a01-b7a7-ff5da4ba2d43}"></Provider>
<EventID Qualifiers="">855</EventID>
<Version>0</Version>
<Level>4</Level>
<Task>4</Task>
<Opcode>0</Opcode>
<Keywords>0x4000000000000001</Keywords>
<TimeCreated SystemTime="2022-05-06 15:27:41.266462"></TimeCreated>
<EventRecordID>1659</EventRecordID>
<Correlation ActivityID="{2f2cff59-615d-0002-ad47-2d2f5d61d801}" RelatedActivityID=""></Correlation>
<Execution ProcessID="3320" ThreadID="4444"></Execution>
<Channel>Microsoft-Windows-AppXDeploymentServer/Operational</Channel>
<Computer>Council-HQ</Computer>
<Security UserID="S-1-5-21-2389065719-3342106636-307857974-1001"></Security>
</System>
<EventData><Data Name="PackageMoniker"> addPackageList: Microsoft.OneDriveSync_21220.1024.5.0_neutral__8wekyb3d8bbwe</Data>
</EventData>
</Event>

<Event xmlns="http://schemas.microsoft.com/win/2004/08/events/event"><System><Provider Name="Microsoft-Windows-AppXDeployment-Server" Guid="{3f471139-acb7-4a01-b7a7-ff5da4ba2d43}"></Provider>
<EventID Qualifiers="">573</EventID>
<Version>0</Version>
<Level>4</Level>
<Task>47</Task>
<Opcode>0</Opcode>
<Keywords>0x4000000000000001</Keywords>
<TimeCreated SystemTime="2022-05-06 15:27:42.037872"></TimeCreated>
<EventRecordID>1660</EventRecordID>
<Correlation ActivityID="{2f2cff59-615d-0002-ad47-2d2f5d61d801}" RelatedActivityID=""></Correlation>
<Execution ProcessID="3320" ThreadID="4444"></Execution>
<Channel>Microsoft-Windows-AppXDeploymentServer/Operational</Channel>
<Computer>Council-HQ</Computer>
<Security UserID="S-1-5-21-2389065719-3342106636-307857974-1001"></Security>
</System>
<EventData><Data Name="PackageFamilyName">Microsoft.OneDriveSync_8wekyb3d8bbwe</Data>
<Data Name="SettingSyncEnabled">False</Data>
</EventData>
</Event>

<Event xmlns="http://schemas.microsoft.com/win/2004/08/events/event"><System><Provider Name="Microsoft-Windows-AppXDeployment-Server" Guid="{3f471139-acb7-4a01-b7a7-ff5da4ba2d43}"></Provider>
<EventID Qualifiers="">10000</EventID>
<Version>0</Version>
<Level>5</Level>
<Task>4</Task>
<Opcode>0</Opcode>
<Keywords>0x4000000000000001</Keywords>
<TimeCreated SystemTime="2022-05-06 15:27:42.063513"></TimeCreated>
<EventRecordID>1661</EventRecordID>
<Correlation ActivityID="{2f2cff59-615d-0002-ad47-2d2f5d61d801}" RelatedActivityID=""></Correlation>
<Execution ProcessID="3320" ThreadID="4444"></Execution>
<Channel>Microsoft-Windows-AppXDeploymentServer/Operational</Channel>
<Computer>Council-HQ</Computer>
<Security UserID="S-1-5-18"></Security>
</System>
<EventData><Data Name="PackageFullName">Microsoft.OneDriveSync_21220.1024.5.0_neutral__8wekyb3d8bbwe</Data>
<Data Name="ErrorCode">0x00000000</Data>
</EventData>
</Event>

<Event xmlns="http://schemas.microsoft.com/win/2004/08/events/event"><System><Provider Name="Microsoft-Windows-AppXDeployment-Server" Guid="{3f471139-acb7-4a01-b7a7-ff5da4ba2d43}"></Provider>
<EventID Qualifiers="">5507</EventID>
<Version>0</Version>
<Level>5</Level>
<Task>0</Task>
<Opcode>0</Opcode>
<Keywords>0x4000000000100000</Keywords>
<TimeCreated SystemTime="2022-05-06 15:27:42.149450"></TimeCreated>
<EventRecordID>1662</EventRecordID>
<Correlation ActivityID="{2f2cff59-615d-0002-ad47-2d2f5d61d801}" RelatedActivityID=""></Correlation>
<Execution ProcessID="3320" ThreadID="4444"></Execution>
<Channel>Microsoft-Windows-AppXDeploymentServer/Operational</Channel>
<Computer>Council-HQ</Computer>
<Security UserID="S-1-5-21-2389065719-3342106636-307857974-1001"></Security>
</System>
<EventData><Data Name="PackageName">Microsoft.OneDriveSync_21220.1024.5.0_neutral__8wekyb3d8bbwe</Data>
<Data Name="FilePath">C:\Program Files\WindowsApps\Microsoft.OneDriveSync_21220.1024.5.0_neutral__8wekyb3d8bbwe\microsoft.system.package.metadata\S-1-5-21-2389065719-3342106636-307857974-1001-MergedResources-*.pri</Data>
<Data Name="Message">No user-specific merged files found</Data>
</EventData>
</Event>

<Event xmlns="http://schemas.microsoft.com/win/2004/08/events/event"><System><Provider Name="Microsoft-Windows-AppXDeployment-Server" Guid="{3f471139-acb7-4a01-b7a7-ff5da4ba2d43}"></Provider>
<EventID Qualifiers="">5507</EventID>
<Version>0</Version>
<Level>5</Level>
<Task>0</Task>
<Opcode>0</Opcode>
<Keywords>0x4000000000100000</Keywords>
<TimeCreated SystemTime="2022-05-06 15:27:42.149529"></TimeCreated>
<EventRecordID>1663</EventRecordID>
<Correlation ActivityID="{2f2cff59-615d-0002-ad47-2d2f5d61d801}" RelatedActivityID=""></Correlation>
<Execution ProcessID="3320" ThreadID="4444"></Execution>
<Channel>Microsoft-Windows-AppXDeploymentServer/Operational</Channel>
<Computer>Council-HQ</Computer>
<Security UserID="S-1-5-21-2389065719-3342106636-307857974-1001"></Security>
</System>
<EventData><Data Name="PackageName">Microsoft.OneDriveSync_21220.1024.5.0_neutral__8wekyb3d8bbwe</Data>
<Data Name="FilePath">C:\Program Files\WindowsApps\Microsoft.OneDriveSync_21220.1024.5.0_neutral__8wekyb3d8bbwe\microsoft.system.package.metadata\Resources.????????.pri</Data>
<Data Name="Message">No shared merged files found</Data>
</EventData>
</Event>

<Event xmlns="http://schemas.microsoft.com/win/2004/08/events/event"><System><Provider Name="Microsoft-Windows-AppXDeployment-Server" Guid="{3f471139-acb7-4a01-b7a7-ff5da4ba2d43}"></Provider>
<EventID Qualifiers="">5507</EventID>
<Version>0</Version>
<Level>5</Level>
<Task>0</Task>
<Opcode>0</Opcode>
<Keywords>0x4000000000100000</Keywords>
<TimeCreated SystemTime="2022-05-06 15:27:42.149754"></TimeCreated>
<EventRecordID>1664</EventRecordID>
<Correlation ActivityID="{2f2cff59-615d-0002-ad47-2d2f5d61d801}" RelatedActivityID=""></Correlation>
<Execution ProcessID="3320" ThreadID="4444"></Execution>
<Channel>Microsoft-Windows-AppXDeploymentServer/Operational</Channel>
<Computer>Council-HQ</Computer>
<Security UserID="S-1-5-21-2389065719-3342106636-307857974-1001"></Security>
</System>
<EventData><Data Name="PackageName">Microsoft.OneDriveSync_21220.1024.5.0_neutral__8wekyb3d8bbwe</Data>
<Data Name="FilePath">C:\Program Files\WindowsApps\Microsoft.OneDriveSync_21220.1024.5.0_neutral__8wekyb3d8bbwe\microsoft.system.package.metadata\S-1-5-21-2389065719-3342106636-307857974-1001-MergedResources-*.pri</Data>
<Data Name="Message">No user-specific merged files found</Data>
</EventData>
</Event>

<Event xmlns="http://schemas.microsoft.com/win/2004/08/events/event"><System><Provider Name="Microsoft-Windows-AppXDeployment-Server" Guid="{3f471139-acb7-4a01-b7a7-ff5da4ba2d43}"></Provider>
<EventID Qualifiers="">5507</EventID>
<Version>0</Version>
<Level>5</Level>
<Task>0</Task>
<Opcode>0</Opcode>
<Keywords>0x4000000000100000</Keywords>
<TimeCreated SystemTime="2022-05-06 15:27:42.150291"></TimeCreated>
<EventRecordID>1665</EventRecordID>
<Correlation ActivityID="{2f2cff59-615d-0002-ad47-2d2f5d61d801}" RelatedActivityID=""></Correlation>
<Execution ProcessID="3320" ThreadID="4444"></Execution>
<Channel>Microsoft-Windows-AppXDeploymentServer/Operational</Channel>
<Computer>Council-HQ</Computer>
<Security UserID="S-1-5-21-2389065719-3342106636-307857974-1001"></Security>
</System>
<EventData><Data Name="PackageName">Microsoft.OneDriveSync_21220.1024.5.0_neutral__8wekyb3d8bbwe</Data>
<Data Name="FilePath">C:\Program Files\WindowsApps\Microsoft.OneDriveSync_21220.1024.5.0_neutral__8wekyb3d8bbwe\microsoft.system.package.metadata\Resources.????????.pri</Data>
<Data Name="Message">No shared merged files found</Data>
</EventData>
</Event>

<Event xmlns="http://schemas.microsoft.com/win/2004/08/events/event"><System><Provider Name="Microsoft-Windows-AppXDeployment-Server" Guid="{3f471139-acb7-4a01-b7a7-ff5da4ba2d43}"></Provider>
<EventID Qualifiers="">10001</EventID>
<Version>0</Version>
<Level>5</Level>
<Task>4</Task>
<Opcode>0</Opcode>
<Keywords>0x4000000000000001</Keywords>
<TimeCreated SystemTime="2022-05-06 15:27:42.250557"></TimeCreated>
<EventRecordID>1666</EventRecordID>
<Correlation ActivityID="{2f2cff59-615d-0002-ad47-2d2f5d61d801}" RelatedActivityID=""></Correlation>
<Execution ProcessID="3320" ThreadID="4444"></Execution>
<Channel>Microsoft-Windows-AppXDeploymentServer/Operational</Channel>
<Computer>Council-HQ</Computer>
<Security UserID="S-1-5-18"></Security>
</System>
<EventData><Data Name="PackageFullName">Microsoft.OneDriveSync_21220.1024.5.0_neutral__8wekyb3d8bbwe</Data>
<Data Name="ErrorCode">0x00000000</Data>
</EventData>
</Event>

<Event xmlns="http://schemas.microsoft.com/win/2004/08/events/event"><System><Provider Name="Microsoft-Windows-AppXDeployment-Server" Guid="{3f471139-acb7-4a01-b7a7-ff5da4ba2d43}"></Provider>
<EventID Qualifiers="">10001</EventID>
<Version>0</Version>
<Level>5</Level>
<Task>4</Task>
<Opcode>0</Opcode>
<Keywords>0x4000000000000001</Keywords>
<TimeCreated SystemTime="2022-05-06 15:27:42.251060"></TimeCreated>
<EventRecordID>1667</EventRecordID>
<Correlation ActivityID="{2f2cff59-615d-0002-ad47-2d2f5d61d801}" RelatedActivityID=""></Correlation>
<Execution ProcessID="3320" ThreadID="4444"></Execution>
<Channel>Microsoft-Windows-AppXDeploymentServer/Operational</Channel>
<Computer>Council-HQ</Computer>
<Security UserID="S-1-5-18"></Security>
</System>
<EventData><Data Name="PackageFullName">Microsoft.OneDriveSync_21220.1024.5.0_neutral__8wekyb3d8bbwe</Data>
<Data Name="ErrorCode">0x00000000</Data>
</EventData>
</Event>

<Event xmlns="http://schemas.microsoft.com/win/2004/08/events/event"><System><Provider Name="Microsoft-Windows-AppXDeployment-Server" Guid="{3f471139-acb7-4a01-b7a7-ff5da4ba2d43}"></Provider>
<EventID Qualifiers="">10001</EventID>
<Version>0</Version>
<Level>5</Level>
<Task>4</Task>
<Opcode>0</Opcode>
<Keywords>0x4000000000000001</Keywords>
<TimeCreated SystemTime="2022-05-06 15:27:42.251186"></TimeCreated>
<EventRecordID>1668</EventRecordID>
<Correlation ActivityID="{2f2cff59-615d-0002-ad47-2d2f5d61d801}" RelatedActivityID=""></Correlation>
<Execution ProcessID="3320" ThreadID="4444"></Execution>
<Channel>Microsoft-Windows-AppXDeploymentServer/Operational</Channel>
<Computer>Council-HQ</Computer>
<Security UserID="S-1-5-18"></Security>
</System>
<EventData><Data Name="PackageFullName">Microsoft.OneDriveSync_21220.1024.5.0_neutral__8wekyb3d8bbwe</Data>
<Data Name="ErrorCode">0x00000000</Data>
</EventData>
</Event>

<Event xmlns="http://schemas.microsoft.com/win/2004/08/events/event"><System><Provider Name="Microsoft-Windows-AppXDeployment-Server" Guid="{3f471139-acb7-4a01-b7a7-ff5da4ba2d43}"></Provider>
<EventID Qualifiers="">10001</EventID>
<Version>0</Version>
<Level>5</Level>
<Task>4</Task>
<Opcode>0</Opcode>
<Keywords>0x4000000000000001</Keywords>
<TimeCreated SystemTime="2022-05-06 15:27:42.251236"></TimeCreated>
<EventRecordID>1669</EventRecordID>
<Correlation ActivityID="{2f2cff59-615d-0002-ad47-2d2f5d61d801}" RelatedActivityID=""></Correlation>
<Execution ProcessID="3320" ThreadID="4444"></Execution>
<Channel>Microsoft-Windows-AppXDeploymentServer/Operational</Channel>
<Computer>Council-HQ</Computer>
<Security UserID="S-1-5-18"></Security>
</System>
<EventData><Data Name="PackageFullName">Microsoft.OneDriveSync_21220.1024.5.0_neutral__8wekyb3d8bbwe</Data>
<Data Name="ErrorCode">0x00000000</Data>
</EventData>
</Event>

<Event xmlns="http://schemas.microsoft.com/win/2004/08/events/event"><System><Provider Name="Microsoft-Windows-AppXDeployment-Server" Guid="{3f471139-acb7-4a01-b7a7-ff5da4ba2d43}"></Provider>
<EventID Qualifiers="">400</EventID>
<Version>0</Version>
<Level>4</Level>
<Task>3</Task>
<Opcode>2</Opcode>
<Keywords>0x4000000000000001</Keywords>
<TimeCreated SystemTime="2022-05-06 15:27:42.308802"></TimeCreated>
<EventRecordID>1670</EventRecordID>
<Correlation ActivityID="{2f2cff59-615d-0002-ad47-2d2f5d61d801}" RelatedActivityID=""></Correlation>
<Execution ProcessID="3320" ThreadID="4444"></Execution>
<Channel>Microsoft-Windows-AppXDeploymentServer/Operational</Channel>
<Computer>Council-HQ</Computer>
<Security UserID="S-1-5-21-2389065719-3342106636-307857974-1001"></Security>
</System>
<EventData><Data Name="DeploymentOperation">1</Data>
<Data Name="PackageFullName">Microsoft.OneDriveSync_21220.1024.5.0_neutral__8wekyb3d8bbwe</Data>
<Data Name="Path"> (OneDriveSync.msix) </Data>
<Data Name="MountPoint">C:</Data>
<Data Name="TargetPlatform">0x00000003</Data>
<Data Name="SystemVolume">True</Data>
<Data Name="StorageId">\\?\Volume{bf27b24f-9e98-4395-9110-325985ded282}</Data>
<Data Name="IsCentennial">True</Data>
<Data Name="PackageType">0x00000001</Data>
<Data Name="IsPackageEncrypted">False</Data>
<Data Name="DeploymentOptions">0x0040000000000000</Data>
<Data Name="IsStreamingPackage">False</Data>
<Data Name="IsInRelatedSet">False</Data>
<Data Name="IsPackageUsingBDC">False</Data>
<Data Name="MainPackageFamilyName">NULL</Data>
<Data Name="CallingProcess">OneDrive.exe</Data>
<Data Name="IsOptional">False</Data>
<Data Name="PackageFlags">0x00b0c04c</Data>
<Data Name="PackageFlags2">0x00002000</Data>
<Data Name="HasWin32alacarte">True</Data>
<Data Name="HasFullTrust">True</Data>
<Data Name="ExternalLocation">21.220.1024.0005</Data>
<Data Name="PackageSourceUri">file:///C:/Users/Council%20Leader/AppData/Local/Microsoft/OneDrive/21.220.1024.0005/SparsePackage/OneDriveSync.msix</Data>
<Data Name="PackageDisplayName">OneDrive</Data>
</EventData>
</Event>

<Event xmlns="http://schemas.microsoft.com/win/2004/08/events/event"><System><Provider Name="Microsoft-Windows-AppXDeployment-Server" Guid="{3f471139-acb7-4a01-b7a7-ff5da4ba2d43}"></Provider>
<EventID Qualifiers="">613</EventID>
<Version>0</Version>
<Level>4</Level>
<Task>3</Task>
<Opcode>0</Opcode>
<Keywords>0x4000000000000001</Keywords>
<TimeCreated SystemTime="2022-05-06 15:27:42.370579"></TimeCreated>
<EventRecordID>1671</EventRecordID>
<Correlation ActivityID="{2f2cff59-615d-0002-ad47-2d2f5d61d801}" RelatedActivityID=""></Correlation>
<Execution ProcessID="3320" ThreadID="4444"></Execution>
<Channel>Microsoft-Windows-AppXDeploymentServer/Operational</Channel>
<Computer>Council-HQ</Computer>
<Security UserID="S-1-5-21-2389065719-3342106636-307857974-1001"></Security>
</System>
<EventData><Data Name="DeploymentOperation">1</Data>
<Data Name="PackageFullName">Microsoft.OneDriveSync_21220.1024.5.0_neutral__8wekyb3d8bbwe</Data>
<Data Name="Summary">
Overall time: 1313 ms
Enqueue cost: 109 ms
Dequeue delay: 32 ms
Gap: 15 ms
Bundle processing cost: 0 ms
Indexing cost: 47 ms
Resolve dependency cost: 16 ms
Check approval cost: 15 ms
Evaluation cost: 79 ms
Hardlinking evaluation cost: 32 ms
Stage required cost: 562 ms
Flushing and closing files cost: 0 ms
Gap: 94 ms
Machine register cost: 15 ms
Stage user data cost: 0 ms
Gap: 32 ms
Registration cost: 93 ms
Gap: 16 ms
Repository commit transaction cost: 78 ms
Gap: 63 ms
Data flush cost: 0 ms
Post DeStage repository commit transaction cost: 15 ms
Remaining cost: 32 ms
</Data>
</EventData>
</Event>

<Event xmlns="http://schemas.microsoft.com/win/2004/08/events/event"><System><Provider Name="Microsoft-Windows-AppXDeployment-Server" Guid="{3f471139-acb7-4a01-b7a7-ff5da4ba2d43}"></Provider>
<EventID Qualifiers="">603</EventID>
<Version>0</Version>
<Level>4</Level>
<Task>3</Task>
<Opcode>0</Opcode>
<Keywords>0x4000000000000001</Keywords>
<TimeCreated SystemTime="2022-05-06 15:28:42.765757"></TimeCreated>
<EventRecordID>1672</EventRecordID>
<Correlation ActivityID="{2f2cff59-615d-0002-8c58-2d2f5d61d801}" RelatedActivityID=""></Correlation>
<Execution ProcessID="3320" ThreadID="3584"></Execution>
<Channel>Microsoft-Windows-AppXDeploymentServer/Operational</Channel>
<Computer>Council-HQ</Computer>
<Security UserID="S-1-5-21-2389065719-3342106636-307857974-1001"></Security>
</System>
<EventData><Data Name="DeploymentOperation">20</Data>
<Data Name="Path">MicrosoftWindows.UndockedDevKit_cw5n1h2txyewy</Data>
<Data Name="Flags">268435968</Data>
<Data Name="FlagsHigh">0</Data>
<Data Name="CallingProcess">RuntimeBroker.exe</Data>
<Data Name="ExternalLocation"></Data>
</EventData>
</Event>

<Event xmlns="http://schemas.microsoft.com/win/2004/08/events/event"><System><Provider Name="Microsoft-Windows-AppXDeployment-Server" Guid="{3f471139-acb7-4a01-b7a7-ff5da4ba2d43}"></Provider>
<EventID Qualifiers="">10002</EventID>
<Version>0</Version>
<Level>5</Level>
<Task>3</Task>
<Opcode>0</Opcode>
<Keywords>0x4000000000000001</Keywords>
<TimeCreated SystemTime="2022-05-06 15:28:42.785172"></TimeCreated>
<EventRecordID>1673</EventRecordID>
<Correlation ActivityID="{2f2cff59-615d-0002-8c58-2d2f5d61d801}" RelatedActivityID=""></Correlation>
<Execution ProcessID="3320" ThreadID="4444"></Execution>
<Channel>Microsoft-Windows-AppXDeploymentServer/Operational</Channel>
<Computer>Council-HQ</Computer>
<Security UserID="S-1-5-18"></Security>
</System>
<EventData><Data Name="DeploymentOperation">6</Data>
<Data Name="MainPackageMoniker">MicrosoftWindows.UndockedDevKit_10.0.22000.1_neutral_neutral_cw5n1h2txyewy</Data>
<Data Name="ResiliencyFilePath">C:\ProgramData\Microsoft\Windows\AppRepository\776abdd8-a834-44f2-abbf-76fc96dcd95c_S-1-5-21-2389065719-3342106636-307857974-1001_30.rslc</Data>
</EventData>
</Event>

<Event xmlns="http://schemas.microsoft.com/win/2004/08/events/event"><System><Provider Name="Microsoft-Windows-AppXDeployment-Server" Guid="{3f471139-acb7-4a01-b7a7-ff5da4ba2d43}"></Provider>
<EventID Qualifiers="">607</EventID>
<Version>0</Version>
<Level>4</Level>
<Task>0</Task>
<Opcode>0</Opcode>
<Keywords>0x4000000000000001</Keywords>
<TimeCreated SystemTime="2022-05-06 15:28:42.785707"></TimeCreated>
<EventRecordID>1674</EventRecordID>
<Correlation ActivityID="{2f2cff59-615d-0002-8c58-2d2f5d61d801}" RelatedActivityID=""></Correlation>
<Execution ProcessID="3320" ThreadID="4444"></Execution>
<Channel>Microsoft-Windows-AppXDeploymentServer/Operational</Channel>
<Computer>Council-HQ</Computer>
<Security UserID="S-1-5-21-2389065719-3342106636-307857974-1001"></Security>
</System>
<EventData><Data Name="DeploymentOperation">6</Data>
<Data Name="PackageFullName">MicrosoftWindows.UndockedDevKit_10.0.22000.1_neutral_neutral_cw5n1h2txyewy</Data>
<Data Name="UserSid">S-1-5-21-2389065719-3342106636-307857974-1001</Data>
<Data Name="CallingProcess">RuntimeBroker.exe</Data>
</EventData>
</Event>

<Event xmlns="http://schemas.microsoft.com/win/2004/08/events/event"><System><Provider Name="Microsoft-Windows-AppXDeployment-Server" Guid="{3f471139-acb7-4a01-b7a7-ff5da4ba2d43}"></Provider>
<EventID Qualifiers="">854</EventID>
<Version>0</Version>
<Level>4</Level>
<Task>3</Task>
<Opcode>0</Opcode>
<Keywords>0x4000000000000001</Keywords>
<TimeCreated SystemTime="2022-05-06 15:28:42.786045"></TimeCreated>
<EventRecordID>1675</EventRecordID>
<Correlation ActivityID="{2f2cff59-615d-0002-8c58-2d2f5d61d801}" RelatedActivityID=""></Correlation>
<Execution ProcessID="3320" ThreadID="4444"></Execution>
<Channel>Microsoft-Windows-AppXDeploymentServer/Operational</Channel>
<Computer>Council-HQ</Computer>
<Security UserID="S-1-5-21-2389065719-3342106636-307857974-1001"></Security>
</System>
<EventData><Data Name="Path"> C:\Windows\SystemApps\MicrosoftWindows.UndockedDevKit_cw5n1h2txyewy\AppxManifest.xml</Data>
</EventData>
</Event>

<Event xmlns="http://schemas.microsoft.com/win/2004/08/events/event"><System><Provider Name="Microsoft-Windows-AppXDeployment-Server" Guid="{3f471139-acb7-4a01-b7a7-ff5da4ba2d43}"></Provider>
<EventID Qualifiers="">855</EventID>
<Version>0</Version>
<Level>4</Level>
<Task>4</Task>
<Opcode>0</Opcode>
<Keywords>0x4000000000000001</Keywords>
<TimeCreated SystemTime="2022-05-06 15:28:42.802481"></TimeCreated>
<EventRecordID>1676</EventRecordID>
<Correlation ActivityID="{2f2cff59-615d-0002-8c58-2d2f5d61d801}" RelatedActivityID=""></Correlation>
<Execution ProcessID="3320" ThreadID="4444"></Execution>
<Channel>Microsoft-Windows-AppXDeploymentServer/Operational</Channel>
<Computer>Council-HQ</Computer>
<Security UserID="S-1-5-21-2389065719-3342106636-307857974-1001"></Security>
</System>
<EventData><Data Name="PackageMoniker"> addPackageList: MicrosoftWindows.UndockedDevKit_10.0.22000.1_neutral_neutral_cw5n1h2txyewy</Data>
</EventData>
</Event>

<Event xmlns="http://schemas.microsoft.com/win/2004/08/events/event"><System><Provider Name="Microsoft-Windows-AppXDeployment-Server" Guid="{3f471139-acb7-4a01-b7a7-ff5da4ba2d43}"></Provider>
<EventID Qualifiers="">573</EventID>
<Version>0</Version>
<Level>4</Level>
<Task>47</Task>
<Opcode>0</Opcode>
<Keywords>0x4000000000000001</Keywords>
<TimeCreated SystemTime="2022-05-06 15:28:42.809744"></TimeCreated>
<EventRecordID>1677</EventRecordID>
<Correlation ActivityID="{2f2cff59-615d-0002-8c58-2d2f5d61d801}" RelatedActivityID=""></Correlation>
<Execution ProcessID="3320" ThreadID="4444"></Execution>
<Channel>Microsoft-Windows-AppXDeploymentServer/Operational</Channel>
<Computer>Council-HQ</Computer>
<Security UserID="S-1-5-21-2389065719-3342106636-307857974-1001"></Security>
</System>
<EventData><Data Name="PackageFamilyName">MicrosoftWindows.UndockedDevKit_cw5n1h2txyewy</Data>
<Data Name="SettingSyncEnabled">False</Data>
</EventData>
</Event>

<Event xmlns="http://schemas.microsoft.com/win/2004/08/events/event"><System><Provider Name="Microsoft-Windows-AppXDeployment-Server" Guid="{3f471139-acb7-4a01-b7a7-ff5da4ba2d43}"></Provider>
<EventID Qualifiers="">10000</EventID>
<Version>0</Version>
<Level>5</Level>
<Task>4</Task>
<Opcode>0</Opcode>
<Keywords>0x4000000000000001</Keywords>
<TimeCreated SystemTime="2022-05-06 15:28:42.821732"></TimeCreated>
<EventRecordID>1678</EventRecordID>
<Correlation ActivityID="{2f2cff59-615d-0002-8c58-2d2f5d61d801}" RelatedActivityID=""></Correlation>
<Execution ProcessID="3320" ThreadID="4444"></Execution>
<Channel>Microsoft-Windows-AppXDeploymentServer/Operational</Channel>
<Computer>Council-HQ</Computer>
<Security UserID="S-1-5-18"></Security>
</System>
<EventData><Data Name="PackageFullName">MicrosoftWindows.UndockedDevKit_10.0.22000.1_neutral_neutral_cw5n1h2txyewy</Data>
<Data Name="ErrorCode">0x00000000</Data>
</EventData>
</Event>

<Event xmlns="http://schemas.microsoft.com/win/2004/08/events/event"><System><Provider Name="Microsoft-Windows-AppXDeployment-Server" Guid="{3f471139-acb7-4a01-b7a7-ff5da4ba2d43}"></Provider>
<EventID Qualifiers="">10001</EventID>
<Version>0</Version>
<Level>5</Level>
<Task>4</Task>
<Opcode>0</Opcode>
<Keywords>0x4000000000000001</Keywords>
<TimeCreated SystemTime="2022-05-06 15:28:42.960871"></TimeCreated>
<EventRecordID>1679</EventRecordID>
<Correlation ActivityID="{2f2cff59-615d-0002-8c58-2d2f5d61d801}" RelatedActivityID=""></Correlation>
<Execution ProcessID="3320" ThreadID="4444"></Execution>
<Channel>Microsoft-Windows-AppXDeploymentServer/Operational</Channel>
<Computer>Council-HQ</Computer>
<Security UserID="S-1-5-18"></Security>
</System>
<EventData><Data Name="PackageFullName">MicrosoftWindows.UndockedDevKit_10.0.22000.1_neutral_neutral_cw5n1h2txyewy</Data>
<Data Name="ErrorCode">0x00000000</Data>
</EventData>
</Event>

<Event xmlns="http://schemas.microsoft.com/win/2004/08/events/event"><System><Provider Name="Microsoft-Windows-AppXDeployment-Server" Guid="{3f471139-acb7-4a01-b7a7-ff5da4ba2d43}"></Provider>
<EventID Qualifiers="">10001</EventID>
<Version>0</Version>
<Level>5</Level>
<Task>4</Task>
<Opcode>0</Opcode>
<Keywords>0x4000000000000001</Keywords>
<TimeCreated SystemTime="2022-05-06 15:28:42.961254"></TimeCreated>
<EventRecordID>1680</EventRecordID>
<Correlation ActivityID="{2f2cff59-615d-0002-8c58-2d2f5d61d801}" RelatedActivityID=""></Correlation>
<Execution ProcessID="3320" ThreadID="4444"></Execution>
<Channel>Microsoft-Windows-AppXDeploymentServer/Operational</Channel>
<Computer>Council-HQ</Computer>
<Security UserID="S-1-5-18"></Security>
</System>
<EventData><Data Name="PackageFullName">MicrosoftWindows.UndockedDevKit_10.0.22000.1_neutral_neutral_cw5n1h2txyewy</Data>
<Data Name="ErrorCode">0x00000000</Data>
</EventData>
</Event>

<Event xmlns="http://schemas.microsoft.com/win/2004/08/events/event"><System><Provider Name="Microsoft-Windows-AppXDeployment-Server" Guid="{3f471139-acb7-4a01-b7a7-ff5da4ba2d43}"></Provider>
<EventID Qualifiers="">10001</EventID>
<Version>0</Version>
<Level>5</Level>
<Task>4</Task>
<Opcode>0</Opcode>
<Keywords>0x4000000000000001</Keywords>
<TimeCreated SystemTime="2022-05-06 15:28:42.961351"></TimeCreated>
<EventRecordID>1681</EventRecordID>
<Correlation ActivityID="{2f2cff59-615d-0002-8c58-2d2f5d61d801}" RelatedActivityID=""></Correlation>
<Execution ProcessID="3320" ThreadID="4444"></Execution>
<Channel>Microsoft-Windows-AppXDeploymentServer/Operational</Channel>
<Computer>Council-HQ</Computer>
<Security UserID="S-1-5-18"></Security>
</System>
<EventData><Data Name="PackageFullName">MicrosoftWindows.UndockedDevKit_10.0.22000.1_neutral_neutral_cw5n1h2txyewy</Data>
<Data Name="ErrorCode">0x00000000</Data>
</EventData>
</Event>

<Event xmlns="http://schemas.microsoft.com/win/2004/08/events/event"><System><Provider Name="Microsoft-Windows-AppXDeployment-Server" Guid="{3f471139-acb7-4a01-b7a7-ff5da4ba2d43}"></Provider>
<EventID Qualifiers="">10001</EventID>
<Version>0</Version>
<Level>5</Level>
<Task>4</Task>
<Opcode>0</Opcode>
<Keywords>0x4000000000000001</Keywords>
<TimeCreated SystemTime="2022-05-06 15:28:42.961386"></TimeCreated>
<EventRecordID>1682</EventRecordID>
<Correlation ActivityID="{2f2cff59-615d-0002-8c58-2d2f5d61d801}" RelatedActivityID=""></Correlation>
<Execution ProcessID="3320" ThreadID="4444"></Execution>
<Channel>Microsoft-Windows-AppXDeploymentServer/Operational</Channel>
<Computer>Council-HQ</Computer>
<Security UserID="S-1-5-18"></Security>
</System>
<EventData><Data Name="PackageFullName">MicrosoftWindows.UndockedDevKit_10.0.22000.1_neutral_neutral_cw5n1h2txyewy</Data>
<Data Name="ErrorCode">0x00000000</Data>
</EventData>
</Event>

<Event xmlns="http://schemas.microsoft.com/win/2004/08/events/event"><System><Provider Name="Microsoft-Windows-AppXDeployment-Server" Guid="{3f471139-acb7-4a01-b7a7-ff5da4ba2d43}"></Provider>
<EventID Qualifiers="">617</EventID>
<Version>0</Version>
<Level>5</Level>
<Task>3</Task>
<Opcode>0</Opcode>
<Keywords>0x4000000000000001</Keywords>
<TimeCreated SystemTime="2022-05-06 15:28:42.975187"></TimeCreated>
<EventRecordID>1683</EventRecordID>
<Correlation ActivityID="{2f2cff59-615d-0002-8c58-2d2f5d61d801}" RelatedActivityID=""></Correlation>
<Execution ProcessID="3320" ThreadID="4444"></Execution>
<Channel>Microsoft-Windows-AppXDeploymentServer/Operational</Channel>
<Computer>Council-HQ</Computer>
<Security UserID="S-1-5-18"></Security>
</System>
<EventData><Data Name="PackageFullName">MicrosoftWindows.UndockedDevKit_10.0.22000.1_neutral_neutral_cw5n1h2txyewy</Data>
<Data Name="StatusToClear">0x00000c00</Data>
<Data Name="StatusToSet">0x00000000</Data>
<Data Name="CallOrigin">0</Data>
</EventData>
</Event>

<Event xmlns="http://schemas.microsoft.com/win/2004/08/events/event"><System><Provider Name="Microsoft-Windows-AppXDeployment-Server" Guid="{3f471139-acb7-4a01-b7a7-ff5da4ba2d43}"></Provider>
<EventID Qualifiers="">400</EventID>
<Version>0</Version>
<Level>4</Level>
<Task>3</Task>
<Opcode>2</Opcode>
<Keywords>0x4000000000000001</Keywords>
<TimeCreated SystemTime="2022-05-06 15:28:42.992250"></TimeCreated>
<EventRecordID>1684</EventRecordID>
<Correlation ActivityID="{2f2cff59-615d-0002-8c58-2d2f5d61d801}" RelatedActivityID=""></Correlation>
<Execution ProcessID="3320" ThreadID="4444"></Execution>
<Channel>Microsoft-Windows-AppXDeploymentServer/Operational</Channel>
<Computer>Council-HQ</Computer>
<Security UserID="S-1-5-21-2389065719-3342106636-307857974-1001"></Security>
</System>
<EventData><Data Name="DeploymentOperation">6</Data>
<Data Name="PackageFullName">MicrosoftWindows.UndockedDevKit_10.0.22000.1_neutral_neutral_cw5n1h2txyewy</Data>
<Data Name="Path"> (AppxManifest.xml) </Data>
<Data Name="MountPoint">C:</Data>
<Data Name="TargetPlatform">0x00000000</Data>
<Data Name="SystemVolume">True</Data>
<Data Name="StorageId">\\?\Volume{bf27b24f-9e98-4395-9110-325985ded282}</Data>
<Data Name="IsCentennial">False</Data>
<Data Name="PackageType">0x00000001</Data>
<Data Name="IsPackageEncrypted">False</Data>
<Data Name="DeploymentOptions">0x0000000010040200</Data>
<Data Name="IsStreamingPackage">False</Data>
<Data Name="IsInRelatedSet">False</Data>
<Data Name="IsPackageUsingBDC">False</Data>
<Data Name="MainPackageFamilyName">NULL</Data>
<Data Name="CallingProcess">RuntimeBroker.exe</Data>
<Data Name="IsOptional">False</Data>
<Data Name="PackageFlags">0x00080408</Data>
<Data Name="PackageFlags2">0x00000800</Data>
<Data Name="HasWin32alacarte">False</Data>
<Data Name="HasFullTrust">False</Data>
<Data Name="ExternalLocation"></Data>
<Data Name="PackageSourceUri"></Data>
<Data Name="PackageDisplayName">UDK Package</Data>
</EventData>
</Event>

<Event xmlns="http://schemas.microsoft.com/win/2004/08/events/event"><System><Provider Name="Microsoft-Windows-AppXDeployment-Server" Guid="{3f471139-acb7-4a01-b7a7-ff5da4ba2d43}"></Provider>
<EventID Qualifiers="">613</EventID>
<Version>0</Version>
<Level>4</Level>
<Task>3</Task>
<Opcode>0</Opcode>
<Keywords>0x4000000000000001</Keywords>
<TimeCreated SystemTime="2022-05-06 15:28:43.021200"></TimeCreated>
<EventRecordID>1685</EventRecordID>
<Correlation ActivityID="{2f2cff59-615d-0002-8c58-2d2f5d61d801}" RelatedActivityID=""></Correlation>
<Execution ProcessID="3320" ThreadID="4444"></Execution>
<Channel>Microsoft-Windows-AppXDeploymentServer/Operational</Channel>
<Computer>Council-HQ</Computer>
<Security UserID="S-1-5-21-2389065719-3342106636-307857974-1001"></Security>
</System>
<EventData><Data Name="DeploymentOperation">6</Data>
<Data Name="PackageFullName">MicrosoftWindows.UndockedDevKit_10.0.22000.1_neutral_neutral_cw5n1h2txyewy</Data>
<Data Name="Summary">
Overall time: 266 ms
Gap: 16 ms
Enqueue cost: 0 ms
Dequeue delay: 15 ms
Bundle processing cost: 0 ms
Indexing cost: 0 ms
Resolve dependency cost: 16 ms
Check approval cost: 0 ms
Evaluation cost: 0 ms
Hardlinking evaluation cost: 0 ms
Stage required cost: 0 ms
Flushing and closing files cost: 0 ms
Machine register cost: 0 ms
Stage user data cost: 0 ms
Gap: 16 ms
Registration cost: 78 ms
Repository commit transaction cost: 62 ms
Gap: 32 ms
Data flush cost: 0 ms
Post DeStage repository commit transaction cost: 31 ms
Remaining cost: 0 ms
</Data>
</EventData>
</Event>

<Event xmlns="http://schemas.microsoft.com/win/2004/08/events/event"><System><Provider Name="Microsoft-Windows-AppXDeployment-Server" Guid="{3f471139-acb7-4a01-b7a7-ff5da4ba2d43}"></Provider>
<EventID Qualifiers="">603</EventID>
<Version>0</Version>
<Level>4</Level>
<Task>3</Task>
<Opcode>0</Opcode>
<Keywords>0x4000000000000001</Keywords>
<TimeCreated SystemTime="2022-05-06 15:30:58.884428"></TimeCreated>
<EventRecordID>1686</EventRecordID>
<Correlation ActivityID="{2f2cff59-615d-0000-223d-2e2f5d61d801}" RelatedActivityID=""></Correlation>
<Execution ProcessID="3320" ThreadID="1792"></Execution>
<Channel>Microsoft-Windows-AppXDeploymentServer/Operational</Channel>
<Computer>Council-HQ</Computer>
<Security UserID="S-1-5-18"></Security>
</System>
<EventData><Data Name="DeploymentOperation">4</Data>
<Data Name="Path">7361694e49072df95aa791ecda0315a0232f55e1</Data>
<Data Name="Flags">256</Data>
<Data Name="FlagsHigh">128</Data>
<Data Name="CallingProcess">svchost.exe,wuauserv</Data>
<Data Name="ExternalLocation"></Data>
</EventData>
</Event>

<Event xmlns="http://schemas.microsoft.com/win/2004/08/events/event"><System><Provider Name="Microsoft-Windows-AppXDeployment-Server" Guid="{3f471139-acb7-4a01-b7a7-ff5da4ba2d43}"></Provider>
<EventID Qualifiers="">10002</EventID>
<Version>0</Version>
<Level>5</Level>
<Task>3</Task>
<Opcode>0</Opcode>
<Keywords>0x4000000000000001</Keywords>
<TimeCreated SystemTime="2022-05-06 15:31:22.645710"></TimeCreated>
<EventRecordID>1687</EventRecordID>
<Correlation ActivityID="{2f2cff59-615d-0000-223d-2e2f5d61d801}" RelatedActivityID=""></Correlation>
<Execution ProcessID="3320" ThreadID="4444"></Execution>
<Channel>Microsoft-Windows-AppXDeploymentServer/Operational</Channel>
<Computer>Council-HQ</Computer>
<Security UserID="S-1-5-18"></Security>
</System>
<EventData><Data Name="DeploymentOperation">4</Data>
<Data Name="MainPackageMoniker">Mozilla.Firefox_100.0.0.0_x64__n80bbvh6b1yt2</Data>
<Data Name="ResiliencyFilePath">C:\ProgramData\Microsoft\Windows\AppRepository\776abdd8-a834-44f2-abbf-76fc96dcd95c_S-1-5-18_31.rslc</Data>
</EventData>
</Event>

