<?xml version="1.1" encoding="utf-8" standalone="yes" ?>

<Events>
<Event xmlns="http://schemas.microsoft.com/win/2004/08/events/event"><System><Provider Name="Microsoft-Windows-GroupPolicy" Guid="{aea1b4fa-97d1-45f2-a64c-4d69fffd92c9}"></Provider>
<EventID Qualifiers="">4116</EventID>
<Version>0</Version>
<Level>4</Level>
<Task>0</Task>
<Opcode>0</Opcode>
<Keywords>0x4000000000000000</Keywords>
<TimeCreated SystemTime="2022-05-07 01:19:43.919926"></TimeCreated>
<EventRecordID>1</EventRecordID>
<Correlation ActivityID="" RelatedActivityID=""></Correlation>
<Execution ProcessID="412" ThreadID="1348"></Execution>
<Channel>Microsoft-Windows-GroupPolicy/Operational</Channel>
<Computer>WIN-GE1PLB8KFNS</Computer>
<Security UserID="S-1-5-18"></Security>
</System>
<EventData></EventData>
</Event>

<Event xmlns="http://schemas.microsoft.com/win/2004/08/events/event"><System><Provider Name="Microsoft-Windows-GroupPolicy" Guid="{aea1b4fa-97d1-45f2-a64c-4d69fffd92c9}"></Provider>
<EventID Qualifiers="">4115</EventID>
<Version>0</Version>
<Level>4</Level>
<Task>0</Task>
<Opcode>0</Opcode>
<Keywords>0x4000000000000000</Keywords>
<TimeCreated SystemTime="2022-05-07 01:19:43.925671"></TimeCreated>
<EventRecordID>2</EventRecordID>
<Correlation ActivityID="" RelatedActivityID=""></Correlation>
<Execution ProcessID="412" ThreadID="1348"></Execution>
<Channel>Microsoft-Windows-GroupPolicy/Operational</Channel>
<Computer>WIN-GE1PLB8KFNS</Computer>
<Security UserID="S-1-5-18"></Security>
</System>
<EventData><Data Name="IsServiceRestart">False</Data>
<Data Name="IsMachineBoot">True</Data>
</EventData>
</Event>

<Event xmlns="http://schemas.microsoft.com/win/2004/08/events/event"><System><Provider Name="Microsoft-Windows-GroupPolicy" Guid="{aea1b4fa-97d1-45f2-a64c-4d69fffd92c9}"></Provider>
<EventID Qualifiers="">5116</EventID>
<Version>0</Version>
<Level>4</Level>
<Task>0</Task>
<Opcode>0</Opcode>
<Keywords>0x4000000000000000</Keywords>
<TimeCreated SystemTime="2022-05-07 01:19:43.929794"></TimeCreated>
<EventRecordID>3</EventRecordID>
<Correlation ActivityID="" RelatedActivityID=""></Correlation>
<Execution ProcessID="412" ThreadID="1444"></Execution>
<Channel>Microsoft-Windows-GroupPolicy/Operational</Channel>
<Computer>WIN-GE1PLB8KFNS</Computer>
<Security UserID="S-1-5-18"></Security>
</System>
<EventData><Data Name="GpsvcInitTimeElapsedInMilliseconds">15</Data>
</EventData>
</Event>

<Event xmlns="http://schemas.microsoft.com/win/2004/08/events/event"><System><Provider Name="Microsoft-Windows-GroupPolicy" Guid="{aea1b4fa-97d1-45f2-a64c-4d69fffd92c9}"></Provider>
<EventID Qualifiers="">5320</EventID>
<Version>0</Version>
<Level>4</Level>
<Task>0</Task>
<Opcode>0</Opcode>
<Keywords>0x4000000000000000</Keywords>
<TimeCreated SystemTime="2022-05-07 01:19:43.971504"></TimeCreated>
<EventRecordID>4</EventRecordID>
<Correlation ActivityID="" RelatedActivityID=""></Correlation>
<Execution ProcessID="412" ThreadID="1444"></Execution>
<Channel>Microsoft-Windows-GroupPolicy/Operational</Channel>
<Computer>WIN-GE1PLB8KFNS</Computer>
<Security UserID="S-1-5-18"></Security>
</System>
<EventData><Data Name="InfoDescription">%%4168</Data>
</EventData>
</Event>

<Event xmlns="http://schemas.microsoft.com/win/2004/08/events/event"><System><Provider Name="Microsoft-Windows-GroupPolicy" Guid="{aea1b4fa-97d1-45f2-a64c-4d69fffd92c9}"></Provider>
<EventID Qualifiers="">5320</EventID>
<Version>0</Version>
<Level>4</Level>
<Task>0</Task>
<Opcode>0</Opcode>
<Keywords>0x4000000000000000</Keywords>
<TimeCreated SystemTime="2022-05-07 01:19:43.971567"></TimeCreated>
<EventRecordID>5</EventRecordID>
<Correlation ActivityID="" RelatedActivityID=""></Correlation>
<Execution ProcessID="412" ThreadID="1444"></Execution>
<Channel>Microsoft-Windows-GroupPolicy/Operational</Channel>
<Computer>WIN-GE1PLB8KFNS</Computer>
<Security UserID="S-1-5-18"></Security>
</System>
<EventData><Data Name="InfoDescription">%%4160</Data>
</EventData>
</Event>

<Event xmlns="http://schemas.microsoft.com/win/2004/08/events/event"><System><Provider Name="Microsoft-Windows-GroupPolicy" Guid="{aea1b4fa-97d1-45f2-a64c-4d69fffd92c9}"></Provider>
<EventID Qualifiers="">5320</EventID>
<Version>0</Version>
<Level>4</Level>
<Task>0</Task>
<Opcode>0</Opcode>
<Keywords>0x4000000000000000</Keywords>
<TimeCreated SystemTime="2022-05-07 01:19:43.971567"></TimeCreated>
<EventRecordID>6</EventRecordID>
<Correlation ActivityID="" RelatedActivityID=""></Correlation>
<Execution ProcessID="412" ThreadID="1444"></Execution>
<Channel>Microsoft-Windows-GroupPolicy/Operational</Channel>
<Computer>WIN-GE1PLB8KFNS</Computer>
<Security UserID="S-1-5-18"></Security>
</System>
<EventData><Data Name="InfoDescription">%%4166</Data>
</EventData>
</Event>

<Event xmlns="http://schemas.microsoft.com/win/2004/08/events/event"><System><Provider Name="Microsoft-Windows-GroupPolicy" Guid="{aea1b4fa-97d1-45f2-a64c-4d69fffd92c9}"></Provider>
<EventID Qualifiers="">5321</EventID>
<Version>0</Version>
<Level>4</Level>
<Task>0</Task>
<Opcode>0</Opcode>
<Keywords>0x4000000000000000</Keywords>
<TimeCreated SystemTime="2022-05-07 01:19:43.971792"></TimeCreated>
<EventRecordID>7</EventRecordID>
<Correlation ActivityID="" RelatedActivityID=""></Correlation>
<Execution ProcessID="412" ThreadID="1444"></Execution>
<Channel>Microsoft-Windows-GroupPolicy/Operational</Channel>
<Computer>WIN-GE1PLB8KFNS</Computer>
<Security UserID="S-1-5-18"></Security>
</System>
<EventData><Data Name="InfoDescription">%%4167</Data>
<Data Name="OperationParameter1">b49aa7cb-02b9-4989-8506-0baf3e403826</Data>
</EventData>
</Event>

<Event xmlns="http://schemas.microsoft.com/win/2004/08/events/event"><System><Provider Name="Microsoft-Windows-GroupPolicy" Guid="{aea1b4fa-97d1-45f2-a64c-4d69fffd92c9}"></Provider>
<EventID Qualifiers="">4116</EventID>
<Version>0</Version>
<Level>4</Level>
<Task>0</Task>
<Opcode>0</Opcode>
<Keywords>0x4000000000000000</Keywords>
<TimeCreated SystemTime="2022-05-07 01:20:56.364367"></TimeCreated>
<EventRecordID>8</EventRecordID>
<Correlation ActivityID="" RelatedActivityID=""></Correlation>
<Execution ProcessID="2160" ThreadID="2224"></Execution>
<Channel>Microsoft-Windows-GroupPolicy/Operational</Channel>
<Computer>DESKTOP-DBOP9M0</Computer>
<Security UserID="S-1-5-18"></Security>
</System>
<EventData></EventData>
</Event>

<Event xmlns="http://schemas.microsoft.com/win/2004/08/events/event"><System><Provider Name="Microsoft-Windows-GroupPolicy" Guid="{aea1b4fa-97d1-45f2-a64c-4d69fffd92c9}"></Provider>
<EventID Qualifiers="">4115</EventID>
<Version>0</Version>
<Level>4</Level>
<Task>0</Task>
<Opcode>0</Opcode>
<Keywords>0x4000000000000000</Keywords>
<TimeCreated SystemTime="2022-05-07 01:20:56.369829"></TimeCreated>
<EventRecordID>9</EventRecordID>
<Correlation ActivityID="" RelatedActivityID=""></Correlation>
<Execution ProcessID="2160" ThreadID="2224"></Execution>
<Channel>Microsoft-Windows-GroupPolicy/Operational</Channel>
<Computer>DESKTOP-DBOP9M0</Computer>
<Security UserID="S-1-5-18"></Security>
</System>
<EventData><Data Name="IsServiceRestart">False</Data>
<Data Name="IsMachineBoot">True</Data>
</EventData>
</Event>

<Event xmlns="http://schemas.microsoft.com/win/2004/08/events/event"><System><Provider Name="Microsoft-Windows-GroupPolicy" Guid="{aea1b4fa-97d1-45f2-a64c-4d69fffd92c9}"></Provider>
<EventID Qualifiers="">5116</EventID>
<Version>0</Version>
<Level>4</Level>
<Task>0</Task>
<Opcode>0</Opcode>
<Keywords>0x4000000000000000</Keywords>
<TimeCreated SystemTime="2022-05-07 01:20:56.384029"></TimeCreated>
<EventRecordID>10</EventRecordID>
<Correlation ActivityID="" RelatedActivityID=""></Correlation>
<Execution ProcessID="2160" ThreadID="2248"></Execution>
<Channel>Microsoft-Windows-GroupPolicy/Operational</Channel>
<Computer>DESKTOP-DBOP9M0</Computer>
<Security UserID="S-1-5-18"></Security>
</System>
<EventData><Data Name="GpsvcInitTimeElapsedInMilliseconds">15</Data>
</EventData>
</Event>

<Event xmlns="http://schemas.microsoft.com/win/2004/08/events/event"><System><Provider Name="Microsoft-Windows-GroupPolicy" Guid="{aea1b4fa-97d1-45f2-a64c-4d69fffd92c9}"></Provider>
<EventID Qualifiers="">5320</EventID>
<Version>0</Version>
<Level>4</Level>
<Task>0</Task>
<Opcode>0</Opcode>
<Keywords>0x4000000000000000</Keywords>
<TimeCreated SystemTime="2022-05-07 01:20:56.425026"></TimeCreated>
<EventRecordID>11</EventRecordID>
<Correlation ActivityID="" RelatedActivityID=""></Correlation>
<Execution ProcessID="2160" ThreadID="2248"></Execution>
<Channel>Microsoft-Windows-GroupPolicy/Operational</Channel>
<Computer>DESKTOP-DBOP9M0</Computer>
<Security UserID="S-1-5-18"></Security>
</System>
<EventData><Data Name="InfoDescription">%%4168</Data>
</EventData>
</Event>

<Event xmlns="http://schemas.microsoft.com/win/2004/08/events/event"><System><Provider Name="Microsoft-Windows-GroupPolicy" Guid="{aea1b4fa-97d1-45f2-a64c-4d69fffd92c9}"></Provider>
<EventID Qualifiers="">5320</EventID>
<Version>0</Version>
<Level>4</Level>
<Task>0</Task>
<Opcode>0</Opcode>
<Keywords>0x4000000000000000</Keywords>
<TimeCreated SystemTime="2022-05-07 01:20:56.430662"></TimeCreated>
<EventRecordID>12</EventRecordID>
<Correlation ActivityID="" RelatedActivityID=""></Correlation>
<Execution ProcessID="2160" ThreadID="2248"></Execution>
<Channel>Microsoft-Windows-GroupPolicy/Operational</Channel>
<Computer>DESKTOP-DBOP9M0</Computer>
<Security UserID="S-1-5-18"></Security>
</System>
<EventData><Data Name="InfoDescription">%%4160</Data>
</EventData>
</Event>

<Event xmlns="http://schemas.microsoft.com/win/2004/08/events/event"><System><Provider Name="Microsoft-Windows-GroupPolicy" Guid="{aea1b4fa-97d1-45f2-a64c-4d69fffd92c9}"></Provider>
<EventID Qualifiers="">5320</EventID>
<Version>0</Version>
<Level>4</Level>
<Task>0</Task>
<Opcode>0</Opcode>
<Keywords>0x4000000000000000</Keywords>
<TimeCreated SystemTime="2022-05-07 01:20:56.430664"></TimeCreated>
<EventRecordID>13</EventRecordID>
<Correlation ActivityID="" RelatedActivityID=""></Correlation>
<Execution ProcessID="2160" ThreadID="2248"></Execution>
<Channel>Microsoft-Windows-GroupPolicy/Operational</Channel>
<Computer>DESKTOP-DBOP9M0</Computer>
<Security UserID="S-1-5-18"></Security>
</System>
<EventData><Data Name="InfoDescription">%%4166</Data>
</EventData>
</Event>

<Event xmlns="http://schemas.microsoft.com/win/2004/08/events/event"><System><Provider Name="Microsoft-Windows-GroupPolicy" Guid="{aea1b4fa-97d1-45f2-a64c-4d69fffd92c9}"></Provider>
<EventID Qualifiers="">5321</EventID>
<Version>0</Version>
<Level>4</Level>
<Task>0</Task>
<Opcode>0</Opcode>
<Keywords>0x4000000000000000</Keywords>
<TimeCreated SystemTime="2022-05-07 01:20:56.430864"></TimeCreated>
<EventRecordID>14</EventRecordID>
<Correlation ActivityID="" RelatedActivityID=""></Correlation>
<Execution ProcessID="2160" ThreadID="2248"></Execution>
<Channel>Microsoft-Windows-GroupPolicy/Operational</Channel>
<Computer>DESKTOP-DBOP9M0</Computer>
<Security UserID="S-1-5-18"></Security>
</System>
<EventData><Data Name="InfoDescription">%%4167</Data>
<Data Name="OperationParameter1">d787ed7d-2574-4bdb-bdf9-c46f6035f17c</Data>
</EventData>
</Event>

<Event xmlns="http://schemas.microsoft.com/win/2004/08/events/event"><System><Provider Name="Microsoft-Windows-GroupPolicy" Guid="{aea1b4fa-97d1-45f2-a64c-4d69fffd92c9}"></Provider>
<EventID Qualifiers="">5324</EventID>
<Version>0</Version>
<Level>4</Level>
<Task>0</Task>
<Opcode>0</Opcode>
<Keywords>0x4000000000000000</Keywords>
<TimeCreated SystemTime="2022-05-06 15:21:03.963646"></TimeCreated>
<EventRecordID>15</EventRecordID>
<Correlation ActivityID="" RelatedActivityID=""></Correlation>
<Execution ProcessID="2160" ThreadID="2248"></Execution>
<Channel>Microsoft-Windows-GroupPolicy/Operational</Channel>
<Computer>DESKTOP-DBOP9M0</Computer>
<Security UserID="S-1-5-18"></Security>
</System>
<EventData><Data Name="NotificationType">0</Data>
<Data Name="SessionId">1</Data>
</EventData>
</Event>

<Event xmlns="http://schemas.microsoft.com/win/2004/08/events/event"><System><Provider Name="Microsoft-Windows-GroupPolicy" Guid="{aea1b4fa-97d1-45f2-a64c-4d69fffd92c9}"></Provider>
<EventID Qualifiers="">4117</EventID>
<Version>0</Version>
<Level>4</Level>
<Task>0</Task>
<Opcode>0</Opcode>
<Keywords>0x4000000000000000</Keywords>
<TimeCreated SystemTime="2022-05-06 15:21:03.964279"></TimeCreated>
<EventRecordID>16</EventRecordID>
<Correlation ActivityID="" RelatedActivityID=""></Correlation>
<Execution ProcessID="2160" ThreadID="4600"></Execution>
<Channel>Microsoft-Windows-GroupPolicy/Operational</Channel>
<Computer>DESKTOP-DBOP9M0</Computer>
<Security UserID="S-1-5-18"></Security>
</System>
<EventData><Data Name="IsMachine">True</Data>
<Data Name="IsBackgroundProcessing">False</Data>
<Data Name="IsAsyncProcessing">False</Data>
</EventData>
</Event>

<Event xmlns="http://schemas.microsoft.com/win/2004/08/events/event"><System><Provider Name="Microsoft-Windows-GroupPolicy" Guid="{aea1b4fa-97d1-45f2-a64c-4d69fffd92c9}"></Provider>
<EventID Qualifiers="">4000</EventID>
<Version>1</Version>
<Level>4</Level>
<Task>0</Task>
<Opcode>1</Opcode>
<Keywords>0x4000000000000000</Keywords>
<TimeCreated SystemTime="2022-05-06 15:21:03.966232"></TimeCreated>
<EventRecordID>17</EventRecordID>
<Correlation ActivityID="{a0db6d9f-e307-4f1d-9bf2-f62c8a903799}" RelatedActivityID=""></Correlation>
<Execution ProcessID="2160" ThreadID="4600"></Execution>
<Channel>Microsoft-Windows-GroupPolicy/Operational</Channel>
<Computer>DESKTOP-DBOP9M0</Computer>
<Security UserID="S-1-5-18"></Security>
</System>
<EventData><Data Name="PolicyActivityId">{a0db6d9f-e307-4f1d-9bf2-f62c8a903799}</Data>
<Data Name="PrincipalSamName">WORKGROUP\WIN-GE1PLB8KFNS$</Data>
<Data Name="IsMachine">1</Data>
<Data Name="IsDomainJoined">False</Data>
<Data Name="IsBackgroundProcessing">False</Data>
<Data Name="IsAsyncProcessing">False</Data>
<Data Name="IsServiceRestart">False</Data>
<Data Name="ReasonForSyncProcessing">1</Data>
</EventData>
</Event>

<Event xmlns="http://schemas.microsoft.com/win/2004/08/events/event"><System><Provider Name="Microsoft-Windows-GroupPolicy" Guid="{aea1b4fa-97d1-45f2-a64c-4d69fffd92c9}"></Provider>
<EventID Qualifiers="">5340</EventID>
<Version>0</Version>
<Level>4</Level>
<Task>0</Task>
<Opcode>0</Opcode>
<Keywords>0x4000000000000000</Keywords>
<TimeCreated SystemTime="2022-05-06 15:21:03.966619"></TimeCreated>
<EventRecordID>18</EventRecordID>
<Correlation ActivityID="{a0db6d9f-e307-4f1d-9bf2-f62c8a903799}" RelatedActivityID=""></Correlation>
<Execution ProcessID="2160" ThreadID="4600"></Execution>
<Channel>Microsoft-Windows-GroupPolicy/Operational</Channel>
<Computer>DESKTOP-DBOP9M0</Computer>
<Security UserID="S-1-5-18"></Security>
</System>
<EventData><Data Name="PolicyApplicationMode">1</Data>
</EventData>
</Event>

<Event xmlns="http://schemas.microsoft.com/win/2004/08/events/event"><System><Provider Name="Microsoft-Windows-GroupPolicy" Guid="{aea1b4fa-97d1-45f2-a64c-4d69fffd92c9}"></Provider>
<EventID Qualifiers="">5311</EventID>
<Version>0</Version>
<Level>4</Level>
<Task>0</Task>
<Opcode>0</Opcode>
<Keywords>0x4000000000000000</Keywords>
<TimeCreated SystemTime="2022-05-06 15:21:03.971193"></TimeCreated>
<EventRecordID>19</EventRecordID>
<Correlation ActivityID="{a0db6d9f-e307-4f1d-9bf2-f62c8a903799}" RelatedActivityID=""></Correlation>
<Execution ProcessID="2160" ThreadID="4600"></Execution>
<Channel>Microsoft-Windows-GroupPolicy/Operational</Channel>
<Computer>DESKTOP-DBOP9M0</Computer>
<Security UserID="S-1-5-18"></Security>
</System>
<EventData><Data Name="PolicyProcessingMode">0</Data>
</EventData>
</Event>

<Event xmlns="http://schemas.microsoft.com/win/2004/08/events/event"><System><Provider Name="Microsoft-Windows-GroupPolicy" Guid="{aea1b4fa-97d1-45f2-a64c-4d69fffd92c9}"></Provider>
<EventID Qualifiers="">4126</EventID>
<Version>0</Version>
<Level>4</Level>
<Task>0</Task>
<Opcode>0</Opcode>
<Keywords>0x4000000000000000</Keywords>
<TimeCreated SystemTime="2022-05-06 15:21:03.971197"></TimeCreated>
<EventRecordID>20</EventRecordID>
<Correlation ActivityID="{a0db6d9f-e307-4f1d-9bf2-f62c8a903799}" RelatedActivityID=""></Correlation>
<Execution ProcessID="2160" ThreadID="4600"></Execution>
<Channel>Microsoft-Windows-GroupPolicy/Operational</Channel>
<Computer>DESKTOP-DBOP9M0</Computer>
<Security UserID="S-1-5-18"></Security>
</System>
<EventData><Data Name="IsMachine">True</Data>
</EventData>
</Event>

<Event xmlns="http://schemas.microsoft.com/win/2004/08/events/event"><System><Provider Name="Microsoft-Windows-GroupPolicy" Guid="{aea1b4fa-97d1-45f2-a64c-4d69fffd92c9}"></Provider>
<EventID Qualifiers="">5257</EventID>
<Version>0</Version>
<Level>4</Level>
<Task>0</Task>
<Opcode>0</Opcode>
<Keywords>0x4000000000000000</Keywords>
<TimeCreated SystemTime="2022-05-06 15:21:03.971210"></TimeCreated>
<EventRecordID>21</EventRecordID>
<Correlation ActivityID="{a0db6d9f-e307-4f1d-9bf2-f62c8a903799}" RelatedActivityID=""></Correlation>
<Execution ProcessID="2160" ThreadID="4600"></Execution>
<Channel>Microsoft-Windows-GroupPolicy/Operational</Channel>
<Computer>DESKTOP-DBOP9M0</Computer>
<Security UserID="S-1-5-18"></Security>
</System>
<EventData><Data Name="IsMachine">True</Data>
<Data Name="PolicyDownloadTimeElapsedInMilliseconds">21484</Data>
</EventData>
</Event>

<Event xmlns="http://schemas.microsoft.com/win/2004/08/events/event"><System><Provider Name="Microsoft-Windows-GroupPolicy" Guid="{aea1b4fa-97d1-45f2-a64c-4d69fffd92c9}"></Provider>
<EventID Qualifiers="">5126</EventID>
<Version>0</Version>
<Level>4</Level>
<Task>0</Task>
<Opcode>0</Opcode>
<Keywords>0x4000000000000000</Keywords>
<TimeCreated SystemTime="2022-05-06 15:21:03.971472"></TimeCreated>
<EventRecordID>22</EventRecordID>
<Correlation ActivityID="{a0db6d9f-e307-4f1d-9bf2-f62c8a903799}" RelatedActivityID=""></Correlation>
<Execution ProcessID="2160" ThreadID="4600"></Execution>
<Channel>Microsoft-Windows-GroupPolicy/Operational</Channel>
<Computer>DESKTOP-DBOP9M0</Computer>
<Security UserID="S-1-5-18"></Security>
</System>
<EventData><Data Name="IsMachine">True</Data>
<Data Name="IsBackgroundProcessing">False</Data>
<Data Name="IsAsyncProcessing">False</Data>
<Data Name="NumberOfGPOsDownloaded">0</Data>
<Data Name="NumberOfGPOsApplicable">0</Data>
<Data Name="GPODownloadTimeElapsedInMilliseconds">0</Data>
</EventData>
</Event>

<Event xmlns="http://schemas.microsoft.com/win/2004/08/events/event"><System><Provider Name="Microsoft-Windows-GroupPolicy" Guid="{aea1b4fa-97d1-45f2-a64c-4d69fffd92c9}"></Provider>
<EventID Qualifiers="">5312</EventID>
<Version>0</Version>
<Level>4</Level>
<Task>0</Task>
<Opcode>0</Opcode>
<Keywords>0x4000000000000000</Keywords>
<TimeCreated SystemTime="2022-05-06 15:21:03.971479"></TimeCreated>
<EventRecordID>23</EventRecordID>
<Correlation ActivityID="{a0db6d9f-e307-4f1d-9bf2-f62c8a903799}" RelatedActivityID=""></Correlation>
<Execution ProcessID="2160" ThreadID="4600"></Execution>
<Channel>Microsoft-Windows-GroupPolicy/Operational</Channel>
<Computer>DESKTOP-DBOP9M0</Computer>
<Security UserID="S-1-5-18"></Security>
</System>
<EventData><Data Name="DescriptionString">None</Data>
<Data Name="GPOInfoList"></Data>
</EventData>
</Event>

<Event xmlns="http://schemas.microsoft.com/win/2004/08/events/event"><System><Provider Name="Microsoft-Windows-GroupPolicy" Guid="{aea1b4fa-97d1-45f2-a64c-4d69fffd92c9}"></Provider>
<EventID Qualifiers="">5313</EventID>
<Version>0</Version>
<Level>4</Level>
<Task>0</Task>
<Opcode>0</Opcode>
<Keywords>0x4000000000000000</Keywords>
<TimeCreated SystemTime="2022-05-06 15:21:03.971489"></TimeCreated>
<EventRecordID>24</EventRecordID>
<Correlation ActivityID="{a0db6d9f-e307-4f1d-9bf2-f62c8a903799}" RelatedActivityID=""></Correlation>
<Execution ProcessID="2160" ThreadID="4600"></Execution>
<Channel>Microsoft-Windows-GroupPolicy/Operational</Channel>
<Computer>DESKTOP-DBOP9M0</Computer>
<Security UserID="S-1-5-18"></Security>
</System>
<EventData><Data Name="DescriptionString">Local Group Policy
	Not Applied (Empty)
</Data>
<Data Name="GPOInfoList">&lt;GPO ID="Local Group Policy"&gt;&lt;Name&gt;Local Group Policy&lt;/Name&gt;&lt;Version&gt;0&lt;/Version&gt;&lt;SOM&gt;Local&lt;/SOM&gt;&lt;FSPath&gt;C:\WINDOWS\System32\GroupPolicy\Machine&lt;/FSPath&gt;&lt;Reason&gt;NOTAPPLIED-EMPTY&lt;/Reason&gt;&lt;/GPO&gt;</Data>
</EventData>
</Event>

<Event xmlns="http://schemas.microsoft.com/win/2004/08/events/event"><System><Provider Name="Microsoft-Windows-GroupPolicy" Guid="{aea1b4fa-97d1-45f2-a64c-4d69fffd92c9}"></Provider>
<EventID Qualifiers="">5320</EventID>
<Version>0</Version>
<Level>4</Level>
<Task>0</Task>
<Opcode>0</Opcode>
<Keywords>0x4000000000000000</Keywords>
<TimeCreated SystemTime="2022-05-06 15:21:04.000847"></TimeCreated>
<EventRecordID>25</EventRecordID>
<Correlation ActivityID="{a0db6d9f-e307-4f1d-9bf2-f62c8a903799}" RelatedActivityID=""></Correlation>
<Execution ProcessID="2160" ThreadID="4600"></Execution>
<Channel>Microsoft-Windows-GroupPolicy/Operational</Channel>
<Computer>DESKTOP-DBOP9M0</Computer>
<Security UserID="S-1-5-18"></Security>
</System>
<EventData><Data Name="InfoDescription">%%4161</Data>
</EventData>
</Event>

<Event xmlns="http://schemas.microsoft.com/win/2004/08/events/event"><System><Provider Name="Microsoft-Windows-GroupPolicy" Guid="{aea1b4fa-97d1-45f2-a64c-4d69fffd92c9}"></Provider>
<EventID Qualifiers="">5320</EventID>
<Version>0</Version>
<Level>4</Level>
<Task>0</Task>
<Opcode>0</Opcode>
<Keywords>0x4000000000000000</Keywords>
<TimeCreated SystemTime="2022-05-06 15:21:04.000938"></TimeCreated>
<EventRecordID>26</EventRecordID>
<Correlation ActivityID="{a0db6d9f-e307-4f1d-9bf2-f62c8a903799}" RelatedActivityID=""></Correlation>
<Execution ProcessID="2160" ThreadID="4600"></Execution>
<Channel>Microsoft-Windows-GroupPolicy/Operational</Channel>
<Computer>DESKTOP-DBOP9M0</Computer>
<Security UserID="S-1-5-18"></Security>
</System>
<EventData><Data Name="InfoDescription">%%4163</Data>
</EventData>
</Event>

<Event xmlns="http://schemas.microsoft.com/win/2004/08/events/event"><System><Provider Name="Microsoft-Windows-GroupPolicy" Guid="{aea1b4fa-97d1-45f2-a64c-4d69fffd92c9}"></Provider>
<EventID Qualifiers="">5320</EventID>
<Version>0</Version>
<Level>4</Level>
<Task>0</Task>
<Opcode>0</Opcode>
<Keywords>0x4000000000000000</Keywords>
<TimeCreated SystemTime="2022-05-06 15:21:04.000940"></TimeCreated>
<EventRecordID>27</EventRecordID>
<Correlation ActivityID="{a0db6d9f-e307-4f1d-9bf2-f62c8a903799}" RelatedActivityID=""></Correlation>
<Execution ProcessID="2160" ThreadID="4600"></Execution>
<Channel>Microsoft-Windows-GroupPolicy/Operational</Channel>
<Computer>DESKTOP-DBOP9M0</Computer>
<Security UserID="S-1-5-18"></Security>
</System>
<EventData><Data Name="InfoDescription">%%4165</Data>
</EventData>
</Event>

<Event xmlns="http://schemas.microsoft.com/win/2004/08/events/event"><System><Provider Name="Microsoft-Windows-GroupPolicy" Guid="{aea1b4fa-97d1-45f2-a64c-4d69fffd92c9}"></Provider>
<EventID Qualifiers="">8000</EventID>
<Version>1</Version>
<Level>4</Level>
<Task>0</Task>
<Opcode>2</Opcode>
<Keywords>0x4000000000000000</Keywords>
<TimeCreated SystemTime="2022-05-06 15:21:04.029066"></TimeCreated>
<EventRecordID>28</EventRecordID>
<Correlation ActivityID="{a0db6d9f-e307-4f1d-9bf2-f62c8a903799}" RelatedActivityID=""></Correlation>
<Execution ProcessID="2160" ThreadID="4600"></Execution>
<Channel>Microsoft-Windows-GroupPolicy/Operational</Channel>
<Computer>DESKTOP-DBOP9M0</Computer>
<Security UserID="S-1-5-18"></Security>
</System>
<EventData><Data Name="PolicyElaspedTimeInSeconds">0</Data>
<Data Name="ErrorCode">0</Data>
<Data Name="PrincipalSamName">WORKGROUP\WIN-GE1PLB8KFNS$</Data>
<Data Name="IsMachine">1</Data>
<Data Name="IsConnectivityFailure">False</Data>
</EventData>
</Event>

<Event xmlns="http://schemas.microsoft.com/win/2004/08/events/event"><System><Provider Name="Microsoft-Windows-GroupPolicy" Guid="{aea1b4fa-97d1-45f2-a64c-4d69fffd92c9}"></Provider>
<EventID Qualifiers="">5117</EventID>
<Version>0</Version>
<Level>4</Level>
<Task>0</Task>
<Opcode>0</Opcode>
<Keywords>0x4000000000000000</Keywords>
<TimeCreated SystemTime="2022-05-06 15:21:04.029181"></TimeCreated>
<EventRecordID>29</EventRecordID>
<Correlation ActivityID="{a0db6d9f-e307-4f1d-9bf2-f62c8a903799}" RelatedActivityID=""></Correlation>
<Execution ProcessID="2160" ThreadID="4600"></Execution>
<Channel>Microsoft-Windows-GroupPolicy/Operational</Channel>
<Computer>DESKTOP-DBOP9M0</Computer>
<Security UserID="S-1-5-18"></Security>
</System>
<EventData><Data Name="IsMachine">True</Data>
<Data Name="SessionTimeElapsedInMilliseconds">63</Data>
</EventData>
</Event>

<Event xmlns="http://schemas.microsoft.com/win/2004/08/events/event"><System><Provider Name="Microsoft-Windows-GroupPolicy" Guid="{aea1b4fa-97d1-45f2-a64c-4d69fffd92c9}"></Provider>
<EventID Qualifiers="">6338</EventID>
<Version>0</Version>
<Level>4</Level>
<Task>0</Task>
<Opcode>0</Opcode>
<Keywords>0x4000000000000000</Keywords>
<TimeCreated SystemTime="2022-05-06 15:21:04.029198"></TimeCreated>
<EventRecordID>30</EventRecordID>
<Correlation ActivityID="" RelatedActivityID=""></Correlation>
<Execution ProcessID="2160" ThreadID="2248"></Execution>
<Channel>Microsoft-Windows-GroupPolicy/Operational</Channel>
<Computer>DESKTOP-DBOP9M0</Computer>
<Security UserID="S-1-5-18"></Security>
</System>
<EventData></EventData>
</Event>

<Event xmlns="http://schemas.microsoft.com/win/2004/08/events/event"><System><Provider Name="Microsoft-Windows-GroupPolicy" Guid="{aea1b4fa-97d1-45f2-a64c-4d69fffd92c9}"></Provider>
<EventID Qualifiers="">5351</EventID>
<Version>0</Version>
<Level>4</Level>
<Task>0</Task>
<Opcode>0</Opcode>
<Keywords>0x4000000000000000</Keywords>
<TimeCreated SystemTime="2022-05-06 15:21:04.029203"></TimeCreated>
<EventRecordID>31</EventRecordID>
<Correlation ActivityID="" RelatedActivityID=""></Correlation>
<Execution ProcessID="2160" ThreadID="2248"></Execution>
<Channel>Microsoft-Windows-GroupPolicy/Operational</Channel>
<Computer>DESKTOP-DBOP9M0</Computer>
<Security UserID="S-1-5-18"></Security>
</System>
<EventData><Data Name="IsMachine">True</Data>
<Data Name="WinlogonReturnTimeElapsedInMilliseconds">63</Data>
</EventData>
</Event>

<Event xmlns="http://schemas.microsoft.com/win/2004/08/events/event"><System><Provider Name="Microsoft-Windows-GroupPolicy" Guid="{aea1b4fa-97d1-45f2-a64c-4d69fffd92c9}"></Provider>
<EventID Qualifiers="">5324</EventID>
<Version>0</Version>
<Level>4</Level>
<Task>0</Task>
<Opcode>0</Opcode>
<Keywords>0x4000000000000000</Keywords>
<TimeCreated SystemTime="2022-05-06 15:21:05.525887"></TimeCreated>
<EventRecordID>32</EventRecordID>
<Correlation ActivityID="" RelatedActivityID=""></Correlation>
<Execution ProcessID="2160" ThreadID="2248"></Execution>
<Channel>Microsoft-Windows-GroupPolicy/Operational</Channel>
<Computer>DESKTOP-DBOP9M0</Computer>
<Security UserID="S-1-5-18"></Security>
</System>
<EventData><Data Name="NotificationType">1</Data>
<Data Name="SessionId">1</Data>
</EventData>
</Event>

<Event xmlns="http://schemas.microsoft.com/win/2004/08/events/event"><System><Provider Name="Microsoft-Windows-GroupPolicy" Guid="{aea1b4fa-97d1-45f2-a64c-4d69fffd92c9}"></Provider>
<EventID Qualifiers="">4117</EventID>
<Version>0</Version>
<Level>4</Level>
<Task>0</Task>
<Opcode>0</Opcode>
<Keywords>0x4000000000000000</Keywords>
<TimeCreated SystemTime="2022-05-06 15:21:05.527164"></TimeCreated>
<EventRecordID>33</EventRecordID>
<Correlation ActivityID="" RelatedActivityID=""></Correlation>
<Execution ProcessID="2160" ThreadID="4972"></Execution>
<Channel>Microsoft-Windows-GroupPolicy/Operational</Channel>
<Computer>DESKTOP-DBOP9M0</Computer>
<Security UserID="S-1-5-18"></Security>
</System>
<EventData><Data Name="IsMachine">False</Data>
<Data Name="IsBackgroundProcessing">False</Data>
<Data Name="IsAsyncProcessing">False</Data>
</EventData>
</Event>

<Event xmlns="http://schemas.microsoft.com/win/2004/08/events/event"><System><Provider Name="Microsoft-Windows-GroupPolicy" Guid="{aea1b4fa-97d1-45f2-a64c-4d69fffd92c9}"></Provider>
<EventID Qualifiers="">4001</EventID>
<Version>1</Version>
<Level>4</Level>
<Task>0</Task>
<Opcode>1</Opcode>
<Keywords>0x4000000000000000</Keywords>
<TimeCreated SystemTime="2022-05-06 15:21:05.527899"></TimeCreated>
<EventRecordID>34</EventRecordID>
<Correlation ActivityID="{daf4e50c-8aa6-498b-bd79-52b49ce43407}" RelatedActivityID=""></Correlation>
<Execution ProcessID="2160" ThreadID="4972"></Execution>
<Channel>Microsoft-Windows-GroupPolicy/Operational</Channel>
<Computer>DESKTOP-DBOP9M0</Computer>
<Security UserID="S-1-5-18"></Security>
</System>
<EventData><Data Name="PolicyActivityId">{daf4e50c-8aa6-498b-bd79-52b49ce43407}</Data>
<Data Name="PrincipalSamName">DESKTOP-DBOP9M0\defaultuser0</Data>
<Data Name="IsMachine">0</Data>
<Data Name="IsDomainJoined">False</Data>
<Data Name="IsBackgroundProcessing">False</Data>
<Data Name="IsAsyncProcessing">False</Data>
<Data Name="IsServiceRestart">False</Data>
<Data Name="ReasonForSyncProcessing">1</Data>
</EventData>
</Event>

<Event xmlns="http://schemas.microsoft.com/win/2004/08/events/event"><System><Provider Name="Microsoft-Windows-GroupPolicy" Guid="{aea1b4fa-97d1-45f2-a64c-4d69fffd92c9}"></Provider>
<EventID Qualifiers="">5340</EventID>
<Version>0</Version>
<Level>4</Level>
<Task>0</Task>
<Opcode>0</Opcode>
<Keywords>0x4000000000000000</Keywords>
<TimeCreated SystemTime="2022-05-06 15:21:05.527952"></TimeCreated>
<EventRecordID>35</EventRecordID>
<Correlation ActivityID="{daf4e50c-8aa6-498b-bd79-52b49ce43407}" RelatedActivityID=""></Correlation>
<Execution ProcessID="2160" ThreadID="4972"></Execution>
<Channel>Microsoft-Windows-GroupPolicy/Operational</Channel>
<Computer>DESKTOP-DBOP9M0</Computer>
<Security UserID="S-1-5-18"></Security>
</System>
<EventData><Data Name="PolicyApplicationMode">1</Data>
</EventData>
</Event>

<Event xmlns="http://schemas.microsoft.com/win/2004/08/events/event"><System><Provider Name="Microsoft-Windows-GroupPolicy" Guid="{aea1b4fa-97d1-45f2-a64c-4d69fffd92c9}"></Provider>
<EventID Qualifiers="">5311</EventID>
<Version>0</Version>
<Level>4</Level>
<Task>0</Task>
<Opcode>0</Opcode>
<Keywords>0x4000000000000000</Keywords>
<TimeCreated SystemTime="2022-05-06 15:21:05.530340"></TimeCreated>
<EventRecordID>36</EventRecordID>
<Correlation ActivityID="{daf4e50c-8aa6-498b-bd79-52b49ce43407}" RelatedActivityID=""></Correlation>
<Execution ProcessID="2160" ThreadID="4972"></Execution>
<Channel>Microsoft-Windows-GroupPolicy/Operational</Channel>
<Computer>DESKTOP-DBOP9M0</Computer>
<Security UserID="S-1-5-21-2389065719-3342106636-307857974-1000"></Security>
</System>
<EventData><Data Name="PolicyProcessingMode">0</Data>
</EventData>
</Event>

<Event xmlns="http://schemas.microsoft.com/win/2004/08/events/event"><System><Provider Name="Microsoft-Windows-GroupPolicy" Guid="{aea1b4fa-97d1-45f2-a64c-4d69fffd92c9}"></Provider>
<EventID Qualifiers="">4126</EventID>
<Version>0</Version>
<Level>4</Level>
<Task>0</Task>
<Opcode>0</Opcode>
<Keywords>0x4000000000000000</Keywords>
<TimeCreated SystemTime="2022-05-06 15:21:05.530342"></TimeCreated>
<EventRecordID>37</EventRecordID>
<Correlation ActivityID="{daf4e50c-8aa6-498b-bd79-52b49ce43407}" RelatedActivityID=""></Correlation>
<Execution ProcessID="2160" ThreadID="4972"></Execution>
<Channel>Microsoft-Windows-GroupPolicy/Operational</Channel>
<Computer>DESKTOP-DBOP9M0</Computer>
<Security UserID="S-1-5-21-2389065719-3342106636-307857974-1000"></Security>
</System>
<EventData><Data Name="IsMachine">False</Data>
</EventData>
</Event>

<Event xmlns="http://schemas.microsoft.com/win/2004/08/events/event"><System><Provider Name="Microsoft-Windows-GroupPolicy" Guid="{aea1b4fa-97d1-45f2-a64c-4d69fffd92c9}"></Provider>
<EventID Qualifiers="">5257</EventID>
<Version>0</Version>
<Level>4</Level>
<Task>0</Task>
<Opcode>0</Opcode>
<Keywords>0x4000000000000000</Keywords>
<TimeCreated SystemTime="2022-05-06 15:21:05.530355"></TimeCreated>
<EventRecordID>38</EventRecordID>
<Correlation ActivityID="{daf4e50c-8aa6-498b-bd79-52b49ce43407}" RelatedActivityID=""></Correlation>
<Execution ProcessID="2160" ThreadID="4972"></Execution>
<Channel>Microsoft-Windows-GroupPolicy/Operational</Channel>
<Computer>DESKTOP-DBOP9M0</Computer>
<Security UserID="S-1-5-21-2389065719-3342106636-307857974-1000"></Security>
</System>
<EventData><Data Name="IsMachine">False</Data>
<Data Name="PolicyDownloadTimeElapsedInMilliseconds">23046</Data>
</EventData>
</Event>

<Event xmlns="http://schemas.microsoft.com/win/2004/08/events/event"><System><Provider Name="Microsoft-Windows-GroupPolicy" Guid="{aea1b4fa-97d1-45f2-a64c-4d69fffd92c9}"></Provider>
<EventID Qualifiers="">5126</EventID>
<Version>0</Version>
<Level>4</Level>
<Task>0</Task>
<Opcode>0</Opcode>
<Keywords>0x4000000000000000</Keywords>
<TimeCreated SystemTime="2022-05-06 15:21:05.530914"></TimeCreated>
<EventRecordID>39</EventRecordID>
<Correlation ActivityID="{daf4e50c-8aa6-498b-bd79-52b49ce43407}" RelatedActivityID=""></Correlation>
<Execution ProcessID="2160" ThreadID="4972"></Execution>
<Channel>Microsoft-Windows-GroupPolicy/Operational</Channel>
<Computer>DESKTOP-DBOP9M0</Computer>
<Security UserID="S-1-5-21-2389065719-3342106636-307857974-1000"></Security>
</System>
<EventData><Data Name="IsMachine">True</Data>
<Data Name="IsBackgroundProcessing">False</Data>
<Data Name="IsAsyncProcessing">False</Data>
<Data Name="NumberOfGPOsDownloaded">0</Data>
<Data Name="NumberOfGPOsApplicable">0</Data>
<Data Name="GPODownloadTimeElapsedInMilliseconds">0</Data>
</EventData>
</Event>

<Event xmlns="http://schemas.microsoft.com/win/2004/08/events/event"><System><Provider Name="Microsoft-Windows-GroupPolicy" Guid="{aea1b4fa-97d1-45f2-a64c-4d69fffd92c9}"></Provider>
<EventID Qualifiers="">5312</EventID>
<Version>0</Version>
<Level>4</Level>
<Task>0</Task>
<Opcode>0</Opcode>
<Keywords>0x4000000000000000</Keywords>
<TimeCreated SystemTime="2022-05-06 15:21:05.530928"></TimeCreated>
<EventRecordID>40</EventRecordID>
<Correlation ActivityID="{daf4e50c-8aa6-498b-bd79-52b49ce43407}" RelatedActivityID=""></Correlation>
<Execution ProcessID="2160" ThreadID="4972"></Execution>
<Channel>Microsoft-Windows-GroupPolicy/Operational</Channel>
<Computer>DESKTOP-DBOP9M0</Computer>
<Security UserID="S-1-5-18"></Security>
</System>
<EventData><Data Name="DescriptionString">None</Data>
<Data Name="GPOInfoList"></Data>
</EventData>
</Event>

<Event xmlns="http://schemas.microsoft.com/win/2004/08/events/event"><System><Provider Name="Microsoft-Windows-GroupPolicy" Guid="{aea1b4fa-97d1-45f2-a64c-4d69fffd92c9}"></Provider>
<EventID Qualifiers="">5313</EventID>
<Version>0</Version>
<Level>4</Level>
<Task>0</Task>
<Opcode>0</Opcode>
<Keywords>0x4000000000000000</Keywords>
<TimeCreated SystemTime="2022-05-06 15:21:05.530937"></TimeCreated>
<EventRecordID>41</EventRecordID>
<Correlation ActivityID="{daf4e50c-8aa6-498b-bd79-52b49ce43407}" RelatedActivityID=""></Correlation>
<Execution ProcessID="2160" ThreadID="4972"></Execution>
<Channel>Microsoft-Windows-GroupPolicy/Operational</Channel>
<Computer>DESKTOP-DBOP9M0</Computer>
<Security UserID="S-1-5-18"></Security>
</System>
<EventData><Data Name="DescriptionString">Local Group Policy
	Not Applied (Empty)
</Data>
<Data Name="GPOInfoList">&lt;GPO ID="Local Group Policy"&gt;&lt;Name&gt;Local Group Policy&lt;/Name&gt;&lt;Version&gt;0&lt;/Version&gt;&lt;SOM&gt;Local&lt;/SOM&gt;&lt;FSPath&gt;C:\WINDOWS\System32\GroupPolicy\User&lt;/FSPath&gt;&lt;Reason&gt;NOTAPPLIED-EMPTY&lt;/Reason&gt;&lt;/GPO&gt;</Data>
</EventData>
</Event>

<Event xmlns="http://schemas.microsoft.com/win/2004/08/events/event"><System><Provider Name="Microsoft-Windows-GroupPolicy" Guid="{aea1b4fa-97d1-45f2-a64c-4d69fffd92c9}"></Provider>
<EventID Qualifiers="">5320</EventID>
<Version>0</Version>
<Level>4</Level>
<Task>0</Task>
<Opcode>0</Opcode>
<Keywords>0x4000000000000000</Keywords>
<TimeCreated SystemTime="2022-05-06 15:21:06.411842"></TimeCreated>
<EventRecordID>42</EventRecordID>
<Correlation ActivityID="{daf4e50c-8aa6-498b-bd79-52b49ce43407}" RelatedActivityID=""></Correlation>
<Execution ProcessID="2160" ThreadID="4972"></Execution>
<Channel>Microsoft-Windows-GroupPolicy/Operational</Channel>
<Computer>DESKTOP-DBOP9M0</Computer>
<Security UserID="S-1-5-18"></Security>
</System>
<EventData><Data Name="InfoDescription">%%4161</Data>
</EventData>
</Event>

<Event xmlns="http://schemas.microsoft.com/win/2004/08/events/event"><System><Provider Name="Microsoft-Windows-GroupPolicy" Guid="{aea1b4fa-97d1-45f2-a64c-4d69fffd92c9}"></Provider>
<EventID Qualifiers="">5320</EventID>
<Version>0</Version>
<Level>4</Level>
<Task>0</Task>
<Opcode>0</Opcode>
<Keywords>0x4000000000000000</Keywords>
<TimeCreated SystemTime="2022-05-06 15:21:06.411949"></TimeCreated>
<EventRecordID>43</EventRecordID>
<Correlation ActivityID="{daf4e50c-8aa6-498b-bd79-52b49ce43407}" RelatedActivityID=""></Correlation>
<Execution ProcessID="2160" ThreadID="4972"></Execution>
<Channel>Microsoft-Windows-GroupPolicy/Operational</Channel>
<Computer>DESKTOP-DBOP9M0</Computer>
<Security UserID="S-1-5-18"></Security>
</System>
<EventData><Data Name="InfoDescription">%%4163</Data>
</EventData>
</Event>

<Event xmlns="http://schemas.microsoft.com/win/2004/08/events/event"><System><Provider Name="Microsoft-Windows-GroupPolicy" Guid="{aea1b4fa-97d1-45f2-a64c-4d69fffd92c9}"></Provider>
<EventID Qualifiers="">5320</EventID>
<Version>0</Version>
<Level>4</Level>
<Task>0</Task>
<Opcode>0</Opcode>
<Keywords>0x4000000000000000</Keywords>
<TimeCreated SystemTime="2022-05-06 15:21:06.411951"></TimeCreated>
<EventRecordID>44</EventRecordID>
<Correlation ActivityID="{daf4e50c-8aa6-498b-bd79-52b49ce43407}" RelatedActivityID=""></Correlation>
<Execution ProcessID="2160" ThreadID="4972"></Execution>
<Channel>Microsoft-Windows-GroupPolicy/Operational</Channel>
<Computer>DESKTOP-DBOP9M0</Computer>
<Security UserID="S-1-5-18"></Security>
</System>
<EventData><Data Name="InfoDescription">%%4165</Data>
</EventData>
</Event>

<Event xmlns="http://schemas.microsoft.com/win/2004/08/events/event"><System><Provider Name="Microsoft-Windows-GroupPolicy" Guid="{aea1b4fa-97d1-45f2-a64c-4d69fffd92c9}"></Provider>
<EventID Qualifiers="">8001</EventID>
<Version>1</Version>
<Level>4</Level>
<Task>0</Task>
<Opcode>2</Opcode>
<Keywords>0x4000000000000000</Keywords>
<TimeCreated SystemTime="2022-05-06 15:21:06.435715"></TimeCreated>
<EventRecordID>45</EventRecordID>
<Correlation ActivityID="{daf4e50c-8aa6-498b-bd79-52b49ce43407}" RelatedActivityID=""></Correlation>
<Execution ProcessID="2160" ThreadID="4972"></Execution>
<Channel>Microsoft-Windows-GroupPolicy/Operational</Channel>
<Computer>DESKTOP-DBOP9M0</Computer>
<Security UserID="S-1-5-18"></Security>
</System>
<EventData><Data Name="PolicyElaspedTimeInSeconds">0</Data>
<Data Name="ErrorCode">0</Data>
<Data Name="PrincipalSamName">DESKTOP-DBOP9M0\defaultuser0</Data>
<Data Name="IsMachine">0</Data>
<Data Name="IsConnectivityFailure">False</Data>
</EventData>
</Event>

<Event xmlns="http://schemas.microsoft.com/win/2004/08/events/event"><System><Provider Name="Microsoft-Windows-GroupPolicy" Guid="{aea1b4fa-97d1-45f2-a64c-4d69fffd92c9}"></Provider>
<EventID Qualifiers="">5117</EventID>
<Version>0</Version>
<Level>4</Level>
<Task>0</Task>
<Opcode>0</Opcode>
<Keywords>0x4000000000000000</Keywords>
<TimeCreated SystemTime="2022-05-06 15:21:06.435839"></TimeCreated>
<EventRecordID>46</EventRecordID>
<Correlation ActivityID="{daf4e50c-8aa6-498b-bd79-52b49ce43407}" RelatedActivityID=""></Correlation>
<Execution ProcessID="2160" ThreadID="4972"></Execution>
<Channel>Microsoft-Windows-GroupPolicy/Operational</Channel>
<Computer>DESKTOP-DBOP9M0</Computer>
<Security UserID="S-1-5-18"></Security>
</System>
<EventData><Data Name="IsMachine">False</Data>
<Data Name="SessionTimeElapsedInMilliseconds">922</Data>
</EventData>
</Event>

<Event xmlns="http://schemas.microsoft.com/win/2004/08/events/event"><System><Provider Name="Microsoft-Windows-GroupPolicy" Guid="{aea1b4fa-97d1-45f2-a64c-4d69fffd92c9}"></Provider>
<EventID Qualifiers="">6338</EventID>
<Version>0</Version>
<Level>4</Level>
<Task>0</Task>
<Opcode>0</Opcode>
<Keywords>0x4000000000000000</Keywords>
<TimeCreated SystemTime="2022-05-06 15:21:06.435848"></TimeCreated>
<EventRecordID>47</EventRecordID>
<Correlation ActivityID="" RelatedActivityID=""></Correlation>
<Execution ProcessID="2160" ThreadID="2248"></Execution>
<Channel>Microsoft-Windows-GroupPolicy/Operational</Channel>
<Computer>DESKTOP-DBOP9M0</Computer>
<Security UserID="S-1-5-18"></Security>
</System>
<EventData></EventData>
</Event>

<Event xmlns="http://schemas.microsoft.com/win/2004/08/events/event"><System><Provider Name="Microsoft-Windows-GroupPolicy" Guid="{aea1b4fa-97d1-45f2-a64c-4d69fffd92c9}"></Provider>
<EventID Qualifiers="">5351</EventID>
<Version>0</Version>
<Level>4</Level>
<Task>0</Task>
<Opcode>0</Opcode>
<Keywords>0x4000000000000000</Keywords>
<TimeCreated SystemTime="2022-05-06 15:21:06.435856"></TimeCreated>
<EventRecordID>48</EventRecordID>
<Correlation ActivityID="" RelatedActivityID=""></Correlation>
<Execution ProcessID="2160" ThreadID="2248"></Execution>
<Channel>Microsoft-Windows-GroupPolicy/Operational</Channel>
<Computer>DESKTOP-DBOP9M0</Computer>
<Security UserID="S-1-5-18"></Security>
</System>
<EventData><Data Name="IsMachine">False</Data>
<Data Name="WinlogonReturnTimeElapsedInMilliseconds">922</Data>
</EventData>
</Event>

<Event xmlns="http://schemas.microsoft.com/win/2004/08/events/event"><System><Provider Name="Microsoft-Windows-GroupPolicy" Guid="{aea1b4fa-97d1-45f2-a64c-4d69fffd92c9}"></Provider>
<EventID Qualifiers="">5324</EventID>
<Version>0</Version>
<Level>4</Level>
<Task>0</Task>
<Opcode>0</Opcode>
<Keywords>0x4000000000000000</Keywords>
<TimeCreated SystemTime="2022-05-06 15:21:06.530363"></TimeCreated>
<EventRecordID>49</EventRecordID>
<Correlation ActivityID="" RelatedActivityID=""></Correlation>
<Execution ProcessID="2160" ThreadID="2248"></Execution>
<Channel>Microsoft-Windows-GroupPolicy/Operational</Channel>
<Computer>DESKTOP-DBOP9M0</Computer>
<Security UserID="S-1-5-18"></Security>
</System>
<EventData><Data Name="NotificationType">3</Data>
<Data Name="SessionId">1</Data>
</EventData>
</Event>

<Event xmlns="http://schemas.microsoft.com/win/2004/08/events/event"><System><Provider Name="Microsoft-Windows-GroupPolicy" Guid="{aea1b4fa-97d1-45f2-a64c-4d69fffd92c9}"></Provider>
<EventID Qualifiers="">6339</EventID>
<Version>0</Version>
<Level>4</Level>
<Task>0</Task>
<Opcode>0</Opcode>
<Keywords>0x4000000000000000</Keywords>
<TimeCreated SystemTime="2022-05-06 15:21:06.530533"></TimeCreated>
<EventRecordID>50</EventRecordID>
<Correlation ActivityID="" RelatedActivityID=""></Correlation>
<Execution ProcessID="2160" ThreadID="2248"></Execution>
<Channel>Microsoft-Windows-GroupPolicy/Operational</Channel>
<Computer>DESKTOP-DBOP9M0</Computer>
<Security UserID="S-1-5-18"></Security>
</System>
<EventData></EventData>
</Event>

<Event xmlns="http://schemas.microsoft.com/win/2004/08/events/event"><System><Provider Name="Microsoft-Windows-GroupPolicy" Guid="{aea1b4fa-97d1-45f2-a64c-4d69fffd92c9}"></Provider>
<EventID Qualifiers="">5324</EventID>
<Version>0</Version>
<Level>4</Level>
<Task>0</Task>
<Opcode>0</Opcode>
<Keywords>0x4000000000000000</Keywords>
<TimeCreated SystemTime="2022-05-06 15:22:55.984720"></TimeCreated>
<EventRecordID>51</EventRecordID>
<Correlation ActivityID="" RelatedActivityID=""></Correlation>
<Execution ProcessID="2160" ThreadID="4596"></Execution>
<Channel>Microsoft-Windows-GroupPolicy/Operational</Channel>
<Computer>DESKTOP-DBOP9M0</Computer>
<Security UserID="S-1-5-18"></Security>
</System>
<EventData><Data Name="NotificationType">4</Data>
<Data Name="SessionId">1</Data>
</EventData>
</Event>

<Event xmlns="http://schemas.microsoft.com/win/2004/08/events/event"><System><Provider Name="Microsoft-Windows-GroupPolicy" Guid="{aea1b4fa-97d1-45f2-a64c-4d69fffd92c9}"></Provider>
<EventID Qualifiers="">5324</EventID>
<Version>0</Version>
<Level>4</Level>
<Task>0</Task>
<Opcode>0</Opcode>
<Keywords>0x4000000000000000</Keywords>
<TimeCreated SystemTime="2022-05-06 15:22:56.618464"></TimeCreated>
<EventRecordID>52</EventRecordID>
<Correlation ActivityID="" RelatedActivityID=""></Correlation>
<Execution ProcessID="2160" ThreadID="4596"></Execution>
<Channel>Microsoft-Windows-GroupPolicy/Operational</Channel>
<Computer>DESKTOP-DBOP9M0</Computer>
<Security UserID="S-1-5-18"></Security>
</System>
<EventData><Data Name="NotificationType">2</Data>
<Data Name="SessionId">1</Data>
</EventData>
</Event>

<Event xmlns="http://schemas.microsoft.com/win/2004/08/events/event"><System><Provider Name="Microsoft-Windows-GroupPolicy" Guid="{aea1b4fa-97d1-45f2-a64c-4d69fffd92c9}"></Provider>
<EventID Qualifiers="">5325</EventID>
<Version>0</Version>
<Level>4</Level>
<Task>0</Task>
<Opcode>0</Opcode>
<Keywords>0x4000000000000000</Keywords>
<TimeCreated SystemTime="2022-05-06 15:22:56.703020"></TimeCreated>
<EventRecordID>53</EventRecordID>
<Correlation ActivityID="" RelatedActivityID=""></Correlation>
<Execution ProcessID="2160" ThreadID="2164"></Execution>
<Channel>Microsoft-Windows-GroupPolicy/Operational</Channel>
<Computer>DESKTOP-DBOP9M0</Computer>
<Security UserID="S-1-5-18"></Security>
</System>
<EventData><Data Name="NotificationType">0</Data>
</EventData>
</Event>

<Event xmlns="http://schemas.microsoft.com/win/2004/08/events/event"><System><Provider Name="Microsoft-Windows-GroupPolicy" Guid="{aea1b4fa-97d1-45f2-a64c-4d69fffd92c9}"></Provider>
<EventID Qualifiers="">5115</EventID>
<Version>0</Version>
<Level>4</Level>
<Task>0</Task>
<Opcode>0</Opcode>
<Keywords>0x4000000000000000</Keywords>
<TimeCreated SystemTime="2022-05-06 15:22:56.703279"></TimeCreated>
<EventRecordID>54</EventRecordID>
<Correlation ActivityID="" RelatedActivityID=""></Correlation>
<Execution ProcessID="2160" ThreadID="5040"></Execution>
<Channel>Microsoft-Windows-GroupPolicy/Operational</Channel>
<Computer>DESKTOP-DBOP9M0</Computer>
<Security UserID="S-1-5-18"></Security>
</System>
<EventData><Data Name="IsServiceRestart">False</Data>
<Data Name="IsMachineBoot">True</Data>
<Data Name="GpsvcTimeElapsedInMilliseconds">121218</Data>
</EventData>
</Event>

<Event xmlns="http://schemas.microsoft.com/win/2004/08/events/event"><System><Provider Name="Microsoft-Windows-GroupPolicy" Guid="{aea1b4fa-97d1-45f2-a64c-4d69fffd92c9}"></Provider>
<EventID Qualifiers="">4116</EventID>
<Version>0</Version>
<Level>4</Level>
<Task>0</Task>
<Opcode>0</Opcode>
<Keywords>0x4000000000000000</Keywords>
<TimeCreated SystemTime="2022-05-06 15:23:10.725248"></TimeCreated>
<EventRecordID>55</EventRecordID>
<Correlation ActivityID="" RelatedActivityID=""></Correlation>
<Execution ProcessID="1076" ThreadID="1164"></Execution>
<Channel>Microsoft-Windows-GroupPolicy/Operational</Channel>
<Computer>Council-HQ</Computer>
<Security UserID="S-1-5-18"></Security>
</System>
<EventData></EventData>
</Event>

<Event xmlns="http://schemas.microsoft.com/win/2004/08/events/event"><System><Provider Name="Microsoft-Windows-GroupPolicy" Guid="{aea1b4fa-97d1-45f2-a64c-4d69fffd92c9}"></Provider>
<EventID Qualifiers="">4115</EventID>
<Version>0</Version>
<Level>4</Level>
<Task>0</Task>
<Opcode>0</Opcode>
<Keywords>0x4000000000000000</Keywords>
<TimeCreated SystemTime="2022-05-06 15:23:10.729385"></TimeCreated>
<EventRecordID>56</EventRecordID>
<Correlation ActivityID="" RelatedActivityID=""></Correlation>
<Execution ProcessID="1076" ThreadID="1164"></Execution>
<Channel>Microsoft-Windows-GroupPolicy/Operational</Channel>
<Computer>Council-HQ</Computer>
<Security UserID="S-1-5-18"></Security>
</System>
<EventData><Data Name="IsServiceRestart">False</Data>
<Data Name="IsMachineBoot">True</Data>
</EventData>
</Event>

<Event xmlns="http://schemas.microsoft.com/win/2004/08/events/event"><System><Provider Name="Microsoft-Windows-GroupPolicy" Guid="{aea1b4fa-97d1-45f2-a64c-4d69fffd92c9}"></Provider>
<EventID Qualifiers="">5324</EventID>
<Version>0</Version>
<Level>4</Level>
<Task>0</Task>
<Opcode>0</Opcode>
<Keywords>0x4000000000000000</Keywords>
<TimeCreated SystemTime="2022-05-06 15:23:10.733065"></TimeCreated>
<EventRecordID>57</EventRecordID>
<Correlation ActivityID="" RelatedActivityID=""></Correlation>
<Execution ProcessID="1076" ThreadID="1216"></Execution>
<Channel>Microsoft-Windows-GroupPolicy/Operational</Channel>
<Computer>Council-HQ</Computer>
<Security UserID="S-1-5-18"></Security>
</System>
<EventData><Data Name="NotificationType">0</Data>
<Data Name="SessionId">1</Data>
</EventData>
</Event>

<Event xmlns="http://schemas.microsoft.com/win/2004/08/events/event"><System><Provider Name="Microsoft-Windows-GroupPolicy" Guid="{aea1b4fa-97d1-45f2-a64c-4d69fffd92c9}"></Provider>
<EventID Qualifiers="">5351</EventID>
<Version>0</Version>
<Level>4</Level>
<Task>0</Task>
<Opcode>0</Opcode>
<Keywords>0x4000000000000000</Keywords>
<TimeCreated SystemTime="2022-05-06 15:23:10.733112"></TimeCreated>
<EventRecordID>58</EventRecordID>
<Correlation ActivityID="" RelatedActivityID=""></Correlation>
<Execution ProcessID="1076" ThreadID="1216"></Execution>
<Channel>Microsoft-Windows-GroupPolicy/Operational</Channel>
<Computer>Council-HQ</Computer>
<Security UserID="S-1-5-18"></Security>
</System>
<EventData><Data Name="IsMachine">False</Data>
<Data Name="WinlogonReturnTimeElapsedInMilliseconds">0</Data>
</EventData>
</Event>

