<Event xmlns="http://schemas.microsoft.com/win/2004/08/events/event"><System><Provider Name="Microsoft-Windows-AppXDeployment-Server" Guid="{3f471139-acb7-4a01-b7a7-ff5da4ba2d43}"></Provider>
<EventID Qualifiers="">540</EventID>
<Version>0</Version>
<Level>5</Level>
<Task>3</Task>
<Opcode>0</Opcode>
<Keywords>0x4000000000000001</Keywords>
<TimeCreated SystemTime="2022-05-06 15:24:41.604780"></TimeCreated>
<EventRecordID>1074</EventRecordID>
<Correlation ActivityID="{2f2cff59-615d-0000-6914-2d2f5d61d801}" RelatedActivityID=""></Correlation>
<Execution ProcessID="3320" ThreadID="4616"></Execution>
<Channel>Microsoft-Windows-AppXDeploymentServer/Operational</Channel>
<Computer>Council-HQ</Computer>
<Security UserID="S-1-5-18"></Security>
</System>
<EventData><Data Name="PackageFullName">Microsoft.UI.Xaml.2.7_7.2203.17001.0_x86__8wekyb3d8bbwe</Data>
<Data Name="Architecture">32</Data>
</EventData>
</Event>

<Event xmlns="http://schemas.microsoft.com/win/2004/08/events/event"><System><Provider Name="Microsoft-Windows-AppXDeployment-Server" Guid="{3f471139-acb7-4a01-b7a7-ff5da4ba2d43}"></Provider>
<EventID Qualifiers="">552</EventID>
<Version>0</Version>
<Level>5</Level>
<Task>3</Task>
<Opcode>0</Opcode>
<Keywords>0x4000000000000001</Keywords>
<TimeCreated SystemTime="2022-05-06 15:24:41.606829"></TimeCreated>
<EventRecordID>1075</EventRecordID>
<Correlation ActivityID="{2f2cff59-615d-0000-6914-2d2f5d61d801}" RelatedActivityID=""></Correlation>
<Execution ProcessID="3320" ThreadID="4616"></Execution>
<Channel>Microsoft-Windows-AppXDeploymentServer/Operational</Channel>
<Computer>Council-HQ</Computer>
<Security UserID="S-1-5-18"></Security>
</System>
<EventData><Data Name="PackageFullName">Microsoft.UI.Xaml.2.7_7.2203.17001.0_x86__8wekyb3d8bbwe</Data>
<Data Name="FullFilePath">\\?\C:\Program Files\WindowsApps\microsoft.ui.xaml.2.7_7.2203.17001.0_x86__8wekyb3d8bbwe\microsoft.system.package.metadata\Autogen\JSByteCodeCache_32</Data>
</EventData>
</Event>

<Event xmlns="http://schemas.microsoft.com/win/2004/08/events/event"><System><Provider Name="Microsoft-Windows-AppXDeployment-Server" Guid="{3f471139-acb7-4a01-b7a7-ff5da4ba2d43}"></Provider>
<EventID Qualifiers="">541</EventID>
<Version>0</Version>
<Level>5</Level>
<Task>3</Task>
<Opcode>0</Opcode>
<Keywords>0x4000000000000001</Keywords>
<TimeCreated SystemTime="2022-05-06 15:24:41.606834"></TimeCreated>
<EventRecordID>1076</EventRecordID>
<Correlation ActivityID="{2f2cff59-615d-0000-6914-2d2f5d61d801}" RelatedActivityID=""></Correlation>
<Execution ProcessID="3320" ThreadID="4616"></Execution>
<Channel>Microsoft-Windows-AppXDeploymentServer/Operational</Channel>
<Computer>Council-HQ</Computer>
<Security UserID="S-1-5-18"></Security>
</System>
<EventData><Data Name="PackageFullName">Microsoft.UI.Xaml.2.7_7.2203.17001.0_x86__8wekyb3d8bbwe</Data>
<Data Name="Architecture">32</Data>
</EventData>
</Event>

<Event xmlns="http://schemas.microsoft.com/win/2004/08/events/event"><System><Provider Name="Microsoft-Windows-AppXDeployment-Server" Guid="{3f471139-acb7-4a01-b7a7-ff5da4ba2d43}"></Provider>
<EventID Qualifiers="">8100</EventID>
<Version>0</Version>
<Level>5</Level>
<Task>49</Task>
<Opcode>0</Opcode>
<Keywords>0x4000000000000001</Keywords>
<TimeCreated SystemTime="2022-05-06 15:24:41.622698"></TimeCreated>
<EventRecordID>1077</EventRecordID>
<Correlation ActivityID="{2f2cff59-615d-0000-6914-2d2f5d61d801}" RelatedActivityID=""></Correlation>
<Execution ProcessID="3320" ThreadID="4616"></Execution>
<Channel>Microsoft-Windows-AppXDeploymentServer/Operational</Channel>
<Computer>Council-HQ</Computer>
<Security UserID="S-1-5-18"></Security>
</System>
<EventData><Data Name="PackageFullName">Microsoft.UI.Xaml.2.7_7.2203.17001.0_x64__8wekyb3d8bbwe</Data>
<Data Name="Flags">0x00000005</Data>
</EventData>
</Event>

<Event xmlns="http://schemas.microsoft.com/win/2004/08/events/event"><System><Provider Name="Microsoft-Windows-AppXDeployment-Server" Guid="{3f471139-acb7-4a01-b7a7-ff5da4ba2d43}"></Provider>
<EventID Qualifiers="">8106</EventID>
<Version>0</Version>
<Level>5</Level>
<Task>49</Task>
<Opcode>0</Opcode>
<Keywords>0x4000000000000001</Keywords>
<TimeCreated SystemTime="2022-05-06 15:24:41.623499"></TimeCreated>
<EventRecordID>1078</EventRecordID>
<Correlation ActivityID="{2f2cff59-615d-0000-6914-2d2f5d61d801}" RelatedActivityID=""></Correlation>
<Execution ProcessID="3320" ThreadID="4616"></Execution>
<Channel>Microsoft-Windows-AppXDeploymentServer/Operational</Channel>
<Computer>Council-HQ</Computer>
<Security UserID="S-1-5-18"></Security>
</System>
<EventData><Data Name="PackageFullName">Microsoft.UI.Xaml.2.7_7.2203.17001.0_x64__8wekyb3d8bbwe</Data>
<Data Name="Flags">0x00000005</Data>
</EventData>
</Event>

<Event xmlns="http://schemas.microsoft.com/win/2004/08/events/event"><System><Provider Name="Microsoft-Windows-AppXDeployment-Server" Guid="{3f471139-acb7-4a01-b7a7-ff5da4ba2d43}"></Provider>
<EventID Qualifiers="">8101</EventID>
<Version>0</Version>
<Level>5</Level>
<Task>49</Task>
<Opcode>0</Opcode>
<Keywords>0x4000000000000001</Keywords>
<TimeCreated SystemTime="2022-05-06 15:24:41.623510"></TimeCreated>
<EventRecordID>1079</EventRecordID>
<Correlation ActivityID="{2f2cff59-615d-0000-6914-2d2f5d61d801}" RelatedActivityID=""></Correlation>
<Execution ProcessID="3320" ThreadID="4616"></Execution>
<Channel>Microsoft-Windows-AppXDeploymentServer/Operational</Channel>
<Computer>Council-HQ</Computer>
<Security UserID="S-1-5-18"></Security>
</System>
<EventData><Data Name="PackageFullName">Microsoft.UI.Xaml.2.7_7.2203.17001.0_x64__8wekyb3d8bbwe</Data>
<Data Name="Flags">0x00000005</Data>
</EventData>
</Event>

<Event xmlns="http://schemas.microsoft.com/win/2004/08/events/event"><System><Provider Name="Microsoft-Windows-AppXDeployment-Server" Guid="{3f471139-acb7-4a01-b7a7-ff5da4ba2d43}"></Provider>
<EventID Qualifiers="">540</EventID>
<Version>0</Version>
<Level>5</Level>
<Task>3</Task>
<Opcode>0</Opcode>
<Keywords>0x4000000000000001</Keywords>
<TimeCreated SystemTime="2022-05-06 15:24:41.624752"></TimeCreated>
<EventRecordID>1080</EventRecordID>
<Correlation ActivityID="{2f2cff59-615d-0000-6914-2d2f5d61d801}" RelatedActivityID=""></Correlation>
<Execution ProcessID="3320" ThreadID="4616"></Execution>
<Channel>Microsoft-Windows-AppXDeploymentServer/Operational</Channel>
<Computer>Council-HQ</Computer>
<Security UserID="S-1-5-18"></Security>
</System>
<EventData><Data Name="PackageFullName">Microsoft.UI.Xaml.2.7_7.2203.17001.0_x64__8wekyb3d8bbwe</Data>
<Data Name="Architecture">64</Data>
</EventData>
</Event>

<Event xmlns="http://schemas.microsoft.com/win/2004/08/events/event"><System><Provider Name="Microsoft-Windows-AppXDeployment-Server" Guid="{3f471139-acb7-4a01-b7a7-ff5da4ba2d43}"></Provider>
<EventID Qualifiers="">552</EventID>
<Version>0</Version>
<Level>5</Level>
<Task>3</Task>
<Opcode>0</Opcode>
<Keywords>0x4000000000000001</Keywords>
<TimeCreated SystemTime="2022-05-06 15:24:41.625895"></TimeCreated>
<EventRecordID>1081</EventRecordID>
<Correlation ActivityID="{2f2cff59-615d-0000-6914-2d2f5d61d801}" RelatedActivityID=""></Correlation>
<Execution ProcessID="3320" ThreadID="4616"></Execution>
<Channel>Microsoft-Windows-AppXDeploymentServer/Operational</Channel>
<Computer>Council-HQ</Computer>
<Security UserID="S-1-5-18"></Security>
</System>
<EventData><Data Name="PackageFullName">Microsoft.UI.Xaml.2.7_7.2203.17001.0_x64__8wekyb3d8bbwe</Data>
<Data Name="FullFilePath">\\?\C:\Program Files\WindowsApps\microsoft.ui.xaml.2.7_7.2203.17001.0_x64__8wekyb3d8bbwe\microsoft.system.package.metadata\Autogen\JSByteCodeCache_64</Data>
</EventData>
</Event>

<Event xmlns="http://schemas.microsoft.com/win/2004/08/events/event"><System><Provider Name="Microsoft-Windows-AppXDeployment-Server" Guid="{3f471139-acb7-4a01-b7a7-ff5da4ba2d43}"></Provider>
<EventID Qualifiers="">541</EventID>
<Version>0</Version>
<Level>5</Level>
<Task>3</Task>
<Opcode>0</Opcode>
<Keywords>0x4000000000000001</Keywords>
<TimeCreated SystemTime="2022-05-06 15:24:41.625896"></TimeCreated>
<EventRecordID>1082</EventRecordID>
<Correlation ActivityID="{2f2cff59-615d-0000-6914-2d2f5d61d801}" RelatedActivityID=""></Correlation>
<Execution ProcessID="3320" ThreadID="4616"></Execution>
<Channel>Microsoft-Windows-AppXDeploymentServer/Operational</Channel>
<Computer>Council-HQ</Computer>
<Security UserID="S-1-5-18"></Security>
</System>
<EventData><Data Name="PackageFullName">Microsoft.UI.Xaml.2.7_7.2203.17001.0_x64__8wekyb3d8bbwe</Data>
<Data Name="Architecture">64</Data>
</EventData>
</Event>

<Event xmlns="http://schemas.microsoft.com/win/2004/08/events/event"><System><Provider Name="Microsoft-Windows-AppXDeployment-Server" Guid="{3f471139-acb7-4a01-b7a7-ff5da4ba2d43}"></Provider>
<EventID Qualifiers="">8100</EventID>
<Version>0</Version>
<Level>5</Level>
<Task>49</Task>
<Opcode>0</Opcode>
<Keywords>0x4000000000000001</Keywords>
<TimeCreated SystemTime="2022-05-06 15:24:41.641909"></TimeCreated>
<EventRecordID>1083</EventRecordID>
<Correlation ActivityID="{2f2cff59-615d-0000-6914-2d2f5d61d801}" RelatedActivityID=""></Correlation>
<Execution ProcessID="3320" ThreadID="4616"></Execution>
<Channel>Microsoft-Windows-AppXDeploymentServer/Operational</Channel>
<Computer>Council-HQ</Computer>
<Security UserID="S-1-5-18"></Security>
</System>
<EventData><Data Name="PackageFullName">Microsoft.VCLibs.140.00.UWPDesktop_14.0.30704.0_x86__8wekyb3d8bbwe</Data>
<Data Name="Flags">0x00000005</Data>
</EventData>
</Event>

<Event xmlns="http://schemas.microsoft.com/win/2004/08/events/event"><System><Provider Name="Microsoft-Windows-AppXDeployment-Server" Guid="{3f471139-acb7-4a01-b7a7-ff5da4ba2d43}"></Provider>
<EventID Qualifiers="">8106</EventID>
<Version>0</Version>
<Level>5</Level>
<Task>49</Task>
<Opcode>0</Opcode>
<Keywords>0x4000000000000001</Keywords>
<TimeCreated SystemTime="2022-05-06 15:24:41.642685"></TimeCreated>
<EventRecordID>1084</EventRecordID>
<Correlation ActivityID="{2f2cff59-615d-0000-6914-2d2f5d61d801}" RelatedActivityID=""></Correlation>
<Execution ProcessID="3320" ThreadID="4616"></Execution>
<Channel>Microsoft-Windows-AppXDeploymentServer/Operational</Channel>
<Computer>Council-HQ</Computer>
<Security UserID="S-1-5-18"></Security>
</System>
<EventData><Data Name="PackageFullName">Microsoft.VCLibs.140.00.UWPDesktop_14.0.30704.0_x86__8wekyb3d8bbwe</Data>
<Data Name="Flags">0x00000005</Data>
</EventData>
</Event>

<Event xmlns="http://schemas.microsoft.com/win/2004/08/events/event"><System><Provider Name="Microsoft-Windows-AppXDeployment-Server" Guid="{3f471139-acb7-4a01-b7a7-ff5da4ba2d43}"></Provider>
<EventID Qualifiers="">8101</EventID>
<Version>0</Version>
<Level>5</Level>
<Task>49</Task>
<Opcode>0</Opcode>
<Keywords>0x4000000000000001</Keywords>
<TimeCreated SystemTime="2022-05-06 15:24:41.642694"></TimeCreated>
<EventRecordID>1085</EventRecordID>
<Correlation ActivityID="{2f2cff59-615d-0000-6914-2d2f5d61d801}" RelatedActivityID=""></Correlation>
<Execution ProcessID="3320" ThreadID="4616"></Execution>
<Channel>Microsoft-Windows-AppXDeploymentServer/Operational</Channel>
<Computer>Council-HQ</Computer>
<Security UserID="S-1-5-18"></Security>
</System>
<EventData><Data Name="PackageFullName">Microsoft.VCLibs.140.00.UWPDesktop_14.0.30704.0_x86__8wekyb3d8bbwe</Data>
<Data Name="Flags">0x00000005</Data>
</EventData>
</Event>

<Event xmlns="http://schemas.microsoft.com/win/2004/08/events/event"><System><Provider Name="Microsoft-Windows-AppXDeployment-Server" Guid="{3f471139-acb7-4a01-b7a7-ff5da4ba2d43}"></Provider>
<EventID Qualifiers="">540</EventID>
<Version>0</Version>
<Level>5</Level>
<Task>3</Task>
<Opcode>0</Opcode>
<Keywords>0x4000000000000001</Keywords>
<TimeCreated SystemTime="2022-05-06 15:24:41.644276"></TimeCreated>
<EventRecordID>1086</EventRecordID>
<Correlation ActivityID="{2f2cff59-615d-0000-6914-2d2f5d61d801}" RelatedActivityID=""></Correlation>
<Execution ProcessID="3320" ThreadID="4616"></Execution>
<Channel>Microsoft-Windows-AppXDeploymentServer/Operational</Channel>
<Computer>Council-HQ</Computer>
<Security UserID="S-1-5-18"></Security>
</System>
<EventData><Data Name="PackageFullName">Microsoft.VCLibs.140.00.UWPDesktop_14.0.30704.0_x86__8wekyb3d8bbwe</Data>
<Data Name="Architecture">32</Data>
</EventData>
</Event>

<Event xmlns="http://schemas.microsoft.com/win/2004/08/events/event"><System><Provider Name="Microsoft-Windows-AppXDeployment-Server" Guid="{3f471139-acb7-4a01-b7a7-ff5da4ba2d43}"></Provider>
<EventID Qualifiers="">552</EventID>
<Version>0</Version>
<Level>5</Level>
<Task>3</Task>
<Opcode>0</Opcode>
<Keywords>0x4000000000000001</Keywords>
<TimeCreated SystemTime="2022-05-06 15:24:41.644985"></TimeCreated>
<EventRecordID>1087</EventRecordID>
<Correlation ActivityID="{2f2cff59-615d-0000-6914-2d2f5d61d801}" RelatedActivityID=""></Correlation>
<Execution ProcessID="3320" ThreadID="4616"></Execution>
<Channel>Microsoft-Windows-AppXDeploymentServer/Operational</Channel>
<Computer>Council-HQ</Computer>
<Security UserID="S-1-5-18"></Security>
</System>
<EventData><Data Name="PackageFullName">Microsoft.VCLibs.140.00.UWPDesktop_14.0.30704.0_x86__8wekyb3d8bbwe</Data>
<Data Name="FullFilePath">\\?\C:\Program Files\WindowsApps\microsoft.vclibs.140.00.uwpdesktop_14.0.30704.0_x86__8wekyb3d8bbwe\microsoft.system.package.metadata\Autogen\JSByteCodeCache_32</Data>
</EventData>
</Event>

<Event xmlns="http://schemas.microsoft.com/win/2004/08/events/event"><System><Provider Name="Microsoft-Windows-AppXDeployment-Server" Guid="{3f471139-acb7-4a01-b7a7-ff5da4ba2d43}"></Provider>
<EventID Qualifiers="">541</EventID>
<Version>0</Version>
<Level>5</Level>
<Task>3</Task>
<Opcode>0</Opcode>
<Keywords>0x4000000000000001</Keywords>
<TimeCreated SystemTime="2022-05-06 15:24:41.644999"></TimeCreated>
<EventRecordID>1088</EventRecordID>
<Correlation ActivityID="{2f2cff59-615d-0000-6914-2d2f5d61d801}" RelatedActivityID=""></Correlation>
<Execution ProcessID="3320" ThreadID="4616"></Execution>
<Channel>Microsoft-Windows-AppXDeploymentServer/Operational</Channel>
<Computer>Council-HQ</Computer>
<Security UserID="S-1-5-18"></Security>
</System>
<EventData><Data Name="PackageFullName">Microsoft.VCLibs.140.00.UWPDesktop_14.0.30704.0_x86__8wekyb3d8bbwe</Data>
<Data Name="Architecture">32</Data>
</EventData>
</Event>

<Event xmlns="http://schemas.microsoft.com/win/2004/08/events/event"><System><Provider Name="Microsoft-Windows-AppXDeployment-Server" Guid="{3f471139-acb7-4a01-b7a7-ff5da4ba2d43}"></Provider>
<EventID Qualifiers="">8100</EventID>
<Version>0</Version>
<Level>5</Level>
<Task>49</Task>
<Opcode>0</Opcode>
<Keywords>0x4000000000000001</Keywords>
<TimeCreated SystemTime="2022-05-06 15:24:41.654942"></TimeCreated>
<EventRecordID>1089</EventRecordID>
<Correlation ActivityID="{2f2cff59-615d-0000-6914-2d2f5d61d801}" RelatedActivityID=""></Correlation>
<Execution ProcessID="3320" ThreadID="4616"></Execution>
<Channel>Microsoft-Windows-AppXDeploymentServer/Operational</Channel>
<Computer>Council-HQ</Computer>
<Security UserID="S-1-5-18"></Security>
</System>
<EventData><Data Name="PackageFullName">Microsoft.VCLibs.140.00.UWPDesktop_14.0.30704.0_x64__8wekyb3d8bbwe</Data>
<Data Name="Flags">0x00000005</Data>
</EventData>
</Event>

<Event xmlns="http://schemas.microsoft.com/win/2004/08/events/event"><System><Provider Name="Microsoft-Windows-AppXDeployment-Server" Guid="{3f471139-acb7-4a01-b7a7-ff5da4ba2d43}"></Provider>
<EventID Qualifiers="">8106</EventID>
<Version>0</Version>
<Level>5</Level>
<Task>49</Task>
<Opcode>0</Opcode>
<Keywords>0x4000000000000001</Keywords>
<TimeCreated SystemTime="2022-05-06 15:24:41.655746"></TimeCreated>
<EventRecordID>1090</EventRecordID>
<Correlation ActivityID="{2f2cff59-615d-0000-6914-2d2f5d61d801}" RelatedActivityID=""></Correlation>
<Execution ProcessID="3320" ThreadID="4616"></Execution>
<Channel>Microsoft-Windows-AppXDeploymentServer/Operational</Channel>
<Computer>Council-HQ</Computer>
<Security UserID="S-1-5-18"></Security>
</System>
<EventData><Data Name="PackageFullName">Microsoft.VCLibs.140.00.UWPDesktop_14.0.30704.0_x64__8wekyb3d8bbwe</Data>
<Data Name="Flags">0x00000005</Data>
</EventData>
</Event>

<Event xmlns="http://schemas.microsoft.com/win/2004/08/events/event"><System><Provider Name="Microsoft-Windows-AppXDeployment-Server" Guid="{3f471139-acb7-4a01-b7a7-ff5da4ba2d43}"></Provider>
<EventID Qualifiers="">8101</EventID>
<Version>0</Version>
<Level>5</Level>
<Task>49</Task>
<Opcode>0</Opcode>
<Keywords>0x4000000000000001</Keywords>
<TimeCreated SystemTime="2022-05-06 15:24:41.655771"></TimeCreated>
<EventRecordID>1091</EventRecordID>
<Correlation ActivityID="{2f2cff59-615d-0000-6914-2d2f5d61d801}" RelatedActivityID=""></Correlation>
<Execution ProcessID="3320" ThreadID="4616"></Execution>
<Channel>Microsoft-Windows-AppXDeploymentServer/Operational</Channel>
<Computer>Council-HQ</Computer>
<Security UserID="S-1-5-18"></Security>
</System>
<EventData><Data Name="PackageFullName">Microsoft.VCLibs.140.00.UWPDesktop_14.0.30704.0_x64__8wekyb3d8bbwe</Data>
<Data Name="Flags">0x00000005</Data>
</EventData>
</Event>

<Event xmlns="http://schemas.microsoft.com/win/2004/08/events/event"><System><Provider Name="Microsoft-Windows-AppXDeployment-Server" Guid="{3f471139-acb7-4a01-b7a7-ff5da4ba2d43}"></Provider>
<EventID Qualifiers="">540</EventID>
<Version>0</Version>
<Level>5</Level>
<Task>3</Task>
<Opcode>0</Opcode>
<Keywords>0x4000000000000001</Keywords>
<TimeCreated SystemTime="2022-05-06 15:24:41.657085"></TimeCreated>
<EventRecordID>1092</EventRecordID>
<Correlation ActivityID="{2f2cff59-615d-0000-6914-2d2f5d61d801}" RelatedActivityID=""></Correlation>
<Execution ProcessID="3320" ThreadID="4616"></Execution>
<Channel>Microsoft-Windows-AppXDeploymentServer/Operational</Channel>
<Computer>Council-HQ</Computer>
<Security UserID="S-1-5-18"></Security>
</System>
<EventData><Data Name="PackageFullName">Microsoft.VCLibs.140.00.UWPDesktop_14.0.30704.0_x64__8wekyb3d8bbwe</Data>
<Data Name="Architecture">64</Data>
</EventData>
</Event>

<Event xmlns="http://schemas.microsoft.com/win/2004/08/events/event"><System><Provider Name="Microsoft-Windows-AppXDeployment-Server" Guid="{3f471139-acb7-4a01-b7a7-ff5da4ba2d43}"></Provider>
<EventID Qualifiers="">552</EventID>
<Version>0</Version>
<Level>5</Level>
<Task>3</Task>
<Opcode>0</Opcode>
<Keywords>0x4000000000000001</Keywords>
<TimeCreated SystemTime="2022-05-06 15:24:41.657827"></TimeCreated>
<EventRecordID>1093</EventRecordID>
<Correlation ActivityID="{2f2cff59-615d-0000-6914-2d2f5d61d801}" RelatedActivityID=""></Correlation>
<Execution ProcessID="3320" ThreadID="4616"></Execution>
<Channel>Microsoft-Windows-AppXDeploymentServer/Operational</Channel>
<Computer>Council-HQ</Computer>
<Security UserID="S-1-5-18"></Security>
</System>
<EventData><Data Name="PackageFullName">Microsoft.VCLibs.140.00.UWPDesktop_14.0.30704.0_x64__8wekyb3d8bbwe</Data>
<Data Name="FullFilePath">\\?\C:\Program Files\WindowsApps\microsoft.vclibs.140.00.uwpdesktop_14.0.30704.0_x64__8wekyb3d8bbwe\microsoft.system.package.metadata\Autogen\JSByteCodeCache_64</Data>
</EventData>
</Event>

<Event xmlns="http://schemas.microsoft.com/win/2004/08/events/event"><System><Provider Name="Microsoft-Windows-AppXDeployment-Server" Guid="{3f471139-acb7-4a01-b7a7-ff5da4ba2d43}"></Provider>
<EventID Qualifiers="">541</EventID>
<Version>0</Version>
<Level>5</Level>
<Task>3</Task>
<Opcode>0</Opcode>
<Keywords>0x4000000000000001</Keywords>
<TimeCreated SystemTime="2022-05-06 15:24:41.657850"></TimeCreated>
<EventRecordID>1094</EventRecordID>
<Correlation ActivityID="{2f2cff59-615d-0000-6914-2d2f5d61d801}" RelatedActivityID=""></Correlation>
<Execution ProcessID="3320" ThreadID="4616"></Execution>
<Channel>Microsoft-Windows-AppXDeploymentServer/Operational</Channel>
<Computer>Council-HQ</Computer>
<Security UserID="S-1-5-18"></Security>
</System>
<EventData><Data Name="PackageFullName">Microsoft.VCLibs.140.00.UWPDesktop_14.0.30704.0_x64__8wekyb3d8bbwe</Data>
<Data Name="Architecture">64</Data>
</EventData>
</Event>

<Event xmlns="http://schemas.microsoft.com/win/2004/08/events/event"><System><Provider Name="Microsoft-Windows-AppXDeployment-Server" Guid="{3f471139-acb7-4a01-b7a7-ff5da4ba2d43}"></Provider>
<EventID Qualifiers="">8100</EventID>
<Version>0</Version>
<Level>5</Level>
<Task>49</Task>
<Opcode>0</Opcode>
<Keywords>0x4000000000000001</Keywords>
<TimeCreated SystemTime="2022-05-06 15:24:41.673338"></TimeCreated>
<EventRecordID>1095</EventRecordID>
<Correlation ActivityID="{2f2cff59-615d-0000-6914-2d2f5d61d801}" RelatedActivityID=""></Correlation>
<Execution ProcessID="3320" ThreadID="4616"></Execution>
<Channel>Microsoft-Windows-AppXDeploymentServer/Operational</Channel>
<Computer>Council-HQ</Computer>
<Security UserID="S-1-5-18"></Security>
</System>
<EventData><Data Name="PackageFullName">Microsoft.NET.Native.Runtime.2.2_2.2.28604.0_x86__8wekyb3d8bbwe</Data>
<Data Name="Flags">0x00000005</Data>
</EventData>
</Event>

<Event xmlns="http://schemas.microsoft.com/win/2004/08/events/event"><System><Provider Name="Microsoft-Windows-AppXDeployment-Server" Guid="{3f471139-acb7-4a01-b7a7-ff5da4ba2d43}"></Provider>
<EventID Qualifiers="">8106</EventID>
<Version>0</Version>
<Level>5</Level>
<Task>49</Task>
<Opcode>0</Opcode>
<Keywords>0x4000000000000001</Keywords>
<TimeCreated SystemTime="2022-05-06 15:24:41.674109"></TimeCreated>
<EventRecordID>1096</EventRecordID>
<Correlation ActivityID="{2f2cff59-615d-0000-6914-2d2f5d61d801}" RelatedActivityID=""></Correlation>
<Execution ProcessID="3320" ThreadID="4616"></Execution>
<Channel>Microsoft-Windows-AppXDeploymentServer/Operational</Channel>
<Computer>Council-HQ</Computer>
<Security UserID="S-1-5-18"></Security>
</System>
<EventData><Data Name="PackageFullName">Microsoft.NET.Native.Runtime.2.2_2.2.28604.0_x86__8wekyb3d8bbwe</Data>
<Data Name="Flags">0x00000005</Data>
</EventData>
</Event>

<Event xmlns="http://schemas.microsoft.com/win/2004/08/events/event"><System><Provider Name="Microsoft-Windows-AppXDeployment-Server" Guid="{3f471139-acb7-4a01-b7a7-ff5da4ba2d43}"></Provider>
<EventID Qualifiers="">8101</EventID>
<Version>0</Version>
<Level>5</Level>
<Task>49</Task>
<Opcode>0</Opcode>
<Keywords>0x4000000000000001</Keywords>
<TimeCreated SystemTime="2022-05-06 15:24:41.674118"></TimeCreated>
<EventRecordID>1097</EventRecordID>
<Correlation ActivityID="{2f2cff59-615d-0000-6914-2d2f5d61d801}" RelatedActivityID=""></Correlation>
<Execution ProcessID="3320" ThreadID="4616"></Execution>
<Channel>Microsoft-Windows-AppXDeploymentServer/Operational</Channel>
<Computer>Council-HQ</Computer>
<Security UserID="S-1-5-18"></Security>
</System>
<EventData><Data Name="PackageFullName">Microsoft.NET.Native.Runtime.2.2_2.2.28604.0_x86__8wekyb3d8bbwe</Data>
<Data Name="Flags">0x00000005</Data>
</EventData>
</Event>

<Event xmlns="http://schemas.microsoft.com/win/2004/08/events/event"><System><Provider Name="Microsoft-Windows-AppXDeployment-Server" Guid="{3f471139-acb7-4a01-b7a7-ff5da4ba2d43}"></Provider>
<EventID Qualifiers="">540</EventID>
<Version>0</Version>
<Level>5</Level>
<Task>3</Task>
<Opcode>0</Opcode>
<Keywords>0x4000000000000001</Keywords>
<TimeCreated SystemTime="2022-05-06 15:24:41.675711"></TimeCreated>
<EventRecordID>1098</EventRecordID>
<Correlation ActivityID="{2f2cff59-615d-0000-6914-2d2f5d61d801}" RelatedActivityID=""></Correlation>
<Execution ProcessID="3320" ThreadID="4616"></Execution>
<Channel>Microsoft-Windows-AppXDeploymentServer/Operational</Channel>
<Computer>Council-HQ</Computer>
<Security UserID="S-1-5-18"></Security>
</System>
<EventData><Data Name="PackageFullName">Microsoft.NET.Native.Runtime.2.2_2.2.28604.0_x86__8wekyb3d8bbwe</Data>
<Data Name="Architecture">32</Data>
</EventData>
</Event>

<Event xmlns="http://schemas.microsoft.com/win/2004/08/events/event"><System><Provider Name="Microsoft-Windows-AppXDeployment-Server" Guid="{3f471139-acb7-4a01-b7a7-ff5da4ba2d43}"></Provider>
<EventID Qualifiers="">552</EventID>
<Version>0</Version>
<Level>5</Level>
<Task>3</Task>
<Opcode>0</Opcode>
<Keywords>0x4000000000000001</Keywords>
<TimeCreated SystemTime="2022-05-06 15:24:41.676407"></TimeCreated>
<EventRecordID>1099</EventRecordID>
<Correlation ActivityID="{2f2cff59-615d-0000-6914-2d2f5d61d801}" RelatedActivityID=""></Correlation>
<Execution ProcessID="3320" ThreadID="4616"></Execution>
<Channel>Microsoft-Windows-AppXDeploymentServer/Operational</Channel>
<Computer>Council-HQ</Computer>
<Security UserID="S-1-5-18"></Security>
</System>
<EventData><Data Name="PackageFullName">Microsoft.NET.Native.Runtime.2.2_2.2.28604.0_x86__8wekyb3d8bbwe</Data>
<Data Name="FullFilePath">\\?\C:\Program Files\WindowsApps\microsoft.net.native.runtime.2.2_2.2.28604.0_x86__8wekyb3d8bbwe\microsoft.system.package.metadata\Autogen\JSByteCodeCache_32</Data>
</EventData>
</Event>

<Event xmlns="http://schemas.microsoft.com/win/2004/08/events/event"><System><Provider Name="Microsoft-Windows-AppXDeployment-Server" Guid="{3f471139-acb7-4a01-b7a7-ff5da4ba2d43}"></Provider>
<EventID Qualifiers="">541</EventID>
<Version>0</Version>
<Level>5</Level>
<Task>3</Task>
<Opcode>0</Opcode>
<Keywords>0x4000000000000001</Keywords>
<TimeCreated SystemTime="2022-05-06 15:24:41.676411"></TimeCreated>
<EventRecordID>1100</EventRecordID>
<Correlation ActivityID="{2f2cff59-615d-0000-6914-2d2f5d61d801}" RelatedActivityID=""></Correlation>
<Execution ProcessID="3320" ThreadID="4616"></Execution>
<Channel>Microsoft-Windows-AppXDeploymentServer/Operational</Channel>
<Computer>Council-HQ</Computer>
<Security UserID="S-1-5-18"></Security>
</System>
<EventData><Data Name="PackageFullName">Microsoft.NET.Native.Runtime.2.2_2.2.28604.0_x86__8wekyb3d8bbwe</Data>
<Data Name="Architecture">32</Data>
</EventData>
</Event>

<Event xmlns="http://schemas.microsoft.com/win/2004/08/events/event"><System><Provider Name="Microsoft-Windows-AppXDeployment-Server" Guid="{3f471139-acb7-4a01-b7a7-ff5da4ba2d43}"></Provider>
<EventID Qualifiers="">8100</EventID>
<Version>0</Version>
<Level>5</Level>
<Task>49</Task>
<Opcode>0</Opcode>
<Keywords>0x4000000000000001</Keywords>
<TimeCreated SystemTime="2022-05-06 15:24:41.686829"></TimeCreated>
<EventRecordID>1101</EventRecordID>
<Correlation ActivityID="{2f2cff59-615d-0000-6914-2d2f5d61d801}" RelatedActivityID=""></Correlation>
<Execution ProcessID="3320" ThreadID="4616"></Execution>
<Channel>Microsoft-Windows-AppXDeploymentServer/Operational</Channel>
<Computer>Council-HQ</Computer>
<Security UserID="S-1-5-18"></Security>
</System>
<EventData><Data Name="PackageFullName">Microsoft.NET.Native.Runtime.2.2_2.2.28604.0_x64__8wekyb3d8bbwe</Data>
<Data Name="Flags">0x00000005</Data>
</EventData>
</Event>

<Event xmlns="http://schemas.microsoft.com/win/2004/08/events/event"><System><Provider Name="Microsoft-Windows-AppXDeployment-Server" Guid="{3f471139-acb7-4a01-b7a7-ff5da4ba2d43}"></Provider>
<EventID Qualifiers="">8106</EventID>
<Version>0</Version>
<Level>5</Level>
<Task>49</Task>
<Opcode>0</Opcode>
<Keywords>0x4000000000000001</Keywords>
<TimeCreated SystemTime="2022-05-06 15:24:41.688112"></TimeCreated>
<EventRecordID>1102</EventRecordID>
<Correlation ActivityID="{2f2cff59-615d-0000-6914-2d2f5d61d801}" RelatedActivityID=""></Correlation>
<Execution ProcessID="3320" ThreadID="4616"></Execution>
<Channel>Microsoft-Windows-AppXDeploymentServer/Operational</Channel>
<Computer>Council-HQ</Computer>
<Security UserID="S-1-5-18"></Security>
</System>
<EventData><Data Name="PackageFullName">Microsoft.NET.Native.Runtime.2.2_2.2.28604.0_x64__8wekyb3d8bbwe</Data>
<Data Name="Flags">0x00000005</Data>
</EventData>
</Event>

<Event xmlns="http://schemas.microsoft.com/win/2004/08/events/event"><System><Provider Name="Microsoft-Windows-AppXDeployment-Server" Guid="{3f471139-acb7-4a01-b7a7-ff5da4ba2d43}"></Provider>
<EventID Qualifiers="">8101</EventID>
<Version>0</Version>
<Level>5</Level>
<Task>49</Task>
<Opcode>0</Opcode>
<Keywords>0x4000000000000001</Keywords>
<TimeCreated SystemTime="2022-05-06 15:24:41.688122"></TimeCreated>
<EventRecordID>1103</EventRecordID>
<Correlation ActivityID="{2f2cff59-615d-0000-6914-2d2f5d61d801}" RelatedActivityID=""></Correlation>
<Execution ProcessID="3320" ThreadID="4616"></Execution>
<Channel>Microsoft-Windows-AppXDeploymentServer/Operational</Channel>
<Computer>Council-HQ</Computer>
<Security UserID="S-1-5-18"></Security>
</System>
<EventData><Data Name="PackageFullName">Microsoft.NET.Native.Runtime.2.2_2.2.28604.0_x64__8wekyb3d8bbwe</Data>
<Data Name="Flags">0x00000005</Data>
</EventData>
</Event>

<Event xmlns="http://schemas.microsoft.com/win/2004/08/events/event"><System><Provider Name="Microsoft-Windows-AppXDeployment-Server" Guid="{3f471139-acb7-4a01-b7a7-ff5da4ba2d43}"></Provider>
<EventID Qualifiers="">540</EventID>
<Version>0</Version>
<Level>5</Level>
<Task>3</Task>
<Opcode>0</Opcode>
<Keywords>0x4000000000000001</Keywords>
<TimeCreated SystemTime="2022-05-06 15:24:41.689470"></TimeCreated>
<EventRecordID>1104</EventRecordID>
<Correlation ActivityID="{2f2cff59-615d-0000-6914-2d2f5d61d801}" RelatedActivityID=""></Correlation>
<Execution ProcessID="3320" ThreadID="4616"></Execution>
<Channel>Microsoft-Windows-AppXDeploymentServer/Operational</Channel>
<Computer>Council-HQ</Computer>
<Security UserID="S-1-5-18"></Security>
</System>
<EventData><Data Name="PackageFullName">Microsoft.NET.Native.Runtime.2.2_2.2.28604.0_x64__8wekyb3d8bbwe</Data>
<Data Name="Architecture">64</Data>
</EventData>
</Event>

<Event xmlns="http://schemas.microsoft.com/win/2004/08/events/event"><System><Provider Name="Microsoft-Windows-AppXDeployment-Server" Guid="{3f471139-acb7-4a01-b7a7-ff5da4ba2d43}"></Provider>
<EventID Qualifiers="">552</EventID>
<Version>0</Version>
<Level>5</Level>
<Task>3</Task>
<Opcode>0</Opcode>
<Keywords>0x4000000000000001</Keywords>
<TimeCreated SystemTime="2022-05-06 15:24:41.690582"></TimeCreated>
<EventRecordID>1105</EventRecordID>
<Correlation ActivityID="{2f2cff59-615d-0000-6914-2d2f5d61d801}" RelatedActivityID=""></Correlation>
<Execution ProcessID="3320" ThreadID="4616"></Execution>
<Channel>Microsoft-Windows-AppXDeploymentServer/Operational</Channel>
<Computer>Council-HQ</Computer>
<Security UserID="S-1-5-18"></Security>
</System>
<EventData><Data Name="PackageFullName">Microsoft.NET.Native.Runtime.2.2_2.2.28604.0_x64__8wekyb3d8bbwe</Data>
<Data Name="FullFilePath">\\?\C:\Program Files\WindowsApps\microsoft.net.native.runtime.2.2_2.2.28604.0_x64__8wekyb3d8bbwe\microsoft.system.package.metadata\Autogen\JSByteCodeCache_64</Data>
</EventData>
</Event>

<Event xmlns="http://schemas.microsoft.com/win/2004/08/events/event"><System><Provider Name="Microsoft-Windows-AppXDeployment-Server" Guid="{3f471139-acb7-4a01-b7a7-ff5da4ba2d43}"></Provider>
<EventID Qualifiers="">541</EventID>
<Version>0</Version>
<Level>5</Level>
<Task>3</Task>
<Opcode>0</Opcode>
<Keywords>0x4000000000000001</Keywords>
<TimeCreated SystemTime="2022-05-06 15:24:41.690584"></TimeCreated>
<EventRecordID>1106</EventRecordID>
<Correlation ActivityID="{2f2cff59-615d-0000-6914-2d2f5d61d801}" RelatedActivityID=""></Correlation>
<Execution ProcessID="3320" ThreadID="4616"></Execution>
<Channel>Microsoft-Windows-AppXDeploymentServer/Operational</Channel>
<Computer>Council-HQ</Computer>
<Security UserID="S-1-5-18"></Security>
</System>
<EventData><Data Name="PackageFullName">Microsoft.NET.Native.Runtime.2.2_2.2.28604.0_x64__8wekyb3d8bbwe</Data>
<Data Name="Architecture">64</Data>
</EventData>
</Event>

<Event xmlns="http://schemas.microsoft.com/win/2004/08/events/event"><System><Provider Name="Microsoft-Windows-AppXDeployment-Server" Guid="{3f471139-acb7-4a01-b7a7-ff5da4ba2d43}"></Provider>
<EventID Qualifiers="">8100</EventID>
<Version>0</Version>
<Level>5</Level>
<Task>49</Task>
<Opcode>0</Opcode>
<Keywords>0x4000000000000001</Keywords>
<TimeCreated SystemTime="2022-05-06 15:24:41.705835"></TimeCreated>
<EventRecordID>1107</EventRecordID>
<Correlation ActivityID="{2f2cff59-615d-0000-6914-2d2f5d61d801}" RelatedActivityID=""></Correlation>
<Execution ProcessID="3320" ThreadID="4616"></Execution>
<Channel>Microsoft-Windows-AppXDeploymentServer/Operational</Channel>
<Computer>Council-HQ</Computer>
<Security UserID="S-1-5-18"></Security>
</System>
<EventData><Data Name="PackageFullName">Microsoft.NET.Native.Framework.2.2_2.2.29512.0_x86__8wekyb3d8bbwe</Data>
<Data Name="Flags">0x00000005</Data>
</EventData>
</Event>

<Event xmlns="http://schemas.microsoft.com/win/2004/08/events/event"><System><Provider Name="Microsoft-Windows-AppXDeployment-Server" Guid="{3f471139-acb7-4a01-b7a7-ff5da4ba2d43}"></Provider>
<EventID Qualifiers="">8106</EventID>
<Version>0</Version>
<Level>5</Level>
<Task>49</Task>
<Opcode>0</Opcode>
<Keywords>0x4000000000000001</Keywords>
<TimeCreated SystemTime="2022-05-06 15:24:41.707043"></TimeCreated>
<EventRecordID>1108</EventRecordID>
<Correlation ActivityID="{2f2cff59-615d-0000-6914-2d2f5d61d801}" RelatedActivityID=""></Correlation>
<Execution ProcessID="3320" ThreadID="4616"></Execution>
<Channel>Microsoft-Windows-AppXDeploymentServer/Operational</Channel>
<Computer>Council-HQ</Computer>
<Security UserID="S-1-5-18"></Security>
</System>
<EventData><Data Name="PackageFullName">Microsoft.NET.Native.Framework.2.2_2.2.29512.0_x86__8wekyb3d8bbwe</Data>
<Data Name="Flags">0x00000005</Data>
</EventData>
</Event>

<Event xmlns="http://schemas.microsoft.com/win/2004/08/events/event"><System><Provider Name="Microsoft-Windows-AppXDeployment-Server" Guid="{3f471139-acb7-4a01-b7a7-ff5da4ba2d43}"></Provider>
<EventID Qualifiers="">8101</EventID>
<Version>0</Version>
<Level>5</Level>
<Task>49</Task>
<Opcode>0</Opcode>
<Keywords>0x4000000000000001</Keywords>
<TimeCreated SystemTime="2022-05-06 15:24:41.707056"></TimeCreated>
<EventRecordID>1109</EventRecordID>
<Correlation ActivityID="{2f2cff59-615d-0000-6914-2d2f5d61d801}" RelatedActivityID=""></Correlation>
<Execution ProcessID="3320" ThreadID="4616"></Execution>
<Channel>Microsoft-Windows-AppXDeploymentServer/Operational</Channel>
<Computer>Council-HQ</Computer>
<Security UserID="S-1-5-18"></Security>
</System>
<EventData><Data Name="PackageFullName">Microsoft.NET.Native.Framework.2.2_2.2.29512.0_x86__8wekyb3d8bbwe</Data>
<Data Name="Flags">0x00000005</Data>
</EventData>
</Event>

<Event xmlns="http://schemas.microsoft.com/win/2004/08/events/event"><System><Provider Name="Microsoft-Windows-AppXDeployment-Server" Guid="{3f471139-acb7-4a01-b7a7-ff5da4ba2d43}"></Provider>
<EventID Qualifiers="">540</EventID>
<Version>0</Version>
<Level>5</Level>
<Task>3</Task>
<Opcode>0</Opcode>
<Keywords>0x4000000000000001</Keywords>
<TimeCreated SystemTime="2022-05-06 15:24:41.708681"></TimeCreated>
<EventRecordID>1110</EventRecordID>
<Correlation ActivityID="{2f2cff59-615d-0000-6914-2d2f5d61d801}" RelatedActivityID=""></Correlation>
<Execution ProcessID="3320" ThreadID="4616"></Execution>
<Channel>Microsoft-Windows-AppXDeploymentServer/Operational</Channel>
<Computer>Council-HQ</Computer>
<Security UserID="S-1-5-18"></Security>
</System>
<EventData><Data Name="PackageFullName">Microsoft.NET.Native.Framework.2.2_2.2.29512.0_x86__8wekyb3d8bbwe</Data>
<Data Name="Architecture">32</Data>
</EventData>
</Event>

<Event xmlns="http://schemas.microsoft.com/win/2004/08/events/event"><System><Provider Name="Microsoft-Windows-AppXDeployment-Server" Guid="{3f471139-acb7-4a01-b7a7-ff5da4ba2d43}"></Provider>
<EventID Qualifiers="">552</EventID>
<Version>0</Version>
<Level>5</Level>
<Task>3</Task>
<Opcode>0</Opcode>
<Keywords>0x4000000000000001</Keywords>
<TimeCreated SystemTime="2022-05-06 15:24:41.709356"></TimeCreated>
<EventRecordID>1111</EventRecordID>
<Correlation ActivityID="{2f2cff59-615d-0000-6914-2d2f5d61d801}" RelatedActivityID=""></Correlation>
<Execution ProcessID="3320" ThreadID="4616"></Execution>
<Channel>Microsoft-Windows-AppXDeploymentServer/Operational</Channel>
<Computer>Council-HQ</Computer>
<Security UserID="S-1-5-18"></Security>
</System>
<EventData><Data Name="PackageFullName">Microsoft.NET.Native.Framework.2.2_2.2.29512.0_x86__8wekyb3d8bbwe</Data>
<Data Name="FullFilePath">\\?\C:\Program Files\WindowsApps\microsoft.net.native.framework.2.2_2.2.29512.0_x86__8wekyb3d8bbwe\microsoft.system.package.metadata\Autogen\JSByteCodeCache_32</Data>
</EventData>
</Event>

<Event xmlns="http://schemas.microsoft.com/win/2004/08/events/event"><System><Provider Name="Microsoft-Windows-AppXDeployment-Server" Guid="{3f471139-acb7-4a01-b7a7-ff5da4ba2d43}"></Provider>
<EventID Qualifiers="">541</EventID>
<Version>0</Version>
<Level>5</Level>
<Task>3</Task>
<Opcode>0</Opcode>
<Keywords>0x4000000000000001</Keywords>
<TimeCreated SystemTime="2022-05-06 15:24:41.709368"></TimeCreated>
<EventRecordID>1112</EventRecordID>
<Correlation ActivityID="{2f2cff59-615d-0000-6914-2d2f5d61d801}" RelatedActivityID=""></Correlation>
<Execution ProcessID="3320" ThreadID="4616"></Execution>
<Channel>Microsoft-Windows-AppXDeploymentServer/Operational</Channel>
<Computer>Council-HQ</Computer>
<Security UserID="S-1-5-18"></Security>
</System>
<EventData><Data Name="PackageFullName">Microsoft.NET.Native.Framework.2.2_2.2.29512.0_x86__8wekyb3d8bbwe</Data>
<Data Name="Architecture">32</Data>
</EventData>
</Event>

<Event xmlns="http://schemas.microsoft.com/win/2004/08/events/event"><System><Provider Name="Microsoft-Windows-AppXDeployment-Server" Guid="{3f471139-acb7-4a01-b7a7-ff5da4ba2d43}"></Provider>
<EventID Qualifiers="">8100</EventID>
<Version>0</Version>
<Level>5</Level>
<Task>49</Task>
<Opcode>0</Opcode>
<Keywords>0x4000000000000001</Keywords>
<TimeCreated SystemTime="2022-05-06 15:24:41.719448"></TimeCreated>
<EventRecordID>1113</EventRecordID>
<Correlation ActivityID="{2f2cff59-615d-0000-6914-2d2f5d61d801}" RelatedActivityID=""></Correlation>
<Execution ProcessID="3320" ThreadID="4616"></Execution>
<Channel>Microsoft-Windows-AppXDeploymentServer/Operational</Channel>
<Computer>Council-HQ</Computer>
<Security UserID="S-1-5-18"></Security>
</System>
<EventData><Data Name="PackageFullName">Microsoft.NET.Native.Framework.2.2_2.2.29512.0_x64__8wekyb3d8bbwe</Data>
<Data Name="Flags">0x00000005</Data>
</EventData>
</Event>

<Event xmlns="http://schemas.microsoft.com/win/2004/08/events/event"><System><Provider Name="Microsoft-Windows-AppXDeployment-Server" Guid="{3f471139-acb7-4a01-b7a7-ff5da4ba2d43}"></Provider>
<EventID Qualifiers="">8106</EventID>
<Version>0</Version>
<Level>5</Level>
<Task>49</Task>
<Opcode>0</Opcode>
<Keywords>0x4000000000000001</Keywords>
<TimeCreated SystemTime="2022-05-06 15:24:41.720148"></TimeCreated>
<EventRecordID>1114</EventRecordID>
<Correlation ActivityID="{2f2cff59-615d-0000-6914-2d2f5d61d801}" RelatedActivityID=""></Correlation>
<Execution ProcessID="3320" ThreadID="4616"></Execution>
<Channel>Microsoft-Windows-AppXDeploymentServer/Operational</Channel>
<Computer>Council-HQ</Computer>
<Security UserID="S-1-5-18"></Security>
</System>
<EventData><Data Name="PackageFullName">Microsoft.NET.Native.Framework.2.2_2.2.29512.0_x64__8wekyb3d8bbwe</Data>
<Data Name="Flags">0x00000005</Data>
</EventData>
</Event>

<Event xmlns="http://schemas.microsoft.com/win/2004/08/events/event"><System><Provider Name="Microsoft-Windows-AppXDeployment-Server" Guid="{3f471139-acb7-4a01-b7a7-ff5da4ba2d43}"></Provider>
<EventID Qualifiers="">8101</EventID>
<Version>0</Version>
<Level>5</Level>
<Task>49</Task>
<Opcode>0</Opcode>
<Keywords>0x4000000000000001</Keywords>
<TimeCreated SystemTime="2022-05-06 15:24:41.720158"></TimeCreated>
<EventRecordID>1115</EventRecordID>
<Correlation ActivityID="{2f2cff59-615d-0000-6914-2d2f5d61d801}" RelatedActivityID=""></Correlation>
<Execution ProcessID="3320" ThreadID="4616"></Execution>
<Channel>Microsoft-Windows-AppXDeploymentServer/Operational</Channel>
<Computer>Council-HQ</Computer>
<Security UserID="S-1-5-18"></Security>
</System>
<EventData><Data Name="PackageFullName">Microsoft.NET.Native.Framework.2.2_2.2.29512.0_x64__8wekyb3d8bbwe</Data>
<Data Name="Flags">0x00000005</Data>
</EventData>
</Event>

<Event xmlns="http://schemas.microsoft.com/win/2004/08/events/event"><System><Provider Name="Microsoft-Windows-AppXDeployment-Server" Guid="{3f471139-acb7-4a01-b7a7-ff5da4ba2d43}"></Provider>
<EventID Qualifiers="">540</EventID>
<Version>0</Version>
<Level>5</Level>
<Task>3</Task>
<Opcode>0</Opcode>
<Keywords>0x4000000000000001</Keywords>
<TimeCreated SystemTime="2022-05-06 15:24:41.721485"></TimeCreated>
<EventRecordID>1116</EventRecordID>
<Correlation ActivityID="{2f2cff59-615d-0000-6914-2d2f5d61d801}" RelatedActivityID=""></Correlation>
<Execution ProcessID="3320" ThreadID="4616"></Execution>
<Channel>Microsoft-Windows-AppXDeploymentServer/Operational</Channel>
<Computer>Council-HQ</Computer>
<Security UserID="S-1-5-18"></Security>
</System>
<EventData><Data Name="PackageFullName">Microsoft.NET.Native.Framework.2.2_2.2.29512.0_x64__8wekyb3d8bbwe</Data>
<Data Name="Architecture">64</Data>
</EventData>
</Event>

<Event xmlns="http://schemas.microsoft.com/win/2004/08/events/event"><System><Provider Name="Microsoft-Windows-AppXDeployment-Server" Guid="{3f471139-acb7-4a01-b7a7-ff5da4ba2d43}"></Provider>
<EventID Qualifiers="">552</EventID>
<Version>0</Version>
<Level>5</Level>
<Task>3</Task>
<Opcode>0</Opcode>
<Keywords>0x4000000000000001</Keywords>
<TimeCreated SystemTime="2022-05-06 15:24:41.722128"></TimeCreated>
<EventRecordID>1117</EventRecordID>
<Correlation ActivityID="{2f2cff59-615d-0000-6914-2d2f5d61d801}" RelatedActivityID=""></Correlation>
<Execution ProcessID="3320" ThreadID="4616"></Execution>
<Channel>Microsoft-Windows-AppXDeploymentServer/Operational</Channel>
<Computer>Council-HQ</Computer>
<Security UserID="S-1-5-18"></Security>
</System>
<EventData><Data Name="PackageFullName">Microsoft.NET.Native.Framework.2.2_2.2.29512.0_x64__8wekyb3d8bbwe</Data>
<Data Name="FullFilePath">\\?\C:\Program Files\WindowsApps\microsoft.net.native.framework.2.2_2.2.29512.0_x64__8wekyb3d8bbwe\microsoft.system.package.metadata\Autogen\JSByteCodeCache_64</Data>
</EventData>
</Event>

<Event xmlns="http://schemas.microsoft.com/win/2004/08/events/event"><System><Provider Name="Microsoft-Windows-AppXDeployment-Server" Guid="{3f471139-acb7-4a01-b7a7-ff5da4ba2d43}"></Provider>
<EventID Qualifiers="">541</EventID>
<Version>0</Version>
<Level>5</Level>
<Task>3</Task>
<Opcode>0</Opcode>
<Keywords>0x4000000000000001</Keywords>
<TimeCreated SystemTime="2022-05-06 15:24:41.722143"></TimeCreated>
<EventRecordID>1118</EventRecordID>
<Correlation ActivityID="{2f2cff59-615d-0000-6914-2d2f5d61d801}" RelatedActivityID=""></Correlation>
<Execution ProcessID="3320" ThreadID="4616"></Execution>
<Channel>Microsoft-Windows-AppXDeploymentServer/Operational</Channel>
<Computer>Council-HQ</Computer>
<Security UserID="S-1-5-18"></Security>
</System>
<EventData><Data Name="PackageFullName">Microsoft.NET.Native.Framework.2.2_2.2.29512.0_x64__8wekyb3d8bbwe</Data>
<Data Name="Architecture">64</Data>
</EventData>
</Event>

<Event xmlns="http://schemas.microsoft.com/win/2004/08/events/event"><System><Provider Name="Microsoft-Windows-AppXDeployment-Server" Guid="{3f471139-acb7-4a01-b7a7-ff5da4ba2d43}"></Provider>
<EventID Qualifiers="">8100</EventID>
<Version>0</Version>
<Level>5</Level>
<Task>49</Task>
<Opcode>0</Opcode>
<Keywords>0x4000000000000001</Keywords>
<TimeCreated SystemTime="2022-05-06 15:24:41.780514"></TimeCreated>
<EventRecordID>1119</EventRecordID>
<Correlation ActivityID="{2f2cff59-615d-0000-6914-2d2f5d61d801}" RelatedActivityID=""></Correlation>
<Execution ProcessID="3320" ThreadID="4616"></Execution>
<Channel>Microsoft-Windows-AppXDeploymentServer/Operational</Channel>
<Computer>Council-HQ</Computer>
<Security UserID="S-1-5-18"></Security>
</System>
<EventData><Data Name="PackageFullName">Microsoft.549981C3F5F10_4.2203.4603.0_x64__8wekyb3d8bbwe</Data>
<Data Name="Flags">0x00000009</Data>
</EventData>
</Event>

<Event xmlns="http://schemas.microsoft.com/win/2004/08/events/event"><System><Provider Name="Microsoft-Windows-AppXDeployment-Server" Guid="{3f471139-acb7-4a01-b7a7-ff5da4ba2d43}"></Provider>
<EventID Qualifiers="">8106</EventID>
<Version>0</Version>
<Level>5</Level>
<Task>49</Task>
<Opcode>0</Opcode>
<Keywords>0x4000000000000001</Keywords>
<TimeCreated SystemTime="2022-05-06 15:24:41.781954"></TimeCreated>
<EventRecordID>1120</EventRecordID>
<Correlation ActivityID="{2f2cff59-615d-0000-6914-2d2f5d61d801}" RelatedActivityID=""></Correlation>
<Execution ProcessID="3320" ThreadID="4616"></Execution>
<Channel>Microsoft-Windows-AppXDeploymentServer/Operational</Channel>
<Computer>Council-HQ</Computer>
<Security UserID="S-1-5-18"></Security>
</System>
<EventData><Data Name="PackageFullName">Microsoft.549981C3F5F10_4.2203.4603.0_x64__8wekyb3d8bbwe</Data>
<Data Name="Flags">0x00000009</Data>
</EventData>
</Event>

<Event xmlns="http://schemas.microsoft.com/win/2004/08/events/event"><System><Provider Name="Microsoft-Windows-AppXDeployment-Server" Guid="{3f471139-acb7-4a01-b7a7-ff5da4ba2d43}"></Provider>
<EventID Qualifiers="">8101</EventID>
<Version>0</Version>
<Level>5</Level>
<Task>49</Task>
<Opcode>0</Opcode>
<Keywords>0x4000000000000001</Keywords>
<TimeCreated SystemTime="2022-05-06 15:24:41.781967"></TimeCreated>
<EventRecordID>1121</EventRecordID>
<Correlation ActivityID="{2f2cff59-615d-0000-6914-2d2f5d61d801}" RelatedActivityID=""></Correlation>
<Execution ProcessID="3320" ThreadID="4616"></Execution>
<Channel>Microsoft-Windows-AppXDeploymentServer/Operational</Channel>
<Computer>Council-HQ</Computer>
<Security UserID="S-1-5-18"></Security>
</System>
<EventData><Data Name="PackageFullName">Microsoft.549981C3F5F10_4.2203.4603.0_x64__8wekyb3d8bbwe</Data>
<Data Name="Flags">0x00000009</Data>
</EventData>
</Event>

<Event xmlns="http://schemas.microsoft.com/win/2004/08/events/event"><System><Provider Name="Microsoft-Windows-AppXDeployment-Server" Guid="{3f471139-acb7-4a01-b7a7-ff5da4ba2d43}"></Provider>
<EventID Qualifiers="">5507</EventID>
<Version>0</Version>
<Level>5</Level>
<Task>0</Task>
<Opcode>0</Opcode>
<Keywords>0x4000000000100000</Keywords>
<TimeCreated SystemTime="2022-05-06 15:24:41.817802"></TimeCreated>
<EventRecordID>1122</EventRecordID>
<Correlation ActivityID="{2f2cff59-615d-0000-6914-2d2f5d61d801}" RelatedActivityID=""></Correlation>
<Execution ProcessID="3320" ThreadID="4616"></Execution>
<Channel>Microsoft-Windows-AppXDeploymentServer/Operational</Channel>
<Computer>Council-HQ</Computer>
<Security UserID="S-1-5-21-2389065719-3342106636-307857974-1001"></Security>
</System>
<EventData><Data Name="PackageName">Microsoft.549981C3F5F10_4.2203.4603.0_x64__8wekyb3d8bbwe</Data>
<Data Name="FilePath">C:\Program Files\WindowsApps\Microsoft.549981C3F5F10_4.2203.4603.0_x64__8wekyb3d8bbwe\microsoft.system.package.metadata\S-1-5-21-2389065719-3342106636-307857974-1001-MergedResources-*.pri</Data>
<Data Name="Message">No user-specific merged files found</Data>
</EventData>
</Event>

<Event xmlns="http://schemas.microsoft.com/win/2004/08/events/event"><System><Provider Name="Microsoft-Windows-AppXDeployment-Server" Guid="{3f471139-acb7-4a01-b7a7-ff5da4ba2d43}"></Provider>
<EventID Qualifiers="">5507</EventID>
<Version>0</Version>
<Level>5</Level>
<Task>0</Task>
<Opcode>0</Opcode>
<Keywords>0x4000000000100000</Keywords>
<TimeCreated SystemTime="2022-05-06 15:24:41.817888"></TimeCreated>
<EventRecordID>1123</EventRecordID>
<Correlation ActivityID="{2f2cff59-615d-0000-6914-2d2f5d61d801}" RelatedActivityID=""></Correlation>
<Execution ProcessID="3320" ThreadID="4616"></Execution>
<Channel>Microsoft-Windows-AppXDeploymentServer/Operational</Channel>
<Computer>Council-HQ</Computer>
<Security UserID="S-1-5-21-2389065719-3342106636-307857974-1001"></Security>
</System>
<EventData><Data Name="PackageName">Microsoft.549981C3F5F10_4.2203.4603.0_x64__8wekyb3d8bbwe</Data>
<Data Name="FilePath">C:\Program Files\WindowsApps\Microsoft.549981C3F5F10_4.2203.4603.0_x64__8wekyb3d8bbwe\microsoft.system.package.metadata\Resources.????????.pri</Data>
<Data Name="Message">No shared merged files found</Data>
</EventData>
</Event>

<Event xmlns="http://schemas.microsoft.com/win/2004/08/events/event"><System><Provider Name="Microsoft-Windows-AppXDeployment-Server" Guid="{3f471139-acb7-4a01-b7a7-ff5da4ba2d43}"></Provider>
<EventID Qualifiers="">5507</EventID>
<Version>0</Version>
<Level>5</Level>
<Task>0</Task>
<Opcode>0</Opcode>
<Keywords>0x4000000000100000</Keywords>
<TimeCreated SystemTime="2022-05-06 15:24:41.817917"></TimeCreated>
<EventRecordID>1124</EventRecordID>
<Correlation ActivityID="{2f2cff59-615d-0000-6914-2d2f5d61d801}" RelatedActivityID=""></Correlation>
<Execution ProcessID="3320" ThreadID="4616"></Execution>
<Channel>Microsoft-Windows-AppXDeploymentServer/Operational</Channel>
<Computer>Council-HQ</Computer>
<Security UserID="S-1-5-21-2389065719-3342106636-307857974-1001"></Security>
</System>
<EventData><Data Name="PackageName">Microsoft.549981C3F5F10_4.2203.4603.0_x64__8wekyb3d8bbwe</Data>
<Data Name="FilePath">C:\Program Files\WindowsApps\Microsoft.549981C3F5F10_4.2203.4603.0_x64__8wekyb3d8bbwe\microsoft.system.package.metadata\S-1-5-21-2389065719-3342106636-307857974-1001-MergedResources-*.pri</Data>
<Data Name="Message">No user-specific merged files found</Data>
</EventData>
</Event>

