<Event xmlns="http://schemas.microsoft.com/win/2004/08/events/event"><System><Provider Name="Microsoft-Windows-AppXDeployment-Server" Guid="{3f471139-acb7-4a01-b7a7-ff5da4ba2d43}"></Provider>
<EventID Qualifiers="">819</EventID>
<Version>0</Version>
<Level>5</Level>
<Task>6</Task>
<Opcode>0</Opcode>
<Keywords>0x4000000000000001</Keywords>
<TimeCreated SystemTime="2022-05-06 15:24:40.114744"></TimeCreated>
<EventRecordID>932</EventRecordID>
<Correlation ActivityID="{2f2cff59-615d-0003-7c11-2d2f5d61d801}" RelatedActivityID=""></Correlation>
<Execution ProcessID="3320" ThreadID="4616"></Execution>
<Channel>Microsoft-Windows-AppXDeploymentServer/Operational</Channel>
<Computer>Council-HQ</Computer>
<Security UserID="S-1-5-18"></Security>
</System>
<EventData><Data Name="InstallPackageList">MicrosoftWindows.UndockedDevKit_10.0.22000.1_neutral_neutral_cw5n1h2txyewy Microsoft.Windows.StartMenuExperienceHost_10.0.22000.37_neutral_neutral_cw5n1h2txyewy Microsoft.Windows.ShellExperienceHost_10.0.22000.71_neutral_neutral_cw5n1h2txyewy windows.immersivecontrolpanel_10.0.6.1000_neutral_neutral_cw5n1h2txyewy Microsoft.Windows.Search_1.16.0.22000_neutral_neutral_cw5n1h2txyewy Microsoft.549981C3F5F10_4.2203.4603.0_neutral_~_8wekyb3d8bbwe 1527c705-839a-4832-9118-54d4Bd6a0c89_10.0.19640.1000_neutral_neutral_cw5n1h2txyewy c5e2524a-ea46-4f67-841f-6a9465d9d515_10.0.22000.1_neutral_neutral_cw5n1h2txyewy E2A4F912-2574-4A75-9BB0-0D023378592B_10.0.19640.1000_neutral_neutral_cw5n1h2txyewy F46D4000-FD22-4DB4-AC8E-4E1DDDE828FE_10.0.22000.1_neutral_neutral_cw5n1h2txyewy Microsoft.AccountsControl_10.0.22000.1_neutral_neutral_cw5n1h2txyewy Microsoft.AsyncTextService_10.0.22000.1_neutral_neutral_8wekyb3d8bbwe Microsoft.CredDialogHost_10.0.19595.1001_neutral_neutral_cw5n1h2txyewy Microsoft.ECApp_10.0.22000.1_neutral_neutral_8wekyb3d8bbwe Microsoft.LockApp_10.0.22000.1_neutral_neutral_cw5n1h2txyewy Microsoft.MicrosoftEdgeDevToolsClient_10.0.22000.1_neutral__8wekyb3d8bbwe Microsoft.MicrosoftEdge_44.22000.120.0_neutral__8wekyb3d8bbwe Microsoft.Win32WebViewHost_10.0.22000.1_neutral_neutral_cw5n1h2txyewy Microsoft.Windows.AppRep.ChxApp_10.0.22000.1_neutral_neutral_cw5n1h2txyewy Microsoft.Windows.AssignedAccessLockApp_10.0.22000.1_neutral_neutral_cw5n1h2txyewy Microsoft.Windows.CallingShellApp_10.0.22000.1_neutral_neutral_cw5n1h2txyewy Microsoft.Windows.CapturePicker_10.0.19580.1000_neutral_neutral_cw5n1h2txyewy Microsoft.Windows.ContentDeliveryManager_10.0.22000.1_neutral_neutral_cw5n1h2txyewy Microsoft.Windows.NarratorQuickStart_10.0.22000.1_neutral_neutral_8wekyb3d8bbwe Microsoft.Windows.ParentalControls_10.0.22000.1_neutral_neutral_cw5n1h2txyewy Microsoft.Windows.PeopleExperienceHost_10.0.22000.1_neutral_neutral_cw5n1h2txyewy Microsoft.Windows.PinningConfirmationDialog_10.0.22000.1_neutral_neutral_cw5n1h2txyewy Microsoft.Windows.SecureAssessmentBrowser_10.0.22000.1_neutral_neutral_cw5n1h2txyewy Microsoft.Windows.XGpuEjectDialog_10.0.22000.1_neutral_neutral_cw5n1h2txyewy Microsoft.XboxGameCallableUI_10.0.22000.1_neutral_neutral_cw5n1h2txyewy NcsiUwpApp_10.0.22000.1_neutral_neutral_8wekyb3d8bbwe Windows.CBSPreview_10.0.19580.1000_neutral_neutral_cw5n1h2txyewy Windows.PrintDialog_6.2.1.0_neutral_neutral_cw5n1h2txyewy Microsoft.DesktopAppInstaller_2022.127.2322.0_neutral_~_8wekyb3d8bbwe Microsoft.GamingApp_2021.427.138.0_neutral_~_8wekyb3d8bbwe Microsoft.HEIFImageExtension_1.0.43012.0_x64__8wekyb3d8bbwe Microsoft.MicrosoftStickyNotes_4.1.2.0_neutral_~_8wekyb3d8bbwe Microsoft.Paint_11.2203.2.0_neutral_~_8wekyb3d8bbwe Microsoft.ScreenSketch_2022.2203.3.0_neutral_~_8wekyb3d8bbwe Microsoft.SecHealthUI_1000.22000.1.0_neutral__8wekyb3d8bbwe Microsoft.StorePurchaseApp_12203.44.0.0_neutral_~_8wekyb3d8bbwe Microsoft.UI.Xaml.2.4_2.42007.9001.0_x64__8wekyb3d8bbwe Microsoft.VCLibs.140.00_14.0.29231.0_x64__8wekyb3d8bbwe Microsoft.VP9VideoExtensions_1.0.50901.0_x64__8wekyb3d8bbwe Microsoft.WebMediaExtensions_1.0.42192.0_neutral_~_8wekyb3d8bbwe Microsoft.WebpImageExtension_1.0.42351.0_x64__8wekyb3d8bbwe Microsoft.Windows.Photos_2021.21120.8011.0_neutral_~_8wekyb3d8bbwe Microsoft.WindowsCalculator_2020.2012.21.0_neutral_~_8wekyb3d8bbwe Microsoft.WindowsCamera_2022.2203.5.0_neutral_~_8wekyb3d8bbwe Microsoft.WindowsNotepad_11.2203.10.0_neutral_~_8wekyb3d8bbwe Microsoft.WindowsStore_22204.1401.3.0_neutral_~_8wekyb3d8bbwe Microsoft.WindowsTerminal_3001.12.10983.0_neutral_~_8wekyb3d8bbwe Microsoft.Xbox.TCUI_1.24.10001.0_neutral_~_8wekyb3d8bbwe Microsoft.XboxGameOverlay_1.54.4001.0_neutral_~_8wekyb3d8bbwe Microsoft.XboxGamingOverlay_5.722.3302.0_neutral_~_8wekyb3d8bbwe Microsoft.XboxIdentityProvider_12.85.31001.0_neutral_~_8wekyb3d8bbwe Microsoft.XboxSpeechToTextOverlay_1.21.13002.0_neutral_~_8wekyb3d8bbwe MicrosoftTeams_22082.402.1279.2578_x64__8wekyb3d8bbwe MicrosoftWindows.Client.WebExperience_421.20070.305.0_neutral_~_cw5n1h2txyewy </Data>
<Data Name="EndOfLifePackageList">NULL</Data>
</EventData>
</Event>

<Event xmlns="http://schemas.microsoft.com/win/2004/08/events/event"><System><Provider Name="Microsoft-Windows-AppXDeployment-Server" Guid="{3f471139-acb7-4a01-b7a7-ff5da4ba2d43}"></Provider>
<EventID Qualifiers="">761</EventID>
<Version>0</Version>
<Level>5</Level>
<Task>3</Task>
<Opcode>0</Opcode>
<Keywords>0x4000000000000001</Keywords>
<TimeCreated SystemTime="2022-05-06 15:24:40.115808"></TimeCreated>
<EventRecordID>933</EventRecordID>
<Correlation ActivityID="{2f2cff59-615d-0002-a70b-2d2f5d61d801}" RelatedActivityID=""></Correlation>
<Execution ProcessID="3320" ThreadID="4616"></Execution>
<Channel>Microsoft-Windows-AppXDeploymentServer/Operational</Channel>
<Computer>Council-HQ</Computer>
<Security UserID="S-1-5-21-2389065719-3342106636-307857974-1001"></Security>
</System>
<EventData><Data Name="AppId">MicrosoftWindows.UndockedDevKit_10.0.22000.1_neutral_neutral_cw5n1h2txyewy</Data>
</EventData>
</Event>

<Event xmlns="http://schemas.microsoft.com/win/2004/08/events/event"><System><Provider Name="Microsoft-Windows-AppXDeployment-Server" Guid="{3f471139-acb7-4a01-b7a7-ff5da4ba2d43}"></Provider>
<EventID Qualifiers="">761</EventID>
<Version>0</Version>
<Level>5</Level>
<Task>3</Task>
<Opcode>0</Opcode>
<Keywords>0x4000000000000001</Keywords>
<TimeCreated SystemTime="2022-05-06 15:24:40.117720"></TimeCreated>
<EventRecordID>934</EventRecordID>
<Correlation ActivityID="{2f2cff59-615d-0002-a70b-2d2f5d61d801}" RelatedActivityID=""></Correlation>
<Execution ProcessID="3320" ThreadID="4616"></Execution>
<Channel>Microsoft-Windows-AppXDeploymentServer/Operational</Channel>
<Computer>Council-HQ</Computer>
<Security UserID="S-1-5-21-2389065719-3342106636-307857974-1001"></Security>
</System>
<EventData><Data Name="AppId">Microsoft.Windows.StartMenuExperienceHost_10.0.22000.37_neutral_neutral_cw5n1h2txyewy</Data>
</EventData>
</Event>

<Event xmlns="http://schemas.microsoft.com/win/2004/08/events/event"><System><Provider Name="Microsoft-Windows-AppXDeployment-Server" Guid="{3f471139-acb7-4a01-b7a7-ff5da4ba2d43}"></Provider>
<EventID Qualifiers="">761</EventID>
<Version>0</Version>
<Level>5</Level>
<Task>3</Task>
<Opcode>0</Opcode>
<Keywords>0x4000000000000001</Keywords>
<TimeCreated SystemTime="2022-05-06 15:24:40.119129"></TimeCreated>
<EventRecordID>935</EventRecordID>
<Correlation ActivityID="{2f2cff59-615d-0002-a70b-2d2f5d61d801}" RelatedActivityID=""></Correlation>
<Execution ProcessID="3320" ThreadID="4616"></Execution>
<Channel>Microsoft-Windows-AppXDeploymentServer/Operational</Channel>
<Computer>Council-HQ</Computer>
<Security UserID="S-1-5-21-2389065719-3342106636-307857974-1001"></Security>
</System>
<EventData><Data Name="AppId">Microsoft.Windows.ShellExperienceHost_10.0.22000.71_neutral_neutral_cw5n1h2txyewy</Data>
</EventData>
</Event>

<Event xmlns="http://schemas.microsoft.com/win/2004/08/events/event"><System><Provider Name="Microsoft-Windows-AppXDeployment-Server" Guid="{3f471139-acb7-4a01-b7a7-ff5da4ba2d43}"></Provider>
<EventID Qualifiers="">761</EventID>
<Version>0</Version>
<Level>5</Level>
<Task>3</Task>
<Opcode>0</Opcode>
<Keywords>0x4000000000000001</Keywords>
<TimeCreated SystemTime="2022-05-06 15:24:40.119570"></TimeCreated>
<EventRecordID>936</EventRecordID>
<Correlation ActivityID="{2f2cff59-615d-0002-a70b-2d2f5d61d801}" RelatedActivityID=""></Correlation>
<Execution ProcessID="3320" ThreadID="4616"></Execution>
<Channel>Microsoft-Windows-AppXDeploymentServer/Operational</Channel>
<Computer>Council-HQ</Computer>
<Security UserID="S-1-5-21-2389065719-3342106636-307857974-1001"></Security>
</System>
<EventData><Data Name="AppId">windows.immersivecontrolpanel_10.0.6.1000_neutral_neutral_cw5n1h2txyewy</Data>
</EventData>
</Event>

<Event xmlns="http://schemas.microsoft.com/win/2004/08/events/event"><System><Provider Name="Microsoft-Windows-AppXDeployment-Server" Guid="{3f471139-acb7-4a01-b7a7-ff5da4ba2d43}"></Provider>
<EventID Qualifiers="">761</EventID>
<Version>0</Version>
<Level>5</Level>
<Task>3</Task>
<Opcode>0</Opcode>
<Keywords>0x4000000000000001</Keywords>
<TimeCreated SystemTime="2022-05-06 15:24:40.120394"></TimeCreated>
<EventRecordID>937</EventRecordID>
<Correlation ActivityID="{2f2cff59-615d-0002-a70b-2d2f5d61d801}" RelatedActivityID=""></Correlation>
<Execution ProcessID="3320" ThreadID="4616"></Execution>
<Channel>Microsoft-Windows-AppXDeploymentServer/Operational</Channel>
<Computer>Council-HQ</Computer>
<Security UserID="S-1-5-21-2389065719-3342106636-307857974-1001"></Security>
</System>
<EventData><Data Name="AppId">Microsoft.Windows.Search_1.16.0.22000_neutral_neutral_cw5n1h2txyewy</Data>
</EventData>
</Event>

<Event xmlns="http://schemas.microsoft.com/win/2004/08/events/event"><System><Provider Name="Microsoft-Windows-AppXDeployment-Server" Guid="{3f471139-acb7-4a01-b7a7-ff5da4ba2d43}"></Provider>
<EventID Qualifiers="">761</EventID>
<Version>0</Version>
<Level>5</Level>
<Task>3</Task>
<Opcode>0</Opcode>
<Keywords>0x4000000000000001</Keywords>
<TimeCreated SystemTime="2022-05-06 15:24:40.126459"></TimeCreated>
<EventRecordID>938</EventRecordID>
<Correlation ActivityID="{2f2cff59-615d-0002-a70b-2d2f5d61d801}" RelatedActivityID=""></Correlation>
<Execution ProcessID="3320" ThreadID="4616"></Execution>
<Channel>Microsoft-Windows-AppXDeploymentServer/Operational</Channel>
<Computer>Council-HQ</Computer>
<Security UserID="S-1-5-21-2389065719-3342106636-307857974-1001"></Security>
</System>
<EventData><Data Name="AppId">Microsoft.549981C3F5F10_4.2203.4603.0_neutral_~_8wekyb3d8bbwe</Data>
</EventData>
</Event>

<Event xmlns="http://schemas.microsoft.com/win/2004/08/events/event"><System><Provider Name="Microsoft-Windows-AppXDeployment-Server" Guid="{3f471139-acb7-4a01-b7a7-ff5da4ba2d43}"></Provider>
<EventID Qualifiers="">761</EventID>
<Version>0</Version>
<Level>5</Level>
<Task>3</Task>
<Opcode>0</Opcode>
<Keywords>0x4000000000000001</Keywords>
<TimeCreated SystemTime="2022-05-06 15:24:40.126938"></TimeCreated>
<EventRecordID>939</EventRecordID>
<Correlation ActivityID="{2f2cff59-615d-0002-a70b-2d2f5d61d801}" RelatedActivityID=""></Correlation>
<Execution ProcessID="3320" ThreadID="4616"></Execution>
<Channel>Microsoft-Windows-AppXDeploymentServer/Operational</Channel>
<Computer>Council-HQ</Computer>
<Security UserID="S-1-5-21-2389065719-3342106636-307857974-1001"></Security>
</System>
<EventData><Data Name="AppId">1527c705-839a-4832-9118-54d4Bd6a0c89_10.0.19640.1000_neutral_neutral_cw5n1h2txyewy</Data>
</EventData>
</Event>

<Event xmlns="http://schemas.microsoft.com/win/2004/08/events/event"><System><Provider Name="Microsoft-Windows-AppXDeployment-Server" Guid="{3f471139-acb7-4a01-b7a7-ff5da4ba2d43}"></Provider>
<EventID Qualifiers="">761</EventID>
<Version>0</Version>
<Level>5</Level>
<Task>3</Task>
<Opcode>0</Opcode>
<Keywords>0x4000000000000001</Keywords>
<TimeCreated SystemTime="2022-05-06 15:24:40.127295"></TimeCreated>
<EventRecordID>940</EventRecordID>
<Correlation ActivityID="{2f2cff59-615d-0002-a70b-2d2f5d61d801}" RelatedActivityID=""></Correlation>
<Execution ProcessID="3320" ThreadID="4616"></Execution>
<Channel>Microsoft-Windows-AppXDeploymentServer/Operational</Channel>
<Computer>Council-HQ</Computer>
<Security UserID="S-1-5-21-2389065719-3342106636-307857974-1001"></Security>
</System>
<EventData><Data Name="AppId">c5e2524a-ea46-4f67-841f-6a9465d9d515_10.0.22000.1_neutral_neutral_cw5n1h2txyewy</Data>
</EventData>
</Event>

<Event xmlns="http://schemas.microsoft.com/win/2004/08/events/event"><System><Provider Name="Microsoft-Windows-AppXDeployment-Server" Guid="{3f471139-acb7-4a01-b7a7-ff5da4ba2d43}"></Provider>
<EventID Qualifiers="">761</EventID>
<Version>0</Version>
<Level>5</Level>
<Task>3</Task>
<Opcode>0</Opcode>
<Keywords>0x4000000000000001</Keywords>
<TimeCreated SystemTime="2022-05-06 15:24:40.127687"></TimeCreated>
<EventRecordID>941</EventRecordID>
<Correlation ActivityID="{2f2cff59-615d-0002-a70b-2d2f5d61d801}" RelatedActivityID=""></Correlation>
<Execution ProcessID="3320" ThreadID="4616"></Execution>
<Channel>Microsoft-Windows-AppXDeploymentServer/Operational</Channel>
<Computer>Council-HQ</Computer>
<Security UserID="S-1-5-21-2389065719-3342106636-307857974-1001"></Security>
</System>
<EventData><Data Name="AppId">E2A4F912-2574-4A75-9BB0-0D023378592B_10.0.19640.1000_neutral_neutral_cw5n1h2txyewy</Data>
</EventData>
</Event>

<Event xmlns="http://schemas.microsoft.com/win/2004/08/events/event"><System><Provider Name="Microsoft-Windows-AppXDeployment-Server" Guid="{3f471139-acb7-4a01-b7a7-ff5da4ba2d43}"></Provider>
<EventID Qualifiers="">761</EventID>
<Version>0</Version>
<Level>5</Level>
<Task>3</Task>
<Opcode>0</Opcode>
<Keywords>0x4000000000000001</Keywords>
<TimeCreated SystemTime="2022-05-06 15:24:40.128048"></TimeCreated>
<EventRecordID>942</EventRecordID>
<Correlation ActivityID="{2f2cff59-615d-0002-a70b-2d2f5d61d801}" RelatedActivityID=""></Correlation>
<Execution ProcessID="3320" ThreadID="4616"></Execution>
<Channel>Microsoft-Windows-AppXDeploymentServer/Operational</Channel>
<Computer>Council-HQ</Computer>
<Security UserID="S-1-5-21-2389065719-3342106636-307857974-1001"></Security>
</System>
<EventData><Data Name="AppId">F46D4000-FD22-4DB4-AC8E-4E1DDDE828FE_10.0.22000.1_neutral_neutral_cw5n1h2txyewy</Data>
</EventData>
</Event>

<Event xmlns="http://schemas.microsoft.com/win/2004/08/events/event"><System><Provider Name="Microsoft-Windows-AppXDeployment-Server" Guid="{3f471139-acb7-4a01-b7a7-ff5da4ba2d43}"></Provider>
<EventID Qualifiers="">785</EventID>
<Version>0</Version>
<Level>4</Level>
<Task>3</Task>
<Opcode>0</Opcode>
<Keywords>0x4000000000000001</Keywords>
<TimeCreated SystemTime="2022-05-06 15:24:40.128094"></TimeCreated>
<EventRecordID>943</EventRecordID>
<Correlation ActivityID="{2f2cff59-615d-0002-a70b-2d2f5d61d801}" RelatedActivityID=""></Correlation>
<Execution ProcessID="3320" ThreadID="4616"></Execution>
<Channel>Microsoft-Windows-AppXDeploymentServer/Operational</Channel>
<Computer>Council-HQ</Computer>
<Security UserID="S-1-5-21-2389065719-3342106636-307857974-1001"></Security>
</System>
<EventData><Data Name="PackageName">Microsoft.AccountsControl_10.0.22000.1_neutral_neutral_cw5n1h2txyewy</Data>
<Data Name="ErrorCode">0x80070490</Data>
</EventData>
</Event>

<Event xmlns="http://schemas.microsoft.com/win/2004/08/events/event"><System><Provider Name="Microsoft-Windows-AppXDeployment-Server" Guid="{3f471139-acb7-4a01-b7a7-ff5da4ba2d43}"></Provider>
<EventID Qualifiers="">785</EventID>
<Version>0</Version>
<Level>4</Level>
<Task>3</Task>
<Opcode>0</Opcode>
<Keywords>0x4000000000000001</Keywords>
<TimeCreated SystemTime="2022-05-06 15:24:40.128109"></TimeCreated>
<EventRecordID>944</EventRecordID>
<Correlation ActivityID="{2f2cff59-615d-0002-a70b-2d2f5d61d801}" RelatedActivityID=""></Correlation>
<Execution ProcessID="3320" ThreadID="4616"></Execution>
<Channel>Microsoft-Windows-AppXDeploymentServer/Operational</Channel>
<Computer>Council-HQ</Computer>
<Security UserID="S-1-5-21-2389065719-3342106636-307857974-1001"></Security>
</System>
<EventData><Data Name="PackageName">Microsoft.AsyncTextService_10.0.22000.1_neutral_neutral_8wekyb3d8bbwe</Data>
<Data Name="ErrorCode">0x80070490</Data>
</EventData>
</Event>

<Event xmlns="http://schemas.microsoft.com/win/2004/08/events/event"><System><Provider Name="Microsoft-Windows-AppXDeployment-Server" Guid="{3f471139-acb7-4a01-b7a7-ff5da4ba2d43}"></Provider>
<EventID Qualifiers="">785</EventID>
<Version>0</Version>
<Level>4</Level>
<Task>3</Task>
<Opcode>0</Opcode>
<Keywords>0x4000000000000001</Keywords>
<TimeCreated SystemTime="2022-05-06 15:24:40.128120"></TimeCreated>
<EventRecordID>945</EventRecordID>
<Correlation ActivityID="{2f2cff59-615d-0002-a70b-2d2f5d61d801}" RelatedActivityID=""></Correlation>
<Execution ProcessID="3320" ThreadID="4616"></Execution>
<Channel>Microsoft-Windows-AppXDeploymentServer/Operational</Channel>
<Computer>Council-HQ</Computer>
<Security UserID="S-1-5-21-2389065719-3342106636-307857974-1001"></Security>
</System>
<EventData><Data Name="PackageName">Microsoft.CredDialogHost_10.0.19595.1001_neutral_neutral_cw5n1h2txyewy</Data>
<Data Name="ErrorCode">0x80070490</Data>
</EventData>
</Event>

<Event xmlns="http://schemas.microsoft.com/win/2004/08/events/event"><System><Provider Name="Microsoft-Windows-AppXDeployment-Server" Guid="{3f471139-acb7-4a01-b7a7-ff5da4ba2d43}"></Provider>
<EventID Qualifiers="">785</EventID>
<Version>0</Version>
<Level>4</Level>
<Task>3</Task>
<Opcode>0</Opcode>
<Keywords>0x4000000000000001</Keywords>
<TimeCreated SystemTime="2022-05-06 15:24:40.128132"></TimeCreated>
<EventRecordID>946</EventRecordID>
<Correlation ActivityID="{2f2cff59-615d-0002-a70b-2d2f5d61d801}" RelatedActivityID=""></Correlation>
<Execution ProcessID="3320" ThreadID="4616"></Execution>
<Channel>Microsoft-Windows-AppXDeploymentServer/Operational</Channel>
<Computer>Council-HQ</Computer>
<Security UserID="S-1-5-21-2389065719-3342106636-307857974-1001"></Security>
</System>
<EventData><Data Name="PackageName">Microsoft.ECApp_10.0.22000.1_neutral_neutral_8wekyb3d8bbwe</Data>
<Data Name="ErrorCode">0x80070490</Data>
</EventData>
</Event>

<Event xmlns="http://schemas.microsoft.com/win/2004/08/events/event"><System><Provider Name="Microsoft-Windows-AppXDeployment-Server" Guid="{3f471139-acb7-4a01-b7a7-ff5da4ba2d43}"></Provider>
<EventID Qualifiers="">785</EventID>
<Version>0</Version>
<Level>4</Level>
<Task>3</Task>
<Opcode>0</Opcode>
<Keywords>0x4000000000000001</Keywords>
<TimeCreated SystemTime="2022-05-06 15:24:40.128143"></TimeCreated>
<EventRecordID>947</EventRecordID>
<Correlation ActivityID="{2f2cff59-615d-0002-a70b-2d2f5d61d801}" RelatedActivityID=""></Correlation>
<Execution ProcessID="3320" ThreadID="4616"></Execution>
<Channel>Microsoft-Windows-AppXDeploymentServer/Operational</Channel>
<Computer>Council-HQ</Computer>
<Security UserID="S-1-5-21-2389065719-3342106636-307857974-1001"></Security>
</System>
<EventData><Data Name="PackageName">Microsoft.LockApp_10.0.22000.1_neutral_neutral_cw5n1h2txyewy</Data>
<Data Name="ErrorCode">0x80070490</Data>
</EventData>
</Event>

<Event xmlns="http://schemas.microsoft.com/win/2004/08/events/event"><System><Provider Name="Microsoft-Windows-AppXDeployment-Server" Guid="{3f471139-acb7-4a01-b7a7-ff5da4ba2d43}"></Provider>
<EventID Qualifiers="">785</EventID>
<Version>0</Version>
<Level>4</Level>
<Task>3</Task>
<Opcode>0</Opcode>
<Keywords>0x4000000000000001</Keywords>
<TimeCreated SystemTime="2022-05-06 15:24:40.128155"></TimeCreated>
<EventRecordID>948</EventRecordID>
<Correlation ActivityID="{2f2cff59-615d-0002-a70b-2d2f5d61d801}" RelatedActivityID=""></Correlation>
<Execution ProcessID="3320" ThreadID="4616"></Execution>
<Channel>Microsoft-Windows-AppXDeploymentServer/Operational</Channel>
<Computer>Council-HQ</Computer>
<Security UserID="S-1-5-21-2389065719-3342106636-307857974-1001"></Security>
</System>
<EventData><Data Name="PackageName">Microsoft.MicrosoftEdgeDevToolsClient_10.0.22000.1_neutral__8wekyb3d8bbwe</Data>
<Data Name="ErrorCode">0x80070490</Data>
</EventData>
</Event>

<Event xmlns="http://schemas.microsoft.com/win/2004/08/events/event"><System><Provider Name="Microsoft-Windows-AppXDeployment-Server" Guid="{3f471139-acb7-4a01-b7a7-ff5da4ba2d43}"></Provider>
<EventID Qualifiers="">761</EventID>
<Version>0</Version>
<Level>5</Level>
<Task>3</Task>
<Opcode>0</Opcode>
<Keywords>0x4000000000000001</Keywords>
<TimeCreated SystemTime="2022-05-06 15:24:40.128809"></TimeCreated>
<EventRecordID>949</EventRecordID>
<Correlation ActivityID="{2f2cff59-615d-0002-a70b-2d2f5d61d801}" RelatedActivityID=""></Correlation>
<Execution ProcessID="3320" ThreadID="4616"></Execution>
<Channel>Microsoft-Windows-AppXDeploymentServer/Operational</Channel>
<Computer>Council-HQ</Computer>
<Security UserID="S-1-5-21-2389065719-3342106636-307857974-1001"></Security>
</System>
<EventData><Data Name="AppId">Microsoft.MicrosoftEdge_44.22000.120.0_neutral__8wekyb3d8bbwe</Data>
</EventData>
</Event>

<Event xmlns="http://schemas.microsoft.com/win/2004/08/events/event"><System><Provider Name="Microsoft-Windows-AppXDeployment-Server" Guid="{3f471139-acb7-4a01-b7a7-ff5da4ba2d43}"></Provider>
<EventID Qualifiers="">761</EventID>
<Version>0</Version>
<Level>5</Level>
<Task>3</Task>
<Opcode>0</Opcode>
<Keywords>0x4000000000000001</Keywords>
<TimeCreated SystemTime="2022-05-06 15:24:40.129597"></TimeCreated>
<EventRecordID>950</EventRecordID>
<Correlation ActivityID="{2f2cff59-615d-0002-a70b-2d2f5d61d801}" RelatedActivityID=""></Correlation>
<Execution ProcessID="3320" ThreadID="4616"></Execution>
<Channel>Microsoft-Windows-AppXDeploymentServer/Operational</Channel>
<Computer>Council-HQ</Computer>
<Security UserID="S-1-5-21-2389065719-3342106636-307857974-1001"></Security>
</System>
<EventData><Data Name="AppId">Microsoft.Win32WebViewHost_10.0.22000.1_neutral_neutral_cw5n1h2txyewy</Data>
</EventData>
</Event>

<Event xmlns="http://schemas.microsoft.com/win/2004/08/events/event"><System><Provider Name="Microsoft-Windows-AppXDeployment-Server" Guid="{3f471139-acb7-4a01-b7a7-ff5da4ba2d43}"></Provider>
<EventID Qualifiers="">785</EventID>
<Version>0</Version>
<Level>4</Level>
<Task>3</Task>
<Opcode>0</Opcode>
<Keywords>0x4000000000000001</Keywords>
<TimeCreated SystemTime="2022-05-06 15:24:40.129656"></TimeCreated>
<EventRecordID>951</EventRecordID>
<Correlation ActivityID="{2f2cff59-615d-0002-a70b-2d2f5d61d801}" RelatedActivityID=""></Correlation>
<Execution ProcessID="3320" ThreadID="4616"></Execution>
<Channel>Microsoft-Windows-AppXDeploymentServer/Operational</Channel>
<Computer>Council-HQ</Computer>
<Security UserID="S-1-5-21-2389065719-3342106636-307857974-1001"></Security>
</System>
<EventData><Data Name="PackageName">Microsoft.Windows.AppRep.ChxApp_10.0.22000.1_neutral_neutral_cw5n1h2txyewy</Data>
<Data Name="ErrorCode">0x80070490</Data>
</EventData>
</Event>

<Event xmlns="http://schemas.microsoft.com/win/2004/08/events/event"><System><Provider Name="Microsoft-Windows-AppXDeployment-Server" Guid="{3f471139-acb7-4a01-b7a7-ff5da4ba2d43}"></Provider>
<EventID Qualifiers="">785</EventID>
<Version>0</Version>
<Level>4</Level>
<Task>3</Task>
<Opcode>0</Opcode>
<Keywords>0x4000000000000001</Keywords>
<TimeCreated SystemTime="2022-05-06 15:24:40.129669"></TimeCreated>
<EventRecordID>952</EventRecordID>
<Correlation ActivityID="{2f2cff59-615d-0002-a70b-2d2f5d61d801}" RelatedActivityID=""></Correlation>
<Execution ProcessID="3320" ThreadID="4616"></Execution>
<Channel>Microsoft-Windows-AppXDeploymentServer/Operational</Channel>
<Computer>Council-HQ</Computer>
<Security UserID="S-1-5-21-2389065719-3342106636-307857974-1001"></Security>
</System>
<EventData><Data Name="PackageName">Microsoft.Windows.AssignedAccessLockApp_10.0.22000.1_neutral_neutral_cw5n1h2txyewy</Data>
<Data Name="ErrorCode">0x80070490</Data>
</EventData>
</Event>

<Event xmlns="http://schemas.microsoft.com/win/2004/08/events/event"><System><Provider Name="Microsoft-Windows-AppXDeployment-Server" Guid="{3f471139-acb7-4a01-b7a7-ff5da4ba2d43}"></Provider>
<EventID Qualifiers="">785</EventID>
<Version>0</Version>
<Level>4</Level>
<Task>3</Task>
<Opcode>0</Opcode>
<Keywords>0x4000000000000001</Keywords>
<TimeCreated SystemTime="2022-05-06 15:24:40.129681"></TimeCreated>
<EventRecordID>953</EventRecordID>
<Correlation ActivityID="{2f2cff59-615d-0002-a70b-2d2f5d61d801}" RelatedActivityID=""></Correlation>
<Execution ProcessID="3320" ThreadID="4616"></Execution>
<Channel>Microsoft-Windows-AppXDeploymentServer/Operational</Channel>
<Computer>Council-HQ</Computer>
<Security UserID="S-1-5-21-2389065719-3342106636-307857974-1001"></Security>
</System>
<EventData><Data Name="PackageName">Microsoft.Windows.CallingShellApp_10.0.22000.1_neutral_neutral_cw5n1h2txyewy</Data>
<Data Name="ErrorCode">0x80070490</Data>
</EventData>
</Event>

<Event xmlns="http://schemas.microsoft.com/win/2004/08/events/event"><System><Provider Name="Microsoft-Windows-AppXDeployment-Server" Guid="{3f471139-acb7-4a01-b7a7-ff5da4ba2d43}"></Provider>
<EventID Qualifiers="">785</EventID>
<Version>0</Version>
<Level>4</Level>
<Task>3</Task>
<Opcode>0</Opcode>
<Keywords>0x4000000000000001</Keywords>
<TimeCreated SystemTime="2022-05-06 15:24:40.129690"></TimeCreated>
<EventRecordID>954</EventRecordID>
<Correlation ActivityID="{2f2cff59-615d-0002-a70b-2d2f5d61d801}" RelatedActivityID=""></Correlation>
<Execution ProcessID="3320" ThreadID="4616"></Execution>
<Channel>Microsoft-Windows-AppXDeploymentServer/Operational</Channel>
<Computer>Council-HQ</Computer>
<Security UserID="S-1-5-21-2389065719-3342106636-307857974-1001"></Security>
</System>
<EventData><Data Name="PackageName">Microsoft.Windows.CapturePicker_10.0.19580.1000_neutral_neutral_cw5n1h2txyewy</Data>
<Data Name="ErrorCode">0x80070490</Data>
</EventData>
</Event>

<Event xmlns="http://schemas.microsoft.com/win/2004/08/events/event"><System><Provider Name="Microsoft-Windows-AppXDeployment-Server" Guid="{3f471139-acb7-4a01-b7a7-ff5da4ba2d43}"></Provider>
<EventID Qualifiers="">761</EventID>
<Version>0</Version>
<Level>5</Level>
<Task>3</Task>
<Opcode>0</Opcode>
<Keywords>0x4000000000000001</Keywords>
<TimeCreated SystemTime="2022-05-06 15:24:40.130306"></TimeCreated>
<EventRecordID>955</EventRecordID>
<Correlation ActivityID="{2f2cff59-615d-0002-a70b-2d2f5d61d801}" RelatedActivityID=""></Correlation>
<Execution ProcessID="3320" ThreadID="4616"></Execution>
<Channel>Microsoft-Windows-AppXDeploymentServer/Operational</Channel>
<Computer>Council-HQ</Computer>
<Security UserID="S-1-5-21-2389065719-3342106636-307857974-1001"></Security>
</System>
<EventData><Data Name="AppId">Microsoft.Windows.ContentDeliveryManager_10.0.22000.1_neutral_neutral_cw5n1h2txyewy</Data>
</EventData>
</Event>

<Event xmlns="http://schemas.microsoft.com/win/2004/08/events/event"><System><Provider Name="Microsoft-Windows-AppXDeployment-Server" Guid="{3f471139-acb7-4a01-b7a7-ff5da4ba2d43}"></Provider>
<EventID Qualifiers="">761</EventID>
<Version>0</Version>
<Level>5</Level>
<Task>3</Task>
<Opcode>0</Opcode>
<Keywords>0x4000000000000001</Keywords>
<TimeCreated SystemTime="2022-05-06 15:24:40.130793"></TimeCreated>
<EventRecordID>956</EventRecordID>
<Correlation ActivityID="{2f2cff59-615d-0002-a70b-2d2f5d61d801}" RelatedActivityID=""></Correlation>
<Execution ProcessID="3320" ThreadID="4616"></Execution>
<Channel>Microsoft-Windows-AppXDeploymentServer/Operational</Channel>
<Computer>Council-HQ</Computer>
<Security UserID="S-1-5-21-2389065719-3342106636-307857974-1001"></Security>
</System>
<EventData><Data Name="AppId">Microsoft.Windows.NarratorQuickStart_10.0.22000.1_neutral_neutral_8wekyb3d8bbwe</Data>
</EventData>
</Event>

<Event xmlns="http://schemas.microsoft.com/win/2004/08/events/event"><System><Provider Name="Microsoft-Windows-AppXDeployment-Server" Guid="{3f471139-acb7-4a01-b7a7-ff5da4ba2d43}"></Provider>
<EventID Qualifiers="">785</EventID>
<Version>0</Version>
<Level>4</Level>
<Task>3</Task>
<Opcode>0</Opcode>
<Keywords>0x4000000000000001</Keywords>
<TimeCreated SystemTime="2022-05-06 15:24:40.130835"></TimeCreated>
<EventRecordID>957</EventRecordID>
<Correlation ActivityID="{2f2cff59-615d-0002-a70b-2d2f5d61d801}" RelatedActivityID=""></Correlation>
<Execution ProcessID="3320" ThreadID="4616"></Execution>
<Channel>Microsoft-Windows-AppXDeploymentServer/Operational</Channel>
<Computer>Council-HQ</Computer>
<Security UserID="S-1-5-21-2389065719-3342106636-307857974-1001"></Security>
</System>
<EventData><Data Name="PackageName">Microsoft.Windows.ParentalControls_10.0.22000.1_neutral_neutral_cw5n1h2txyewy</Data>
<Data Name="ErrorCode">0x80070490</Data>
</EventData>
</Event>

<Event xmlns="http://schemas.microsoft.com/win/2004/08/events/event"><System><Provider Name="Microsoft-Windows-AppXDeployment-Server" Guid="{3f471139-acb7-4a01-b7a7-ff5da4ba2d43}"></Provider>
<EventID Qualifiers="">761</EventID>
<Version>0</Version>
<Level>5</Level>
<Task>3</Task>
<Opcode>0</Opcode>
<Keywords>0x4000000000000001</Keywords>
<TimeCreated SystemTime="2022-05-06 15:24:40.131285"></TimeCreated>
<EventRecordID>958</EventRecordID>
<Correlation ActivityID="{2f2cff59-615d-0002-a70b-2d2f5d61d801}" RelatedActivityID=""></Correlation>
<Execution ProcessID="3320" ThreadID="4616"></Execution>
<Channel>Microsoft-Windows-AppXDeploymentServer/Operational</Channel>
<Computer>Council-HQ</Computer>
<Security UserID="S-1-5-21-2389065719-3342106636-307857974-1001"></Security>
</System>
<EventData><Data Name="AppId">Microsoft.Windows.PeopleExperienceHost_10.0.22000.1_neutral_neutral_cw5n1h2txyewy</Data>
</EventData>
</Event>

<Event xmlns="http://schemas.microsoft.com/win/2004/08/events/event"><System><Provider Name="Microsoft-Windows-AppXDeployment-Server" Guid="{3f471139-acb7-4a01-b7a7-ff5da4ba2d43}"></Provider>
<EventID Qualifiers="">785</EventID>
<Version>0</Version>
<Level>4</Level>
<Task>3</Task>
<Opcode>0</Opcode>
<Keywords>0x4000000000000001</Keywords>
<TimeCreated SystemTime="2022-05-06 15:24:40.131340"></TimeCreated>
<EventRecordID>959</EventRecordID>
<Correlation ActivityID="{2f2cff59-615d-0002-a70b-2d2f5d61d801}" RelatedActivityID=""></Correlation>
<Execution ProcessID="3320" ThreadID="4616"></Execution>
<Channel>Microsoft-Windows-AppXDeploymentServer/Operational</Channel>
<Computer>Council-HQ</Computer>
<Security UserID="S-1-5-21-2389065719-3342106636-307857974-1001"></Security>
</System>
<EventData><Data Name="PackageName">Microsoft.Windows.PinningConfirmationDialog_10.0.22000.1_neutral_neutral_cw5n1h2txyewy</Data>
<Data Name="ErrorCode">0x80070490</Data>
</EventData>
</Event>

<Event xmlns="http://schemas.microsoft.com/win/2004/08/events/event"><System><Provider Name="Microsoft-Windows-AppXDeployment-Server" Guid="{3f471139-acb7-4a01-b7a7-ff5da4ba2d43}"></Provider>
<EventID Qualifiers="">761</EventID>
<Version>0</Version>
<Level>5</Level>
<Task>3</Task>
<Opcode>0</Opcode>
<Keywords>0x4000000000000001</Keywords>
<TimeCreated SystemTime="2022-05-06 15:24:40.131811"></TimeCreated>
<EventRecordID>960</EventRecordID>
<Correlation ActivityID="{2f2cff59-615d-0002-a70b-2d2f5d61d801}" RelatedActivityID=""></Correlation>
<Execution ProcessID="3320" ThreadID="4616"></Execution>
<Channel>Microsoft-Windows-AppXDeploymentServer/Operational</Channel>
<Computer>Council-HQ</Computer>
<Security UserID="S-1-5-21-2389065719-3342106636-307857974-1001"></Security>
</System>
<EventData><Data Name="AppId">Microsoft.Windows.SecureAssessmentBrowser_10.0.22000.1_neutral_neutral_cw5n1h2txyewy</Data>
</EventData>
</Event>

<Event xmlns="http://schemas.microsoft.com/win/2004/08/events/event"><System><Provider Name="Microsoft-Windows-AppXDeployment-Server" Guid="{3f471139-acb7-4a01-b7a7-ff5da4ba2d43}"></Provider>
<EventID Qualifiers="">761</EventID>
<Version>0</Version>
<Level>5</Level>
<Task>3</Task>
<Opcode>0</Opcode>
<Keywords>0x4000000000000001</Keywords>
<TimeCreated SystemTime="2022-05-06 15:24:40.132307"></TimeCreated>
<EventRecordID>961</EventRecordID>
<Correlation ActivityID="{2f2cff59-615d-0002-a70b-2d2f5d61d801}" RelatedActivityID=""></Correlation>
<Execution ProcessID="3320" ThreadID="4616"></Execution>
<Channel>Microsoft-Windows-AppXDeploymentServer/Operational</Channel>
<Computer>Council-HQ</Computer>
<Security UserID="S-1-5-21-2389065719-3342106636-307857974-1001"></Security>
</System>
<EventData><Data Name="AppId">Microsoft.Windows.XGpuEjectDialog_10.0.22000.1_neutral_neutral_cw5n1h2txyewy</Data>
</EventData>
</Event>

<Event xmlns="http://schemas.microsoft.com/win/2004/08/events/event"><System><Provider Name="Microsoft-Windows-AppXDeployment-Server" Guid="{3f471139-acb7-4a01-b7a7-ff5da4ba2d43}"></Provider>
<EventID Qualifiers="">785</EventID>
<Version>0</Version>
<Level>4</Level>
<Task>3</Task>
<Opcode>0</Opcode>
<Keywords>0x4000000000000001</Keywords>
<TimeCreated SystemTime="2022-05-06 15:24:40.132357"></TimeCreated>
<EventRecordID>962</EventRecordID>
<Correlation ActivityID="{2f2cff59-615d-0002-a70b-2d2f5d61d801}" RelatedActivityID=""></Correlation>
<Execution ProcessID="3320" ThreadID="4616"></Execution>
<Channel>Microsoft-Windows-AppXDeploymentServer/Operational</Channel>
<Computer>Council-HQ</Computer>
<Security UserID="S-1-5-21-2389065719-3342106636-307857974-1001"></Security>
</System>
<EventData><Data Name="PackageName">Microsoft.XboxGameCallableUI_10.0.22000.1_neutral_neutral_cw5n1h2txyewy</Data>
<Data Name="ErrorCode">0x80070490</Data>
</EventData>
</Event>

<Event xmlns="http://schemas.microsoft.com/win/2004/08/events/event"><System><Provider Name="Microsoft-Windows-AppXDeployment-Server" Guid="{3f471139-acb7-4a01-b7a7-ff5da4ba2d43}"></Provider>
<EventID Qualifiers="">785</EventID>
<Version>0</Version>
<Level>4</Level>
<Task>3</Task>
<Opcode>0</Opcode>
<Keywords>0x4000000000000001</Keywords>
<TimeCreated SystemTime="2022-05-06 15:24:40.132370"></TimeCreated>
<EventRecordID>963</EventRecordID>
<Correlation ActivityID="{2f2cff59-615d-0002-a70b-2d2f5d61d801}" RelatedActivityID=""></Correlation>
<Execution ProcessID="3320" ThreadID="4616"></Execution>
<Channel>Microsoft-Windows-AppXDeploymentServer/Operational</Channel>
<Computer>Council-HQ</Computer>
<Security UserID="S-1-5-21-2389065719-3342106636-307857974-1001"></Security>
</System>
<EventData><Data Name="PackageName">NcsiUwpApp_10.0.22000.1_neutral_neutral_8wekyb3d8bbwe</Data>
<Data Name="ErrorCode">0x80070490</Data>
</EventData>
</Event>

<Event xmlns="http://schemas.microsoft.com/win/2004/08/events/event"><System><Provider Name="Microsoft-Windows-AppXDeployment-Server" Guid="{3f471139-acb7-4a01-b7a7-ff5da4ba2d43}"></Provider>
<EventID Qualifiers="">761</EventID>
<Version>0</Version>
<Level>5</Level>
<Task>3</Task>
<Opcode>0</Opcode>
<Keywords>0x4000000000000001</Keywords>
<TimeCreated SystemTime="2022-05-06 15:24:40.132864"></TimeCreated>
<EventRecordID>964</EventRecordID>
<Correlation ActivityID="{2f2cff59-615d-0002-a70b-2d2f5d61d801}" RelatedActivityID=""></Correlation>
<Execution ProcessID="3320" ThreadID="4616"></Execution>
<Channel>Microsoft-Windows-AppXDeploymentServer/Operational</Channel>
<Computer>Council-HQ</Computer>
<Security UserID="S-1-5-21-2389065719-3342106636-307857974-1001"></Security>
</System>
<EventData><Data Name="AppId">Windows.CBSPreview_10.0.19580.1000_neutral_neutral_cw5n1h2txyewy</Data>
</EventData>
</Event>

<Event xmlns="http://schemas.microsoft.com/win/2004/08/events/event"><System><Provider Name="Microsoft-Windows-AppXDeployment-Server" Guid="{3f471139-acb7-4a01-b7a7-ff5da4ba2d43}"></Provider>
<EventID Qualifiers="">761</EventID>
<Version>0</Version>
<Level>5</Level>
<Task>3</Task>
<Opcode>0</Opcode>
<Keywords>0x4000000000000001</Keywords>
<TimeCreated SystemTime="2022-05-06 15:24:40.133392"></TimeCreated>
<EventRecordID>965</EventRecordID>
<Correlation ActivityID="{2f2cff59-615d-0002-a70b-2d2f5d61d801}" RelatedActivityID=""></Correlation>
<Execution ProcessID="3320" ThreadID="4616"></Execution>
<Channel>Microsoft-Windows-AppXDeploymentServer/Operational</Channel>
<Computer>Council-HQ</Computer>
<Security UserID="S-1-5-21-2389065719-3342106636-307857974-1001"></Security>
</System>
<EventData><Data Name="AppId">Windows.PrintDialog_6.2.1.0_neutral_neutral_cw5n1h2txyewy</Data>
</EventData>
</Event>

<Event xmlns="http://schemas.microsoft.com/win/2004/08/events/event"><System><Provider Name="Microsoft-Windows-AppXDeployment-Server" Guid="{3f471139-acb7-4a01-b7a7-ff5da4ba2d43}"></Provider>
<EventID Qualifiers="">10002</EventID>
<Version>0</Version>
<Level>5</Level>
<Task>3</Task>
<Opcode>0</Opcode>
<Keywords>0x4000000000000001</Keywords>
<TimeCreated SystemTime="2022-05-06 15:24:40.134480"></TimeCreated>
<EventRecordID>966</EventRecordID>
<Correlation ActivityID="{2f2cff59-615d-0002-ac0b-2d2f5d61d801}" RelatedActivityID=""></Correlation>
<Execution ProcessID="3320" ThreadID="3988"></Execution>
<Channel>Microsoft-Windows-AppXDeploymentServer/Operational</Channel>
<Computer>Council-HQ</Computer>
<Security UserID="S-1-5-18"></Security>
</System>
<EventData><Data Name="DeploymentOperation">6</Data>
<Data Name="MainPackageMoniker">Microsoft.Windows.StartMenuExperienceHost_10.0.22000.37_neutral_neutral_cw5n1h2txyewy</Data>
<Data Name="ResiliencyFilePath">C:\ProgramData\Microsoft\Windows\AppRepository\776abdd8-a834-44f2-abbf-76fc96dcd95c_S-1-5-21-2389065719-3342106636-307857974-1001_8.rslc</Data>
</EventData>
</Event>

<Event xmlns="http://schemas.microsoft.com/win/2004/08/events/event"><System><Provider Name="Microsoft-Windows-AppXDeployment-Server" Guid="{3f471139-acb7-4a01-b7a7-ff5da4ba2d43}"></Provider>
<EventID Qualifiers="">607</EventID>
<Version>0</Version>
<Level>4</Level>
<Task>0</Task>
<Opcode>0</Opcode>
<Keywords>0x4000000000000001</Keywords>
<TimeCreated SystemTime="2022-05-06 15:24:40.134878"></TimeCreated>
<EventRecordID>967</EventRecordID>
<Correlation ActivityID="{2f2cff59-615d-0002-ac0b-2d2f5d61d801}" RelatedActivityID=""></Correlation>
<Execution ProcessID="3320" ThreadID="3988"></Execution>
<Channel>Microsoft-Windows-AppXDeploymentServer/Operational</Channel>
<Computer>Council-HQ</Computer>
<Security UserID="S-1-5-21-2389065719-3342106636-307857974-1001"></Security>
</System>
<EventData><Data Name="DeploymentOperation">6</Data>
<Data Name="PackageFullName">Microsoft.Windows.StartMenuExperienceHost_10.0.22000.37_neutral_neutral_cw5n1h2txyewy</Data>
<Data Name="UserSid">S-1-5-21-2389065719-3342106636-307857974-1001</Data>
<Data Name="CallingProcess">svchost.exe,AppReadiness</Data>
</EventData>
</Event>

<Event xmlns="http://schemas.microsoft.com/win/2004/08/events/event"><System><Provider Name="Microsoft-Windows-AppXDeployment-Server" Guid="{3f471139-acb7-4a01-b7a7-ff5da4ba2d43}"></Provider>
<EventID Qualifiers="">854</EventID>
<Version>0</Version>
<Level>4</Level>
<Task>3</Task>
<Opcode>0</Opcode>
<Keywords>0x4000000000000001</Keywords>
<TimeCreated SystemTime="2022-05-06 15:24:40.135113"></TimeCreated>
<EventRecordID>968</EventRecordID>
<Correlation ActivityID="{2f2cff59-615d-0002-ac0b-2d2f5d61d801}" RelatedActivityID=""></Correlation>
<Execution ProcessID="3320" ThreadID="3988"></Execution>
<Channel>Microsoft-Windows-AppXDeploymentServer/Operational</Channel>
<Computer>Council-HQ</Computer>
<Security UserID="S-1-5-21-2389065719-3342106636-307857974-1001"></Security>
</System>
<EventData><Data Name="Path"> C:\Windows\SystemApps\Microsoft.Windows.StartMenuExperienceHost_cw5n1h2txyewy\AppxManifest.xml</Data>
</EventData>
</Event>

<Event xmlns="http://schemas.microsoft.com/win/2004/08/events/event"><System><Provider Name="Microsoft-Windows-AppXDeployment-Server" Guid="{3f471139-acb7-4a01-b7a7-ff5da4ba2d43}"></Provider>
<EventID Qualifiers="">761</EventID>
<Version>0</Version>
<Level>5</Level>
<Task>3</Task>
<Opcode>0</Opcode>
<Keywords>0x4000000000000001</Keywords>
<TimeCreated SystemTime="2022-05-06 15:24:40.140558"></TimeCreated>
<EventRecordID>969</EventRecordID>
<Correlation ActivityID="{2f2cff59-615d-0002-a70b-2d2f5d61d801}" RelatedActivityID=""></Correlation>
<Execution ProcessID="3320" ThreadID="4616"></Execution>
<Channel>Microsoft-Windows-AppXDeploymentServer/Operational</Channel>
<Computer>Council-HQ</Computer>
<Security UserID="S-1-5-21-2389065719-3342106636-307857974-1001"></Security>
</System>
<EventData><Data Name="AppId">Microsoft.DesktopAppInstaller_2022.127.2322.0_neutral_~_8wekyb3d8bbwe</Data>
</EventData>
</Event>

<Event xmlns="http://schemas.microsoft.com/win/2004/08/events/event"><System><Provider Name="Microsoft-Windows-AppXDeployment-Server" Guid="{3f471139-acb7-4a01-b7a7-ff5da4ba2d43}"></Provider>
<EventID Qualifiers="">761</EventID>
<Version>0</Version>
<Level>5</Level>
<Task>3</Task>
<Opcode>0</Opcode>
<Keywords>0x4000000000000001</Keywords>
<TimeCreated SystemTime="2022-05-06 15:24:40.145176"></TimeCreated>
<EventRecordID>970</EventRecordID>
<Correlation ActivityID="{2f2cff59-615d-0002-a70b-2d2f5d61d801}" RelatedActivityID=""></Correlation>
<Execution ProcessID="3320" ThreadID="4616"></Execution>
<Channel>Microsoft-Windows-AppXDeploymentServer/Operational</Channel>
<Computer>Council-HQ</Computer>
<Security UserID="S-1-5-21-2389065719-3342106636-307857974-1001"></Security>
</System>
<EventData><Data Name="AppId">Microsoft.GamingApp_2021.427.138.0_neutral_~_8wekyb3d8bbwe</Data>
</EventData>
</Event>

<Event xmlns="http://schemas.microsoft.com/win/2004/08/events/event"><System><Provider Name="Microsoft-Windows-AppXDeployment-Server" Guid="{3f471139-acb7-4a01-b7a7-ff5da4ba2d43}"></Provider>
<EventID Qualifiers="">761</EventID>
<Version>0</Version>
<Level>5</Level>
<Task>3</Task>
<Opcode>0</Opcode>
<Keywords>0x4000000000000001</Keywords>
<TimeCreated SystemTime="2022-05-06 15:24:40.145525"></TimeCreated>
<EventRecordID>971</EventRecordID>
<Correlation ActivityID="{2f2cff59-615d-0002-a70b-2d2f5d61d801}" RelatedActivityID=""></Correlation>
<Execution ProcessID="3320" ThreadID="4616"></Execution>
<Channel>Microsoft-Windows-AppXDeploymentServer/Operational</Channel>
<Computer>Council-HQ</Computer>
<Security UserID="S-1-5-21-2389065719-3342106636-307857974-1001"></Security>
</System>
<EventData><Data Name="AppId">Microsoft.HEIFImageExtension_1.0.43012.0_x64__8wekyb3d8bbwe</Data>
</EventData>
</Event>

<Event xmlns="http://schemas.microsoft.com/win/2004/08/events/event"><System><Provider Name="Microsoft-Windows-AppXDeployment-Server" Guid="{3f471139-acb7-4a01-b7a7-ff5da4ba2d43}"></Provider>
<EventID Qualifiers="">761</EventID>
<Version>0</Version>
<Level>5</Level>
<Task>3</Task>
<Opcode>0</Opcode>
<Keywords>0x4000000000000001</Keywords>
<TimeCreated SystemTime="2022-05-06 15:24:40.149626"></TimeCreated>
<EventRecordID>972</EventRecordID>
<Correlation ActivityID="{2f2cff59-615d-0002-a70b-2d2f5d61d801}" RelatedActivityID=""></Correlation>
<Execution ProcessID="3320" ThreadID="4616"></Execution>
<Channel>Microsoft-Windows-AppXDeploymentServer/Operational</Channel>
<Computer>Council-HQ</Computer>
<Security UserID="S-1-5-21-2389065719-3342106636-307857974-1001"></Security>
</System>
<EventData><Data Name="AppId">Microsoft.MicrosoftStickyNotes_4.1.2.0_neutral_~_8wekyb3d8bbwe</Data>
</EventData>
</Event>

<Event xmlns="http://schemas.microsoft.com/win/2004/08/events/event"><System><Provider Name="Microsoft-Windows-AppXDeployment-Server" Guid="{3f471139-acb7-4a01-b7a7-ff5da4ba2d43}"></Provider>
<EventID Qualifiers="">761</EventID>
<Version>0</Version>
<Level>5</Level>
<Task>3</Task>
<Opcode>0</Opcode>
<Keywords>0x4000000000000001</Keywords>
<TimeCreated SystemTime="2022-05-06 15:24:40.154789"></TimeCreated>
<EventRecordID>973</EventRecordID>
<Correlation ActivityID="{2f2cff59-615d-0002-a70b-2d2f5d61d801}" RelatedActivityID=""></Correlation>
<Execution ProcessID="3320" ThreadID="4616"></Execution>
<Channel>Microsoft-Windows-AppXDeploymentServer/Operational</Channel>
<Computer>Council-HQ</Computer>
<Security UserID="S-1-5-21-2389065719-3342106636-307857974-1001"></Security>
</System>
<EventData><Data Name="AppId">Microsoft.Paint_11.2203.2.0_neutral_~_8wekyb3d8bbwe</Data>
</EventData>
</Event>

<Event xmlns="http://schemas.microsoft.com/win/2004/08/events/event"><System><Provider Name="Microsoft-Windows-AppXDeployment-Server" Guid="{3f471139-acb7-4a01-b7a7-ff5da4ba2d43}"></Provider>
<EventID Qualifiers="">761</EventID>
<Version>0</Version>
<Level>5</Level>
<Task>3</Task>
<Opcode>0</Opcode>
<Keywords>0x4000000000000001</Keywords>
<TimeCreated SystemTime="2022-05-06 15:24:40.159767"></TimeCreated>
<EventRecordID>974</EventRecordID>
<Correlation ActivityID="{2f2cff59-615d-0002-a70b-2d2f5d61d801}" RelatedActivityID=""></Correlation>
<Execution ProcessID="3320" ThreadID="4616"></Execution>
<Channel>Microsoft-Windows-AppXDeploymentServer/Operational</Channel>
<Computer>Council-HQ</Computer>
<Security UserID="S-1-5-21-2389065719-3342106636-307857974-1001"></Security>
</System>
<EventData><Data Name="AppId">Microsoft.ScreenSketch_2022.2203.3.0_neutral_~_8wekyb3d8bbwe</Data>
</EventData>
</Event>

<Event xmlns="http://schemas.microsoft.com/win/2004/08/events/event"><System><Provider Name="Microsoft-Windows-AppXDeployment-Server" Guid="{3f471139-acb7-4a01-b7a7-ff5da4ba2d43}"></Provider>
<EventID Qualifiers="">761</EventID>
<Version>0</Version>
<Level>5</Level>
<Task>3</Task>
<Opcode>0</Opcode>
<Keywords>0x4000000000000001</Keywords>
<TimeCreated SystemTime="2022-05-06 15:24:40.160198"></TimeCreated>
<EventRecordID>975</EventRecordID>
<Correlation ActivityID="{2f2cff59-615d-0002-a70b-2d2f5d61d801}" RelatedActivityID=""></Correlation>
<Execution ProcessID="3320" ThreadID="4616"></Execution>
<Channel>Microsoft-Windows-AppXDeploymentServer/Operational</Channel>
<Computer>Council-HQ</Computer>
<Security UserID="S-1-5-21-2389065719-3342106636-307857974-1001"></Security>
</System>
<EventData><Data Name="AppId">Microsoft.SecHealthUI_1000.22000.1.0_neutral__8wekyb3d8bbwe</Data>
</EventData>
</Event>

<Event xmlns="http://schemas.microsoft.com/win/2004/08/events/event"><System><Provider Name="Microsoft-Windows-AppXDeployment-Server" Guid="{3f471139-acb7-4a01-b7a7-ff5da4ba2d43}"></Provider>
<EventID Qualifiers="">761</EventID>
<Version>0</Version>
<Level>5</Level>
<Task>3</Task>
<Opcode>0</Opcode>
<Keywords>0x4000000000000001</Keywords>
<TimeCreated SystemTime="2022-05-06 15:24:40.164495"></TimeCreated>
<EventRecordID>976</EventRecordID>
<Correlation ActivityID="{2f2cff59-615d-0002-a70b-2d2f5d61d801}" RelatedActivityID=""></Correlation>
<Execution ProcessID="3320" ThreadID="4616"></Execution>
<Channel>Microsoft-Windows-AppXDeploymentServer/Operational</Channel>
<Computer>Council-HQ</Computer>
<Security UserID="S-1-5-21-2389065719-3342106636-307857974-1001"></Security>
</System>
<EventData><Data Name="AppId">Microsoft.StorePurchaseApp_12203.44.0.0_neutral_~_8wekyb3d8bbwe</Data>
</EventData>
</Event>

<Event xmlns="http://schemas.microsoft.com/win/2004/08/events/event"><System><Provider Name="Microsoft-Windows-AppXDeployment-Server" Guid="{3f471139-acb7-4a01-b7a7-ff5da4ba2d43}"></Provider>
<EventID Qualifiers="">759</EventID>
<Version>0</Version>
<Level>2</Level>
<Task>3</Task>
<Opcode>0</Opcode>
<Keywords>0x4000000000000001</Keywords>
<TimeCreated SystemTime="2022-05-06 15:24:40.164835"></TimeCreated>
<EventRecordID>977</EventRecordID>
<Correlation ActivityID="{2f2cff59-615d-0002-a70b-2d2f5d61d801}" RelatedActivityID=""></Correlation>
<Execution ProcessID="3320" ThreadID="4616"></Execution>
<Channel>Microsoft-Windows-AppXDeploymentServer/Operational</Channel>
<Computer>Council-HQ</Computer>
<Security UserID="S-1-5-21-2389065719-3342106636-307857974-1001"></Security>
</System>
<EventData><Data Name="PackageName">Microsoft.UI.Xaml.2.4_2.42007.9001.0_x64__8wekyb3d8bbwe</Data>
<Data Name="ErrorCode">0x8007000d</Data>
</EventData>
</Event>

<Event xmlns="http://schemas.microsoft.com/win/2004/08/events/event"><System><Provider Name="Microsoft-Windows-AppXDeployment-Server" Guid="{3f471139-acb7-4a01-b7a7-ff5da4ba2d43}"></Provider>
<EventID Qualifiers="">785</EventID>
<Version>0</Version>
<Level>4</Level>
<Task>3</Task>
<Opcode>0</Opcode>
<Keywords>0x4000000000000001</Keywords>
<TimeCreated SystemTime="2022-05-06 15:24:40.167446"></TimeCreated>
<EventRecordID>978</EventRecordID>
<Correlation ActivityID="{2f2cff59-615d-0002-a70b-2d2f5d61d801}" RelatedActivityID=""></Correlation>
<Execution ProcessID="3320" ThreadID="4616"></Execution>
<Channel>Microsoft-Windows-AppXDeploymentServer/Operational</Channel>
<Computer>Council-HQ</Computer>
<Security UserID="S-1-5-21-2389065719-3342106636-307857974-1001"></Security>
</System>
<EventData><Data Name="PackageName">Microsoft.VCLibs.140.00_14.0.29231.0_x64__8wekyb3d8bbwe</Data>
<Data Name="ErrorCode">0x80070490</Data>
</EventData>
</Event>

<Event xmlns="http://schemas.microsoft.com/win/2004/08/events/event"><System><Provider Name="Microsoft-Windows-AppXDeployment-Server" Guid="{3f471139-acb7-4a01-b7a7-ff5da4ba2d43}"></Provider>
<EventID Qualifiers="">761</EventID>
<Version>0</Version>
<Level>5</Level>
<Task>3</Task>
<Opcode>0</Opcode>
<Keywords>0x4000000000000001</Keywords>
<TimeCreated SystemTime="2022-05-06 15:24:40.168530"></TimeCreated>
<EventRecordID>979</EventRecordID>
<Correlation ActivityID="{2f2cff59-615d-0002-a70b-2d2f5d61d801}" RelatedActivityID=""></Correlation>
<Execution ProcessID="3320" ThreadID="4616"></Execution>
<Channel>Microsoft-Windows-AppXDeploymentServer/Operational</Channel>
<Computer>Council-HQ</Computer>
<Security UserID="S-1-5-21-2389065719-3342106636-307857974-1001"></Security>
</System>
<EventData><Data Name="AppId">Microsoft.VP9VideoExtensions_1.0.50901.0_x64__8wekyb3d8bbwe</Data>
</EventData>
</Event>

