<Event xmlns="http://schemas.microsoft.com/win/2004/08/events/event"><System><Provider Name="Microsoft-Windows-AppXDeployment-Server" Guid="{3f471139-acb7-4a01-b7a7-ff5da4ba2d43}"></Provider>
<EventID Qualifiers="">854</EventID>
<Version>0</Version>
<Level>4</Level>
<Task>3</Task>
<Opcode>0</Opcode>
<Keywords>0x4000000000000001</Keywords>
<TimeCreated SystemTime="2022-05-07 01:19:55.127218"></TimeCreated>
<EventRecordID>43</EventRecordID>
<Correlation ActivityID="{824d2842-61b0-0003-ef2c-4d82b061d801}" RelatedActivityID=""></Correlation>
<Execution ProcessID="3236" ThreadID="4736"></Execution>
<Channel>Microsoft-Windows-AppXDeploymentServer/Operational</Channel>
<Computer>WIN-GE1PLB8KFNS</Computer>
<Security UserID="S-1-5-18"></Security>
</System>
<EventData><Data Name="Path"> C:\Windows\SystemApps\Microsoft.LockApp_cw5n1h2txyewy\AppxManifest.xml</Data>
</EventData>
</Event>

<Event xmlns="http://schemas.microsoft.com/win/2004/08/events/event"><System><Provider Name="Microsoft-Windows-AppXDeployment-Server" Guid="{3f471139-acb7-4a01-b7a7-ff5da4ba2d43}"></Provider>
<EventID Qualifiers="">400</EventID>
<Version>0</Version>
<Level>4</Level>
<Task>3</Task>
<Opcode>2</Opcode>
<Keywords>0x4000000000000001</Keywords>
<TimeCreated SystemTime="2022-05-07 01:19:55.213249"></TimeCreated>
<EventRecordID>44</EventRecordID>
<Correlation ActivityID="{824d2842-61b0-0003-ef2c-4d82b061d801}" RelatedActivityID=""></Correlation>
<Execution ProcessID="3236" ThreadID="4736"></Execution>
<Channel>Microsoft-Windows-AppXDeploymentServer/Operational</Channel>
<Computer>WIN-GE1PLB8KFNS</Computer>
<Security UserID="S-1-5-18"></Security>
</System>
<EventData><Data Name="DeploymentOperation">12</Data>
<Data Name="PackageFullName">Microsoft.LockApp_10.0.22000.1_neutral__cw5n1h2txyewy</Data>
<Data Name="Path"> </Data>
<Data Name="MountPoint">C:</Data>
<Data Name="TargetPlatform">0x00000000</Data>
<Data Name="SystemVolume">True</Data>
<Data Name="StorageId">\\?\Volume{bf27b24f-9e98-4395-9110-325985ded282}</Data>
<Data Name="IsCentennial">False</Data>
<Data Name="PackageType">0x00000001</Data>
<Data Name="IsPackageEncrypted">False</Data>
<Data Name="DeploymentOptions">0x0000000030000020</Data>
<Data Name="IsStreamingPackage">False</Data>
<Data Name="IsInRelatedSet">False</Data>
<Data Name="IsPackageUsingBDC">False</Data>
<Data Name="MainPackageFamilyName">NULL</Data>
<Data Name="CallingProcess"></Data>
<Data Name="IsOptional">False</Data>
<Data Name="PackageFlags">0x00000008</Data>
<Data Name="PackageFlags2">0x00000800</Data>
<Data Name="HasWin32alacarte">False</Data>
<Data Name="HasFullTrust">False</Data>
<Data Name="ExternalLocation"></Data>
<Data Name="PackageSourceUri"></Data>
<Data Name="PackageDisplayName">ms-resource:AppDisplayName</Data>
</EventData>
</Event>

<Event xmlns="http://schemas.microsoft.com/win/2004/08/events/event"><System><Provider Name="Microsoft-Windows-AppXDeployment-Server" Guid="{3f471139-acb7-4a01-b7a7-ff5da4ba2d43}"></Provider>
<EventID Qualifiers="">633</EventID>
<Version>0</Version>
<Level>4</Level>
<Task>3</Task>
<Opcode>0</Opcode>
<Keywords>0x4000000000000001</Keywords>
<TimeCreated SystemTime="2022-05-07 01:19:55.352739"></TimeCreated>
<EventRecordID>45</EventRecordID>
<Correlation ActivityID="{824d2842-61b0-0003-ef2c-4d82b061d801}" RelatedActivityID=""></Correlation>
<Execution ProcessID="3236" ThreadID="3268"></Execution>
<Channel>Microsoft-Windows-AppXDeploymentServer/Operational</Channel>
<Computer>WIN-GE1PLB8KFNS</Computer>
<Security UserID="S-1-5-18"></Security>
</System>
<EventData><Data Name="PackageFullName">Microsoft.MicrosoftEdgeDevToolsClient_1000.22000.1.0_neutral_neutral_8wekyb3d8bbwe</Data>
<Data Name="IsInstalled">False</Data>
</EventData>
</Event>

<Event xmlns="http://schemas.microsoft.com/win/2004/08/events/event"><System><Provider Name="Microsoft-Windows-AppXDeployment-Server" Guid="{3f471139-acb7-4a01-b7a7-ff5da4ba2d43}"></Provider>
<EventID Qualifiers="">607</EventID>
<Version>0</Version>
<Level>4</Level>
<Task>0</Task>
<Opcode>0</Opcode>
<Keywords>0x4000000000000001</Keywords>
<TimeCreated SystemTime="2022-05-07 01:19:55.353481"></TimeCreated>
<EventRecordID>46</EventRecordID>
<Correlation ActivityID="{824d2842-61b0-0003-ef2c-4d82b061d801}" RelatedActivityID=""></Correlation>
<Execution ProcessID="3236" ThreadID="4736"></Execution>
<Channel>Microsoft-Windows-AppXDeploymentServer/Operational</Channel>
<Computer>WIN-GE1PLB8KFNS</Computer>
<Security UserID="S-1-5-18"></Security>
</System>
<EventData><Data Name="DeploymentOperation">12</Data>
<Data Name="PackageFullName">Microsoft.MicrosoftEdgeDevToolsClient_1000.22000.1.0_neutral_neutral_8wekyb3d8bbwe</Data>
<Data Name="UserSid">S-1-5-18</Data>
<Data Name="CallingProcess">NULL</Data>
</EventData>
</Event>

<Event xmlns="http://schemas.microsoft.com/win/2004/08/events/event"><System><Provider Name="Microsoft-Windows-AppXDeployment-Server" Guid="{3f471139-acb7-4a01-b7a7-ff5da4ba2d43}"></Provider>
<EventID Qualifiers="">854</EventID>
<Version>0</Version>
<Level>4</Level>
<Task>3</Task>
<Opcode>0</Opcode>
<Keywords>0x4000000000000001</Keywords>
<TimeCreated SystemTime="2022-05-07 01:19:55.421965"></TimeCreated>
<EventRecordID>47</EventRecordID>
<Correlation ActivityID="{824d2842-61b0-0003-ef2c-4d82b061d801}" RelatedActivityID=""></Correlation>
<Execution ProcessID="3236" ThreadID="4736"></Execution>
<Channel>Microsoft-Windows-AppXDeploymentServer/Operational</Channel>
<Computer>WIN-GE1PLB8KFNS</Computer>
<Security UserID="S-1-5-18"></Security>
</System>
<EventData><Data Name="Path"> C:\Windows\SystemApps\Microsoft.MicrosoftEdgeDevToolsClient_8wekyb3d8bbwe\AppxManifest.xml</Data>
</EventData>
</Event>

<Event xmlns="http://schemas.microsoft.com/win/2004/08/events/event"><System><Provider Name="Microsoft-Windows-AppXDeployment-Server" Guid="{3f471139-acb7-4a01-b7a7-ff5da4ba2d43}"></Provider>
<EventID Qualifiers="">400</EventID>
<Version>0</Version>
<Level>4</Level>
<Task>3</Task>
<Opcode>2</Opcode>
<Keywords>0x4000000000000001</Keywords>
<TimeCreated SystemTime="2022-05-07 01:19:55.492355"></TimeCreated>
<EventRecordID>48</EventRecordID>
<Correlation ActivityID="{824d2842-61b0-0003-ef2c-4d82b061d801}" RelatedActivityID=""></Correlation>
<Execution ProcessID="3236" ThreadID="4736"></Execution>
<Channel>Microsoft-Windows-AppXDeploymentServer/Operational</Channel>
<Computer>WIN-GE1PLB8KFNS</Computer>
<Security UserID="S-1-5-18"></Security>
</System>
<EventData><Data Name="DeploymentOperation">12</Data>
<Data Name="PackageFullName">Microsoft.MicrosoftEdgeDevToolsClient_1000.22000.1.0_neutral_neutral_8wekyb3d8bbwe</Data>
<Data Name="Path"> </Data>
<Data Name="MountPoint">C:</Data>
<Data Name="TargetPlatform">0x00000003</Data>
<Data Name="SystemVolume">True</Data>
<Data Name="StorageId">\\?\Volume{bf27b24f-9e98-4395-9110-325985ded282}</Data>
<Data Name="IsCentennial">False</Data>
<Data Name="PackageType">0x00000001</Data>
<Data Name="IsPackageEncrypted">False</Data>
<Data Name="DeploymentOptions">0x0000000030000020</Data>
<Data Name="IsStreamingPackage">False</Data>
<Data Name="IsInRelatedSet">False</Data>
<Data Name="IsPackageUsingBDC">False</Data>
<Data Name="MainPackageFamilyName">NULL</Data>
<Data Name="CallingProcess"></Data>
<Data Name="IsOptional">False</Data>
<Data Name="PackageFlags">0x00000008</Data>
<Data Name="PackageFlags2">0x00000800</Data>
<Data Name="HasWin32alacarte">False</Data>
<Data Name="HasFullTrust">False</Data>
<Data Name="ExternalLocation"></Data>
<Data Name="PackageSourceUri"></Data>
<Data Name="PackageDisplayName">ms-resource:DisplayName</Data>
</EventData>
</Event>

<Event xmlns="http://schemas.microsoft.com/win/2004/08/events/event"><System><Provider Name="Microsoft-Windows-AppXDeployment-Server" Guid="{3f471139-acb7-4a01-b7a7-ff5da4ba2d43}"></Provider>
<EventID Qualifiers="">633</EventID>
<Version>0</Version>
<Level>4</Level>
<Task>3</Task>
<Opcode>0</Opcode>
<Keywords>0x4000000000000001</Keywords>
<TimeCreated SystemTime="2022-05-07 01:19:55.590117"></TimeCreated>
<EventRecordID>49</EventRecordID>
<Correlation ActivityID="{824d2842-61b0-0003-ef2c-4d82b061d801}" RelatedActivityID=""></Correlation>
<Execution ProcessID="3236" ThreadID="3268"></Execution>
<Channel>Microsoft-Windows-AppXDeploymentServer/Operational</Channel>
<Computer>WIN-GE1PLB8KFNS</Computer>
<Security UserID="S-1-5-18"></Security>
</System>
<EventData><Data Name="PackageFullName">Microsoft.MicrosoftEdge_44.22000.120.0_neutral__8wekyb3d8bbwe</Data>
<Data Name="IsInstalled">False</Data>
</EventData>
</Event>

<Event xmlns="http://schemas.microsoft.com/win/2004/08/events/event"><System><Provider Name="Microsoft-Windows-AppXDeployment-Server" Guid="{3f471139-acb7-4a01-b7a7-ff5da4ba2d43}"></Provider>
<EventID Qualifiers="">607</EventID>
<Version>0</Version>
<Level>4</Level>
<Task>0</Task>
<Opcode>0</Opcode>
<Keywords>0x4000000000000001</Keywords>
<TimeCreated SystemTime="2022-05-07 01:19:55.590563"></TimeCreated>
<EventRecordID>50</EventRecordID>
<Correlation ActivityID="{824d2842-61b0-0003-ef2c-4d82b061d801}" RelatedActivityID=""></Correlation>
<Execution ProcessID="3236" ThreadID="4736"></Execution>
<Channel>Microsoft-Windows-AppXDeploymentServer/Operational</Channel>
<Computer>WIN-GE1PLB8KFNS</Computer>
<Security UserID="S-1-5-18"></Security>
</System>
<EventData><Data Name="DeploymentOperation">12</Data>
<Data Name="PackageFullName">Microsoft.MicrosoftEdge_44.22000.120.0_neutral__8wekyb3d8bbwe</Data>
<Data Name="UserSid">S-1-5-18</Data>
<Data Name="CallingProcess">NULL</Data>
</EventData>
</Event>

<Event xmlns="http://schemas.microsoft.com/win/2004/08/events/event"><System><Provider Name="Microsoft-Windows-AppXDeployment-Server" Guid="{3f471139-acb7-4a01-b7a7-ff5da4ba2d43}"></Provider>
<EventID Qualifiers="">854</EventID>
<Version>0</Version>
<Level>4</Level>
<Task>3</Task>
<Opcode>0</Opcode>
<Keywords>0x4000000000000001</Keywords>
<TimeCreated SystemTime="2022-05-07 01:19:55.646481"></TimeCreated>
<EventRecordID>51</EventRecordID>
<Correlation ActivityID="{824d2842-61b0-0003-ef2c-4d82b061d801}" RelatedActivityID=""></Correlation>
<Execution ProcessID="3236" ThreadID="4736"></Execution>
<Channel>Microsoft-Windows-AppXDeploymentServer/Operational</Channel>
<Computer>WIN-GE1PLB8KFNS</Computer>
<Security UserID="S-1-5-18"></Security>
</System>
<EventData><Data Name="Path"> C:\Windows\SystemApps\Microsoft.MicrosoftEdge_8wekyb3d8bbwe\AppxManifest.xml</Data>
</EventData>
</Event>

<Event xmlns="http://schemas.microsoft.com/win/2004/08/events/event"><System><Provider Name="Microsoft-Windows-AppXDeployment-Server" Guid="{3f471139-acb7-4a01-b7a7-ff5da4ba2d43}"></Provider>
<EventID Qualifiers="">400</EventID>
<Version>0</Version>
<Level>4</Level>
<Task>3</Task>
<Opcode>2</Opcode>
<Keywords>0x4000000000000001</Keywords>
<TimeCreated SystemTime="2022-05-07 01:19:55.776924"></TimeCreated>
<EventRecordID>52</EventRecordID>
<Correlation ActivityID="{824d2842-61b0-0003-ef2c-4d82b061d801}" RelatedActivityID=""></Correlation>
<Execution ProcessID="3236" ThreadID="4736"></Execution>
<Channel>Microsoft-Windows-AppXDeploymentServer/Operational</Channel>
<Computer>WIN-GE1PLB8KFNS</Computer>
<Security UserID="S-1-5-18"></Security>
</System>
<EventData><Data Name="DeploymentOperation">12</Data>
<Data Name="PackageFullName">Microsoft.MicrosoftEdge_44.22000.120.0_neutral__8wekyb3d8bbwe</Data>
<Data Name="Path"> </Data>
<Data Name="MountPoint">C:</Data>
<Data Name="TargetPlatform">0x00000000</Data>
<Data Name="SystemVolume">True</Data>
<Data Name="StorageId">\\?\Volume{bf27b24f-9e98-4395-9110-325985ded282}</Data>
<Data Name="IsCentennial">False</Data>
<Data Name="PackageType">0x00000001</Data>
<Data Name="IsPackageEncrypted">False</Data>
<Data Name="DeploymentOptions">0x0000000030000020</Data>
<Data Name="IsStreamingPackage">False</Data>
<Data Name="IsInRelatedSet">False</Data>
<Data Name="IsPackageUsingBDC">False</Data>
<Data Name="MainPackageFamilyName">NULL</Data>
<Data Name="CallingProcess"></Data>
<Data Name="IsOptional">False</Data>
<Data Name="PackageFlags">0x00000008</Data>
<Data Name="PackageFlags2">0x00000800</Data>
<Data Name="HasWin32alacarte">False</Data>
<Data Name="HasFullTrust">False</Data>
<Data Name="ExternalLocation"></Data>
<Data Name="PackageSourceUri"></Data>
<Data Name="PackageDisplayName">Microsoft Edge</Data>
</EventData>
</Event>

<Event xmlns="http://schemas.microsoft.com/win/2004/08/events/event"><System><Provider Name="Microsoft-Windows-AppXDeployment-Server" Guid="{3f471139-acb7-4a01-b7a7-ff5da4ba2d43}"></Provider>
<EventID Qualifiers="">633</EventID>
<Version>0</Version>
<Level>4</Level>
<Task>3</Task>
<Opcode>0</Opcode>
<Keywords>0x4000000000000001</Keywords>
<TimeCreated SystemTime="2022-05-07 01:19:55.872864"></TimeCreated>
<EventRecordID>53</EventRecordID>
<Correlation ActivityID="{824d2842-61b0-0003-ef2c-4d82b061d801}" RelatedActivityID=""></Correlation>
<Execution ProcessID="3236" ThreadID="3268"></Execution>
<Channel>Microsoft-Windows-AppXDeploymentServer/Operational</Channel>
<Computer>WIN-GE1PLB8KFNS</Computer>
<Security UserID="S-1-5-18"></Security>
</System>
<EventData><Data Name="PackageFullName">Microsoft.UI.Xaml.CBS_2.62107.16001.0_x64__8wekyb3d8bbwe</Data>
<Data Name="IsInstalled">False</Data>
</EventData>
</Event>

<Event xmlns="http://schemas.microsoft.com/win/2004/08/events/event"><System><Provider Name="Microsoft-Windows-AppXDeployment-Server" Guid="{3f471139-acb7-4a01-b7a7-ff5da4ba2d43}"></Provider>
<EventID Qualifiers="">607</EventID>
<Version>0</Version>
<Level>4</Level>
<Task>0</Task>
<Opcode>0</Opcode>
<Keywords>0x4000000000000001</Keywords>
<TimeCreated SystemTime="2022-05-07 01:19:55.873325"></TimeCreated>
<EventRecordID>54</EventRecordID>
<Correlation ActivityID="{824d2842-61b0-0003-ef2c-4d82b061d801}" RelatedActivityID=""></Correlation>
<Execution ProcessID="3236" ThreadID="4736"></Execution>
<Channel>Microsoft-Windows-AppXDeploymentServer/Operational</Channel>
<Computer>WIN-GE1PLB8KFNS</Computer>
<Security UserID="S-1-5-18"></Security>
</System>
<EventData><Data Name="DeploymentOperation">12</Data>
<Data Name="PackageFullName">Microsoft.UI.Xaml.CBS_2.62107.16001.0_x64__8wekyb3d8bbwe</Data>
<Data Name="UserSid">S-1-5-18</Data>
<Data Name="CallingProcess">NULL</Data>
</EventData>
</Event>

<Event xmlns="http://schemas.microsoft.com/win/2004/08/events/event"><System><Provider Name="Microsoft-Windows-AppXDeployment-Server" Guid="{3f471139-acb7-4a01-b7a7-ff5da4ba2d43}"></Provider>
<EventID Qualifiers="">854</EventID>
<Version>0</Version>
<Level>4</Level>
<Task>3</Task>
<Opcode>0</Opcode>
<Keywords>0x4000000000000001</Keywords>
<TimeCreated SystemTime="2022-05-07 01:19:55.933613"></TimeCreated>
<EventRecordID>55</EventRecordID>
<Correlation ActivityID="{824d2842-61b0-0003-ef2c-4d82b061d801}" RelatedActivityID=""></Correlation>
<Execution ProcessID="3236" ThreadID="4736"></Execution>
<Channel>Microsoft-Windows-AppXDeploymentServer/Operational</Channel>
<Computer>WIN-GE1PLB8KFNS</Computer>
<Security UserID="S-1-5-18"></Security>
</System>
<EventData><Data Name="Path"> C:\Windows\SystemApps\Microsoft.UI.Xaml.CBS_8wekyb3d8bbwe\AppxManifest.xml</Data>
</EventData>
</Event>

<Event xmlns="http://schemas.microsoft.com/win/2004/08/events/event"><System><Provider Name="Microsoft-Windows-AppXDeployment-Server" Guid="{3f471139-acb7-4a01-b7a7-ff5da4ba2d43}"></Provider>
<EventID Qualifiers="">400</EventID>
<Version>0</Version>
<Level>4</Level>
<Task>3</Task>
<Opcode>2</Opcode>
<Keywords>0x4000000000000001</Keywords>
<TimeCreated SystemTime="2022-05-07 01:19:56.010267"></TimeCreated>
<EventRecordID>56</EventRecordID>
<Correlation ActivityID="{824d2842-61b0-0003-ef2c-4d82b061d801}" RelatedActivityID=""></Correlation>
<Execution ProcessID="3236" ThreadID="4736"></Execution>
<Channel>Microsoft-Windows-AppXDeploymentServer/Operational</Channel>
<Computer>WIN-GE1PLB8KFNS</Computer>
<Security UserID="S-1-5-18"></Security>
</System>
<EventData><Data Name="DeploymentOperation">12</Data>
<Data Name="PackageFullName">Microsoft.UI.Xaml.CBS_2.62107.16001.0_x64__8wekyb3d8bbwe</Data>
<Data Name="Path"> </Data>
<Data Name="MountPoint">C:</Data>
<Data Name="TargetPlatform">0x00000000</Data>
<Data Name="SystemVolume">True</Data>
<Data Name="StorageId">\\?\Volume{bf27b24f-9e98-4395-9110-325985ded282}</Data>
<Data Name="IsCentennial">False</Data>
<Data Name="PackageType">0x00000002</Data>
<Data Name="IsPackageEncrypted">False</Data>
<Data Name="DeploymentOptions">0x0000000030000020</Data>
<Data Name="IsStreamingPackage">False</Data>
<Data Name="IsInRelatedSet">False</Data>
<Data Name="IsPackageUsingBDC">False</Data>
<Data Name="MainPackageFamilyName">NULL</Data>
<Data Name="CallingProcess"></Data>
<Data Name="IsOptional">False</Data>
<Data Name="PackageFlags">0x00000008</Data>
<Data Name="PackageFlags2">0x00000800</Data>
<Data Name="HasWin32alacarte">False</Data>
<Data Name="HasFullTrust">False</Data>
<Data Name="ExternalLocation"></Data>
<Data Name="PackageSourceUri"></Data>
<Data Name="PackageDisplayName">Microsoft.UI.Xaml.CBS</Data>
</EventData>
</Event>

<Event xmlns="http://schemas.microsoft.com/win/2004/08/events/event"><System><Provider Name="Microsoft-Windows-AppXDeployment-Server" Guid="{3f471139-acb7-4a01-b7a7-ff5da4ba2d43}"></Provider>
<EventID Qualifiers="">633</EventID>
<Version>0</Version>
<Level>4</Level>
<Task>3</Task>
<Opcode>0</Opcode>
<Keywords>0x4000000000000001</Keywords>
<TimeCreated SystemTime="2022-05-07 01:19:56.103199"></TimeCreated>
<EventRecordID>57</EventRecordID>
<Correlation ActivityID="{824d2842-61b0-0003-ef2c-4d82b061d801}" RelatedActivityID=""></Correlation>
<Execution ProcessID="3236" ThreadID="3268"></Execution>
<Channel>Microsoft-Windows-AppXDeploymentServer/Operational</Channel>
<Computer>WIN-GE1PLB8KFNS</Computer>
<Security UserID="S-1-5-18"></Security>
</System>
<EventData><Data Name="PackageFullName">Microsoft.Win32WebViewHost_10.0.22000.1_neutral_neutral_cw5n1h2txyewy</Data>
<Data Name="IsInstalled">False</Data>
</EventData>
</Event>

<Event xmlns="http://schemas.microsoft.com/win/2004/08/events/event"><System><Provider Name="Microsoft-Windows-AppXDeployment-Server" Guid="{3f471139-acb7-4a01-b7a7-ff5da4ba2d43}"></Provider>
<EventID Qualifiers="">607</EventID>
<Version>0</Version>
<Level>4</Level>
<Task>0</Task>
<Opcode>0</Opcode>
<Keywords>0x4000000000000001</Keywords>
<TimeCreated SystemTime="2022-05-07 01:19:56.103771"></TimeCreated>
<EventRecordID>58</EventRecordID>
<Correlation ActivityID="{824d2842-61b0-0003-ef2c-4d82b061d801}" RelatedActivityID=""></Correlation>
<Execution ProcessID="3236" ThreadID="4736"></Execution>
<Channel>Microsoft-Windows-AppXDeploymentServer/Operational</Channel>
<Computer>WIN-GE1PLB8KFNS</Computer>
<Security UserID="S-1-5-18"></Security>
</System>
<EventData><Data Name="DeploymentOperation">12</Data>
<Data Name="PackageFullName">Microsoft.Win32WebViewHost_10.0.22000.1_neutral_neutral_cw5n1h2txyewy</Data>
<Data Name="UserSid">S-1-5-18</Data>
<Data Name="CallingProcess">NULL</Data>
</EventData>
</Event>

<Event xmlns="http://schemas.microsoft.com/win/2004/08/events/event"><System><Provider Name="Microsoft-Windows-AppXDeployment-Server" Guid="{3f471139-acb7-4a01-b7a7-ff5da4ba2d43}"></Provider>
<EventID Qualifiers="">854</EventID>
<Version>0</Version>
<Level>4</Level>
<Task>3</Task>
<Opcode>0</Opcode>
<Keywords>0x4000000000000001</Keywords>
<TimeCreated SystemTime="2022-05-07 01:19:56.158066"></TimeCreated>
<EventRecordID>59</EventRecordID>
<Correlation ActivityID="{824d2842-61b0-0003-ef2c-4d82b061d801}" RelatedActivityID=""></Correlation>
<Execution ProcessID="3236" ThreadID="4736"></Execution>
<Channel>Microsoft-Windows-AppXDeploymentServer/Operational</Channel>
<Computer>WIN-GE1PLB8KFNS</Computer>
<Security UserID="S-1-5-18"></Security>
</System>
<EventData><Data Name="Path"> C:\Windows\SystemApps\Microsoft.Win32WebViewHost_cw5n1h2txyewy\AppxManifest.xml</Data>
</EventData>
</Event>

<Event xmlns="http://schemas.microsoft.com/win/2004/08/events/event"><System><Provider Name="Microsoft-Windows-AppXDeployment-Server" Guid="{3f471139-acb7-4a01-b7a7-ff5da4ba2d43}"></Provider>
<EventID Qualifiers="">400</EventID>
<Version>0</Version>
<Level>4</Level>
<Task>3</Task>
<Opcode>2</Opcode>
<Keywords>0x4000000000000001</Keywords>
<TimeCreated SystemTime="2022-05-07 01:19:56.245651"></TimeCreated>
<EventRecordID>60</EventRecordID>
<Correlation ActivityID="{824d2842-61b0-0003-ef2c-4d82b061d801}" RelatedActivityID=""></Correlation>
<Execution ProcessID="3236" ThreadID="4736"></Execution>
<Channel>Microsoft-Windows-AppXDeploymentServer/Operational</Channel>
<Computer>WIN-GE1PLB8KFNS</Computer>
<Security UserID="S-1-5-18"></Security>
</System>
<EventData><Data Name="DeploymentOperation">12</Data>
<Data Name="PackageFullName">Microsoft.Win32WebViewHost_10.0.22000.1_neutral_neutral_cw5n1h2txyewy</Data>
<Data Name="Path"> </Data>
<Data Name="MountPoint">C:</Data>
<Data Name="TargetPlatform">0x00000000</Data>
<Data Name="SystemVolume">True</Data>
<Data Name="StorageId">\\?\Volume{bf27b24f-9e98-4395-9110-325985ded282}</Data>
<Data Name="IsCentennial">False</Data>
<Data Name="PackageType">0x00000001</Data>
<Data Name="IsPackageEncrypted">False</Data>
<Data Name="DeploymentOptions">0x0000000030000020</Data>
<Data Name="IsStreamingPackage">False</Data>
<Data Name="IsInRelatedSet">False</Data>
<Data Name="IsPackageUsingBDC">False</Data>
<Data Name="MainPackageFamilyName">NULL</Data>
<Data Name="CallingProcess"></Data>
<Data Name="IsOptional">False</Data>
<Data Name="PackageFlags">0x00000008</Data>
<Data Name="PackageFlags2">0x00000800</Data>
<Data Name="HasWin32alacarte">False</Data>
<Data Name="HasFullTrust">False</Data>
<Data Name="ExternalLocation"></Data>
<Data Name="PackageSourceUri"></Data>
<Data Name="PackageDisplayName">ms-resource:DisplayName</Data>
</EventData>
</Event>

<Event xmlns="http://schemas.microsoft.com/win/2004/08/events/event"><System><Provider Name="Microsoft-Windows-AppXDeployment-Server" Guid="{3f471139-acb7-4a01-b7a7-ff5da4ba2d43}"></Provider>
<EventID Qualifiers="">633</EventID>
<Version>0</Version>
<Level>4</Level>
<Task>3</Task>
<Opcode>0</Opcode>
<Keywords>0x4000000000000001</Keywords>
<TimeCreated SystemTime="2022-05-07 01:19:56.339788"></TimeCreated>
<EventRecordID>61</EventRecordID>
<Correlation ActivityID="{824d2842-61b0-0003-ef2c-4d82b061d801}" RelatedActivityID=""></Correlation>
<Execution ProcessID="3236" ThreadID="3268"></Execution>
<Channel>Microsoft-Windows-AppXDeploymentServer/Operational</Channel>
<Computer>WIN-GE1PLB8KFNS</Computer>
<Security UserID="S-1-5-18"></Security>
</System>
<EventData><Data Name="PackageFullName">Microsoft.Windows.Apprep.ChxApp_1000.22000.1.0_neutral_neutral_cw5n1h2txyewy</Data>
<Data Name="IsInstalled">False</Data>
</EventData>
</Event>

<Event xmlns="http://schemas.microsoft.com/win/2004/08/events/event"><System><Provider Name="Microsoft-Windows-AppXDeployment-Server" Guid="{3f471139-acb7-4a01-b7a7-ff5da4ba2d43}"></Provider>
<EventID Qualifiers="">607</EventID>
<Version>0</Version>
<Level>4</Level>
<Task>0</Task>
<Opcode>0</Opcode>
<Keywords>0x4000000000000001</Keywords>
<TimeCreated SystemTime="2022-05-07 01:19:56.340239"></TimeCreated>
<EventRecordID>62</EventRecordID>
<Correlation ActivityID="{824d2842-61b0-0003-ef2c-4d82b061d801}" RelatedActivityID=""></Correlation>
<Execution ProcessID="3236" ThreadID="4736"></Execution>
<Channel>Microsoft-Windows-AppXDeploymentServer/Operational</Channel>
<Computer>WIN-GE1PLB8KFNS</Computer>
<Security UserID="S-1-5-18"></Security>
</System>
<EventData><Data Name="DeploymentOperation">12</Data>
<Data Name="PackageFullName">Microsoft.Windows.Apprep.ChxApp_1000.22000.1.0_neutral_neutral_cw5n1h2txyewy</Data>
<Data Name="UserSid">S-1-5-18</Data>
<Data Name="CallingProcess">NULL</Data>
</EventData>
</Event>

<Event xmlns="http://schemas.microsoft.com/win/2004/08/events/event"><System><Provider Name="Microsoft-Windows-AppXDeployment-Server" Guid="{3f471139-acb7-4a01-b7a7-ff5da4ba2d43}"></Provider>
<EventID Qualifiers="">854</EventID>
<Version>0</Version>
<Level>4</Level>
<Task>3</Task>
<Opcode>0</Opcode>
<Keywords>0x4000000000000001</Keywords>
<TimeCreated SystemTime="2022-05-07 01:19:56.388561"></TimeCreated>
<EventRecordID>63</EventRecordID>
<Correlation ActivityID="{824d2842-61b0-0003-ef2c-4d82b061d801}" RelatedActivityID=""></Correlation>
<Execution ProcessID="3236" ThreadID="4736"></Execution>
<Channel>Microsoft-Windows-AppXDeploymentServer/Operational</Channel>
<Computer>WIN-GE1PLB8KFNS</Computer>
<Security UserID="S-1-5-18"></Security>
</System>
<EventData><Data Name="Path"> C:\Windows\SystemApps\Microsoft.Windows.AppRep.ChxApp_cw5n1h2txyewy\AppxManifest.xml</Data>
</EventData>
</Event>

<Event xmlns="http://schemas.microsoft.com/win/2004/08/events/event"><System><Provider Name="Microsoft-Windows-AppXDeployment-Server" Guid="{3f471139-acb7-4a01-b7a7-ff5da4ba2d43}"></Provider>
<EventID Qualifiers="">400</EventID>
<Version>0</Version>
<Level>4</Level>
<Task>3</Task>
<Opcode>2</Opcode>
<Keywords>0x4000000000000001</Keywords>
<TimeCreated SystemTime="2022-05-07 01:19:56.470509"></TimeCreated>
<EventRecordID>64</EventRecordID>
<Correlation ActivityID="{824d2842-61b0-0003-ef2c-4d82b061d801}" RelatedActivityID=""></Correlation>
<Execution ProcessID="3236" ThreadID="4736"></Execution>
<Channel>Microsoft-Windows-AppXDeploymentServer/Operational</Channel>
<Computer>WIN-GE1PLB8KFNS</Computer>
<Security UserID="S-1-5-18"></Security>
</System>
<EventData><Data Name="DeploymentOperation">12</Data>
<Data Name="PackageFullName">Microsoft.Windows.Apprep.ChxApp_1000.22000.1.0_neutral_neutral_cw5n1h2txyewy</Data>
<Data Name="Path"> </Data>
<Data Name="MountPoint">C:</Data>
<Data Name="TargetPlatform">0x00000000</Data>
<Data Name="SystemVolume">True</Data>
<Data Name="StorageId">\\?\Volume{bf27b24f-9e98-4395-9110-325985ded282}</Data>
<Data Name="IsCentennial">False</Data>
<Data Name="PackageType">0x00000001</Data>
<Data Name="IsPackageEncrypted">False</Data>
<Data Name="DeploymentOptions">0x0000000030000020</Data>
<Data Name="IsStreamingPackage">False</Data>
<Data Name="IsInRelatedSet">False</Data>
<Data Name="IsPackageUsingBDC">False</Data>
<Data Name="MainPackageFamilyName">NULL</Data>
<Data Name="CallingProcess"></Data>
<Data Name="IsOptional">False</Data>
<Data Name="PackageFlags">0x00000008</Data>
<Data Name="PackageFlags2">0x00000800</Data>
<Data Name="HasWin32alacarte">False</Data>
<Data Name="HasFullTrust">False</Data>
<Data Name="ExternalLocation"></Data>
<Data Name="PackageSourceUri"></Data>
<Data Name="PackageDisplayName">ms-resource:DisplayName</Data>
</EventData>
</Event>

<Event xmlns="http://schemas.microsoft.com/win/2004/08/events/event"><System><Provider Name="Microsoft-Windows-AppXDeployment-Server" Guid="{3f471139-acb7-4a01-b7a7-ff5da4ba2d43}"></Provider>
<EventID Qualifiers="">633</EventID>
<Version>0</Version>
<Level>4</Level>
<Task>3</Task>
<Opcode>0</Opcode>
<Keywords>0x4000000000000001</Keywords>
<TimeCreated SystemTime="2022-05-07 01:19:56.556793"></TimeCreated>
<EventRecordID>65</EventRecordID>
<Correlation ActivityID="{824d2842-61b0-0003-ef2c-4d82b061d801}" RelatedActivityID=""></Correlation>
<Execution ProcessID="3236" ThreadID="3268"></Execution>
<Channel>Microsoft-Windows-AppXDeploymentServer/Operational</Channel>
<Computer>WIN-GE1PLB8KFNS</Computer>
<Security UserID="S-1-5-18"></Security>
</System>
<EventData><Data Name="PackageFullName">Microsoft.Windows.AssignedAccessLockApp_1000.22000.1.0_neutral_neutral_cw5n1h2txyewy</Data>
<Data Name="IsInstalled">False</Data>
</EventData>
</Event>

<Event xmlns="http://schemas.microsoft.com/win/2004/08/events/event"><System><Provider Name="Microsoft-Windows-AppXDeployment-Server" Guid="{3f471139-acb7-4a01-b7a7-ff5da4ba2d43}"></Provider>
<EventID Qualifiers="">607</EventID>
<Version>0</Version>
<Level>4</Level>
<Task>0</Task>
<Opcode>0</Opcode>
<Keywords>0x4000000000000001</Keywords>
<TimeCreated SystemTime="2022-05-07 01:19:56.557175"></TimeCreated>
<EventRecordID>66</EventRecordID>
<Correlation ActivityID="{824d2842-61b0-0003-ef2c-4d82b061d801}" RelatedActivityID=""></Correlation>
<Execution ProcessID="3236" ThreadID="4736"></Execution>
<Channel>Microsoft-Windows-AppXDeploymentServer/Operational</Channel>
<Computer>WIN-GE1PLB8KFNS</Computer>
<Security UserID="S-1-5-18"></Security>
</System>
<EventData><Data Name="DeploymentOperation">12</Data>
<Data Name="PackageFullName">Microsoft.Windows.AssignedAccessLockApp_1000.22000.1.0_neutral_neutral_cw5n1h2txyewy</Data>
<Data Name="UserSid">S-1-5-18</Data>
<Data Name="CallingProcess">NULL</Data>
</EventData>
</Event>

<Event xmlns="http://schemas.microsoft.com/win/2004/08/events/event"><System><Provider Name="Microsoft-Windows-AppXDeployment-Server" Guid="{3f471139-acb7-4a01-b7a7-ff5da4ba2d43}"></Provider>
<EventID Qualifiers="">854</EventID>
<Version>0</Version>
<Level>4</Level>
<Task>3</Task>
<Opcode>0</Opcode>
<Keywords>0x4000000000000001</Keywords>
<TimeCreated SystemTime="2022-05-07 01:19:56.607391"></TimeCreated>
<EventRecordID>67</EventRecordID>
<Correlation ActivityID="{824d2842-61b0-0003-ef2c-4d82b061d801}" RelatedActivityID=""></Correlation>
<Execution ProcessID="3236" ThreadID="4736"></Execution>
<Channel>Microsoft-Windows-AppXDeploymentServer/Operational</Channel>
<Computer>WIN-GE1PLB8KFNS</Computer>
<Security UserID="S-1-5-18"></Security>
</System>
<EventData><Data Name="Path"> C:\Windows\SystemApps\Microsoft.Windows.AssignedAccessLockApp_cw5n1h2txyewy\AppxManifest.xml</Data>
</EventData>
</Event>

<Event xmlns="http://schemas.microsoft.com/win/2004/08/events/event"><System><Provider Name="Microsoft-Windows-AppXDeployment-Server" Guid="{3f471139-acb7-4a01-b7a7-ff5da4ba2d43}"></Provider>
<EventID Qualifiers="">400</EventID>
<Version>0</Version>
<Level>4</Level>
<Task>3</Task>
<Opcode>2</Opcode>
<Keywords>0x4000000000000001</Keywords>
<TimeCreated SystemTime="2022-05-07 01:19:56.735741"></TimeCreated>
<EventRecordID>68</EventRecordID>
<Correlation ActivityID="{824d2842-61b0-0003-ef2c-4d82b061d801}" RelatedActivityID=""></Correlation>
<Execution ProcessID="3236" ThreadID="4736"></Execution>
<Channel>Microsoft-Windows-AppXDeploymentServer/Operational</Channel>
<Computer>WIN-GE1PLB8KFNS</Computer>
<Security UserID="S-1-5-18"></Security>
</System>
<EventData><Data Name="DeploymentOperation">12</Data>
<Data Name="PackageFullName">Microsoft.Windows.AssignedAccessLockApp_1000.22000.1.0_neutral_neutral_cw5n1h2txyewy</Data>
<Data Name="Path"> </Data>
<Data Name="MountPoint">C:</Data>
<Data Name="TargetPlatform">0x00000000</Data>
<Data Name="SystemVolume">True</Data>
<Data Name="StorageId">\\?\Volume{bf27b24f-9e98-4395-9110-325985ded282}</Data>
<Data Name="IsCentennial">False</Data>
<Data Name="PackageType">0x00000001</Data>
<Data Name="IsPackageEncrypted">False</Data>
<Data Name="DeploymentOptions">0x0000000030000020</Data>
<Data Name="IsStreamingPackage">False</Data>
<Data Name="IsInRelatedSet">False</Data>
<Data Name="IsPackageUsingBDC">False</Data>
<Data Name="MainPackageFamilyName">NULL</Data>
<Data Name="CallingProcess"></Data>
<Data Name="IsOptional">False</Data>
<Data Name="PackageFlags">0x00000008</Data>
<Data Name="PackageFlags2">0x00000800</Data>
<Data Name="HasWin32alacarte">False</Data>
<Data Name="HasFullTrust">False</Data>
<Data Name="ExternalLocation"></Data>
<Data Name="PackageSourceUri"></Data>
<Data Name="PackageDisplayName">ms-resource:PackageDisplayName</Data>
</EventData>
</Event>

<Event xmlns="http://schemas.microsoft.com/win/2004/08/events/event"><System><Provider Name="Microsoft-Windows-AppXDeployment-Server" Guid="{3f471139-acb7-4a01-b7a7-ff5da4ba2d43}"></Provider>
<EventID Qualifiers="">633</EventID>
<Version>0</Version>
<Level>4</Level>
<Task>3</Task>
<Opcode>0</Opcode>
<Keywords>0x4000000000000001</Keywords>
<TimeCreated SystemTime="2022-05-07 01:19:56.832127"></TimeCreated>
<EventRecordID>69</EventRecordID>
<Correlation ActivityID="{824d2842-61b0-0003-ef2c-4d82b061d801}" RelatedActivityID=""></Correlation>
<Execution ProcessID="3236" ThreadID="3268"></Execution>
<Channel>Microsoft-Windows-AppXDeploymentServer/Operational</Channel>
<Computer>WIN-GE1PLB8KFNS</Computer>
<Security UserID="S-1-5-18"></Security>
</System>
<EventData><Data Name="PackageFullName">Microsoft.Windows.CallingShellApp_1000.22000.1.0_neutral_neutral_cw5n1h2txyewy</Data>
<Data Name="IsInstalled">False</Data>
</EventData>
</Event>

<Event xmlns="http://schemas.microsoft.com/win/2004/08/events/event"><System><Provider Name="Microsoft-Windows-AppXDeployment-Server" Guid="{3f471139-acb7-4a01-b7a7-ff5da4ba2d43}"></Provider>
<EventID Qualifiers="">607</EventID>
<Version>0</Version>
<Level>4</Level>
<Task>0</Task>
<Opcode>0</Opcode>
<Keywords>0x4000000000000001</Keywords>
<TimeCreated SystemTime="2022-05-07 01:19:56.832535"></TimeCreated>
<EventRecordID>70</EventRecordID>
<Correlation ActivityID="{824d2842-61b0-0003-ef2c-4d82b061d801}" RelatedActivityID=""></Correlation>
<Execution ProcessID="3236" ThreadID="4736"></Execution>
<Channel>Microsoft-Windows-AppXDeploymentServer/Operational</Channel>
<Computer>WIN-GE1PLB8KFNS</Computer>
<Security UserID="S-1-5-18"></Security>
</System>
<EventData><Data Name="DeploymentOperation">12</Data>
<Data Name="PackageFullName">Microsoft.Windows.CallingShellApp_1000.22000.1.0_neutral_neutral_cw5n1h2txyewy</Data>
<Data Name="UserSid">S-1-5-18</Data>
<Data Name="CallingProcess">NULL</Data>
</EventData>
</Event>

<Event xmlns="http://schemas.microsoft.com/win/2004/08/events/event"><System><Provider Name="Microsoft-Windows-AppXDeployment-Server" Guid="{3f471139-acb7-4a01-b7a7-ff5da4ba2d43}"></Provider>
<EventID Qualifiers="">854</EventID>
<Version>0</Version>
<Level>4</Level>
<Task>3</Task>
<Opcode>0</Opcode>
<Keywords>0x4000000000000001</Keywords>
<TimeCreated SystemTime="2022-05-07 01:19:56.883213"></TimeCreated>
<EventRecordID>71</EventRecordID>
<Correlation ActivityID="{824d2842-61b0-0003-ef2c-4d82b061d801}" RelatedActivityID=""></Correlation>
<Execution ProcessID="3236" ThreadID="4736"></Execution>
<Channel>Microsoft-Windows-AppXDeploymentServer/Operational</Channel>
<Computer>WIN-GE1PLB8KFNS</Computer>
<Security UserID="S-1-5-18"></Security>
</System>
<EventData><Data Name="Path"> C:\Windows\SystemApps\Microsoft.Windows.CallingShellApp_cw5n1h2txyewy\AppxManifest.xml</Data>
</EventData>
</Event>

<Event xmlns="http://schemas.microsoft.com/win/2004/08/events/event"><System><Provider Name="Microsoft-Windows-AppXDeployment-Server" Guid="{3f471139-acb7-4a01-b7a7-ff5da4ba2d43}"></Provider>
<EventID Qualifiers="">400</EventID>
<Version>0</Version>
<Level>4</Level>
<Task>3</Task>
<Opcode>2</Opcode>
<Keywords>0x4000000000000001</Keywords>
<TimeCreated SystemTime="2022-05-07 01:19:56.968119"></TimeCreated>
<EventRecordID>72</EventRecordID>
<Correlation ActivityID="{824d2842-61b0-0003-ef2c-4d82b061d801}" RelatedActivityID=""></Correlation>
<Execution ProcessID="3236" ThreadID="4736"></Execution>
<Channel>Microsoft-Windows-AppXDeploymentServer/Operational</Channel>
<Computer>WIN-GE1PLB8KFNS</Computer>
<Security UserID="S-1-5-18"></Security>
</System>
<EventData><Data Name="DeploymentOperation">12</Data>
<Data Name="PackageFullName">Microsoft.Windows.CallingShellApp_1000.22000.1.0_neutral_neutral_cw5n1h2txyewy</Data>
<Data Name="Path"> </Data>
<Data Name="MountPoint">C:</Data>
<Data Name="TargetPlatform">0x00000000</Data>
<Data Name="SystemVolume">True</Data>
<Data Name="StorageId">\\?\Volume{bf27b24f-9e98-4395-9110-325985ded282}</Data>
<Data Name="IsCentennial">False</Data>
<Data Name="PackageType">0x00000001</Data>
<Data Name="IsPackageEncrypted">False</Data>
<Data Name="DeploymentOptions">0x0000000030000020</Data>
<Data Name="IsStreamingPackage">False</Data>
<Data Name="IsInRelatedSet">False</Data>
<Data Name="IsPackageUsingBDC">False</Data>
<Data Name="MainPackageFamilyName">NULL</Data>
<Data Name="CallingProcess"></Data>
<Data Name="IsOptional">False</Data>
<Data Name="PackageFlags">0x00000008</Data>
<Data Name="PackageFlags2">0x00000800</Data>
<Data Name="HasWin32alacarte">False</Data>
<Data Name="HasFullTrust">False</Data>
<Data Name="ExternalLocation"></Data>
<Data Name="PackageSourceUri"></Data>
<Data Name="PackageDisplayName">ms-resource:AppDisplayName</Data>
</EventData>
</Event>

<Event xmlns="http://schemas.microsoft.com/win/2004/08/events/event"><System><Provider Name="Microsoft-Windows-AppXDeployment-Server" Guid="{3f471139-acb7-4a01-b7a7-ff5da4ba2d43}"></Provider>
<EventID Qualifiers="">633</EventID>
<Version>0</Version>
<Level>4</Level>
<Task>3</Task>
<Opcode>0</Opcode>
<Keywords>0x4000000000000001</Keywords>
<TimeCreated SystemTime="2022-05-07 01:19:57.067858"></TimeCreated>
<EventRecordID>73</EventRecordID>
<Correlation ActivityID="{824d2842-61b0-0003-ef2c-4d82b061d801}" RelatedActivityID=""></Correlation>
<Execution ProcessID="3236" ThreadID="3268"></Execution>
<Channel>Microsoft-Windows-AppXDeploymentServer/Operational</Channel>
<Computer>WIN-GE1PLB8KFNS</Computer>
<Security UserID="S-1-5-18"></Security>
</System>
<EventData><Data Name="PackageFullName">Microsoft.Windows.CapturePicker_10.0.19580.1000_neutral__cw5n1h2txyewy</Data>
<Data Name="IsInstalled">False</Data>
</EventData>
</Event>

<Event xmlns="http://schemas.microsoft.com/win/2004/08/events/event"><System><Provider Name="Microsoft-Windows-AppXDeployment-Server" Guid="{3f471139-acb7-4a01-b7a7-ff5da4ba2d43}"></Provider>
<EventID Qualifiers="">607</EventID>
<Version>0</Version>
<Level>4</Level>
<Task>0</Task>
<Opcode>0</Opcode>
<Keywords>0x4000000000000001</Keywords>
<TimeCreated SystemTime="2022-05-07 01:19:57.068342"></TimeCreated>
<EventRecordID>74</EventRecordID>
<Correlation ActivityID="{824d2842-61b0-0003-ef2c-4d82b061d801}" RelatedActivityID=""></Correlation>
<Execution ProcessID="3236" ThreadID="4736"></Execution>
<Channel>Microsoft-Windows-AppXDeploymentServer/Operational</Channel>
<Computer>WIN-GE1PLB8KFNS</Computer>
<Security UserID="S-1-5-18"></Security>
</System>
<EventData><Data Name="DeploymentOperation">12</Data>
<Data Name="PackageFullName">Microsoft.Windows.CapturePicker_10.0.19580.1000_neutral__cw5n1h2txyewy</Data>
<Data Name="UserSid">S-1-5-18</Data>
<Data Name="CallingProcess">NULL</Data>
</EventData>
</Event>

<Event xmlns="http://schemas.microsoft.com/win/2004/08/events/event"><System><Provider Name="Microsoft-Windows-AppXDeployment-Server" Guid="{3f471139-acb7-4a01-b7a7-ff5da4ba2d43}"></Provider>
<EventID Qualifiers="">854</EventID>
<Version>0</Version>
<Level>4</Level>
<Task>3</Task>
<Opcode>0</Opcode>
<Keywords>0x4000000000000001</Keywords>
<TimeCreated SystemTime="2022-05-07 01:19:57.123508"></TimeCreated>
<EventRecordID>75</EventRecordID>
<Correlation ActivityID="{824d2842-61b0-0003-ef2c-4d82b061d801}" RelatedActivityID=""></Correlation>
<Execution ProcessID="3236" ThreadID="4736"></Execution>
<Channel>Microsoft-Windows-AppXDeploymentServer/Operational</Channel>
<Computer>WIN-GE1PLB8KFNS</Computer>
<Security UserID="S-1-5-18"></Security>
</System>
<EventData><Data Name="Path"> C:\Windows\SystemApps\Microsoft.Windows.CapturePicker_cw5n1h2txyewy\AppxManifest.xml</Data>
</EventData>
</Event>

<Event xmlns="http://schemas.microsoft.com/win/2004/08/events/event"><System><Provider Name="Microsoft-Windows-AppXDeployment-Server" Guid="{3f471139-acb7-4a01-b7a7-ff5da4ba2d43}"></Provider>
<EventID Qualifiers="">400</EventID>
<Version>0</Version>
<Level>4</Level>
<Task>3</Task>
<Opcode>2</Opcode>
<Keywords>0x4000000000000001</Keywords>
<TimeCreated SystemTime="2022-05-07 01:19:57.205238"></TimeCreated>
<EventRecordID>76</EventRecordID>
<Correlation ActivityID="{824d2842-61b0-0003-ef2c-4d82b061d801}" RelatedActivityID=""></Correlation>
<Execution ProcessID="3236" ThreadID="4736"></Execution>
<Channel>Microsoft-Windows-AppXDeploymentServer/Operational</Channel>
<Computer>WIN-GE1PLB8KFNS</Computer>
<Security UserID="S-1-5-18"></Security>
</System>
<EventData><Data Name="DeploymentOperation">12</Data>
<Data Name="PackageFullName">Microsoft.Windows.CapturePicker_10.0.19580.1000_neutral__cw5n1h2txyewy</Data>
<Data Name="Path"> </Data>
<Data Name="MountPoint">C:</Data>
<Data Name="TargetPlatform">0x00000000</Data>
<Data Name="SystemVolume">True</Data>
<Data Name="StorageId">\\?\Volume{bf27b24f-9e98-4395-9110-325985ded282}</Data>
<Data Name="IsCentennial">False</Data>
<Data Name="PackageType">0x00000001</Data>
<Data Name="IsPackageEncrypted">False</Data>
<Data Name="DeploymentOptions">0x0000000030000020</Data>
<Data Name="IsStreamingPackage">False</Data>
<Data Name="IsInRelatedSet">False</Data>
<Data Name="IsPackageUsingBDC">False</Data>
<Data Name="MainPackageFamilyName">NULL</Data>
<Data Name="CallingProcess"></Data>
<Data Name="IsOptional">False</Data>
<Data Name="PackageFlags">0x00000008</Data>
<Data Name="PackageFlags2">0x00000800</Data>
<Data Name="HasWin32alacarte">False</Data>
<Data Name="HasFullTrust">False</Data>
<Data Name="ExternalLocation"></Data>
<Data Name="PackageSourceUri"></Data>
<Data Name="PackageDisplayName">CapturePicker</Data>
</EventData>
</Event>

<Event xmlns="http://schemas.microsoft.com/win/2004/08/events/event"><System><Provider Name="Microsoft-Windows-AppXDeployment-Server" Guid="{3f471139-acb7-4a01-b7a7-ff5da4ba2d43}"></Provider>
<EventID Qualifiers="">633</EventID>
<Version>0</Version>
<Level>4</Level>
<Task>3</Task>
<Opcode>0</Opcode>
<Keywords>0x4000000000000001</Keywords>
<TimeCreated SystemTime="2022-05-07 01:19:57.303968"></TimeCreated>
<EventRecordID>77</EventRecordID>
<Correlation ActivityID="{824d2842-61b0-0003-ef2c-4d82b061d801}" RelatedActivityID=""></Correlation>
<Execution ProcessID="3236" ThreadID="3268"></Execution>
<Channel>Microsoft-Windows-AppXDeploymentServer/Operational</Channel>
<Computer>WIN-GE1PLB8KFNS</Computer>
<Security UserID="S-1-5-18"></Security>
</System>
<EventData><Data Name="PackageFullName">Microsoft.Windows.CloudExperienceHost_10.0.22000.1_neutral_neutral_cw5n1h2txyewy</Data>
<Data Name="IsInstalled">False</Data>
</EventData>
</Event>

<Event xmlns="http://schemas.microsoft.com/win/2004/08/events/event"><System><Provider Name="Microsoft-Windows-AppXDeployment-Server" Guid="{3f471139-acb7-4a01-b7a7-ff5da4ba2d43}"></Provider>
<EventID Qualifiers="">607</EventID>
<Version>0</Version>
<Level>4</Level>
<Task>0</Task>
<Opcode>0</Opcode>
<Keywords>0x4000000000000001</Keywords>
<TimeCreated SystemTime="2022-05-07 01:19:57.304493"></TimeCreated>
<EventRecordID>78</EventRecordID>
<Correlation ActivityID="{824d2842-61b0-0003-ef2c-4d82b061d801}" RelatedActivityID=""></Correlation>
<Execution ProcessID="3236" ThreadID="4736"></Execution>
<Channel>Microsoft-Windows-AppXDeploymentServer/Operational</Channel>
<Computer>WIN-GE1PLB8KFNS</Computer>
<Security UserID="S-1-5-18"></Security>
</System>
<EventData><Data Name="DeploymentOperation">12</Data>
<Data Name="PackageFullName">Microsoft.Windows.CloudExperienceHost_10.0.22000.1_neutral_neutral_cw5n1h2txyewy</Data>
<Data Name="UserSid">S-1-5-18</Data>
<Data Name="CallingProcess">NULL</Data>
</EventData>
</Event>

<Event xmlns="http://schemas.microsoft.com/win/2004/08/events/event"><System><Provider Name="Microsoft-Windows-AppXDeployment-Server" Guid="{3f471139-acb7-4a01-b7a7-ff5da4ba2d43}"></Provider>
<EventID Qualifiers="">854</EventID>
<Version>0</Version>
<Level>4</Level>
<Task>3</Task>
<Opcode>0</Opcode>
<Keywords>0x4000000000000001</Keywords>
<TimeCreated SystemTime="2022-05-07 01:19:57.359310"></TimeCreated>
<EventRecordID>79</EventRecordID>
<Correlation ActivityID="{824d2842-61b0-0003-ef2c-4d82b061d801}" RelatedActivityID=""></Correlation>
<Execution ProcessID="3236" ThreadID="4736"></Execution>
<Channel>Microsoft-Windows-AppXDeploymentServer/Operational</Channel>
<Computer>WIN-GE1PLB8KFNS</Computer>
<Security UserID="S-1-5-18"></Security>
</System>
<EventData><Data Name="Path"> C:\Windows\SystemApps\Microsoft.Windows.CloudExperienceHost_cw5n1h2txyewy\AppxManifest.xml</Data>
</EventData>
</Event>

<Event xmlns="http://schemas.microsoft.com/win/2004/08/events/event"><System><Provider Name="Microsoft-Windows-AppXDeployment-Server" Guid="{3f471139-acb7-4a01-b7a7-ff5da4ba2d43}"></Provider>
<EventID Qualifiers="">400</EventID>
<Version>0</Version>
<Level>4</Level>
<Task>3</Task>
<Opcode>2</Opcode>
<Keywords>0x4000000000000001</Keywords>
<TimeCreated SystemTime="2022-05-07 01:19:57.474144"></TimeCreated>
<EventRecordID>80</EventRecordID>
<Correlation ActivityID="{824d2842-61b0-0003-ef2c-4d82b061d801}" RelatedActivityID=""></Correlation>
<Execution ProcessID="3236" ThreadID="4736"></Execution>
<Channel>Microsoft-Windows-AppXDeploymentServer/Operational</Channel>
<Computer>WIN-GE1PLB8KFNS</Computer>
<Security UserID="S-1-5-18"></Security>
</System>
<EventData><Data Name="DeploymentOperation">12</Data>
<Data Name="PackageFullName">Microsoft.Windows.CloudExperienceHost_10.0.22000.1_neutral_neutral_cw5n1h2txyewy</Data>
<Data Name="Path"> </Data>
<Data Name="MountPoint">C:</Data>
<Data Name="TargetPlatform">0x00000000</Data>
<Data Name="SystemVolume">True</Data>
<Data Name="StorageId">\\?\Volume{bf27b24f-9e98-4395-9110-325985ded282}</Data>
<Data Name="IsCentennial">False</Data>
<Data Name="PackageType">0x00000001</Data>
<Data Name="IsPackageEncrypted">False</Data>
<Data Name="DeploymentOptions">0x0000000030000020</Data>
<Data Name="IsStreamingPackage">False</Data>
<Data Name="IsInRelatedSet">False</Data>
<Data Name="IsPackageUsingBDC">False</Data>
<Data Name="MainPackageFamilyName">NULL</Data>
<Data Name="CallingProcess"></Data>
<Data Name="IsOptional">False</Data>
<Data Name="PackageFlags">0x00000008</Data>
<Data Name="PackageFlags2">0x00000800</Data>
<Data Name="HasWin32alacarte">False</Data>
<Data Name="HasFullTrust">False</Data>
<Data Name="ExternalLocation"></Data>
<Data Name="PackageSourceUri"></Data>
<Data Name="PackageDisplayName">ms-resource:appDescription</Data>
</EventData>
</Event>

<Event xmlns="http://schemas.microsoft.com/win/2004/08/events/event"><System><Provider Name="Microsoft-Windows-AppXDeployment-Server" Guid="{3f471139-acb7-4a01-b7a7-ff5da4ba2d43}"></Provider>
<EventID Qualifiers="">633</EventID>
<Version>0</Version>
<Level>4</Level>
<Task>3</Task>
<Opcode>0</Opcode>
<Keywords>0x4000000000000001</Keywords>
<TimeCreated SystemTime="2022-05-07 01:19:57.575037"></TimeCreated>
<EventRecordID>81</EventRecordID>
<Correlation ActivityID="{824d2842-61b0-0003-ef2c-4d82b061d801}" RelatedActivityID=""></Correlation>
<Execution ProcessID="3236" ThreadID="3268"></Execution>
<Channel>Microsoft-Windows-AppXDeploymentServer/Operational</Channel>
<Computer>WIN-GE1PLB8KFNS</Computer>
<Security UserID="S-1-5-18"></Security>
</System>
<EventData><Data Name="PackageFullName">Microsoft.Windows.ContentDeliveryManager_10.0.22000.1_neutral_neutral_cw5n1h2txyewy</Data>
<Data Name="IsInstalled">False</Data>
</EventData>
</Event>

<Event xmlns="http://schemas.microsoft.com/win/2004/08/events/event"><System><Provider Name="Microsoft-Windows-AppXDeployment-Server" Guid="{3f471139-acb7-4a01-b7a7-ff5da4ba2d43}"></Provider>
<EventID Qualifiers="">607</EventID>
<Version>0</Version>
<Level>4</Level>
<Task>0</Task>
<Opcode>0</Opcode>
<Keywords>0x4000000000000001</Keywords>
<TimeCreated SystemTime="2022-05-07 01:19:57.575478"></TimeCreated>
<EventRecordID>82</EventRecordID>
<Correlation ActivityID="{824d2842-61b0-0003-ef2c-4d82b061d801}" RelatedActivityID=""></Correlation>
<Execution ProcessID="3236" ThreadID="4736"></Execution>
<Channel>Microsoft-Windows-AppXDeploymentServer/Operational</Channel>
<Computer>WIN-GE1PLB8KFNS</Computer>
<Security UserID="S-1-5-18"></Security>
</System>
<EventData><Data Name="DeploymentOperation">12</Data>
<Data Name="PackageFullName">Microsoft.Windows.ContentDeliveryManager_10.0.22000.1_neutral_neutral_cw5n1h2txyewy</Data>
<Data Name="UserSid">S-1-5-18</Data>
<Data Name="CallingProcess">NULL</Data>
</EventData>
</Event>

<Event xmlns="http://schemas.microsoft.com/win/2004/08/events/event"><System><Provider Name="Microsoft-Windows-AppXDeployment-Server" Guid="{3f471139-acb7-4a01-b7a7-ff5da4ba2d43}"></Provider>
<EventID Qualifiers="">854</EventID>
<Version>0</Version>
<Level>4</Level>
<Task>3</Task>
<Opcode>0</Opcode>
<Keywords>0x4000000000000001</Keywords>
<TimeCreated SystemTime="2022-05-07 01:19:57.636356"></TimeCreated>
<EventRecordID>83</EventRecordID>
<Correlation ActivityID="{824d2842-61b0-0003-ef2c-4d82b061d801}" RelatedActivityID=""></Correlation>
<Execution ProcessID="3236" ThreadID="4736"></Execution>
<Channel>Microsoft-Windows-AppXDeploymentServer/Operational</Channel>
<Computer>WIN-GE1PLB8KFNS</Computer>
<Security UserID="S-1-5-18"></Security>
</System>
<EventData><Data Name="Path"> C:\Windows\SystemApps\Microsoft.Windows.ContentDeliveryManager_cw5n1h2txyewy\AppxManifest.xml</Data>
</EventData>
</Event>

