<Event xmlns="http://schemas.microsoft.com/win/2004/08/events/event"><System><Provider Name="Microsoft-Windows-Bits-Client" Guid="{ef1cc15b-46c1-414e-bb95-e76b077bd51e}"></Provider>
<EventID Qualifiers="">16403</EventID>
<Version>0</Version>
<Level>4</Level>
<Task>0</Task>
<Opcode>0</Opcode>
<Keywords>0x4000000000000000</Keywords>
<TimeCreated SystemTime="2022-05-06 15:27:11.746695"></TimeCreated>
<EventRecordID>42</EventRecordID>
<Correlation ActivityID="" RelatedActivityID=""></Correlation>
<Execution ProcessID="5936" ThreadID="4432"></Execution>
<Channel>Microsoft-Windows-Bits-Client/Operational</Channel>
<Computer>Council-HQ</Computer>
<Security UserID="S-1-5-21-2389065719-3342106636-307857974-1001"></Security>
</System>
<EventData><Data Name="User">Council-HQ\Council Leader</Data>
<Data Name="jobTitle">UpdateBinary</Data>
<Data Name="jobId">{1cad6716-aac9-4d32-b89d-ef4718c6bd3e}</Data>
<Data Name="jobOwner">Council-HQ\Council Leader</Data>
<Data Name="fileCount">1</Data>
<Data Name="RemoteName">https://oneclient.sfx.ms/Win/Prod/21.220.1024.0005/OneDriveSetup.exe</Data>
<Data Name="LocalName">C:\Users\COUNCI~1\AppData\Local\Temp\wctC268.tmp</Data>
<Data Name="processId">1964</Data>
<Data Name="ClientProcessStartKey">844424930132182</Data>
</EventData>
</Event>

<Event xmlns="http://schemas.microsoft.com/win/2004/08/events/event"><System><Provider Name="Microsoft-Windows-Bits-Client" Guid="{ef1cc15b-46c1-414e-bb95-e76b077bd51e}"></Provider>
<EventID Qualifiers="">59</EventID>
<Version>1</Version>
<Level>4</Level>
<Task>0</Task>
<Opcode>1</Opcode>
<Keywords>0x4000000000000000</Keywords>
<TimeCreated SystemTime="2022-05-06 15:27:11.840712"></TimeCreated>
<EventRecordID>43</EventRecordID>
<Correlation ActivityID="{02d6af71-2db6-4d60-89f5-a5a39306f792}" RelatedActivityID=""></Correlation>
<Execution ProcessID="5936" ThreadID="5192"></Execution>
<Channel>Microsoft-Windows-Bits-Client/Operational</Channel>
<Computer>Council-HQ</Computer>
<Security UserID="S-1-5-18"></Security>
</System>
<EventData><Data Name="transferId">{02d6af71-2db6-4d60-89f5-a5a39306f792}</Data>
<Data Name="name">UpdateBinary</Data>
<Data Name="Id">{1cad6716-aac9-4d32-b89d-ef4718c6bd3e}</Data>
<Data Name="url">https://oneclient.sfx.ms/Win/Prod/21.220.1024.0005/OneDriveSetup.exe</Data>
<Data Name="peer"></Data>
<Data Name="fileTime">2021-11-21 20:18:52</Data>
<Data Name="fileLength">42164600</Data>
<Data Name="bytesTotal">42164600</Data>
<Data Name="bytesTransferred">0</Data>
<Data Name="bytesTransferredFromPeer">0</Data>
</EventData>
</Event>

<Event xmlns="http://schemas.microsoft.com/win/2004/08/events/event"><System><Provider Name="Microsoft-Windows-Bits-Client" Guid="{ef1cc15b-46c1-414e-bb95-e76b077bd51e}"></Provider>
<EventID Qualifiers="">60</EventID>
<Version>1</Version>
<Level>4</Level>
<Task>0</Task>
<Opcode>2</Opcode>
<Keywords>0x4000000000000000</Keywords>
<TimeCreated SystemTime="2022-05-06 15:27:19.900053"></TimeCreated>
<EventRecordID>44</EventRecordID>
<Correlation ActivityID="{02d6af71-2db6-4d60-89f5-a5a39306f792}" RelatedActivityID=""></Correlation>
<Execution ProcessID="5936" ThreadID="664"></Execution>
<Channel>Microsoft-Windows-Bits-Client/Operational</Channel>
<Computer>Council-HQ</Computer>
<Security UserID="S-1-5-18"></Security>
</System>
<EventData><Data Name="transferId">{02d6af71-2db6-4d60-89f5-a5a39306f792}</Data>
<Data Name="name">UpdateBinary</Data>
<Data Name="Id">{1cad6716-aac9-4d32-b89d-ef4718c6bd3e}</Data>
<Data Name="url">https://oneclient.sfx.ms/Win/Prod/21.220.1024.0005/OneDriveSetup.exe</Data>
<Data Name="peer"></Data>
<Data Name="hr">0</Data>
<Data Name="fileTime">2021-11-21 20:18:52</Data>
<Data Name="fileLength">42164600</Data>
<Data Name="bytesTotal">42164600</Data>
<Data Name="bytesTransferred">42164600</Data>
<Data Name="proxy"></Data>
<Data Name="peerProtocolFlags">0</Data>
<Data Name="bytesTransferredFromPeer">0</Data>
<Data Name="AdditionalInfoHr">0</Data>
<Data Name="PeerContextInfo">0</Data>
<Data Name="bandwidthLimit">18446744073709551615</Data>
<Data Name="ignoreBandwidthLimitsOnLan">False</Data>
</EventData>
</Event>

<Event xmlns="http://schemas.microsoft.com/win/2004/08/events/event"><System><Provider Name="Microsoft-Windows-Bits-Client" Guid="{ef1cc15b-46c1-414e-bb95-e76b077bd51e}"></Provider>
<EventID Qualifiers="">4</EventID>
<Version>1</Version>
<Level>4</Level>
<Task>0</Task>
<Opcode>0</Opcode>
<Keywords>0x4000000000000000</Keywords>
<TimeCreated SystemTime="2022-05-06 15:27:19.902971"></TimeCreated>
<EventRecordID>45</EventRecordID>
<Correlation ActivityID="" RelatedActivityID=""></Correlation>
<Execution ProcessID="5936" ThreadID="664"></Execution>
<Channel>Microsoft-Windows-Bits-Client/Operational</Channel>
<Computer>Council-HQ</Computer>
<Security UserID="S-1-5-18"></Security>
</System>
<EventData><Data Name="User">Council-HQ\Council Leader</Data>
<Data Name="jobTitle">UpdateBinary</Data>
<Data Name="jobId">{1cad6716-aac9-4d32-b89d-ef4718c6bd3e}</Data>
<Data Name="jobOwner">Council-HQ\Council Leader</Data>
<Data Name="fileCount">1</Data>
<Data Name="bytesTransferred">42164600</Data>
<Data Name="bytesTransferredFromPeer">0</Data>
</EventData>
</Event>

<Event xmlns="http://schemas.microsoft.com/win/2004/08/events/event"><System><Provider Name="Microsoft-Windows-Bits-Client" Guid="{ef1cc15b-46c1-414e-bb95-e76b077bd51e}"></Provider>
<EventID Qualifiers="">3</EventID>
<Version>3</Version>
<Level>4</Level>
<Task>0</Task>
<Opcode>0</Opcode>
<Keywords>0x4000000000000000</Keywords>
<TimeCreated SystemTime="2022-05-06 15:27:20.949240"></TimeCreated>
<EventRecordID>46</EventRecordID>
<Correlation ActivityID="" RelatedActivityID=""></Correlation>
<Execution ProcessID="5936" ThreadID="664"></Execution>
<Channel>Microsoft-Windows-Bits-Client/Operational</Channel>
<Computer>Council-HQ</Computer>
<Security UserID="S-1-5-18"></Security>
</System>
<EventData><Data Name="jobTitle">PreSignInSettingsConfigJSON</Data>
<Data Name="jobId">{54b98c57-7faf-4dc8-b7fe-7cff83ee28c1}</Data>
<Data Name="jobOwner">Council-HQ\Council Leader</Data>
<Data Name="processPath">C:\Users\Council Leader\AppData\Local\Microsoft\OneDrive\Update\OneDriveSetup.exe</Data>
<Data Name="processId">1068</Data>
<Data Name="ClientProcessStartKey">844424930132198</Data>
</EventData>
</Event>

<Event xmlns="http://schemas.microsoft.com/win/2004/08/events/event"><System><Provider Name="Microsoft-Windows-Bits-Client" Guid="{ef1cc15b-46c1-414e-bb95-e76b077bd51e}"></Provider>
<EventID Qualifiers="">16403</EventID>
<Version>0</Version>
<Level>4</Level>
<Task>0</Task>
<Opcode>0</Opcode>
<Keywords>0x4000000000000000</Keywords>
<TimeCreated SystemTime="2022-05-06 15:27:20.956913"></TimeCreated>
<EventRecordID>47</EventRecordID>
<Correlation ActivityID="" RelatedActivityID=""></Correlation>
<Execution ProcessID="5936" ThreadID="6724"></Execution>
<Channel>Microsoft-Windows-Bits-Client/Operational</Channel>
<Computer>Council-HQ</Computer>
<Security UserID="S-1-5-21-2389065719-3342106636-307857974-1001"></Security>
</System>
<EventData><Data Name="User">Council-HQ\Council Leader</Data>
<Data Name="jobTitle">PreSignInSettingsConfigJSON</Data>
<Data Name="jobId">{54b98c57-7faf-4dc8-b7fe-7cff83ee28c1}</Data>
<Data Name="jobOwner">Council-HQ\Council Leader</Data>
<Data Name="fileCount">1</Data>
<Data Name="RemoteName">https://g.live.com/odclientsettings/Prod</Data>
<Data Name="LocalName">C:\Users\COUNCI~1\AppData\Local\Temp\wctE65A.tmp</Data>
<Data Name="processId">1068</Data>
<Data Name="ClientProcessStartKey">844424930132198</Data>
</EventData>
</Event>

<Event xmlns="http://schemas.microsoft.com/win/2004/08/events/event"><System><Provider Name="Microsoft-Windows-Bits-Client" Guid="{ef1cc15b-46c1-414e-bb95-e76b077bd51e}"></Provider>
<EventID Qualifiers="">59</EventID>
<Version>1</Version>
<Level>4</Level>
<Task>0</Task>
<Opcode>1</Opcode>
<Keywords>0x4000000000000000</Keywords>
<TimeCreated SystemTime="2022-05-06 15:27:21.121918"></TimeCreated>
<EventRecordID>48</EventRecordID>
<Correlation ActivityID="{62420b58-0547-4552-8eae-d31b15c7044b}" RelatedActivityID=""></Correlation>
<Execution ProcessID="5936" ThreadID="5192"></Execution>
<Channel>Microsoft-Windows-Bits-Client/Operational</Channel>
<Computer>Council-HQ</Computer>
<Security UserID="S-1-5-18"></Security>
</System>
<EventData><Data Name="transferId">{62420b58-0547-4552-8eae-d31b15c7044b}</Data>
<Data Name="name">PreSignInSettingsConfigJSON</Data>
<Data Name="Id">{54b98c57-7faf-4dc8-b7fe-7cff83ee28c1}</Data>
<Data Name="url">https://g.live.com/odclientsettings/Prod</Data>
<Data Name="peer"></Data>
<Data Name="fileTime">2022-05-06 15:20:37</Data>
<Data Name="fileLength">56991</Data>
<Data Name="bytesTotal">56991</Data>
<Data Name="bytesTransferred">0</Data>
<Data Name="bytesTransferredFromPeer">0</Data>
</EventData>
</Event>

<Event xmlns="http://schemas.microsoft.com/win/2004/08/events/event"><System><Provider Name="Microsoft-Windows-Bits-Client" Guid="{ef1cc15b-46c1-414e-bb95-e76b077bd51e}"></Provider>
<EventID Qualifiers="">60</EventID>
<Version>1</Version>
<Level>4</Level>
<Task>0</Task>
<Opcode>2</Opcode>
<Keywords>0x4000000000000000</Keywords>
<TimeCreated SystemTime="2022-05-06 15:27:21.307289"></TimeCreated>
<EventRecordID>49</EventRecordID>
<Correlation ActivityID="{62420b58-0547-4552-8eae-d31b15c7044b}" RelatedActivityID=""></Correlation>
<Execution ProcessID="5936" ThreadID="4432"></Execution>
<Channel>Microsoft-Windows-Bits-Client/Operational</Channel>
<Computer>Council-HQ</Computer>
<Security UserID="S-1-5-18"></Security>
</System>
<EventData><Data Name="transferId">{62420b58-0547-4552-8eae-d31b15c7044b}</Data>
<Data Name="name">PreSignInSettingsConfigJSON</Data>
<Data Name="Id">{54b98c57-7faf-4dc8-b7fe-7cff83ee28c1}</Data>
<Data Name="url">https://g.live.com/odclientsettings/Prod</Data>
<Data Name="peer"></Data>
<Data Name="hr">0</Data>
<Data Name="fileTime">2022-05-06 15:20:37</Data>
<Data Name="fileLength">56991</Data>
<Data Name="bytesTotal">56991</Data>
<Data Name="bytesTransferred">56991</Data>
<Data Name="proxy"></Data>
<Data Name="peerProtocolFlags">0</Data>
<Data Name="bytesTransferredFromPeer">0</Data>
<Data Name="AdditionalInfoHr">0</Data>
<Data Name="PeerContextInfo">0</Data>
<Data Name="bandwidthLimit">18446744073709551615</Data>
<Data Name="ignoreBandwidthLimitsOnLan">False</Data>
</EventData>
</Event>

<Event xmlns="http://schemas.microsoft.com/win/2004/08/events/event"><System><Provider Name="Microsoft-Windows-Bits-Client" Guid="{ef1cc15b-46c1-414e-bb95-e76b077bd51e}"></Provider>
<EventID Qualifiers="">4</EventID>
<Version>1</Version>
<Level>4</Level>
<Task>0</Task>
<Opcode>0</Opcode>
<Keywords>0x4000000000000000</Keywords>
<TimeCreated SystemTime="2022-05-06 15:27:21.309320"></TimeCreated>
<EventRecordID>50</EventRecordID>
<Correlation ActivityID="" RelatedActivityID=""></Correlation>
<Execution ProcessID="5936" ThreadID="4432"></Execution>
<Channel>Microsoft-Windows-Bits-Client/Operational</Channel>
<Computer>Council-HQ</Computer>
<Security UserID="S-1-5-18"></Security>
</System>
<EventData><Data Name="User">Council-HQ\Council Leader</Data>
<Data Name="jobTitle">PreSignInSettingsConfigJSON</Data>
<Data Name="jobId">{54b98c57-7faf-4dc8-b7fe-7cff83ee28c1}</Data>
<Data Name="jobOwner">Council-HQ\Council Leader</Data>
<Data Name="fileCount">1</Data>
<Data Name="bytesTransferred">56991</Data>
<Data Name="bytesTransferredFromPeer">0</Data>
</EventData>
</Event>

<Event xmlns="http://schemas.microsoft.com/win/2004/08/events/event"><System><Provider Name="Microsoft-Windows-Bits-Client" Guid="{ef1cc15b-46c1-414e-bb95-e76b077bd51e}"></Provider>
<EventID Qualifiers="">306</EventID>
<Version>0</Version>
<Level>5</Level>
<Task>0</Task>
<Opcode>0</Opcode>
<Keywords>0x4000000000000000</Keywords>
<TimeCreated SystemTime="2022-05-06 15:40:30.441717"></TimeCreated>
<EventRecordID>51</EventRecordID>
<Correlation ActivityID="" RelatedActivityID=""></Correlation>
<Execution ProcessID="7608" ThreadID="6300"></Execution>
<Channel>Microsoft-Windows-Bits-Client/Operational</Channel>
<Computer>Council-HQ</Computer>
<Security UserID="S-1-5-18"></Security>
</System>
<EventData></EventData>
</Event>

<Event xmlns="http://schemas.microsoft.com/win/2004/08/events/event"><System><Provider Name="Microsoft-Windows-Bits-Client" Guid="{ef1cc15b-46c1-414e-bb95-e76b077bd51e}"></Provider>
<EventID Qualifiers="">3</EventID>
<Version>3</Version>
<Level>4</Level>
<Task>0</Task>
<Opcode>0</Opcode>
<Keywords>0x4000000000000000</Keywords>
<TimeCreated SystemTime="2022-05-06 15:41:45.710552"></TimeCreated>
<EventRecordID>52</EventRecordID>
<Correlation ActivityID="" RelatedActivityID=""></Correlation>
<Execution ProcessID="7608" ThreadID="7332"></Execution>
<Channel>Microsoft-Windows-Bits-Client/Operational</Channel>
<Computer>Council-HQ</Computer>
<Security UserID="S-1-5-18"></Security>
</System>
<EventData><Data Name="jobTitle">PreSignInSettingsConfigJSON</Data>
<Data Name="jobId">{229b7623-1831-4a2e-af41-0166037f9024}</Data>
<Data Name="jobOwner">Council-HQ\sysadm</Data>
<Data Name="processPath">C:\Windows\SysWOW64\OneDriveSetup.exe</Data>
<Data Name="processId">3552</Data>
<Data Name="ClientProcessStartKey">1125899906842914</Data>
</EventData>
</Event>

<Event xmlns="http://schemas.microsoft.com/win/2004/08/events/event"><System><Provider Name="Microsoft-Windows-Bits-Client" Guid="{ef1cc15b-46c1-414e-bb95-e76b077bd51e}"></Provider>
<EventID Qualifiers="">16403</EventID>
<Version>0</Version>
<Level>4</Level>
<Task>0</Task>
<Opcode>0</Opcode>
<Keywords>0x4000000000000000</Keywords>
<TimeCreated SystemTime="2022-05-06 15:41:45.720436"></TimeCreated>
<EventRecordID>53</EventRecordID>
<Correlation ActivityID="" RelatedActivityID=""></Correlation>
<Execution ProcessID="7608" ThreadID="7332"></Execution>
<Channel>Microsoft-Windows-Bits-Client/Operational</Channel>
<Computer>Council-HQ</Computer>
<Security UserID="S-1-5-21-2389065719-3342106636-307857974-1002"></Security>
</System>
<EventData><Data Name="User">Council-HQ\sysadm</Data>
<Data Name="jobTitle">PreSignInSettingsConfigJSON</Data>
<Data Name="jobId">{229b7623-1831-4a2e-af41-0166037f9024}</Data>
<Data Name="jobOwner">Council-HQ\sysadm</Data>
<Data Name="fileCount">1</Data>
<Data Name="RemoteName">https://g.live.com/odclientsettings/Prod</Data>
<Data Name="LocalName">C:\Users\sysadm\AppData\Local\Temp\wctD6F3.tmp</Data>
<Data Name="processId">3552</Data>
<Data Name="ClientProcessStartKey">1125899906842914</Data>
</EventData>
</Event>

<Event xmlns="http://schemas.microsoft.com/win/2004/08/events/event"><System><Provider Name="Microsoft-Windows-Bits-Client" Guid="{ef1cc15b-46c1-414e-bb95-e76b077bd51e}"></Provider>
<EventID Qualifiers="">310</EventID>
<Version>0</Version>
<Level>3</Level>
<Task>0</Task>
<Opcode>0</Opcode>
<Keywords>0x4000000000000000</Keywords>
<TimeCreated SystemTime="2022-05-06 15:41:46.467960"></TimeCreated>
<EventRecordID>54</EventRecordID>
<Correlation ActivityID="" RelatedActivityID=""></Correlation>
<Execution ProcessID="7608" ThreadID="3612"></Execution>
<Channel>Microsoft-Windows-Bits-Client/Operational</Channel>
<Computer>Council-HQ</Computer>
<Security UserID="S-1-5-18"></Security>
</System>
<EventData><Data Name="ErrorCode">2147942450</Data>
</EventData>
</Event>

<Event xmlns="http://schemas.microsoft.com/win/2004/08/events/event"><System><Provider Name="Microsoft-Windows-Bits-Client" Guid="{ef1cc15b-46c1-414e-bb95-e76b077bd51e}"></Provider>
<EventID Qualifiers="">59</EventID>
<Version>1</Version>
<Level>4</Level>
<Task>0</Task>
<Opcode>1</Opcode>
<Keywords>0x4000000000000000</Keywords>
<TimeCreated SystemTime="2022-05-06 15:41:46.479181"></TimeCreated>
<EventRecordID>55</EventRecordID>
<Correlation ActivityID="{1df6d663-f68e-4ec5-852c-807a21ee6362}" RelatedActivityID=""></Correlation>
<Execution ProcessID="7608" ThreadID="3612"></Execution>
<Channel>Microsoft-Windows-Bits-Client/Operational</Channel>
<Computer>Council-HQ</Computer>
<Security UserID="S-1-5-18"></Security>
</System>
<EventData><Data Name="transferId">{1df6d663-f68e-4ec5-852c-807a21ee6362}</Data>
<Data Name="name">PreSignInSettingsConfigJSON</Data>
<Data Name="Id">{229b7623-1831-4a2e-af41-0166037f9024}</Data>
<Data Name="url">https://g.live.com/odclientsettings/Prod</Data>
<Data Name="peer"></Data>
<Data Name="fileTime">2022-05-06 15:35:34</Data>
<Data Name="fileLength">56991</Data>
<Data Name="bytesTotal">56991</Data>
<Data Name="bytesTransferred">0</Data>
<Data Name="bytesTransferredFromPeer">0</Data>
</EventData>
</Event>

<Event xmlns="http://schemas.microsoft.com/win/2004/08/events/event"><System><Provider Name="Microsoft-Windows-Bits-Client" Guid="{ef1cc15b-46c1-414e-bb95-e76b077bd51e}"></Provider>
<EventID Qualifiers="">60</EventID>
<Version>1</Version>
<Level>4</Level>
<Task>0</Task>
<Opcode>2</Opcode>
<Keywords>0x4000000000000000</Keywords>
<TimeCreated SystemTime="2022-05-06 15:41:46.751060"></TimeCreated>
<EventRecordID>56</EventRecordID>
<Correlation ActivityID="{1df6d663-f68e-4ec5-852c-807a21ee6362}" RelatedActivityID=""></Correlation>
<Execution ProcessID="7608" ThreadID="7220"></Execution>
<Channel>Microsoft-Windows-Bits-Client/Operational</Channel>
<Computer>Council-HQ</Computer>
<Security UserID="S-1-5-18"></Security>
</System>
<EventData><Data Name="transferId">{1df6d663-f68e-4ec5-852c-807a21ee6362}</Data>
<Data Name="name">PreSignInSettingsConfigJSON</Data>
<Data Name="Id">{229b7623-1831-4a2e-af41-0166037f9024}</Data>
<Data Name="url">https://g.live.com/odclientsettings/Prod</Data>
<Data Name="peer"></Data>
<Data Name="hr">0</Data>
<Data Name="fileTime">2022-05-06 15:35:34</Data>
<Data Name="fileLength">56991</Data>
<Data Name="bytesTotal">56991</Data>
<Data Name="bytesTransferred">56991</Data>
<Data Name="proxy"></Data>
<Data Name="peerProtocolFlags">0</Data>
<Data Name="bytesTransferredFromPeer">0</Data>
<Data Name="AdditionalInfoHr">0</Data>
<Data Name="PeerContextInfo">0</Data>
<Data Name="bandwidthLimit">18446744073709551615</Data>
<Data Name="ignoreBandwidthLimitsOnLan">False</Data>
</EventData>
</Event>

<Event xmlns="http://schemas.microsoft.com/win/2004/08/events/event"><System><Provider Name="Microsoft-Windows-Bits-Client" Guid="{ef1cc15b-46c1-414e-bb95-e76b077bd51e}"></Provider>
<EventID Qualifiers="">4</EventID>
<Version>1</Version>
<Level>4</Level>
<Task>0</Task>
<Opcode>0</Opcode>
<Keywords>0x4000000000000000</Keywords>
<TimeCreated SystemTime="2022-05-06 15:41:46.754227"></TimeCreated>
<EventRecordID>57</EventRecordID>
<Correlation ActivityID="" RelatedActivityID=""></Correlation>
<Execution ProcessID="7608" ThreadID="7220"></Execution>
<Channel>Microsoft-Windows-Bits-Client/Operational</Channel>
<Computer>Council-HQ</Computer>
<Security UserID="S-1-5-18"></Security>
</System>
<EventData><Data Name="User">Council-HQ\sysadm</Data>
<Data Name="jobTitle">PreSignInSettingsConfigJSON</Data>
<Data Name="jobId">{229b7623-1831-4a2e-af41-0166037f9024}</Data>
<Data Name="jobOwner">Council-HQ\sysadm</Data>
<Data Name="fileCount">1</Data>
<Data Name="bytesTransferred">56991</Data>
<Data Name="bytesTransferredFromPeer">0</Data>
</EventData>
</Event>

<Event xmlns="http://schemas.microsoft.com/win/2004/08/events/event"><System><Provider Name="Microsoft-Windows-Bits-Client" Guid="{ef1cc15b-46c1-414e-bb95-e76b077bd51e}"></Provider>
<EventID Qualifiers="">3</EventID>
<Version>3</Version>
<Level>4</Level>
<Task>0</Task>
<Opcode>0</Opcode>
<Keywords>0x4000000000000000</Keywords>
<TimeCreated SystemTime="2022-05-06 15:41:51.927008"></TimeCreated>
<EventRecordID>58</EventRecordID>
<Correlation ActivityID="" RelatedActivityID=""></Correlation>
<Execution ProcessID="7608" ThreadID="7248"></Execution>
<Channel>Microsoft-Windows-Bits-Client/Operational</Channel>
<Computer>Council-HQ</Computer>
<Security UserID="S-1-5-18"></Security>
</System>
<EventData><Data Name="jobTitle">PreSignInSettingsConfigJSON</Data>
<Data Name="jobId">{7134e979-f406-430e-adcb-30ea18ea5266}</Data>
<Data Name="jobOwner">Council-HQ\sysadm</Data>
<Data Name="processPath">C:\Users\sysadm\AppData\Local\Microsoft\OneDrive\OneDrive.exe</Data>
<Data Name="processId">7584</Data>
<Data Name="ClientProcessStartKey">1125899906842917</Data>
</EventData>
</Event>

<Event xmlns="http://schemas.microsoft.com/win/2004/08/events/event"><System><Provider Name="Microsoft-Windows-Bits-Client" Guid="{ef1cc15b-46c1-414e-bb95-e76b077bd51e}"></Provider>
<EventID Qualifiers="">16403</EventID>
<Version>0</Version>
<Level>4</Level>
<Task>0</Task>
<Opcode>0</Opcode>
<Keywords>0x4000000000000000</Keywords>
<TimeCreated SystemTime="2022-05-06 15:41:51.931583"></TimeCreated>
<EventRecordID>59</EventRecordID>
<Correlation ActivityID="" RelatedActivityID=""></Correlation>
<Execution ProcessID="7608" ThreadID="7248"></Execution>
<Channel>Microsoft-Windows-Bits-Client/Operational</Channel>
<Computer>Council-HQ</Computer>
<Security UserID="S-1-5-21-2389065719-3342106636-307857974-1002"></Security>
</System>
<EventData><Data Name="User">Council-HQ\sysadm</Data>
<Data Name="jobTitle">PreSignInSettingsConfigJSON</Data>
<Data Name="jobId">{7134e979-f406-430e-adcb-30ea18ea5266}</Data>
<Data Name="jobOwner">Council-HQ\sysadm</Data>
<Data Name="fileCount">1</Data>
<Data Name="RemoteName">https://g.live.com/odclientsettings/Prod?OneDriveUpdate=5aa21097c2448498f7579aed8a3</Data>
<Data Name="LocalName">C:\Users\sysadm\AppData\Local\Temp\wctEF3E.tmp</Data>
<Data Name="processId">7584</Data>
<Data Name="ClientProcessStartKey">1125899906842917</Data>
</EventData>
</Event>

<Event xmlns="http://schemas.microsoft.com/win/2004/08/events/event"><System><Provider Name="Microsoft-Windows-Bits-Client" Guid="{ef1cc15b-46c1-414e-bb95-e76b077bd51e}"></Provider>
<EventID Qualifiers="">59</EventID>
<Version>1</Version>
<Level>4</Level>
<Task>0</Task>
<Opcode>1</Opcode>
<Keywords>0x4000000000000000</Keywords>
<TimeCreated SystemTime="2022-05-06 15:41:52.089230"></TimeCreated>
<EventRecordID>60</EventRecordID>
<Correlation ActivityID="{48683a68-a2c1-449d-9cac-5a26b0c558f0}" RelatedActivityID=""></Correlation>
<Execution ProcessID="7608" ThreadID="3612"></Execution>
<Channel>Microsoft-Windows-Bits-Client/Operational</Channel>
<Computer>Council-HQ</Computer>
<Security UserID="S-1-5-18"></Security>
</System>
<EventData><Data Name="transferId">{48683a68-a2c1-449d-9cac-5a26b0c558f0}</Data>
<Data Name="name">PreSignInSettingsConfigJSON</Data>
<Data Name="Id">{7134e979-f406-430e-adcb-30ea18ea5266}</Data>
<Data Name="url">https://g.live.com/odclientsettings/Prod?OneDriveUpdate=5aa21097c2448498f7579aed8a3</Data>
<Data Name="peer"></Data>
<Data Name="fileTime">2022-05-06 15:35:34</Data>
<Data Name="fileLength">56991</Data>
<Data Name="bytesTotal">56991</Data>
<Data Name="bytesTransferred">0</Data>
<Data Name="bytesTransferredFromPeer">0</Data>
</EventData>
</Event>

<Event xmlns="http://schemas.microsoft.com/win/2004/08/events/event"><System><Provider Name="Microsoft-Windows-Bits-Client" Guid="{ef1cc15b-46c1-414e-bb95-e76b077bd51e}"></Provider>
<EventID Qualifiers="">60</EventID>
<Version>1</Version>
<Level>4</Level>
<Task>0</Task>
<Opcode>2</Opcode>
<Keywords>0x4000000000000000</Keywords>
<TimeCreated SystemTime="2022-05-06 15:41:52.320164"></TimeCreated>
<EventRecordID>61</EventRecordID>
<Correlation ActivityID="{48683a68-a2c1-449d-9cac-5a26b0c558f0}" RelatedActivityID=""></Correlation>
<Execution ProcessID="7608" ThreadID="7332"></Execution>
<Channel>Microsoft-Windows-Bits-Client/Operational</Channel>
<Computer>Council-HQ</Computer>
<Security UserID="S-1-5-18"></Security>
</System>
<EventData><Data Name="transferId">{48683a68-a2c1-449d-9cac-5a26b0c558f0}</Data>
<Data Name="name">PreSignInSettingsConfigJSON</Data>
<Data Name="Id">{7134e979-f406-430e-adcb-30ea18ea5266}</Data>
<Data Name="url">https://g.live.com/odclientsettings/Prod?OneDriveUpdate=5aa21097c2448498f7579aed8a3</Data>
<Data Name="peer"></Data>
<Data Name="hr">0</Data>
<Data Name="fileTime">2022-05-06 15:35:34</Data>
<Data Name="fileLength">56991</Data>
<Data Name="bytesTotal">56991</Data>
<Data Name="bytesTransferred">56991</Data>
<Data Name="proxy"></Data>
<Data Name="peerProtocolFlags">0</Data>
<Data Name="bytesTransferredFromPeer">0</Data>
<Data Name="AdditionalInfoHr">0</Data>
<Data Name="PeerContextInfo">0</Data>
<Data Name="bandwidthLimit">18446744073709551615</Data>
<Data Name="ignoreBandwidthLimitsOnLan">False</Data>
</EventData>
</Event>

<Event xmlns="http://schemas.microsoft.com/win/2004/08/events/event"><System><Provider Name="Microsoft-Windows-Bits-Client" Guid="{ef1cc15b-46c1-414e-bb95-e76b077bd51e}"></Provider>
<EventID Qualifiers="">4</EventID>
<Version>1</Version>
<Level>4</Level>
<Task>0</Task>
<Opcode>0</Opcode>
<Keywords>0x4000000000000000</Keywords>
<TimeCreated SystemTime="2022-05-06 15:41:52.322922"></TimeCreated>
<EventRecordID>62</EventRecordID>
<Correlation ActivityID="" RelatedActivityID=""></Correlation>
<Execution ProcessID="7608" ThreadID="7332"></Execution>
<Channel>Microsoft-Windows-Bits-Client/Operational</Channel>
<Computer>Council-HQ</Computer>
<Security UserID="S-1-5-18"></Security>
</System>
<EventData><Data Name="User">Council-HQ\sysadm</Data>
<Data Name="jobTitle">PreSignInSettingsConfigJSON</Data>
<Data Name="jobId">{7134e979-f406-430e-adcb-30ea18ea5266}</Data>
<Data Name="jobOwner">Council-HQ\sysadm</Data>
<Data Name="fileCount">1</Data>
<Data Name="bytesTransferred">56991</Data>
<Data Name="bytesTransferredFromPeer">0</Data>
</EventData>
</Event>

<Event xmlns="http://schemas.microsoft.com/win/2004/08/events/event"><System><Provider Name="Microsoft-Windows-Bits-Client" Guid="{ef1cc15b-46c1-414e-bb95-e76b077bd51e}"></Provider>
<EventID Qualifiers="">3</EventID>
<Version>3</Version>
<Level>4</Level>
<Task>0</Task>
<Opcode>0</Opcode>
<Keywords>0x4000000000000000</Keywords>
<TimeCreated SystemTime="2022-05-06 15:41:52.870781"></TimeCreated>
<EventRecordID>63</EventRecordID>
<Correlation ActivityID="" RelatedActivityID=""></Correlation>
<Execution ProcessID="7608" ThreadID="7220"></Execution>
<Channel>Microsoft-Windows-Bits-Client/Operational</Channel>
<Computer>Council-HQ</Computer>
<Security UserID="S-1-5-18"></Security>
</System>
<EventData><Data Name="jobTitle">UpdateBinary</Data>
<Data Name="jobId">{d6321aaf-56dc-431f-ad2d-d4a9783c37ce}</Data>
<Data Name="jobOwner">Council-HQ\sysadm</Data>
<Data Name="processPath">C:\Users\sysadm\AppData\Local\Microsoft\OneDrive\OneDrive.exe</Data>
<Data Name="processId">7584</Data>
<Data Name="ClientProcessStartKey">1125899906842917</Data>
</EventData>
</Event>

<Event xmlns="http://schemas.microsoft.com/win/2004/08/events/event"><System><Provider Name="Microsoft-Windows-Bits-Client" Guid="{ef1cc15b-46c1-414e-bb95-e76b077bd51e}"></Provider>
<EventID Qualifiers="">16403</EventID>
<Version>0</Version>
<Level>4</Level>
<Task>0</Task>
<Opcode>0</Opcode>
<Keywords>0x4000000000000000</Keywords>
<TimeCreated SystemTime="2022-05-06 15:41:52.874666"></TimeCreated>
<EventRecordID>64</EventRecordID>
<Correlation ActivityID="" RelatedActivityID=""></Correlation>
<Execution ProcessID="7608" ThreadID="7248"></Execution>
<Channel>Microsoft-Windows-Bits-Client/Operational</Channel>
<Computer>Council-HQ</Computer>
<Security UserID="S-1-5-21-2389065719-3342106636-307857974-1002"></Security>
</System>
<EventData><Data Name="User">Council-HQ\sysadm</Data>
<Data Name="jobTitle">UpdateBinary</Data>
<Data Name="jobId">{d6321aaf-56dc-431f-ad2d-d4a9783c37ce}</Data>
<Data Name="jobOwner">Council-HQ\sysadm</Data>
<Data Name="fileCount">1</Data>
<Data Name="RemoteName">https://oneclient.sfx.ms/Win/Prod/21.220.1024.0005/OneDriveSetup.exe</Data>
<Data Name="LocalName">C:\Users\sysadm\AppData\Local\Temp\wctF2E9.tmp</Data>
<Data Name="processId">7584</Data>
<Data Name="ClientProcessStartKey">1125899906842917</Data>
</EventData>
</Event>

<Event xmlns="http://schemas.microsoft.com/win/2004/08/events/event"><System><Provider Name="Microsoft-Windows-Bits-Client" Guid="{ef1cc15b-46c1-414e-bb95-e76b077bd51e}"></Provider>
<EventID Qualifiers="">59</EventID>
<Version>1</Version>
<Level>4</Level>
<Task>0</Task>
<Opcode>1</Opcode>
<Keywords>0x4000000000000000</Keywords>
<TimeCreated SystemTime="2022-05-06 15:41:52.963850"></TimeCreated>
<EventRecordID>65</EventRecordID>
<Correlation ActivityID="{bc2eb7d5-ef02-4d70-ac23-bd73a056f9de}" RelatedActivityID=""></Correlation>
<Execution ProcessID="7608" ThreadID="3612"></Execution>
<Channel>Microsoft-Windows-Bits-Client/Operational</Channel>
<Computer>Council-HQ</Computer>
<Security UserID="S-1-5-18"></Security>
</System>
<EventData><Data Name="transferId">{bc2eb7d5-ef02-4d70-ac23-bd73a056f9de}</Data>
<Data Name="name">UpdateBinary</Data>
<Data Name="Id">{d6321aaf-56dc-431f-ad2d-d4a9783c37ce}</Data>
<Data Name="url">https://oneclient.sfx.ms/Win/Prod/21.220.1024.0005/OneDriveSetup.exe</Data>
<Data Name="peer"></Data>
<Data Name="fileTime">2021-11-21 20:18:52</Data>
<Data Name="fileLength">42164600</Data>
<Data Name="bytesTotal">42164600</Data>
<Data Name="bytesTransferred">0</Data>
<Data Name="bytesTransferredFromPeer">0</Data>
</EventData>
</Event>

<Event xmlns="http://schemas.microsoft.com/win/2004/08/events/event"><System><Provider Name="Microsoft-Windows-Bits-Client" Guid="{ef1cc15b-46c1-414e-bb95-e76b077bd51e}"></Provider>
<EventID Qualifiers="">60</EventID>
<Version>1</Version>
<Level>4</Level>
<Task>0</Task>
<Opcode>2</Opcode>
<Keywords>0x4000000000000000</Keywords>
<TimeCreated SystemTime="2022-05-06 15:42:00.178236"></TimeCreated>
<EventRecordID>66</EventRecordID>
<Correlation ActivityID="{bc2eb7d5-ef02-4d70-ac23-bd73a056f9de}" RelatedActivityID=""></Correlation>
<Execution ProcessID="7608" ThreadID="7188"></Execution>
<Channel>Microsoft-Windows-Bits-Client/Operational</Channel>
<Computer>Council-HQ</Computer>
<Security UserID="S-1-5-18"></Security>
</System>
<EventData><Data Name="transferId">{bc2eb7d5-ef02-4d70-ac23-bd73a056f9de}</Data>
<Data Name="name">UpdateBinary</Data>
<Data Name="Id">{d6321aaf-56dc-431f-ad2d-d4a9783c37ce}</Data>
<Data Name="url">https://oneclient.sfx.ms/Win/Prod/21.220.1024.0005/OneDriveSetup.exe</Data>
<Data Name="peer"></Data>
<Data Name="hr">0</Data>
<Data Name="fileTime">2021-11-21 20:18:52</Data>
<Data Name="fileLength">42164600</Data>
<Data Name="bytesTotal">42164600</Data>
<Data Name="bytesTransferred">42164600</Data>
<Data Name="proxy"></Data>
<Data Name="peerProtocolFlags">0</Data>
<Data Name="bytesTransferredFromPeer">0</Data>
<Data Name="AdditionalInfoHr">0</Data>
<Data Name="PeerContextInfo">0</Data>
<Data Name="bandwidthLimit">18446744073709551615</Data>
<Data Name="ignoreBandwidthLimitsOnLan">False</Data>
</EventData>
</Event>

<Event xmlns="http://schemas.microsoft.com/win/2004/08/events/event"><System><Provider Name="Microsoft-Windows-Bits-Client" Guid="{ef1cc15b-46c1-414e-bb95-e76b077bd51e}"></Provider>
<EventID Qualifiers="">4</EventID>
<Version>1</Version>
<Level>4</Level>
<Task>0</Task>
<Opcode>0</Opcode>
<Keywords>0x4000000000000000</Keywords>
<TimeCreated SystemTime="2022-05-06 15:42:00.180239"></TimeCreated>
<EventRecordID>67</EventRecordID>
<Correlation ActivityID="" RelatedActivityID=""></Correlation>
<Execution ProcessID="7608" ThreadID="7188"></Execution>
<Channel>Microsoft-Windows-Bits-Client/Operational</Channel>
<Computer>Council-HQ</Computer>
<Security UserID="S-1-5-18"></Security>
</System>
<EventData><Data Name="User">Council-HQ\sysadm</Data>
<Data Name="jobTitle">UpdateBinary</Data>
<Data Name="jobId">{d6321aaf-56dc-431f-ad2d-d4a9783c37ce}</Data>
<Data Name="jobOwner">Council-HQ\sysadm</Data>
<Data Name="fileCount">1</Data>
<Data Name="bytesTransferred">42164600</Data>
<Data Name="bytesTransferredFromPeer">0</Data>
</EventData>
</Event>

<Event xmlns="http://schemas.microsoft.com/win/2004/08/events/event"><System><Provider Name="Microsoft-Windows-Bits-Client" Guid="{ef1cc15b-46c1-414e-bb95-e76b077bd51e}"></Provider>
<EventID Qualifiers="">3</EventID>
<Version>3</Version>
<Level>4</Level>
<Task>0</Task>
<Opcode>0</Opcode>
<Keywords>0x4000000000000000</Keywords>
<TimeCreated SystemTime="2022-05-06 15:42:00.938190"></TimeCreated>
<EventRecordID>68</EventRecordID>
<Correlation ActivityID="" RelatedActivityID=""></Correlation>
<Execution ProcessID="7608" ThreadID="7188"></Execution>
<Channel>Microsoft-Windows-Bits-Client/Operational</Channel>
<Computer>Council-HQ</Computer>
<Security UserID="S-1-5-18"></Security>
</System>
<EventData><Data Name="jobTitle">PreSignInSettingsConfigJSON</Data>
<Data Name="jobId">{c9444895-98f9-45cf-bbba-6eaf972103dc}</Data>
<Data Name="jobOwner">Council-HQ\sysadm</Data>
<Data Name="processPath">C:\Users\sysadm\AppData\Local\Microsoft\OneDrive\Update\OneDriveSetup.exe</Data>
<Data Name="processId">9308</Data>
<Data Name="ClientProcessStartKey">1125899906842922</Data>
</EventData>
</Event>

<Event xmlns="http://schemas.microsoft.com/win/2004/08/events/event"><System><Provider Name="Microsoft-Windows-Bits-Client" Guid="{ef1cc15b-46c1-414e-bb95-e76b077bd51e}"></Provider>
<EventID Qualifiers="">16403</EventID>
<Version>0</Version>
<Level>4</Level>
<Task>0</Task>
<Opcode>0</Opcode>
<Keywords>0x4000000000000000</Keywords>
<TimeCreated SystemTime="2022-05-06 15:42:00.943960"></TimeCreated>
<EventRecordID>69</EventRecordID>
<Correlation ActivityID="" RelatedActivityID=""></Correlation>
<Execution ProcessID="7608" ThreadID="7332"></Execution>
<Channel>Microsoft-Windows-Bits-Client/Operational</Channel>
<Computer>Council-HQ</Computer>
<Security UserID="S-1-5-21-2389065719-3342106636-307857974-1002"></Security>
</System>
<EventData><Data Name="User">Council-HQ\sysadm</Data>
<Data Name="jobTitle">PreSignInSettingsConfigJSON</Data>
<Data Name="jobId">{c9444895-98f9-45cf-bbba-6eaf972103dc}</Data>
<Data Name="jobOwner">Council-HQ\sysadm</Data>
<Data Name="fileCount">1</Data>
<Data Name="RemoteName">https://g.live.com/odclientsettings/Prod</Data>
<Data Name="LocalName">C:\Users\sysadm\AppData\Local\Temp\wct1276.tmp</Data>
<Data Name="processId">9308</Data>
<Data Name="ClientProcessStartKey">1125899906842922</Data>
</EventData>
</Event>

<Event xmlns="http://schemas.microsoft.com/win/2004/08/events/event"><System><Provider Name="Microsoft-Windows-Bits-Client" Guid="{ef1cc15b-46c1-414e-bb95-e76b077bd51e}"></Provider>
<EventID Qualifiers="">59</EventID>
<Version>1</Version>
<Level>4</Level>
<Task>0</Task>
<Opcode>1</Opcode>
<Keywords>0x4000000000000000</Keywords>
<TimeCreated SystemTime="2022-05-06 15:42:01.104458"></TimeCreated>
<EventRecordID>70</EventRecordID>
<Correlation ActivityID="{65a5ae51-cd8a-4e95-b07f-f1ac73677167}" RelatedActivityID=""></Correlation>
<Execution ProcessID="7608" ThreadID="3612"></Execution>
<Channel>Microsoft-Windows-Bits-Client/Operational</Channel>
<Computer>Council-HQ</Computer>
<Security UserID="S-1-5-18"></Security>
</System>
<EventData><Data Name="transferId">{65a5ae51-cd8a-4e95-b07f-f1ac73677167}</Data>
<Data Name="name">PreSignInSettingsConfigJSON</Data>
<Data Name="Id">{c9444895-98f9-45cf-bbba-6eaf972103dc}</Data>
<Data Name="url">https://g.live.com/odclientsettings/Prod</Data>
<Data Name="peer"></Data>
<Data Name="fileTime">2022-05-06 15:35:34</Data>
<Data Name="fileLength">56991</Data>
<Data Name="bytesTotal">56991</Data>
<Data Name="bytesTransferred">0</Data>
<Data Name="bytesTransferredFromPeer">0</Data>
</EventData>
</Event>

<Event xmlns="http://schemas.microsoft.com/win/2004/08/events/event"><System><Provider Name="Microsoft-Windows-Bits-Client" Guid="{ef1cc15b-46c1-414e-bb95-e76b077bd51e}"></Provider>
<EventID Qualifiers="">60</EventID>
<Version>1</Version>
<Level>4</Level>
<Task>0</Task>
<Opcode>2</Opcode>
<Keywords>0x4000000000000000</Keywords>
<TimeCreated SystemTime="2022-05-06 15:42:01.280430"></TimeCreated>
<EventRecordID>71</EventRecordID>
<Correlation ActivityID="{65a5ae51-cd8a-4e95-b07f-f1ac73677167}" RelatedActivityID=""></Correlation>
<Execution ProcessID="7608" ThreadID="7332"></Execution>
<Channel>Microsoft-Windows-Bits-Client/Operational</Channel>
<Computer>Council-HQ</Computer>
<Security UserID="S-1-5-18"></Security>
</System>
<EventData><Data Name="transferId">{65a5ae51-cd8a-4e95-b07f-f1ac73677167}</Data>
<Data Name="name">PreSignInSettingsConfigJSON</Data>
<Data Name="Id">{c9444895-98f9-45cf-bbba-6eaf972103dc}</Data>
<Data Name="url">https://g.live.com/odclientsettings/Prod</Data>
<Data Name="peer"></Data>
<Data Name="hr">0</Data>
<Data Name="fileTime">2022-05-06 15:35:34</Data>
<Data Name="fileLength">56991</Data>
<Data Name="bytesTotal">56991</Data>
<Data Name="bytesTransferred">56991</Data>
<Data Name="proxy"></Data>
<Data Name="peerProtocolFlags">0</Data>
<Data Name="bytesTransferredFromPeer">0</Data>
<Data Name="AdditionalInfoHr">0</Data>
<Data Name="PeerContextInfo">0</Data>
<Data Name="bandwidthLimit">18446744073709551615</Data>
<Data Name="ignoreBandwidthLimitsOnLan">False</Data>
</EventData>
</Event>

<Event xmlns="http://schemas.microsoft.com/win/2004/08/events/event"><System><Provider Name="Microsoft-Windows-Bits-Client" Guid="{ef1cc15b-46c1-414e-bb95-e76b077bd51e}"></Provider>
<EventID Qualifiers="">4</EventID>
<Version>1</Version>
<Level>4</Level>
<Task>0</Task>
<Opcode>0</Opcode>
<Keywords>0x4000000000000000</Keywords>
<TimeCreated SystemTime="2022-05-06 15:42:01.283234"></TimeCreated>
<EventRecordID>72</EventRecordID>
<Correlation ActivityID="" RelatedActivityID=""></Correlation>
<Execution ProcessID="7608" ThreadID="7332"></Execution>
<Channel>Microsoft-Windows-Bits-Client/Operational</Channel>
<Computer>Council-HQ</Computer>
<Security UserID="S-1-5-18"></Security>
</System>
<EventData><Data Name="User">Council-HQ\sysadm</Data>
<Data Name="jobTitle">PreSignInSettingsConfigJSON</Data>
<Data Name="jobId">{c9444895-98f9-45cf-bbba-6eaf972103dc}</Data>
<Data Name="jobOwner">Council-HQ\sysadm</Data>
<Data Name="fileCount">1</Data>
<Data Name="bytesTransferred">56991</Data>
<Data Name="bytesTransferredFromPeer">0</Data>
</EventData>
</Event>

</Events>
