<Event xmlns="http://schemas.microsoft.com/win/2004/08/events/event"><System><Provider Name="Microsoft-Windows-AppXDeployment-Server" Guid="{3f471139-acb7-4a01-b7a7-ff5da4ba2d43}"></Provider>
<EventID Qualifiers="">8100</EventID>
<Version>0</Version>
<Level>5</Level>
<Task>49</Task>
<Opcode>0</Opcode>
<Keywords>0x4000000000000001</Keywords>
<TimeCreated SystemTime="2022-05-07 01:20:03.002773"></TimeCreated>
<EventRecordID>164</EventRecordID>
<Correlation ActivityID="{824d2842-61b0-0002-db2c-4d82b061d801}" RelatedActivityID=""></Correlation>
<Execution ProcessID="3236" ThreadID="4736"></Execution>
<Channel>Microsoft-Windows-AppXDeploymentServer/Operational</Channel>
<Computer>WIN-GE1PLB8KFNS</Computer>
<Security UserID="S-1-5-18"></Security>
</System>
<EventData><Data Name="PackageFullName">Microsoft.549981C3F5F10_4.2203.4603.0_x64__8wekyb3d8bbwe</Data>
<Data Name="Flags">0x00000620</Data>
</EventData>
</Event>

<Event xmlns="http://schemas.microsoft.com/win/2004/08/events/event"><System><Provider Name="Microsoft-Windows-AppXDeployment-Server" Guid="{3f471139-acb7-4a01-b7a7-ff5da4ba2d43}"></Provider>
<EventID Qualifiers="">8105</EventID>
<Version>0</Version>
<Level>5</Level>
<Task>49</Task>
<Opcode>0</Opcode>
<Keywords>0x4000000000000001</Keywords>
<TimeCreated SystemTime="2022-05-07 01:20:03.050200"></TimeCreated>
<EventRecordID>165</EventRecordID>
<Correlation ActivityID="{824d2842-61b0-0002-db2c-4d82b061d801}" RelatedActivityID=""></Correlation>
<Execution ProcessID="3236" ThreadID="3364"></Execution>
<Channel>Microsoft-Windows-AppXDeploymentServer/Operational</Channel>
<Computer>WIN-GE1PLB8KFNS</Computer>
<Security UserID="S-1-5-18"></Security>
</System>
<EventData><Data Name="PackageFullName">Microsoft.549981C3F5F10_4.2203.4603.0_neutral_~_8wekyb3d8bbwe</Data>
<Data Name="NumberOfFiles">1</Data>
</EventData>
</Event>

<Event xmlns="http://schemas.microsoft.com/win/2004/08/events/event"><System><Provider Name="Microsoft-Windows-AppXDeployment-Server" Guid="{3f471139-acb7-4a01-b7a7-ff5da4ba2d43}"></Provider>
<EventID Qualifiers="">8101</EventID>
<Version>0</Version>
<Level>5</Level>
<Task>49</Task>
<Opcode>0</Opcode>
<Keywords>0x4000000000000001</Keywords>
<TimeCreated SystemTime="2022-05-07 01:20:03.050249"></TimeCreated>
<EventRecordID>166</EventRecordID>
<Correlation ActivityID="{824d2842-61b0-0002-db2c-4d82b061d801}" RelatedActivityID=""></Correlation>
<Execution ProcessID="3236" ThreadID="3364"></Execution>
<Channel>Microsoft-Windows-AppXDeploymentServer/Operational</Channel>
<Computer>WIN-GE1PLB8KFNS</Computer>
<Security UserID="S-1-5-18"></Security>
</System>
<EventData><Data Name="PackageFullName">Microsoft.549981C3F5F10_4.2203.4603.0_neutral_~_8wekyb3d8bbwe</Data>
<Data Name="Flags">0x00000620</Data>
</EventData>
</Event>

<Event xmlns="http://schemas.microsoft.com/win/2004/08/events/event"><System><Provider Name="Microsoft-Windows-AppXDeployment-Server" Guid="{3f471139-acb7-4a01-b7a7-ff5da4ba2d43}"></Provider>
<EventID Qualifiers="">400</EventID>
<Version>0</Version>
<Level>4</Level>
<Task>3</Task>
<Opcode>2</Opcode>
<Keywords>0x4000000000000001</Keywords>
<TimeCreated SystemTime="2022-05-07 01:20:03.139458"></TimeCreated>
<EventRecordID>167</EventRecordID>
<Correlation ActivityID="{824d2842-61b0-0002-db2c-4d82b061d801}" RelatedActivityID=""></Correlation>
<Execution ProcessID="3236" ThreadID="4736"></Execution>
<Channel>Microsoft-Windows-AppXDeploymentServer/Operational</Channel>
<Computer>WIN-GE1PLB8KFNS</Computer>
<Security UserID="S-1-5-18"></Security>
</System>
<EventData><Data Name="DeploymentOperation">12</Data>
<Data Name="PackageFullName">microsoft.549981c3f5f10_4.2203.4603.0_neutral_~_8wekyb3d8bbwe</Data>
<Data Name="Path"> </Data>
<Data Name="MountPoint">C:</Data>
<Data Name="TargetPlatform">0x00000003</Data>
<Data Name="SystemVolume">True</Data>
<Data Name="StorageId">\\?\Volume{bf27b24f-9e98-4395-9110-325985ded282}</Data>
<Data Name="IsCentennial">False</Data>
<Data Name="PackageType">0x00000008</Data>
<Data Name="IsPackageEncrypted">False</Data>
<Data Name="DeploymentOptions">0x0000000010020020</Data>
<Data Name="IsStreamingPackage">False</Data>
<Data Name="IsInRelatedSet">False</Data>
<Data Name="IsPackageUsingBDC">False</Data>
<Data Name="MainPackageFamilyName">NULL</Data>
<Data Name="CallingProcess"></Data>
<Data Name="IsOptional">False</Data>
<Data Name="PackageFlags">0x00000000</Data>
<Data Name="PackageFlags2">0x00000800</Data>
<Data Name="HasWin32alacarte">False</Data>
<Data Name="HasFullTrust">False</Data>
<Data Name="ExternalLocation"></Data>
<Data Name="PackageSourceUri"></Data>
<Data Name="PackageDisplayName"> </Data>
</EventData>
</Event>

<Event xmlns="http://schemas.microsoft.com/win/2004/08/events/event"><System><Provider Name="Microsoft-Windows-AppXDeployment-Server" Guid="{3f471139-acb7-4a01-b7a7-ff5da4ba2d43}"></Provider>
<EventID Qualifiers="">478</EventID>
<Version>0</Version>
<Level>5</Level>
<Task>3</Task>
<Opcode>0</Opcode>
<Keywords>0x4000000000000001</Keywords>
<TimeCreated SystemTime="2022-05-07 01:20:03.143064"></TimeCreated>
<EventRecordID>168</EventRecordID>
<Correlation ActivityID="{824d2842-61b0-0002-db2c-4d82b061d801}" RelatedActivityID=""></Correlation>
<Execution ProcessID="3236" ThreadID="4736"></Execution>
<Channel>Microsoft-Windows-AppXDeploymentServer/Operational</Channel>
<Computer>WIN-GE1PLB8KFNS</Computer>
<Security UserID="S-1-5-18"></Security>
</System>
<EventData><Data Name="DeploymentOperation">12</Data>
<Data Name="PackageFullName">Microsoft.549981C3F5F10_4.2203.4603.0_x64__8wekyb3d8bbwe</Data>
<Data Name="Path"> </Data>
<Data Name="MountPoint">C:</Data>
<Data Name="TargetPlatform">0x00000003</Data>
<Data Name="SystemVolume">True</Data>
<Data Name="StorageId">\\?\Volume{bf27b24f-9e98-4395-9110-325985ded282}</Data>
<Data Name="IsCentennial">True</Data>
<Data Name="PackageType">0x00000001</Data>
<Data Name="IsPackageEncrypted">False</Data>
<Data Name="DeploymentOptions">0x0000000010020020</Data>
<Data Name="IsStreamingPackage">False</Data>
<Data Name="IsInRelatedSet">False</Data>
<Data Name="IsPackageUsingBDC">False</Data>
<Data Name="MainPackageFamilyName">NULL</Data>
<Data Name="CallingProcess"></Data>
<Data Name="IsOptional">False</Data>
<Data Name="PackageFlags">0x0080804c</Data>
<Data Name="PackageFlags2">0x00000800</Data>
<Data Name="HasWin32alacarte">False</Data>
<Data Name="HasFullTrust">True</Data>
<Data Name="ExternalLocation"></Data>
<Data Name="PackageSourceUri"></Data>
<Data Name="PackageDisplayName">Cortana</Data>
</EventData>
</Event>

<Event xmlns="http://schemas.microsoft.com/win/2004/08/events/event"><System><Provider Name="Microsoft-Windows-AppXDeployment-Server" Guid="{3f471139-acb7-4a01-b7a7-ff5da4ba2d43}"></Provider>
<EventID Qualifiers="">635</EventID>
<Version>0</Version>
<Level>4</Level>
<Task>3</Task>
<Opcode>0</Opcode>
<Keywords>0x4000000000000001</Keywords>
<TimeCreated SystemTime="2022-05-07 01:20:03.182264"></TimeCreated>
<EventRecordID>169</EventRecordID>
<Correlation ActivityID="{824d2842-61b0-0002-db2c-4d82b061d801}" RelatedActivityID=""></Correlation>
<Execution ProcessID="3236" ThreadID="3268"></Execution>
<Channel>Microsoft-Windows-AppXDeploymentServer/Operational</Channel>
<Computer>WIN-GE1PLB8KFNS</Computer>
<Security UserID="S-1-5-18"></Security>
</System>
<EventData><Data Name="PackageFullName">microsoft.549981c3f5f10_4.2203.4603.0_neutral_~_8wekyb3d8bbwe</Data>
<Data Name="Flags">1</Data>
<Data Name="HResult">0x00000000</Data>
</EventData>
</Event>

<Event xmlns="http://schemas.microsoft.com/win/2004/08/events/event"><System><Provider Name="Microsoft-Windows-AppXDeployment-Server" Guid="{3f471139-acb7-4a01-b7a7-ff5da4ba2d43}"></Provider>
<EventID Qualifiers="">633</EventID>
<Version>0</Version>
<Level>4</Level>
<Task>3</Task>
<Opcode>0</Opcode>
<Keywords>0x4000000000000001</Keywords>
<TimeCreated SystemTime="2022-05-07 01:20:03.182919"></TimeCreated>
<EventRecordID>170</EventRecordID>
<Correlation ActivityID="{824d2842-61b0-0003-c531-4d82b061d801}" RelatedActivityID=""></Correlation>
<Execution ProcessID="3236" ThreadID="3268"></Execution>
<Channel>Microsoft-Windows-AppXDeploymentServer/Operational</Channel>
<Computer>WIN-GE1PLB8KFNS</Computer>
<Security UserID="S-1-5-18"></Security>
</System>
<EventData><Data Name="PackageFullName">microsoft.desktopappinstaller_2022.127.2322.0_neutral_~_8wekyb3d8bbwe</Data>
<Data Name="IsInstalled">False</Data>
</EventData>
</Event>

<Event xmlns="http://schemas.microsoft.com/win/2004/08/events/event"><System><Provider Name="Microsoft-Windows-AppXDeployment-Server" Guid="{3f471139-acb7-4a01-b7a7-ff5da4ba2d43}"></Provider>
<EventID Qualifiers="">607</EventID>
<Version>0</Version>
<Level>4</Level>
<Task>0</Task>
<Opcode>0</Opcode>
<Keywords>0x4000000000000001</Keywords>
<TimeCreated SystemTime="2022-05-07 01:20:03.183554"></TimeCreated>
<EventRecordID>171</EventRecordID>
<Correlation ActivityID="{824d2842-61b0-0003-c531-4d82b061d801}" RelatedActivityID=""></Correlation>
<Execution ProcessID="3236" ThreadID="4736"></Execution>
<Channel>Microsoft-Windows-AppXDeploymentServer/Operational</Channel>
<Computer>WIN-GE1PLB8KFNS</Computer>
<Security UserID="S-1-5-18"></Security>
</System>
<EventData><Data Name="DeploymentOperation">12</Data>
<Data Name="PackageFullName">microsoft.desktopappinstaller_2022.127.2322.0_neutral_~_8wekyb3d8bbwe</Data>
<Data Name="UserSid">S-1-5-18</Data>
<Data Name="CallingProcess">NULL</Data>
</EventData>
</Event>

<Event xmlns="http://schemas.microsoft.com/win/2004/08/events/event"><System><Provider Name="Microsoft-Windows-AppXDeployment-Server" Guid="{3f471139-acb7-4a01-b7a7-ff5da4ba2d43}"></Provider>
<EventID Qualifiers="">614</EventID>
<Version>0</Version>
<Level>5</Level>
<Task>3</Task>
<Opcode>0</Opcode>
<Keywords>0x4000000000000001</Keywords>
<TimeCreated SystemTime="2022-05-07 01:20:03.242544"></TimeCreated>
<EventRecordID>172</EventRecordID>
<Correlation ActivityID="{824d2842-61b0-0003-c531-4d82b061d801}" RelatedActivityID=""></Correlation>
<Execution ProcessID="3236" ThreadID="4736"></Execution>
<Channel>Microsoft-Windows-AppXDeploymentServer/Operational</Channel>
<Computer>WIN-GE1PLB8KFNS</Computer>
<Security UserID="S-1-5-18"></Security>
</System>
<EventData><Data Name="PathOne">C:\Program Files\WindowsApps\microsoft.desktopappinstaller_2022.127.2322.0_neutral_~_8wekyb3d8bbwe\AppxMetadata\AppxBundleManifest.xml</Data>
<Data Name="PathTwo">"AppInstaller_x86.msix": Microsoft.DesktopAppInstaller_1.17.10271.0_x86__8wekyb3d8bbwe "AppInstaller_x64.msix": Microsoft.DesktopAppInstaller_1.17.10271.0_x64__8wekyb3d8bbwe "AppInstaller_arm.msix": Microsoft.DesktopAppInstaller_1.17.10271.0_arm__8wekyb3d8bbwe "AppInstaller_arm64.msix": Microsoft.DesktopAppInstaller_1.17.10271.0_arm64__8wekyb3d8bbwe "AppInstaller_language-af.msix": Microsoft.DesktopAppInstaller_1.17.10271.0_neutral_split.language-af_8wekyb3d8bbwe "AppInstaller_language-lt.msix": Microsoft.DesktopAppInstaller_1.17.10271.0_neutral_split.language-lt_8wekyb3d8bbwe "AppInstaller_language-sq.msix": Microsoft.DesktopAppInstaller_1.17.10271.0_neutral_split.language-sq_8wekyb3d8bbwe "AppInstaller_language-cs.msix": Microsoft.DesktopAppInstaller_1.17.10271.0_neutral_split.language-cs_8wekyb3d8bbwe "AppInstaller_language-el.msix": Microsoft.DesktopAppInstaller_1.17.10271.0_neutral_split.language-el_8wekyb3d8bbwe "AppInstaller_language-bs.msix": Microsoft.DesktopAppInstaller_1.17.10271.0_neutral_split.language-bs_8wekyb3d8bbwe "AppInstaller_language-cy.msix": Microsoft.DesktopAppInstaller_1.17.10271.0_neutral_split.language-cy_8wekyb3d8bbwe "AppInstaller_language-as.msix": Microsoft.DesktopAppInstaller_1.17.10271.0_neutral_split.language-as_8wekyb3d8bbwe "AppInstaller_language-de.msix": Microsoft.DesktopAppInstaller_1.17.10271.0_neutral_split.language-de_8wekyb3d8bbwe "AppInstaller_language-gd-latn.msix": Microsoft.DesktopAppInstaller_1.17.10271.0_neutral_split.language-gd-latn_8wekyb3d8bbwe "AppInstaller_language-da.msix": Microsoft.DesktopAppInstaller_1.17.10271.0_neutral_split.language-da_8wekyb3d8bbwe "AppInstaller_language-he.msix": Microsoft.DesktopAppInstaller_1.17.10271.0_neutral_split.language-he_8wekyb3d8bbwe "AppInstaller_language-ar.msix": Microsoft.DesktopAppInstaller_1.17.10271.0_neutral_split.language-ar_8wekyb3d8bbwe "AppInstaller_language-hy.msix": Microsoft.DesktopAppInstaller_1.17.10271.0_neutral_split.language-hy_8wekyb3d8bbwe "AppInstaller_language-bg.msix": Microsoft.DesktopAppInstaller_1.17.10271.0_neutral_split.language-bg_8wekyb3d8bbwe "AppInstaller_language-eu.msix": Microsoft.DesktopAppInstaller_1.17.10271.0_neutral_split.language-eu_8wekyb3d8bbwe "AppInstaller_language-ca.msix": Microsoft.DesktopAppInstaller_1.17.10271.0_neutral_split.language-ca_8wekyb3d8bbwe "AppInstaller_language-ko.msix": Microsoft.DesktopAppInstaller_1.17.10271.0_neutral_split.language-ko_8wekyb3d8bbwe "AppInstaller_language-bn.msix": Microsoft.DesktopAppInstaller_1.17.10271.0_neutral_split.language-bn_8wekyb3d8bbwe "AppInstaller_language-kk.msix": Microsoft.DesktopAppInstaller_1.17.10271.0_neutral_split.language-kk_8wekyb3d8bbwe "AppInstaller_language-ga.msix": Microsoft.DesktopAppInstaller_1.17.10271.0_neutral_split.language-ga_8wekyb3d8bbwe "AppInstaller_language-fa.msix": Microsoft.DesktopAppInstaller_1.17.10271.0_neutral_split.language-fa_8wekyb3d8bbwe "AppInstaller_language-gl.msix": Microsoft.DesktopAppInstaller_1.17.10271.0_neutral_split.language-gl_8wekyb3d8bbwe "AppInstaller_language-gu.msix": Microsoft.DesktopAppInstaller_1.17.10271.0_neutral_split.language-gu_8wekyb3d8bbwe "AppInstaller_language-fr.msix": Microsoft.DesktopAppInstaller_1.17.10271.0_neutral_split.language-fr_8wekyb3d8bbwe "AppInstaller_language-nb.msix": Microsoft.DesktopAppInstaller_1.17.10271.0_neutral_split.language-nb_8wekyb3d8bbwe "AppInstaller_language-hr.msix": Microsoft.DesktopAppInstaller_1.17.10271.0_neutral_split.language-hr_8wekyb3d8bbwe "AppInstaller_language-hu.msix": Microsoft.DesktopAppInstaller_1.17.10271.0_neutral_split.language-hu_8wekyb3d8bbwe "AppInstaller_language-ne.msix": Microsoft.DesktopAppInstaller_1.17.10271.0_neutral_split.language-ne_8wekyb3d8bbwe "AppInstaller_language-kok.msix": Microsoft.DesktopAppInstaller_1.17.10271.0_neutral_split.language-kok_8wekyb3d8bbwe "AppInstaller_language-or.msix": Microsoft.DesktopAppInstaller_1.17.10271.0_neutral_split.language-or_8wekyb3d8bbwe "AppInstaller_language-km.msix": Microsoft.DesktopAppInstaller_1.17.10271.0_neutral_split.language-km_8wekyb3d8bbwe "AppInstaller_language-am.msix": Microsoft.DesktopAppInstaller_1.17.10271.0_neutral_split.language-am_8wekyb3d8bbwe "AppInstaller_language-ka.msix": Microsoft.DesktopAppInstaller_1.17.10271.0_neutral_split.language-ka_8wekyb3d8bbwe "AppInstaller_language-nn.msix": Microsoft.DesktopAppInstaller_1.17.10271.0_neutral_split.language-nn_8wekyb3d8bbwe "AppInstaller_language-az-latn.msix": Microsoft.DesktopAppInstaller_1.17.10271.0_neutral_split.language-az-latn_8wekyb3d8bbwe "AppInstaller_language-sr-latn.msix": Microsoft.DesktopAppInstaller_1.17.10271.0_neutral_split.language-sr-latn_8wekyb3d8bbwe "AppInstaller_language-et.msix": Microsoft.DesktopAppInstaller_1.17.10271.0_neutral_split.language-et_8wekyb3d8bbwe "AppInstaller_language-uk.msix": Microsoft.DesktopAppInstaller_1.17.10271.0_neutral_split.language-uk_8wekyb3d8bbwe "AppInstaller_language-hi.msix": Microsoft.DesktopAppInstaller_1.17.10271.0_neutral_split.language-hi_8wekyb3d8bbwe "AppInstaller_language-fil-latn.msix": Microsoft.DesktopAppInstaller_1.17.10271.0_neutral_split.language-fil-latn_8wekyb3d8bbwe "AppInstaller_language-fi.msix": Microsoft.DesktopAppInstaller_1.17.10271.0_neutral_split.language-fi_8wekyb3d8bbwe "AppInstaller_language-pa.msix": Microsoft.DesktopAppInstaller_1.17.10271.0_neutral_split.language-pa_8wekyb3d8bbwe "AppInstaller_language-ja.msix": Microsoft.DesktopAppInstaller_1.17.10271.0_neutral_split.language-ja_8wekyb3d8bbwe "AppInstaller_language-ru.msix": Microsoft.DesktopAppInstaller_1.17.10271.0_neutral_split.language-ru_8wekyb3d8bbwe "AppInstaller_language-pt.msix": Microsoft.DesktopAppInstaller_1.17.10271.0_neutral_split.language-pt_8wekyb3d8bbwe "AppInstaller_language-lv.msix": Microsoft.DesktopAppInstaller_1.17.10271.0_neutral_split.language-lv_8wekyb3d8bbwe "AppInstaller_language-mt.msix": Microsoft.DesktopAppInstaller_1.17.10271.0_neutral_split.language-mt_8wekyb3d8bbwe "AppInstaller_language-is.msix": Microsoft.DesktopAppInstaller_1.17.10271.0_neutral_split.language-is_8wekyb3d8bbwe "AppInstaller_language-ur.msix": Microsoft.DesktopAppInstaller_1.17.10271.0_neutral_split.language-ur_8wekyb3d8bbwe "AppInstaller_language-tt-cyrl.msix": Microsoft.DesktopAppInstaller_1.17.10271.0_neutral_split.language-tt-cyrl_8wekyb3d8bbwe "AppInstaller_language-sl.msix": Microsoft.DesktopAppInstaller_1.17.10271.0_neutral_split.language-sl_8wekyb3d8bbwe "AppInstaller_language-mk.msix": Microsoft.DesktopAppInstaller_1.17.10271.0_neutral_split.language-mk_8wekyb3d8bbwe "AppInstaller_language-lo.msix": Microsoft.DesktopAppInstaller_1.17.10271.0_neutral_split.language-lo_8wekyb3d8bbwe "AppInstaller_language-zh-hans.msix": Microsoft.DesktopAppInstaller_1.17.10271.0_neutral_split.language-zh-hans_8wekyb3d8bbwe "AppInstaller_language-it.msix": Microsoft.DesktopAppInstaller_1.17.10271.0_neutral_split.language-it_8wekyb3d8bbwe "AppInstaller_language-ro.msix": Microsoft.DesktopAppInstaller_1.17.10271.0_neutral_split.language-ro_8wekyb3d8bbwe "AppInstaller_language-quz-latn.msix": Microsoft.DesktopAppInstaller_1.17.10271.0_neutral_split.language-quz-latn_8wekyb3d8bbwe "AppInstaller_scale-150.msix": Microsoft.DesktopAppInstaller_1.17.10271.0_neutral_split.scale-150_8wekyb3d8bbwe "AppInstaller_language-ml.msix": Microsoft.DesktopAppInstaller_1.17.10271.0_neutral_split.language-ml_8wekyb3d8bbwe "AppInstaller_language-sk.msix": Microsoft.DesktopAppInstaller_1.17.10271.0_neutral_split.language-sk_8wekyb3d8bbwe "AppInstaller_language-mi-latn.msix": Microsoft.DesktopAppInstaller_1.17.10271.0_neutral_split.language-mi-latn_8wekyb3d8bbwe "AppInstaller_language-pl.msix": Microsoft.DesktopAppInstaller_1.17.10271.0_neutral_split.language-pl_8wekyb3d8bbwe "AppInstaller_language-sr-cyrl.msix": Microsoft.DesktopAppInstaller_1.17.10271.0_neutral_split.language-sr-cyrl_8wekyb3d8bbwe "AppInstaller_language-ms.msix": Microsoft.DesktopAppInstaller_1.17.10271.0_neutral_split.language-ms_8wekyb3d8bbwe "AppInstaller_language-sv.msix": Microsoft.DesktopAppInstaller_1.17.10271.0_neutral_split.language-sv_8wekyb3d8bbwe "AppInstaller_language-ta.msix": Microsoft.DesktopAppInstaller_1.17.10271.0_neutral_split.language-ta_8wekyb3d8bbwe "AppInstaller_language-te.msix": Microsoft.DesktopAppInstaller_1.17.10271.0_neutral_split.language-te_8wekyb3d8bbwe "AppInstaller_language-th.msix": Microsoft.DesktopAppInstaller_1.17.10271.0_neutral_split.language-th_8wekyb3d8bbwe "AppInstaller_language-tr.msix": Microsoft.DesktopAppInstaller_1.17.10271.0_neutral_split.language-tr_8wekyb3d8bbwe "AppInstaller_scale-100.msix": Microsoft.DesktopAppInstaller_1.17.10271.0_neutral_split.scale-100_8wekyb3d8bbwe "AppInstaller_language-ug-arab.msix": Microsoft.DesktopAppInstaller_1.17.10271.0_neutral_split.language-ug-arab_8wekyb3d8bbwe "AppInstaller_language-id.msix": Microsoft.DesktopAppInstaller_1.17.10271.0_neutral_split.language-id_8wekyb3d8bbwe "AppInstaller_language-es.msix": Microsoft.DesktopAppInstaller_1.17.10271.0_neutral_split.language-es_8wekyb3d8bbwe "AppInstaller_language-nl.msix": Microsoft.DesktopAppInstaller_1.17.10271.0_neutral_split.language-nl_8wekyb3d8bbwe "AppInstaller_language-vi.msix": Microsoft.DesktopAppInstaller_1.17.10271.0_neutral_split.language-vi_8wekyb3d8bbwe "AppInstaller_language-mr.msix": Microsoft.DesktopAppInstaller_1.17.10271.0_neutral_split.language-mr_8wekyb3d8bbwe "AppInstaller_language-zh-hant.msix": Microsoft.DesktopAppInstaller_1.17.10271.0_neutral_split.language-zh-hant_8wekyb3d8bbwe "AppInstaller_scale-125.msix": Microsoft.DesktopAppInstaller_1.17.10271.0_neutral_split.scale-125_8wekyb3d8bbwe "AppInstaller_language-kn.msix": Microsoft.DesktopAppInstaller_1.17.10271.0_neutral_split.language-kn_8wekyb3d8bbwe "AppInstaller_language-lb.msix": Microsoft.DesktopAppInstaller_1.17.10271.0_neutral_split.language-lb_8wekyb3d8bbwe "AppInstaller_language-uz-latn.msix": Microsoft.DesktopAppInstaller_1.17.10271.0_neutral_split.language-uz-latn_8wekyb3d8bbwe "AppInstaller_scale-400.msix": Microsoft.DesktopAppInstaller_1.17.10271.0_neutral_split.scale-400_8wekyb3d8bbwe</Data>
</EventData>
</Event>

<Event xmlns="http://schemas.microsoft.com/win/2004/08/events/event"><System><Provider Name="Microsoft-Windows-AppXDeployment-Server" Guid="{3f471139-acb7-4a01-b7a7-ff5da4ba2d43}"></Provider>
<EventID Qualifiers="">854</EventID>
<Version>0</Version>
<Level>4</Level>
<Task>3</Task>
<Opcode>0</Opcode>
<Keywords>0x4000000000000001</Keywords>
<TimeCreated SystemTime="2022-05-07 01:20:03.266090"></TimeCreated>
<EventRecordID>173</EventRecordID>
<Correlation ActivityID="{824d2842-61b0-0003-c531-4d82b061d801}" RelatedActivityID=""></Correlation>
<Execution ProcessID="3236" ThreadID="4736"></Execution>
<Channel>Microsoft-Windows-AppXDeploymentServer/Operational</Channel>
<Computer>WIN-GE1PLB8KFNS</Computer>
<Security UserID="S-1-5-18"></Security>
</System>
<EventData><Data Name="Path"> C:\Program Files\WindowsApps\microsoft.desktopappinstaller_2022.127.2322.0_neutral_~_8wekyb3d8bbwe\AppxMetadata\AppxBundleManifest.xml C:\Program Files\WindowsApps\Microsoft.DesktopAppInstaller_1.17.10271.0_x64__8wekyb3d8bbwe\AppxManifest.xml C:\Program Files\WindowsApps\Microsoft.DesktopAppInstaller_1.17.10271.0_neutral_split.scale-100_8wekyb3d8bbwe\AppxManifest.xml C:\Program Files\WindowsApps\Microsoft.DesktopAppInstaller_1.17.10271.0_neutral_split.scale-125_8wekyb3d8bbwe\AppxManifest.xml</Data>
</EventData>
</Event>

<Event xmlns="http://schemas.microsoft.com/win/2004/08/events/event"><System><Provider Name="Microsoft-Windows-AppXDeployment-Server" Guid="{3f471139-acb7-4a01-b7a7-ff5da4ba2d43}"></Provider>
<EventID Qualifiers="">8100</EventID>
<Version>0</Version>
<Level>5</Level>
<Task>49</Task>
<Opcode>0</Opcode>
<Keywords>0x4000000000000001</Keywords>
<TimeCreated SystemTime="2022-05-07 01:20:03.579643"></TimeCreated>
<EventRecordID>174</EventRecordID>
<Correlation ActivityID="{824d2842-61b0-0003-c531-4d82b061d801}" RelatedActivityID=""></Correlation>
<Execution ProcessID="3236" ThreadID="4736"></Execution>
<Channel>Microsoft-Windows-AppXDeploymentServer/Operational</Channel>
<Computer>WIN-GE1PLB8KFNS</Computer>
<Security UserID="S-1-5-18"></Security>
</System>
<EventData><Data Name="PackageFullName">Microsoft.DesktopAppInstaller_2022.127.2322.0_neutral_~_8wekyb3d8bbwe</Data>
<Data Name="Flags">0x00000620</Data>
</EventData>
</Event>

<Event xmlns="http://schemas.microsoft.com/win/2004/08/events/event"><System><Provider Name="Microsoft-Windows-AppXDeployment-Server" Guid="{3f471139-acb7-4a01-b7a7-ff5da4ba2d43}"></Provider>
<EventID Qualifiers="">8100</EventID>
<Version>0</Version>
<Level>5</Level>
<Task>49</Task>
<Opcode>0</Opcode>
<Keywords>0x4000000000000001</Keywords>
<TimeCreated SystemTime="2022-05-07 01:20:03.586012"></TimeCreated>
<EventRecordID>175</EventRecordID>
<Correlation ActivityID="{824d2842-61b0-0003-c531-4d82b061d801}" RelatedActivityID=""></Correlation>
<Execution ProcessID="3236" ThreadID="4736"></Execution>
<Channel>Microsoft-Windows-AppXDeploymentServer/Operational</Channel>
<Computer>WIN-GE1PLB8KFNS</Computer>
<Security UserID="S-1-5-18"></Security>
</System>
<EventData><Data Name="PackageFullName">Microsoft.DesktopAppInstaller_1.17.10271.0_x64__8wekyb3d8bbwe</Data>
<Data Name="Flags">0x00000620</Data>
</EventData>
</Event>

<Event xmlns="http://schemas.microsoft.com/win/2004/08/events/event"><System><Provider Name="Microsoft-Windows-AppXDeployment-Server" Guid="{3f471139-acb7-4a01-b7a7-ff5da4ba2d43}"></Provider>
<EventID Qualifiers="">8100</EventID>
<Version>0</Version>
<Level>5</Level>
<Task>49</Task>
<Opcode>0</Opcode>
<Keywords>0x4000000000000001</Keywords>
<TimeCreated SystemTime="2022-05-07 01:20:03.590155"></TimeCreated>
<EventRecordID>176</EventRecordID>
<Correlation ActivityID="{824d2842-61b0-0003-c531-4d82b061d801}" RelatedActivityID=""></Correlation>
<Execution ProcessID="3236" ThreadID="4736"></Execution>
<Channel>Microsoft-Windows-AppXDeploymentServer/Operational</Channel>
<Computer>WIN-GE1PLB8KFNS</Computer>
<Security UserID="S-1-5-18"></Security>
</System>
<EventData><Data Name="PackageFullName">Microsoft.DesktopAppInstaller_1.17.10271.0_neutral_split.scale-100_8wekyb3d8bbwe</Data>
<Data Name="Flags">0x00000620</Data>
</EventData>
</Event>

<Event xmlns="http://schemas.microsoft.com/win/2004/08/events/event"><System><Provider Name="Microsoft-Windows-AppXDeployment-Server" Guid="{3f471139-acb7-4a01-b7a7-ff5da4ba2d43}"></Provider>
<EventID Qualifiers="">8100</EventID>
<Version>0</Version>
<Level>5</Level>
<Task>49</Task>
<Opcode>0</Opcode>
<Keywords>0x4000000000000001</Keywords>
<TimeCreated SystemTime="2022-05-07 01:20:03.594143"></TimeCreated>
<EventRecordID>177</EventRecordID>
<Correlation ActivityID="{824d2842-61b0-0003-c531-4d82b061d801}" RelatedActivityID=""></Correlation>
<Execution ProcessID="3236" ThreadID="4736"></Execution>
<Channel>Microsoft-Windows-AppXDeploymentServer/Operational</Channel>
<Computer>WIN-GE1PLB8KFNS</Computer>
<Security UserID="S-1-5-18"></Security>
</System>
<EventData><Data Name="PackageFullName">Microsoft.DesktopAppInstaller_1.17.10271.0_neutral_split.scale-125_8wekyb3d8bbwe</Data>
<Data Name="Flags">0x00000620</Data>
</EventData>
</Event>

<Event xmlns="http://schemas.microsoft.com/win/2004/08/events/event"><System><Provider Name="Microsoft-Windows-AppXDeployment-Server" Guid="{3f471139-acb7-4a01-b7a7-ff5da4ba2d43}"></Provider>
<EventID Qualifiers="">8106</EventID>
<Version>0</Version>
<Level>5</Level>
<Task>49</Task>
<Opcode>0</Opcode>
<Keywords>0x4000000000000001</Keywords>
<TimeCreated SystemTime="2022-05-07 01:20:03.617216"></TimeCreated>
<EventRecordID>178</EventRecordID>
<Correlation ActivityID="{824d2842-61b0-0003-c531-4d82b061d801}" RelatedActivityID=""></Correlation>
<Execution ProcessID="3236" ThreadID="2828"></Execution>
<Channel>Microsoft-Windows-AppXDeploymentServer/Operational</Channel>
<Computer>WIN-GE1PLB8KFNS</Computer>
<Security UserID="S-1-5-18"></Security>
</System>
<EventData><Data Name="PackageFullName">Microsoft.DesktopAppInstaller_1.17.10271.0_neutral_split.scale-125_8wekyb3d8bbwe</Data>
<Data Name="Flags">0x00000620</Data>
</EventData>
</Event>

<Event xmlns="http://schemas.microsoft.com/win/2004/08/events/event"><System><Provider Name="Microsoft-Windows-AppXDeployment-Server" Guid="{3f471139-acb7-4a01-b7a7-ff5da4ba2d43}"></Provider>
<EventID Qualifiers="">8101</EventID>
<Version>0</Version>
<Level>5</Level>
<Task>49</Task>
<Opcode>0</Opcode>
<Keywords>0x4000000000000001</Keywords>
<TimeCreated SystemTime="2022-05-07 01:20:03.617237"></TimeCreated>
<EventRecordID>179</EventRecordID>
<Correlation ActivityID="{824d2842-61b0-0003-c531-4d82b061d801}" RelatedActivityID=""></Correlation>
<Execution ProcessID="3236" ThreadID="2828"></Execution>
<Channel>Microsoft-Windows-AppXDeploymentServer/Operational</Channel>
<Computer>WIN-GE1PLB8KFNS</Computer>
<Security UserID="S-1-5-18"></Security>
</System>
<EventData><Data Name="PackageFullName">Microsoft.DesktopAppInstaller_1.17.10271.0_neutral_split.scale-125_8wekyb3d8bbwe</Data>
<Data Name="Flags">0x00000620</Data>
</EventData>
</Event>

<Event xmlns="http://schemas.microsoft.com/win/2004/08/events/event"><System><Provider Name="Microsoft-Windows-AppXDeployment-Server" Guid="{3f471139-acb7-4a01-b7a7-ff5da4ba2d43}"></Provider>
<EventID Qualifiers="">8105</EventID>
<Version>0</Version>
<Level>5</Level>
<Task>49</Task>
<Opcode>0</Opcode>
<Keywords>0x4000000000000001</Keywords>
<TimeCreated SystemTime="2022-05-07 01:20:03.671923"></TimeCreated>
<EventRecordID>180</EventRecordID>
<Correlation ActivityID="{824d2842-61b0-0003-c531-4d82b061d801}" RelatedActivityID=""></Correlation>
<Execution ProcessID="3236" ThreadID="4600"></Execution>
<Channel>Microsoft-Windows-AppXDeploymentServer/Operational</Channel>
<Computer>WIN-GE1PLB8KFNS</Computer>
<Security UserID="S-1-5-18"></Security>
</System>
<EventData><Data Name="PackageFullName">Microsoft.DesktopAppInstaller_2022.127.2322.0_neutral_~_8wekyb3d8bbwe</Data>
<Data Name="NumberOfFiles">1</Data>
</EventData>
</Event>

<Event xmlns="http://schemas.microsoft.com/win/2004/08/events/event"><System><Provider Name="Microsoft-Windows-AppXDeployment-Server" Guid="{3f471139-acb7-4a01-b7a7-ff5da4ba2d43}"></Provider>
<EventID Qualifiers="">8101</EventID>
<Version>0</Version>
<Level>5</Level>
<Task>49</Task>
<Opcode>0</Opcode>
<Keywords>0x4000000000000001</Keywords>
<TimeCreated SystemTime="2022-05-07 01:20:03.671991"></TimeCreated>
<EventRecordID>181</EventRecordID>
<Correlation ActivityID="{824d2842-61b0-0003-c531-4d82b061d801}" RelatedActivityID=""></Correlation>
<Execution ProcessID="3236" ThreadID="4600"></Execution>
<Channel>Microsoft-Windows-AppXDeploymentServer/Operational</Channel>
<Computer>WIN-GE1PLB8KFNS</Computer>
<Security UserID="S-1-5-18"></Security>
</System>
<EventData><Data Name="PackageFullName">Microsoft.DesktopAppInstaller_2022.127.2322.0_neutral_~_8wekyb3d8bbwe</Data>
<Data Name="Flags">0x00000620</Data>
</EventData>
</Event>

<Event xmlns="http://schemas.microsoft.com/win/2004/08/events/event"><System><Provider Name="Microsoft-Windows-AppXDeployment-Server" Guid="{3f471139-acb7-4a01-b7a7-ff5da4ba2d43}"></Provider>
<EventID Qualifiers="">400</EventID>
<Version>0</Version>
<Level>4</Level>
<Task>3</Task>
<Opcode>2</Opcode>
<Keywords>0x4000000000000001</Keywords>
<TimeCreated SystemTime="2022-05-07 01:20:03.770222"></TimeCreated>
<EventRecordID>182</EventRecordID>
<Correlation ActivityID="{824d2842-61b0-0003-c531-4d82b061d801}" RelatedActivityID=""></Correlation>
<Execution ProcessID="3236" ThreadID="4736"></Execution>
<Channel>Microsoft-Windows-AppXDeploymentServer/Operational</Channel>
<Computer>WIN-GE1PLB8KFNS</Computer>
<Security UserID="S-1-5-18"></Security>
</System>
<EventData><Data Name="DeploymentOperation">12</Data>
<Data Name="PackageFullName">microsoft.desktopappinstaller_2022.127.2322.0_neutral_~_8wekyb3d8bbwe</Data>
<Data Name="Path"> </Data>
<Data Name="MountPoint">C:</Data>
<Data Name="TargetPlatform">0x00000000</Data>
<Data Name="SystemVolume">True</Data>
<Data Name="StorageId">\\?\Volume{bf27b24f-9e98-4395-9110-325985ded282}</Data>
<Data Name="IsCentennial">False</Data>
<Data Name="PackageType">0x00000008</Data>
<Data Name="IsPackageEncrypted">False</Data>
<Data Name="DeploymentOptions">0x0000000010020020</Data>
<Data Name="IsStreamingPackage">False</Data>
<Data Name="IsInRelatedSet">False</Data>
<Data Name="IsPackageUsingBDC">False</Data>
<Data Name="MainPackageFamilyName">NULL</Data>
<Data Name="CallingProcess"></Data>
<Data Name="IsOptional">False</Data>
<Data Name="PackageFlags">0x00000000</Data>
<Data Name="PackageFlags2">0x00000800</Data>
<Data Name="HasWin32alacarte">False</Data>
<Data Name="HasFullTrust">False</Data>
<Data Name="ExternalLocation"></Data>
<Data Name="PackageSourceUri"></Data>
<Data Name="PackageDisplayName"> </Data>
</EventData>
</Event>

<Event xmlns="http://schemas.microsoft.com/win/2004/08/events/event"><System><Provider Name="Microsoft-Windows-AppXDeployment-Server" Guid="{3f471139-acb7-4a01-b7a7-ff5da4ba2d43}"></Provider>
<EventID Qualifiers="">478</EventID>
<Version>0</Version>
<Level>5</Level>
<Task>3</Task>
<Opcode>0</Opcode>
<Keywords>0x4000000000000001</Keywords>
<TimeCreated SystemTime="2022-05-07 01:20:03.773325"></TimeCreated>
<EventRecordID>183</EventRecordID>
<Correlation ActivityID="{824d2842-61b0-0003-c531-4d82b061d801}" RelatedActivityID=""></Correlation>
<Execution ProcessID="3236" ThreadID="4736"></Execution>
<Channel>Microsoft-Windows-AppXDeploymentServer/Operational</Channel>
<Computer>WIN-GE1PLB8KFNS</Computer>
<Security UserID="S-1-5-18"></Security>
</System>
<EventData><Data Name="DeploymentOperation">12</Data>
<Data Name="PackageFullName">Microsoft.DesktopAppInstaller_1.17.10271.0_x64__8wekyb3d8bbwe</Data>
<Data Name="Path"> </Data>
<Data Name="MountPoint">C:</Data>
<Data Name="TargetPlatform">0x00000000</Data>
<Data Name="SystemVolume">True</Data>
<Data Name="StorageId">\\?\Volume{bf27b24f-9e98-4395-9110-325985ded282}</Data>
<Data Name="IsCentennial">True</Data>
<Data Name="PackageType">0x00000001</Data>
<Data Name="IsPackageEncrypted">False</Data>
<Data Name="DeploymentOptions">0x0000000010020020</Data>
<Data Name="IsStreamingPackage">False</Data>
<Data Name="IsInRelatedSet">False</Data>
<Data Name="IsPackageUsingBDC">False</Data>
<Data Name="MainPackageFamilyName">NULL</Data>
<Data Name="CallingProcess"></Data>
<Data Name="IsOptional">False</Data>
<Data Name="PackageFlags">0x0080004c</Data>
<Data Name="PackageFlags2">0x00000800</Data>
<Data Name="HasWin32alacarte">False</Data>
<Data Name="HasFullTrust">True</Data>
<Data Name="ExternalLocation"></Data>
<Data Name="PackageSourceUri"></Data>
<Data Name="PackageDisplayName">ms-resource:appDisplayName</Data>
</EventData>
</Event>

<Event xmlns="http://schemas.microsoft.com/win/2004/08/events/event"><System><Provider Name="Microsoft-Windows-AppXDeployment-Server" Guid="{3f471139-acb7-4a01-b7a7-ff5da4ba2d43}"></Provider>
<EventID Qualifiers="">8105</EventID>
<Version>0</Version>
<Level>5</Level>
<Task>49</Task>
<Opcode>0</Opcode>
<Keywords>0x4000000000000001</Keywords>
<TimeCreated SystemTime="2022-05-07 01:20:03.824135"></TimeCreated>
<EventRecordID>184</EventRecordID>
<Correlation ActivityID="{824d2842-61b0-0003-c531-4d82b061d801}" RelatedActivityID=""></Correlation>
<Execution ProcessID="3236" ThreadID="748"></Execution>
<Channel>Microsoft-Windows-AppXDeploymentServer/Operational</Channel>
<Computer>WIN-GE1PLB8KFNS</Computer>
<Security UserID="S-1-5-18"></Security>
</System>
<EventData><Data Name="PackageFullName">Microsoft.DesktopAppInstaller_1.17.10271.0_neutral_split.scale-100_8wekyb3d8bbwe</Data>
<Data Name="NumberOfFiles">18</Data>
</EventData>
</Event>

<Event xmlns="http://schemas.microsoft.com/win/2004/08/events/event"><System><Provider Name="Microsoft-Windows-AppXDeployment-Server" Guid="{3f471139-acb7-4a01-b7a7-ff5da4ba2d43}"></Provider>
<EventID Qualifiers="">8101</EventID>
<Version>0</Version>
<Level>5</Level>
<Task>49</Task>
<Opcode>0</Opcode>
<Keywords>0x4000000000000001</Keywords>
<TimeCreated SystemTime="2022-05-07 01:20:03.824320"></TimeCreated>
<EventRecordID>185</EventRecordID>
<Correlation ActivityID="{824d2842-61b0-0003-c531-4d82b061d801}" RelatedActivityID=""></Correlation>
<Execution ProcessID="3236" ThreadID="748"></Execution>
<Channel>Microsoft-Windows-AppXDeploymentServer/Operational</Channel>
<Computer>WIN-GE1PLB8KFNS</Computer>
<Security UserID="S-1-5-18"></Security>
</System>
<EventData><Data Name="PackageFullName">Microsoft.DesktopAppInstaller_1.17.10271.0_neutral_split.scale-100_8wekyb3d8bbwe</Data>
<Data Name="Flags">0x00000620</Data>
</EventData>
</Event>

<Event xmlns="http://schemas.microsoft.com/win/2004/08/events/event"><System><Provider Name="Microsoft-Windows-AppXDeployment-Server" Guid="{3f471139-acb7-4a01-b7a7-ff5da4ba2d43}"></Provider>
<EventID Qualifiers="">635</EventID>
<Version>0</Version>
<Level>4</Level>
<Task>3</Task>
<Opcode>0</Opcode>
<Keywords>0x4000000000000001</Keywords>
<TimeCreated SystemTime="2022-05-07 01:20:03.850731"></TimeCreated>
<EventRecordID>186</EventRecordID>
<Correlation ActivityID="{824d2842-61b0-0003-c531-4d82b061d801}" RelatedActivityID=""></Correlation>
<Execution ProcessID="3236" ThreadID="3268"></Execution>
<Channel>Microsoft-Windows-AppXDeploymentServer/Operational</Channel>
<Computer>WIN-GE1PLB8KFNS</Computer>
<Security UserID="S-1-5-18"></Security>
</System>
<EventData><Data Name="PackageFullName">microsoft.desktopappinstaller_2022.127.2322.0_neutral_~_8wekyb3d8bbwe</Data>
<Data Name="Flags">1</Data>
<Data Name="HResult">0x00000000</Data>
</EventData>
</Event>

<Event xmlns="http://schemas.microsoft.com/win/2004/08/events/event"><System><Provider Name="Microsoft-Windows-AppXDeployment-Server" Guid="{3f471139-acb7-4a01-b7a7-ff5da4ba2d43}"></Provider>
<EventID Qualifiers="">633</EventID>
<Version>0</Version>
<Level>4</Level>
<Task>3</Task>
<Opcode>0</Opcode>
<Keywords>0x4000000000000001</Keywords>
<TimeCreated SystemTime="2022-05-07 01:20:03.851189"></TimeCreated>
<EventRecordID>187</EventRecordID>
<Correlation ActivityID="{824d2842-61b0-0003-da31-4d82b061d801}" RelatedActivityID=""></Correlation>
<Execution ProcessID="3236" ThreadID="3268"></Execution>
<Channel>Microsoft-Windows-AppXDeploymentServer/Operational</Channel>
<Computer>WIN-GE1PLB8KFNS</Computer>
<Security UserID="S-1-5-18"></Security>
</System>
<EventData><Data Name="PackageFullName">microsoft.gamingapp_2021.427.138.0_neutral_~_8wekyb3d8bbwe</Data>
<Data Name="IsInstalled">False</Data>
</EventData>
</Event>

<Event xmlns="http://schemas.microsoft.com/win/2004/08/events/event"><System><Provider Name="Microsoft-Windows-AppXDeployment-Server" Guid="{3f471139-acb7-4a01-b7a7-ff5da4ba2d43}"></Provider>
<EventID Qualifiers="">607</EventID>
<Version>0</Version>
<Level>4</Level>
<Task>0</Task>
<Opcode>0</Opcode>
<Keywords>0x4000000000000001</Keywords>
<TimeCreated SystemTime="2022-05-07 01:20:03.851583"></TimeCreated>
<EventRecordID>188</EventRecordID>
<Correlation ActivityID="{824d2842-61b0-0003-da31-4d82b061d801}" RelatedActivityID=""></Correlation>
<Execution ProcessID="3236" ThreadID="4736"></Execution>
<Channel>Microsoft-Windows-AppXDeploymentServer/Operational</Channel>
<Computer>WIN-GE1PLB8KFNS</Computer>
<Security UserID="S-1-5-18"></Security>
</System>
<EventData><Data Name="DeploymentOperation">12</Data>
<Data Name="PackageFullName">microsoft.gamingapp_2021.427.138.0_neutral_~_8wekyb3d8bbwe</Data>
<Data Name="UserSid">S-1-5-18</Data>
<Data Name="CallingProcess">NULL</Data>
</EventData>
</Event>

<Event xmlns="http://schemas.microsoft.com/win/2004/08/events/event"><System><Provider Name="Microsoft-Windows-AppXDeployment-Server" Guid="{3f471139-acb7-4a01-b7a7-ff5da4ba2d43}"></Provider>
<EventID Qualifiers="">614</EventID>
<Version>0</Version>
<Level>5</Level>
<Task>3</Task>
<Opcode>0</Opcode>
<Keywords>0x4000000000000001</Keywords>
<TimeCreated SystemTime="2022-05-07 01:20:03.916157"></TimeCreated>
<EventRecordID>189</EventRecordID>
<Correlation ActivityID="{824d2842-61b0-0003-da31-4d82b061d801}" RelatedActivityID=""></Correlation>
<Execution ProcessID="3236" ThreadID="4736"></Execution>
<Channel>Microsoft-Windows-AppXDeploymentServer/Operational</Channel>
<Computer>WIN-GE1PLB8KFNS</Computer>
<Security UserID="S-1-5-18"></Security>
</System>
<EventData><Data Name="PathOne">C:\Program Files\WindowsApps\microsoft.gamingapp_2021.427.138.0_neutral_~_8wekyb3d8bbwe\AppxMetadata\AppxBundleManifest.xml</Data>
<Data Name="PathTwo">"AppxMetadata\Stub\XboxStub_2105.900.24.0_language-ar.msix": Microsoft.GamingApp_2105.900.24.0_neutral_split.language-ar_8wekyb3d8bbwe "AppxMetadata\Stub\XboxStub_2105.900.24.0_language-cs.msix": Microsoft.GamingApp_2105.900.24.0_neutral_split.language-cs_8wekyb3d8bbwe "AppxMetadata\Stub\XboxStub_2105.900.24.0_language-da.msix": Microsoft.GamingApp_2105.900.24.0_neutral_split.language-da_8wekyb3d8bbwe "AppxMetadata\Stub\XboxStub_2105.900.24.0_language-de.msix": Microsoft.GamingApp_2105.900.24.0_neutral_split.language-de_8wekyb3d8bbwe "AppxMetadata\Stub\XboxStub_2105.900.24.0_language-el.msix": Microsoft.GamingApp_2105.900.24.0_neutral_split.language-el_8wekyb3d8bbwe "AppxMetadata\Stub\XboxStub_2105.900.24.0_language-es.msix": Microsoft.GamingApp_2105.900.24.0_neutral_split.language-es_8wekyb3d8bbwe "AppxMetadata\Stub\XboxStub_2105.900.24.0_language-fr.msix": Microsoft.GamingApp_2105.900.24.0_neutral_split.language-fr_8wekyb3d8bbwe "AppxMetadata\Stub\XboxStub_2105.900.24.0_language-he.msix": Microsoft.GamingApp_2105.900.24.0_neutral_split.language-he_8wekyb3d8bbwe "AppxMetadata\Stub\XboxStub_2105.900.24.0_language-it.msix": Microsoft.GamingApp_2105.900.24.0_neutral_split.language-it_8wekyb3d8bbwe "AppxMetadata\Stub\XboxStub_2105.900.24.0_language-ja.msix": Microsoft.GamingApp_2105.900.24.0_neutral_split.language-ja_8wekyb3d8bbwe "AppxMetadata\Stub\XboxStub_2105.900.24.0_language-ko.msix": Microsoft.GamingApp_2105.900.24.0_neutral_split.language-ko_8wekyb3d8bbwe "AppxMetadata\Stub\XboxStub_2105.900.24.0_language-nb.msix": Microsoft.GamingApp_2105.900.24.0_neutral_split.language-nb_8wekyb3d8bbwe "AppxMetadata\Stub\XboxStub_2105.900.24.0_language-nl.msix": Microsoft.GamingApp_2105.900.24.0_neutral_split.language-nl_8wekyb3d8bbwe "AppxMetadata\Stub\XboxStub_2105.900.24.0_language-pl.msix": Microsoft.GamingApp_2105.900.24.0_neutral_split.language-pl_8wekyb3d8bbwe "AppxMetadata\Stub\XboxStub_2105.900.24.0_language-pt.msix": Microsoft.GamingApp_2105.900.24.0_neutral_split.language-pt_8wekyb3d8bbwe "AppxMetadata\Stub\XboxStub_2105.900.24.0_language-ru.msix": Microsoft.GamingApp_2105.900.24.0_neutral_split.language-ru_8wekyb3d8bbwe "AppxMetadata\Stub\XboxStub_2105.900.24.0_language-sk.msix": Microsoft.GamingApp_2105.900.24.0_neutral_split.language-sk_8wekyb3d8bbwe "AppxMetadata\Stub\XboxStub_2105.900.24.0_language-sv.msix": Microsoft.GamingApp_2105.900.24.0_neutral_split.language-sv_8wekyb3d8bbwe "AppxMetadata\Stub\XboxStub_2105.900.24.0_language-tr.msix": Microsoft.GamingApp_2105.900.24.0_neutral_split.language-tr_8wekyb3d8bbwe "AppxMetadata\Stub\XboxStub_2105.900.24.0_language-zh-hant.msix": Microsoft.GamingApp_2105.900.24.0_neutral_split.language-zh-hant_8wekyb3d8bbwe "AppxMetadata\Stub\XboxStub_2105.900.24.0_scale-100.msix": Microsoft.GamingApp_2105.900.24.0_neutral_split.scale-100_8wekyb3d8bbwe "AppxMetadata\Stub\XboxStub_2105.900.24.0_scale-125.msix": Microsoft.GamingApp_2105.900.24.0_neutral_split.scale-125_8wekyb3d8bbwe "AppxMetadata\Stub\XboxStub_2105.900.24.0_scale-150.msix": Microsoft.GamingApp_2105.900.24.0_neutral_split.scale-150_8wekyb3d8bbwe "AppxMetadata\Stub\XboxStub_2105.900.24.0_scale-250.msix": Microsoft.GamingApp_2105.900.24.0_neutral_split.scale-250_8wekyb3d8bbwe "AppxMetadata\Stub\XboxStub_2105.900.24.0_scale-300.msix": Microsoft.GamingApp_2105.900.24.0_neutral_split.scale-300_8wekyb3d8bbwe "AppxMetadata\Stub\XboxStub_2105.900.24.0_scale-400.msix": Microsoft.GamingApp_2105.900.24.0_neutral_split.scale-400_8wekyb3d8bbwe "AppxMetadata\Stub\XboxStub_2105.900.24.0_x64.msix": Microsoft.GamingApp_2105.900.24.0_x64__8wekyb3d8bbwe "XboxPcApp_2105.1000.24.0_x64.msix": Microsoft.GamingApp_2105.1000.24.0_x64__8wekyb3d8bbwe "XboxPcApp_2105.1000.24.0_language-af.msix": Microsoft.GamingApp_2105.1000.24.0_neutral_split.language-af_8wekyb3d8bbwe "XboxPcApp_2105.1000.24.0_language-ar.msix": Microsoft.GamingApp_2105.1000.24.0_neutral_split.language-ar_8wekyb3d8bbwe "XboxPcApp_2105.1000.24.0_language-az-latn.msix": Microsoft.GamingApp_2105.1000.24.0_neutral_split.language-az-latn_8wekyb3d8bbwe "XboxPcApp_2105.1000.24.0_language-bg.msix": Microsoft.GamingApp_2105.1000.24.0_neutral_split.language-bg_8wekyb3d8bbwe "XboxPcApp_2105.1000.24.0_language-bs.msix": Microsoft.GamingApp_2105.1000.24.0_neutral_split.language-bs_8wekyb3d8bbwe "XboxPcApp_2105.1000.24.0_language-ca.msix": Microsoft.GamingApp_2105.1000.24.0_neutral_split.language-ca_8wekyb3d8bbwe "XboxPcApp_2105.1000.24.0_language-cs.msix": Microsoft.GamingApp_2105.1000.24.0_neutral_split.language-cs_8wekyb3d8bbwe "XboxPcApp_2105.1000.24.0_language-cy.msix": Microsoft.GamingApp_2105.1000.24.0_neutral_split.language-cy_8wekyb3d8bbwe "XboxPcApp_2105.1000.24.0_language-da.msix": Microsoft.GamingApp_2105.1000.24.0_neutral_split.language-da_8wekyb3d8bbwe "XboxPcApp_2105.1000.24.0_language-de.msix": Microsoft.GamingApp_2105.1000.24.0_neutral_split.language-de_8wekyb3d8bbwe "XboxPcApp_2105.1000.24.0_language-el.msix": Microsoft.GamingApp_2105.1000.24.0_neutral_split.language-el_8wekyb3d8bbwe "XboxPcApp_2105.1000.24.0_language-es.msix": Microsoft.GamingApp_2105.1000.24.0_neutral_split.language-es_8wekyb3d8bbwe "XboxPcApp_2105.1000.24.0_language-et.msix": Microsoft.GamingApp_2105.1000.24.0_neutral_split.language-et_8wekyb3d8bbwe "XboxPcApp_2105.1000.24.0_language-eu.msix": Microsoft.GamingApp_2105.1000.24.0_neutral_split.language-eu_8wekyb3d8bbwe "XboxPcApp_2105.1000.24.0_language-fa.msix": Microsoft.GamingApp_2105.1000.24.0_neutral_split.language-fa_8wekyb3d8bbwe "XboxPcApp_2105.1000.24.0_language-fi.msix": Microsoft.GamingApp_2105.1000.24.0_neutral_split.language-fi_8wekyb3d8bbwe "XboxPcApp_2105.1000.24.0_language-fr.msix": Microsoft.GamingApp_2105.1000.24.0_neutral_split.language-fr_8wekyb3d8bbwe "XboxPcApp_2105.1000.24.0_language-gl.msix": Microsoft.GamingApp_2105.1000.24.0_neutral_split.language-gl_8wekyb3d8bbwe "XboxPcApp_2105.1000.24.0_language-he.msix": Microsoft.GamingApp_2105.1000.24.0_neutral_split.language-he_8wekyb3d8bbwe "XboxPcApp_2105.1000.24.0_language-hi.msix": Microsoft.GamingApp_2105.1000.24.0_neutral_split.language-hi_8wekyb3d8bbwe "XboxPcApp_2105.1000.24.0_language-hr.msix": Microsoft.GamingApp_2105.1000.24.0_neutral_split.language-hr_8wekyb3d8bbwe "XboxPcApp_2105.1000.24.0_language-hu.msix": Microsoft.GamingApp_2105.1000.24.0_neutral_split.language-hu_8wekyb3d8bbwe "XboxPcApp_2105.1000.24.0_language-id.msix": Microsoft.GamingApp_2105.1000.24.0_neutral_split.language-id_8wekyb3d8bbwe "XboxPcApp_2105.1000.24.0_language-is.msix": Microsoft.GamingApp_2105.1000.24.0_neutral_split.language-is_8wekyb3d8bbwe "XboxPcApp_2105.1000.24.0_language-it.msix": Microsoft.GamingApp_2105.1000.24.0_neutral_split.language-it_8wekyb3d8bbwe "XboxPcApp_2105.1000.24.0_language-ja.msix": Microsoft.GamingApp_2105.1000.24.0_neutral_split.language-ja_8wekyb3d8bbwe "XboxPcApp_2105.1000.24.0_language-ka.msix": Microsoft.GamingApp_2105.1000.24.0_neutral_split.language-ka_8wekyb3d8bbwe "XboxPcApp_2105.1000.24.0_language-kk.msix": Microsoft.GamingApp_2105.1000.24.0_neutral_split.language-kk_8wekyb3d8bbwe "XboxPcApp_2105.1000.24.0_language-ko.msix": Microsoft.GamingApp_2105.1000.24.0_neutral_split.language-ko_8wekyb3d8bbwe "XboxPcApp_2105.1000.24.0_language-lt.msix": Microsoft.GamingApp_2105.1000.24.0_neutral_split.language-lt_8wekyb3d8bbwe "XboxPcApp_2105.1000.24.0_language-lv.msix": Microsoft.GamingApp_2105.1000.24.0_neutral_split.language-lv_8wekyb3d8bbwe "XboxPcApp_2105.1000.24.0_language-ms.msix": Microsoft.GamingApp_2105.1000.24.0_neutral_split.language-ms_8wekyb3d8bbwe "XboxPcApp_2105.1000.24.0_language-nb.msix": Microsoft.GamingApp_2105.1000.24.0_neutral_split.language-nb_8wekyb3d8bbwe "XboxPcApp_2105.1000.24.0_language-nl.msix": Microsoft.GamingApp_2105.1000.24.0_neutral_split.language-nl_8wekyb3d8bbwe "XboxPcApp_2105.1000.24.0_language-nn.msix": Microsoft.GamingApp_2105.1000.24.0_neutral_split.language-nn_8wekyb3d8bbwe "XboxPcApp_2105.1000.24.0_language-pl.msix": Microsoft.GamingApp_2105.1000.24.0_neutral_split.language-pl_8wekyb3d8bbwe "XboxPcApp_2105.1000.24.0_language-pt.msix": Microsoft.GamingApp_2105.1000.24.0_neutral_split.language-pt_8wekyb3d8bbwe "XboxPcApp_2105.1000.24.0_language-ro.msix": Microsoft.GamingApp_2105.1000.24.0_neutral_split.language-ro_8wekyb3d8bbwe "XboxPcApp_2105.1000.24.0_language-ru.msix": Microsoft.GamingApp_2105.1000.24.0_neutral_split.language-ru_8wekyb3d8bbwe "XboxPcApp_2105.1000.24.0_language-sk.msix": Microsoft.GamingApp_2105.1000.24.0_neutral_split.language-sk_8wekyb3d8bbwe "XboxPcApp_2105.1000.24.0_language-sl.msix": Microsoft.GamingApp_2105.1000.24.0_neutral_split.language-sl_8wekyb3d8bbwe "XboxPcApp_2105.1000.24.0_language-sq.msix": Microsoft.GamingApp_2105.1000.24.0_neutral_split.language-sq_8wekyb3d8bbwe "XboxPcApp_2105.1000.24.0_language-sr-cyrl.msix": Microsoft.GamingApp_2105.1000.24.0_neutral_split.language-sr-cyrl_8wekyb3d8bbwe "XboxPcApp_2105.1000.24.0_language-sr-latn.msix": Microsoft.GamingApp_2105.1000.24.0_neutral_split.language-sr-latn_8wekyb3d8bbwe "XboxPcApp_2105.1000.24.0_language-sv.msix": Microsoft.GamingApp_2105.1000.24.0_neutral_split.language-sv_8wekyb3d8bbwe "XboxPcApp_2105.1000.24.0_language-th.msix": Microsoft.GamingApp_2105.1000.24.0_neutral_split.language-th_8wekyb3d8bbwe "XboxPcApp_2105.1000.24.0_language-tr.msix": Microsoft.GamingApp_2105.1000.24.0_neutral_split.language-tr_8wekyb3d8bbwe "XboxPcApp_2105.1000.24.0_language-uk.msix": Microsoft.GamingApp_2105.1000.24.0_neutral_split.language-uk_8wekyb3d8bbwe "XboxPcApp_2105.1000.24.0_language-vi.msix": Microsoft.GamingApp_2105.1000.24.0_neutral_split.language-vi_8wekyb3d8bbwe "XboxPcApp_2105.1000.24.0_language-zh-hans.msix": Microsoft.GamingApp_2105.1000.24.0_neutral_split.language-zh-hans_8wekyb3d8bbwe "XboxPcApp_2105.1000.24.0_language-zh-hant.msix": Microsoft.GamingApp_2105.1000.24.0_neutral_split.language-zh-hant_8wekyb3d8bbwe "XboxPcApp_2105.1000.24.0_scale-100.msix": Microsoft.GamingApp_2105.1000.24.0_neutral_split.scale-100_8wekyb3d8bbwe "XboxPcApp_2105.1000.24.0_scale-125.msix": Microsoft.GamingApp_2105.1000.24.0_neutral_split.scale-125_8wekyb3d8bbwe "XboxPcApp_2105.1000.24.0_scale-150.msix": Microsoft.GamingApp_2105.1000.24.0_neutral_split.scale-150_8wekyb3d8bbwe "XboxPcApp_2105.1000.24.0_scale-400.msix": Microsoft.GamingApp_2105.1000.24.0_neutral_split.scale-400_8wekyb3d8bbwe</Data>
</EventData>
</Event>

