<Event xmlns="http://schemas.microsoft.com/win/2004/08/events/event"><System><Provider Name="Microsoft-Windows-AppXDeployment-Server" Guid="{3f471139-acb7-4a01-b7a7-ff5da4ba2d43}"></Provider>
<EventID Qualifiers="">400</EventID>
<Version>0</Version>
<Level>4</Level>
<Task>3</Task>
<Opcode>2</Opcode>
<Keywords>0x4000000000000001</Keywords>
<TimeCreated SystemTime="2022-05-07 01:20:11.886734"></TimeCreated>
<EventRecordID>446</EventRecordID>
<Correlation ActivityID="{824d2842-61b0-0001-a52c-4d82b061d801}" RelatedActivityID=""></Correlation>
<Execution ProcessID="3236" ThreadID="4736"></Execution>
<Channel>Microsoft-Windows-AppXDeploymentServer/Operational</Channel>
<Computer>WIN-GE1PLB8KFNS</Computer>
<Security UserID="S-1-5-18"></Security>
</System>
<EventData><Data Name="DeploymentOperation">12</Data>
<Data Name="PackageFullName">microsoft.windowscalculator_2020.2012.21.0_neutral_~_8wekyb3d8bbwe</Data>
<Data Name="Path"> </Data>
<Data Name="MountPoint">C:</Data>
<Data Name="TargetPlatform">0x00000000</Data>
<Data Name="SystemVolume">True</Data>
<Data Name="StorageId">\\?\Volume{bf27b24f-9e98-4395-9110-325985ded282}</Data>
<Data Name="IsCentennial">False</Data>
<Data Name="PackageType">0x00000008</Data>
<Data Name="IsPackageEncrypted">False</Data>
<Data Name="DeploymentOptions">0x0000000010020020</Data>
<Data Name="IsStreamingPackage">False</Data>
<Data Name="IsInRelatedSet">False</Data>
<Data Name="IsPackageUsingBDC">False</Data>
<Data Name="MainPackageFamilyName">NULL</Data>
<Data Name="CallingProcess"></Data>
<Data Name="IsOptional">False</Data>
<Data Name="PackageFlags">0x00000000</Data>
<Data Name="PackageFlags2">0x00000800</Data>
<Data Name="HasWin32alacarte">False</Data>
<Data Name="HasFullTrust">False</Data>
<Data Name="ExternalLocation"></Data>
<Data Name="PackageSourceUri"></Data>
<Data Name="PackageDisplayName"> </Data>
</EventData>
</Event>

<Event xmlns="http://schemas.microsoft.com/win/2004/08/events/event"><System><Provider Name="Microsoft-Windows-AppXDeployment-Server" Guid="{3f471139-acb7-4a01-b7a7-ff5da4ba2d43}"></Provider>
<EventID Qualifiers="">478</EventID>
<Version>0</Version>
<Level>5</Level>
<Task>3</Task>
<Opcode>0</Opcode>
<Keywords>0x4000000000000001</Keywords>
<TimeCreated SystemTime="2022-05-07 01:20:11.889902"></TimeCreated>
<EventRecordID>447</EventRecordID>
<Correlation ActivityID="{824d2842-61b0-0001-a52c-4d82b061d801}" RelatedActivityID=""></Correlation>
<Execution ProcessID="3236" ThreadID="4736"></Execution>
<Channel>Microsoft-Windows-AppXDeploymentServer/Operational</Channel>
<Computer>WIN-GE1PLB8KFNS</Computer>
<Security UserID="S-1-5-18"></Security>
</System>
<EventData><Data Name="DeploymentOperation">12</Data>
<Data Name="PackageFullName">Microsoft.WindowsCalculator_10.2012.21.0_x64__8wekyb3d8bbwe</Data>
<Data Name="Path"> </Data>
<Data Name="MountPoint">C:</Data>
<Data Name="TargetPlatform">0x00000000</Data>
<Data Name="SystemVolume">True</Data>
<Data Name="StorageId">\\?\Volume{bf27b24f-9e98-4395-9110-325985ded282}</Data>
<Data Name="IsCentennial">False</Data>
<Data Name="PackageType">0x00000001</Data>
<Data Name="IsPackageEncrypted">False</Data>
<Data Name="DeploymentOptions">0x0000000010020020</Data>
<Data Name="IsStreamingPackage">False</Data>
<Data Name="IsInRelatedSet">False</Data>
<Data Name="IsPackageUsingBDC">False</Data>
<Data Name="MainPackageFamilyName">NULL</Data>
<Data Name="CallingProcess"></Data>
<Data Name="IsOptional">False</Data>
<Data Name="PackageFlags">0x00000008</Data>
<Data Name="PackageFlags2">0x00000800</Data>
<Data Name="HasWin32alacarte">False</Data>
<Data Name="HasFullTrust">False</Data>
<Data Name="ExternalLocation"></Data>
<Data Name="PackageSourceUri"></Data>
<Data Name="PackageDisplayName">ms-resource:AppStoreName</Data>
</EventData>
</Event>

<Event xmlns="http://schemas.microsoft.com/win/2004/08/events/event"><System><Provider Name="Microsoft-Windows-AppXDeployment-Server" Guid="{3f471139-acb7-4a01-b7a7-ff5da4ba2d43}"></Provider>
<EventID Qualifiers="">635</EventID>
<Version>0</Version>
<Level>4</Level>
<Task>3</Task>
<Opcode>0</Opcode>
<Keywords>0x4000000000000001</Keywords>
<TimeCreated SystemTime="2022-05-07 01:20:11.926760"></TimeCreated>
<EventRecordID>448</EventRecordID>
<Correlation ActivityID="{824d2842-61b0-0001-a52c-4d82b061d801}" RelatedActivityID=""></Correlation>
<Execution ProcessID="3236" ThreadID="3268"></Execution>
<Channel>Microsoft-Windows-AppXDeploymentServer/Operational</Channel>
<Computer>WIN-GE1PLB8KFNS</Computer>
<Security UserID="S-1-5-18"></Security>
</System>
<EventData><Data Name="PackageFullName">microsoft.windowscalculator_2020.2012.21.0_neutral_~_8wekyb3d8bbwe</Data>
<Data Name="Flags">1</Data>
<Data Name="HResult">0x00000000</Data>
</EventData>
</Event>

<Event xmlns="http://schemas.microsoft.com/win/2004/08/events/event"><System><Provider Name="Microsoft-Windows-AppXDeployment-Server" Guid="{3f471139-acb7-4a01-b7a7-ff5da4ba2d43}"></Provider>
<EventID Qualifiers="">633</EventID>
<Version>0</Version>
<Level>4</Level>
<Task>3</Task>
<Opcode>0</Opcode>
<Keywords>0x4000000000000001</Keywords>
<TimeCreated SystemTime="2022-05-07 01:20:11.927248"></TimeCreated>
<EventRecordID>449</EventRecordID>
<Correlation ActivityID="{824d2842-61b0-0000-742c-4d82b061d801}" RelatedActivityID=""></Correlation>
<Execution ProcessID="3236" ThreadID="3268"></Execution>
<Channel>Microsoft-Windows-AppXDeploymentServer/Operational</Channel>
<Computer>WIN-GE1PLB8KFNS</Computer>
<Security UserID="S-1-5-18"></Security>
</System>
<EventData><Data Name="PackageFullName">microsoft.windowscamera_2022.2203.5.0_neutral_~_8wekyb3d8bbwe</Data>
<Data Name="IsInstalled">False</Data>
</EventData>
</Event>

<Event xmlns="http://schemas.microsoft.com/win/2004/08/events/event"><System><Provider Name="Microsoft-Windows-AppXDeployment-Server" Guid="{3f471139-acb7-4a01-b7a7-ff5da4ba2d43}"></Provider>
<EventID Qualifiers="">607</EventID>
<Version>0</Version>
<Level>4</Level>
<Task>0</Task>
<Opcode>0</Opcode>
<Keywords>0x4000000000000001</Keywords>
<TimeCreated SystemTime="2022-05-07 01:20:11.928148"></TimeCreated>
<EventRecordID>450</EventRecordID>
<Correlation ActivityID="{824d2842-61b0-0000-742c-4d82b061d801}" RelatedActivityID=""></Correlation>
<Execution ProcessID="3236" ThreadID="4736"></Execution>
<Channel>Microsoft-Windows-AppXDeploymentServer/Operational</Channel>
<Computer>WIN-GE1PLB8KFNS</Computer>
<Security UserID="S-1-5-18"></Security>
</System>
<EventData><Data Name="DeploymentOperation">12</Data>
<Data Name="PackageFullName">microsoft.windowscamera_2022.2203.5.0_neutral_~_8wekyb3d8bbwe</Data>
<Data Name="UserSid">S-1-5-18</Data>
<Data Name="CallingProcess">NULL</Data>
</EventData>
</Event>

<Event xmlns="http://schemas.microsoft.com/win/2004/08/events/event"><System><Provider Name="Microsoft-Windows-AppXDeployment-Server" Guid="{3f471139-acb7-4a01-b7a7-ff5da4ba2d43}"></Provider>
<EventID Qualifiers="">614</EventID>
<Version>0</Version>
<Level>5</Level>
<Task>3</Task>
<Opcode>0</Opcode>
<Keywords>0x4000000000000001</Keywords>
<TimeCreated SystemTime="2022-05-07 01:20:11.970800"></TimeCreated>
<EventRecordID>451</EventRecordID>
<Correlation ActivityID="{824d2842-61b0-0000-742c-4d82b061d801}" RelatedActivityID=""></Correlation>
<Execution ProcessID="3236" ThreadID="4736"></Execution>
<Channel>Microsoft-Windows-AppXDeploymentServer/Operational</Channel>
<Computer>WIN-GE1PLB8KFNS</Computer>
<Security UserID="S-1-5-18"></Security>
</System>
<EventData><Data Name="PathOne">C:\Program Files\WindowsApps\microsoft.windowscamera_2022.2203.5.0_neutral_~_8wekyb3d8bbwe\AppxMetadata\AppxBundleManifest.xml</Data>
<Data Name="PathTwo">"CameraApp_2022.2203.5.0_ARM.msix": Microsoft.WindowsCamera_2022.2203.5.0_arm__8wekyb3d8bbwe "CameraApp_2022.2203.5.0_x64.msix": Microsoft.WindowsCamera_2022.2203.5.0_x64__8wekyb3d8bbwe "CameraApp_2022.2203.5.0_x86.msix": Microsoft.WindowsCamera_2022.2203.5.0_x86__8wekyb3d8bbwe "CameraApp_2022.2203.5.0_language-am.msix": Microsoft.WindowsCamera_2022.2203.5.0_neutral_split.language-am_8wekyb3d8bbwe "CameraApp_2022.2203.5.0_language-af.msix": Microsoft.WindowsCamera_2022.2203.5.0_neutral_split.language-af_8wekyb3d8bbwe "CameraApp_2022.2203.5.0_language-ca.msix": Microsoft.WindowsCamera_2022.2203.5.0_neutral_split.language-ca_8wekyb3d8bbwe "CameraApp_2022.2203.5.0_language-da.msix": Microsoft.WindowsCamera_2022.2203.5.0_neutral_split.language-da_8wekyb3d8bbwe "CameraApp_2022.2203.5.0_language-ar.msix": Microsoft.WindowsCamera_2022.2203.5.0_neutral_split.language-ar_8wekyb3d8bbwe "CameraApp_2022.2203.5.0_language-cs.msix": Microsoft.WindowsCamera_2022.2203.5.0_neutral_split.language-cs_8wekyb3d8bbwe "CameraApp_2022.2203.5.0_language-az-latn.msix": Microsoft.WindowsCamera_2022.2203.5.0_neutral_split.language-az-latn_8wekyb3d8bbwe "CameraApp_2022.2203.5.0_language-de.msix": Microsoft.WindowsCamera_2022.2203.5.0_neutral_split.language-de_8wekyb3d8bbwe "CameraApp_2022.2203.5.0_language-el.msix": Microsoft.WindowsCamera_2022.2203.5.0_neutral_split.language-el_8wekyb3d8bbwe "CameraApp_2022.2203.5.0_language-bg.msix": Microsoft.WindowsCamera_2022.2203.5.0_neutral_split.language-bg_8wekyb3d8bbwe "CameraApp_2022.2203.5.0_language-es.msix": Microsoft.WindowsCamera_2022.2203.5.0_neutral_split.language-es_8wekyb3d8bbwe "CameraApp_2022.2203.5.0_language-eu.msix": Microsoft.WindowsCamera_2022.2203.5.0_neutral_split.language-eu_8wekyb3d8bbwe "CameraApp_2022.2203.5.0_language-et.msix": Microsoft.WindowsCamera_2022.2203.5.0_neutral_split.language-et_8wekyb3d8bbwe "CameraApp_2022.2203.5.0_language-fa.msix": Microsoft.WindowsCamera_2022.2203.5.0_neutral_split.language-fa_8wekyb3d8bbwe "CameraApp_2022.2203.5.0_language-fil-latn.msix": Microsoft.WindowsCamera_2022.2203.5.0_neutral_split.language-fil-latn_8wekyb3d8bbwe "CameraApp_2022.2203.5.0_language-he.msix": Microsoft.WindowsCamera_2022.2203.5.0_neutral_split.language-he_8wekyb3d8bbwe "CameraApp_2022.2203.5.0_language-fi.msix": Microsoft.WindowsCamera_2022.2203.5.0_neutral_split.language-fi_8wekyb3d8bbwe "CameraApp_2022.2203.5.0_language-fr.msix": Microsoft.WindowsCamera_2022.2203.5.0_neutral_split.language-fr_8wekyb3d8bbwe "CameraApp_2022.2203.5.0_language-hu.msix": Microsoft.WindowsCamera_2022.2203.5.0_neutral_split.language-hu_8wekyb3d8bbwe "CameraApp_2022.2203.5.0_language-gl.msix": Microsoft.WindowsCamera_2022.2203.5.0_neutral_split.language-gl_8wekyb3d8bbwe "CameraApp_2022.2203.5.0_language-hi.msix": Microsoft.WindowsCamera_2022.2203.5.0_neutral_split.language-hi_8wekyb3d8bbwe "CameraApp_2022.2203.5.0_language-hr.msix": Microsoft.WindowsCamera_2022.2203.5.0_neutral_split.language-hr_8wekyb3d8bbwe "CameraApp_2022.2203.5.0_language-kn.msix": Microsoft.WindowsCamera_2022.2203.5.0_neutral_split.language-kn_8wekyb3d8bbwe "CameraApp_2022.2203.5.0_language-id.msix": Microsoft.WindowsCamera_2022.2203.5.0_neutral_split.language-id_8wekyb3d8bbwe "CameraApp_2022.2203.5.0_language-ko.msix": Microsoft.WindowsCamera_2022.2203.5.0_neutral_split.language-ko_8wekyb3d8bbwe "CameraApp_2022.2203.5.0_language-it.msix": Microsoft.WindowsCamera_2022.2203.5.0_neutral_split.language-it_8wekyb3d8bbwe "CameraApp_2022.2203.5.0_language-kk.msix": Microsoft.WindowsCamera_2022.2203.5.0_neutral_split.language-kk_8wekyb3d8bbwe "CameraApp_2022.2203.5.0_language-lt.msix": Microsoft.WindowsCamera_2022.2203.5.0_neutral_split.language-lt_8wekyb3d8bbwe "CameraApp_2022.2203.5.0_language-km.msix": Microsoft.WindowsCamera_2022.2203.5.0_neutral_split.language-km_8wekyb3d8bbwe "CameraApp_2022.2203.5.0_language-lv.msix": Microsoft.WindowsCamera_2022.2203.5.0_neutral_split.language-lv_8wekyb3d8bbwe "CameraApp_2022.2203.5.0_language-mk.msix": Microsoft.WindowsCamera_2022.2203.5.0_neutral_split.language-mk_8wekyb3d8bbwe "CameraApp_2022.2203.5.0_language-ml.msix": Microsoft.WindowsCamera_2022.2203.5.0_neutral_split.language-ml_8wekyb3d8bbwe "CameraApp_2022.2203.5.0_language-lo.msix": Microsoft.WindowsCamera_2022.2203.5.0_neutral_split.language-lo_8wekyb3d8bbwe "CameraApp_2022.2203.5.0_language-nb.msix": Microsoft.WindowsCamera_2022.2203.5.0_neutral_split.language-nb_8wekyb3d8bbwe "CameraApp_2022.2203.5.0_language-ms.msix": Microsoft.WindowsCamera_2022.2203.5.0_neutral_split.language-ms_8wekyb3d8bbwe "CameraApp_2022.2203.5.0_language-pt.msix": Microsoft.WindowsCamera_2022.2203.5.0_neutral_split.language-pt_8wekyb3d8bbwe "CameraApp_2022.2203.5.0_language-nl.msix": Microsoft.WindowsCamera_2022.2203.5.0_neutral_split.language-nl_8wekyb3d8bbwe "CameraApp_2022.2203.5.0_language-sk.msix": Microsoft.WindowsCamera_2022.2203.5.0_neutral_split.language-sk_8wekyb3d8bbwe "CameraApp_2022.2203.5.0_language-ro.msix": Microsoft.WindowsCamera_2022.2203.5.0_neutral_split.language-ro_8wekyb3d8bbwe "CameraApp_2022.2203.5.0_language-is.msix": Microsoft.WindowsCamera_2022.2203.5.0_neutral_split.language-is_8wekyb3d8bbwe "CameraApp_2022.2203.5.0_language-pl.msix": Microsoft.WindowsCamera_2022.2203.5.0_neutral_split.language-pl_8wekyb3d8bbwe "CameraApp_2022.2203.5.0_language-ru.msix": Microsoft.WindowsCamera_2022.2203.5.0_neutral_split.language-ru_8wekyb3d8bbwe "CameraApp_2022.2203.5.0_language-sl.msix": Microsoft.WindowsCamera_2022.2203.5.0_neutral_split.language-sl_8wekyb3d8bbwe "CameraApp_2022.2203.5.0_language-sv.msix": Microsoft.WindowsCamera_2022.2203.5.0_neutral_split.language-sv_8wekyb3d8bbwe "CameraApp_2022.2203.5.0_language-sr-latn.msix": Microsoft.WindowsCamera_2022.2203.5.0_neutral_split.language-sr-latn_8wekyb3d8bbwe "CameraApp_2022.2203.5.0_language-th.msix": Microsoft.WindowsCamera_2022.2203.5.0_neutral_split.language-th_8wekyb3d8bbwe "CameraApp_2022.2203.5.0_language-te.msix": Microsoft.WindowsCamera_2022.2203.5.0_neutral_split.language-te_8wekyb3d8bbwe "CameraApp_2022.2203.5.0_language-ta.msix": Microsoft.WindowsCamera_2022.2203.5.0_neutral_split.language-ta_8wekyb3d8bbwe "CameraApp_2022.2203.5.0_language-zh-hant.msix": Microsoft.WindowsCamera_2022.2203.5.0_neutral_split.language-zh-hant_8wekyb3d8bbwe "CameraApp_2022.2203.5.0_language-vi.msix": Microsoft.WindowsCamera_2022.2203.5.0_neutral_split.language-vi_8wekyb3d8bbwe "CameraApp_2022.2203.5.0_language-uz-latn.msix": Microsoft.WindowsCamera_2022.2203.5.0_neutral_split.language-uz-latn_8wekyb3d8bbwe "CameraApp_2022.2203.5.0_language-uk.msix": Microsoft.WindowsCamera_2022.2203.5.0_neutral_split.language-uk_8wekyb3d8bbwe "CameraApp_2022.2203.5.0_language-tr.msix": Microsoft.WindowsCamera_2022.2203.5.0_neutral_split.language-tr_8wekyb3d8bbwe "CameraApp_2022.2203.5.0_language-zh-hans.msix": Microsoft.WindowsCamera_2022.2203.5.0_neutral_split.language-zh-hans_8wekyb3d8bbwe "CameraApp_2022.2203.5.0_scale-100.msix": Microsoft.WindowsCamera_2022.2203.5.0_neutral_split.scale-100_8wekyb3d8bbwe "CameraApp_2022.2203.5.0_language-ja.msix": Microsoft.WindowsCamera_2022.2203.5.0_neutral_split.language-ja_8wekyb3d8bbwe "CameraApp_2022.2203.5.0_language-sq.msix": Microsoft.WindowsCamera_2022.2203.5.0_neutral_split.language-sq_8wekyb3d8bbwe "CameraApp_2022.2203.5.0_scale-125.msix": Microsoft.WindowsCamera_2022.2203.5.0_neutral_split.scale-125_8wekyb3d8bbwe "CameraApp_2022.2203.5.0_scale-150.msix": Microsoft.WindowsCamera_2022.2203.5.0_neutral_split.scale-150_8wekyb3d8bbwe "CameraApp_2022.2203.5.0_scale-400.msix": Microsoft.WindowsCamera_2022.2203.5.0_neutral_split.scale-400_8wekyb3d8bbwe</Data>
</EventData>
</Event>

<Event xmlns="http://schemas.microsoft.com/win/2004/08/events/event"><System><Provider Name="Microsoft-Windows-AppXDeployment-Server" Guid="{3f471139-acb7-4a01-b7a7-ff5da4ba2d43}"></Provider>
<EventID Qualifiers="">854</EventID>
<Version>0</Version>
<Level>4</Level>
<Task>3</Task>
<Opcode>0</Opcode>
<Keywords>0x4000000000000001</Keywords>
<TimeCreated SystemTime="2022-05-07 01:20:11.983408"></TimeCreated>
<EventRecordID>452</EventRecordID>
<Correlation ActivityID="{824d2842-61b0-0000-742c-4d82b061d801}" RelatedActivityID=""></Correlation>
<Execution ProcessID="3236" ThreadID="4736"></Execution>
<Channel>Microsoft-Windows-AppXDeploymentServer/Operational</Channel>
<Computer>WIN-GE1PLB8KFNS</Computer>
<Security UserID="S-1-5-18"></Security>
</System>
<EventData><Data Name="Path"> C:\Program Files\WindowsApps\microsoft.windowscamera_2022.2203.5.0_neutral_~_8wekyb3d8bbwe\AppxMetadata\AppxBundleManifest.xml C:\Program Files\WindowsApps\Microsoft.WindowsCamera_2022.2203.5.0_x64__8wekyb3d8bbwe\AppxManifest.xml C:\Program Files\WindowsApps\Microsoft.WindowsCamera_2022.2203.5.0_neutral_split.scale-100_8wekyb3d8bbwe\AppxManifest.xml C:\Program Files\WindowsApps\Microsoft.WindowsCamera_2022.2203.5.0_neutral_split.scale-125_8wekyb3d8bbwe\AppxManifest.xml</Data>
</EventData>
</Event>

<Event xmlns="http://schemas.microsoft.com/win/2004/08/events/event"><System><Provider Name="Microsoft-Windows-AppXDeployment-Server" Guid="{3f471139-acb7-4a01-b7a7-ff5da4ba2d43}"></Provider>
<EventID Qualifiers="">8100</EventID>
<Version>0</Version>
<Level>5</Level>
<Task>49</Task>
<Opcode>0</Opcode>
<Keywords>0x4000000000000001</Keywords>
<TimeCreated SystemTime="2022-05-07 01:20:12.267828"></TimeCreated>
<EventRecordID>453</EventRecordID>
<Correlation ActivityID="{824d2842-61b0-0000-742c-4d82b061d801}" RelatedActivityID=""></Correlation>
<Execution ProcessID="3236" ThreadID="4736"></Execution>
<Channel>Microsoft-Windows-AppXDeploymentServer/Operational</Channel>
<Computer>WIN-GE1PLB8KFNS</Computer>
<Security UserID="S-1-5-18"></Security>
</System>
<EventData><Data Name="PackageFullName">Microsoft.WindowsCamera_2022.2203.5.0_neutral_~_8wekyb3d8bbwe</Data>
<Data Name="Flags">0x00000620</Data>
</EventData>
</Event>

<Event xmlns="http://schemas.microsoft.com/win/2004/08/events/event"><System><Provider Name="Microsoft-Windows-AppXDeployment-Server" Guid="{3f471139-acb7-4a01-b7a7-ff5da4ba2d43}"></Provider>
<EventID Qualifiers="">8100</EventID>
<Version>0</Version>
<Level>5</Level>
<Task>49</Task>
<Opcode>0</Opcode>
<Keywords>0x4000000000000001</Keywords>
<TimeCreated SystemTime="2022-05-07 01:20:12.272907"></TimeCreated>
<EventRecordID>454</EventRecordID>
<Correlation ActivityID="{824d2842-61b0-0000-742c-4d82b061d801}" RelatedActivityID=""></Correlation>
<Execution ProcessID="3236" ThreadID="4736"></Execution>
<Channel>Microsoft-Windows-AppXDeploymentServer/Operational</Channel>
<Computer>WIN-GE1PLB8KFNS</Computer>
<Security UserID="S-1-5-18"></Security>
</System>
<EventData><Data Name="PackageFullName">Microsoft.WindowsCamera_2022.2203.5.0_x64__8wekyb3d8bbwe</Data>
<Data Name="Flags">0x00000620</Data>
</EventData>
</Event>

<Event xmlns="http://schemas.microsoft.com/win/2004/08/events/event"><System><Provider Name="Microsoft-Windows-AppXDeployment-Server" Guid="{3f471139-acb7-4a01-b7a7-ff5da4ba2d43}"></Provider>
<EventID Qualifiers="">8100</EventID>
<Version>0</Version>
<Level>5</Level>
<Task>49</Task>
<Opcode>0</Opcode>
<Keywords>0x4000000000000001</Keywords>
<TimeCreated SystemTime="2022-05-07 01:20:12.276110"></TimeCreated>
<EventRecordID>455</EventRecordID>
<Correlation ActivityID="{824d2842-61b0-0000-742c-4d82b061d801}" RelatedActivityID=""></Correlation>
<Execution ProcessID="3236" ThreadID="4736"></Execution>
<Channel>Microsoft-Windows-AppXDeploymentServer/Operational</Channel>
<Computer>WIN-GE1PLB8KFNS</Computer>
<Security UserID="S-1-5-18"></Security>
</System>
<EventData><Data Name="PackageFullName">Microsoft.WindowsCamera_2022.2203.5.0_neutral_split.scale-100_8wekyb3d8bbwe</Data>
<Data Name="Flags">0x00000620</Data>
</EventData>
</Event>

<Event xmlns="http://schemas.microsoft.com/win/2004/08/events/event"><System><Provider Name="Microsoft-Windows-AppXDeployment-Server" Guid="{3f471139-acb7-4a01-b7a7-ff5da4ba2d43}"></Provider>
<EventID Qualifiers="">8100</EventID>
<Version>0</Version>
<Level>5</Level>
<Task>49</Task>
<Opcode>0</Opcode>
<Keywords>0x4000000000000001</Keywords>
<TimeCreated SystemTime="2022-05-07 01:20:12.279331"></TimeCreated>
<EventRecordID>456</EventRecordID>
<Correlation ActivityID="{824d2842-61b0-0000-742c-4d82b061d801}" RelatedActivityID=""></Correlation>
<Execution ProcessID="3236" ThreadID="4736"></Execution>
<Channel>Microsoft-Windows-AppXDeploymentServer/Operational</Channel>
<Computer>WIN-GE1PLB8KFNS</Computer>
<Security UserID="S-1-5-18"></Security>
</System>
<EventData><Data Name="PackageFullName">Microsoft.WindowsCamera_2022.2203.5.0_neutral_split.scale-125_8wekyb3d8bbwe</Data>
<Data Name="Flags">0x00000620</Data>
</EventData>
</Event>

<Event xmlns="http://schemas.microsoft.com/win/2004/08/events/event"><System><Provider Name="Microsoft-Windows-AppXDeployment-Server" Guid="{3f471139-acb7-4a01-b7a7-ff5da4ba2d43}"></Provider>
<EventID Qualifiers="">8106</EventID>
<Version>0</Version>
<Level>5</Level>
<Task>49</Task>
<Opcode>0</Opcode>
<Keywords>0x4000000000000001</Keywords>
<TimeCreated SystemTime="2022-05-07 01:20:12.282114"></TimeCreated>
<EventRecordID>457</EventRecordID>
<Correlation ActivityID="{824d2842-61b0-0000-742c-4d82b061d801}" RelatedActivityID=""></Correlation>
<Execution ProcessID="3236" ThreadID="4144"></Execution>
<Channel>Microsoft-Windows-AppXDeploymentServer/Operational</Channel>
<Computer>WIN-GE1PLB8KFNS</Computer>
<Security UserID="S-1-5-18"></Security>
</System>
<EventData><Data Name="PackageFullName">Microsoft.WindowsCamera_2022.2203.5.0_neutral_split.scale-125_8wekyb3d8bbwe</Data>
<Data Name="Flags">0x00000620</Data>
</EventData>
</Event>

<Event xmlns="http://schemas.microsoft.com/win/2004/08/events/event"><System><Provider Name="Microsoft-Windows-AppXDeployment-Server" Guid="{3f471139-acb7-4a01-b7a7-ff5da4ba2d43}"></Provider>
<EventID Qualifiers="">8101</EventID>
<Version>0</Version>
<Level>5</Level>
<Task>49</Task>
<Opcode>0</Opcode>
<Keywords>0x4000000000000001</Keywords>
<TimeCreated SystemTime="2022-05-07 01:20:12.282133"></TimeCreated>
<EventRecordID>458</EventRecordID>
<Correlation ActivityID="{824d2842-61b0-0000-742c-4d82b061d801}" RelatedActivityID=""></Correlation>
<Execution ProcessID="3236" ThreadID="4144"></Execution>
<Channel>Microsoft-Windows-AppXDeploymentServer/Operational</Channel>
<Computer>WIN-GE1PLB8KFNS</Computer>
<Security UserID="S-1-5-18"></Security>
</System>
<EventData><Data Name="PackageFullName">Microsoft.WindowsCamera_2022.2203.5.0_neutral_split.scale-125_8wekyb3d8bbwe</Data>
<Data Name="Flags">0x00000620</Data>
</EventData>
</Event>

<Event xmlns="http://schemas.microsoft.com/win/2004/08/events/event"><System><Provider Name="Microsoft-Windows-AppXDeployment-Server" Guid="{3f471139-acb7-4a01-b7a7-ff5da4ba2d43}"></Provider>
<EventID Qualifiers="">8105</EventID>
<Version>0</Version>
<Level>5</Level>
<Task>49</Task>
<Opcode>0</Opcode>
<Keywords>0x4000000000000001</Keywords>
<TimeCreated SystemTime="2022-05-07 01:20:12.348783"></TimeCreated>
<EventRecordID>459</EventRecordID>
<Correlation ActivityID="{824d2842-61b0-0000-742c-4d82b061d801}" RelatedActivityID=""></Correlation>
<Execution ProcessID="3236" ThreadID="4132"></Execution>
<Channel>Microsoft-Windows-AppXDeploymentServer/Operational</Channel>
<Computer>WIN-GE1PLB8KFNS</Computer>
<Security UserID="S-1-5-18"></Security>
</System>
<EventData><Data Name="PackageFullName">Microsoft.WindowsCamera_2022.2203.5.0_neutral_~_8wekyb3d8bbwe</Data>
<Data Name="NumberOfFiles">1</Data>
</EventData>
</Event>

<Event xmlns="http://schemas.microsoft.com/win/2004/08/events/event"><System><Provider Name="Microsoft-Windows-AppXDeployment-Server" Guid="{3f471139-acb7-4a01-b7a7-ff5da4ba2d43}"></Provider>
<EventID Qualifiers="">8101</EventID>
<Version>0</Version>
<Level>5</Level>
<Task>49</Task>
<Opcode>0</Opcode>
<Keywords>0x4000000000000001</Keywords>
<TimeCreated SystemTime="2022-05-07 01:20:12.348814"></TimeCreated>
<EventRecordID>460</EventRecordID>
<Correlation ActivityID="{824d2842-61b0-0000-742c-4d82b061d801}" RelatedActivityID=""></Correlation>
<Execution ProcessID="3236" ThreadID="4132"></Execution>
<Channel>Microsoft-Windows-AppXDeploymentServer/Operational</Channel>
<Computer>WIN-GE1PLB8KFNS</Computer>
<Security UserID="S-1-5-18"></Security>
</System>
<EventData><Data Name="PackageFullName">Microsoft.WindowsCamera_2022.2203.5.0_neutral_~_8wekyb3d8bbwe</Data>
<Data Name="Flags">0x00000620</Data>
</EventData>
</Event>

<Event xmlns="http://schemas.microsoft.com/win/2004/08/events/event"><System><Provider Name="Microsoft-Windows-AppXDeployment-Server" Guid="{3f471139-acb7-4a01-b7a7-ff5da4ba2d43}"></Provider>
<EventID Qualifiers="">400</EventID>
<Version>0</Version>
<Level>4</Level>
<Task>3</Task>
<Opcode>2</Opcode>
<Keywords>0x4000000000000001</Keywords>
<TimeCreated SystemTime="2022-05-07 01:20:12.414742"></TimeCreated>
<EventRecordID>461</EventRecordID>
<Correlation ActivityID="{824d2842-61b0-0000-742c-4d82b061d801}" RelatedActivityID=""></Correlation>
<Execution ProcessID="3236" ThreadID="4736"></Execution>
<Channel>Microsoft-Windows-AppXDeploymentServer/Operational</Channel>
<Computer>WIN-GE1PLB8KFNS</Computer>
<Security UserID="S-1-5-18"></Security>
</System>
<EventData><Data Name="DeploymentOperation">12</Data>
<Data Name="PackageFullName">microsoft.windowscamera_2022.2203.5.0_neutral_~_8wekyb3d8bbwe</Data>
<Data Name="Path"> </Data>
<Data Name="MountPoint">C:</Data>
<Data Name="TargetPlatform">0x00000003</Data>
<Data Name="SystemVolume">True</Data>
<Data Name="StorageId">\\?\Volume{bf27b24f-9e98-4395-9110-325985ded282}</Data>
<Data Name="IsCentennial">False</Data>
<Data Name="PackageType">0x00000008</Data>
<Data Name="IsPackageEncrypted">False</Data>
<Data Name="DeploymentOptions">0x0000000010020020</Data>
<Data Name="IsStreamingPackage">False</Data>
<Data Name="IsInRelatedSet">False</Data>
<Data Name="IsPackageUsingBDC">False</Data>
<Data Name="MainPackageFamilyName">NULL</Data>
<Data Name="CallingProcess"></Data>
<Data Name="IsOptional">False</Data>
<Data Name="PackageFlags">0x00000000</Data>
<Data Name="PackageFlags2">0x00000800</Data>
<Data Name="HasWin32alacarte">False</Data>
<Data Name="HasFullTrust">False</Data>
<Data Name="ExternalLocation"></Data>
<Data Name="PackageSourceUri"></Data>
<Data Name="PackageDisplayName"> </Data>
</EventData>
</Event>

<Event xmlns="http://schemas.microsoft.com/win/2004/08/events/event"><System><Provider Name="Microsoft-Windows-AppXDeployment-Server" Guid="{3f471139-acb7-4a01-b7a7-ff5da4ba2d43}"></Provider>
<EventID Qualifiers="">478</EventID>
<Version>0</Version>
<Level>5</Level>
<Task>3</Task>
<Opcode>0</Opcode>
<Keywords>0x4000000000000001</Keywords>
<TimeCreated SystemTime="2022-05-07 01:20:12.418034"></TimeCreated>
<EventRecordID>462</EventRecordID>
<Correlation ActivityID="{824d2842-61b0-0000-742c-4d82b061d801}" RelatedActivityID=""></Correlation>
<Execution ProcessID="3236" ThreadID="4736"></Execution>
<Channel>Microsoft-Windows-AppXDeploymentServer/Operational</Channel>
<Computer>WIN-GE1PLB8KFNS</Computer>
<Security UserID="S-1-5-18"></Security>
</System>
<EventData><Data Name="DeploymentOperation">12</Data>
<Data Name="PackageFullName">Microsoft.WindowsCamera_2022.2203.5.0_x64__8wekyb3d8bbwe</Data>
<Data Name="Path"> </Data>
<Data Name="MountPoint">C:</Data>
<Data Name="TargetPlatform">0x00000003</Data>
<Data Name="SystemVolume">True</Data>
<Data Name="StorageId">\\?\Volume{bf27b24f-9e98-4395-9110-325985ded282}</Data>
<Data Name="IsCentennial">False</Data>
<Data Name="PackageType">0x00000001</Data>
<Data Name="IsPackageEncrypted">False</Data>
<Data Name="DeploymentOptions">0x0000000010020020</Data>
<Data Name="IsStreamingPackage">False</Data>
<Data Name="IsInRelatedSet">False</Data>
<Data Name="IsPackageUsingBDC">False</Data>
<Data Name="MainPackageFamilyName">NULL</Data>
<Data Name="CallingProcess"></Data>
<Data Name="IsOptional">False</Data>
<Data Name="PackageFlags">0x00000008</Data>
<Data Name="PackageFlags2">0x00000800</Data>
<Data Name="HasWin32alacarte">False</Data>
<Data Name="HasFullTrust">False</Data>
<Data Name="ExternalLocation"></Data>
<Data Name="PackageSourceUri"></Data>
<Data Name="PackageDisplayName">ms-resource:LensSDK/Resources/AppStoreName</Data>
</EventData>
</Event>

<Event xmlns="http://schemas.microsoft.com/win/2004/08/events/event"><System><Provider Name="Microsoft-Windows-AppXDeployment-Server" Guid="{3f471139-acb7-4a01-b7a7-ff5da4ba2d43}"></Provider>
<EventID Qualifiers="">635</EventID>
<Version>0</Version>
<Level>4</Level>
<Task>3</Task>
<Opcode>0</Opcode>
<Keywords>0x4000000000000001</Keywords>
<TimeCreated SystemTime="2022-05-07 01:20:12.484411"></TimeCreated>
<EventRecordID>463</EventRecordID>
<Correlation ActivityID="{824d2842-61b0-0000-742c-4d82b061d801}" RelatedActivityID=""></Correlation>
<Execution ProcessID="3236" ThreadID="3268"></Execution>
<Channel>Microsoft-Windows-AppXDeploymentServer/Operational</Channel>
<Computer>WIN-GE1PLB8KFNS</Computer>
<Security UserID="S-1-5-18"></Security>
</System>
<EventData><Data Name="PackageFullName">microsoft.windowscamera_2022.2203.5.0_neutral_~_8wekyb3d8bbwe</Data>
<Data Name="Flags">1</Data>
<Data Name="HResult">0x00000000</Data>
</EventData>
</Event>

<Event xmlns="http://schemas.microsoft.com/win/2004/08/events/event"><System><Provider Name="Microsoft-Windows-AppXDeployment-Server" Guid="{3f471139-acb7-4a01-b7a7-ff5da4ba2d43}"></Provider>
<EventID Qualifiers="">633</EventID>
<Version>0</Version>
<Level>4</Level>
<Task>3</Task>
<Opcode>0</Opcode>
<Keywords>0x4000000000000001</Keywords>
<TimeCreated SystemTime="2022-05-07 01:20:12.484922"></TimeCreated>
<EventRecordID>464</EventRecordID>
<Correlation ActivityID="{824d2842-61b0-0001-af2c-4d82b061d801}" RelatedActivityID=""></Correlation>
<Execution ProcessID="3236" ThreadID="3268"></Execution>
<Channel>Microsoft-Windows-AppXDeploymentServer/Operational</Channel>
<Computer>WIN-GE1PLB8KFNS</Computer>
<Security UserID="S-1-5-18"></Security>
</System>
<EventData><Data Name="PackageFullName">microsoft.windowsnotepad_11.2203.10.0_neutral_~_8wekyb3d8bbwe</Data>
<Data Name="IsInstalled">False</Data>
</EventData>
</Event>

<Event xmlns="http://schemas.microsoft.com/win/2004/08/events/event"><System><Provider Name="Microsoft-Windows-AppXDeployment-Server" Guid="{3f471139-acb7-4a01-b7a7-ff5da4ba2d43}"></Provider>
<EventID Qualifiers="">607</EventID>
<Version>0</Version>
<Level>4</Level>
<Task>0</Task>
<Opcode>0</Opcode>
<Keywords>0x4000000000000001</Keywords>
<TimeCreated SystemTime="2022-05-07 01:20:12.485334"></TimeCreated>
<EventRecordID>465</EventRecordID>
<Correlation ActivityID="{824d2842-61b0-0001-af2c-4d82b061d801}" RelatedActivityID=""></Correlation>
<Execution ProcessID="3236" ThreadID="4736"></Execution>
<Channel>Microsoft-Windows-AppXDeploymentServer/Operational</Channel>
<Computer>WIN-GE1PLB8KFNS</Computer>
<Security UserID="S-1-5-18"></Security>
</System>
<EventData><Data Name="DeploymentOperation">12</Data>
<Data Name="PackageFullName">microsoft.windowsnotepad_11.2203.10.0_neutral_~_8wekyb3d8bbwe</Data>
<Data Name="UserSid">S-1-5-18</Data>
<Data Name="CallingProcess">NULL</Data>
</EventData>
</Event>

<Event xmlns="http://schemas.microsoft.com/win/2004/08/events/event"><System><Provider Name="Microsoft-Windows-AppXDeployment-Server" Guid="{3f471139-acb7-4a01-b7a7-ff5da4ba2d43}"></Provider>
<EventID Qualifiers="">8105</EventID>
<Version>0</Version>
<Level>5</Level>
<Task>49</Task>
<Opcode>0</Opcode>
<Keywords>0x4000000000000001</Keywords>
<TimeCreated SystemTime="2022-05-07 01:20:12.535061"></TimeCreated>
<EventRecordID>466</EventRecordID>
<Correlation ActivityID="{824d2842-61b0-0000-742c-4d82b061d801}" RelatedActivityID=""></Correlation>
<Execution ProcessID="3236" ThreadID="3972"></Execution>
<Channel>Microsoft-Windows-AppXDeploymentServer/Operational</Channel>
<Computer>WIN-GE1PLB8KFNS</Computer>
<Security UserID="S-1-5-18"></Security>
</System>
<EventData><Data Name="PackageFullName">Microsoft.WindowsCamera_2022.2203.5.0_neutral_split.scale-100_8wekyb3d8bbwe</Data>
<Data Name="NumberOfFiles">25</Data>
</EventData>
</Event>

<Event xmlns="http://schemas.microsoft.com/win/2004/08/events/event"><System><Provider Name="Microsoft-Windows-AppXDeployment-Server" Guid="{3f471139-acb7-4a01-b7a7-ff5da4ba2d43}"></Provider>
<EventID Qualifiers="">8101</EventID>
<Version>0</Version>
<Level>5</Level>
<Task>49</Task>
<Opcode>0</Opcode>
<Keywords>0x4000000000000001</Keywords>
<TimeCreated SystemTime="2022-05-07 01:20:12.535187"></TimeCreated>
<EventRecordID>467</EventRecordID>
<Correlation ActivityID="{824d2842-61b0-0000-742c-4d82b061d801}" RelatedActivityID=""></Correlation>
<Execution ProcessID="3236" ThreadID="3972"></Execution>
<Channel>Microsoft-Windows-AppXDeploymentServer/Operational</Channel>
<Computer>WIN-GE1PLB8KFNS</Computer>
<Security UserID="S-1-5-18"></Security>
</System>
<EventData><Data Name="PackageFullName">Microsoft.WindowsCamera_2022.2203.5.0_neutral_split.scale-100_8wekyb3d8bbwe</Data>
<Data Name="Flags">0x00000620</Data>
</EventData>
</Event>

<Event xmlns="http://schemas.microsoft.com/win/2004/08/events/event"><System><Provider Name="Microsoft-Windows-AppXDeployment-Server" Guid="{3f471139-acb7-4a01-b7a7-ff5da4ba2d43}"></Provider>
<EventID Qualifiers="">614</EventID>
<Version>0</Version>
<Level>5</Level>
<Task>3</Task>
<Opcode>0</Opcode>
<Keywords>0x4000000000000001</Keywords>
<TimeCreated SystemTime="2022-05-07 01:20:12.541378"></TimeCreated>
<EventRecordID>468</EventRecordID>
<Correlation ActivityID="{824d2842-61b0-0001-af2c-4d82b061d801}" RelatedActivityID=""></Correlation>
<Execution ProcessID="3236" ThreadID="4736"></Execution>
<Channel>Microsoft-Windows-AppXDeploymentServer/Operational</Channel>
<Computer>WIN-GE1PLB8KFNS</Computer>
<Security UserID="S-1-5-18"></Security>
</System>
<EventData><Data Name="PathOne">C:\Program Files\WindowsApps\microsoft.windowsnotepad_11.2203.10.0_neutral_~_8wekyb3d8bbwe\AppxMetadata\AppxBundleManifest.xml</Data>
<Data Name="PathTwo">"NotepadApp_11.2203.10.0_x64.msix": Microsoft.WindowsNotepad_11.2203.10.0_x64__8wekyb3d8bbwe "NotepadApp_11.2203.10.0_x86.msix": Microsoft.WindowsNotepad_11.2203.10.0_x86__8wekyb3d8bbwe "NotepadApp_11.2203.10.0_language-af.msix": Microsoft.WindowsNotepad_11.2203.10.0_neutral_split.language-af_8wekyb3d8bbwe "NotepadApp_11.2203.10.0_language-as.msix": Microsoft.WindowsNotepad_11.2203.10.0_neutral_split.language-as_8wekyb3d8bbwe "NotepadApp_11.2203.10.0_language-am.msix": Microsoft.WindowsNotepad_11.2203.10.0_neutral_split.language-am_8wekyb3d8bbwe "NotepadApp_11.2203.10.0_language-ar.msix": Microsoft.WindowsNotepad_11.2203.10.0_neutral_split.language-ar_8wekyb3d8bbwe "NotepadApp_11.2203.10.0_language-bg.msix": Microsoft.WindowsNotepad_11.2203.10.0_neutral_split.language-bg_8wekyb3d8bbwe "NotepadApp_11.2203.10.0_language-bn.msix": Microsoft.WindowsNotepad_11.2203.10.0_neutral_split.language-bn_8wekyb3d8bbwe "NotepadApp_11.2203.10.0_language-az-latn.msix": Microsoft.WindowsNotepad_11.2203.10.0_neutral_split.language-az-latn_8wekyb3d8bbwe "NotepadApp_11.2203.10.0_language-bs.msix": Microsoft.WindowsNotepad_11.2203.10.0_neutral_split.language-bs_8wekyb3d8bbwe "NotepadApp_11.2203.10.0_language-ca.msix": Microsoft.WindowsNotepad_11.2203.10.0_neutral_split.language-ca_8wekyb3d8bbwe "NotepadApp_11.2203.10.0_language-et.msix": Microsoft.WindowsNotepad_11.2203.10.0_neutral_split.language-et_8wekyb3d8bbwe "NotepadApp_11.2203.10.0_language-da.msix": Microsoft.WindowsNotepad_11.2203.10.0_neutral_split.language-da_8wekyb3d8bbwe "NotepadApp_11.2203.10.0_language-cs.msix": Microsoft.WindowsNotepad_11.2203.10.0_neutral_split.language-cs_8wekyb3d8bbwe "NotepadApp_11.2203.10.0_language-cy.msix": Microsoft.WindowsNotepad_11.2203.10.0_neutral_split.language-cy_8wekyb3d8bbwe "NotepadApp_11.2203.10.0_language-es.msix": Microsoft.WindowsNotepad_11.2203.10.0_neutral_split.language-es_8wekyb3d8bbwe "NotepadApp_11.2203.10.0_language-fa.msix": Microsoft.WindowsNotepad_11.2203.10.0_neutral_split.language-fa_8wekyb3d8bbwe "NotepadApp_11.2203.10.0_language-de.msix": Microsoft.WindowsNotepad_11.2203.10.0_neutral_split.language-de_8wekyb3d8bbwe "NotepadApp_11.2203.10.0_language-eu.msix": Microsoft.WindowsNotepad_11.2203.10.0_neutral_split.language-eu_8wekyb3d8bbwe "NotepadApp_11.2203.10.0_language-gd-latn.msix": Microsoft.WindowsNotepad_11.2203.10.0_neutral_split.language-gd-latn_8wekyb3d8bbwe "NotepadApp_11.2203.10.0_language-fil-latn.msix": Microsoft.WindowsNotepad_11.2203.10.0_neutral_split.language-fil-latn_8wekyb3d8bbwe "NotepadApp_11.2203.10.0_language-gl.msix": Microsoft.WindowsNotepad_11.2203.10.0_neutral_split.language-gl_8wekyb3d8bbwe "NotepadApp_11.2203.10.0_language-ga.msix": Microsoft.WindowsNotepad_11.2203.10.0_neutral_split.language-ga_8wekyb3d8bbwe "NotepadApp_11.2203.10.0_language-fr.msix": Microsoft.WindowsNotepad_11.2203.10.0_neutral_split.language-fr_8wekyb3d8bbwe "NotepadApp_11.2203.10.0_language-hr.msix": Microsoft.WindowsNotepad_11.2203.10.0_neutral_split.language-hr_8wekyb3d8bbwe "NotepadApp_11.2203.10.0_language-hi.msix": Microsoft.WindowsNotepad_11.2203.10.0_neutral_split.language-hi_8wekyb3d8bbwe "NotepadApp_11.2203.10.0_language-gu.msix": Microsoft.WindowsNotepad_11.2203.10.0_neutral_split.language-gu_8wekyb3d8bbwe "NotepadApp_11.2203.10.0_language-fi.msix": Microsoft.WindowsNotepad_11.2203.10.0_neutral_split.language-fi_8wekyb3d8bbwe "NotepadApp_11.2203.10.0_language-he.msix": Microsoft.WindowsNotepad_11.2203.10.0_neutral_split.language-he_8wekyb3d8bbwe "NotepadApp_11.2203.10.0_language-hu.msix": Microsoft.WindowsNotepad_11.2203.10.0_neutral_split.language-hu_8wekyb3d8bbwe "NotepadApp_11.2203.10.0_language-it.msix": Microsoft.WindowsNotepad_11.2203.10.0_neutral_split.language-it_8wekyb3d8bbwe "NotepadApp_11.2203.10.0_language-is.msix": Microsoft.WindowsNotepad_11.2203.10.0_neutral_split.language-is_8wekyb3d8bbwe "NotepadApp_11.2203.10.0_language-kk.msix": Microsoft.WindowsNotepad_11.2203.10.0_neutral_split.language-kk_8wekyb3d8bbwe "NotepadApp_11.2203.10.0_language-km.msix": Microsoft.WindowsNotepad_11.2203.10.0_neutral_split.language-km_8wekyb3d8bbwe "NotepadApp_11.2203.10.0_language-ka.msix": Microsoft.WindowsNotepad_11.2203.10.0_neutral_split.language-ka_8wekyb3d8bbwe "NotepadApp_11.2203.10.0_language-ja.msix": Microsoft.WindowsNotepad_11.2203.10.0_neutral_split.language-ja_8wekyb3d8bbwe "NotepadApp_11.2203.10.0_language-kn.msix": Microsoft.WindowsNotepad_11.2203.10.0_neutral_split.language-kn_8wekyb3d8bbwe "NotepadApp_11.2203.10.0_language-hy.msix": Microsoft.WindowsNotepad_11.2203.10.0_neutral_split.language-hy_8wekyb3d8bbwe "NotepadApp_11.2203.10.0_language-lo.msix": Microsoft.WindowsNotepad_11.2203.10.0_neutral_split.language-lo_8wekyb3d8bbwe "NotepadApp_11.2203.10.0_language-id.msix": Microsoft.WindowsNotepad_11.2203.10.0_neutral_split.language-id_8wekyb3d8bbwe "NotepadApp_11.2203.10.0_language-lb.msix": Microsoft.WindowsNotepad_11.2203.10.0_neutral_split.language-lb_8wekyb3d8bbwe "NotepadApp_11.2203.10.0_language-lv.msix": Microsoft.WindowsNotepad_11.2203.10.0_neutral_split.language-lv_8wekyb3d8bbwe "NotepadApp_11.2203.10.0_language-kok.msix": Microsoft.WindowsNotepad_11.2203.10.0_neutral_split.language-kok_8wekyb3d8bbwe "NotepadApp_11.2203.10.0_language-lt.msix": Microsoft.WindowsNotepad_11.2203.10.0_neutral_split.language-lt_8wekyb3d8bbwe "NotepadApp_11.2203.10.0_language-ml.msix": Microsoft.WindowsNotepad_11.2203.10.0_neutral_split.language-ml_8wekyb3d8bbwe "NotepadApp_11.2203.10.0_language-el.msix": Microsoft.WindowsNotepad_11.2203.10.0_neutral_split.language-el_8wekyb3d8bbwe "NotepadApp_11.2203.10.0_language-ms.msix": Microsoft.WindowsNotepad_11.2203.10.0_neutral_split.language-ms_8wekyb3d8bbwe "NotepadApp_11.2203.10.0_language-mr.msix": Microsoft.WindowsNotepad_11.2203.10.0_neutral_split.language-mr_8wekyb3d8bbwe "NotepadApp_11.2203.10.0_language-nb.msix": Microsoft.WindowsNotepad_11.2203.10.0_neutral_split.language-nb_8wekyb3d8bbwe "NotepadApp_11.2203.10.0_language-mi-latn.msix": Microsoft.WindowsNotepad_11.2203.10.0_neutral_split.language-mi-latn_8wekyb3d8bbwe "NotepadApp_11.2203.10.0_language-ne.msix": Microsoft.WindowsNotepad_11.2203.10.0_neutral_split.language-ne_8wekyb3d8bbwe "NotepadApp_11.2203.10.0_language-or.msix": Microsoft.WindowsNotepad_11.2203.10.0_neutral_split.language-or_8wekyb3d8bbwe "NotepadApp_11.2203.10.0_language-nn.msix": Microsoft.WindowsNotepad_11.2203.10.0_neutral_split.language-nn_8wekyb3d8bbwe "NotepadApp_11.2203.10.0_language-pl.msix": Microsoft.WindowsNotepad_11.2203.10.0_neutral_split.language-pl_8wekyb3d8bbwe "NotepadApp_11.2203.10.0_language-quz-latn.msix": Microsoft.WindowsNotepad_11.2203.10.0_neutral_split.language-quz-latn_8wekyb3d8bbwe "NotepadApp_11.2203.10.0_language-pt.msix": Microsoft.WindowsNotepad_11.2203.10.0_neutral_split.language-pt_8wekyb3d8bbwe "NotepadApp_11.2203.10.0_language-sk.msix": Microsoft.WindowsNotepad_11.2203.10.0_neutral_split.language-sk_8wekyb3d8bbwe "NotepadApp_11.2203.10.0_language-ru.msix": Microsoft.WindowsNotepad_11.2203.10.0_neutral_split.language-ru_8wekyb3d8bbwe "NotepadApp_11.2203.10.0_language-sl.msix": Microsoft.WindowsNotepad_11.2203.10.0_neutral_split.language-sl_8wekyb3d8bbwe "NotepadApp_11.2203.10.0_language-sq.msix": Microsoft.WindowsNotepad_11.2203.10.0_neutral_split.language-sq_8wekyb3d8bbwe "NotepadApp_11.2203.10.0_language-sr-cyrl.msix": Microsoft.WindowsNotepad_11.2203.10.0_neutral_split.language-sr-cyrl_8wekyb3d8bbwe "NotepadApp_11.2203.10.0_language-sr-latn.msix": Microsoft.WindowsNotepad_11.2203.10.0_neutral_split.language-sr-latn_8wekyb3d8bbwe "NotepadApp_11.2203.10.0_language-ta.msix": Microsoft.WindowsNotepad_11.2203.10.0_neutral_split.language-ta_8wekyb3d8bbwe "NotepadApp_11.2203.10.0_language-sv.msix": Microsoft.WindowsNotepad_11.2203.10.0_neutral_split.language-sv_8wekyb3d8bbwe "NotepadApp_11.2203.10.0_language-te.msix": Microsoft.WindowsNotepad_11.2203.10.0_neutral_split.language-te_8wekyb3d8bbwe "NotepadApp_11.2203.10.0_language-tr.msix": Microsoft.WindowsNotepad_11.2203.10.0_neutral_split.language-tr_8wekyb3d8bbwe "NotepadApp_11.2203.10.0_language-tt-cyrl.msix": Microsoft.WindowsNotepad_11.2203.10.0_neutral_split.language-tt-cyrl_8wekyb3d8bbwe "NotepadApp_11.2203.10.0_language-nl.msix": Microsoft.WindowsNotepad_11.2203.10.0_neutral_split.language-nl_8wekyb3d8bbwe "NotepadApp_11.2203.10.0_language-th.msix": Microsoft.WindowsNotepad_11.2203.10.0_neutral_split.language-th_8wekyb3d8bbwe "NotepadApp_11.2203.10.0_language-ug-arab.msix": Microsoft.WindowsNotepad_11.2203.10.0_neutral_split.language-ug-arab_8wekyb3d8bbwe "NotepadApp_11.2203.10.0_language-uk.msix": Microsoft.WindowsNotepad_11.2203.10.0_neutral_split.language-uk_8wekyb3d8bbwe "NotepadApp_11.2203.10.0_language-mt.msix": Microsoft.WindowsNotepad_11.2203.10.0_neutral_split.language-mt_8wekyb3d8bbwe "NotepadApp_11.2203.10.0_language-uz-latn.msix": Microsoft.WindowsNotepad_11.2203.10.0_neutral_split.language-uz-latn_8wekyb3d8bbwe "NotepadApp_11.2203.10.0_language-ur.msix": Microsoft.WindowsNotepad_11.2203.10.0_neutral_split.language-ur_8wekyb3d8bbwe "NotepadApp_11.2203.10.0_language-vi.msix": Microsoft.WindowsNotepad_11.2203.10.0_neutral_split.language-vi_8wekyb3d8bbwe "NotepadApp_11.2203.10.0_language-zh-hans.msix": Microsoft.WindowsNotepad_11.2203.10.0_neutral_split.language-zh-hans_8wekyb3d8bbwe "NotepadApp_11.2203.10.0_language-ro.msix": Microsoft.WindowsNotepad_11.2203.10.0_neutral_split.language-ro_8wekyb3d8bbwe "NotepadApp_11.2203.10.0_language-pa.msix": Microsoft.WindowsNotepad_11.2203.10.0_neutral_split.language-pa_8wekyb3d8bbwe "NotepadApp_11.2203.10.0_scale-125.msix": Microsoft.WindowsNotepad_11.2203.10.0_neutral_split.scale-125_8wekyb3d8bbwe "NotepadApp_11.2203.10.0_scale-100.msix": Microsoft.WindowsNotepad_11.2203.10.0_neutral_split.scale-100_8wekyb3d8bbwe "NotepadApp_11.2203.10.0_language-zh-hant.msix": Microsoft.WindowsNotepad_11.2203.10.0_neutral_split.language-zh-hant_8wekyb3d8bbwe "NotepadApp_11.2203.10.0_language-ko.msix": Microsoft.WindowsNotepad_11.2203.10.0_neutral_split.language-ko_8wekyb3d8bbwe "NotepadApp_11.2203.10.0_scale-150.msix": Microsoft.WindowsNotepad_11.2203.10.0_neutral_split.scale-150_8wekyb3d8bbwe "NotepadApp_11.2203.10.0_language-mk.msix": Microsoft.WindowsNotepad_11.2203.10.0_neutral_split.language-mk_8wekyb3d8bbwe "NotepadApp_11.2203.10.0_scale-400.msix": Microsoft.WindowsNotepad_11.2203.10.0_neutral_split.scale-400_8wekyb3d8bbwe</Data>
</EventData>
</Event>

<Event xmlns="http://schemas.microsoft.com/win/2004/08/events/event"><System><Provider Name="Microsoft-Windows-AppXDeployment-Server" Guid="{3f471139-acb7-4a01-b7a7-ff5da4ba2d43}"></Provider>
<EventID Qualifiers="">854</EventID>
<Version>0</Version>
<Level>4</Level>
<Task>3</Task>
<Opcode>0</Opcode>
<Keywords>0x4000000000000001</Keywords>
<TimeCreated SystemTime="2022-05-07 01:20:12.556923"></TimeCreated>
<EventRecordID>469</EventRecordID>
<Correlation ActivityID="{824d2842-61b0-0001-af2c-4d82b061d801}" RelatedActivityID=""></Correlation>
<Execution ProcessID="3236" ThreadID="4736"></Execution>
<Channel>Microsoft-Windows-AppXDeploymentServer/Operational</Channel>
<Computer>WIN-GE1PLB8KFNS</Computer>
<Security UserID="S-1-5-18"></Security>
</System>
<EventData><Data Name="Path"> C:\Program Files\WindowsApps\microsoft.windowsnotepad_11.2203.10.0_neutral_~_8wekyb3d8bbwe\AppxMetadata\AppxBundleManifest.xml C:\Program Files\WindowsApps\Microsoft.WindowsNotepad_11.2203.10.0_x64__8wekyb3d8bbwe\AppxManifest.xml C:\Program Files\WindowsApps\Microsoft.WindowsNotepad_11.2203.10.0_neutral_split.scale-125_8wekyb3d8bbwe\AppxManifest.xml C:\Program Files\WindowsApps\Microsoft.WindowsNotepad_11.2203.10.0_neutral_split.scale-100_8wekyb3d8bbwe\AppxManifest.xml</Data>
</EventData>
</Event>

<Event xmlns="http://schemas.microsoft.com/win/2004/08/events/event"><System><Provider Name="Microsoft-Windows-AppXDeployment-Server" Guid="{3f471139-acb7-4a01-b7a7-ff5da4ba2d43}"></Provider>
<EventID Qualifiers="">8105</EventID>
<Version>0</Version>
<Level>5</Level>
<Task>49</Task>
<Opcode>0</Opcode>
<Keywords>0x4000000000000001</Keywords>
<TimeCreated SystemTime="2022-05-07 01:20:12.652525"></TimeCreated>
<EventRecordID>470</EventRecordID>
<Correlation ActivityID="{824d2842-61b0-0001-a52c-4d82b061d801}" RelatedActivityID=""></Correlation>
<Execution ProcessID="3236" ThreadID="4136"></Execution>
<Channel>Microsoft-Windows-AppXDeploymentServer/Operational</Channel>
<Computer>WIN-GE1PLB8KFNS</Computer>
<Security UserID="S-1-5-18"></Security>
</System>
<EventData><Data Name="PackageFullName">Microsoft.WindowsCalculator_10.2012.21.0_x64__8wekyb3d8bbwe</Data>
<Data Name="NumberOfFiles">124</Data>
</EventData>
</Event>

<Event xmlns="http://schemas.microsoft.com/win/2004/08/events/event"><System><Provider Name="Microsoft-Windows-AppXDeployment-Server" Guid="{3f471139-acb7-4a01-b7a7-ff5da4ba2d43}"></Provider>
<EventID Qualifiers="">8101</EventID>
<Version>0</Version>
<Level>5</Level>
<Task>49</Task>
<Opcode>0</Opcode>
<Keywords>0x4000000000000001</Keywords>
<TimeCreated SystemTime="2022-05-07 01:20:12.652956"></TimeCreated>
<EventRecordID>471</EventRecordID>
<Correlation ActivityID="{824d2842-61b0-0001-a52c-4d82b061d801}" RelatedActivityID=""></Correlation>
<Execution ProcessID="3236" ThreadID="4136"></Execution>
<Channel>Microsoft-Windows-AppXDeploymentServer/Operational</Channel>
<Computer>WIN-GE1PLB8KFNS</Computer>
<Security UserID="S-1-5-18"></Security>
</System>
<EventData><Data Name="PackageFullName">Microsoft.WindowsCalculator_10.2012.21.0_x64__8wekyb3d8bbwe</Data>
<Data Name="Flags">0x00000620</Data>
</EventData>
</Event>

<Event xmlns="http://schemas.microsoft.com/win/2004/08/events/event"><System><Provider Name="Microsoft-Windows-AppXDeployment-Server" Guid="{3f471139-acb7-4a01-b7a7-ff5da4ba2d43}"></Provider>
<EventID Qualifiers="">8100</EventID>
<Version>0</Version>
<Level>5</Level>
<Task>49</Task>
<Opcode>0</Opcode>
<Keywords>0x4000000000000001</Keywords>
<TimeCreated SystemTime="2022-05-07 01:20:12.885426"></TimeCreated>
<EventRecordID>472</EventRecordID>
<Correlation ActivityID="{824d2842-61b0-0001-af2c-4d82b061d801}" RelatedActivityID=""></Correlation>
<Execution ProcessID="3236" ThreadID="4736"></Execution>
<Channel>Microsoft-Windows-AppXDeploymentServer/Operational</Channel>
<Computer>WIN-GE1PLB8KFNS</Computer>
<Security UserID="S-1-5-18"></Security>
</System>
<EventData><Data Name="PackageFullName">Microsoft.WindowsNotepad_11.2203.10.0_neutral_~_8wekyb3d8bbwe</Data>
<Data Name="Flags">0x00000620</Data>
</EventData>
</Event>

<Event xmlns="http://schemas.microsoft.com/win/2004/08/events/event"><System><Provider Name="Microsoft-Windows-AppXDeployment-Server" Guid="{3f471139-acb7-4a01-b7a7-ff5da4ba2d43}"></Provider>
<EventID Qualifiers="">8100</EventID>
<Version>0</Version>
<Level>5</Level>
<Task>49</Task>
<Opcode>0</Opcode>
<Keywords>0x4000000000000001</Keywords>
<TimeCreated SystemTime="2022-05-07 01:20:12.889488"></TimeCreated>
<EventRecordID>473</EventRecordID>
<Correlation ActivityID="{824d2842-61b0-0001-af2c-4d82b061d801}" RelatedActivityID=""></Correlation>
<Execution ProcessID="3236" ThreadID="4736"></Execution>
<Channel>Microsoft-Windows-AppXDeploymentServer/Operational</Channel>
<Computer>WIN-GE1PLB8KFNS</Computer>
<Security UserID="S-1-5-18"></Security>
</System>
<EventData><Data Name="PackageFullName">Microsoft.WindowsNotepad_11.2203.10.0_x64__8wekyb3d8bbwe</Data>
<Data Name="Flags">0x00000620</Data>
</EventData>
</Event>

