<Event xmlns="http://schemas.microsoft.com/win/2004/08/events/event"><System><Provider Name="Microsoft-Windows-AppXDeployment-Server" Guid="{3f471139-acb7-4a01-b7a7-ff5da4ba2d43}"></Provider>
<EventID Qualifiers="">728</EventID>
<Version>0</Version>
<Level>3</Level>
<Task>3</Task>
<Opcode>0</Opcode>
<Keywords>0x4000000000000001</Keywords>
<TimeCreated SystemTime="2022-05-06 15:21:09.603231"></TimeCreated>
<EventRecordID>758</EventRecordID>
<Correlation ActivityID="{ac38061f-61b0-0001-b608-38acb061d801}" RelatedActivityID=""></Correlation>
<Execution ProcessID="1548" ThreadID="4948"></Execution>
<Channel>Microsoft-Windows-AppXDeploymentServer/Operational</Channel>
<Computer>DESKTOP-DBOP9M0</Computer>
<Security UserID="S-1-5-21-2389065719-3342106636-307857974-1000"></Security>
</System>
<EventData><Data Name="ApplicationUserModelId">MicrosoftWindows.Client.CBS_cw5n1h2txyewy!Global.Accounts</Data>
<Data Name="ErrorCode">0x80070015</Data>
</EventData>
</Event>

<Event xmlns="http://schemas.microsoft.com/win/2004/08/events/event"><System><Provider Name="Microsoft-Windows-AppXDeployment-Server" Guid="{3f471139-acb7-4a01-b7a7-ff5da4ba2d43}"></Provider>
<EventID Qualifiers="">728</EventID>
<Version>0</Version>
<Level>3</Level>
<Task>3</Task>
<Opcode>0</Opcode>
<Keywords>0x4000000000000001</Keywords>
<TimeCreated SystemTime="2022-05-06 15:21:09.603580"></TimeCreated>
<EventRecordID>759</EventRecordID>
<Correlation ActivityID="{ac38061f-61b0-0001-b608-38acb061d801}" RelatedActivityID=""></Correlation>
<Execution ProcessID="1548" ThreadID="4948"></Execution>
<Channel>Microsoft-Windows-AppXDeploymentServer/Operational</Channel>
<Computer>DESKTOP-DBOP9M0</Computer>
<Security UserID="S-1-5-21-2389065719-3342106636-307857974-1000"></Security>
</System>
<EventData><Data Name="ApplicationUserModelId">MicrosoftWindows.Client.CBS_cw5n1h2txyewy!Global.AppListBackup</Data>
<Data Name="ErrorCode">0x80070015</Data>
</EventData>
</Event>

<Event xmlns="http://schemas.microsoft.com/win/2004/08/events/event"><System><Provider Name="Microsoft-Windows-AppXDeployment-Server" Guid="{3f471139-acb7-4a01-b7a7-ff5da4ba2d43}"></Provider>
<EventID Qualifiers="">728</EventID>
<Version>0</Version>
<Level>3</Level>
<Task>3</Task>
<Opcode>0</Opcode>
<Keywords>0x4000000000000001</Keywords>
<TimeCreated SystemTime="2022-05-06 15:21:09.603834"></TimeCreated>
<EventRecordID>760</EventRecordID>
<Correlation ActivityID="{ac38061f-61b0-0001-b608-38acb061d801}" RelatedActivityID=""></Correlation>
<Execution ProcessID="1548" ThreadID="4948"></Execution>
<Channel>Microsoft-Windows-AppXDeploymentServer/Operational</Channel>
<Computer>DESKTOP-DBOP9M0</Computer>
<Security UserID="S-1-5-21-2389065719-3342106636-307857974-1000"></Security>
</System>
<EventData><Data Name="ApplicationUserModelId">MicrosoftWindows.Client.CBS_cw5n1h2txyewy!Global.FileExplorerExtensions</Data>
<Data Name="ErrorCode">0x80070015</Data>
</EventData>
</Event>

<Event xmlns="http://schemas.microsoft.com/win/2004/08/events/event"><System><Provider Name="Microsoft-Windows-AppXDeployment-Server" Guid="{3f471139-acb7-4a01-b7a7-ff5da4ba2d43}"></Provider>
<EventID Qualifiers="">728</EventID>
<Version>0</Version>
<Level>3</Level>
<Task>3</Task>
<Opcode>0</Opcode>
<Keywords>0x4000000000000001</Keywords>
<TimeCreated SystemTime="2022-05-06 15:21:09.604095"></TimeCreated>
<EventRecordID>761</EventRecordID>
<Correlation ActivityID="{ac38061f-61b0-0001-b608-38acb061d801}" RelatedActivityID=""></Correlation>
<Execution ProcessID="1548" ThreadID="4948"></Execution>
<Channel>Microsoft-Windows-AppXDeploymentServer/Operational</Channel>
<Computer>DESKTOP-DBOP9M0</Computer>
<Security UserID="S-1-5-21-2389065719-3342106636-307857974-1000"></Security>
</System>
<EventData><Data Name="ApplicationUserModelId">MicrosoftWindows.Client.CBS_cw5n1h2txyewy!Global.HardwareConfirmator</Data>
<Data Name="ErrorCode">0x80070015</Data>
</EventData>
</Event>

<Event xmlns="http://schemas.microsoft.com/win/2004/08/events/event"><System><Provider Name="Microsoft-Windows-AppXDeployment-Server" Guid="{3f471139-acb7-4a01-b7a7-ff5da4ba2d43}"></Provider>
<EventID Qualifiers="">728</EventID>
<Version>0</Version>
<Level>3</Level>
<Task>3</Task>
<Opcode>0</Opcode>
<Keywords>0x4000000000000001</Keywords>
<TimeCreated SystemTime="2022-05-06 15:21:09.604456"></TimeCreated>
<EventRecordID>762</EventRecordID>
<Correlation ActivityID="{ac38061f-61b0-0001-b608-38acb061d801}" RelatedActivityID=""></Correlation>
<Execution ProcessID="1548" ThreadID="4948"></Execution>
<Channel>Microsoft-Windows-AppXDeploymentServer/Operational</Channel>
<Computer>DESKTOP-DBOP9M0</Computer>
<Security UserID="S-1-5-21-2389065719-3342106636-307857974-1000"></Security>
</System>
<EventData><Data Name="ApplicationUserModelId">MicrosoftWindows.Client.CBS_cw5n1h2txyewy!Global.SnapLayout</Data>
<Data Name="ErrorCode">0x80070015</Data>
</EventData>
</Event>

<Event xmlns="http://schemas.microsoft.com/win/2004/08/events/event"><System><Provider Name="Microsoft-Windows-AppXDeployment-Server" Guid="{3f471139-acb7-4a01-b7a7-ff5da4ba2d43}"></Provider>
<EventID Qualifiers="">10002</EventID>
<Version>0</Version>
<Level>5</Level>
<Task>3</Task>
<Opcode>0</Opcode>
<Keywords>0x4000000000000001</Keywords>
<TimeCreated SystemTime="2022-05-06 15:21:09.604532"></TimeCreated>
<EventRecordID>763</EventRecordID>
<Correlation ActivityID="{ac38061f-61b0-0003-ab0a-38acb061d801}" RelatedActivityID=""></Correlation>
<Execution ProcessID="1548" ThreadID="4944"></Execution>
<Channel>Microsoft-Windows-AppXDeploymentServer/Operational</Channel>
<Computer>DESKTOP-DBOP9M0</Computer>
<Security UserID="S-1-5-18"></Security>
</System>
<EventData><Data Name="DeploymentOperation">6</Data>
<Data Name="MainPackageMoniker">Microsoft.Windows.ShellExperienceHost_10.0.22000.71_neutral_neutral_cw5n1h2txyewy</Data>
<Data Name="ResiliencyFilePath">C:\ProgramData\Microsoft\Windows\AppRepository\e77ebabb-870c-4861-8e4a-cceba4fd15f6_S-1-5-21-2389065719-3342106636-307857974-1000_10.rslc</Data>
</EventData>
</Event>

<Event xmlns="http://schemas.microsoft.com/win/2004/08/events/event"><System><Provider Name="Microsoft-Windows-AppXDeployment-Server" Guid="{3f471139-acb7-4a01-b7a7-ff5da4ba2d43}"></Provider>
<EventID Qualifiers="">728</EventID>
<Version>0</Version>
<Level>3</Level>
<Task>3</Task>
<Opcode>0</Opcode>
<Keywords>0x4000000000000001</Keywords>
<TimeCreated SystemTime="2022-05-06 15:21:09.604757"></TimeCreated>
<EventRecordID>764</EventRecordID>
<Correlation ActivityID="{ac38061f-61b0-0001-b608-38acb061d801}" RelatedActivityID=""></Correlation>
<Execution ProcessID="1548" ThreadID="4948"></Execution>
<Channel>Microsoft-Windows-AppXDeploymentServer/Operational</Channel>
<Computer>DESKTOP-DBOP9M0</Computer>
<Security UserID="S-1-5-21-2389065719-3342106636-307857974-1000"></Security>
</System>
<EventData><Data Name="ApplicationUserModelId">MicrosoftWindows.Client.CBS_cw5n1h2txyewy!Global.SystemTray</Data>
<Data Name="ErrorCode">0x80070015</Data>
</EventData>
</Event>

<Event xmlns="http://schemas.microsoft.com/win/2004/08/events/event"><System><Provider Name="Microsoft-Windows-AppXDeployment-Server" Guid="{3f471139-acb7-4a01-b7a7-ff5da4ba2d43}"></Provider>
<EventID Qualifiers="">607</EventID>
<Version>0</Version>
<Level>4</Level>
<Task>0</Task>
<Opcode>0</Opcode>
<Keywords>0x4000000000000001</Keywords>
<TimeCreated SystemTime="2022-05-06 15:21:09.604856"></TimeCreated>
<EventRecordID>765</EventRecordID>
<Correlation ActivityID="{ac38061f-61b0-0003-ab0a-38acb061d801}" RelatedActivityID=""></Correlation>
<Execution ProcessID="1548" ThreadID="4944"></Execution>
<Channel>Microsoft-Windows-AppXDeploymentServer/Operational</Channel>
<Computer>DESKTOP-DBOP9M0</Computer>
<Security UserID="S-1-5-21-2389065719-3342106636-307857974-1000"></Security>
</System>
<EventData><Data Name="DeploymentOperation">6</Data>
<Data Name="PackageFullName">Microsoft.Windows.ShellExperienceHost_10.0.22000.71_neutral_neutral_cw5n1h2txyewy</Data>
<Data Name="UserSid">S-1-5-21-2389065719-3342106636-307857974-1000</Data>
<Data Name="CallingProcess">svchost.exe,AppReadiness</Data>
</EventData>
</Event>

<Event xmlns="http://schemas.microsoft.com/win/2004/08/events/event"><System><Provider Name="Microsoft-Windows-AppXDeployment-Server" Guid="{3f471139-acb7-4a01-b7a7-ff5da4ba2d43}"></Provider>
<EventID Qualifiers="">728</EventID>
<Version>0</Version>
<Level>3</Level>
<Task>3</Task>
<Opcode>0</Opcode>
<Keywords>0x4000000000000001</Keywords>
<TimeCreated SystemTime="2022-05-06 15:21:09.604988"></TimeCreated>
<EventRecordID>766</EventRecordID>
<Correlation ActivityID="{ac38061f-61b0-0001-b608-38acb061d801}" RelatedActivityID=""></Correlation>
<Execution ProcessID="1548" ThreadID="4948"></Execution>
<Channel>Microsoft-Windows-AppXDeploymentServer/Operational</Channel>
<Computer>DESKTOP-DBOP9M0</Computer>
<Security UserID="S-1-5-21-2389065719-3342106636-307857974-1000"></Security>
</System>
<EventData><Data Name="ApplicationUserModelId">MicrosoftWindows.Client.CBS_cw5n1h2txyewy!Global.Taskbar</Data>
<Data Name="ErrorCode">0x80070015</Data>
</EventData>
</Event>

<Event xmlns="http://schemas.microsoft.com/win/2004/08/events/event"><System><Provider Name="Microsoft-Windows-AppXDeployment-Server" Guid="{3f471139-acb7-4a01-b7a7-ff5da4ba2d43}"></Provider>
<EventID Qualifiers="">854</EventID>
<Version>0</Version>
<Level>4</Level>
<Task>3</Task>
<Opcode>0</Opcode>
<Keywords>0x4000000000000001</Keywords>
<TimeCreated SystemTime="2022-05-06 15:21:09.605120"></TimeCreated>
<EventRecordID>767</EventRecordID>
<Correlation ActivityID="{ac38061f-61b0-0003-ab0a-38acb061d801}" RelatedActivityID=""></Correlation>
<Execution ProcessID="1548" ThreadID="4944"></Execution>
<Channel>Microsoft-Windows-AppXDeploymentServer/Operational</Channel>
<Computer>DESKTOP-DBOP9M0</Computer>
<Security UserID="S-1-5-21-2389065719-3342106636-307857974-1000"></Security>
</System>
<EventData><Data Name="Path"> C:\Windows\SystemApps\ShellExperienceHost_cw5n1h2txyewy\AppxManifest.xml</Data>
</EventData>
</Event>

<Event xmlns="http://schemas.microsoft.com/win/2004/08/events/event"><System><Provider Name="Microsoft-Windows-AppXDeployment-Server" Guid="{3f471139-acb7-4a01-b7a7-ff5da4ba2d43}"></Provider>
<EventID Qualifiers="">728</EventID>
<Version>0</Version>
<Level>3</Level>
<Task>3</Task>
<Opcode>0</Opcode>
<Keywords>0x4000000000000001</Keywords>
<TimeCreated SystemTime="2022-05-06 15:21:09.605280"></TimeCreated>
<EventRecordID>768</EventRecordID>
<Correlation ActivityID="{ac38061f-61b0-0001-b608-38acb061d801}" RelatedActivityID=""></Correlation>
<Execution ProcessID="1548" ThreadID="4948"></Execution>
<Channel>Microsoft-Windows-AppXDeploymentServer/Operational</Channel>
<Computer>DESKTOP-DBOP9M0</Computer>
<Security UserID="S-1-5-21-2389065719-3342106636-307857974-1000"></Security>
</System>
<EventData><Data Name="ApplicationUserModelId">MicrosoftWindows.Client.CBS_cw5n1h2txyewy!InputApp</Data>
<Data Name="ErrorCode">0x80070015</Data>
</EventData>
</Event>

<Event xmlns="http://schemas.microsoft.com/win/2004/08/events/event"><System><Provider Name="Microsoft-Windows-AppXDeployment-Server" Guid="{3f471139-acb7-4a01-b7a7-ff5da4ba2d43}"></Provider>
<EventID Qualifiers="">728</EventID>
<Version>0</Version>
<Level>3</Level>
<Task>3</Task>
<Opcode>0</Opcode>
<Keywords>0x4000000000000001</Keywords>
<TimeCreated SystemTime="2022-05-06 15:21:09.605505"></TimeCreated>
<EventRecordID>769</EventRecordID>
<Correlation ActivityID="{ac38061f-61b0-0001-b608-38acb061d801}" RelatedActivityID=""></Correlation>
<Execution ProcessID="1548" ThreadID="4948"></Execution>
<Channel>Microsoft-Windows-AppXDeploymentServer/Operational</Channel>
<Computer>DESKTOP-DBOP9M0</Computer>
<Security UserID="S-1-5-21-2389065719-3342106636-307857974-1000"></Security>
</System>
<EventData><Data Name="ApplicationUserModelId">MicrosoftWindows.Client.CBS_cw5n1h2txyewy!Global.IrisService</Data>
<Data Name="ErrorCode">0x80070015</Data>
</EventData>
</Event>

<Event xmlns="http://schemas.microsoft.com/win/2004/08/events/event"><System><Provider Name="Microsoft-Windows-AppXDeployment-Server" Guid="{3f471139-acb7-4a01-b7a7-ff5da4ba2d43}"></Provider>
<EventID Qualifiers="">728</EventID>
<Version>0</Version>
<Level>3</Level>
<Task>3</Task>
<Opcode>0</Opcode>
<Keywords>0x4000000000000001</Keywords>
<TimeCreated SystemTime="2022-05-06 15:21:09.605820"></TimeCreated>
<EventRecordID>770</EventRecordID>
<Correlation ActivityID="{ac38061f-61b0-0001-b608-38acb061d801}" RelatedActivityID=""></Correlation>
<Execution ProcessID="1548" ThreadID="4948"></Execution>
<Channel>Microsoft-Windows-AppXDeploymentServer/Operational</Channel>
<Computer>DESKTOP-DBOP9M0</Computer>
<Security UserID="S-1-5-21-2389065719-3342106636-307857974-1000"></Security>
</System>
<EventData><Data Name="ApplicationUserModelId">MicrosoftWindows.Client.CBS_cw5n1h2txyewy!ScreenClipping</Data>
<Data Name="ErrorCode">0x80070015</Data>
</EventData>
</Event>

<Event xmlns="http://schemas.microsoft.com/win/2004/08/events/event"><System><Provider Name="Microsoft-Windows-AppXDeployment-Server" Guid="{3f471139-acb7-4a01-b7a7-ff5da4ba2d43}"></Provider>
<EventID Qualifiers="">728</EventID>
<Version>0</Version>
<Level>3</Level>
<Task>3</Task>
<Opcode>0</Opcode>
<Keywords>0x4000000000000001</Keywords>
<TimeCreated SystemTime="2022-05-06 15:21:09.606056"></TimeCreated>
<EventRecordID>771</EventRecordID>
<Correlation ActivityID="{ac38061f-61b0-0001-b608-38acb061d801}" RelatedActivityID=""></Correlation>
<Execution ProcessID="1548" ThreadID="4948"></Execution>
<Channel>Microsoft-Windows-AppXDeploymentServer/Operational</Channel>
<Computer>DESKTOP-DBOP9M0</Computer>
<Security UserID="S-1-5-21-2389065719-3342106636-307857974-1000"></Security>
</System>
<EventData><Data Name="ApplicationUserModelId">MicrosoftWindows.Client.CBS_cw5n1h2txyewy!MiniSearchUI</Data>
<Data Name="ErrorCode">0x80070015</Data>
</EventData>
</Event>

<Event xmlns="http://schemas.microsoft.com/win/2004/08/events/event"><System><Provider Name="Microsoft-Windows-AppXDeployment-Server" Guid="{3f471139-acb7-4a01-b7a7-ff5da4ba2d43}"></Provider>
<EventID Qualifiers="">728</EventID>
<Version>0</Version>
<Level>3</Level>
<Task>3</Task>
<Opcode>0</Opcode>
<Keywords>0x4000000000000001</Keywords>
<TimeCreated SystemTime="2022-05-06 15:21:09.606394"></TimeCreated>
<EventRecordID>772</EventRecordID>
<Correlation ActivityID="{ac38061f-61b0-0001-b608-38acb061d801}" RelatedActivityID=""></Correlation>
<Execution ProcessID="1548" ThreadID="4948"></Execution>
<Channel>Microsoft-Windows-AppXDeploymentServer/Operational</Channel>
<Computer>DESKTOP-DBOP9M0</Computer>
<Security UserID="S-1-5-21-2389065719-3342106636-307857974-1000"></Security>
</System>
<EventData><Data Name="ApplicationUserModelId">MicrosoftWindows.Client.CBS_cw5n1h2txyewy!CortanaUI</Data>
<Data Name="ErrorCode">0x80070015</Data>
</EventData>
</Event>

<Event xmlns="http://schemas.microsoft.com/win/2004/08/events/event"><System><Provider Name="Microsoft-Windows-AppXDeployment-Server" Guid="{3f471139-acb7-4a01-b7a7-ff5da4ba2d43}"></Provider>
<EventID Qualifiers="">728</EventID>
<Version>0</Version>
<Level>3</Level>
<Task>3</Task>
<Opcode>0</Opcode>
<Keywords>0x4000000000000001</Keywords>
<TimeCreated SystemTime="2022-05-06 15:21:09.606678"></TimeCreated>
<EventRecordID>773</EventRecordID>
<Correlation ActivityID="{ac38061f-61b0-0001-b608-38acb061d801}" RelatedActivityID=""></Correlation>
<Execution ProcessID="1548" ThreadID="4948"></Execution>
<Channel>Microsoft-Windows-AppXDeploymentServer/Operational</Channel>
<Computer>DESKTOP-DBOP9M0</Computer>
<Security UserID="S-1-5-21-2389065719-3342106636-307857974-1000"></Security>
</System>
<EventData><Data Name="ApplicationUserModelId">MicrosoftWindows.Client.CBS_cw5n1h2txyewy!FESearchUI</Data>
<Data Name="ErrorCode">0x80070015</Data>
</EventData>
</Event>

<Event xmlns="http://schemas.microsoft.com/win/2004/08/events/event"><System><Provider Name="Microsoft-Windows-AppXDeployment-Server" Guid="{3f471139-acb7-4a01-b7a7-ff5da4ba2d43}"></Provider>
<EventID Qualifiers="">728</EventID>
<Version>0</Version>
<Level>3</Level>
<Task>3</Task>
<Opcode>0</Opcode>
<Keywords>0x4000000000000001</Keywords>
<TimeCreated SystemTime="2022-05-06 15:21:09.607002"></TimeCreated>
<EventRecordID>774</EventRecordID>
<Correlation ActivityID="{ac38061f-61b0-0001-b608-38acb061d801}" RelatedActivityID=""></Correlation>
<Execution ProcessID="1548" ThreadID="4948"></Execution>
<Channel>Microsoft-Windows-AppXDeploymentServer/Operational</Channel>
<Computer>DESKTOP-DBOP9M0</Computer>
<Security UserID="S-1-5-21-2389065719-3342106636-307857974-1000"></Security>
</System>
<EventData><Data Name="ApplicationUserModelId">MicrosoftWindows.Client.CBS_cw5n1h2txyewy!Global.StartMenu</Data>
<Data Name="ErrorCode">0x80070015</Data>
</EventData>
</Event>

<Event xmlns="http://schemas.microsoft.com/win/2004/08/events/event"><System><Provider Name="Microsoft-Windows-AppXDeployment-Server" Guid="{3f471139-acb7-4a01-b7a7-ff5da4ba2d43}"></Provider>
<EventID Qualifiers="">728</EventID>
<Version>0</Version>
<Level>3</Level>
<Task>3</Task>
<Opcode>0</Opcode>
<Keywords>0x4000000000000001</Keywords>
<TimeCreated SystemTime="2022-05-06 15:21:09.607347"></TimeCreated>
<EventRecordID>775</EventRecordID>
<Correlation ActivityID="{ac38061f-61b0-0001-b608-38acb061d801}" RelatedActivityID=""></Correlation>
<Execution ProcessID="1548" ThreadID="4948"></Execution>
<Channel>Microsoft-Windows-AppXDeploymentServer/Operational</Channel>
<Computer>DESKTOP-DBOP9M0</Computer>
<Security UserID="S-1-5-21-2389065719-3342106636-307857974-1000"></Security>
</System>
<EventData><Data Name="ApplicationUserModelId">MicrosoftWindows.Client.CBS_cw5n1h2txyewy!Global.ValueBanner</Data>
<Data Name="ErrorCode">0x80070015</Data>
</EventData>
</Event>

<Event xmlns="http://schemas.microsoft.com/win/2004/08/events/event"><System><Provider Name="Microsoft-Windows-AppXDeployment-Server" Guid="{3f471139-acb7-4a01-b7a7-ff5da4ba2d43}"></Provider>
<EventID Qualifiers="">728</EventID>
<Version>0</Version>
<Level>3</Level>
<Task>3</Task>
<Opcode>0</Opcode>
<Keywords>0x4000000000000001</Keywords>
<TimeCreated SystemTime="2022-05-06 15:21:09.607607"></TimeCreated>
<EventRecordID>776</EventRecordID>
<Correlation ActivityID="{ac38061f-61b0-0001-b608-38acb061d801}" RelatedActivityID=""></Correlation>
<Execution ProcessID="1548" ThreadID="4948"></Execution>
<Channel>Microsoft-Windows-AppXDeploymentServer/Operational</Channel>
<Computer>DESKTOP-DBOP9M0</Computer>
<Security UserID="S-1-5-21-2389065719-3342106636-307857974-1000"></Security>
</System>
<EventData><Data Name="ApplicationUserModelId">MicrosoftWindows.Client.CBS_cw5n1h2txyewy!WebExperienceHost</Data>
<Data Name="ErrorCode">0x80070015</Data>
</EventData>
</Event>

<Event xmlns="http://schemas.microsoft.com/win/2004/08/events/event"><System><Provider Name="Microsoft-Windows-AppXDeployment-Server" Guid="{3f471139-acb7-4a01-b7a7-ff5da4ba2d43}"></Provider>
<EventID Qualifiers="">728</EventID>
<Version>0</Version>
<Level>3</Level>
<Task>3</Task>
<Opcode>0</Opcode>
<Keywords>0x4000000000000001</Keywords>
<TimeCreated SystemTime="2022-05-06 15:21:09.607847"></TimeCreated>
<EventRecordID>777</EventRecordID>
<Correlation ActivityID="{ac38061f-61b0-0001-b608-38acb061d801}" RelatedActivityID=""></Correlation>
<Execution ProcessID="1548" ThreadID="4948"></Execution>
<Channel>Microsoft-Windows-AppXDeploymentServer/Operational</Channel>
<Computer>DESKTOP-DBOP9M0</Computer>
<Security UserID="S-1-5-21-2389065719-3342106636-307857974-1000"></Security>
</System>
<EventData><Data Name="ApplicationUserModelId">MicrosoftWindows.Client.CBS_cw5n1h2txyewy!Global.ExperienceExtensions</Data>
<Data Name="ErrorCode">0x80070015</Data>
</EventData>
</Event>

<Event xmlns="http://schemas.microsoft.com/win/2004/08/events/event"><System><Provider Name="Microsoft-Windows-AppXDeployment-Server" Guid="{3f471139-acb7-4a01-b7a7-ff5da4ba2d43}"></Provider>
<EventID Qualifiers="">728</EventID>
<Version>0</Version>
<Level>3</Level>
<Task>3</Task>
<Opcode>0</Opcode>
<Keywords>0x4000000000000001</Keywords>
<TimeCreated SystemTime="2022-05-06 15:21:09.608725"></TimeCreated>
<EventRecordID>778</EventRecordID>
<Correlation ActivityID="{ac38061f-61b0-0001-b608-38acb061d801}" RelatedActivityID=""></Correlation>
<Execution ProcessID="1548" ThreadID="4948"></Execution>
<Channel>Microsoft-Windows-AppXDeploymentServer/Operational</Channel>
<Computer>DESKTOP-DBOP9M0</Computer>
<Security UserID="S-1-5-21-2389065719-3342106636-307857974-1000"></Security>
</System>
<EventData><Data Name="ApplicationUserModelId">MicrosoftWindows.Client.CBS_cw5n1h2txyewy!Global.WsxPackManager</Data>
<Data Name="ErrorCode">0x80070015</Data>
</EventData>
</Event>

<Event xmlns="http://schemas.microsoft.com/win/2004/08/events/event"><System><Provider Name="Microsoft-Windows-AppXDeployment-Server" Guid="{3f471139-acb7-4a01-b7a7-ff5da4ba2d43}"></Provider>
<EventID Qualifiers="">400</EventID>
<Version>0</Version>
<Level>4</Level>
<Task>3</Task>
<Opcode>2</Opcode>
<Keywords>0x4000000000000001</Keywords>
<TimeCreated SystemTime="2022-05-06 15:21:09.609388"></TimeCreated>
<EventRecordID>779</EventRecordID>
<Correlation ActivityID="{ac38061f-61b0-0001-b608-38acb061d801}" RelatedActivityID=""></Correlation>
<Execution ProcessID="1548" ThreadID="4948"></Execution>
<Channel>Microsoft-Windows-AppXDeploymentServer/Operational</Channel>
<Computer>DESKTOP-DBOP9M0</Computer>
<Security UserID="S-1-5-21-2389065719-3342106636-307857974-1000"></Security>
</System>
<EventData><Data Name="DeploymentOperation">6</Data>
<Data Name="PackageFullName">MicrosoftWindows.Client.CBS_1000.22000.652.0_x64__cw5n1h2txyewy</Data>
<Data Name="Path"> (AppxManifest.xml) </Data>
<Data Name="MountPoint">C:</Data>
<Data Name="TargetPlatform">0x00000003</Data>
<Data Name="SystemVolume">True</Data>
<Data Name="StorageId">\\?\Volume{bf27b24f-9e98-4395-9110-325985ded282}</Data>
<Data Name="IsCentennial">False</Data>
<Data Name="PackageType">0x00000001</Data>
<Data Name="IsPackageEncrypted">False</Data>
<Data Name="DeploymentOptions">0x0004000092040240</Data>
<Data Name="IsStreamingPackage">False</Data>
<Data Name="IsInRelatedSet">False</Data>
<Data Name="IsPackageUsingBDC">False</Data>
<Data Name="MainPackageFamilyName">NULL</Data>
<Data Name="CallingProcess">svchost.exe,AppReadiness</Data>
<Data Name="IsOptional">False</Data>
<Data Name="PackageFlags">0x00080408</Data>
<Data Name="PackageFlags2">0x00000800</Data>
<Data Name="HasWin32alacarte">False</Data>
<Data Name="HasFullTrust">False</Data>
<Data Name="ExternalLocation"></Data>
<Data Name="PackageSourceUri"></Data>
<Data Name="PackageDisplayName">ms-resource:ProductPkgDisplayName</Data>
</EventData>
</Event>

<Event xmlns="http://schemas.microsoft.com/win/2004/08/events/event"><System><Provider Name="Microsoft-Windows-AppXDeployment-Server" Guid="{3f471139-acb7-4a01-b7a7-ff5da4ba2d43}"></Provider>
<EventID Qualifiers="">629</EventID>
<Version>0</Version>
<Level>5</Level>
<Task>4</Task>
<Opcode>0</Opcode>
<Keywords>0x4000000000000001</Keywords>
<TimeCreated SystemTime="2022-05-06 15:21:09.738743"></TimeCreated>
<EventRecordID>780</EventRecordID>
<Correlation ActivityID="{ac38061f-61b0-0003-ab0a-38acb061d801}" RelatedActivityID=""></Correlation>
<Execution ProcessID="1548" ThreadID="4944"></Execution>
<Channel>Microsoft-Windows-AppXDeploymentServer/Operational</Channel>
<Computer>DESKTOP-DBOP9M0</Computer>
<Security UserID="S-1-5-21-2389065719-3342106636-307857974-1000"></Security>
</System>
<EventData><Data Name="PackageName">Microsoft.Windows.ShellExperienceHost_10.0.22000.71_neutral_neutral_cw5n1h2txyewy</Data>
<Data Name="DependencyName">Microsoft.UI.Xaml.CBS</Data>
<Data Name="DependencyPublisher">CN=Microsoft Corporation, O=Microsoft Corporation, L=Redmond, S=Washington, C=US</Data>
<Data Name="DependencyArchitecture">0</Data>
<Data Name="DependencyMinVersion">2.62102.17002.0</Data>
<Data Name="FrameworkList">{Microsoft.UI.Xaml.CBS_2.62107.16001.0_x64__8wekyb3d8bbwe}</Data>
</EventData>
</Event>

<Event xmlns="http://schemas.microsoft.com/win/2004/08/events/event"><System><Provider Name="Microsoft-Windows-AppXDeployment-Server" Guid="{3f471139-acb7-4a01-b7a7-ff5da4ba2d43}"></Provider>
<EventID Qualifiers="">855</EventID>
<Version>0</Version>
<Level>4</Level>
<Task>4</Task>
<Opcode>0</Opcode>
<Keywords>0x4000000000000001</Keywords>
<TimeCreated SystemTime="2022-05-06 15:21:09.743626"></TimeCreated>
<EventRecordID>781</EventRecordID>
<Correlation ActivityID="{ac38061f-61b0-0003-ab0a-38acb061d801}" RelatedActivityID=""></Correlation>
<Execution ProcessID="1548" ThreadID="4944"></Execution>
<Channel>Microsoft-Windows-AppXDeploymentServer/Operational</Channel>
<Computer>DESKTOP-DBOP9M0</Computer>
<Security UserID="S-1-5-21-2389065719-3342106636-307857974-1000"></Security>
</System>
<EventData><Data Name="PackageMoniker"> addPackageList: Microsoft.Windows.ShellExperienceHost_10.0.22000.71_neutral_neutral_cw5n1h2txyewy</Data>
</EventData>
</Event>

<Event xmlns="http://schemas.microsoft.com/win/2004/08/events/event"><System><Provider Name="Microsoft-Windows-AppXDeployment-Server" Guid="{3f471139-acb7-4a01-b7a7-ff5da4ba2d43}"></Provider>
<EventID Qualifiers="">613</EventID>
<Version>0</Version>
<Level>4</Level>
<Task>3</Task>
<Opcode>0</Opcode>
<Keywords>0x4000000000000001</Keywords>
<TimeCreated SystemTime="2022-05-06 15:21:09.783470"></TimeCreated>
<EventRecordID>782</EventRecordID>
<Correlation ActivityID="{ac38061f-61b0-0001-b608-38acb061d801}" RelatedActivityID=""></Correlation>
<Execution ProcessID="1548" ThreadID="4948"></Execution>
<Channel>Microsoft-Windows-AppXDeploymentServer/Operational</Channel>
<Computer>DESKTOP-DBOP9M0</Computer>
<Security UserID="S-1-5-21-2389065719-3342106636-307857974-1000"></Security>
</System>
<EventData><Data Name="DeploymentOperation">6</Data>
<Data Name="PackageFullName">MicrosoftWindows.Client.CBS_1000.22000.652.0_x64__cw5n1h2txyewy</Data>
<Data Name="Summary">
Overall time: 812 ms
Enqueue cost: 47 ms
Dequeue delay: 0 ms
Bundle processing cost: 0 ms
Indexing cost: 31 ms
Resolve dependency cost: 0 ms
Check approval cost: 0 ms
Evaluation cost: 0 ms
Hardlinking evaluation cost: 0 ms
Stage required cost: 0 ms
Flushing and closing files cost: 0 ms
Gap: 16 ms
Machine register cost: 0 ms
Stage user data cost: 0 ms
Registration cost: 422 ms
Repository commit transaction cost: 93 ms
Gap: 172 ms
Data flush cost: 0 ms
Post DeStage repository commit transaction cost: 16 ms
Remaining cost: 15 ms
</Data>
</EventData>
</Event>

<Event xmlns="http://schemas.microsoft.com/win/2004/08/events/event"><System><Provider Name="Microsoft-Windows-AppXDeployment-Server" Guid="{3f471139-acb7-4a01-b7a7-ff5da4ba2d43}"></Provider>
<EventID Qualifiers="">821</EventID>
<Version>0</Version>
<Level>5</Level>
<Task>6</Task>
<Opcode>0</Opcode>
<Keywords>0x4000000000000001</Keywords>
<TimeCreated SystemTime="2022-05-06 15:21:09.787706"></TimeCreated>
<EventRecordID>783</EventRecordID>
<Correlation ActivityID="{ac38061f-61b0-0003-ec0a-38acb061d801}" RelatedActivityID=""></Correlation>
<Execution ProcessID="3588" ThreadID="5396"></Execution>
<Channel>Microsoft-Windows-AppXDeploymentServer/Operational</Channel>
<Computer>DESKTOP-DBOP9M0</Computer>
<Security UserID="S-1-5-18"></Security>
</System>
<EventData><Data Name="UserSid">S-1-5-21-2389065719-3342106636-307857974-1000</Data>
<Data Name="MainPackageFullName">MicrosoftWindows.Client.CBS_1000.22000.652.0_neutral_neutral_cw5n1h2txyewy</Data>
<Data Name="ErrorCode">0x00000000</Data>
</EventData>
</Event>

<Event xmlns="http://schemas.microsoft.com/win/2004/08/events/event"><System><Provider Name="Microsoft-Windows-AppXDeployment-Server" Guid="{3f471139-acb7-4a01-b7a7-ff5da4ba2d43}"></Provider>
<EventID Qualifiers="">822</EventID>
<Version>0</Version>
<Level>5</Level>
<Task>6</Task>
<Opcode>0</Opcode>
<Keywords>0x4000000000000001</Keywords>
<TimeCreated SystemTime="2022-05-06 15:21:09.788538"></TimeCreated>
<EventRecordID>784</EventRecordID>
<Correlation ActivityID="{ac38061f-61b0-0003-ec0a-38acb061d801}" RelatedActivityID=""></Correlation>
<Execution ProcessID="3588" ThreadID="5396"></Execution>
<Channel>Microsoft-Windows-AppXDeploymentServer/Operational</Channel>
<Computer>DESKTOP-DBOP9M0</Computer>
<Security UserID="S-1-5-18"></Security>
</System>
<EventData><Data Name="Error">0x00000000</Data>
<Data Name="PackageMoniker">MicrosoftWindows.Client.CBS_1000.22000.652.0_neutral_neutral_cw5n1h2txyewy</Data>
</EventData>
</Event>

<Event xmlns="http://schemas.microsoft.com/win/2004/08/events/event"><System><Provider Name="Microsoft-Windows-AppXDeployment-Server" Guid="{3f471139-acb7-4a01-b7a7-ff5da4ba2d43}"></Provider>
<EventID Qualifiers="">10000</EventID>
<Version>0</Version>
<Level>5</Level>
<Task>4</Task>
<Opcode>0</Opcode>
<Keywords>0x4000000000000001</Keywords>
<TimeCreated SystemTime="2022-05-06 15:21:09.790943"></TimeCreated>
<EventRecordID>785</EventRecordID>
<Correlation ActivityID="{ac38061f-61b0-0003-ab0a-38acb061d801}" RelatedActivityID=""></Correlation>
<Execution ProcessID="1548" ThreadID="4944"></Execution>
<Channel>Microsoft-Windows-AppXDeploymentServer/Operational</Channel>
<Computer>DESKTOP-DBOP9M0</Computer>
<Security UserID="S-1-5-18"></Security>
</System>
<EventData><Data Name="PackageFullName">Microsoft.Windows.ShellExperienceHost_10.0.22000.71_neutral_neutral_cw5n1h2txyewy</Data>
<Data Name="ErrorCode">0x00000000</Data>
</EventData>
</Event>

<Event xmlns="http://schemas.microsoft.com/win/2004/08/events/event"><System><Provider Name="Microsoft-Windows-AppXDeployment-Server" Guid="{3f471139-acb7-4a01-b7a7-ff5da4ba2d43}"></Provider>
<EventID Qualifiers="">603</EventID>
<Version>0</Version>
<Level>4</Level>
<Task>3</Task>
<Opcode>0</Opcode>
<Keywords>0x4000000000000001</Keywords>
<TimeCreated SystemTime="2022-05-06 15:21:09.798109"></TimeCreated>
<EventRecordID>786</EventRecordID>
<Correlation ActivityID="{ac38061f-61b0-0003-ef0a-38acb061d801}" RelatedActivityID=""></Correlation>
<Execution ProcessID="1548" ThreadID="6028"></Execution>
<Channel>Microsoft-Windows-AppXDeploymentServer/Operational</Channel>
<Computer>DESKTOP-DBOP9M0</Computer>
<Security UserID="S-1-5-21-2389065719-3342106636-307857974-1000"></Security>
</System>
<EventData><Data Name="DeploymentOperation">6</Data>
<Data Name="Path">AppxManifest.xml</Data>
<Data Name="Flags">2449474112</Data>
<Data Name="FlagsHigh">262144</Data>
<Data Name="CallingProcess">svchost.exe,AppReadiness</Data>
<Data Name="ExternalLocation"></Data>
</EventData>
</Event>

<Event xmlns="http://schemas.microsoft.com/win/2004/08/events/event"><System><Provider Name="Microsoft-Windows-AppXDeployment-Server" Guid="{3f471139-acb7-4a01-b7a7-ff5da4ba2d43}"></Provider>
<EventID Qualifiers="">10002</EventID>
<Version>0</Version>
<Level>5</Level>
<Task>3</Task>
<Opcode>0</Opcode>
<Keywords>0x4000000000000001</Keywords>
<TimeCreated SystemTime="2022-05-06 15:21:09.840584"></TimeCreated>
<EventRecordID>787</EventRecordID>
<Correlation ActivityID="{ac38061f-61b0-0003-ef0a-38acb061d801}" RelatedActivityID=""></Correlation>
<Execution ProcessID="1548" ThreadID="4948"></Execution>
<Channel>Microsoft-Windows-AppXDeploymentServer/Operational</Channel>
<Computer>DESKTOP-DBOP9M0</Computer>
<Security UserID="S-1-5-18"></Security>
</System>
<EventData><Data Name="DeploymentOperation">6</Data>
<Data Name="MainPackageMoniker">Microsoft.Windows.ContentDeliveryManager_10.0.22000.1_neutral_neutral_cw5n1h2txyewy</Data>
<Data Name="ResiliencyFilePath">C:\ProgramData\Microsoft\Windows\AppRepository\e77ebabb-870c-4861-8e4a-cceba4fd15f6_S-1-5-21-2389065719-3342106636-307857974-1000_11.rslc</Data>
</EventData>
</Event>

<Event xmlns="http://schemas.microsoft.com/win/2004/08/events/event"><System><Provider Name="Microsoft-Windows-AppXDeployment-Server" Guid="{3f471139-acb7-4a01-b7a7-ff5da4ba2d43}"></Provider>
<EventID Qualifiers="">607</EventID>
<Version>0</Version>
<Level>4</Level>
<Task>0</Task>
<Opcode>0</Opcode>
<Keywords>0x4000000000000001</Keywords>
<TimeCreated SystemTime="2022-05-06 15:21:09.841040"></TimeCreated>
<EventRecordID>788</EventRecordID>
<Correlation ActivityID="{ac38061f-61b0-0003-ef0a-38acb061d801}" RelatedActivityID=""></Correlation>
<Execution ProcessID="1548" ThreadID="4948"></Execution>
<Channel>Microsoft-Windows-AppXDeploymentServer/Operational</Channel>
<Computer>DESKTOP-DBOP9M0</Computer>
<Security UserID="S-1-5-21-2389065719-3342106636-307857974-1000"></Security>
</System>
<EventData><Data Name="DeploymentOperation">6</Data>
<Data Name="PackageFullName">Microsoft.Windows.ContentDeliveryManager_10.0.22000.1_neutral_neutral_cw5n1h2txyewy</Data>
<Data Name="UserSid">S-1-5-21-2389065719-3342106636-307857974-1000</Data>
<Data Name="CallingProcess">svchost.exe,AppReadiness</Data>
</EventData>
</Event>

<Event xmlns="http://schemas.microsoft.com/win/2004/08/events/event"><System><Provider Name="Microsoft-Windows-AppXDeployment-Server" Guid="{3f471139-acb7-4a01-b7a7-ff5da4ba2d43}"></Provider>
<EventID Qualifiers="">854</EventID>
<Version>0</Version>
<Level>4</Level>
<Task>3</Task>
<Opcode>0</Opcode>
<Keywords>0x4000000000000001</Keywords>
<TimeCreated SystemTime="2022-05-06 15:21:09.841341"></TimeCreated>
<EventRecordID>789</EventRecordID>
<Correlation ActivityID="{ac38061f-61b0-0003-ef0a-38acb061d801}" RelatedActivityID=""></Correlation>
<Execution ProcessID="1548" ThreadID="4948"></Execution>
<Channel>Microsoft-Windows-AppXDeploymentServer/Operational</Channel>
<Computer>DESKTOP-DBOP9M0</Computer>
<Security UserID="S-1-5-21-2389065719-3342106636-307857974-1000"></Security>
</System>
<EventData><Data Name="Path"> C:\Windows\SystemApps\Microsoft.Windows.ContentDeliveryManager_cw5n1h2txyewy\AppxManifest.xml</Data>
</EventData>
</Event>

<Event xmlns="http://schemas.microsoft.com/win/2004/08/events/event"><System><Provider Name="Microsoft-Windows-AppXDeployment-Server" Guid="{3f471139-acb7-4a01-b7a7-ff5da4ba2d43}"></Provider>
<EventID Qualifiers="">855</EventID>
<Version>0</Version>
<Level>4</Level>
<Task>4</Task>
<Opcode>0</Opcode>
<Keywords>0x4000000000000001</Keywords>
<TimeCreated SystemTime="2022-05-06 15:21:09.858683"></TimeCreated>
<EventRecordID>790</EventRecordID>
<Correlation ActivityID="{ac38061f-61b0-0003-ef0a-38acb061d801}" RelatedActivityID=""></Correlation>
<Execution ProcessID="1548" ThreadID="4948"></Execution>
<Channel>Microsoft-Windows-AppXDeploymentServer/Operational</Channel>
<Computer>DESKTOP-DBOP9M0</Computer>
<Security UserID="S-1-5-21-2389065719-3342106636-307857974-1000"></Security>
</System>
<EventData><Data Name="PackageMoniker"> addPackageList: Microsoft.Windows.ContentDeliveryManager_10.0.22000.1_neutral_neutral_cw5n1h2txyewy</Data>
</EventData>
</Event>

<Event xmlns="http://schemas.microsoft.com/win/2004/08/events/event"><System><Provider Name="Microsoft-Windows-AppXDeployment-Server" Guid="{3f471139-acb7-4a01-b7a7-ff5da4ba2d43}"></Provider>
<EventID Qualifiers="">10000</EventID>
<Version>0</Version>
<Level>5</Level>
<Task>4</Task>
<Opcode>0</Opcode>
<Keywords>0x4000000000000001</Keywords>
<TimeCreated SystemTime="2022-05-06 15:21:09.876024"></TimeCreated>
<EventRecordID>791</EventRecordID>
<Correlation ActivityID="{ac38061f-61b0-0003-ef0a-38acb061d801}" RelatedActivityID=""></Correlation>
<Execution ProcessID="1548" ThreadID="4948"></Execution>
<Channel>Microsoft-Windows-AppXDeploymentServer/Operational</Channel>
<Computer>DESKTOP-DBOP9M0</Computer>
<Security UserID="S-1-5-18"></Security>
</System>
<EventData><Data Name="PackageFullName">Microsoft.Windows.ContentDeliveryManager_10.0.22000.1_neutral_neutral_cw5n1h2txyewy</Data>
<Data Name="ErrorCode">0x00000000</Data>
</EventData>
</Event>

<Event xmlns="http://schemas.microsoft.com/win/2004/08/events/event"><System><Provider Name="Microsoft-Windows-AppXDeployment-Server" Guid="{3f471139-acb7-4a01-b7a7-ff5da4ba2d43}"></Provider>
<EventID Qualifiers="">540</EventID>
<Version>0</Version>
<Level>5</Level>
<Task>3</Task>
<Opcode>0</Opcode>
<Keywords>0x4000000000000001</Keywords>
<TimeCreated SystemTime="2022-05-06 15:21:09.924997"></TimeCreated>
<EventRecordID>792</EventRecordID>
<Correlation ActivityID="{ac38061f-61b0-0003-ab0a-38acb061d801}" RelatedActivityID=""></Correlation>
<Execution ProcessID="1548" ThreadID="4944"></Execution>
<Channel>Microsoft-Windows-AppXDeploymentServer/Operational</Channel>
<Computer>DESKTOP-DBOP9M0</Computer>
<Security UserID="S-1-5-18"></Security>
</System>
<EventData><Data Name="PackageFullName">Microsoft.Windows.ShellExperienceHost_10.0.22000.71_neutral_neutral_cw5n1h2txyewy</Data>
<Data Name="Architecture">64</Data>
</EventData>
</Event>

<Event xmlns="http://schemas.microsoft.com/win/2004/08/events/event"><System><Provider Name="Microsoft-Windows-AppXDeployment-Server" Guid="{3f471139-acb7-4a01-b7a7-ff5da4ba2d43}"></Provider>
<EventID Qualifiers="">541</EventID>
<Version>0</Version>
<Level>5</Level>
<Task>3</Task>
<Opcode>0</Opcode>
<Keywords>0x4000000000000001</Keywords>
<TimeCreated SystemTime="2022-05-06 15:21:09.929192"></TimeCreated>
<EventRecordID>793</EventRecordID>
<Correlation ActivityID="{ac38061f-61b0-0003-ab0a-38acb061d801}" RelatedActivityID=""></Correlation>
<Execution ProcessID="1548" ThreadID="4944"></Execution>
<Channel>Microsoft-Windows-AppXDeploymentServer/Operational</Channel>
<Computer>DESKTOP-DBOP9M0</Computer>
<Security UserID="S-1-5-18"></Security>
</System>
<EventData><Data Name="PackageFullName">Microsoft.Windows.ShellExperienceHost_10.0.22000.71_neutral_neutral_cw5n1h2txyewy</Data>
<Data Name="Architecture">64</Data>
</EventData>
</Event>

<Event xmlns="http://schemas.microsoft.com/win/2004/08/events/event"><System><Provider Name="Microsoft-Windows-AppXDeployment-Server" Guid="{3f471139-acb7-4a01-b7a7-ff5da4ba2d43}"></Provider>
<EventID Qualifiers="">10001</EventID>
<Version>0</Version>
<Level>5</Level>
<Task>4</Task>
<Opcode>0</Opcode>
<Keywords>0x4000000000000001</Keywords>
<TimeCreated SystemTime="2022-05-06 15:21:10.020863"></TimeCreated>
<EventRecordID>794</EventRecordID>
<Correlation ActivityID="{ac38061f-61b0-0003-ab0a-38acb061d801}" RelatedActivityID=""></Correlation>
<Execution ProcessID="1548" ThreadID="4944"></Execution>
<Channel>Microsoft-Windows-AppXDeploymentServer/Operational</Channel>
<Computer>DESKTOP-DBOP9M0</Computer>
<Security UserID="S-1-5-18"></Security>
</System>
<EventData><Data Name="PackageFullName">Microsoft.Windows.ShellExperienceHost_10.0.22000.71_neutral_neutral_cw5n1h2txyewy</Data>
<Data Name="ErrorCode">0x00000000</Data>
</EventData>
</Event>

<Event xmlns="http://schemas.microsoft.com/win/2004/08/events/event"><System><Provider Name="Microsoft-Windows-AppXDeployment-Server" Guid="{3f471139-acb7-4a01-b7a7-ff5da4ba2d43}"></Provider>
<EventID Qualifiers="">10001</EventID>
<Version>0</Version>
<Level>5</Level>
<Task>4</Task>
<Opcode>0</Opcode>
<Keywords>0x4000000000000001</Keywords>
<TimeCreated SystemTime="2022-05-06 15:21:10.021259"></TimeCreated>
<EventRecordID>795</EventRecordID>
<Correlation ActivityID="{ac38061f-61b0-0003-ab0a-38acb061d801}" RelatedActivityID=""></Correlation>
<Execution ProcessID="1548" ThreadID="4944"></Execution>
<Channel>Microsoft-Windows-AppXDeploymentServer/Operational</Channel>
<Computer>DESKTOP-DBOP9M0</Computer>
<Security UserID="S-1-5-18"></Security>
</System>
<EventData><Data Name="PackageFullName">Microsoft.Windows.ShellExperienceHost_10.0.22000.71_neutral_neutral_cw5n1h2txyewy</Data>
<Data Name="ErrorCode">0x00000000</Data>
</EventData>
</Event>

<Event xmlns="http://schemas.microsoft.com/win/2004/08/events/event"><System><Provider Name="Microsoft-Windows-AppXDeployment-Server" Guid="{3f471139-acb7-4a01-b7a7-ff5da4ba2d43}"></Provider>
<EventID Qualifiers="">10001</EventID>
<Version>0</Version>
<Level>5</Level>
<Task>4</Task>
<Opcode>0</Opcode>
<Keywords>0x4000000000000001</Keywords>
<TimeCreated SystemTime="2022-05-06 15:21:10.021313"></TimeCreated>
<EventRecordID>796</EventRecordID>
<Correlation ActivityID="{ac38061f-61b0-0003-ab0a-38acb061d801}" RelatedActivityID=""></Correlation>
<Execution ProcessID="1548" ThreadID="4944"></Execution>
<Channel>Microsoft-Windows-AppXDeploymentServer/Operational</Channel>
<Computer>DESKTOP-DBOP9M0</Computer>
<Security UserID="S-1-5-18"></Security>
</System>
<EventData><Data Name="PackageFullName">Microsoft.Windows.ShellExperienceHost_10.0.22000.71_neutral_neutral_cw5n1h2txyewy</Data>
<Data Name="ErrorCode">0x00000000</Data>
</EventData>
</Event>

<Event xmlns="http://schemas.microsoft.com/win/2004/08/events/event"><System><Provider Name="Microsoft-Windows-AppXDeployment-Server" Guid="{3f471139-acb7-4a01-b7a7-ff5da4ba2d43}"></Provider>
<EventID Qualifiers="">10001</EventID>
<Version>0</Version>
<Level>5</Level>
<Task>4</Task>
<Opcode>0</Opcode>
<Keywords>0x4000000000000001</Keywords>
<TimeCreated SystemTime="2022-05-06 15:21:10.021339"></TimeCreated>
<EventRecordID>797</EventRecordID>
<Correlation ActivityID="{ac38061f-61b0-0003-ab0a-38acb061d801}" RelatedActivityID=""></Correlation>
<Execution ProcessID="1548" ThreadID="4944"></Execution>
<Channel>Microsoft-Windows-AppXDeploymentServer/Operational</Channel>
<Computer>DESKTOP-DBOP9M0</Computer>
<Security UserID="S-1-5-18"></Security>
</System>
<EventData><Data Name="PackageFullName">Microsoft.Windows.ShellExperienceHost_10.0.22000.71_neutral_neutral_cw5n1h2txyewy</Data>
<Data Name="ErrorCode">0x00000000</Data>
</EventData>
</Event>

<Event xmlns="http://schemas.microsoft.com/win/2004/08/events/event"><System><Provider Name="Microsoft-Windows-AppXDeployment-Server" Guid="{3f471139-acb7-4a01-b7a7-ff5da4ba2d43}"></Provider>
<EventID Qualifiers="">540</EventID>
<Version>0</Version>
<Level>5</Level>
<Task>3</Task>
<Opcode>0</Opcode>
<Keywords>0x4000000000000001</Keywords>
<TimeCreated SystemTime="2022-05-06 15:21:10.025331"></TimeCreated>
<EventRecordID>798</EventRecordID>
<Correlation ActivityID="{ac38061f-61b0-0003-ef0a-38acb061d801}" RelatedActivityID=""></Correlation>
<Execution ProcessID="1548" ThreadID="4948"></Execution>
<Channel>Microsoft-Windows-AppXDeploymentServer/Operational</Channel>
<Computer>DESKTOP-DBOP9M0</Computer>
<Security UserID="S-1-5-18"></Security>
</System>
<EventData><Data Name="PackageFullName">Microsoft.Windows.ContentDeliveryManager_10.0.22000.1_neutral_neutral_cw5n1h2txyewy</Data>
<Data Name="Architecture">64</Data>
</EventData>
</Event>

<Event xmlns="http://schemas.microsoft.com/win/2004/08/events/event"><System><Provider Name="Microsoft-Windows-AppXDeployment-Server" Guid="{3f471139-acb7-4a01-b7a7-ff5da4ba2d43}"></Provider>
<EventID Qualifiers="">541</EventID>
<Version>0</Version>
<Level>5</Level>
<Task>3</Task>
<Opcode>0</Opcode>
<Keywords>0x4000000000000001</Keywords>
<TimeCreated SystemTime="2022-05-06 15:21:10.028580"></TimeCreated>
<EventRecordID>799</EventRecordID>
<Correlation ActivityID="{ac38061f-61b0-0003-ef0a-38acb061d801}" RelatedActivityID=""></Correlation>
<Execution ProcessID="1548" ThreadID="4948"></Execution>
<Channel>Microsoft-Windows-AppXDeploymentServer/Operational</Channel>
<Computer>DESKTOP-DBOP9M0</Computer>
<Security UserID="S-1-5-18"></Security>
</System>
<EventData><Data Name="PackageFullName">Microsoft.Windows.ContentDeliveryManager_10.0.22000.1_neutral_neutral_cw5n1h2txyewy</Data>
<Data Name="Architecture">64</Data>
</EventData>
</Event>

<Event xmlns="http://schemas.microsoft.com/win/2004/08/events/event"><System><Provider Name="Microsoft-Windows-AppXDeployment-Server" Guid="{3f471139-acb7-4a01-b7a7-ff5da4ba2d43}"></Provider>
<EventID Qualifiers="">728</EventID>
<Version>0</Version>
<Level>3</Level>
<Task>3</Task>
<Opcode>0</Opcode>
<Keywords>0x4000000000000001</Keywords>
<TimeCreated SystemTime="2022-05-06 15:21:10.033371"></TimeCreated>
<EventRecordID>800</EventRecordID>
<Correlation ActivityID="{ac38061f-61b0-0003-ab0a-38acb061d801}" RelatedActivityID=""></Correlation>
<Execution ProcessID="1548" ThreadID="4944"></Execution>
<Channel>Microsoft-Windows-AppXDeploymentServer/Operational</Channel>
<Computer>DESKTOP-DBOP9M0</Computer>
<Security UserID="S-1-5-21-2389065719-3342106636-307857974-1000"></Security>
</System>
<EventData><Data Name="ApplicationUserModelId">Microsoft.Windows.ShellExperienceHost_cw5n1h2txyewy!App</Data>
<Data Name="ErrorCode">0x80070015</Data>
</EventData>
</Event>

<Event xmlns="http://schemas.microsoft.com/win/2004/08/events/event"><System><Provider Name="Microsoft-Windows-AppXDeployment-Server" Guid="{3f471139-acb7-4a01-b7a7-ff5da4ba2d43}"></Provider>
<EventID Qualifiers="">400</EventID>
<Version>0</Version>
<Level>4</Level>
<Task>3</Task>
<Opcode>2</Opcode>
<Keywords>0x4000000000000001</Keywords>
<TimeCreated SystemTime="2022-05-06 15:21:10.033875"></TimeCreated>
<EventRecordID>801</EventRecordID>
<Correlation ActivityID="{ac38061f-61b0-0003-ab0a-38acb061d801}" RelatedActivityID=""></Correlation>
<Execution ProcessID="1548" ThreadID="4944"></Execution>
<Channel>Microsoft-Windows-AppXDeploymentServer/Operational</Channel>
<Computer>DESKTOP-DBOP9M0</Computer>
<Security UserID="S-1-5-21-2389065719-3342106636-307857974-1000"></Security>
</System>
<EventData><Data Name="DeploymentOperation">6</Data>
<Data Name="PackageFullName">Microsoft.Windows.ShellExperienceHost_10.0.22000.71_neutral_neutral_cw5n1h2txyewy</Data>
<Data Name="Path"> (AppxManifest.xml) </Data>
<Data Name="MountPoint">C:</Data>
<Data Name="TargetPlatform">0x00000000</Data>
<Data Name="SystemVolume">True</Data>
<Data Name="StorageId">\\?\Volume{bf27b24f-9e98-4395-9110-325985ded282}</Data>
<Data Name="IsCentennial">False</Data>
<Data Name="PackageType">0x00000001</Data>
<Data Name="IsPackageEncrypted">False</Data>
<Data Name="DeploymentOptions">0x0004000092040240</Data>
<Data Name="IsStreamingPackage">False</Data>
<Data Name="IsInRelatedSet">False</Data>
<Data Name="IsPackageUsingBDC">False</Data>
<Data Name="MainPackageFamilyName">NULL</Data>
<Data Name="CallingProcess">svchost.exe,AppReadiness</Data>
<Data Name="IsOptional">False</Data>
<Data Name="PackageFlags">0x00000408</Data>
<Data Name="PackageFlags2">0x00000800</Data>
<Data Name="HasWin32alacarte">False</Data>
<Data Name="HasFullTrust">False</Data>
<Data Name="ExternalLocation"></Data>
<Data Name="PackageSourceUri"></Data>
<Data Name="PackageDisplayName">ms-resource:PkgDisplayName</Data>
</EventData>
</Event>

<Event xmlns="http://schemas.microsoft.com/win/2004/08/events/event"><System><Provider Name="Microsoft-Windows-AppXDeployment-Server" Guid="{3f471139-acb7-4a01-b7a7-ff5da4ba2d43}"></Provider>
<EventID Qualifiers="">613</EventID>
<Version>0</Version>
<Level>4</Level>
<Task>3</Task>
<Opcode>0</Opcode>
<Keywords>0x4000000000000001</Keywords>
<TimeCreated SystemTime="2022-05-06 15:21:10.060163"></TimeCreated>
<EventRecordID>802</EventRecordID>
<Correlation ActivityID="{ac38061f-61b0-0003-ab0a-38acb061d801}" RelatedActivityID=""></Correlation>
<Execution ProcessID="1548" ThreadID="4944"></Execution>
<Channel>Microsoft-Windows-AppXDeploymentServer/Operational</Channel>
<Computer>DESKTOP-DBOP9M0</Computer>
<Security UserID="S-1-5-21-2389065719-3342106636-307857974-1000"></Security>
</System>
<EventData><Data Name="DeploymentOperation">6</Data>
<Data Name="PackageFullName">Microsoft.Windows.ShellExperienceHost_10.0.22000.71_neutral_neutral_cw5n1h2txyewy</Data>
<Data Name="Summary">
Overall time: 484 ms
Enqueue cost: 31 ms
Dequeue delay: 0 ms
Bundle processing cost: 0 ms
Indexing cost: 16 ms
Resolve dependency cost: 125 ms
Check approval cost: 0 ms
Evaluation cost: 0 ms
Hardlinking evaluation cost: 0 ms
Stage required cost: 0 ms
Flushing and closing files cost: 0 ms
Machine register cost: 0 ms
Stage user data cost: 0 ms
Gap: 62 ms
Registration cost: 156 ms
Repository commit transaction cost: 63 ms
Gap: 15 ms
Data flush cost: 0 ms
Post DeStage repository commit transaction cost: 16 ms
Remaining cost: 0 ms
</Data>
</EventData>
</Event>

<Event xmlns="http://schemas.microsoft.com/win/2004/08/events/event"><System><Provider Name="Microsoft-Windows-AppXDeployment-Server" Guid="{3f471139-acb7-4a01-b7a7-ff5da4ba2d43}"></Provider>
<EventID Qualifiers="">821</EventID>
<Version>0</Version>
<Level>5</Level>
<Task>6</Task>
<Opcode>0</Opcode>
<Keywords>0x4000000000000001</Keywords>
<TimeCreated SystemTime="2022-05-06 15:21:10.063450"></TimeCreated>
<EventRecordID>803</EventRecordID>
<Correlation ActivityID="{ac38061f-61b0-0002-e20a-38acb061d801}" RelatedActivityID=""></Correlation>
<Execution ProcessID="3588" ThreadID="5400"></Execution>
<Channel>Microsoft-Windows-AppXDeploymentServer/Operational</Channel>
<Computer>DESKTOP-DBOP9M0</Computer>
<Security UserID="S-1-5-18"></Security>
</System>
<EventData><Data Name="UserSid">S-1-5-21-2389065719-3342106636-307857974-1000</Data>
<Data Name="MainPackageFullName">Microsoft.Windows.ShellExperienceHost_10.0.22000.71_neutral_neutral_cw5n1h2txyewy</Data>
<Data Name="ErrorCode">0x00000000</Data>
</EventData>
</Event>

<Event xmlns="http://schemas.microsoft.com/win/2004/08/events/event"><System><Provider Name="Microsoft-Windows-AppXDeployment-Server" Guid="{3f471139-acb7-4a01-b7a7-ff5da4ba2d43}"></Provider>
<EventID Qualifiers="">822</EventID>
<Version>0</Version>
<Level>5</Level>
<Task>6</Task>
<Opcode>0</Opcode>
<Keywords>0x4000000000000001</Keywords>
<TimeCreated SystemTime="2022-05-06 15:21:10.063816"></TimeCreated>
<EventRecordID>804</EventRecordID>
<Correlation ActivityID="{ac38061f-61b0-0002-e20a-38acb061d801}" RelatedActivityID=""></Correlation>
<Execution ProcessID="3588" ThreadID="5400"></Execution>
<Channel>Microsoft-Windows-AppXDeploymentServer/Operational</Channel>
<Computer>DESKTOP-DBOP9M0</Computer>
<Security UserID="S-1-5-18"></Security>
</System>
<EventData><Data Name="Error">0x00000000</Data>
<Data Name="PackageMoniker">Microsoft.Windows.ShellExperienceHost_10.0.22000.71_neutral_neutral_cw5n1h2txyewy</Data>
</EventData>
</Event>

