<Event xmlns="http://schemas.microsoft.com/win/2004/08/events/event"><System><Provider Name="Microsoft-Windows-AppXDeployment-Server" Guid="{3f471139-acb7-4a01-b7a7-ff5da4ba2d43}"></Provider>
<EventID Qualifiers="">854</EventID>
<Version>0</Version>
<Level>4</Level>
<Task>3</Task>
<Opcode>0</Opcode>
<Keywords>0x4000000000000001</Keywords>
<TimeCreated SystemTime="2022-05-06 15:24:42.456345"></TimeCreated>
<EventRecordID>1221</EventRecordID>
<Correlation ActivityID="{2f2cff59-615d-0000-3c15-2d2f5d61d801}" RelatedActivityID=""></Correlation>
<Execution ProcessID="3320" ThreadID="4616"></Execution>
<Channel>Microsoft-Windows-AppXDeploymentServer/Operational</Channel>
<Computer>Council-HQ</Computer>
<Security UserID="S-1-5-21-2389065719-3342106636-307857974-1001"></Security>
</System>
<EventData><Data Name="Path"> C:\Program Files\WindowsApps\Microsoft.VCLibs.140.00_14.0.29231.0_x64__8wekyb3d8bbwe\AppxManifest.xml</Data>
</EventData>
</Event>

<Event xmlns="http://schemas.microsoft.com/win/2004/08/events/event"><System><Provider Name="Microsoft-Windows-AppXDeployment-Server" Guid="{3f471139-acb7-4a01-b7a7-ff5da4ba2d43}"></Provider>
<EventID Qualifiers="">822</EventID>
<Version>0</Version>
<Level>5</Level>
<Task>6</Task>
<Opcode>0</Opcode>
<Keywords>0x4000000000000001</Keywords>
<TimeCreated SystemTime="2022-05-06 15:24:42.456585"></TimeCreated>
<EventRecordID>1222</EventRecordID>
<Correlation ActivityID="{2f2cff59-615d-0000-4215-2d2f5d61d801}" RelatedActivityID=""></Correlation>
<Execution ProcessID="2324" ThreadID="1660"></Execution>
<Channel>Microsoft-Windows-AppXDeploymentServer/Operational</Channel>
<Computer>Council-HQ</Computer>
<Security UserID="S-1-5-18"></Security>
</System>
<EventData><Data Name="Error">0x00000000</Data>
<Data Name="PackageMoniker">Microsoft.UI.Xaml.2.4_2.42007.9001.0_x64__8wekyb3d8bbwe</Data>
</EventData>
</Event>

<Event xmlns="http://schemas.microsoft.com/win/2004/08/events/event"><System><Provider Name="Microsoft-Windows-AppXDeployment-Server" Guid="{3f471139-acb7-4a01-b7a7-ff5da4ba2d43}"></Provider>
<EventID Qualifiers="">603</EventID>
<Version>0</Version>
<Level>4</Level>
<Task>3</Task>
<Opcode>0</Opcode>
<Keywords>0x4000000000000001</Keywords>
<TimeCreated SystemTime="2022-05-06 15:24:42.459072"></TimeCreated>
<EventRecordID>1223</EventRecordID>
<Correlation ActivityID="{2f2cff59-615d-0000-4415-2d2f5d61d801}" RelatedActivityID=""></Correlation>
<Execution ProcessID="3320" ThreadID="708"></Execution>
<Channel>Microsoft-Windows-AppXDeploymentServer/Operational</Channel>
<Computer>Council-HQ</Computer>
<Security UserID="S-1-5-21-2389065719-3342106636-307857974-1001"></Security>
</System>
<EventData><Data Name="DeploymentOperation">6</Data>
<Data Name="Path">AppxBundleManifest.xml</Data>
<Data Name="Flags">2449474112</Data>
<Data Name="FlagsHigh">262144</Data>
<Data Name="CallingProcess">svchost.exe,AppReadiness</Data>
<Data Name="ExternalLocation"></Data>
</EventData>
</Event>

<Event xmlns="http://schemas.microsoft.com/win/2004/08/events/event"><System><Provider Name="Microsoft-Windows-AppXDeployment-Server" Guid="{3f471139-acb7-4a01-b7a7-ff5da4ba2d43}"></Provider>
<EventID Qualifiers="">427</EventID>
<Version>0</Version>
<Level>2</Level>
<Task>4</Task>
<Opcode>0</Opcode>
<Keywords>0x4000000000000001</Keywords>
<TimeCreated SystemTime="2022-05-06 15:24:42.489626"></TimeCreated>
<EventRecordID>1224</EventRecordID>
<Correlation ActivityID="{2f2cff59-615d-0000-3c15-2d2f5d61d801}" RelatedActivityID=""></Correlation>
<Execution ProcessID="3320" ThreadID="4616"></Execution>
<Channel>Microsoft-Windows-AppXDeploymentServer/Operational</Channel>
<Computer>Council-HQ</Computer>
<Security UserID="S-1-5-21-2389065719-3342106636-307857974-1001"></Security>
</System>
<EventData><Data Name="PackageName">Microsoft.VCLibs.140.00_14.0.29231.0_x64__8wekyb3d8bbwe</Data>
<Data Name="PackageVersion">14.0.29231.0</Data>
<Data Name="PackageVersion2">14.0.30704.0</Data>
</EventData>
</Event>

<Event xmlns="http://schemas.microsoft.com/win/2004/08/events/event"><System><Provider Name="Microsoft-Windows-AppXDeployment-Server" Guid="{3f471139-acb7-4a01-b7a7-ff5da4ba2d43}"></Provider>
<EventID Qualifiers="">605</EventID>
<Version>0</Version>
<Level>4</Level>
<Task>3</Task>
<Opcode>0</Opcode>
<Keywords>0x4000400000000001</Keywords>
<TimeCreated SystemTime="2022-05-06 15:24:42.490578"></TimeCreated>
<EventRecordID>1225</EventRecordID>
<Correlation ActivityID="{2f2cff59-615d-0000-3c15-2d2f5d61d801}" RelatedActivityID=""></Correlation>
<Execution ProcessID="3320" ThreadID="4616"></Execution>
<Channel>Microsoft-Windows-AppXDeploymentServer/Operational</Channel>
<Computer>Council-HQ</Computer>
<Security UserID="S-1-5-21-2389065719-3342106636-307857974-1001"></Security>
</System>
<EventData><Data Name="DeploymentState">5</Data>
<Data Name="NextDeploymentState">6</Data>
<Data Name="ErrorCode">0x80073d06</Data>
</EventData>
</Event>

<Event xmlns="http://schemas.microsoft.com/win/2004/08/events/event"><System><Provider Name="Microsoft-Windows-AppXDeployment-Server" Guid="{3f471139-acb7-4a01-b7a7-ff5da4ba2d43}"></Provider>
<EventID Qualifiers="">401</EventID>
<Version>0</Version>
<Level>2</Level>
<Task>3</Task>
<Opcode>0</Opcode>
<Keywords>0x4000000000000001</Keywords>
<TimeCreated SystemTime="2022-05-06 15:24:42.540426"></TimeCreated>
<EventRecordID>1226</EventRecordID>
<Correlation ActivityID="{2f2cff59-615d-0000-3c15-2d2f5d61d801}" RelatedActivityID=""></Correlation>
<Execution ProcessID="3320" ThreadID="4616"></Execution>
<Channel>Microsoft-Windows-AppXDeploymentServer/Operational</Channel>
<Computer>Council-HQ</Computer>
<Security UserID="S-1-5-21-2389065719-3342106636-307857974-1001"></Security>
</System>
<EventData><Data Name="DeploymentOperation">6</Data>
<Data Name="PackageFullName">Microsoft.VCLibs.140.00_14.0.29231.0_x64__8wekyb3d8bbwe</Data>
<Data Name="Path"> (AppxManifest.xml) </Data>
<Data Name="ErrorCode">0x80073d06</Data>
<Data Name="MountPoint">C:</Data>
<Data Name="TargetPlatform">0x00000000</Data>
<Data Name="SystemVolume">True</Data>
<Data Name="StorageId">\\?\Volume{bf27b24f-9e98-4395-9110-325985ded282}</Data>
<Data Name="IsCentennial">False</Data>
<Data Name="PackageType">0x00000002</Data>
<Data Name="IsPackageEncrypted">False</Data>
<Data Name="DeploymentOptions">0x0004000092000240</Data>
<Data Name="IsStreamingPackage">False</Data>
<Data Name="IsInRelatedSet">False</Data>
<Data Name="IsPackageUsingBDC">False</Data>
<Data Name="MainPackageFamilyName">NULL</Data>
<Data Name="CallingProcess">svchost.exe,AppReadiness</Data>
<Data Name="IsInPlaceUpdate">0x00000000</Data>
<Data Name="ErrorFileInfo">dependencyresolver.cpp,2530,80073D06;dependencyresolver.cpp,2130,80073D06;dependencyresolver.cpp,1293,80073D06;dependencyresolver.cpp,1039,80073D06;dependencyresolver.cpp,923,80073D06;dependencyresolver.cpp,395,80073D06;dependencymanager.cpp,39,80073D06;deploymentrequest.cpp,2110,80073D06;deploymentrequest.cpp,2269,80073D06;</Data>
<Data Name="DetailedMessageInfo">NULL</Data>
<Data Name="RollbackErrorFileInfo">NULL</Data>
<Data Name="RollbackDetailedMessageInfo">NULL</Data>
<Data Name="IsOptional">0</Data>
<Data Name="PackageFlags">0x00000000</Data>
<Data Name="PackageFlags2">0x00000000</Data>
<Data Name="HasWin32alacarte">False</Data>
<Data Name="HasFullTrust">False</Data>
<Data Name="ExternalLocation"></Data>
<Data Name="PackageSourceUri"></Data>
<Data Name="PackageDisplayName">Microsoft Visual C++ 2015 UWP Runtime Package</Data>
</EventData>
</Event>

<Event xmlns="http://schemas.microsoft.com/win/2004/08/events/event"><System><Provider Name="Microsoft-Windows-AppXDeployment-Server" Guid="{3f471139-acb7-4a01-b7a7-ff5da4ba2d43}"></Provider>
<EventID Qualifiers="">404</EventID>
<Version>0</Version>
<Level>2</Level>
<Task>3</Task>
<Opcode>0</Opcode>
<Keywords>0x4000000000000001</Keywords>
<TimeCreated SystemTime="2022-05-06 15:24:42.544249"></TimeCreated>
<EventRecordID>1227</EventRecordID>
<Correlation ActivityID="{2f2cff59-615d-0000-3c15-2d2f5d61d801}" RelatedActivityID=""></Correlation>
<Execution ProcessID="3320" ThreadID="4616"></Execution>
<Channel>Microsoft-Windows-AppXDeploymentServer/Operational</Channel>
<Computer>Council-HQ</Computer>
<Security UserID="S-1-5-21-2389065719-3342106636-307857974-1001"></Security>
</System>
<EventData><Data Name="SummaryError">Windows cannot install package Microsoft.VCLibs.140.00_14.0.29231.0_x64__8wekyb3d8bbwe because it has version 14.0.29231.0. A higher version 14.0.30704.0 of this package is already installed.</Data>
<Data Name="PackageFullName">Microsoft.VCLibs.140.00_14.0.29231.0_x64__8wekyb3d8bbwe</Data>
<Data Name="ErrorCode">0x80073d06</Data>
<Data Name="MountPoint">C:</Data>
<Data Name="TargetPlatform">0x00000000</Data>
<Data Name="CallingProcess">svchost.exe,AppReadiness</Data>
<Data Name="ExternalLocation"></Data>
</EventData>
</Event>

<Event xmlns="http://schemas.microsoft.com/win/2004/08/events/event"><System><Provider Name="Microsoft-Windows-AppXDeployment-Server" Guid="{3f471139-acb7-4a01-b7a7-ff5da4ba2d43}"></Provider>
<EventID Qualifiers="">10002</EventID>
<Version>0</Version>
<Level>5</Level>
<Task>3</Task>
<Opcode>0</Opcode>
<Keywords>0x4000000000000001</Keywords>
<TimeCreated SystemTime="2022-05-06 15:24:42.549112"></TimeCreated>
<EventRecordID>1228</EventRecordID>
<Correlation ActivityID="{2f2cff59-615d-0000-4415-2d2f5d61d801}" RelatedActivityID=""></Correlation>
<Execution ProcessID="3320" ThreadID="4616"></Execution>
<Channel>Microsoft-Windows-AppXDeploymentServer/Operational</Channel>
<Computer>Council-HQ</Computer>
<Security UserID="S-1-5-18"></Security>
</System>
<EventData><Data Name="DeploymentOperation">6</Data>
<Data Name="MainPackageMoniker">MicrosoftWindows.Client.WebExperience_421.20070.305.0_neutral_~_cw5n1h2txyewy</Data>
<Data Name="ResiliencyFilePath">C:\ProgramData\Microsoft\Windows\AppRepository\776abdd8-a834-44f2-abbf-76fc96dcd95c_S-1-5-21-2389065719-3342106636-307857974-1001_17.rslc</Data>
</EventData>
</Event>

<Event xmlns="http://schemas.microsoft.com/win/2004/08/events/event"><System><Provider Name="Microsoft-Windows-AppXDeployment-Server" Guid="{3f471139-acb7-4a01-b7a7-ff5da4ba2d43}"></Provider>
<EventID Qualifiers="">607</EventID>
<Version>0</Version>
<Level>4</Level>
<Task>0</Task>
<Opcode>0</Opcode>
<Keywords>0x4000000000000001</Keywords>
<TimeCreated SystemTime="2022-05-06 15:24:42.549519"></TimeCreated>
<EventRecordID>1229</EventRecordID>
<Correlation ActivityID="{2f2cff59-615d-0000-4415-2d2f5d61d801}" RelatedActivityID=""></Correlation>
<Execution ProcessID="3320" ThreadID="4616"></Execution>
<Channel>Microsoft-Windows-AppXDeploymentServer/Operational</Channel>
<Computer>Council-HQ</Computer>
<Security UserID="S-1-5-21-2389065719-3342106636-307857974-1001"></Security>
</System>
<EventData><Data Name="DeploymentOperation">6</Data>
<Data Name="PackageFullName">MicrosoftWindows.Client.WebExperience_421.20070.305.0_neutral_~_cw5n1h2txyewy</Data>
<Data Name="UserSid">S-1-5-21-2389065719-3342106636-307857974-1001</Data>
<Data Name="CallingProcess">svchost.exe,AppReadiness</Data>
</EventData>
</Event>

<Event xmlns="http://schemas.microsoft.com/win/2004/08/events/event"><System><Provider Name="Microsoft-Windows-AppXDeployment-Server" Guid="{3f471139-acb7-4a01-b7a7-ff5da4ba2d43}"></Provider>
<EventID Qualifiers="">821</EventID>
<Version>0</Version>
<Level>5</Level>
<Task>6</Task>
<Opcode>0</Opcode>
<Keywords>0x4000000000000001</Keywords>
<TimeCreated SystemTime="2022-05-06 15:24:42.552086"></TimeCreated>
<EventRecordID>1230</EventRecordID>
<Correlation ActivityID="{2f2cff59-615d-0003-f512-2d2f5d61d801}" RelatedActivityID=""></Correlation>
<Execution ProcessID="2324" ThreadID="4128"></Execution>
<Channel>Microsoft-Windows-AppXDeploymentServer/Operational</Channel>
<Computer>Council-HQ</Computer>
<Security UserID="S-1-5-18"></Security>
</System>
<EventData><Data Name="UserSid">S-1-5-21-2389065719-3342106636-307857974-1001</Data>
<Data Name="MainPackageFullName">Microsoft.VCLibs.140.00_14.0.29231.0_x64__8wekyb3d8bbwe</Data>
<Data Name="ErrorCode">0x80073d06</Data>
</EventData>
</Event>

<Event xmlns="http://schemas.microsoft.com/win/2004/08/events/event"><System><Provider Name="Microsoft-Windows-AppXDeployment-Server" Guid="{3f471139-acb7-4a01-b7a7-ff5da4ba2d43}"></Provider>
<EventID Qualifiers="">822</EventID>
<Version>0</Version>
<Level>5</Level>
<Task>6</Task>
<Opcode>0</Opcode>
<Keywords>0x4000000000000001</Keywords>
<TimeCreated SystemTime="2022-05-06 15:24:42.552542"></TimeCreated>
<EventRecordID>1231</EventRecordID>
<Correlation ActivityID="{2f2cff59-615d-0003-f512-2d2f5d61d801}" RelatedActivityID=""></Correlation>
<Execution ProcessID="2324" ThreadID="4128"></Execution>
<Channel>Microsoft-Windows-AppXDeploymentServer/Operational</Channel>
<Computer>Council-HQ</Computer>
<Security UserID="S-1-5-18"></Security>
</System>
<EventData><Data Name="Error">0x00000000</Data>
<Data Name="PackageMoniker">Microsoft.VCLibs.140.00_14.0.29231.0_x64__8wekyb3d8bbwe</Data>
</EventData>
</Event>

<Event xmlns="http://schemas.microsoft.com/win/2004/08/events/event"><System><Provider Name="Microsoft-Windows-AppXDeployment-Server" Guid="{3f471139-acb7-4a01-b7a7-ff5da4ba2d43}"></Provider>
<EventID Qualifiers="">854</EventID>
<Version>0</Version>
<Level>4</Level>
<Task>3</Task>
<Opcode>0</Opcode>
<Keywords>0x4000000000000001</Keywords>
<TimeCreated SystemTime="2022-05-06 15:24:42.554308"></TimeCreated>
<EventRecordID>1232</EventRecordID>
<Correlation ActivityID="{2f2cff59-615d-0000-4415-2d2f5d61d801}" RelatedActivityID=""></Correlation>
<Execution ProcessID="3320" ThreadID="4616"></Execution>
<Channel>Microsoft-Windows-AppXDeploymentServer/Operational</Channel>
<Computer>Council-HQ</Computer>
<Security UserID="S-1-5-21-2389065719-3342106636-307857974-1001"></Security>
</System>
<EventData><Data Name="Path"> C:\Program Files\WindowsApps\MicrosoftWindows.Client.WebExperience_421.20070.305.0_neutral_~_cw5n1h2txyewy\AppxMetadata\AppxBundleManifest.xml C:\Program Files\WindowsApps\MicrosoftWindows.Client.WebExperience_421.20070.305.0_x64__cw5n1h2txyewy\AppxManifest.xml</Data>
</EventData>
</Event>

<Event xmlns="http://schemas.microsoft.com/win/2004/08/events/event"><System><Provider Name="Microsoft-Windows-AppXDeployment-Server" Guid="{3f471139-acb7-4a01-b7a7-ff5da4ba2d43}"></Provider>
<EventID Qualifiers="">855</EventID>
<Version>0</Version>
<Level>4</Level>
<Task>4</Task>
<Opcode>0</Opcode>
<Keywords>0x4000000000000001</Keywords>
<TimeCreated SystemTime="2022-05-06 15:24:42.588686"></TimeCreated>
<EventRecordID>1233</EventRecordID>
<Correlation ActivityID="{2f2cff59-615d-0000-4415-2d2f5d61d801}" RelatedActivityID=""></Correlation>
<Execution ProcessID="3320" ThreadID="4616"></Execution>
<Channel>Microsoft-Windows-AppXDeploymentServer/Operational</Channel>
<Computer>Council-HQ</Computer>
<Security UserID="S-1-5-21-2389065719-3342106636-307857974-1001"></Security>
</System>
<EventData><Data Name="PackageMoniker"> addPackageList: MicrosoftWindows.Client.WebExperience_421.20070.305.0_x64__cw5n1h2txyewy MicrosoftWindows.Client.WebExperience_421.20070.305.0_neutral_~_cw5n1h2txyewy</Data>
</EventData>
</Event>

<Event xmlns="http://schemas.microsoft.com/win/2004/08/events/event"><System><Provider Name="Microsoft-Windows-AppXDeployment-Server" Guid="{3f471139-acb7-4a01-b7a7-ff5da4ba2d43}"></Provider>
<EventID Qualifiers="">10000</EventID>
<Version>0</Version>
<Level>5</Level>
<Task>4</Task>
<Opcode>0</Opcode>
<Keywords>0x4000000000000001</Keywords>
<TimeCreated SystemTime="2022-05-06 15:24:42.605312"></TimeCreated>
<EventRecordID>1234</EventRecordID>
<Correlation ActivityID="{2f2cff59-615d-0000-4415-2d2f5d61d801}" RelatedActivityID=""></Correlation>
<Execution ProcessID="3320" ThreadID="4616"></Execution>
<Channel>Microsoft-Windows-AppXDeploymentServer/Operational</Channel>
<Computer>Council-HQ</Computer>
<Security UserID="S-1-5-18"></Security>
</System>
<EventData><Data Name="PackageFullName">MicrosoftWindows.Client.WebExperience_421.20070.305.0_x64__cw5n1h2txyewy</Data>
<Data Name="ErrorCode">0x00000000</Data>
</EventData>
</Event>

<Event xmlns="http://schemas.microsoft.com/win/2004/08/events/event"><System><Provider Name="Microsoft-Windows-AppXDeployment-Server" Guid="{3f471139-acb7-4a01-b7a7-ff5da4ba2d43}"></Provider>
<EventID Qualifiers="">8100</EventID>
<Version>0</Version>
<Level>5</Level>
<Task>49</Task>
<Opcode>0</Opcode>
<Keywords>0x4000000000000001</Keywords>
<TimeCreated SystemTime="2022-05-06 15:24:42.649761"></TimeCreated>
<EventRecordID>1235</EventRecordID>
<Correlation ActivityID="{2f2cff59-615d-0000-4415-2d2f5d61d801}" RelatedActivityID=""></Correlation>
<Execution ProcessID="3320" ThreadID="4616"></Execution>
<Channel>Microsoft-Windows-AppXDeploymentServer/Operational</Channel>
<Computer>Council-HQ</Computer>
<Security UserID="S-1-5-18"></Security>
</System>
<EventData><Data Name="PackageFullName">MicrosoftWindows.Client.WebExperience_421.20070.305.0_x64__cw5n1h2txyewy</Data>
<Data Name="Flags">0x00000009</Data>
</EventData>
</Event>

<Event xmlns="http://schemas.microsoft.com/win/2004/08/events/event"><System><Provider Name="Microsoft-Windows-AppXDeployment-Server" Guid="{3f471139-acb7-4a01-b7a7-ff5da4ba2d43}"></Provider>
<EventID Qualifiers="">8106</EventID>
<Version>0</Version>
<Level>5</Level>
<Task>49</Task>
<Opcode>0</Opcode>
<Keywords>0x4000000000000001</Keywords>
<TimeCreated SystemTime="2022-05-06 15:24:42.650803"></TimeCreated>
<EventRecordID>1236</EventRecordID>
<Correlation ActivityID="{2f2cff59-615d-0000-4415-2d2f5d61d801}" RelatedActivityID=""></Correlation>
<Execution ProcessID="3320" ThreadID="4616"></Execution>
<Channel>Microsoft-Windows-AppXDeploymentServer/Operational</Channel>
<Computer>Council-HQ</Computer>
<Security UserID="S-1-5-18"></Security>
</System>
<EventData><Data Name="PackageFullName">MicrosoftWindows.Client.WebExperience_421.20070.305.0_x64__cw5n1h2txyewy</Data>
<Data Name="Flags">0x00000009</Data>
</EventData>
</Event>

<Event xmlns="http://schemas.microsoft.com/win/2004/08/events/event"><System><Provider Name="Microsoft-Windows-AppXDeployment-Server" Guid="{3f471139-acb7-4a01-b7a7-ff5da4ba2d43}"></Provider>
<EventID Qualifiers="">8101</EventID>
<Version>0</Version>
<Level>5</Level>
<Task>49</Task>
<Opcode>0</Opcode>
<Keywords>0x4000000000000001</Keywords>
<TimeCreated SystemTime="2022-05-06 15:24:42.650822"></TimeCreated>
<EventRecordID>1237</EventRecordID>
<Correlation ActivityID="{2f2cff59-615d-0000-4415-2d2f5d61d801}" RelatedActivityID=""></Correlation>
<Execution ProcessID="3320" ThreadID="4616"></Execution>
<Channel>Microsoft-Windows-AppXDeploymentServer/Operational</Channel>
<Computer>Council-HQ</Computer>
<Security UserID="S-1-5-18"></Security>
</System>
<EventData><Data Name="PackageFullName">MicrosoftWindows.Client.WebExperience_421.20070.305.0_x64__cw5n1h2txyewy</Data>
<Data Name="Flags">0x00000009</Data>
</EventData>
</Event>

<Event xmlns="http://schemas.microsoft.com/win/2004/08/events/event"><System><Provider Name="Microsoft-Windows-AppXDeployment-Server" Guid="{3f471139-acb7-4a01-b7a7-ff5da4ba2d43}"></Provider>
<EventID Qualifiers="">540</EventID>
<Version>0</Version>
<Level>5</Level>
<Task>3</Task>
<Opcode>0</Opcode>
<Keywords>0x4000000000000001</Keywords>
<TimeCreated SystemTime="2022-05-06 15:24:42.669065"></TimeCreated>
<EventRecordID>1238</EventRecordID>
<Correlation ActivityID="{2f2cff59-615d-0000-4415-2d2f5d61d801}" RelatedActivityID=""></Correlation>
<Execution ProcessID="3320" ThreadID="4616"></Execution>
<Channel>Microsoft-Windows-AppXDeploymentServer/Operational</Channel>
<Computer>Council-HQ</Computer>
<Security UserID="S-1-5-18"></Security>
</System>
<EventData><Data Name="PackageFullName">MicrosoftWindows.Client.WebExperience_421.20070.305.0_x64__cw5n1h2txyewy</Data>
<Data Name="Architecture">64</Data>
</EventData>
</Event>

<Event xmlns="http://schemas.microsoft.com/win/2004/08/events/event"><System><Provider Name="Microsoft-Windows-AppXDeployment-Server" Guid="{3f471139-acb7-4a01-b7a7-ff5da4ba2d43}"></Provider>
<EventID Qualifiers="">543</EventID>
<Version>0</Version>
<Level>2</Level>
<Task>3</Task>
<Opcode>0</Opcode>
<Keywords>0x4000000000000001</Keywords>
<TimeCreated SystemTime="2022-05-06 15:24:46.811066"></TimeCreated>
<EventRecordID>1239</EventRecordID>
<Correlation ActivityID="{2f2cff59-615d-0000-4415-2d2f5d61d801}" RelatedActivityID=""></Correlation>
<Execution ProcessID="3320" ThreadID="4616"></Execution>
<Channel>Microsoft-Windows-AppXDeploymentServer/Operational</Channel>
<Computer>Council-HQ</Computer>
<Security UserID="S-1-5-18"></Security>
</System>
<EventData><Data Name="PackageFullName">MicrosoftWindows.Client.WebExperience_421.20070.305.0_x64__cw5n1h2txyewy</Data>
<Data Name="Architecture">64</Data>
<Data Name="Count">4452</Data>
</EventData>
</Event>

<Event xmlns="http://schemas.microsoft.com/win/2004/08/events/event"><System><Provider Name="Microsoft-Windows-AppXDeployment-Server" Guid="{3f471139-acb7-4a01-b7a7-ff5da4ba2d43}"></Provider>
<EventID Qualifiers="">541</EventID>
<Version>0</Version>
<Level>5</Level>
<Task>3</Task>
<Opcode>0</Opcode>
<Keywords>0x4000000000000001</Keywords>
<TimeCreated SystemTime="2022-05-06 15:24:46.827154"></TimeCreated>
<EventRecordID>1240</EventRecordID>
<Correlation ActivityID="{2f2cff59-615d-0000-4415-2d2f5d61d801}" RelatedActivityID=""></Correlation>
<Execution ProcessID="3320" ThreadID="4616"></Execution>
<Channel>Microsoft-Windows-AppXDeploymentServer/Operational</Channel>
<Computer>Council-HQ</Computer>
<Security UserID="S-1-5-18"></Security>
</System>
<EventData><Data Name="PackageFullName">MicrosoftWindows.Client.WebExperience_421.20070.305.0_x64__cw5n1h2txyewy</Data>
<Data Name="Architecture">64</Data>
</EventData>
</Event>

<Event xmlns="http://schemas.microsoft.com/win/2004/08/events/event"><System><Provider Name="Microsoft-Windows-AppXDeployment-Server" Guid="{3f471139-acb7-4a01-b7a7-ff5da4ba2d43}"></Provider>
<EventID Qualifiers="">5507</EventID>
<Version>0</Version>
<Level>5</Level>
<Task>0</Task>
<Opcode>0</Opcode>
<Keywords>0x4000000000100000</Keywords>
<TimeCreated SystemTime="2022-05-06 15:24:46.846758"></TimeCreated>
<EventRecordID>1241</EventRecordID>
<Correlation ActivityID="{2f2cff59-615d-0000-4415-2d2f5d61d801}" RelatedActivityID=""></Correlation>
<Execution ProcessID="3320" ThreadID="4616"></Execution>
<Channel>Microsoft-Windows-AppXDeploymentServer/Operational</Channel>
<Computer>Council-HQ</Computer>
<Security UserID="S-1-5-21-2389065719-3342106636-307857974-1001"></Security>
</System>
<EventData><Data Name="PackageName">MicrosoftWindows.Client.WebExperience_421.20070.305.0_x64__cw5n1h2txyewy</Data>
<Data Name="FilePath">C:\Program Files\WindowsApps\MicrosoftWindows.Client.WebExperience_421.20070.305.0_x64__cw5n1h2txyewy\microsoft.system.package.metadata\S-1-5-21-2389065719-3342106636-307857974-1001-MergedResources-*.pri</Data>
<Data Name="Message">No user-specific merged files found</Data>
</EventData>
</Event>

<Event xmlns="http://schemas.microsoft.com/win/2004/08/events/event"><System><Provider Name="Microsoft-Windows-AppXDeployment-Server" Guid="{3f471139-acb7-4a01-b7a7-ff5da4ba2d43}"></Provider>
<EventID Qualifiers="">5507</EventID>
<Version>0</Version>
<Level>5</Level>
<Task>0</Task>
<Opcode>0</Opcode>
<Keywords>0x4000000000100000</Keywords>
<TimeCreated SystemTime="2022-05-06 15:24:46.846880"></TimeCreated>
<EventRecordID>1242</EventRecordID>
<Correlation ActivityID="{2f2cff59-615d-0000-4415-2d2f5d61d801}" RelatedActivityID=""></Correlation>
<Execution ProcessID="3320" ThreadID="4616"></Execution>
<Channel>Microsoft-Windows-AppXDeploymentServer/Operational</Channel>
<Computer>Council-HQ</Computer>
<Security UserID="S-1-5-21-2389065719-3342106636-307857974-1001"></Security>
</System>
<EventData><Data Name="PackageName">MicrosoftWindows.Client.WebExperience_421.20070.305.0_x64__cw5n1h2txyewy</Data>
<Data Name="FilePath">C:\Program Files\WindowsApps\MicrosoftWindows.Client.WebExperience_421.20070.305.0_x64__cw5n1h2txyewy\microsoft.system.package.metadata\Resources.????????.pri</Data>
<Data Name="Message">No shared merged files found</Data>
</EventData>
</Event>

<Event xmlns="http://schemas.microsoft.com/win/2004/08/events/event"><System><Provider Name="Microsoft-Windows-AppXDeployment-Server" Guid="{3f471139-acb7-4a01-b7a7-ff5da4ba2d43}"></Provider>
<EventID Qualifiers="">5507</EventID>
<Version>0</Version>
<Level>5</Level>
<Task>0</Task>
<Opcode>0</Opcode>
<Keywords>0x4000000000100000</Keywords>
<TimeCreated SystemTime="2022-05-06 15:24:46.846954"></TimeCreated>
<EventRecordID>1243</EventRecordID>
<Correlation ActivityID="{2f2cff59-615d-0000-4415-2d2f5d61d801}" RelatedActivityID=""></Correlation>
<Execution ProcessID="3320" ThreadID="4616"></Execution>
<Channel>Microsoft-Windows-AppXDeploymentServer/Operational</Channel>
<Computer>Council-HQ</Computer>
<Security UserID="S-1-5-21-2389065719-3342106636-307857974-1001"></Security>
</System>
<EventData><Data Name="PackageName">MicrosoftWindows.Client.WebExperience_421.20070.305.0_x64__cw5n1h2txyewy</Data>
<Data Name="FilePath">C:\Program Files\WindowsApps\MicrosoftWindows.Client.WebExperience_421.20070.305.0_x64__cw5n1h2txyewy\microsoft.system.package.metadata\S-1-5-21-2389065719-3342106636-307857974-1001-MergedResources-*.pri</Data>
<Data Name="Message">No user-specific merged files found</Data>
</EventData>
</Event>

<Event xmlns="http://schemas.microsoft.com/win/2004/08/events/event"><System><Provider Name="Microsoft-Windows-AppXDeployment-Server" Guid="{3f471139-acb7-4a01-b7a7-ff5da4ba2d43}"></Provider>
<EventID Qualifiers="">5507</EventID>
<Version>0</Version>
<Level>5</Level>
<Task>0</Task>
<Opcode>0</Opcode>
<Keywords>0x4000000000100000</Keywords>
<TimeCreated SystemTime="2022-05-06 15:24:46.846994"></TimeCreated>
<EventRecordID>1244</EventRecordID>
<Correlation ActivityID="{2f2cff59-615d-0000-4415-2d2f5d61d801}" RelatedActivityID=""></Correlation>
<Execution ProcessID="3320" ThreadID="4616"></Execution>
<Channel>Microsoft-Windows-AppXDeploymentServer/Operational</Channel>
<Computer>Council-HQ</Computer>
<Security UserID="S-1-5-21-2389065719-3342106636-307857974-1001"></Security>
</System>
<EventData><Data Name="PackageName">MicrosoftWindows.Client.WebExperience_421.20070.305.0_x64__cw5n1h2txyewy</Data>
<Data Name="FilePath">C:\Program Files\WindowsApps\MicrosoftWindows.Client.WebExperience_421.20070.305.0_x64__cw5n1h2txyewy\microsoft.system.package.metadata\Resources.????????.pri</Data>
<Data Name="Message">No shared merged files found</Data>
</EventData>
</Event>

<Event xmlns="http://schemas.microsoft.com/win/2004/08/events/event"><System><Provider Name="Microsoft-Windows-AppXDeployment-Server" Guid="{3f471139-acb7-4a01-b7a7-ff5da4ba2d43}"></Provider>
<EventID Qualifiers="">813</EventID>
<Version>0</Version>
<Level>5</Level>
<Task>6</Task>
<Opcode>0</Opcode>
<Keywords>0x4000000000000001</Keywords>
<TimeCreated SystemTime="2022-05-06 15:24:46.853849"></TimeCreated>
<EventRecordID>1245</EventRecordID>
<Correlation ActivityID="{2f2cff59-615d-0000-4415-2d2f5d61d801}" RelatedActivityID=""></Correlation>
<Execution ProcessID="3320" ThreadID="4616"></Execution>
<Channel>Microsoft-Windows-AppXDeploymentServer/Operational</Channel>
<Computer>Council-HQ</Computer>
<Security UserID="S-1-5-18"></Security>
</System>
<EventData><Data Name="PackageMoniker">MicrosoftWindows.Client.WebExperience_421.20070.305.0_neutral_~_cw5n1h2txyewy</Data>
</EventData>
</Event>

<Event xmlns="http://schemas.microsoft.com/win/2004/08/events/event"><System><Provider Name="Microsoft-Windows-AppXDeployment-Server" Guid="{3f471139-acb7-4a01-b7a7-ff5da4ba2d43}"></Provider>
<EventID Qualifiers="">10001</EventID>
<Version>0</Version>
<Level>5</Level>
<Task>4</Task>
<Opcode>0</Opcode>
<Keywords>0x4000000000000001</Keywords>
<TimeCreated SystemTime="2022-05-06 15:24:46.935186"></TimeCreated>
<EventRecordID>1246</EventRecordID>
<Correlation ActivityID="{2f2cff59-615d-0000-4415-2d2f5d61d801}" RelatedActivityID=""></Correlation>
<Execution ProcessID="3320" ThreadID="4616"></Execution>
<Channel>Microsoft-Windows-AppXDeploymentServer/Operational</Channel>
<Computer>Council-HQ</Computer>
<Security UserID="S-1-5-18"></Security>
</System>
<EventData><Data Name="PackageFullName">MicrosoftWindows.Client.WebExperience_421.20070.305.0_x64__cw5n1h2txyewy</Data>
<Data Name="ErrorCode">0x00000000</Data>
</EventData>
</Event>

<Event xmlns="http://schemas.microsoft.com/win/2004/08/events/event"><System><Provider Name="Microsoft-Windows-AppXDeployment-Server" Guid="{3f471139-acb7-4a01-b7a7-ff5da4ba2d43}"></Provider>
<EventID Qualifiers="">10001</EventID>
<Version>0</Version>
<Level>5</Level>
<Task>4</Task>
<Opcode>0</Opcode>
<Keywords>0x4000000000000001</Keywords>
<TimeCreated SystemTime="2022-05-06 15:24:46.935610"></TimeCreated>
<EventRecordID>1247</EventRecordID>
<Correlation ActivityID="{2f2cff59-615d-0000-4415-2d2f5d61d801}" RelatedActivityID=""></Correlation>
<Execution ProcessID="3320" ThreadID="4616"></Execution>
<Channel>Microsoft-Windows-AppXDeploymentServer/Operational</Channel>
<Computer>Council-HQ</Computer>
<Security UserID="S-1-5-18"></Security>
</System>
<EventData><Data Name="PackageFullName">MicrosoftWindows.Client.WebExperience_421.20070.305.0_x64__cw5n1h2txyewy</Data>
<Data Name="ErrorCode">0x00000000</Data>
</EventData>
</Event>

<Event xmlns="http://schemas.microsoft.com/win/2004/08/events/event"><System><Provider Name="Microsoft-Windows-AppXDeployment-Server" Guid="{3f471139-acb7-4a01-b7a7-ff5da4ba2d43}"></Provider>
<EventID Qualifiers="">10001</EventID>
<Version>0</Version>
<Level>5</Level>
<Task>4</Task>
<Opcode>0</Opcode>
<Keywords>0x4000000000000001</Keywords>
<TimeCreated SystemTime="2022-05-06 15:24:46.935658"></TimeCreated>
<EventRecordID>1248</EventRecordID>
<Correlation ActivityID="{2f2cff59-615d-0000-4415-2d2f5d61d801}" RelatedActivityID=""></Correlation>
<Execution ProcessID="3320" ThreadID="4616"></Execution>
<Channel>Microsoft-Windows-AppXDeploymentServer/Operational</Channel>
<Computer>Council-HQ</Computer>
<Security UserID="S-1-5-18"></Security>
</System>
<EventData><Data Name="PackageFullName">MicrosoftWindows.Client.WebExperience_421.20070.305.0_x64__cw5n1h2txyewy</Data>
<Data Name="ErrorCode">0x00000000</Data>
</EventData>
</Event>

<Event xmlns="http://schemas.microsoft.com/win/2004/08/events/event"><System><Provider Name="Microsoft-Windows-AppXDeployment-Server" Guid="{3f471139-acb7-4a01-b7a7-ff5da4ba2d43}"></Provider>
<EventID Qualifiers="">10001</EventID>
<Version>0</Version>
<Level>5</Level>
<Task>4</Task>
<Opcode>0</Opcode>
<Keywords>0x4000000000000001</Keywords>
<TimeCreated SystemTime="2022-05-06 15:24:46.935696"></TimeCreated>
<EventRecordID>1249</EventRecordID>
<Correlation ActivityID="{2f2cff59-615d-0000-4415-2d2f5d61d801}" RelatedActivityID=""></Correlation>
<Execution ProcessID="3320" ThreadID="4616"></Execution>
<Channel>Microsoft-Windows-AppXDeploymentServer/Operational</Channel>
<Computer>Council-HQ</Computer>
<Security UserID="S-1-5-18"></Security>
</System>
<EventData><Data Name="PackageFullName">MicrosoftWindows.Client.WebExperience_421.20070.305.0_x64__cw5n1h2txyewy</Data>
<Data Name="ErrorCode">0x00000000</Data>
</EventData>
</Event>

<Event xmlns="http://schemas.microsoft.com/win/2004/08/events/event"><System><Provider Name="Microsoft-Windows-AppXDeployment-Server" Guid="{3f471139-acb7-4a01-b7a7-ff5da4ba2d43}"></Provider>
<EventID Qualifiers="">10001</EventID>
<Version>0</Version>
<Level>5</Level>
<Task>4</Task>
<Opcode>0</Opcode>
<Keywords>0x4000000000000001</Keywords>
<TimeCreated SystemTime="2022-05-06 15:24:46.935728"></TimeCreated>
<EventRecordID>1250</EventRecordID>
<Correlation ActivityID="{2f2cff59-615d-0000-4415-2d2f5d61d801}" RelatedActivityID=""></Correlation>
<Execution ProcessID="3320" ThreadID="4616"></Execution>
<Channel>Microsoft-Windows-AppXDeploymentServer/Operational</Channel>
<Computer>Council-HQ</Computer>
<Security UserID="S-1-5-18"></Security>
</System>
<EventData><Data Name="PackageFullName">MicrosoftWindows.Client.WebExperience_421.20070.305.0_neutral_~_cw5n1h2txyewy</Data>
<Data Name="ErrorCode">0x00000000</Data>
</EventData>
</Event>

<Event xmlns="http://schemas.microsoft.com/win/2004/08/events/event"><System><Provider Name="Microsoft-Windows-AppXDeployment-Server" Guid="{3f471139-acb7-4a01-b7a7-ff5da4ba2d43}"></Provider>
<EventID Qualifiers="">10001</EventID>
<Version>0</Version>
<Level>5</Level>
<Task>4</Task>
<Opcode>0</Opcode>
<Keywords>0x4000000000000001</Keywords>
<TimeCreated SystemTime="2022-05-06 15:24:46.935749"></TimeCreated>
<EventRecordID>1251</EventRecordID>
<Correlation ActivityID="{2f2cff59-615d-0000-4415-2d2f5d61d801}" RelatedActivityID=""></Correlation>
<Execution ProcessID="3320" ThreadID="4616"></Execution>
<Channel>Microsoft-Windows-AppXDeploymentServer/Operational</Channel>
<Computer>Council-HQ</Computer>
<Security UserID="S-1-5-18"></Security>
</System>
<EventData><Data Name="PackageFullName">MicrosoftWindows.Client.WebExperience_421.20070.305.0_neutral_~_cw5n1h2txyewy</Data>
<Data Name="ErrorCode">0x00000000</Data>
</EventData>
</Event>

<Event xmlns="http://schemas.microsoft.com/win/2004/08/events/event"><System><Provider Name="Microsoft-Windows-AppXDeployment-Server" Guid="{3f471139-acb7-4a01-b7a7-ff5da4ba2d43}"></Provider>
<EventID Qualifiers="">400</EventID>
<Version>0</Version>
<Level>4</Level>
<Task>3</Task>
<Opcode>2</Opcode>
<Keywords>0x4000000000000001</Keywords>
<TimeCreated SystemTime="2022-05-06 15:24:46.953331"></TimeCreated>
<EventRecordID>1252</EventRecordID>
<Correlation ActivityID="{2f2cff59-615d-0000-4415-2d2f5d61d801}" RelatedActivityID=""></Correlation>
<Execution ProcessID="3320" ThreadID="4616"></Execution>
<Channel>Microsoft-Windows-AppXDeploymentServer/Operational</Channel>
<Computer>Council-HQ</Computer>
<Security UserID="S-1-5-21-2389065719-3342106636-307857974-1001"></Security>
</System>
<EventData><Data Name="DeploymentOperation">6</Data>
<Data Name="PackageFullName">MicrosoftWindows.Client.WebExperience_421.20070.305.0_neutral_~_cw5n1h2txyewy</Data>
<Data Name="Path"> (AppxBundleManifest.xml) </Data>
<Data Name="MountPoint">C:</Data>
<Data Name="TargetPlatform">0x00000003</Data>
<Data Name="SystemVolume">True</Data>
<Data Name="StorageId">\\?\Volume{bf27b24f-9e98-4395-9110-325985ded282}</Data>
<Data Name="IsCentennial">False</Data>
<Data Name="PackageType">0x00000008</Data>
<Data Name="IsPackageEncrypted">False</Data>
<Data Name="DeploymentOptions">0x0004000092040240</Data>
<Data Name="IsStreamingPackage">False</Data>
<Data Name="IsInRelatedSet">False</Data>
<Data Name="IsPackageUsingBDC">False</Data>
<Data Name="MainPackageFamilyName">NULL</Data>
<Data Name="CallingProcess">svchost.exe,AppReadiness</Data>
<Data Name="IsOptional">False</Data>
<Data Name="PackageFlags">0x00000400</Data>
<Data Name="PackageFlags2">0x00000800</Data>
<Data Name="HasWin32alacarte">False</Data>
<Data Name="HasFullTrust">False</Data>
<Data Name="ExternalLocation"></Data>
<Data Name="PackageSourceUri"></Data>
<Data Name="PackageDisplayName"> </Data>
</EventData>
</Event>

<Event xmlns="http://schemas.microsoft.com/win/2004/08/events/event"><System><Provider Name="Microsoft-Windows-AppXDeployment-Server" Guid="{3f471139-acb7-4a01-b7a7-ff5da4ba2d43}"></Provider>
<EventID Qualifiers="">478</EventID>
<Version>0</Version>
<Level>5</Level>
<Task>3</Task>
<Opcode>0</Opcode>
<Keywords>0x4000000000000001</Keywords>
<TimeCreated SystemTime="2022-05-06 15:24:46.955820"></TimeCreated>
<EventRecordID>1253</EventRecordID>
<Correlation ActivityID="{2f2cff59-615d-0000-4415-2d2f5d61d801}" RelatedActivityID=""></Correlation>
<Execution ProcessID="3320" ThreadID="4616"></Execution>
<Channel>Microsoft-Windows-AppXDeploymentServer/Operational</Channel>
<Computer>Council-HQ</Computer>
<Security UserID="S-1-5-21-2389065719-3342106636-307857974-1001"></Security>
</System>
<EventData><Data Name="DeploymentOperation">6</Data>
<Data Name="PackageFullName">MicrosoftWindows.Client.WebExperience_421.20070.305.0_x64__cw5n1h2txyewy</Data>
<Data Name="Path"> (AppxBundleManifest.xml) </Data>
<Data Name="MountPoint">C:</Data>
<Data Name="TargetPlatform">0x00000003</Data>
<Data Name="SystemVolume">True</Data>
<Data Name="StorageId">\\?\Volume{bf27b24f-9e98-4395-9110-325985ded282}</Data>
<Data Name="IsCentennial">True</Data>
<Data Name="PackageType">0x00000001</Data>
<Data Name="IsPackageEncrypted">False</Data>
<Data Name="DeploymentOptions">0x0004000092040240</Data>
<Data Name="IsStreamingPackage">False</Data>
<Data Name="IsInRelatedSet">False</Data>
<Data Name="IsPackageUsingBDC">False</Data>
<Data Name="MainPackageFamilyName">NULL</Data>
<Data Name="CallingProcess">svchost.exe,AppReadiness</Data>
<Data Name="IsOptional">False</Data>
<Data Name="PackageFlags">0x0088004c</Data>
<Data Name="PackageFlags2">0x00000800</Data>
<Data Name="HasWin32alacarte">False</Data>
<Data Name="HasFullTrust">True</Data>
<Data Name="ExternalLocation"></Data>
<Data Name="PackageSourceUri"></Data>
<Data Name="PackageDisplayName">Windows Web Experience Pack</Data>
</EventData>
</Event>

<Event xmlns="http://schemas.microsoft.com/win/2004/08/events/event"><System><Provider Name="Microsoft-Windows-AppXDeployment-Server" Guid="{3f471139-acb7-4a01-b7a7-ff5da4ba2d43}"></Provider>
<EventID Qualifiers="">613</EventID>
<Version>0</Version>
<Level>4</Level>
<Task>3</Task>
<Opcode>0</Opcode>
<Keywords>0x4000000000000001</Keywords>
<TimeCreated SystemTime="2022-05-06 15:24:47.004734"></TimeCreated>
<EventRecordID>1254</EventRecordID>
<Correlation ActivityID="{2f2cff59-615d-0000-4415-2d2f5d61d801}" RelatedActivityID=""></Correlation>
<Execution ProcessID="3320" ThreadID="4616"></Execution>
<Channel>Microsoft-Windows-AppXDeploymentServer/Operational</Channel>
<Computer>Council-HQ</Computer>
<Security UserID="S-1-5-21-2389065719-3342106636-307857974-1001"></Security>
</System>
<EventData><Data Name="DeploymentOperation">6</Data>
<Data Name="PackageFullName">MicrosoftWindows.Client.WebExperience_421.20070.305.0_neutral_~_cw5n1h2txyewy</Data>
<Data Name="Summary">
Overall time: 4547 ms
Enqueue cost: 16 ms
Dequeue delay: 62 ms
Bundle processing cost: 16 ms
Indexing cost: 31 ms
Resolve dependency cost: 0 ms
Check approval cost: 0 ms
Evaluation cost: 0 ms
Hardlinking evaluation cost: 0 ms
Stage required cost: 0 ms
Flushing and closing files cost: 0 ms
Machine register cost: 0 ms
Stage user data cost: 0 ms
Gap: 16 ms
Registration cost: 4250 ms
Gap: 16 ms
Repository commit transaction cost: 62 ms
Gap: 31 ms
Data flush cost: 0 ms
Post DeStage repository commit transaction cost: 47 ms
Remaining cost: 0 ms
</Data>
</EventData>
</Event>

<Event xmlns="http://schemas.microsoft.com/win/2004/08/events/event"><System><Provider Name="Microsoft-Windows-AppXDeployment-Server" Guid="{3f471139-acb7-4a01-b7a7-ff5da4ba2d43}"></Provider>
<EventID Qualifiers="">821</EventID>
<Version>0</Version>
<Level>5</Level>
<Task>6</Task>
<Opcode>0</Opcode>
<Keywords>0x4000000000000001</Keywords>
<TimeCreated SystemTime="2022-05-06 15:24:47.013594"></TimeCreated>
<EventRecordID>1255</EventRecordID>
<Correlation ActivityID="{2f2cff59-615d-0003-1313-2d2f5d61d801}" RelatedActivityID=""></Correlation>
<Execution ProcessID="2324" ThreadID="1660"></Execution>
<Channel>Microsoft-Windows-AppXDeploymentServer/Operational</Channel>
<Computer>Council-HQ</Computer>
<Security UserID="S-1-5-18"></Security>
</System>
<EventData><Data Name="UserSid">S-1-5-21-2389065719-3342106636-307857974-1001</Data>
<Data Name="MainPackageFullName">MicrosoftWindows.Client.WebExperience_421.20070.305.0_neutral_~_cw5n1h2txyewy</Data>
<Data Name="ErrorCode">0x00000000</Data>
</EventData>
</Event>

<Event xmlns="http://schemas.microsoft.com/win/2004/08/events/event"><System><Provider Name="Microsoft-Windows-AppXDeployment-Server" Guid="{3f471139-acb7-4a01-b7a7-ff5da4ba2d43}"></Provider>
<EventID Qualifiers="">822</EventID>
<Version>0</Version>
<Level>5</Level>
<Task>6</Task>
<Opcode>0</Opcode>
<Keywords>0x4000000000000001</Keywords>
<TimeCreated SystemTime="2022-05-06 15:24:47.015009"></TimeCreated>
<EventRecordID>1256</EventRecordID>
<Correlation ActivityID="{2f2cff59-615d-0003-1313-2d2f5d61d801}" RelatedActivityID=""></Correlation>
<Execution ProcessID="2324" ThreadID="1660"></Execution>
<Channel>Microsoft-Windows-AppXDeploymentServer/Operational</Channel>
<Computer>Council-HQ</Computer>
<Security UserID="S-1-5-18"></Security>
</System>
<EventData><Data Name="Error">0x00000000</Data>
<Data Name="PackageMoniker">MicrosoftWindows.Client.WebExperience_421.20070.305.0_neutral_~_cw5n1h2txyewy</Data>
</EventData>
</Event>

<Event xmlns="http://schemas.microsoft.com/win/2004/08/events/event"><System><Provider Name="Microsoft-Windows-AppXDeployment-Server" Guid="{3f471139-acb7-4a01-b7a7-ff5da4ba2d43}"></Provider>
<EventID Qualifiers="">819</EventID>
<Version>0</Version>
<Level>5</Level>
<Task>6</Task>
<Opcode>0</Opcode>
<Keywords>0x4000000000000001</Keywords>
<TimeCreated SystemTime="2022-05-06 15:24:47.103088"></TimeCreated>
<EventRecordID>1257</EventRecordID>
<Correlation ActivityID="{2f2cff59-615d-0003-2613-2d2f5d61d801}" RelatedActivityID=""></Correlation>
<Execution ProcessID="2324" ThreadID="2940"></Execution>
<Channel>Microsoft-Windows-AppXDeploymentServer/Operational</Channel>
<Computer>Council-HQ</Computer>
<Security UserID="S-1-5-18"></Security>
</System>
<EventData><Data Name="InstallPackageList">MicrosoftWindows.UndockedDevKit_10.0.22000.1_neutral_neutral_cw5n1h2txyewy 1527c705-839a-4832-9118-54d4Bd6a0c89_10.0.19640.1000_neutral_neutral_cw5n1h2txyewy c5e2524a-ea46-4f67-841f-6a9465d9d515_10.0.22000.1_neutral_neutral_cw5n1h2txyewy E2A4F912-2574-4A75-9BB0-0D023378592B_10.0.19640.1000_neutral_neutral_cw5n1h2txyewy F46D4000-FD22-4DB4-AC8E-4E1DDDE828FE_10.0.22000.1_neutral_neutral_cw5n1h2txyewy Microsoft.AccountsControl_10.0.22000.1_neutral_neutral_cw5n1h2txyewy Microsoft.AsyncTextService_10.0.22000.1_neutral_neutral_8wekyb3d8bbwe Microsoft.CredDialogHost_10.0.19595.1001_neutral_neutral_cw5n1h2txyewy Microsoft.ECApp_10.0.22000.1_neutral_neutral_8wekyb3d8bbwe Microsoft.LockApp_10.0.22000.1_neutral_neutral_cw5n1h2txyewy Microsoft.MicrosoftEdgeDevToolsClient_10.0.22000.1_neutral__8wekyb3d8bbwe Microsoft.Win32WebViewHost_10.0.22000.1_neutral_neutral_cw5n1h2txyewy Microsoft.Windows.AppRep.ChxApp_10.0.22000.1_neutral_neutral_cw5n1h2txyewy Microsoft.Windows.AssignedAccessLockApp_10.0.22000.1_neutral_neutral_cw5n1h2txyewy Microsoft.Windows.CallingShellApp_10.0.22000.1_neutral_neutral_cw5n1h2txyewy Microsoft.Windows.CapturePicker_10.0.19580.1000_neutral_neutral_cw5n1h2txyewy Microsoft.Windows.NarratorQuickStart_10.0.22000.1_neutral_neutral_8wekyb3d8bbwe Microsoft.Windows.ParentalControls_10.0.22000.1_neutral_neutral_cw5n1h2txyewy Microsoft.Windows.PeopleExperienceHost_10.0.22000.1_neutral_neutral_cw5n1h2txyewy Microsoft.Windows.PinningConfirmationDialog_10.0.22000.1_neutral_neutral_cw5n1h2txyewy Microsoft.Windows.SecureAssessmentBrowser_10.0.22000.1_neutral_neutral_cw5n1h2txyewy Microsoft.Windows.XGpuEjectDialog_10.0.22000.1_neutral_neutral_cw5n1h2txyewy Microsoft.XboxGameCallableUI_10.0.22000.1_neutral_neutral_cw5n1h2txyewy NcsiUwpApp_10.0.22000.1_neutral_neutral_8wekyb3d8bbwe Windows.CBSPreview_10.0.19580.1000_neutral_neutral_cw5n1h2txyewy Windows.PrintDialog_6.2.1.0_neutral_neutral_cw5n1h2txyewy Microsoft.DesktopAppInstaller_2022.127.2322.0_neutral_~_8wekyb3d8bbwe Microsoft.GamingApp_2021.427.138.0_neutral_~_8wekyb3d8bbwe Microsoft.HEIFImageExtension_1.0.43012.0_x64__8wekyb3d8bbwe Microsoft.MicrosoftStickyNotes_4.1.2.0_neutral_~_8wekyb3d8bbwe Microsoft.Paint_11.2203.2.0_neutral_~_8wekyb3d8bbwe Microsoft.ScreenSketch_2022.2203.3.0_neutral_~_8wekyb3d8bbwe Microsoft.SecHealthUI_1000.22000.1.0_neutral__8wekyb3d8bbwe Microsoft.StorePurchaseApp_12203.44.0.0_neutral_~_8wekyb3d8bbwe Microsoft.VCLibs.140.00_14.0.29231.0_x64__8wekyb3d8bbwe Microsoft.VP9VideoExtensions_1.0.50901.0_x64__8wekyb3d8bbwe Microsoft.WebMediaExtensions_1.0.42192.0_neutral_~_8wekyb3d8bbwe Microsoft.WebpImageExtension_1.0.42351.0_x64__8wekyb3d8bbwe Microsoft.Windows.Photos_2021.21120.8011.0_neutral_~_8wekyb3d8bbwe Microsoft.WindowsCalculator_2020.2012.21.0_neutral_~_8wekyb3d8bbwe Microsoft.WindowsCamera_2022.2203.5.0_neutral_~_8wekyb3d8bbwe Microsoft.WindowsNotepad_11.2203.10.0_neutral_~_8wekyb3d8bbwe Microsoft.WindowsStore_22204.1401.3.0_neutral_~_8wekyb3d8bbwe Microsoft.WindowsTerminal_3001.12.10983.0_neutral_~_8wekyb3d8bbwe Microsoft.Xbox.TCUI_1.24.10001.0_neutral_~_8wekyb3d8bbwe Microsoft.XboxGameOverlay_1.54.4001.0_neutral_~_8wekyb3d8bbwe Microsoft.XboxGamingOverlay_5.722.3302.0_neutral_~_8wekyb3d8bbwe Microsoft.XboxIdentityProvider_12.85.31001.0_neutral_~_8wekyb3d8bbwe Microsoft.XboxSpeechToTextOverlay_1.21.13002.0_neutral_~_8wekyb3d8bbwe MicrosoftTeams_22082.402.1279.2578_x64__8wekyb3d8bbwe </Data>
<Data Name="EndOfLifePackageList">NULL</Data>
</EventData>
</Event>

<Event xmlns="http://schemas.microsoft.com/win/2004/08/events/event"><System><Provider Name="Microsoft-Windows-AppXDeployment-Server" Guid="{3f471139-acb7-4a01-b7a7-ff5da4ba2d43}"></Provider>
<EventID Qualifiers="">633</EventID>
<Version>0</Version>
<Level>4</Level>
<Task>3</Task>
<Opcode>0</Opcode>
<Keywords>0x4000000000000001</Keywords>
<TimeCreated SystemTime="2022-05-06 15:24:47.143349"></TimeCreated>
<EventRecordID>1258</EventRecordID>
<Correlation ActivityID="{2f2cff59-615d-0002-980d-2d2f5d61d801}" RelatedActivityID=""></Correlation>
<Execution ProcessID="3320" ThreadID="708"></Execution>
<Channel>Microsoft-Windows-AppXDeploymentServer/Operational</Channel>
<Computer>Council-HQ</Computer>
<Security UserID="S-1-5-18"></Security>
</System>
<EventData><Data Name="PackageFullName">1527c705-839a-4832-9118-54d4Bd6a0c89_10.0.19640.1000_neutral_neutral_cw5n1h2txyewy</Data>
<Data Name="IsInstalled">True</Data>
</EventData>
</Event>

<Event xmlns="http://schemas.microsoft.com/win/2004/08/events/event"><System><Provider Name="Microsoft-Windows-AppXDeployment-Server" Guid="{3f471139-acb7-4a01-b7a7-ff5da4ba2d43}"></Provider>
<EventID Qualifiers="">633</EventID>
<Version>0</Version>
<Level>4</Level>
<Task>3</Task>
<Opcode>0</Opcode>
<Keywords>0x4000000000000001</Keywords>
<TimeCreated SystemTime="2022-05-06 15:24:47.151791"></TimeCreated>
<EventRecordID>1259</EventRecordID>
<Correlation ActivityID="{2f2cff59-615d-0002-980d-2d2f5d61d801}" RelatedActivityID=""></Correlation>
<Execution ProcessID="3320" ThreadID="708"></Execution>
<Channel>Microsoft-Windows-AppXDeploymentServer/Operational</Channel>
<Computer>Council-HQ</Computer>
<Security UserID="S-1-5-18"></Security>
</System>
<EventData><Data Name="PackageFullName">c5e2524a-ea46-4f67-841f-6a9465d9d515_10.0.22000.1_neutral_neutral_cw5n1h2txyewy</Data>
<Data Name="IsInstalled">True</Data>
</EventData>
</Event>

<Event xmlns="http://schemas.microsoft.com/win/2004/08/events/event"><System><Provider Name="Microsoft-Windows-AppXDeployment-Server" Guid="{3f471139-acb7-4a01-b7a7-ff5da4ba2d43}"></Provider>
<EventID Qualifiers="">633</EventID>
<Version>0</Version>
<Level>4</Level>
<Task>3</Task>
<Opcode>0</Opcode>
<Keywords>0x4000000000000001</Keywords>
<TimeCreated SystemTime="2022-05-06 15:24:47.166225"></TimeCreated>
<EventRecordID>1260</EventRecordID>
<Correlation ActivityID="{2f2cff59-615d-0002-980d-2d2f5d61d801}" RelatedActivityID=""></Correlation>
<Execution ProcessID="3320" ThreadID="708"></Execution>
<Channel>Microsoft-Windows-AppXDeploymentServer/Operational</Channel>
<Computer>Council-HQ</Computer>
<Security UserID="S-1-5-18"></Security>
</System>
<EventData><Data Name="PackageFullName">E2A4F912-2574-4A75-9BB0-0D023378592B_10.0.19640.1000_neutral_neutral_cw5n1h2txyewy</Data>
<Data Name="IsInstalled">True</Data>
</EventData>
</Event>

<Event xmlns="http://schemas.microsoft.com/win/2004/08/events/event"><System><Provider Name="Microsoft-Windows-AppXDeployment-Server" Guid="{3f471139-acb7-4a01-b7a7-ff5da4ba2d43}"></Provider>
<EventID Qualifiers="">633</EventID>
<Version>0</Version>
<Level>4</Level>
<Task>3</Task>
<Opcode>0</Opcode>
<Keywords>0x4000000000000001</Keywords>
<TimeCreated SystemTime="2022-05-06 15:24:47.182293"></TimeCreated>
<EventRecordID>1261</EventRecordID>
<Correlation ActivityID="{2f2cff59-615d-0002-980d-2d2f5d61d801}" RelatedActivityID=""></Correlation>
<Execution ProcessID="3320" ThreadID="708"></Execution>
<Channel>Microsoft-Windows-AppXDeploymentServer/Operational</Channel>
<Computer>Council-HQ</Computer>
<Security UserID="S-1-5-18"></Security>
</System>
<EventData><Data Name="PackageFullName">F46D4000-FD22-4DB4-AC8E-4E1DDDE828FE_10.0.22000.1_neutral_neutral_cw5n1h2txyewy</Data>
<Data Name="IsInstalled">True</Data>
</EventData>
</Event>

<Event xmlns="http://schemas.microsoft.com/win/2004/08/events/event"><System><Provider Name="Microsoft-Windows-AppXDeployment-Server" Guid="{3f471139-acb7-4a01-b7a7-ff5da4ba2d43}"></Provider>
<EventID Qualifiers="">633</EventID>
<Version>0</Version>
<Level>4</Level>
<Task>3</Task>
<Opcode>0</Opcode>
<Keywords>0x4000000000000001</Keywords>
<TimeCreated SystemTime="2022-05-06 15:24:47.188627"></TimeCreated>
<EventRecordID>1262</EventRecordID>
<Correlation ActivityID="{2f2cff59-615d-0002-980d-2d2f5d61d801}" RelatedActivityID=""></Correlation>
<Execution ProcessID="3320" ThreadID="708"></Execution>
<Channel>Microsoft-Windows-AppXDeploymentServer/Operational</Channel>
<Computer>Council-HQ</Computer>
<Security UserID="S-1-5-18"></Security>
</System>
<EventData><Data Name="PackageFullName">Microsoft.AAD.BrokerPlugin_1000.19580.1000.0_neutral_neutral_cw5n1h2txyewy</Data>
<Data Name="IsInstalled">True</Data>
</EventData>
</Event>

