<Event xmlns="http://schemas.microsoft.com/win/2004/08/events/event"><System><Provider Name="Microsoft-Windows-AppModel-Runtime" Guid="{f1ef270a-0d32-4352-ba52-dbab41e1d859}"></Provider>
<EventID Qualifiers="">210</EventID>
<Version>0</Version>
<Level>4</Level>
<Task>0</Task>
<Opcode>0</Opcode>
<Keywords>0x2000000000000008</Keywords>
<TimeCreated SystemTime="2022-05-06 15:36:58.726105"></TimeCreated>
<EventRecordID>109</EventRecordID>
<Correlation ActivityID="" RelatedActivityID=""></Correlation>
<Execution ProcessID="4800" ThreadID="4840"></Execution>
<Channel>Microsoft-Windows-AppModel-Runtime/Admin</Channel>
<Computer>Council-HQ</Computer>
<Security UserID="S-1-5-18"></Security>
</System>
<EventData><Data Name="PackageName">MicrosoftTeams_22082.402.1279.2578_x64__8wekyb3d8bbwe</Data>
<Data Name="ContainerName">MicrosoftTeams_22082.402.1279.2578_x64__8wekyb3d8bbwe-S-1-5-21-2389065719-3342106636-307857974-1001</Data>
<Data Name="ContainerId">{4C6F3901-CD52-11EC-A53C-080027D811A0}</Data>
</EventData>
</Event>

<Event xmlns="http://schemas.microsoft.com/win/2004/08/events/event"><System><Provider Name="Microsoft-Windows-AppModel-Runtime" Guid="{f1ef270a-0d32-4352-ba52-dbab41e1d859}"></Provider>
<EventID Qualifiers="">211</EventID>
<Version>0</Version>
<Level>4</Level>
<Task>0</Task>
<Opcode>0</Opcode>
<Keywords>0x2000000000000008</Keywords>
<TimeCreated SystemTime="2022-05-06 15:36:58.726145"></TimeCreated>
<EventRecordID>110</EventRecordID>
<Correlation ActivityID="" RelatedActivityID=""></Correlation>
<Execution ProcessID="4800" ThreadID="4840"></Execution>
<Channel>Microsoft-Windows-AppModel-Runtime/Admin</Channel>
<Computer>Council-HQ</Computer>
<Security UserID="S-1-5-18"></Security>
</System>
<EventData><Data Name="ProcessID">7036</Data>
<Data Name="PackageName">MicrosoftTeams_22082.402.1279.2578_x64__8wekyb3d8bbwe</Data>
<Data Name="ContainerId">{4C6F3901-CD52-11EC-A53C-080027D811A0}</Data>
</EventData>
</Event>

<Event xmlns="http://schemas.microsoft.com/win/2004/08/events/event"><System><Provider Name="Microsoft-Windows-AppModel-Runtime" Guid="{f1ef270a-0d32-4352-ba52-dbab41e1d859}"></Provider>
<EventID Qualifiers="">201</EventID>
<Version>0</Version>
<Level>4</Level>
<Task>0</Task>
<Opcode>0</Opcode>
<Keywords>0x2000000000000004</Keywords>
<TimeCreated SystemTime="2022-05-06 15:36:58.728680"></TimeCreated>
<EventRecordID>111</EventRecordID>
<Correlation ActivityID="" RelatedActivityID=""></Correlation>
<Execution ProcessID="4800" ThreadID="4840"></Execution>
<Channel>Microsoft-Windows-AppModel-Runtime/Admin</Channel>
<Computer>Council-HQ</Computer>
<Security UserID="S-1-5-18"></Security>
</System>
<EventData><Data Name="ProcessID">7036</Data>
<Data Name="PackageName">MicrosoftTeams_22082.402.1279.2578_x64__8wekyb3d8bbwe</Data>
<Data Name="ImageName">msteams.exe</Data>
<Data Name="ApplicationName">MicrosoftTeams_8wekyb3d8bbwe!MicrosoftTeams</Data>
<Data Name="Message">[LaunchProcess]</Data>
</EventData>
</Event>

</Events>
