<?xml version="1.1" encoding="utf-8" standalone="yes" ?>

<Events>
<Event xmlns="http://schemas.microsoft.com/win/2004/08/events/event"><System><Provider Name="Microsoft-Windows-Application-Experience" Guid="{eef54e71-0661-422d-9a98-82fd4940b820}"></Provider>
<EventID Qualifiers="">500</EventID>
<Version>0</Version>
<Level>4</Level>
<Task>0</Task>
<Opcode>0</Opcode>
<Keywords>0x0800000000000000</Keywords>
<TimeCreated SystemTime="2022-05-06 15:21:10.276541"></TimeCreated>
<EventRecordID>1</EventRecordID>
<Correlation ActivityID="" RelatedActivityID=""></Correlation>
<Execution ProcessID="5720" ThreadID="5816"></Execution>
<Channel>Microsoft-Windows-Application-Experience/Program-Telemetry</Channel>
<Computer>DESKTOP-DBOP9M0</Computer>
<Security UserID="S-1-5-21-2389065719-3342106636-307857974-1000"></Security>
</System>
<UserData><CompatibilityFixEvent xmlns="http://www.microsoft.com/Windows/Diagnosis/PCA/events"><ProcessId>5720</ProcessId>
<StartTime>2022-05-06 15:21:10.265224</StartTime>
<FixID>{b1756ba4-d3d6-4607-8187-34488a3ce713}</FixID>
<Flags>0x00010101</Flags>
<ExePath>C:\WINDOWS\system32\wwahost.exe</ExePath>
<FixName>Microsoft.Windows.CloudExperienceHost</FixName>
</CompatibilityFixEvent>
</UserData>
</Event>

<Event xmlns="http://schemas.microsoft.com/win/2004/08/events/event"><System><Provider Name="Microsoft-Windows-Application-Experience" Guid="{eef54e71-0661-422d-9a98-82fd4940b820}"></Provider>
<EventID Qualifiers="">505</EventID>
<Version>0</Version>
<Level>4</Level>
<Task>0</Task>
<Opcode>0</Opcode>
<Keywords>0x0800000000000000</Keywords>
<TimeCreated SystemTime="2022-05-06 15:23:15.839781"></TimeCreated>
<EventRecordID>2</EventRecordID>
<Correlation ActivityID="" RelatedActivityID=""></Correlation>
<Execution ProcessID="4604" ThreadID="4608"></Execution>
<Channel>Microsoft-Windows-Application-Experience/Program-Telemetry</Channel>
<Computer>Council-HQ</Computer>
<Security UserID="S-1-5-21-2389065719-3342106636-307857974-1000"></Security>
</System>
<UserData><CompatibilityFixEvent xmlns="http://www.microsoft.com/Windows/Diagnosis/PCA/events"><ProcessId>4604</ProcessId>
<StartTime>2022-05-06 15:23:15.721693</StartTime>
<FixID>{b1756ba4-d3d6-4607-8187-34488a3ce713}</FixID>
<Flags>0x80010101</Flags>
<ExePath>C:\WINDOWS\system32\wwahost.exe</ExePath>
<FixName>Microsoft.Windows.CloudExperienceHost</FixName>
</CompatibilityFixEvent>
</UserData>
</Event>

<Event xmlns="http://schemas.microsoft.com/win/2004/08/events/event"><System><Provider Name="Microsoft-Windows-Application-Experience" Guid="{eef54e71-0661-422d-9a98-82fd4940b820}"></Provider>
<EventID Qualifiers="">500</EventID>
<Version>0</Version>
<Level>4</Level>
<Task>0</Task>
<Opcode>0</Opcode>
<Keywords>0x0800000000000000</Keywords>
<TimeCreated SystemTime="2022-05-06 15:28:24.408445"></TimeCreated>
<EventRecordID>3</EventRecordID>
<Correlation ActivityID="" RelatedActivityID=""></Correlation>
<Execution ProcessID="1692" ThreadID="956"></Execution>
<Channel>Microsoft-Windows-Application-Experience/Program-Telemetry</Channel>
<Computer>Council-HQ</Computer>
<Security UserID="S-1-5-21-2389065719-3342106636-307857974-1001"></Security>
</System>
<UserData><CompatibilityFixEvent xmlns="http://www.microsoft.com/Windows/Diagnosis/PCA/events"><ProcessId>1692</ProcessId>
<StartTime>2022-05-06 15:28:24.393211</StartTime>
<FixID>{15a89f9e-4f3e-4aa2-b026-7271def4f208}</FixID>
<Flags>0x00010101</Flags>
<ExePath>C:\Windows\ImmersiveControlPanel\SystemSettings.exe</ExePath>
<FixName>Microsoft Apps</FixName>
</CompatibilityFixEvent>
</UserData>
</Event>

<Event xmlns="http://schemas.microsoft.com/win/2004/08/events/event"><System><Provider Name="Microsoft-Windows-Application-Experience" Guid="{eef54e71-0661-422d-9a98-82fd4940b820}"></Provider>
<EventID Qualifiers="">500</EventID>
<Version>0</Version>
<Level>4</Level>
<Task>0</Task>
<Opcode>0</Opcode>
<Keywords>0x0800000000000000</Keywords>
<TimeCreated SystemTime="2022-05-06 15:28:24.408457"></TimeCreated>
<EventRecordID>4</EventRecordID>
<Correlation ActivityID="" RelatedActivityID=""></Correlation>
<Execution ProcessID="1692" ThreadID="956"></Execution>
<Channel>Microsoft-Windows-Application-Experience/Program-Telemetry</Channel>
<Computer>Council-HQ</Computer>
<Security UserID="S-1-5-21-2389065719-3342106636-307857974-1001"></Security>
</System>
<UserData><CompatibilityFixEvent xmlns="http://www.microsoft.com/Windows/Diagnosis/PCA/events"><ProcessId>1692</ProcessId>
<StartTime>2022-05-06 15:28:24.393211</StartTime>
<FixID>{f4db680c-9c1e-4a31-b6b0-3be6bfd4f55f}</FixID>
<Flags>0x00010101</Flags>
<ExePath>C:\Windows\ImmersiveControlPanel\SystemSettings.exe</ExePath>
<FixName>Microsoft Apps</FixName>
</CompatibilityFixEvent>
</UserData>
</Event>

<Event xmlns="http://schemas.microsoft.com/win/2004/08/events/event"><System><Provider Name="Microsoft-Windows-Application-Experience" Guid="{eef54e71-0661-422d-9a98-82fd4940b820}"></Provider>
<EventID Qualifiers="">505</EventID>
<Version>0</Version>
<Level>4</Level>
<Task>0</Task>
<Opcode>0</Opcode>
<Keywords>0x0800000000000000</Keywords>
<TimeCreated SystemTime="2022-05-06 15:28:25.219833"></TimeCreated>
<EventRecordID>5</EventRecordID>
<Correlation ActivityID="" RelatedActivityID=""></Correlation>
<Execution ProcessID="2344" ThreadID="7400"></Execution>
<Channel>Microsoft-Windows-Application-Experience/Program-Telemetry</Channel>
<Computer>Council-HQ</Computer>
<Security UserID="S-1-5-21-2389065719-3342106636-307857974-1001"></Security>
</System>
<UserData><CompatibilityFixEvent xmlns="http://www.microsoft.com/Windows/Diagnosis/PCA/events"><ProcessId>2344</ProcessId>
<StartTime>2022-05-06 15:28:25.214460</StartTime>
<FixID>{15a89f9e-4f3e-4aa2-b026-7271def4f208}</FixID>
<Flags>0x80010101</Flags>
<ExePath>C:\WINDOWS\system32\DllHost.exe</ExePath>
<FixName>Microsoft Apps</FixName>
</CompatibilityFixEvent>
</UserData>
</Event>

<Event xmlns="http://schemas.microsoft.com/win/2004/08/events/event"><System><Provider Name="Microsoft-Windows-Application-Experience" Guid="{eef54e71-0661-422d-9a98-82fd4940b820}"></Provider>
<EventID Qualifiers="">505</EventID>
<Version>0</Version>
<Level>4</Level>
<Task>0</Task>
<Opcode>0</Opcode>
<Keywords>0x0800000000000000</Keywords>
<TimeCreated SystemTime="2022-05-06 15:28:25.219839"></TimeCreated>
<EventRecordID>6</EventRecordID>
<Correlation ActivityID="" RelatedActivityID=""></Correlation>
<Execution ProcessID="2344" ThreadID="7400"></Execution>
<Channel>Microsoft-Windows-Application-Experience/Program-Telemetry</Channel>
<Computer>Council-HQ</Computer>
<Security UserID="S-1-5-21-2389065719-3342106636-307857974-1001"></Security>
</System>
<UserData><CompatibilityFixEvent xmlns="http://www.microsoft.com/Windows/Diagnosis/PCA/events"><ProcessId>2344</ProcessId>
<StartTime>2022-05-06 15:28:25.214460</StartTime>
<FixID>{f4db680c-9c1e-4a31-b6b0-3be6bfd4f55f}</FixID>
<Flags>0x80010101</Flags>
<ExePath>C:\WINDOWS\system32\DllHost.exe</ExePath>
<FixName>Microsoft Apps</FixName>
</CompatibilityFixEvent>
</UserData>
</Event>

<Event xmlns="http://schemas.microsoft.com/win/2004/08/events/event"><System><Provider Name="Microsoft-Windows-Application-Experience" Guid="{eef54e71-0661-422d-9a98-82fd4940b820}"></Provider>
<EventID Qualifiers="">505</EventID>
<Version>0</Version>
<Level>4</Level>
<Task>0</Task>
<Opcode>0</Opcode>
<Keywords>0x0800000000000000</Keywords>
<TimeCreated SystemTime="2022-05-06 15:28:30.115541"></TimeCreated>
<EventRecordID>7</EventRecordID>
<Correlation ActivityID="" RelatedActivityID=""></Correlation>
<Execution ProcessID="4332" ThreadID="6316"></Execution>
<Channel>Microsoft-Windows-Application-Experience/Program-Telemetry</Channel>
<Computer>Council-HQ</Computer>
<Security UserID="S-1-5-21-2389065719-3342106636-307857974-1001"></Security>
</System>
<UserData><CompatibilityFixEvent xmlns="http://www.microsoft.com/Windows/Diagnosis/PCA/events"><ProcessId>4332</ProcessId>
<StartTime>2022-05-06 15:28:30.109291</StartTime>
<FixID>{15a89f9e-4f3e-4aa2-b026-7271def4f208}</FixID>
<Flags>0x80010101</Flags>
<ExePath>C:\Windows\ImmersiveControlPanel\SystemSettings.exe</ExePath>
<FixName>Microsoft Apps</FixName>
</CompatibilityFixEvent>
</UserData>
</Event>

<Event xmlns="http://schemas.microsoft.com/win/2004/08/events/event"><System><Provider Name="Microsoft-Windows-Application-Experience" Guid="{eef54e71-0661-422d-9a98-82fd4940b820}"></Provider>
<EventID Qualifiers="">505</EventID>
<Version>0</Version>
<Level>4</Level>
<Task>0</Task>
<Opcode>0</Opcode>
<Keywords>0x0800000000000000</Keywords>
<TimeCreated SystemTime="2022-05-06 15:28:30.115547"></TimeCreated>
<EventRecordID>8</EventRecordID>
<Correlation ActivityID="" RelatedActivityID=""></Correlation>
<Execution ProcessID="4332" ThreadID="6316"></Execution>
<Channel>Microsoft-Windows-Application-Experience/Program-Telemetry</Channel>
<Computer>Council-HQ</Computer>
<Security UserID="S-1-5-21-2389065719-3342106636-307857974-1001"></Security>
</System>
<UserData><CompatibilityFixEvent xmlns="http://www.microsoft.com/Windows/Diagnosis/PCA/events"><ProcessId>4332</ProcessId>
<StartTime>2022-05-06 15:28:30.109291</StartTime>
<FixID>{f4db680c-9c1e-4a31-b6b0-3be6bfd4f55f}</FixID>
<Flags>0x80010101</Flags>
<ExePath>C:\Windows\ImmersiveControlPanel\SystemSettings.exe</ExePath>
<FixName>Microsoft Apps</FixName>
</CompatibilityFixEvent>
</UserData>
</Event>

<Event xmlns="http://schemas.microsoft.com/win/2004/08/events/event"><System><Provider Name="Microsoft-Windows-Application-Experience" Guid="{eef54e71-0661-422d-9a98-82fd4940b820}"></Provider>
<EventID Qualifiers="">505</EventID>
<Version>0</Version>
<Level>4</Level>
<Task>0</Task>
<Opcode>0</Opcode>
<Keywords>0x0800000000000000</Keywords>
<TimeCreated SystemTime="2022-05-06 15:28:39.557192"></TimeCreated>
<EventRecordID>9</EventRecordID>
<Correlation ActivityID="" RelatedActivityID=""></Correlation>
<Execution ProcessID="1912" ThreadID="7532"></Execution>
<Channel>Microsoft-Windows-Application-Experience/Program-Telemetry</Channel>
<Computer>Council-HQ</Computer>
<Security UserID="S-1-5-21-2389065719-3342106636-307857974-1001"></Security>
</System>
<UserData><CompatibilityFixEvent xmlns="http://www.microsoft.com/Windows/Diagnosis/PCA/events"><ProcessId>1912</ProcessId>
<StartTime>2022-05-06 15:28:39.548300</StartTime>
<FixID>{15a89f9e-4f3e-4aa2-b026-7271def4f208}</FixID>
<Flags>0x80010101</Flags>
<ExePath>C:\Windows\ImmersiveControlPanel\SystemSettings.exe</ExePath>
<FixName>Microsoft Apps</FixName>
</CompatibilityFixEvent>
</UserData>
</Event>

<Event xmlns="http://schemas.microsoft.com/win/2004/08/events/event"><System><Provider Name="Microsoft-Windows-Application-Experience" Guid="{eef54e71-0661-422d-9a98-82fd4940b820}"></Provider>
<EventID Qualifiers="">505</EventID>
<Version>0</Version>
<Level>4</Level>
<Task>0</Task>
<Opcode>0</Opcode>
<Keywords>0x0800000000000000</Keywords>
<TimeCreated SystemTime="2022-05-06 15:28:39.557198"></TimeCreated>
<EventRecordID>10</EventRecordID>
<Correlation ActivityID="" RelatedActivityID=""></Correlation>
<Execution ProcessID="1912" ThreadID="7532"></Execution>
<Channel>Microsoft-Windows-Application-Experience/Program-Telemetry</Channel>
<Computer>Council-HQ</Computer>
<Security UserID="S-1-5-21-2389065719-3342106636-307857974-1001"></Security>
</System>
<UserData><CompatibilityFixEvent xmlns="http://www.microsoft.com/Windows/Diagnosis/PCA/events"><ProcessId>1912</ProcessId>
<StartTime>2022-05-06 15:28:39.548300</StartTime>
<FixID>{f4db680c-9c1e-4a31-b6b0-3be6bfd4f55f}</FixID>
<Flags>0x80010101</Flags>
<ExePath>C:\Windows\ImmersiveControlPanel\SystemSettings.exe</ExePath>
<FixName>Microsoft Apps</FixName>
</CompatibilityFixEvent>
</UserData>
</Event>

<Event xmlns="http://schemas.microsoft.com/win/2004/08/events/event"><System><Provider Name="Microsoft-Windows-Application-Experience" Guid="{eef54e71-0661-422d-9a98-82fd4940b820}"></Provider>
<EventID Qualifiers="">505</EventID>
<Version>0</Version>
<Level>4</Level>
<Task>0</Task>
<Opcode>0</Opcode>
<Keywords>0x0800000000000000</Keywords>
<TimeCreated SystemTime="2022-05-06 15:28:42.192606"></TimeCreated>
<EventRecordID>11</EventRecordID>
<Correlation ActivityID="" RelatedActivityID=""></Correlation>
<Execution ProcessID="7148" ThreadID="3196"></Execution>
<Channel>Microsoft-Windows-Application-Experience/Program-Telemetry</Channel>
<Computer>Council-HQ</Computer>
<Security UserID="S-1-5-21-2389065719-3342106636-307857974-1001"></Security>
</System>
<UserData><CompatibilityFixEvent xmlns="http://www.microsoft.com/Windows/Diagnosis/PCA/events"><ProcessId>7148</ProcessId>
<StartTime>2022-05-06 15:28:42.170765</StartTime>
<FixID>{b1756ba4-d3d6-4607-8187-34488a3ce713}</FixID>
<Flags>0x80010101</Flags>
<ExePath>C:\WINDOWS\system32\wwahost.exe</ExePath>
<FixName>Microsoft.Windows.CloudExperienceHost</FixName>
</CompatibilityFixEvent>
</UserData>
</Event>

<Event xmlns="http://schemas.microsoft.com/win/2004/08/events/event"><System><Provider Name="Microsoft-Windows-Application-Experience" Guid="{eef54e71-0661-422d-9a98-82fd4940b820}"></Provider>
<EventID Qualifiers="">505</EventID>
<Version>0</Version>
<Level>4</Level>
<Task>0</Task>
<Opcode>0</Opcode>
<Keywords>0x0800000000000000</Keywords>
<TimeCreated SystemTime="2022-05-06 15:29:00.922626"></TimeCreated>
<EventRecordID>12</EventRecordID>
<Correlation ActivityID="" RelatedActivityID=""></Correlation>
<Execution ProcessID="1888" ThreadID="4612"></Execution>
<Channel>Microsoft-Windows-Application-Experience/Program-Telemetry</Channel>
<Computer>Council-HQ</Computer>
<Security UserID="S-1-5-21-2389065719-3342106636-307857974-1001"></Security>
</System>
<UserData><CompatibilityFixEvent xmlns="http://www.microsoft.com/Windows/Diagnosis/PCA/events"><ProcessId>1888</ProcessId>
<StartTime>2022-05-06 15:29:00.913567</StartTime>
<FixID>{15a89f9e-4f3e-4aa2-b026-7271def4f208}</FixID>
<Flags>0x80010101</Flags>
<ExePath>C:\WINDOWS\system32\DllHost.exe</ExePath>
<FixName>Microsoft Apps</FixName>
</CompatibilityFixEvent>
</UserData>
</Event>

<Event xmlns="http://schemas.microsoft.com/win/2004/08/events/event"><System><Provider Name="Microsoft-Windows-Application-Experience" Guid="{eef54e71-0661-422d-9a98-82fd4940b820}"></Provider>
<EventID Qualifiers="">505</EventID>
<Version>0</Version>
<Level>4</Level>
<Task>0</Task>
<Opcode>0</Opcode>
<Keywords>0x0800000000000000</Keywords>
<TimeCreated SystemTime="2022-05-06 15:29:00.922632"></TimeCreated>
<EventRecordID>13</EventRecordID>
<Correlation ActivityID="" RelatedActivityID=""></Correlation>
<Execution ProcessID="1888" ThreadID="4612"></Execution>
<Channel>Microsoft-Windows-Application-Experience/Program-Telemetry</Channel>
<Computer>Council-HQ</Computer>
<Security UserID="S-1-5-21-2389065719-3342106636-307857974-1001"></Security>
</System>
<UserData><CompatibilityFixEvent xmlns="http://www.microsoft.com/Windows/Diagnosis/PCA/events"><ProcessId>1888</ProcessId>
<StartTime>2022-05-06 15:29:00.913567</StartTime>
<FixID>{f4db680c-9c1e-4a31-b6b0-3be6bfd4f55f}</FixID>
<Flags>0x80010101</Flags>
<ExePath>C:\WINDOWS\system32\DllHost.exe</ExePath>
<FixName>Microsoft Apps</FixName>
</CompatibilityFixEvent>
</UserData>
</Event>

<Event xmlns="http://schemas.microsoft.com/win/2004/08/events/event"><System><Provider Name="Microsoft-Windows-Application-Experience" Guid="{eef54e71-0661-422d-9a98-82fd4940b820}"></Provider>
<EventID Qualifiers="">505</EventID>
<Version>0</Version>
<Level>4</Level>
<Task>0</Task>
<Opcode>0</Opcode>
<Keywords>0x0800000000000000</Keywords>
<TimeCreated SystemTime="2022-05-06 15:37:53.690649"></TimeCreated>
<EventRecordID>14</EventRecordID>
<Correlation ActivityID="" RelatedActivityID=""></Correlation>
<Execution ProcessID="4584" ThreadID="6372"></Execution>
<Channel>Microsoft-Windows-Application-Experience/Program-Telemetry</Channel>
<Computer>Council-HQ</Computer>
<Security UserID="S-1-5-21-2389065719-3342106636-307857974-1001"></Security>
</System>
<UserData><CompatibilityFixEvent xmlns="http://www.microsoft.com/Windows/Diagnosis/PCA/events"><ProcessId>4584</ProcessId>
<StartTime>2022-05-06 15:37:53.592049</StartTime>
<FixID>{15a89f9e-4f3e-4aa2-b026-7271def4f208}</FixID>
<Flags>0x80010101</Flags>
<ExePath>C:\Windows\ImmersiveControlPanel\SystemSettings.exe</ExePath>
<FixName>Microsoft Apps</FixName>
</CompatibilityFixEvent>
</UserData>
</Event>

<Event xmlns="http://schemas.microsoft.com/win/2004/08/events/event"><System><Provider Name="Microsoft-Windows-Application-Experience" Guid="{eef54e71-0661-422d-9a98-82fd4940b820}"></Provider>
<EventID Qualifiers="">505</EventID>
<Version>0</Version>
<Level>4</Level>
<Task>0</Task>
<Opcode>0</Opcode>
<Keywords>0x0800000000000000</Keywords>
<TimeCreated SystemTime="2022-05-06 15:37:53.690653"></TimeCreated>
<EventRecordID>15</EventRecordID>
<Correlation ActivityID="" RelatedActivityID=""></Correlation>
<Execution ProcessID="4584" ThreadID="6372"></Execution>
<Channel>Microsoft-Windows-Application-Experience/Program-Telemetry</Channel>
<Computer>Council-HQ</Computer>
<Security UserID="S-1-5-21-2389065719-3342106636-307857974-1001"></Security>
</System>
<UserData><CompatibilityFixEvent xmlns="http://www.microsoft.com/Windows/Diagnosis/PCA/events"><ProcessId>4584</ProcessId>
<StartTime>2022-05-06 15:37:53.592049</StartTime>
<FixID>{f4db680c-9c1e-4a31-b6b0-3be6bfd4f55f}</FixID>
<Flags>0x80010101</Flags>
<ExePath>C:\Windows\ImmersiveControlPanel\SystemSettings.exe</ExePath>
<FixName>Microsoft Apps</FixName>
</CompatibilityFixEvent>
</UserData>
</Event>

<Event xmlns="http://schemas.microsoft.com/win/2004/08/events/event"><System><Provider Name="Microsoft-Windows-Application-Experience" Guid="{eef54e71-0661-422d-9a98-82fd4940b820}"></Provider>
<EventID Qualifiers="">505</EventID>
<Version>0</Version>
<Level>4</Level>
<Task>0</Task>
<Opcode>0</Opcode>
<Keywords>0x0800000000000000</Keywords>
<TimeCreated SystemTime="2022-05-06 15:40:58.832451"></TimeCreated>
<EventRecordID>16</EventRecordID>
<Correlation ActivityID="" RelatedActivityID=""></Correlation>
<Execution ProcessID="8880" ThreadID="8884"></Execution>
<Channel>Microsoft-Windows-Application-Experience/Program-Telemetry</Channel>
<Computer>Council-HQ</Computer>
<Security UserID="S-1-5-21-2389065719-3342106636-307857974-1002"></Security>
</System>
<UserData><CompatibilityFixEvent xmlns="http://www.microsoft.com/Windows/Diagnosis/PCA/events"><ProcessId>8880</ProcessId>
<StartTime>2022-05-06 15:40:58.775585</StartTime>
<FixID>{b1756ba4-d3d6-4607-8187-34488a3ce713}</FixID>
<Flags>0x80010101</Flags>
<ExePath>C:\WINDOWS\system32\wwahost.exe</ExePath>
<FixName>Microsoft.Windows.CloudExperienceHost</FixName>
</CompatibilityFixEvent>
</UserData>
</Event>

</Events>
