<?xml version="1.1" encoding="utf-8" standalone="yes" ?>

<Events>
<Event xmlns="http://schemas.microsoft.com/win/2004/08/events/event"><System><Provider Name="Microsoft-Windows-DeviceManagement-Pushrouter" Guid="{f1201b5a-e170-42b6-8d20-b57ac57e6416}"></Provider>
<EventID Qualifiers="">524</EventID>
<Version>0</Version>
<Level>4</Level>
<Task>0</Task>
<Opcode>0</Opcode>
<Keywords>0x8000000000000000</Keywords>
<TimeCreated SystemTime="2022-05-06 15:21:14.344255"></TimeCreated>
<EventRecordID>1</EventRecordID>
<Correlation ActivityID="" RelatedActivityID=""></Correlation>
<Execution ProcessID="4248" ThreadID="6828"></Execution>
<Channel>Microsoft-Windows-DeviceManagement-Enterprise-Diagnostics-Provider/Operational</Channel>
<Computer>DESKTOP-DBOP9M0</Computer>
<Security UserID="S-1-5-18"></Security>
</System>
<EventData></EventData>
</Event>

<Event xmlns="http://schemas.microsoft.com/win/2004/08/events/event"><System><Provider Name="Microsoft-Windows-DeviceManagement-Pushrouter" Guid="{f1201b5a-e170-42b6-8d20-b57ac57e6416}"></Provider>
<EventID Qualifiers="">514</EventID>
<Version>0</Version>
<Level>4</Level>
<Task>0</Task>
<Opcode>0</Opcode>
<Keywords>0x8000000000000000</Keywords>
<TimeCreated SystemTime="2022-05-06 15:21:14.344259"></TimeCreated>
<EventRecordID>2</EventRecordID>
<Correlation ActivityID="" RelatedActivityID=""></Correlation>
<Execution ProcessID="4248" ThreadID="6828"></Execution>
<Channel>Microsoft-Windows-DeviceManagement-Enterprise-Diagnostics-Provider/Operational</Channel>
<Computer>DESKTOP-DBOP9M0</Computer>
<Security UserID="S-1-5-18"></Security>
</System>
<EventData><Data Name="HexInt1">0x00000002</Data>
<Data Name="HexInt2">0x00000000</Data>
<Data Name="HexInt3">0x00000064</Data>
</EventData>
</Event>

<Event xmlns="http://schemas.microsoft.com/win/2004/08/events/event"><System><Provider Name="Microsoft-Windows-DeviceManagement-Pushrouter" Guid="{f1201b5a-e170-42b6-8d20-b57ac57e6416}"></Provider>
<EventID Qualifiers="">512</EventID>
<Version>0</Version>
<Level>4</Level>
<Task>0</Task>
<Opcode>0</Opcode>
<Keywords>0x8000000000000000</Keywords>
<TimeCreated SystemTime="2022-05-06 15:21:14.344370"></TimeCreated>
<EventRecordID>3</EventRecordID>
<Correlation ActivityID="" RelatedActivityID=""></Correlation>
<Execution ProcessID="4248" ThreadID="6828"></Execution>
<Channel>Microsoft-Windows-DeviceManagement-Enterprise-Diagnostics-Provider/Operational</Channel>
<Computer>DESKTOP-DBOP9M0</Computer>
<Security UserID="S-1-5-18"></Security>
</System>
<EventData><Data Name="HexInt1">0x00000078</Data>
</EventData>
</Event>

<Event xmlns="http://schemas.microsoft.com/win/2004/08/events/event"><System><Provider Name="Microsoft-Windows-DeviceManagement-Pushrouter" Guid="{f1201b5a-e170-42b6-8d20-b57ac57e6416}"></Provider>
<EventID Qualifiers="">111</EventID>
<Version>0</Version>
<Level>4</Level>
<Task>0</Task>
<Opcode>0</Opcode>
<Keywords>0x8000000000000000</Keywords>
<TimeCreated SystemTime="2022-05-06 15:21:14.344374"></TimeCreated>
<EventRecordID>4</EventRecordID>
<Correlation ActivityID="" RelatedActivityID=""></Correlation>
<Execution ProcessID="4248" ThreadID="6828"></Execution>
<Channel>Microsoft-Windows-DeviceManagement-Enterprise-Diagnostics-Provider/Operational</Channel>
<Computer>DESKTOP-DBOP9M0</Computer>
<Security UserID="S-1-5-18"></Security>
</System>
<EventData><Data Name="Message1">Incremented active client count</Data>
<Data Name="HRESULT">0x00000000</Data>
</EventData>
</Event>

<Event xmlns="http://schemas.microsoft.com/win/2004/08/events/event"><System><Provider Name="Microsoft-Windows-DeviceManagement-Pushrouter" Guid="{f1201b5a-e170-42b6-8d20-b57ac57e6416}"></Provider>
<EventID Qualifiers="">511</EventID>
<Version>0</Version>
<Level>4</Level>
<Task>0</Task>
<Opcode>0</Opcode>
<Keywords>0x8000000000000000</Keywords>
<TimeCreated SystemTime="2022-05-06 15:21:14.344378"></TimeCreated>
<EventRecordID>5</EventRecordID>
<Correlation ActivityID="" RelatedActivityID=""></Correlation>
<Execution ProcessID="4248" ThreadID="6828"></Execution>
<Channel>Microsoft-Windows-DeviceManagement-Enterprise-Diagnostics-Provider/Operational</Channel>
<Computer>DESKTOP-DBOP9M0</Computer>
<Security UserID="S-1-5-18"></Security>
</System>
<EventData><Data Name="HexInt1">0x00000078</Data>
</EventData>
</Event>

<Event xmlns="http://schemas.microsoft.com/win/2004/08/events/event"><System><Provider Name="Microsoft-Windows-DeviceManagement-Pushrouter" Guid="{f1201b5a-e170-42b6-8d20-b57ac57e6416}"></Provider>
<EventID Qualifiers="">144</EventID>
<Version>0</Version>
<Level>4</Level>
<Task>0</Task>
<Opcode>0</Opcode>
<Keywords>0x8000000000000000</Keywords>
<TimeCreated SystemTime="2022-05-06 15:21:14.368856"></TimeCreated>
<EventRecordID>6</EventRecordID>
<Correlation ActivityID="" RelatedActivityID=""></Correlation>
<Execution ProcessID="4248" ThreadID="3056"></Execution>
<Channel>Microsoft-Windows-DeviceManagement-Enterprise-Diagnostics-Provider/Operational</Channel>
<Computer>DESKTOP-DBOP9M0</Computer>
<Security UserID="S-1-5-18"></Security>
</System>
<EventData><Data Name="HRESULT">0x00000000</Data>
</EventData>
</Event>

<Event xmlns="http://schemas.microsoft.com/win/2004/08/events/event"><System><Provider Name="Microsoft-Windows-DeviceManagement-Pushrouter" Guid="{f1201b5a-e170-42b6-8d20-b57ac57e6416}"></Provider>
<EventID Qualifiers="">507</EventID>
<Version>0</Version>
<Level>4</Level>
<Task>0</Task>
<Opcode>0</Opcode>
<Keywords>0x8000000000000000</Keywords>
<TimeCreated SystemTime="2022-05-06 15:21:15.096680"></TimeCreated>
<EventRecordID>7</EventRecordID>
<Correlation ActivityID="" RelatedActivityID=""></Correlation>
<Execution ProcessID="4248" ThreadID="6828"></Execution>
<Channel>Microsoft-Windows-DeviceManagement-Enterprise-Diagnostics-Provider/Operational</Channel>
<Computer>DESKTOP-DBOP9M0</Computer>
<Security UserID="S-1-5-18"></Security>
</System>
<EventData><Data Name="HexInt1">0x00000000</Data>
</EventData>
</Event>

<Event xmlns="http://schemas.microsoft.com/win/2004/08/events/event"><System><Provider Name="Microsoft-Windows-DeviceManagement-Pushrouter" Guid="{f1201b5a-e170-42b6-8d20-b57ac57e6416}"></Provider>
<EventID Qualifiers="">516</EventID>
<Version>0</Version>
<Level>4</Level>
<Task>0</Task>
<Opcode>0</Opcode>
<Keywords>0x8000000000000000</Keywords>
<TimeCreated SystemTime="2022-05-06 15:21:15.096682"></TimeCreated>
<EventRecordID>8</EventRecordID>
<Correlation ActivityID="" RelatedActivityID=""></Correlation>
<Execution ProcessID="4248" ThreadID="6828"></Execution>
<Channel>Microsoft-Windows-DeviceManagement-Enterprise-Diagnostics-Provider/Operational</Channel>
<Computer>DESKTOP-DBOP9M0</Computer>
<Security UserID="S-1-5-18"></Security>
</System>
<EventData><Data Name="HRESULT">0x00000000</Data>
</EventData>
</Event>

<Event xmlns="http://schemas.microsoft.com/win/2004/08/events/event"><System><Provider Name="Microsoft-Windows-DeviceManagement-Pushrouter" Guid="{f1201b5a-e170-42b6-8d20-b57ac57e6416}"></Provider>
<EventID Qualifiers="">101</EventID>
<Version>0</Version>
<Level>4</Level>
<Task>0</Task>
<Opcode>0</Opcode>
<Keywords>0x8000000000000000</Keywords>
<TimeCreated SystemTime="2022-05-06 15:21:15.108356"></TimeCreated>
<EventRecordID>9</EventRecordID>
<Correlation ActivityID="" RelatedActivityID=""></Correlation>
<Execution ProcessID="4248" ThreadID="6828"></Execution>
<Channel>Microsoft-Windows-DeviceManagement-Enterprise-Diagnostics-Provider/Operational</Channel>
<Computer>DESKTOP-DBOP9M0</Computer>
<Security UserID="S-1-5-18"></Security>
</System>
<EventData><Data Name="HRESULT">0x00000000</Data>
</EventData>
</Event>

<Event xmlns="http://schemas.microsoft.com/win/2004/08/events/event"><System><Provider Name="Microsoft-Windows-DeviceManagement-Enterprise-Diagnostics-Provider" Guid="{3da494e4-0fe2-415c-b895-fb5265c5c83b}"></Provider>
<EventID Qualifiers="">2535</EventID>
<Version>0</Version>
<Level>4</Level>
<Task>0</Task>
<Opcode>0</Opcode>
<Keywords>0x4000000000000000</Keywords>
<TimeCreated SystemTime="2022-05-06 15:21:15.108696"></TimeCreated>
<EventRecordID>10</EventRecordID>
<Correlation ActivityID="" RelatedActivityID=""></Correlation>
<Execution ProcessID="4248" ThreadID="4344"></Execution>
<Channel>Microsoft-Windows-DeviceManagement-Enterprise-Diagnostics-Provider/Operational</Channel>
<Computer>DESKTOP-DBOP9M0</Computer>
<Security UserID="S-1-5-18"></Security>
</System>
<EventData><Data Name="Message1">DCEngine::StaticExecuteRequests</Data>
</EventData>
</Event>

<Event xmlns="http://schemas.microsoft.com/win/2004/08/events/event"><System><Provider Name="Microsoft-Windows-DeviceManagement-Enterprise-Diagnostics-Provider" Guid="{3da494e4-0fe2-415c-b895-fb5265c5c83b}"></Provider>
<EventID Qualifiers="">2535</EventID>
<Version>0</Version>
<Level>4</Level>
<Task>0</Task>
<Opcode>0</Opcode>
<Keywords>0x4000000000000000</Keywords>
<TimeCreated SystemTime="2022-05-06 15:21:15.108698"></TimeCreated>
<EventRecordID>11</EventRecordID>
<Correlation ActivityID="" RelatedActivityID=""></Correlation>
<Execution ProcessID="4248" ThreadID="4344"></Execution>
<Channel>Microsoft-Windows-DeviceManagement-Enterprise-Diagnostics-Provider/Operational</Channel>
<Computer>DESKTOP-DBOP9M0</Computer>
<Security UserID="S-1-5-18"></Security>
</System>
<EventData><Data Name="Message1">DCEngine::ExecuteRequests</Data>
</EventData>
</Event>

<Event xmlns="http://schemas.microsoft.com/win/2004/08/events/event"><System><Provider Name="Microsoft-Windows-DeviceManagement-Pushrouter" Guid="{f1201b5a-e170-42b6-8d20-b57ac57e6416}"></Provider>
<EventID Qualifiers="">111</EventID>
<Version>0</Version>
<Level>4</Level>
<Task>0</Task>
<Opcode>0</Opcode>
<Keywords>0x8000000000000000</Keywords>
<TimeCreated SystemTime="2022-05-06 15:21:15.109554"></TimeCreated>
<EventRecordID>12</EventRecordID>
<Correlation ActivityID="" RelatedActivityID=""></Correlation>
<Execution ProcessID="4248" ThreadID="6828"></Execution>
<Channel>Microsoft-Windows-DeviceManagement-Enterprise-Diagnostics-Provider/Operational</Channel>
<Computer>DESKTOP-DBOP9M0</Computer>
<Security UserID="S-1-5-18"></Security>
</System>
<EventData><Data Name="Message1">Incremented active client count successfully</Data>
<Data Name="HRESULT">0x00000001</Data>
</EventData>
</Event>

<Event xmlns="http://schemas.microsoft.com/win/2004/08/events/event"><System><Provider Name="Microsoft-Windows-DeviceManagement-Pushrouter" Guid="{f1201b5a-e170-42b6-8d20-b57ac57e6416}"></Provider>
<EventID Qualifiers="">104</EventID>
<Version>0</Version>
<Level>4</Level>
<Task>0</Task>
<Opcode>0</Opcode>
<Keywords>0x8000000000000000</Keywords>
<TimeCreated SystemTime="2022-05-06 15:21:15.110607"></TimeCreated>
<EventRecordID>13</EventRecordID>
<Correlation ActivityID="" RelatedActivityID=""></Correlation>
<Execution ProcessID="4248" ThreadID="6828"></Execution>
<Channel>Microsoft-Windows-DeviceManagement-Enterprise-Diagnostics-Provider/Operational</Channel>
<Computer>DESKTOP-DBOP9M0</Computer>
<Security UserID="S-1-5-18"></Security>
</System>
<EventData><Data Name="HRESULT">0x00000000</Data>
</EventData>
</Event>

<Event xmlns="http://schemas.microsoft.com/win/2004/08/events/event"><System><Provider Name="Microsoft-Windows-DeviceManagement-Pushrouter" Guid="{f1201b5a-e170-42b6-8d20-b57ac57e6416}"></Provider>
<EventID Qualifiers="">518</EventID>
<Version>0</Version>
<Level>4</Level>
<Task>0</Task>
<Opcode>0</Opcode>
<Keywords>0x8000000000000000</Keywords>
<TimeCreated SystemTime="2022-05-06 15:21:15.117647"></TimeCreated>
<EventRecordID>14</EventRecordID>
<Correlation ActivityID="" RelatedActivityID=""></Correlation>
<Execution ProcessID="4248" ThreadID="6828"></Execution>
<Channel>Microsoft-Windows-DeviceManagement-Enterprise-Diagnostics-Provider/Operational</Channel>
<Computer>DESKTOP-DBOP9M0</Computer>
<Security UserID="S-1-5-18"></Security>
</System>
<EventData><Data Name="HRESULT">0x00000000</Data>
</EventData>
</Event>

<Event xmlns="http://schemas.microsoft.com/win/2004/08/events/event"><System><Provider Name="Microsoft-Windows-DeviceManagement-Pushrouter" Guid="{f1201b5a-e170-42b6-8d20-b57ac57e6416}"></Provider>
<EventID Qualifiers="">525</EventID>
<Version>0</Version>
<Level>4</Level>
<Task>0</Task>
<Opcode>0</Opcode>
<Keywords>0x8000000000000000</Keywords>
<TimeCreated SystemTime="2022-05-06 15:21:15.117668"></TimeCreated>
<EventRecordID>15</EventRecordID>
<Correlation ActivityID="" RelatedActivityID=""></Correlation>
<Execution ProcessID="4248" ThreadID="6828"></Execution>
<Channel>Microsoft-Windows-DeviceManagement-Enterprise-Diagnostics-Provider/Operational</Channel>
<Computer>DESKTOP-DBOP9M0</Computer>
<Security UserID="S-1-5-18"></Security>
</System>
<EventData><Data Name="HexInt1">0x00000000</Data>
<Data Name="HRESULT">0x00000000</Data>
</EventData>
</Event>

<Event xmlns="http://schemas.microsoft.com/win/2004/08/events/event"><System><Provider Name="Microsoft-Windows-DeviceManagement-Pushrouter" Guid="{f1201b5a-e170-42b6-8d20-b57ac57e6416}"></Provider>
<EventID Qualifiers="">514</EventID>
<Version>0</Version>
<Level>4</Level>
<Task>0</Task>
<Opcode>0</Opcode>
<Keywords>0x8000000000000000</Keywords>
<TimeCreated SystemTime="2022-05-06 15:21:15.117668"></TimeCreated>
<EventRecordID>16</EventRecordID>
<Correlation ActivityID="" RelatedActivityID=""></Correlation>
<Execution ProcessID="4248" ThreadID="6828"></Execution>
<Channel>Microsoft-Windows-DeviceManagement-Enterprise-Diagnostics-Provider/Operational</Channel>
<Computer>DESKTOP-DBOP9M0</Computer>
<Security UserID="S-1-5-18"></Security>
</System>
<EventData><Data Name="HexInt1">0x00000004</Data>
<Data Name="HexInt2">0x00000000</Data>
<Data Name="HexInt3">0x00000000</Data>
</EventData>
</Event>

<Event xmlns="http://schemas.microsoft.com/win/2004/08/events/event"><System><Provider Name="Microsoft-Windows-DeviceManagement-Enterprise-Diagnostics-Provider" Guid="{3da494e4-0fe2-415c-b895-fb5265c5c83b}"></Provider>
<EventID Qualifiers="">2536</EventID>
<Version>0</Version>
<Level>4</Level>
<Task>0</Task>
<Opcode>0</Opcode>
<Keywords>0x4000000000000000</Keywords>
<TimeCreated SystemTime="2022-05-06 15:21:45.110792"></TimeCreated>
<EventRecordID>17</EventRecordID>
<Correlation ActivityID="" RelatedActivityID=""></Correlation>
<Execution ProcessID="4248" ThreadID="4344"></Execution>
<Channel>Microsoft-Windows-DeviceManagement-Enterprise-Diagnostics-Provider/Operational</Channel>
<Computer>DESKTOP-DBOP9M0</Computer>
<Security UserID="S-1-5-18"></Security>
</System>
<EventData><Data Name="Message1">DCEngine::ExecuteRequests</Data>
<Data Name="HRESULT">0x80070002</Data>
</EventData>
</Event>

<Event xmlns="http://schemas.microsoft.com/win/2004/08/events/event"><System><Provider Name="Microsoft-Windows-DeviceManagement-Enterprise-Diagnostics-Provider" Guid="{3da494e4-0fe2-415c-b895-fb5265c5c83b}"></Provider>
<EventID Qualifiers="">2536</EventID>
<Version>0</Version>
<Level>4</Level>
<Task>0</Task>
<Opcode>0</Opcode>
<Keywords>0x4000000000000000</Keywords>
<TimeCreated SystemTime="2022-05-06 15:21:45.111040"></TimeCreated>
<EventRecordID>18</EventRecordID>
<Correlation ActivityID="" RelatedActivityID=""></Correlation>
<Execution ProcessID="4248" ThreadID="4344"></Execution>
<Channel>Microsoft-Windows-DeviceManagement-Enterprise-Diagnostics-Provider/Operational</Channel>
<Computer>DESKTOP-DBOP9M0</Computer>
<Security UserID="S-1-5-18"></Security>
</System>
<EventData><Data Name="Message1">DCEngine::StaticExecuteRequests</Data>
<Data Name="HRESULT">0x00000000</Data>
</EventData>
</Event>

<Event xmlns="http://schemas.microsoft.com/win/2004/08/events/event"><System><Provider Name="Microsoft-Windows-DeviceManagement-Pushrouter" Guid="{f1201b5a-e170-42b6-8d20-b57ac57e6416}"></Provider>
<EventID Qualifiers="">524</EventID>
<Version>0</Version>
<Level>4</Level>
<Task>0</Task>
<Opcode>0</Opcode>
<Keywords>0x8000000000000000</Keywords>
<TimeCreated SystemTime="2022-05-06 15:23:18.320383"></TimeCreated>
<EventRecordID>19</EventRecordID>
<Correlation ActivityID="" RelatedActivityID=""></Correlation>
<Execution ProcessID="5460" ThreadID="5488"></Execution>
<Channel>Microsoft-Windows-DeviceManagement-Enterprise-Diagnostics-Provider/Operational</Channel>
<Computer>Council-HQ</Computer>
<Security UserID="S-1-5-18"></Security>
</System>
<EventData></EventData>
</Event>

<Event xmlns="http://schemas.microsoft.com/win/2004/08/events/event"><System><Provider Name="Microsoft-Windows-DeviceManagement-Pushrouter" Guid="{f1201b5a-e170-42b6-8d20-b57ac57e6416}"></Provider>
<EventID Qualifiers="">514</EventID>
<Version>0</Version>
<Level>4</Level>
<Task>0</Task>
<Opcode>0</Opcode>
<Keywords>0x8000000000000000</Keywords>
<TimeCreated SystemTime="2022-05-06 15:23:18.320389"></TimeCreated>
<EventRecordID>20</EventRecordID>
<Correlation ActivityID="" RelatedActivityID=""></Correlation>
<Execution ProcessID="5460" ThreadID="5488"></Execution>
<Channel>Microsoft-Windows-DeviceManagement-Enterprise-Diagnostics-Provider/Operational</Channel>
<Computer>Council-HQ</Computer>
<Security UserID="S-1-5-18"></Security>
</System>
<EventData><Data Name="HexInt1">0x00000002</Data>
<Data Name="HexInt2">0x00000000</Data>
<Data Name="HexInt3">0x00000064</Data>
</EventData>
</Event>

<Event xmlns="http://schemas.microsoft.com/win/2004/08/events/event"><System><Provider Name="Microsoft-Windows-DeviceManagement-Pushrouter" Guid="{f1201b5a-e170-42b6-8d20-b57ac57e6416}"></Provider>
<EventID Qualifiers="">512</EventID>
<Version>0</Version>
<Level>4</Level>
<Task>0</Task>
<Opcode>0</Opcode>
<Keywords>0x8000000000000000</Keywords>
<TimeCreated SystemTime="2022-05-06 15:23:18.320515"></TimeCreated>
<EventRecordID>21</EventRecordID>
<Correlation ActivityID="" RelatedActivityID=""></Correlation>
<Execution ProcessID="5460" ThreadID="5488"></Execution>
<Channel>Microsoft-Windows-DeviceManagement-Enterprise-Diagnostics-Provider/Operational</Channel>
<Computer>Council-HQ</Computer>
<Security UserID="S-1-5-18"></Security>
</System>
<EventData><Data Name="HexInt1">0x00000078</Data>
</EventData>
</Event>

<Event xmlns="http://schemas.microsoft.com/win/2004/08/events/event"><System><Provider Name="Microsoft-Windows-DeviceManagement-Pushrouter" Guid="{f1201b5a-e170-42b6-8d20-b57ac57e6416}"></Provider>
<EventID Qualifiers="">111</EventID>
<Version>0</Version>
<Level>4</Level>
<Task>0</Task>
<Opcode>0</Opcode>
<Keywords>0x8000000000000000</Keywords>
<TimeCreated SystemTime="2022-05-06 15:23:18.320524"></TimeCreated>
<EventRecordID>22</EventRecordID>
<Correlation ActivityID="" RelatedActivityID=""></Correlation>
<Execution ProcessID="5460" ThreadID="5488"></Execution>
<Channel>Microsoft-Windows-DeviceManagement-Enterprise-Diagnostics-Provider/Operational</Channel>
<Computer>Council-HQ</Computer>
<Security UserID="S-1-5-18"></Security>
</System>
<EventData><Data Name="Message1">Incremented active client count</Data>
<Data Name="HRESULT">0x00000000</Data>
</EventData>
</Event>

<Event xmlns="http://schemas.microsoft.com/win/2004/08/events/event"><System><Provider Name="Microsoft-Windows-DeviceManagement-Pushrouter" Guid="{f1201b5a-e170-42b6-8d20-b57ac57e6416}"></Provider>
<EventID Qualifiers="">511</EventID>
<Version>0</Version>
<Level>4</Level>
<Task>0</Task>
<Opcode>0</Opcode>
<Keywords>0x8000000000000000</Keywords>
<TimeCreated SystemTime="2022-05-06 15:23:18.320528"></TimeCreated>
<EventRecordID>23</EventRecordID>
<Correlation ActivityID="" RelatedActivityID=""></Correlation>
<Execution ProcessID="5460" ThreadID="5488"></Execution>
<Channel>Microsoft-Windows-DeviceManagement-Enterprise-Diagnostics-Provider/Operational</Channel>
<Computer>Council-HQ</Computer>
<Security UserID="S-1-5-18"></Security>
</System>
<EventData><Data Name="HexInt1">0x00000078</Data>
</EventData>
</Event>

<Event xmlns="http://schemas.microsoft.com/win/2004/08/events/event"><System><Provider Name="Microsoft-Windows-DeviceManagement-Pushrouter" Guid="{f1201b5a-e170-42b6-8d20-b57ac57e6416}"></Provider>
<EventID Qualifiers="">144</EventID>
<Version>0</Version>
<Level>4</Level>
<Task>0</Task>
<Opcode>0</Opcode>
<Keywords>0x8000000000000000</Keywords>
<TimeCreated SystemTime="2022-05-06 15:23:18.326281"></TimeCreated>
<EventRecordID>24</EventRecordID>
<Correlation ActivityID="" RelatedActivityID=""></Correlation>
<Execution ProcessID="5460" ThreadID="5504"></Execution>
<Channel>Microsoft-Windows-DeviceManagement-Enterprise-Diagnostics-Provider/Operational</Channel>
<Computer>Council-HQ</Computer>
<Security UserID="S-1-5-18"></Security>
</System>
<EventData><Data Name="HRESULT">0x00000000</Data>
</EventData>
</Event>

<Event xmlns="http://schemas.microsoft.com/win/2004/08/events/event"><System><Provider Name="Microsoft-Windows-DeviceManagement-Pushrouter" Guid="{f1201b5a-e170-42b6-8d20-b57ac57e6416}"></Provider>
<EventID Qualifiers="">507</EventID>
<Version>0</Version>
<Level>4</Level>
<Task>0</Task>
<Opcode>0</Opcode>
<Keywords>0x8000000000000000</Keywords>
<TimeCreated SystemTime="2022-05-06 15:23:18.411228"></TimeCreated>
<EventRecordID>25</EventRecordID>
<Correlation ActivityID="" RelatedActivityID=""></Correlation>
<Execution ProcessID="5460" ThreadID="5488"></Execution>
<Channel>Microsoft-Windows-DeviceManagement-Enterprise-Diagnostics-Provider/Operational</Channel>
<Computer>Council-HQ</Computer>
<Security UserID="S-1-5-18"></Security>
</System>
<EventData><Data Name="HexInt1">0x00000000</Data>
</EventData>
</Event>

<Event xmlns="http://schemas.microsoft.com/win/2004/08/events/event"><System><Provider Name="Microsoft-Windows-DeviceManagement-Pushrouter" Guid="{f1201b5a-e170-42b6-8d20-b57ac57e6416}"></Provider>
<EventID Qualifiers="">516</EventID>
<Version>0</Version>
<Level>4</Level>
<Task>0</Task>
<Opcode>0</Opcode>
<Keywords>0x8000000000000000</Keywords>
<TimeCreated SystemTime="2022-05-06 15:23:18.411234"></TimeCreated>
<EventRecordID>26</EventRecordID>
<Correlation ActivityID="" RelatedActivityID=""></Correlation>
<Execution ProcessID="5460" ThreadID="5488"></Execution>
<Channel>Microsoft-Windows-DeviceManagement-Enterprise-Diagnostics-Provider/Operational</Channel>
<Computer>Council-HQ</Computer>
<Security UserID="S-1-5-18"></Security>
</System>
<EventData><Data Name="HRESULT">0x00000000</Data>
</EventData>
</Event>

<Event xmlns="http://schemas.microsoft.com/win/2004/08/events/event"><System><Provider Name="Microsoft-Windows-DeviceManagement-Enterprise-Diagnostics-Provider" Guid="{3da494e4-0fe2-415c-b895-fb5265c5c83b}"></Provider>
<EventID Qualifiers="">2535</EventID>
<Version>0</Version>
<Level>4</Level>
<Task>0</Task>
<Opcode>0</Opcode>
<Keywords>0x4000000000000000</Keywords>
<TimeCreated SystemTime="2022-05-06 15:23:18.412264"></TimeCreated>
<EventRecordID>27</EventRecordID>
<Correlation ActivityID="" RelatedActivityID=""></Correlation>
<Execution ProcessID="5460" ThreadID="5636"></Execution>
<Channel>Microsoft-Windows-DeviceManagement-Enterprise-Diagnostics-Provider/Operational</Channel>
<Computer>Council-HQ</Computer>
<Security UserID="S-1-5-18"></Security>
</System>
<EventData><Data Name="Message1">DCEngine::StaticExecuteRequests</Data>
</EventData>
</Event>

<Event xmlns="http://schemas.microsoft.com/win/2004/08/events/event"><System><Provider Name="Microsoft-Windows-DeviceManagement-Enterprise-Diagnostics-Provider" Guid="{3da494e4-0fe2-415c-b895-fb5265c5c83b}"></Provider>
<EventID Qualifiers="">2535</EventID>
<Version>0</Version>
<Level>4</Level>
<Task>0</Task>
<Opcode>0</Opcode>
<Keywords>0x4000000000000000</Keywords>
<TimeCreated SystemTime="2022-05-06 15:23:18.412266"></TimeCreated>
<EventRecordID>28</EventRecordID>
<Correlation ActivityID="" RelatedActivityID=""></Correlation>
<Execution ProcessID="5460" ThreadID="5636"></Execution>
<Channel>Microsoft-Windows-DeviceManagement-Enterprise-Diagnostics-Provider/Operational</Channel>
<Computer>Council-HQ</Computer>
<Security UserID="S-1-5-18"></Security>
</System>
<EventData><Data Name="Message1">DCEngine::ExecuteRequests</Data>
</EventData>
</Event>

<Event xmlns="http://schemas.microsoft.com/win/2004/08/events/event"><System><Provider Name="Microsoft-Windows-DeviceManagement-Pushrouter" Guid="{f1201b5a-e170-42b6-8d20-b57ac57e6416}"></Provider>
<EventID Qualifiers="">101</EventID>
<Version>0</Version>
<Level>4</Level>
<Task>0</Task>
<Opcode>0</Opcode>
<Keywords>0x8000000000000000</Keywords>
<TimeCreated SystemTime="2022-05-06 15:23:18.413225"></TimeCreated>
<EventRecordID>29</EventRecordID>
<Correlation ActivityID="" RelatedActivityID=""></Correlation>
<Execution ProcessID="5460" ThreadID="5488"></Execution>
<Channel>Microsoft-Windows-DeviceManagement-Enterprise-Diagnostics-Provider/Operational</Channel>
<Computer>Council-HQ</Computer>
<Security UserID="S-1-5-18"></Security>
</System>
<EventData><Data Name="HRESULT">0x00000000</Data>
</EventData>
</Event>

<Event xmlns="http://schemas.microsoft.com/win/2004/08/events/event"><System><Provider Name="Microsoft-Windows-DeviceManagement-Pushrouter" Guid="{f1201b5a-e170-42b6-8d20-b57ac57e6416}"></Provider>
<EventID Qualifiers="">111</EventID>
<Version>0</Version>
<Level>4</Level>
<Task>0</Task>
<Opcode>0</Opcode>
<Keywords>0x8000000000000000</Keywords>
<TimeCreated SystemTime="2022-05-06 15:23:18.414043"></TimeCreated>
<EventRecordID>30</EventRecordID>
<Correlation ActivityID="" RelatedActivityID=""></Correlation>
<Execution ProcessID="5460" ThreadID="5488"></Execution>
<Channel>Microsoft-Windows-DeviceManagement-Enterprise-Diagnostics-Provider/Operational</Channel>
<Computer>Council-HQ</Computer>
<Security UserID="S-1-5-18"></Security>
</System>
<EventData><Data Name="Message1">Incremented active client count successfully</Data>
<Data Name="HRESULT">0x00000001</Data>
</EventData>
</Event>

<Event xmlns="http://schemas.microsoft.com/win/2004/08/events/event"><System><Provider Name="Microsoft-Windows-DeviceManagement-Pushrouter" Guid="{f1201b5a-e170-42b6-8d20-b57ac57e6416}"></Provider>
<EventID Qualifiers="">104</EventID>
<Version>0</Version>
<Level>4</Level>
<Task>0</Task>
<Opcode>0</Opcode>
<Keywords>0x8000000000000000</Keywords>
<TimeCreated SystemTime="2022-05-06 15:23:18.414467"></TimeCreated>
<EventRecordID>31</EventRecordID>
<Correlation ActivityID="" RelatedActivityID=""></Correlation>
<Execution ProcessID="5460" ThreadID="5488"></Execution>
<Channel>Microsoft-Windows-DeviceManagement-Enterprise-Diagnostics-Provider/Operational</Channel>
<Computer>Council-HQ</Computer>
<Security UserID="S-1-5-18"></Security>
</System>
<EventData><Data Name="HRESULT">0x00000000</Data>
</EventData>
</Event>

<Event xmlns="http://schemas.microsoft.com/win/2004/08/events/event"><System><Provider Name="Microsoft-Windows-DeviceManagement-Pushrouter" Guid="{f1201b5a-e170-42b6-8d20-b57ac57e6416}"></Provider>
<EventID Qualifiers="">518</EventID>
<Version>0</Version>
<Level>4</Level>
<Task>0</Task>
<Opcode>0</Opcode>
<Keywords>0x8000000000000000</Keywords>
<TimeCreated SystemTime="2022-05-06 15:23:18.414471"></TimeCreated>
<EventRecordID>32</EventRecordID>
<Correlation ActivityID="" RelatedActivityID=""></Correlation>
<Execution ProcessID="5460" ThreadID="5488"></Execution>
<Channel>Microsoft-Windows-DeviceManagement-Enterprise-Diagnostics-Provider/Operational</Channel>
<Computer>Council-HQ</Computer>
<Security UserID="S-1-5-18"></Security>
</System>
<EventData><Data Name="HRESULT">0x00000000</Data>
</EventData>
</Event>

<Event xmlns="http://schemas.microsoft.com/win/2004/08/events/event"><System><Provider Name="Microsoft-Windows-DeviceManagement-Pushrouter" Guid="{f1201b5a-e170-42b6-8d20-b57ac57e6416}"></Provider>
<EventID Qualifiers="">525</EventID>
<Version>0</Version>
<Level>4</Level>
<Task>0</Task>
<Opcode>0</Opcode>
<Keywords>0x8000000000000000</Keywords>
<TimeCreated SystemTime="2022-05-06 15:23:18.414478"></TimeCreated>
<EventRecordID>33</EventRecordID>
<Correlation ActivityID="" RelatedActivityID=""></Correlation>
<Execution ProcessID="5460" ThreadID="5488"></Execution>
<Channel>Microsoft-Windows-DeviceManagement-Enterprise-Diagnostics-Provider/Operational</Channel>
<Computer>Council-HQ</Computer>
<Security UserID="S-1-5-18"></Security>
</System>
<EventData><Data Name="HexInt1">0x00000000</Data>
<Data Name="HRESULT">0x00000000</Data>
</EventData>
</Event>

<Event xmlns="http://schemas.microsoft.com/win/2004/08/events/event"><System><Provider Name="Microsoft-Windows-DeviceManagement-Pushrouter" Guid="{f1201b5a-e170-42b6-8d20-b57ac57e6416}"></Provider>
<EventID Qualifiers="">514</EventID>
<Version>0</Version>
<Level>4</Level>
<Task>0</Task>
<Opcode>0</Opcode>
<Keywords>0x8000000000000000</Keywords>
<TimeCreated SystemTime="2022-05-06 15:23:18.414478"></TimeCreated>
<EventRecordID>34</EventRecordID>
<Correlation ActivityID="" RelatedActivityID=""></Correlation>
<Execution ProcessID="5460" ThreadID="5488"></Execution>
<Channel>Microsoft-Windows-DeviceManagement-Enterprise-Diagnostics-Provider/Operational</Channel>
<Computer>Council-HQ</Computer>
<Security UserID="S-1-5-18"></Security>
</System>
<EventData><Data Name="HexInt1">0x00000004</Data>
<Data Name="HexInt2">0x00000000</Data>
<Data Name="HexInt3">0x00000000</Data>
</EventData>
</Event>

<Event xmlns="http://schemas.microsoft.com/win/2004/08/events/event"><System><Provider Name="Microsoft-Windows-DeviceManagement-Enterprise-Diagnostics-Provider" Guid="{3da494e4-0fe2-415c-b895-fb5265c5c83b}"></Provider>
<EventID Qualifiers="">2536</EventID>
<Version>0</Version>
<Level>4</Level>
<Task>0</Task>
<Opcode>0</Opcode>
<Keywords>0x4000000000000000</Keywords>
<TimeCreated SystemTime="2022-05-06 15:23:48.407925"></TimeCreated>
<EventRecordID>35</EventRecordID>
<Correlation ActivityID="" RelatedActivityID=""></Correlation>
<Execution ProcessID="5460" ThreadID="5636"></Execution>
<Channel>Microsoft-Windows-DeviceManagement-Enterprise-Diagnostics-Provider/Operational</Channel>
<Computer>Council-HQ</Computer>
<Security UserID="S-1-5-18"></Security>
</System>
<EventData><Data Name="Message1">DCEngine::ExecuteRequests</Data>
<Data Name="HRESULT">0x80070002</Data>
</EventData>
</Event>

<Event xmlns="http://schemas.microsoft.com/win/2004/08/events/event"><System><Provider Name="Microsoft-Windows-DeviceManagement-Enterprise-Diagnostics-Provider" Guid="{3da494e4-0fe2-415c-b895-fb5265c5c83b}"></Provider>
<EventID Qualifiers="">2536</EventID>
<Version>0</Version>
<Level>4</Level>
<Task>0</Task>
<Opcode>0</Opcode>
<Keywords>0x4000000000000000</Keywords>
<TimeCreated SystemTime="2022-05-06 15:23:48.408068"></TimeCreated>
<EventRecordID>36</EventRecordID>
<Correlation ActivityID="" RelatedActivityID=""></Correlation>
<Execution ProcessID="5460" ThreadID="5636"></Execution>
<Channel>Microsoft-Windows-DeviceManagement-Enterprise-Diagnostics-Provider/Operational</Channel>
<Computer>Council-HQ</Computer>
<Security UserID="S-1-5-18"></Security>
</System>
<EventData><Data Name="Message1">DCEngine::StaticExecuteRequests</Data>
<Data Name="HRESULT">0x00000000</Data>
</EventData>
</Event>

<Event xmlns="http://schemas.microsoft.com/win/2004/08/events/event"><System><Provider Name="Microsoft-Windows-DeviceManagement-Pushrouter" Guid="{f1201b5a-e170-42b6-8d20-b57ac57e6416}"></Provider>
<EventID Qualifiers="">111</EventID>
<Version>0</Version>
<Level>4</Level>
<Task>0</Task>
<Opcode>0</Opcode>
<Keywords>0x8000000000000000</Keywords>
<TimeCreated SystemTime="2022-05-06 15:25:18.325018"></TimeCreated>
<EventRecordID>37</EventRecordID>
<Correlation ActivityID="" RelatedActivityID=""></Correlation>
<Execution ProcessID="5460" ThreadID="5644"></Execution>
<Channel>Microsoft-Windows-DeviceManagement-Enterprise-Diagnostics-Provider/Operational</Channel>
<Computer>Council-HQ</Computer>
<Security UserID="S-1-5-18"></Security>
</System>
<EventData><Data Name="Message1">Checking if all clients are handled</Data>
<Data Name="HRESULT">0x00000001</Data>
</EventData>
</Event>

<Event xmlns="http://schemas.microsoft.com/win/2004/08/events/event"><System><Provider Name="Microsoft-Windows-DeviceManagement-Pushrouter" Guid="{f1201b5a-e170-42b6-8d20-b57ac57e6416}"></Provider>
<EventID Qualifiers="">509</EventID>
<Version>0</Version>
<Level>4</Level>
<Task>0</Task>
<Opcode>0</Opcode>
<Keywords>0x8000000000000000</Keywords>
<TimeCreated SystemTime="2022-05-06 15:25:18.325027"></TimeCreated>
<EventRecordID>38</EventRecordID>
<Correlation ActivityID="" RelatedActivityID=""></Correlation>
<Execution ProcessID="5460" ThreadID="5644"></Execution>
<Channel>Microsoft-Windows-DeviceManagement-Enterprise-Diagnostics-Provider/Operational</Channel>
<Computer>Council-HQ</Computer>
<Security UserID="S-1-5-18"></Security>
</System>
<EventData></EventData>
</Event>

<Event xmlns="http://schemas.microsoft.com/win/2004/08/events/event"><System><Provider Name="Microsoft-Windows-DeviceManagement-Pushrouter" Guid="{f1201b5a-e170-42b6-8d20-b57ac57e6416}"></Provider>
<EventID Qualifiers="">511</EventID>
<Version>0</Version>
<Level>4</Level>
<Task>0</Task>
<Opcode>0</Opcode>
<Keywords>0x8000000000000000</Keywords>
<TimeCreated SystemTime="2022-05-06 15:25:18.325029"></TimeCreated>
<EventRecordID>39</EventRecordID>
<Correlation ActivityID="" RelatedActivityID=""></Correlation>
<Execution ProcessID="5460" ThreadID="5644"></Execution>
<Channel>Microsoft-Windows-DeviceManagement-Enterprise-Diagnostics-Provider/Operational</Channel>
<Computer>Council-HQ</Computer>
<Security UserID="S-1-5-18"></Security>
</System>
<EventData><Data Name="HexInt1">0x00000078</Data>
</EventData>
</Event>

<Event xmlns="http://schemas.microsoft.com/win/2004/08/events/event"><System><Provider Name="Microsoft-Windows-DeviceManagement-Pushrouter" Guid="{f1201b5a-e170-42b6-8d20-b57ac57e6416}"></Provider>
<EventID Qualifiers="">110</EventID>
<Version>0</Version>
<Level>4</Level>
<Task>0</Task>
<Opcode>0</Opcode>
<Keywords>0x8000000000000000</Keywords>
<TimeCreated SystemTime="2022-05-06 15:26:18.215258"></TimeCreated>
<EventRecordID>40</EventRecordID>
<Correlation ActivityID="" RelatedActivityID=""></Correlation>
<Execution ProcessID="5460" ThreadID="5644"></Execution>
<Channel>Microsoft-Windows-DeviceManagement-Enterprise-Diagnostics-Provider/Operational</Channel>
<Computer>Council-HQ</Computer>
<Security UserID="S-1-5-18"></Security>
</System>
<EventData><Data Name="HexInt1">0x00000001</Data>
</EventData>
</Event>

<Event xmlns="http://schemas.microsoft.com/win/2004/08/events/event"><System><Provider Name="Microsoft-Windows-DeviceManagement-Pushrouter" Guid="{f1201b5a-e170-42b6-8d20-b57ac57e6416}"></Provider>
<EventID Qualifiers="">112</EventID>
<Version>0</Version>
<Level>4</Level>
<Task>0</Task>
<Opcode>0</Opcode>
<Keywords>0x8000000000000000</Keywords>
<TimeCreated SystemTime="2022-05-06 15:26:18.215258"></TimeCreated>
<EventRecordID>41</EventRecordID>
<Correlation ActivityID="" RelatedActivityID=""></Correlation>
<Execution ProcessID="5460" ThreadID="5644"></Execution>
<Channel>Microsoft-Windows-DeviceManagement-Enterprise-Diagnostics-Provider/Operational</Channel>
<Computer>Council-HQ</Computer>
<Security UserID="S-1-5-18"></Security>
</System>
<EventData><Data Name="HexInt1">0x00000000</Data>
</EventData>
</Event>

<Event xmlns="http://schemas.microsoft.com/win/2004/08/events/event"><System><Provider Name="Microsoft-Windows-DeviceManagement-Pushrouter" Guid="{f1201b5a-e170-42b6-8d20-b57ac57e6416}"></Provider>
<EventID Qualifiers="">111</EventID>
<Version>0</Version>
<Level>4</Level>
<Task>0</Task>
<Opcode>0</Opcode>
<Keywords>0x8000000000000000</Keywords>
<TimeCreated SystemTime="2022-05-06 15:27:18.325064"></TimeCreated>
<EventRecordID>42</EventRecordID>
<Correlation ActivityID="" RelatedActivityID=""></Correlation>
<Execution ProcessID="5460" ThreadID="5656"></Execution>
<Channel>Microsoft-Windows-DeviceManagement-Enterprise-Diagnostics-Provider/Operational</Channel>
<Computer>Council-HQ</Computer>
<Security UserID="S-1-5-18"></Security>
</System>
<EventData><Data Name="Message1">Checking if all clients are handled</Data>
<Data Name="HRESULT">0x00000000</Data>
</EventData>
</Event>

<Event xmlns="http://schemas.microsoft.com/win/2004/08/events/event"><System><Provider Name="Microsoft-Windows-DeviceManagement-Pushrouter" Guid="{f1201b5a-e170-42b6-8d20-b57ac57e6416}"></Provider>
<EventID Qualifiers="">510</EventID>
<Version>0</Version>
<Level>4</Level>
<Task>0</Task>
<Opcode>0</Opcode>
<Keywords>0x8000000000000000</Keywords>
<TimeCreated SystemTime="2022-05-06 15:27:18.326330"></TimeCreated>
<EventRecordID>43</EventRecordID>
<Correlation ActivityID="" RelatedActivityID=""></Correlation>
<Execution ProcessID="5460" ThreadID="5656"></Execution>
<Channel>Microsoft-Windows-DeviceManagement-Enterprise-Diagnostics-Provider/Operational</Channel>
<Computer>Council-HQ</Computer>
<Security UserID="S-1-5-18"></Security>
</System>
<EventData></EventData>
</Event>

<Event xmlns="http://schemas.microsoft.com/win/2004/08/events/event"><System><Provider Name="Microsoft-Windows-DeviceManagement-Pushrouter" Guid="{f1201b5a-e170-42b6-8d20-b57ac57e6416}"></Provider>
<EventID Qualifiers="">514</EventID>
<Version>0</Version>
<Level>4</Level>
<Task>0</Task>
<Opcode>0</Opcode>
<Keywords>0x8000000000000000</Keywords>
<TimeCreated SystemTime="2022-05-06 15:27:18.326340"></TimeCreated>
<EventRecordID>44</EventRecordID>
<Correlation ActivityID="" RelatedActivityID=""></Correlation>
<Execution ProcessID="5460" ThreadID="5656"></Execution>
<Channel>Microsoft-Windows-DeviceManagement-Enterprise-Diagnostics-Provider/Operational</Channel>
<Computer>Council-HQ</Computer>
<Security UserID="S-1-5-18"></Security>
</System>
<EventData><Data Name="HexInt1">0x00000003</Data>
<Data Name="HexInt2">0x00000000</Data>
<Data Name="HexInt3">0x00000000</Data>
</EventData>
</Event>

<Event xmlns="http://schemas.microsoft.com/win/2004/08/events/event"><System><Provider Name="Microsoft-Windows-DeviceManagement-Pushrouter" Guid="{f1201b5a-e170-42b6-8d20-b57ac57e6416}"></Provider>
<EventID Qualifiers="">106</EventID>
<Version>0</Version>
<Level>4</Level>
<Task>0</Task>
<Opcode>0</Opcode>
<Keywords>0x8000000000000000</Keywords>
<TimeCreated SystemTime="2022-05-06 15:27:18.326900"></TimeCreated>
<EventRecordID>45</EventRecordID>
<Correlation ActivityID="" RelatedActivityID=""></Correlation>
<Execution ProcessID="5460" ThreadID="5644"></Execution>
<Channel>Microsoft-Windows-DeviceManagement-Enterprise-Diagnostics-Provider/Operational</Channel>
<Computer>Council-HQ</Computer>
<Security UserID="S-1-5-18"></Security>
</System>
<EventData><Data Name="HRESULT">0x00000000</Data>
</EventData>
</Event>

<Event xmlns="http://schemas.microsoft.com/win/2004/08/events/event"><System><Provider Name="Microsoft-Windows-DeviceManagement-Pushrouter" Guid="{f1201b5a-e170-42b6-8d20-b57ac57e6416}"></Provider>
<EventID Qualifiers="">108</EventID>
<Version>0</Version>
<Level>4</Level>
<Task>0</Task>
<Opcode>0</Opcode>
<Keywords>0x8000000000000000</Keywords>
<TimeCreated SystemTime="2022-05-06 15:27:18.326965"></TimeCreated>
<EventRecordID>46</EventRecordID>
<Correlation ActivityID="" RelatedActivityID=""></Correlation>
<Execution ProcessID="5460" ThreadID="5644"></Execution>
<Channel>Microsoft-Windows-DeviceManagement-Enterprise-Diagnostics-Provider/Operational</Channel>
<Computer>Council-HQ</Computer>
<Security UserID="S-1-5-18"></Security>
</System>
<EventData><Data Name="HRESULT">0x00000000</Data>
</EventData>
</Event>

<Event xmlns="http://schemas.microsoft.com/win/2004/08/events/event"><System><Provider Name="Microsoft-Windows-DeviceManagement-Pushrouter" Guid="{f1201b5a-e170-42b6-8d20-b57ac57e6416}"></Provider>
<EventID Qualifiers="">522</EventID>
<Version>0</Version>
<Level>4</Level>
<Task>0</Task>
<Opcode>0</Opcode>
<Keywords>0x8000000000000000</Keywords>
<TimeCreated SystemTime="2022-05-06 15:27:18.327038"></TimeCreated>
<EventRecordID>47</EventRecordID>
<Correlation ActivityID="" RelatedActivityID=""></Correlation>
<Execution ProcessID="5460" ThreadID="5644"></Execution>
<Channel>Microsoft-Windows-DeviceManagement-Enterprise-Diagnostics-Provider/Operational</Channel>
<Computer>Council-HQ</Computer>
<Security UserID="S-1-5-18"></Security>
</System>
<EventData><Data Name="HRESULT">0x00000000</Data>
</EventData>
</Event>

<Event xmlns="http://schemas.microsoft.com/win/2004/08/events/event"><System><Provider Name="Microsoft-Windows-DeviceManagement-Pushrouter" Guid="{f1201b5a-e170-42b6-8d20-b57ac57e6416}"></Provider>
<EventID Qualifiers="">513</EventID>
<Version>0</Version>
<Level>4</Level>
<Task>0</Task>
<Opcode>0</Opcode>
<Keywords>0x8000000000000000</Keywords>
<TimeCreated SystemTime="2022-05-06 15:27:18.327040"></TimeCreated>
<EventRecordID>48</EventRecordID>
<Correlation ActivityID="" RelatedActivityID=""></Correlation>
<Execution ProcessID="5460" ThreadID="5644"></Execution>
<Channel>Microsoft-Windows-DeviceManagement-Enterprise-Diagnostics-Provider/Operational</Channel>
<Computer>Council-HQ</Computer>
<Security UserID="S-1-5-18"></Security>
</System>
<EventData></EventData>
</Event>

<Event xmlns="http://schemas.microsoft.com/win/2004/08/events/event"><System><Provider Name="Microsoft-Windows-DeviceManagement-Pushrouter" Guid="{f1201b5a-e170-42b6-8d20-b57ac57e6416}"></Provider>
<EventID Qualifiers="">520</EventID>
<Version>0</Version>
<Level>4</Level>
<Task>0</Task>
<Opcode>0</Opcode>
<Keywords>0x8000000000000000</Keywords>
<TimeCreated SystemTime="2022-05-06 15:27:18.327072"></TimeCreated>
<EventRecordID>49</EventRecordID>
<Correlation ActivityID="" RelatedActivityID=""></Correlation>
<Execution ProcessID="5460" ThreadID="5644"></Execution>
<Channel>Microsoft-Windows-DeviceManagement-Enterprise-Diagnostics-Provider/Operational</Channel>
<Computer>Council-HQ</Computer>
<Security UserID="S-1-5-18"></Security>
</System>
<EventData><Data Name="HRESULT">0x00000000</Data>
</EventData>
</Event>

<Event xmlns="http://schemas.microsoft.com/win/2004/08/events/event"><System><Provider Name="Microsoft-Windows-DeviceManagement-Pushrouter" Guid="{f1201b5a-e170-42b6-8d20-b57ac57e6416}"></Provider>
<EventID Qualifiers="">514</EventID>
<Version>0</Version>
<Level>4</Level>
<Task>0</Task>
<Opcode>0</Opcode>
<Keywords>0x8000000000000000</Keywords>
<TimeCreated SystemTime="2022-05-06 15:27:18.327076"></TimeCreated>
<EventRecordID>50</EventRecordID>
<Correlation ActivityID="" RelatedActivityID=""></Correlation>
<Execution ProcessID="5460" ThreadID="5644"></Execution>
<Channel>Microsoft-Windows-DeviceManagement-Enterprise-Diagnostics-Provider/Operational</Channel>
<Computer>Council-HQ</Computer>
<Security UserID="S-1-5-18"></Security>
</System>
<EventData><Data Name="HexInt1">0x00000001</Data>
<Data Name="HexInt2">0x00000000</Data>
<Data Name="HexInt3">0x00000000</Data>
</EventData>
</Event>

<Event xmlns="http://schemas.microsoft.com/win/2004/08/events/event"><System><Provider Name="Microsoft-Windows-DeviceManagement-Pushrouter" Guid="{f1201b5a-e170-42b6-8d20-b57ac57e6416}"></Provider>
<EventID Qualifiers="">524</EventID>
<Version>0</Version>
<Level>4</Level>
<Task>0</Task>
<Opcode>0</Opcode>
<Keywords>0x8000000000000000</Keywords>
<TimeCreated SystemTime="2022-05-06 15:31:26.729906"></TimeCreated>
<EventRecordID>51</EventRecordID>
<Correlation ActivityID="" RelatedActivityID=""></Correlation>
<Execution ProcessID="4836" ThreadID="6228"></Execution>
<Channel>Microsoft-Windows-DeviceManagement-Enterprise-Diagnostics-Provider/Operational</Channel>
<Computer>Council-HQ</Computer>
<Security UserID="S-1-5-18"></Security>
</System>
<EventData></EventData>
</Event>

<Event xmlns="http://schemas.microsoft.com/win/2004/08/events/event"><System><Provider Name="Microsoft-Windows-DeviceManagement-Pushrouter" Guid="{f1201b5a-e170-42b6-8d20-b57ac57e6416}"></Provider>
<EventID Qualifiers="">514</EventID>
<Version>0</Version>
<Level>4</Level>
<Task>0</Task>
<Opcode>0</Opcode>
<Keywords>0x8000000000000000</Keywords>
<TimeCreated SystemTime="2022-05-06 15:31:26.729910"></TimeCreated>
<EventRecordID>52</EventRecordID>
<Correlation ActivityID="" RelatedActivityID=""></Correlation>
<Execution ProcessID="4836" ThreadID="6228"></Execution>
<Channel>Microsoft-Windows-DeviceManagement-Enterprise-Diagnostics-Provider/Operational</Channel>
<Computer>Council-HQ</Computer>
<Security UserID="S-1-5-18"></Security>
</System>
<EventData><Data Name="HexInt1">0x00000002</Data>
<Data Name="HexInt2">0x00000000</Data>
<Data Name="HexInt3">0x00000064</Data>
</EventData>
</Event>

<Event xmlns="http://schemas.microsoft.com/win/2004/08/events/event"><System><Provider Name="Microsoft-Windows-DeviceManagement-Pushrouter" Guid="{f1201b5a-e170-42b6-8d20-b57ac57e6416}"></Provider>
<EventID Qualifiers="">512</EventID>
<Version>0</Version>
<Level>4</Level>
<Task>0</Task>
<Opcode>0</Opcode>
<Keywords>0x8000000000000000</Keywords>
<TimeCreated SystemTime="2022-05-06 15:31:26.730034"></TimeCreated>
<EventRecordID>53</EventRecordID>
<Correlation ActivityID="" RelatedActivityID=""></Correlation>
<Execution ProcessID="4836" ThreadID="6228"></Execution>
<Channel>Microsoft-Windows-DeviceManagement-Enterprise-Diagnostics-Provider/Operational</Channel>
<Computer>Council-HQ</Computer>
<Security UserID="S-1-5-18"></Security>
</System>
<EventData><Data Name="HexInt1">0x00000078</Data>
</EventData>
</Event>

<Event xmlns="http://schemas.microsoft.com/win/2004/08/events/event"><System><Provider Name="Microsoft-Windows-DeviceManagement-Pushrouter" Guid="{f1201b5a-e170-42b6-8d20-b57ac57e6416}"></Provider>
<EventID Qualifiers="">111</EventID>
<Version>0</Version>
<Level>4</Level>
<Task>0</Task>
<Opcode>0</Opcode>
<Keywords>0x8000000000000000</Keywords>
<TimeCreated SystemTime="2022-05-06 15:31:26.730042"></TimeCreated>
<EventRecordID>54</EventRecordID>
<Correlation ActivityID="" RelatedActivityID=""></Correlation>
<Execution ProcessID="4836" ThreadID="6228"></Execution>
<Channel>Microsoft-Windows-DeviceManagement-Enterprise-Diagnostics-Provider/Operational</Channel>
<Computer>Council-HQ</Computer>
<Security UserID="S-1-5-18"></Security>
</System>
<EventData><Data Name="Message1">Incremented active client count</Data>
<Data Name="HRESULT">0x00000000</Data>
</EventData>
</Event>

<Event xmlns="http://schemas.microsoft.com/win/2004/08/events/event"><System><Provider Name="Microsoft-Windows-DeviceManagement-Pushrouter" Guid="{f1201b5a-e170-42b6-8d20-b57ac57e6416}"></Provider>
<EventID Qualifiers="">511</EventID>
<Version>0</Version>
<Level>4</Level>
<Task>0</Task>
<Opcode>0</Opcode>
<Keywords>0x8000000000000000</Keywords>
<TimeCreated SystemTime="2022-05-06 15:31:26.730043"></TimeCreated>
<EventRecordID>55</EventRecordID>
<Correlation ActivityID="" RelatedActivityID=""></Correlation>
<Execution ProcessID="4836" ThreadID="6228"></Execution>
<Channel>Microsoft-Windows-DeviceManagement-Enterprise-Diagnostics-Provider/Operational</Channel>
<Computer>Council-HQ</Computer>
<Security UserID="S-1-5-18"></Security>
</System>
<EventData><Data Name="HexInt1">0x00000078</Data>
</EventData>
</Event>

<Event xmlns="http://schemas.microsoft.com/win/2004/08/events/event"><System><Provider Name="Microsoft-Windows-DeviceManagement-Pushrouter" Guid="{f1201b5a-e170-42b6-8d20-b57ac57e6416}"></Provider>
<EventID Qualifiers="">144</EventID>
<Version>0</Version>
<Level>4</Level>
<Task>0</Task>
<Opcode>0</Opcode>
<Keywords>0x8000000000000000</Keywords>
<TimeCreated SystemTime="2022-05-06 15:31:26.734993"></TimeCreated>
<EventRecordID>56</EventRecordID>
<Correlation ActivityID="" RelatedActivityID=""></Correlation>
<Execution ProcessID="4836" ThreadID="5936"></Execution>
<Channel>Microsoft-Windows-DeviceManagement-Enterprise-Diagnostics-Provider/Operational</Channel>
<Computer>Council-HQ</Computer>
<Security UserID="S-1-5-18"></Security>
</System>
<EventData><Data Name="HRESULT">0x00000000</Data>
</EventData>
</Event>

<Event xmlns="http://schemas.microsoft.com/win/2004/08/events/event"><System><Provider Name="Microsoft-Windows-DeviceManagement-Pushrouter" Guid="{f1201b5a-e170-42b6-8d20-b57ac57e6416}"></Provider>
<EventID Qualifiers="">507</EventID>
<Version>0</Version>
<Level>4</Level>
<Task>0</Task>
<Opcode>0</Opcode>
<Keywords>0x8000000000000000</Keywords>
<TimeCreated SystemTime="2022-05-06 15:31:26.835257"></TimeCreated>
<EventRecordID>57</EventRecordID>
<Correlation ActivityID="" RelatedActivityID=""></Correlation>
<Execution ProcessID="4836" ThreadID="6228"></Execution>
<Channel>Microsoft-Windows-DeviceManagement-Enterprise-Diagnostics-Provider/Operational</Channel>
<Computer>Council-HQ</Computer>
<Security UserID="S-1-5-18"></Security>
</System>
<EventData><Data Name="HexInt1">0x00000000</Data>
</EventData>
</Event>

<Event xmlns="http://schemas.microsoft.com/win/2004/08/events/event"><System><Provider Name="Microsoft-Windows-DeviceManagement-Pushrouter" Guid="{f1201b5a-e170-42b6-8d20-b57ac57e6416}"></Provider>
<EventID Qualifiers="">516</EventID>
<Version>0</Version>
<Level>4</Level>
<Task>0</Task>
<Opcode>0</Opcode>
<Keywords>0x8000000000000000</Keywords>
<TimeCreated SystemTime="2022-05-06 15:31:26.835258"></TimeCreated>
<EventRecordID>58</EventRecordID>
<Correlation ActivityID="" RelatedActivityID=""></Correlation>
<Execution ProcessID="4836" ThreadID="6228"></Execution>
<Channel>Microsoft-Windows-DeviceManagement-Enterprise-Diagnostics-Provider/Operational</Channel>
<Computer>Council-HQ</Computer>
<Security UserID="S-1-5-18"></Security>
</System>
<EventData><Data Name="HRESULT">0x00000000</Data>
</EventData>
</Event>

