<Event xmlns="http://schemas.microsoft.com/win/2004/08/events/event"><System><Provider Name="Microsoft-Windows-DeviceManagement-Enterprise-Diagnostics-Provider" Guid="{3da494e4-0fe2-415c-b895-fb5265c5c83b}"></Provider>
<EventID Qualifiers="">813</EventID>
<Version>0</Version>
<Level>4</Level>
<Task>0</Task>
<Opcode>0</Opcode>
<Keywords>0x8000000000000000</Keywords>
<TimeCreated SystemTime="2022-05-07 01:20:27.123363"></TimeCreated>
<EventRecordID>200</EventRecordID>
<Correlation ActivityID="{824d2842-61b0-0002-3f2e-4d82b061d801}" RelatedActivityID=""></Correlation>
<Execution ProcessID="4272" ThreadID="4280"></Execution>
<Channel>Microsoft-Windows-DeviceManagement-Enterprise-Diagnostics-Provider/Admin</Channel>
<Computer>WIN-GE1PLB8KFNS</Computer>
<Security UserID="S-1-5-18"></Security>
</System>
<EventData><Data Name="Message1">Power/Policy/Settings/Processor/SchemePersonality/961cc777-2547-4f9d-8174-7d86181b8a7a/DefaultPowerSchemeValues/MaxPerformance/DcValue</Data>
<Data Name="Message2">knobs</Data>
<Data Name="Message3">fc01e91f-914c-45af-9d7c-0b2e5fbedf62</Data>
<Data Name="Message4">device</Data>
<Data Name="HexInt1">0x00000064</Data>
<Data Name="HexInt2">0x00000001</Data>
<Data Name="HexInt3">0x00000000</Data>
</EventData>
</Event>

<Event xmlns="http://schemas.microsoft.com/win/2004/08/events/event"><System><Provider Name="Microsoft-Windows-DeviceManagement-Enterprise-Diagnostics-Provider" Guid="{3da494e4-0fe2-415c-b895-fb5265c5c83b}"></Provider>
<EventID Qualifiers="">813</EventID>
<Version>0</Version>
<Level>4</Level>
<Task>0</Task>
<Opcode>0</Opcode>
<Keywords>0x8000000000000000</Keywords>
<TimeCreated SystemTime="2022-05-07 01:20:27.132601"></TimeCreated>
<EventRecordID>201</EventRecordID>
<Correlation ActivityID="{824d2842-61b0-0002-3f2e-4d82b061d801}" RelatedActivityID=""></Correlation>
<Execution ProcessID="4272" ThreadID="4280"></Execution>
<Channel>Microsoft-Windows-DeviceManagement-Enterprise-Diagnostics-Provider/Admin</Channel>
<Computer>WIN-GE1PLB8KFNS</Computer>
<Security UserID="S-1-5-18"></Security>
</System>
<EventData><Data Name="Message1">Power/Policy/Settings/Processor/SchemePersonality/961cc777-2547-4f9d-8174-7d86181b8a7a/DefaultPowerSchemeValues/MinPerformance/AcValue</Data>
<Data Name="Message2">knobs</Data>
<Data Name="Message3">fc01e91f-914c-45af-9d7c-0b2e5fbedf62</Data>
<Data Name="Message4">device</Data>
<Data Name="HexInt1">0x00000005</Data>
<Data Name="HexInt2">0x00000001</Data>
<Data Name="HexInt3">0x00000000</Data>
</EventData>
</Event>

<Event xmlns="http://schemas.microsoft.com/win/2004/08/events/event"><System><Provider Name="Microsoft-Windows-DeviceManagement-Enterprise-Diagnostics-Provider" Guid="{3da494e4-0fe2-415c-b895-fb5265c5c83b}"></Provider>
<EventID Qualifiers="">813</EventID>
<Version>0</Version>
<Level>4</Level>
<Task>0</Task>
<Opcode>0</Opcode>
<Keywords>0x8000000000000000</Keywords>
<TimeCreated SystemTime="2022-05-07 01:20:27.138311"></TimeCreated>
<EventRecordID>202</EventRecordID>
<Correlation ActivityID="{824d2842-61b0-0002-3f2e-4d82b061d801}" RelatedActivityID=""></Correlation>
<Execution ProcessID="4272" ThreadID="4280"></Execution>
<Channel>Microsoft-Windows-DeviceManagement-Enterprise-Diagnostics-Provider/Admin</Channel>
<Computer>WIN-GE1PLB8KFNS</Computer>
<Security UserID="S-1-5-18"></Security>
</System>
<EventData><Data Name="Message1">Power/Policy/Settings/Processor/SchemePersonality/961cc777-2547-4f9d-8174-7d86181b8a7a/DefaultPowerSchemeValues/MinPerformance/DcValue</Data>
<Data Name="Message2">knobs</Data>
<Data Name="Message3">fc01e91f-914c-45af-9d7c-0b2e5fbedf62</Data>
<Data Name="Message4">device</Data>
<Data Name="HexInt1">0x00000005</Data>
<Data Name="HexInt2">0x00000001</Data>
<Data Name="HexInt3">0x00000000</Data>
</EventData>
</Event>

<Event xmlns="http://schemas.microsoft.com/win/2004/08/events/event"><System><Provider Name="Microsoft-Windows-DeviceManagement-Enterprise-Diagnostics-Provider" Guid="{3da494e4-0fe2-415c-b895-fb5265c5c83b}"></Provider>
<EventID Qualifiers="">813</EventID>
<Version>0</Version>
<Level>4</Level>
<Task>0</Task>
<Opcode>0</Opcode>
<Keywords>0x8000000000000000</Keywords>
<TimeCreated SystemTime="2022-05-07 01:20:27.148232"></TimeCreated>
<EventRecordID>203</EventRecordID>
<Correlation ActivityID="{824d2842-61b0-0002-3f2e-4d82b061d801}" RelatedActivityID=""></Correlation>
<Execution ProcessID="4272" ThreadID="4280"></Execution>
<Channel>Microsoft-Windows-DeviceManagement-Enterprise-Diagnostics-Provider/Admin</Channel>
<Computer>WIN-GE1PLB8KFNS</Computer>
<Security UserID="S-1-5-18"></Security>
</System>
<EventData><Data Name="Message1">Power/Policy/Settings/Processor/SchemePersonality/961cc777-2547-4f9d-8174-7d86181b8a7a/DefaultPowerSchemeValues/PerfEnergyPreference/AcValue</Data>
<Data Name="Message2">knobs</Data>
<Data Name="Message3">fc01e91f-914c-45af-9d7c-0b2e5fbedf62</Data>
<Data Name="Message4">device</Data>
<Data Name="HexInt1">0x00000032</Data>
<Data Name="HexInt2">0x00000001</Data>
<Data Name="HexInt3">0x00000000</Data>
</EventData>
</Event>

<Event xmlns="http://schemas.microsoft.com/win/2004/08/events/event"><System><Provider Name="Microsoft-Windows-DeviceManagement-Enterprise-Diagnostics-Provider" Guid="{3da494e4-0fe2-415c-b895-fb5265c5c83b}"></Provider>
<EventID Qualifiers="">813</EventID>
<Version>0</Version>
<Level>4</Level>
<Task>0</Task>
<Opcode>0</Opcode>
<Keywords>0x8000000000000000</Keywords>
<TimeCreated SystemTime="2022-05-07 01:20:27.157280"></TimeCreated>
<EventRecordID>204</EventRecordID>
<Correlation ActivityID="{824d2842-61b0-0002-3f2e-4d82b061d801}" RelatedActivityID=""></Correlation>
<Execution ProcessID="4272" ThreadID="4280"></Execution>
<Channel>Microsoft-Windows-DeviceManagement-Enterprise-Diagnostics-Provider/Admin</Channel>
<Computer>WIN-GE1PLB8KFNS</Computer>
<Security UserID="S-1-5-18"></Security>
</System>
<EventData><Data Name="Message1">Power/Policy/Settings/Processor/SchemePersonality/961cc777-2547-4f9d-8174-7d86181b8a7a/DefaultPowerSchemeValues/PerfEnergyPreference/DcValue</Data>
<Data Name="Message2">knobs</Data>
<Data Name="Message3">fc01e91f-914c-45af-9d7c-0b2e5fbedf62</Data>
<Data Name="Message4">device</Data>
<Data Name="HexInt1">0x0000003c</Data>
<Data Name="HexInt2">0x00000001</Data>
<Data Name="HexInt3">0x00000000</Data>
</EventData>
</Event>

<Event xmlns="http://schemas.microsoft.com/win/2004/08/events/event"><System><Provider Name="Microsoft-Windows-DeviceManagement-Enterprise-Diagnostics-Provider" Guid="{3da494e4-0fe2-415c-b895-fb5265c5c83b}"></Provider>
<EventID Qualifiers="">813</EventID>
<Version>0</Version>
<Level>4</Level>
<Task>0</Task>
<Opcode>0</Opcode>
<Keywords>0x8000000000000000</Keywords>
<TimeCreated SystemTime="2022-05-07 01:20:27.163221"></TimeCreated>
<EventRecordID>205</EventRecordID>
<Correlation ActivityID="{824d2842-61b0-0002-3f2e-4d82b061d801}" RelatedActivityID=""></Correlation>
<Execution ProcessID="4272" ThreadID="4280"></Execution>
<Channel>Microsoft-Windows-DeviceManagement-Enterprise-Diagnostics-Provider/Admin</Channel>
<Computer>WIN-GE1PLB8KFNS</Computer>
<Security UserID="S-1-5-18"></Security>
</System>
<EventData><Data Name="Message1">Power/Policy/Settings/Processor/SchemePersonality/ded574b5-45a0-4f42-8737-46345c09c238/DefaultPowerSchemeValues/CPMinCores/DcValue</Data>
<Data Name="Message2">knobs</Data>
<Data Name="Message3">fc01e91f-914c-45af-9d7c-0b2e5fbedf62</Data>
<Data Name="Message4">device</Data>
<Data Name="HexInt1">0x00000064</Data>
<Data Name="HexInt2">0x00000001</Data>
<Data Name="HexInt3">0x00000000</Data>
</EventData>
</Event>

<Event xmlns="http://schemas.microsoft.com/win/2004/08/events/event"><System><Provider Name="Microsoft-Windows-DeviceManagement-Enterprise-Diagnostics-Provider" Guid="{3da494e4-0fe2-415c-b895-fb5265c5c83b}"></Provider>
<EventID Qualifiers="">813</EventID>
<Version>0</Version>
<Level>4</Level>
<Task>0</Task>
<Opcode>0</Opcode>
<Keywords>0x8000000000000000</Keywords>
<TimeCreated SystemTime="2022-05-07 01:20:27.169018"></TimeCreated>
<EventRecordID>206</EventRecordID>
<Correlation ActivityID="{824d2842-61b0-0002-3f2e-4d82b061d801}" RelatedActivityID=""></Correlation>
<Execution ProcessID="4272" ThreadID="4280"></Execution>
<Channel>Microsoft-Windows-DeviceManagement-Enterprise-Diagnostics-Provider/Admin</Channel>
<Computer>WIN-GE1PLB8KFNS</Computer>
<Security UserID="S-1-5-18"></Security>
</System>
<EventData><Data Name="Message1">Power/Policy/Settings/Processor/SchemePersonality/ded574b5-45a0-4f42-8737-46345c09c238/DefaultPowerSchemeValues/MaxFrequency/DcValue</Data>
<Data Name="Message2">knobs</Data>
<Data Name="Message3">fc01e91f-914c-45af-9d7c-0b2e5fbedf62</Data>
<Data Name="Message4">device</Data>
<Data Name="HexInt1">0x00000000</Data>
<Data Name="HexInt2">0x00000001</Data>
<Data Name="HexInt3">0x00000000</Data>
</EventData>
</Event>

<Event xmlns="http://schemas.microsoft.com/win/2004/08/events/event"><System><Provider Name="Microsoft-Windows-DeviceManagement-Enterprise-Diagnostics-Provider" Guid="{3da494e4-0fe2-415c-b895-fb5265c5c83b}"></Provider>
<EventID Qualifiers="">813</EventID>
<Version>0</Version>
<Level>4</Level>
<Task>0</Task>
<Opcode>0</Opcode>
<Keywords>0x8000000000000000</Keywords>
<TimeCreated SystemTime="2022-05-07 01:20:27.178856"></TimeCreated>
<EventRecordID>207</EventRecordID>
<Correlation ActivityID="{824d2842-61b0-0002-3f2e-4d82b061d801}" RelatedActivityID=""></Correlation>
<Execution ProcessID="4272" ThreadID="4280"></Execution>
<Channel>Microsoft-Windows-DeviceManagement-Enterprise-Diagnostics-Provider/Admin</Channel>
<Computer>WIN-GE1PLB8KFNS</Computer>
<Security UserID="S-1-5-18"></Security>
</System>
<EventData><Data Name="Message1">Power/Policy/Settings/Processor/SchemePersonality/ded574b5-45a0-4f42-8737-46345c09c238/DefaultPowerSchemeValues/MinPerformance/AcValue</Data>
<Data Name="Message2">knobs</Data>
<Data Name="Message3">fc01e91f-914c-45af-9d7c-0b2e5fbedf62</Data>
<Data Name="Message4">device</Data>
<Data Name="HexInt1">0x00000064</Data>
<Data Name="HexInt2">0x00000001</Data>
<Data Name="HexInt3">0x00000000</Data>
</EventData>
</Event>

<Event xmlns="http://schemas.microsoft.com/win/2004/08/events/event"><System><Provider Name="Microsoft-Windows-DeviceManagement-Enterprise-Diagnostics-Provider" Guid="{3da494e4-0fe2-415c-b895-fb5265c5c83b}"></Provider>
<EventID Qualifiers="">813</EventID>
<Version>0</Version>
<Level>4</Level>
<Task>0</Task>
<Opcode>0</Opcode>
<Keywords>0x8000000000000000</Keywords>
<TimeCreated SystemTime="2022-05-07 01:20:27.188211"></TimeCreated>
<EventRecordID>208</EventRecordID>
<Correlation ActivityID="{824d2842-61b0-0002-3f2e-4d82b061d801}" RelatedActivityID=""></Correlation>
<Execution ProcessID="4272" ThreadID="4280"></Execution>
<Channel>Microsoft-Windows-DeviceManagement-Enterprise-Diagnostics-Provider/Admin</Channel>
<Computer>WIN-GE1PLB8KFNS</Computer>
<Security UserID="S-1-5-18"></Security>
</System>
<EventData><Data Name="Message1">Power/Policy/Settings/Processor/SchemePersonality/ded574b5-45a0-4f42-8737-46345c09c238/DefaultPowerSchemeValues/PerfEnergyPreference/AcValue</Data>
<Data Name="Message2">knobs</Data>
<Data Name="Message3">fc01e91f-914c-45af-9d7c-0b2e5fbedf62</Data>
<Data Name="Message4">device</Data>
<Data Name="HexInt1">0x00000019</Data>
<Data Name="HexInt2">0x00000001</Data>
<Data Name="HexInt3">0x00000000</Data>
</EventData>
</Event>

<Event xmlns="http://schemas.microsoft.com/win/2004/08/events/event"><System><Provider Name="Microsoft-Windows-DeviceManagement-Enterprise-Diagnostics-Provider" Guid="{3da494e4-0fe2-415c-b895-fb5265c5c83b}"></Provider>
<EventID Qualifiers="">813</EventID>
<Version>0</Version>
<Level>4</Level>
<Task>0</Task>
<Opcode>0</Opcode>
<Keywords>0x8000000000000000</Keywords>
<TimeCreated SystemTime="2022-05-07 01:20:27.197935"></TimeCreated>
<EventRecordID>209</EventRecordID>
<Correlation ActivityID="{824d2842-61b0-0002-3f2e-4d82b061d801}" RelatedActivityID=""></Correlation>
<Execution ProcessID="4272" ThreadID="4280"></Execution>
<Channel>Microsoft-Windows-DeviceManagement-Enterprise-Diagnostics-Provider/Admin</Channel>
<Computer>WIN-GE1PLB8KFNS</Computer>
<Security UserID="S-1-5-18"></Security>
</System>
<EventData><Data Name="Message1">Power/Policy/Settings/Processor/SchemePersonality/ded574b5-45a0-4f42-8737-46345c09c238/DefaultPowerSchemeValues/PerfEnergyPreference/DcValue</Data>
<Data Name="Message2">knobs</Data>
<Data Name="Message3">fc01e91f-914c-45af-9d7c-0b2e5fbedf62</Data>
<Data Name="Message4">device</Data>
<Data Name="HexInt1">0x00000019</Data>
<Data Name="HexInt2">0x00000001</Data>
<Data Name="HexInt3">0x00000000</Data>
</EventData>
</Event>

<Event xmlns="http://schemas.microsoft.com/win/2004/08/events/event"><System><Provider Name="Microsoft-Windows-DeviceManagement-Enterprise-Diagnostics-Provider" Guid="{3da494e4-0fe2-415c-b895-fb5265c5c83b}"></Provider>
<EventID Qualifiers="">813</EventID>
<Version>0</Version>
<Level>4</Level>
<Task>0</Task>
<Opcode>0</Opcode>
<Keywords>0x8000000000000000</Keywords>
<TimeCreated SystemTime="2022-05-07 01:20:27.527258"></TimeCreated>
<EventRecordID>210</EventRecordID>
<Correlation ActivityID="{824d2842-61b0-0002-462e-4d82b061d801}" RelatedActivityID=""></Correlation>
<Execution ProcessID="4272" ThreadID="4280"></Execution>
<Channel>Microsoft-Windows-DeviceManagement-Enterprise-Diagnostics-Provider/Admin</Channel>
<Computer>WIN-GE1PLB8KFNS</Computer>
<Security UserID="S-1-5-18"></Security>
</System>
<EventData><Data Name="Message1">Power/Policy/Settings/Sleep/SchemePersonality/381b4222-f694-41f0-9685-ff5bb260df2e/Setting/HybridSleep/AcValue</Data>
<Data Name="Message2">knobs</Data>
<Data Name="Message3">3742e5e8-6d9d-473b-99a6-8ecc0f43548a</Data>
<Data Name="Message4">device</Data>
<Data Name="HexInt1">0x00000000</Data>
<Data Name="HexInt2">0x00000001</Data>
<Data Name="HexInt3">0x00000000</Data>
</EventData>
</Event>

<Event xmlns="http://schemas.microsoft.com/win/2004/08/events/event"><System><Provider Name="Microsoft-Windows-DeviceManagement-Enterprise-Diagnostics-Provider" Guid="{3da494e4-0fe2-415c-b895-fb5265c5c83b}"></Provider>
<EventID Qualifiers="">813</EventID>
<Version>0</Version>
<Level>4</Level>
<Task>0</Task>
<Opcode>0</Opcode>
<Keywords>0x8000000000000000</Keywords>
<TimeCreated SystemTime="2022-05-07 01:20:27.532631"></TimeCreated>
<EventRecordID>211</EventRecordID>
<Correlation ActivityID="{824d2842-61b0-0002-462e-4d82b061d801}" RelatedActivityID=""></Correlation>
<Execution ProcessID="4272" ThreadID="4280"></Execution>
<Channel>Microsoft-Windows-DeviceManagement-Enterprise-Diagnostics-Provider/Admin</Channel>
<Computer>WIN-GE1PLB8KFNS</Computer>
<Security UserID="S-1-5-18"></Security>
</System>
<EventData><Data Name="Message1">Power/Policy/Settings/Sleep/SchemePersonality/381b4222-f694-41f0-9685-ff5bb260df2e/Setting/HybridSleep/DcValue</Data>
<Data Name="Message2">knobs</Data>
<Data Name="Message3">3742e5e8-6d9d-473b-99a6-8ecc0f43548a</Data>
<Data Name="Message4">device</Data>
<Data Name="HexInt1">0x00000000</Data>
<Data Name="HexInt2">0x00000001</Data>
<Data Name="HexInt3">0x00000000</Data>
</EventData>
</Event>

<Event xmlns="http://schemas.microsoft.com/win/2004/08/events/event"><System><Provider Name="Microsoft-Windows-DeviceManagement-Enterprise-Diagnostics-Provider" Guid="{3da494e4-0fe2-415c-b895-fb5265c5c83b}"></Provider>
<EventID Qualifiers="">813</EventID>
<Version>0</Version>
<Level>4</Level>
<Task>0</Task>
<Opcode>0</Opcode>
<Keywords>0x8000000000000000</Keywords>
<TimeCreated SystemTime="2022-05-07 01:20:27.538359"></TimeCreated>
<EventRecordID>212</EventRecordID>
<Correlation ActivityID="{824d2842-61b0-0002-462e-4d82b061d801}" RelatedActivityID=""></Correlation>
<Execution ProcessID="4272" ThreadID="4280"></Execution>
<Channel>Microsoft-Windows-DeviceManagement-Enterprise-Diagnostics-Provider/Admin</Channel>
<Computer>WIN-GE1PLB8KFNS</Computer>
<Security UserID="S-1-5-18"></Security>
</System>
<EventData><Data Name="Message1">Power/Policy/Settings/Sleep/SchemePersonality/8c5e7fda-e8bf-4a96-9a85-a6e23a8c635c/Setting/HybridSleep/AcValue</Data>
<Data Name="Message2">knobs</Data>
<Data Name="Message3">3742e5e8-6d9d-473b-99a6-8ecc0f43548a</Data>
<Data Name="Message4">device</Data>
<Data Name="HexInt1">0x00000000</Data>
<Data Name="HexInt2">0x00000001</Data>
<Data Name="HexInt3">0x00000000</Data>
</EventData>
</Event>

<Event xmlns="http://schemas.microsoft.com/win/2004/08/events/event"><System><Provider Name="Microsoft-Windows-DeviceManagement-Enterprise-Diagnostics-Provider" Guid="{3da494e4-0fe2-415c-b895-fb5265c5c83b}"></Provider>
<EventID Qualifiers="">813</EventID>
<Version>0</Version>
<Level>4</Level>
<Task>0</Task>
<Opcode>0</Opcode>
<Keywords>0x8000000000000000</Keywords>
<TimeCreated SystemTime="2022-05-07 01:20:27.543783"></TimeCreated>
<EventRecordID>213</EventRecordID>
<Correlation ActivityID="{824d2842-61b0-0002-462e-4d82b061d801}" RelatedActivityID=""></Correlation>
<Execution ProcessID="4272" ThreadID="4280"></Execution>
<Channel>Microsoft-Windows-DeviceManagement-Enterprise-Diagnostics-Provider/Admin</Channel>
<Computer>WIN-GE1PLB8KFNS</Computer>
<Security UserID="S-1-5-18"></Security>
</System>
<EventData><Data Name="Message1">Power/Policy/Settings/Sleep/SchemePersonality/8c5e7fda-e8bf-4a96-9a85-a6e23a8c635c/Setting/HybridSleep/DcValue</Data>
<Data Name="Message2">knobs</Data>
<Data Name="Message3">3742e5e8-6d9d-473b-99a6-8ecc0f43548a</Data>
<Data Name="Message4">device</Data>
<Data Name="HexInt1">0x00000000</Data>
<Data Name="HexInt2">0x00000001</Data>
<Data Name="HexInt3">0x00000000</Data>
</EventData>
</Event>

<Event xmlns="http://schemas.microsoft.com/win/2004/08/events/event"><System><Provider Name="Microsoft-Windows-DeviceManagement-Enterprise-Diagnostics-Provider" Guid="{3da494e4-0fe2-415c-b895-fb5265c5c83b}"></Provider>
<EventID Qualifiers="">813</EventID>
<Version>0</Version>
<Level>4</Level>
<Task>0</Task>
<Opcode>0</Opcode>
<Keywords>0x8000000000000000</Keywords>
<TimeCreated SystemTime="2022-05-07 01:20:27.549179"></TimeCreated>
<EventRecordID>214</EventRecordID>
<Correlation ActivityID="{824d2842-61b0-0002-462e-4d82b061d801}" RelatedActivityID=""></Correlation>
<Execution ProcessID="4272" ThreadID="4280"></Execution>
<Channel>Microsoft-Windows-DeviceManagement-Enterprise-Diagnostics-Provider/Admin</Channel>
<Computer>WIN-GE1PLB8KFNS</Computer>
<Security UserID="S-1-5-18"></Security>
</System>
<EventData><Data Name="Message1">Power/Policy/Settings/Sleep/SchemePersonality/a1841308-3541-4fab-bc81-f71556f20b4a/Setting/HibernateTimeout/AcValue</Data>
<Data Name="Message2">knobs</Data>
<Data Name="Message3">3742e5e8-6d9d-473b-99a6-8ecc0f43548a</Data>
<Data Name="Message4">device</Data>
<Data Name="HexInt1">0x00002a30</Data>
<Data Name="HexInt2">0x00000001</Data>
<Data Name="HexInt3">0x00000000</Data>
</EventData>
</Event>

<Event xmlns="http://schemas.microsoft.com/win/2004/08/events/event"><System><Provider Name="Microsoft-Windows-DeviceManagement-Enterprise-Diagnostics-Provider" Guid="{3da494e4-0fe2-415c-b895-fb5265c5c83b}"></Provider>
<EventID Qualifiers="">813</EventID>
<Version>0</Version>
<Level>4</Level>
<Task>0</Task>
<Opcode>0</Opcode>
<Keywords>0x8000000000000000</Keywords>
<TimeCreated SystemTime="2022-05-07 01:20:27.554829"></TimeCreated>
<EventRecordID>215</EventRecordID>
<Correlation ActivityID="{824d2842-61b0-0002-462e-4d82b061d801}" RelatedActivityID=""></Correlation>
<Execution ProcessID="4272" ThreadID="4280"></Execution>
<Channel>Microsoft-Windows-DeviceManagement-Enterprise-Diagnostics-Provider/Admin</Channel>
<Computer>WIN-GE1PLB8KFNS</Computer>
<Security UserID="S-1-5-18"></Security>
</System>
<EventData><Data Name="Message1">Power/Policy/Settings/Sleep/SchemePersonality/a1841308-3541-4fab-bc81-f71556f20b4a/Setting/HibernateTimeout/DcValue</Data>
<Data Name="Message2">knobs</Data>
<Data Name="Message3">3742e5e8-6d9d-473b-99a6-8ecc0f43548a</Data>
<Data Name="Message4">device</Data>
<Data Name="HexInt1">0x00002a30</Data>
<Data Name="HexInt2">0x00000001</Data>
<Data Name="HexInt3">0x00000000</Data>
</EventData>
</Event>

<Event xmlns="http://schemas.microsoft.com/win/2004/08/events/event"><System><Provider Name="Microsoft-Windows-DeviceManagement-Enterprise-Diagnostics-Provider" Guid="{3da494e4-0fe2-415c-b895-fb5265c5c83b}"></Provider>
<EventID Qualifiers="">813</EventID>
<Version>0</Version>
<Level>4</Level>
<Task>0</Task>
<Opcode>0</Opcode>
<Keywords>0x8000000000000000</Keywords>
<TimeCreated SystemTime="2022-05-07 01:20:27.560471"></TimeCreated>
<EventRecordID>216</EventRecordID>
<Correlation ActivityID="{824d2842-61b0-0002-462e-4d82b061d801}" RelatedActivityID=""></Correlation>
<Execution ProcessID="4272" ThreadID="4280"></Execution>
<Channel>Microsoft-Windows-DeviceManagement-Enterprise-Diagnostics-Provider/Admin</Channel>
<Computer>WIN-GE1PLB8KFNS</Computer>
<Security UserID="S-1-5-18"></Security>
</System>
<EventData><Data Name="Message1">Power/Policy/Settings/Sleep/SchemePersonality/a1841308-3541-4fab-bc81-f71556f20b4a/Setting/HybridSleep/AcValue</Data>
<Data Name="Message2">knobs</Data>
<Data Name="Message3">3742e5e8-6d9d-473b-99a6-8ecc0f43548a</Data>
<Data Name="Message4">device</Data>
<Data Name="HexInt1">0x00000000</Data>
<Data Name="HexInt2">0x00000001</Data>
<Data Name="HexInt3">0x00000000</Data>
</EventData>
</Event>

<Event xmlns="http://schemas.microsoft.com/win/2004/08/events/event"><System><Provider Name="Microsoft-Windows-DeviceManagement-Enterprise-Diagnostics-Provider" Guid="{3da494e4-0fe2-415c-b895-fb5265c5c83b}"></Provider>
<EventID Qualifiers="">1709</EventID>
<Version>0</Version>
<Level>4</Level>
<Task>0</Task>
<Opcode>0</Opcode>
<Keywords>0x8000000000000000</Keywords>
<TimeCreated SystemTime="2022-05-06 15:21:07.045029"></TimeCreated>
<EventRecordID>217</EventRecordID>
<Correlation ActivityID="" RelatedActivityID=""></Correlation>
<Execution ProcessID="5348" ThreadID="5392"></Execution>
<Channel>Microsoft-Windows-DeviceManagement-Enterprise-Diagnostics-Provider/Admin</Channel>
<Computer>DESKTOP-DBOP9M0</Computer>
<Security UserID="S-1-5-18"></Security>
</System>
<EventData></EventData>
</Event>

</Events>
