<Event xmlns="http://schemas.microsoft.com/win/2004/08/events/event"><System><Provider Name="Microsoft-Windows-AppXDeployment-Server" Guid="{3f471139-acb7-4a01-b7a7-ff5da4ba2d43}"></Provider>
<EventID Qualifiers="">400</EventID>
<Version>0</Version>
<Level>4</Level>
<Task>3</Task>
<Opcode>2</Opcode>
<Keywords>0x4000000000000001</Keywords>
<TimeCreated SystemTime="2022-05-06 15:24:38.455883"></TimeCreated>
<EventRecordID>891</EventRecordID>
<Correlation ActivityID="{2f2cff59-615d-0000-e911-2d2f5d61d801}" RelatedActivityID=""></Correlation>
<Execution ProcessID="3320" ThreadID="4444"></Execution>
<Channel>Microsoft-Windows-AppXDeploymentServer/Operational</Channel>
<Computer>Council-HQ</Computer>
<Security UserID="S-1-5-21-2389065719-3342106636-307857974-1001"></Security>
</System>
<EventData><Data Name="DeploymentOperation">6</Data>
<Data Name="PackageFullName">Microsoft.Windows.OOBENetworkConnectionFlow_10.0.21302.1000_neutral__cw5n1h2txyewy</Data>
<Data Name="Path"> (AppxManifest.xml) </Data>
<Data Name="MountPoint">C:</Data>
<Data Name="TargetPlatform">0x00000000</Data>
<Data Name="SystemVolume">True</Data>
<Data Name="StorageId">\\?\Volume{bf27b24f-9e98-4395-9110-325985ded282}</Data>
<Data Name="IsCentennial">False</Data>
<Data Name="PackageType">0x00000001</Data>
<Data Name="IsPackageEncrypted">False</Data>
<Data Name="DeploymentOptions">0x0004000092040240</Data>
<Data Name="IsStreamingPackage">False</Data>
<Data Name="IsInRelatedSet">False</Data>
<Data Name="IsPackageUsingBDC">False</Data>
<Data Name="MainPackageFamilyName">NULL</Data>
<Data Name="CallingProcess">svchost.exe,AppReadiness</Data>
<Data Name="IsOptional">False</Data>
<Data Name="PackageFlags">0x00000408</Data>
<Data Name="PackageFlags2">0x00000800</Data>
<Data Name="HasWin32alacarte">False</Data>
<Data Name="HasFullTrust">False</Data>
<Data Name="ExternalLocation"></Data>
<Data Name="PackageSourceUri"></Data>
<Data Name="PackageDisplayName">ms-resource:AppDisplayName</Data>
</EventData>
</Event>

<Event xmlns="http://schemas.microsoft.com/win/2004/08/events/event"><System><Provider Name="Microsoft-Windows-AppXDeployment-Server" Guid="{3f471139-acb7-4a01-b7a7-ff5da4ba2d43}"></Provider>
<EventID Qualifiers="">10002</EventID>
<Version>0</Version>
<Level>5</Level>
<Task>3</Task>
<Opcode>0</Opcode>
<Keywords>0x4000000000000001</Keywords>
<TimeCreated SystemTime="2022-05-06 15:24:38.469662"></TimeCreated>
<EventRecordID>892</EventRecordID>
<Correlation ActivityID="{2f2cff59-615d-0001-f809-2d2f5d61d801}" RelatedActivityID=""></Correlation>
<Execution ProcessID="3320" ThreadID="4616"></Execution>
<Channel>Microsoft-Windows-AppXDeploymentServer/Operational</Channel>
<Computer>Council-HQ</Computer>
<Security UserID="S-1-5-18"></Security>
</System>
<EventData><Data Name="DeploymentOperation">6</Data>
<Data Name="MainPackageMoniker">Microsoft.Windows.OOBENetworkCaptivePortal_10.0.21302.1000_neutral__cw5n1h2txyewy</Data>
<Data Name="ResiliencyFilePath">C:\ProgramData\Microsoft\Windows\AppRepository\776abdd8-a834-44f2-abbf-76fc96dcd95c_S-1-5-21-2389065719-3342106636-307857974-1001_5.rslc</Data>
</EventData>
</Event>

<Event xmlns="http://schemas.microsoft.com/win/2004/08/events/event"><System><Provider Name="Microsoft-Windows-AppXDeployment-Server" Guid="{3f471139-acb7-4a01-b7a7-ff5da4ba2d43}"></Provider>
<EventID Qualifiers="">607</EventID>
<Version>0</Version>
<Level>4</Level>
<Task>0</Task>
<Opcode>0</Opcode>
<Keywords>0x4000000000000001</Keywords>
<TimeCreated SystemTime="2022-05-06 15:24:38.469995"></TimeCreated>
<EventRecordID>893</EventRecordID>
<Correlation ActivityID="{2f2cff59-615d-0001-f809-2d2f5d61d801}" RelatedActivityID=""></Correlation>
<Execution ProcessID="3320" ThreadID="4616"></Execution>
<Channel>Microsoft-Windows-AppXDeploymentServer/Operational</Channel>
<Computer>Council-HQ</Computer>
<Security UserID="S-1-5-21-2389065719-3342106636-307857974-1001"></Security>
</System>
<EventData><Data Name="DeploymentOperation">6</Data>
<Data Name="PackageFullName">Microsoft.Windows.OOBENetworkCaptivePortal_10.0.21302.1000_neutral__cw5n1h2txyewy</Data>
<Data Name="UserSid">S-1-5-21-2389065719-3342106636-307857974-1001</Data>
<Data Name="CallingProcess">svchost.exe,AppReadiness</Data>
</EventData>
</Event>

<Event xmlns="http://schemas.microsoft.com/win/2004/08/events/event"><System><Provider Name="Microsoft-Windows-AppXDeployment-Server" Guid="{3f471139-acb7-4a01-b7a7-ff5da4ba2d43}"></Provider>
<EventID Qualifiers="">854</EventID>
<Version>0</Version>
<Level>4</Level>
<Task>3</Task>
<Opcode>0</Opcode>
<Keywords>0x4000000000000001</Keywords>
<TimeCreated SystemTime="2022-05-06 15:24:38.470284"></TimeCreated>
<EventRecordID>894</EventRecordID>
<Correlation ActivityID="{2f2cff59-615d-0001-f809-2d2f5d61d801}" RelatedActivityID=""></Correlation>
<Execution ProcessID="3320" ThreadID="4616"></Execution>
<Channel>Microsoft-Windows-AppXDeploymentServer/Operational</Channel>
<Computer>Council-HQ</Computer>
<Security UserID="S-1-5-21-2389065719-3342106636-307857974-1001"></Security>
</System>
<EventData><Data Name="Path"> C:\Windows\SystemApps\Microsoft.Windows.OOBENetworkCaptivePortal_cw5n1h2txyewy\AppxManifest.xml</Data>
</EventData>
</Event>

<Event xmlns="http://schemas.microsoft.com/win/2004/08/events/event"><System><Provider Name="Microsoft-Windows-AppXDeployment-Server" Guid="{3f471139-acb7-4a01-b7a7-ff5da4ba2d43}"></Provider>
<EventID Qualifiers="">613</EventID>
<Version>0</Version>
<Level>4</Level>
<Task>3</Task>
<Opcode>0</Opcode>
<Keywords>0x4000000000000001</Keywords>
<TimeCreated SystemTime="2022-05-06 15:24:38.487003"></TimeCreated>
<EventRecordID>895</EventRecordID>
<Correlation ActivityID="{2f2cff59-615d-0000-e911-2d2f5d61d801}" RelatedActivityID=""></Correlation>
<Execution ProcessID="3320" ThreadID="4444"></Execution>
<Channel>Microsoft-Windows-AppXDeploymentServer/Operational</Channel>
<Computer>Council-HQ</Computer>
<Security UserID="S-1-5-21-2389065719-3342106636-307857974-1001"></Security>
</System>
<EventData><Data Name="DeploymentOperation">6</Data>
<Data Name="PackageFullName">Microsoft.Windows.OOBENetworkConnectionFlow_10.0.21302.1000_neutral__cw5n1h2txyewy</Data>
<Data Name="Summary">
Overall time: 329 ms
Enqueue cost: 16 ms
Dequeue delay: 0 ms
Bundle processing cost: 0 ms
Indexing cost: 16 ms
Resolve dependency cost: 0 ms
Check approval cost: 0 ms
Evaluation cost: 0 ms
Hardlinking evaluation cost: 0 ms
Stage required cost: 15 ms
Flushing and closing files cost: 0 ms
Machine register cost: 0 ms
Stage user data cost: 0 ms
Registration cost: 110 ms
Repository commit transaction cost: 78 ms
Gap: 62 ms
Data flush cost: 0 ms
Post DeStage repository commit transaction cost: 16 ms
Remaining cost: 16 ms
</Data>
</EventData>
</Event>

<Event xmlns="http://schemas.microsoft.com/win/2004/08/events/event"><System><Provider Name="Microsoft-Windows-AppXDeployment-Server" Guid="{3f471139-acb7-4a01-b7a7-ff5da4ba2d43}"></Provider>
<EventID Qualifiers="">821</EventID>
<Version>0</Version>
<Level>5</Level>
<Task>6</Task>
<Opcode>0</Opcode>
<Keywords>0x4000000000000001</Keywords>
<TimeCreated SystemTime="2022-05-06 15:24:38.490522"></TimeCreated>
<EventRecordID>896</EventRecordID>
<Correlation ActivityID="{2f2cff59-615d-0002-270b-2d2f5d61d801}" RelatedActivityID=""></Correlation>
<Execution ProcessID="2324" ThreadID="2940"></Execution>
<Channel>Microsoft-Windows-AppXDeploymentServer/Operational</Channel>
<Computer>Council-HQ</Computer>
<Security UserID="S-1-5-18"></Security>
</System>
<EventData><Data Name="UserSid">S-1-5-21-2389065719-3342106636-307857974-1001</Data>
<Data Name="MainPackageFullName">Microsoft.Windows.OOBENetworkConnectionFlow_10.0.21302.1000_neutral_neutral_cw5n1h2txyewy</Data>
<Data Name="ErrorCode">0x00000000</Data>
</EventData>
</Event>

<Event xmlns="http://schemas.microsoft.com/win/2004/08/events/event"><System><Provider Name="Microsoft-Windows-AppXDeployment-Server" Guid="{3f471139-acb7-4a01-b7a7-ff5da4ba2d43}"></Provider>
<EventID Qualifiers="">822</EventID>
<Version>0</Version>
<Level>5</Level>
<Task>6</Task>
<Opcode>0</Opcode>
<Keywords>0x4000000000000001</Keywords>
<TimeCreated SystemTime="2022-05-06 15:24:38.490881"></TimeCreated>
<EventRecordID>897</EventRecordID>
<Correlation ActivityID="{2f2cff59-615d-0002-270b-2d2f5d61d801}" RelatedActivityID=""></Correlation>
<Execution ProcessID="2324" ThreadID="2940"></Execution>
<Channel>Microsoft-Windows-AppXDeploymentServer/Operational</Channel>
<Computer>Council-HQ</Computer>
<Security UserID="S-1-5-18"></Security>
</System>
<EventData><Data Name="Error">0x00000000</Data>
<Data Name="PackageMoniker">Microsoft.Windows.OOBENetworkConnectionFlow_10.0.21302.1000_neutral_neutral_cw5n1h2txyewy</Data>
</EventData>
</Event>

<Event xmlns="http://schemas.microsoft.com/win/2004/08/events/event"><System><Provider Name="Microsoft-Windows-AppXDeployment-Server" Guid="{3f471139-acb7-4a01-b7a7-ff5da4ba2d43}"></Provider>
<EventID Qualifiers="">603</EventID>
<Version>0</Version>
<Level>4</Level>
<Task>3</Task>
<Opcode>0</Opcode>
<Keywords>0x4000000000000001</Keywords>
<TimeCreated SystemTime="2022-05-06 15:24:38.496048"></TimeCreated>
<EventRecordID>898</EventRecordID>
<Correlation ActivityID="{2f2cff59-615d-0000-1e12-2d2f5d61d801}" RelatedActivityID=""></Correlation>
<Execution ProcessID="3320" ThreadID="3192"></Execution>
<Channel>Microsoft-Windows-AppXDeploymentServer/Operational</Channel>
<Computer>Council-HQ</Computer>
<Security UserID="S-1-5-21-2389065719-3342106636-307857974-1001"></Security>
</System>
<EventData><Data Name="DeploymentOperation">6</Data>
<Data Name="Path">AppxManifest.xml</Data>
<Data Name="Flags">2449474112</Data>
<Data Name="FlagsHigh">262144</Data>
<Data Name="CallingProcess">svchost.exe,AppReadiness</Data>
<Data Name="ExternalLocation"></Data>
</EventData>
</Event>

<Event xmlns="http://schemas.microsoft.com/win/2004/08/events/event"><System><Provider Name="Microsoft-Windows-AppXDeployment-Server" Guid="{3f471139-acb7-4a01-b7a7-ff5da4ba2d43}"></Provider>
<EventID Qualifiers="">855</EventID>
<Version>0</Version>
<Level>4</Level>
<Task>4</Task>
<Opcode>0</Opcode>
<Keywords>0x4000000000000001</Keywords>
<TimeCreated SystemTime="2022-05-06 15:24:38.500305"></TimeCreated>
<EventRecordID>899</EventRecordID>
<Correlation ActivityID="{2f2cff59-615d-0001-f809-2d2f5d61d801}" RelatedActivityID=""></Correlation>
<Execution ProcessID="3320" ThreadID="4616"></Execution>
<Channel>Microsoft-Windows-AppXDeploymentServer/Operational</Channel>
<Computer>Council-HQ</Computer>
<Security UserID="S-1-5-21-2389065719-3342106636-307857974-1001"></Security>
</System>
<EventData><Data Name="PackageMoniker"> addPackageList: Microsoft.Windows.OOBENetworkCaptivePortal_10.0.21302.1000_neutral__cw5n1h2txyewy</Data>
</EventData>
</Event>

<Event xmlns="http://schemas.microsoft.com/win/2004/08/events/event"><System><Provider Name="Microsoft-Windows-AppXDeployment-Server" Guid="{3f471139-acb7-4a01-b7a7-ff5da4ba2d43}"></Provider>
<EventID Qualifiers="">10002</EventID>
<Version>0</Version>
<Level>5</Level>
<Task>3</Task>
<Opcode>0</Opcode>
<Keywords>0x4000000000000001</Keywords>
<TimeCreated SystemTime="2022-05-06 15:24:38.513390"></TimeCreated>
<EventRecordID>900</EventRecordID>
<Correlation ActivityID="{2f2cff59-615d-0000-1e12-2d2f5d61d801}" RelatedActivityID=""></Correlation>
<Execution ProcessID="3320" ThreadID="4444"></Execution>
<Channel>Microsoft-Windows-AppXDeploymentServer/Operational</Channel>
<Computer>Council-HQ</Computer>
<Security UserID="S-1-5-18"></Security>
</System>
<EventData><Data Name="DeploymentOperation">6</Data>
<Data Name="MainPackageMoniker">Microsoft.UI.Xaml.CBS_2.62107.16001.0_x64__8wekyb3d8bbwe</Data>
<Data Name="ResiliencyFilePath">C:\ProgramData\Microsoft\Windows\AppRepository\776abdd8-a834-44f2-abbf-76fc96dcd95c_S-1-5-21-2389065719-3342106636-307857974-1001_6.rslc</Data>
</EventData>
</Event>

<Event xmlns="http://schemas.microsoft.com/win/2004/08/events/event"><System><Provider Name="Microsoft-Windows-AppXDeployment-Server" Guid="{3f471139-acb7-4a01-b7a7-ff5da4ba2d43}"></Provider>
<EventID Qualifiers="">607</EventID>
<Version>0</Version>
<Level>4</Level>
<Task>0</Task>
<Opcode>0</Opcode>
<Keywords>0x4000000000000001</Keywords>
<TimeCreated SystemTime="2022-05-06 15:24:38.513844"></TimeCreated>
<EventRecordID>901</EventRecordID>
<Correlation ActivityID="{2f2cff59-615d-0000-1e12-2d2f5d61d801}" RelatedActivityID=""></Correlation>
<Execution ProcessID="3320" ThreadID="4444"></Execution>
<Channel>Microsoft-Windows-AppXDeploymentServer/Operational</Channel>
<Computer>Council-HQ</Computer>
<Security UserID="S-1-5-21-2389065719-3342106636-307857974-1001"></Security>
</System>
<EventData><Data Name="DeploymentOperation">6</Data>
<Data Name="PackageFullName">Microsoft.UI.Xaml.CBS_2.62107.16001.0_x64__8wekyb3d8bbwe</Data>
<Data Name="UserSid">S-1-5-21-2389065719-3342106636-307857974-1001</Data>
<Data Name="CallingProcess">svchost.exe,AppReadiness</Data>
</EventData>
</Event>

<Event xmlns="http://schemas.microsoft.com/win/2004/08/events/event"><System><Provider Name="Microsoft-Windows-AppXDeployment-Server" Guid="{3f471139-acb7-4a01-b7a7-ff5da4ba2d43}"></Provider>
<EventID Qualifiers="">854</EventID>
<Version>0</Version>
<Level>4</Level>
<Task>3</Task>
<Opcode>0</Opcode>
<Keywords>0x4000000000000001</Keywords>
<TimeCreated SystemTime="2022-05-06 15:24:38.514093"></TimeCreated>
<EventRecordID>902</EventRecordID>
<Correlation ActivityID="{2f2cff59-615d-0000-1e12-2d2f5d61d801}" RelatedActivityID=""></Correlation>
<Execution ProcessID="3320" ThreadID="4444"></Execution>
<Channel>Microsoft-Windows-AppXDeploymentServer/Operational</Channel>
<Computer>Council-HQ</Computer>
<Security UserID="S-1-5-21-2389065719-3342106636-307857974-1001"></Security>
</System>
<EventData><Data Name="Path"> C:\Windows\SystemApps\Microsoft.UI.Xaml.CBS_8wekyb3d8bbwe\AppxManifest.xml</Data>
</EventData>
</Event>

<Event xmlns="http://schemas.microsoft.com/win/2004/08/events/event"><System><Provider Name="Microsoft-Windows-AppXDeployment-Server" Guid="{3f471139-acb7-4a01-b7a7-ff5da4ba2d43}"></Provider>
<EventID Qualifiers="">10000</EventID>
<Version>0</Version>
<Level>5</Level>
<Task>4</Task>
<Opcode>0</Opcode>
<Keywords>0x4000000000000001</Keywords>
<TimeCreated SystemTime="2022-05-06 15:24:38.518827"></TimeCreated>
<EventRecordID>903</EventRecordID>
<Correlation ActivityID="{2f2cff59-615d-0001-f809-2d2f5d61d801}" RelatedActivityID=""></Correlation>
<Execution ProcessID="3320" ThreadID="4616"></Execution>
<Channel>Microsoft-Windows-AppXDeploymentServer/Operational</Channel>
<Computer>Council-HQ</Computer>
<Security UserID="S-1-5-18"></Security>
</System>
<EventData><Data Name="PackageFullName">Microsoft.Windows.OOBENetworkCaptivePortal_10.0.21302.1000_neutral__cw5n1h2txyewy</Data>
<Data Name="ErrorCode">0x00000000</Data>
</EventData>
</Event>

<Event xmlns="http://schemas.microsoft.com/win/2004/08/events/event"><System><Provider Name="Microsoft-Windows-AppXDeployment-Server" Guid="{3f471139-acb7-4a01-b7a7-ff5da4ba2d43}"></Provider>
<EventID Qualifiers="">400</EventID>
<Version>0</Version>
<Level>4</Level>
<Task>3</Task>
<Opcode>2</Opcode>
<Keywords>0x4000000000000001</Keywords>
<TimeCreated SystemTime="2022-05-06 15:24:38.597197"></TimeCreated>
<EventRecordID>904</EventRecordID>
<Correlation ActivityID="{2f2cff59-615d-0000-1e12-2d2f5d61d801}" RelatedActivityID=""></Correlation>
<Execution ProcessID="3320" ThreadID="4444"></Execution>
<Channel>Microsoft-Windows-AppXDeploymentServer/Operational</Channel>
<Computer>Council-HQ</Computer>
<Security UserID="S-1-5-21-2389065719-3342106636-307857974-1001"></Security>
</System>
<EventData><Data Name="DeploymentOperation">6</Data>
<Data Name="PackageFullName">Microsoft.UI.Xaml.CBS_2.62107.16001.0_x64__8wekyb3d8bbwe</Data>
<Data Name="Path"> (AppxManifest.xml) </Data>
<Data Name="MountPoint">C:</Data>
<Data Name="TargetPlatform">0x00000000</Data>
<Data Name="SystemVolume">True</Data>
<Data Name="StorageId">\\?\Volume{bf27b24f-9e98-4395-9110-325985ded282}</Data>
<Data Name="IsCentennial">False</Data>
<Data Name="PackageType">0x00000000</Data>
<Data Name="IsPackageEncrypted">False</Data>
<Data Name="DeploymentOptions">0x0004000092000240</Data>
<Data Name="IsStreamingPackage">False</Data>
<Data Name="IsInRelatedSet">False</Data>
<Data Name="IsPackageUsingBDC">False</Data>
<Data Name="MainPackageFamilyName">NULL</Data>
<Data Name="CallingProcess">svchost.exe,AppReadiness</Data>
<Data Name="IsOptional">False</Data>
<Data Name="PackageFlags">0x00000000</Data>
<Data Name="PackageFlags2">0x00000000</Data>
<Data Name="HasWin32alacarte">False</Data>
<Data Name="HasFullTrust">False</Data>
<Data Name="ExternalLocation"></Data>
<Data Name="PackageSourceUri"></Data>
<Data Name="PackageDisplayName"></Data>
</EventData>
</Event>

<Event xmlns="http://schemas.microsoft.com/win/2004/08/events/event"><System><Provider Name="Microsoft-Windows-AppXDeployment-Server" Guid="{3f471139-acb7-4a01-b7a7-ff5da4ba2d43}"></Provider>
<EventID Qualifiers="">10001</EventID>
<Version>0</Version>
<Level>5</Level>
<Task>4</Task>
<Opcode>0</Opcode>
<Keywords>0x4000000000000001</Keywords>
<TimeCreated SystemTime="2022-05-06 15:24:38.706564"></TimeCreated>
<EventRecordID>905</EventRecordID>
<Correlation ActivityID="{2f2cff59-615d-0001-f809-2d2f5d61d801}" RelatedActivityID=""></Correlation>
<Execution ProcessID="3320" ThreadID="4616"></Execution>
<Channel>Microsoft-Windows-AppXDeploymentServer/Operational</Channel>
<Computer>Council-HQ</Computer>
<Security UserID="S-1-5-18"></Security>
</System>
<EventData><Data Name="PackageFullName">Microsoft.Windows.OOBENetworkCaptivePortal_10.0.21302.1000_neutral__cw5n1h2txyewy</Data>
<Data Name="ErrorCode">0x00000000</Data>
</EventData>
</Event>

<Event xmlns="http://schemas.microsoft.com/win/2004/08/events/event"><System><Provider Name="Microsoft-Windows-AppXDeployment-Server" Guid="{3f471139-acb7-4a01-b7a7-ff5da4ba2d43}"></Provider>
<EventID Qualifiers="">10001</EventID>
<Version>0</Version>
<Level>5</Level>
<Task>4</Task>
<Opcode>0</Opcode>
<Keywords>0x4000000000000001</Keywords>
<TimeCreated SystemTime="2022-05-06 15:24:38.706997"></TimeCreated>
<EventRecordID>906</EventRecordID>
<Correlation ActivityID="{2f2cff59-615d-0001-f809-2d2f5d61d801}" RelatedActivityID=""></Correlation>
<Execution ProcessID="3320" ThreadID="4616"></Execution>
<Channel>Microsoft-Windows-AppXDeploymentServer/Operational</Channel>
<Computer>Council-HQ</Computer>
<Security UserID="S-1-5-18"></Security>
</System>
<EventData><Data Name="PackageFullName">Microsoft.Windows.OOBENetworkCaptivePortal_10.0.21302.1000_neutral__cw5n1h2txyewy</Data>
<Data Name="ErrorCode">0x00000000</Data>
</EventData>
</Event>

<Event xmlns="http://schemas.microsoft.com/win/2004/08/events/event"><System><Provider Name="Microsoft-Windows-AppXDeployment-Server" Guid="{3f471139-acb7-4a01-b7a7-ff5da4ba2d43}"></Provider>
<EventID Qualifiers="">10001</EventID>
<Version>0</Version>
<Level>5</Level>
<Task>4</Task>
<Opcode>0</Opcode>
<Keywords>0x4000000000000001</Keywords>
<TimeCreated SystemTime="2022-05-06 15:24:38.707054"></TimeCreated>
<EventRecordID>907</EventRecordID>
<Correlation ActivityID="{2f2cff59-615d-0001-f809-2d2f5d61d801}" RelatedActivityID=""></Correlation>
<Execution ProcessID="3320" ThreadID="4616"></Execution>
<Channel>Microsoft-Windows-AppXDeploymentServer/Operational</Channel>
<Computer>Council-HQ</Computer>
<Security UserID="S-1-5-18"></Security>
</System>
<EventData><Data Name="PackageFullName">Microsoft.Windows.OOBENetworkCaptivePortal_10.0.21302.1000_neutral__cw5n1h2txyewy</Data>
<Data Name="ErrorCode">0x00000000</Data>
</EventData>
</Event>

<Event xmlns="http://schemas.microsoft.com/win/2004/08/events/event"><System><Provider Name="Microsoft-Windows-AppXDeployment-Server" Guid="{3f471139-acb7-4a01-b7a7-ff5da4ba2d43}"></Provider>
<EventID Qualifiers="">10001</EventID>
<Version>0</Version>
<Level>5</Level>
<Task>4</Task>
<Opcode>0</Opcode>
<Keywords>0x4000000000000001</Keywords>
<TimeCreated SystemTime="2022-05-06 15:24:38.707090"></TimeCreated>
<EventRecordID>908</EventRecordID>
<Correlation ActivityID="{2f2cff59-615d-0001-f809-2d2f5d61d801}" RelatedActivityID=""></Correlation>
<Execution ProcessID="3320" ThreadID="4616"></Execution>
<Channel>Microsoft-Windows-AppXDeploymentServer/Operational</Channel>
<Computer>Council-HQ</Computer>
<Security UserID="S-1-5-18"></Security>
</System>
<EventData><Data Name="PackageFullName">Microsoft.Windows.OOBENetworkCaptivePortal_10.0.21302.1000_neutral__cw5n1h2txyewy</Data>
<Data Name="ErrorCode">0x00000000</Data>
</EventData>
</Event>

<Event xmlns="http://schemas.microsoft.com/win/2004/08/events/event"><System><Provider Name="Microsoft-Windows-AppXDeployment-Server" Guid="{3f471139-acb7-4a01-b7a7-ff5da4ba2d43}"></Provider>
<EventID Qualifiers="">613</EventID>
<Version>0</Version>
<Level>4</Level>
<Task>3</Task>
<Opcode>0</Opcode>
<Keywords>0x4000000000000001</Keywords>
<TimeCreated SystemTime="2022-05-06 15:24:38.708006"></TimeCreated>
<EventRecordID>909</EventRecordID>
<Correlation ActivityID="{2f2cff59-615d-0000-1e12-2d2f5d61d801}" RelatedActivityID=""></Correlation>
<Execution ProcessID="3320" ThreadID="4444"></Execution>
<Channel>Microsoft-Windows-AppXDeploymentServer/Operational</Channel>
<Computer>Council-HQ</Computer>
<Security UserID="S-1-5-21-2389065719-3342106636-307857974-1001"></Security>
</System>
<EventData><Data Name="DeploymentOperation">6</Data>
<Data Name="PackageFullName">Microsoft.UI.Xaml.CBS_2.62107.16001.0_x64__8wekyb3d8bbwe</Data>
<Data Name="Summary">
Overall time: 218 ms
Enqueue cost: 15 ms
Dequeue delay: 0 ms
Gap: 16 ms
Bundle processing cost: 0 ms
Indexing cost: 15 ms
Resolve dependency cost: 0 ms
Check approval cost: 0 ms
Evaluation cost: 0 ms
Hardlinking evaluation cost: 0 ms
Stage required cost: 0 ms
Flushing and closing files cost: 0 ms
Machine register cost: 0 ms
Stage user data cost: 0 ms
Registration cost: 0 ms
Repository commit transaction cost: 63 ms
Data flush cost: 47 ms
Post DeStage repository commit transaction cost: 62 ms
Remaining cost: 0 ms
</Data>
</EventData>
</Event>

<Event xmlns="http://schemas.microsoft.com/win/2004/08/events/event"><System><Provider Name="Microsoft-Windows-AppXDeployment-Server" Guid="{3f471139-acb7-4a01-b7a7-ff5da4ba2d43}"></Provider>
<EventID Qualifiers="">821</EventID>
<Version>0</Version>
<Level>5</Level>
<Task>6</Task>
<Opcode>0</Opcode>
<Keywords>0x4000000000000001</Keywords>
<TimeCreated SystemTime="2022-05-06 15:24:38.710564"></TimeCreated>
<EventRecordID>910</EventRecordID>
<Correlation ActivityID="{2f2cff59-615d-0001-090a-2d2f5d61d801}" RelatedActivityID=""></Correlation>
<Execution ProcessID="2324" ThreadID="2940"></Execution>
<Channel>Microsoft-Windows-AppXDeploymentServer/Operational</Channel>
<Computer>Council-HQ</Computer>
<Security UserID="S-1-5-18"></Security>
</System>
<EventData><Data Name="UserSid">S-1-5-21-2389065719-3342106636-307857974-1001</Data>
<Data Name="MainPackageFullName">Microsoft.UI.Xaml.CBS_2.62107.16001.0_neutral_neutral_8wekyb3d8bbwe</Data>
<Data Name="ErrorCode">0x00000000</Data>
</EventData>
</Event>

<Event xmlns="http://schemas.microsoft.com/win/2004/08/events/event"><System><Provider Name="Microsoft-Windows-AppXDeployment-Server" Guid="{3f471139-acb7-4a01-b7a7-ff5da4ba2d43}"></Provider>
<EventID Qualifiers="">822</EventID>
<Version>0</Version>
<Level>5</Level>
<Task>6</Task>
<Opcode>0</Opcode>
<Keywords>0x4000000000000001</Keywords>
<TimeCreated SystemTime="2022-05-06 15:24:38.710922"></TimeCreated>
<EventRecordID>911</EventRecordID>
<Correlation ActivityID="{2f2cff59-615d-0001-090a-2d2f5d61d801}" RelatedActivityID=""></Correlation>
<Execution ProcessID="2324" ThreadID="2940"></Execution>
<Channel>Microsoft-Windows-AppXDeploymentServer/Operational</Channel>
<Computer>Council-HQ</Computer>
<Security UserID="S-1-5-18"></Security>
</System>
<EventData><Data Name="Error">0x00000000</Data>
<Data Name="PackageMoniker">Microsoft.UI.Xaml.CBS_2.62107.16001.0_neutral_neutral_8wekyb3d8bbwe</Data>
</EventData>
</Event>

<Event xmlns="http://schemas.microsoft.com/win/2004/08/events/event"><System><Provider Name="Microsoft-Windows-AppXDeployment-Server" Guid="{3f471139-acb7-4a01-b7a7-ff5da4ba2d43}"></Provider>
<EventID Qualifiers="">603</EventID>
<Version>0</Version>
<Level>4</Level>
<Task>3</Task>
<Opcode>0</Opcode>
<Keywords>0x4000000000000001</Keywords>
<TimeCreated SystemTime="2022-05-06 15:24:38.713799"></TimeCreated>
<EventRecordID>912</EventRecordID>
<Correlation ActivityID="{2f2cff59-615d-0003-8a10-2d2f5d61d801}" RelatedActivityID=""></Correlation>
<Execution ProcessID="3320" ThreadID="3192"></Execution>
<Channel>Microsoft-Windows-AppXDeploymentServer/Operational</Channel>
<Computer>Council-HQ</Computer>
<Security UserID="S-1-5-21-2389065719-3342106636-307857974-1001"></Security>
</System>
<EventData><Data Name="DeploymentOperation">6</Data>
<Data Name="Path">AppxManifest.xml</Data>
<Data Name="Flags">2449474112</Data>
<Data Name="FlagsHigh">262144</Data>
<Data Name="CallingProcess">svchost.exe,AppReadiness</Data>
<Data Name="ExternalLocation"></Data>
</EventData>
</Event>

<Event xmlns="http://schemas.microsoft.com/win/2004/08/events/event"><System><Provider Name="Microsoft-Windows-AppXDeployment-Server" Guid="{3f471139-acb7-4a01-b7a7-ff5da4ba2d43}"></Provider>
<EventID Qualifiers="">400</EventID>
<Version>0</Version>
<Level>4</Level>
<Task>3</Task>
<Opcode>2</Opcode>
<Keywords>0x4000000000000001</Keywords>
<TimeCreated SystemTime="2022-05-06 15:24:38.717865"></TimeCreated>
<EventRecordID>913</EventRecordID>
<Correlation ActivityID="{2f2cff59-615d-0001-f809-2d2f5d61d801}" RelatedActivityID=""></Correlation>
<Execution ProcessID="3320" ThreadID="4616"></Execution>
<Channel>Microsoft-Windows-AppXDeploymentServer/Operational</Channel>
<Computer>Council-HQ</Computer>
<Security UserID="S-1-5-21-2389065719-3342106636-307857974-1001"></Security>
</System>
<EventData><Data Name="DeploymentOperation">6</Data>
<Data Name="PackageFullName">Microsoft.Windows.OOBENetworkCaptivePortal_10.0.21302.1000_neutral__cw5n1h2txyewy</Data>
<Data Name="Path"> (AppxManifest.xml) </Data>
<Data Name="MountPoint">C:</Data>
<Data Name="TargetPlatform">0x00000000</Data>
<Data Name="SystemVolume">True</Data>
<Data Name="StorageId">\\?\Volume{bf27b24f-9e98-4395-9110-325985ded282}</Data>
<Data Name="IsCentennial">False</Data>
<Data Name="PackageType">0x00000001</Data>
<Data Name="IsPackageEncrypted">False</Data>
<Data Name="DeploymentOptions">0x0004000092040240</Data>
<Data Name="IsStreamingPackage">False</Data>
<Data Name="IsInRelatedSet">False</Data>
<Data Name="IsPackageUsingBDC">False</Data>
<Data Name="MainPackageFamilyName">NULL</Data>
<Data Name="CallingProcess">svchost.exe,AppReadiness</Data>
<Data Name="IsOptional">False</Data>
<Data Name="PackageFlags">0x00000408</Data>
<Data Name="PackageFlags2">0x00000800</Data>
<Data Name="HasWin32alacarte">False</Data>
<Data Name="HasFullTrust">False</Data>
<Data Name="ExternalLocation"></Data>
<Data Name="PackageSourceUri"></Data>
<Data Name="PackageDisplayName">ms-resource:AppDisplayName</Data>
</EventData>
</Event>

<Event xmlns="http://schemas.microsoft.com/win/2004/08/events/event"><System><Provider Name="Microsoft-Windows-AppXDeployment-Server" Guid="{3f471139-acb7-4a01-b7a7-ff5da4ba2d43}"></Provider>
<EventID Qualifiers="">10002</EventID>
<Version>0</Version>
<Level>5</Level>
<Task>3</Task>
<Opcode>0</Opcode>
<Keywords>0x4000000000000001</Keywords>
<TimeCreated SystemTime="2022-05-06 15:24:38.737875"></TimeCreated>
<EventRecordID>914</EventRecordID>
<Correlation ActivityID="{2f2cff59-615d-0003-8a10-2d2f5d61d801}" RelatedActivityID=""></Correlation>
<Execution ProcessID="3320" ThreadID="4444"></Execution>
<Channel>Microsoft-Windows-AppXDeploymentServer/Operational</Channel>
<Computer>Council-HQ</Computer>
<Security UserID="S-1-5-18"></Security>
</System>
<EventData><Data Name="DeploymentOperation">6</Data>
<Data Name="MainPackageMoniker">MicrosoftWindows.Client.CBS_1000.22000.652.0_x64__cw5n1h2txyewy</Data>
<Data Name="ResiliencyFilePath">C:\ProgramData\Microsoft\Windows\AppRepository\776abdd8-a834-44f2-abbf-76fc96dcd95c_S-1-5-21-2389065719-3342106636-307857974-1001_7.rslc</Data>
</EventData>
</Event>

<Event xmlns="http://schemas.microsoft.com/win/2004/08/events/event"><System><Provider Name="Microsoft-Windows-AppXDeployment-Server" Guid="{3f471139-acb7-4a01-b7a7-ff5da4ba2d43}"></Provider>
<EventID Qualifiers="">607</EventID>
<Version>0</Version>
<Level>4</Level>
<Task>0</Task>
<Opcode>0</Opcode>
<Keywords>0x4000000000000001</Keywords>
<TimeCreated SystemTime="2022-05-06 15:24:38.738333"></TimeCreated>
<EventRecordID>915</EventRecordID>
<Correlation ActivityID="{2f2cff59-615d-0003-8a10-2d2f5d61d801}" RelatedActivityID=""></Correlation>
<Execution ProcessID="3320" ThreadID="4444"></Execution>
<Channel>Microsoft-Windows-AppXDeploymentServer/Operational</Channel>
<Computer>Council-HQ</Computer>
<Security UserID="S-1-5-21-2389065719-3342106636-307857974-1001"></Security>
</System>
<EventData><Data Name="DeploymentOperation">6</Data>
<Data Name="PackageFullName">MicrosoftWindows.Client.CBS_1000.22000.652.0_x64__cw5n1h2txyewy</Data>
<Data Name="UserSid">S-1-5-21-2389065719-3342106636-307857974-1001</Data>
<Data Name="CallingProcess">svchost.exe,AppReadiness</Data>
</EventData>
</Event>

<Event xmlns="http://schemas.microsoft.com/win/2004/08/events/event"><System><Provider Name="Microsoft-Windows-AppXDeployment-Server" Guid="{3f471139-acb7-4a01-b7a7-ff5da4ba2d43}"></Provider>
<EventID Qualifiers="">854</EventID>
<Version>0</Version>
<Level>4</Level>
<Task>3</Task>
<Opcode>0</Opcode>
<Keywords>0x4000000000000001</Keywords>
<TimeCreated SystemTime="2022-05-06 15:24:38.738602"></TimeCreated>
<EventRecordID>916</EventRecordID>
<Correlation ActivityID="{2f2cff59-615d-0003-8a10-2d2f5d61d801}" RelatedActivityID=""></Correlation>
<Execution ProcessID="3320" ThreadID="4444"></Execution>
<Channel>Microsoft-Windows-AppXDeploymentServer/Operational</Channel>
<Computer>Council-HQ</Computer>
<Security UserID="S-1-5-21-2389065719-3342106636-307857974-1001"></Security>
</System>
<EventData><Data Name="Path"> C:\Windows\SystemApps\MicrosoftWindows.Client.CBS_cw5n1h2txyewy\AppxManifest.xml</Data>
</EventData>
</Event>

<Event xmlns="http://schemas.microsoft.com/win/2004/08/events/event"><System><Provider Name="Microsoft-Windows-AppXDeployment-Server" Guid="{3f471139-acb7-4a01-b7a7-ff5da4ba2d43}"></Provider>
<EventID Qualifiers="">613</EventID>
<Version>0</Version>
<Level>4</Level>
<Task>3</Task>
<Opcode>0</Opcode>
<Keywords>0x4000000000000001</Keywords>
<TimeCreated SystemTime="2022-05-06 15:24:38.746620"></TimeCreated>
<EventRecordID>917</EventRecordID>
<Correlation ActivityID="{2f2cff59-615d-0001-f809-2d2f5d61d801}" RelatedActivityID=""></Correlation>
<Execution ProcessID="3320" ThreadID="4616"></Execution>
<Channel>Microsoft-Windows-AppXDeploymentServer/Operational</Channel>
<Computer>Council-HQ</Computer>
<Security UserID="S-1-5-21-2389065719-3342106636-307857974-1001"></Security>
</System>
<EventData><Data Name="DeploymentOperation">6</Data>
<Data Name="PackageFullName">Microsoft.Windows.OOBENetworkCaptivePortal_10.0.21302.1000_neutral__cw5n1h2txyewy</Data>
<Data Name="Summary">
Overall time: 297 ms
Enqueue cost: 15 ms
Dequeue delay: 16 ms
Bundle processing cost: 0 ms
Indexing cost: 16 ms
Resolve dependency cost: 0 ms
Check approval cost: 0 ms
Evaluation cost: 0 ms
Hardlinking evaluation cost: 0 ms
Stage required cost: 15 ms
Flushing and closing files cost: 0 ms
Machine register cost: 0 ms
Stage user data cost: 0 ms
Gap: 16 ms
Registration cost: 109 ms
Gap: 16 ms
Repository commit transaction cost: 62 ms
Data flush cost: 0 ms
Post DeStage repository commit transaction cost: 32 ms
Remaining cost: 0 ms
</Data>
</EventData>
</Event>

<Event xmlns="http://schemas.microsoft.com/win/2004/08/events/event"><System><Provider Name="Microsoft-Windows-AppXDeployment-Server" Guid="{3f471139-acb7-4a01-b7a7-ff5da4ba2d43}"></Provider>
<EventID Qualifiers="">821</EventID>
<Version>0</Version>
<Level>5</Level>
<Task>6</Task>
<Opcode>0</Opcode>
<Keywords>0x4000000000000001</Keywords>
<TimeCreated SystemTime="2022-05-06 15:24:38.751520"></TimeCreated>
<EventRecordID>918</EventRecordID>
<Correlation ActivityID="{2f2cff59-615d-0002-320b-2d2f5d61d801}" RelatedActivityID=""></Correlation>
<Execution ProcessID="2324" ThreadID="1660"></Execution>
<Channel>Microsoft-Windows-AppXDeploymentServer/Operational</Channel>
<Computer>Council-HQ</Computer>
<Security UserID="S-1-5-18"></Security>
</System>
<EventData><Data Name="UserSid">S-1-5-21-2389065719-3342106636-307857974-1001</Data>
<Data Name="MainPackageFullName">Microsoft.Windows.OOBENetworkCaptivePortal_10.0.21302.1000_neutral_neutral_cw5n1h2txyewy</Data>
<Data Name="ErrorCode">0x00000000</Data>
</EventData>
</Event>

<Event xmlns="http://schemas.microsoft.com/win/2004/08/events/event"><System><Provider Name="Microsoft-Windows-AppXDeployment-Server" Guid="{3f471139-acb7-4a01-b7a7-ff5da4ba2d43}"></Provider>
<EventID Qualifiers="">822</EventID>
<Version>0</Version>
<Level>5</Level>
<Task>6</Task>
<Opcode>0</Opcode>
<Keywords>0x4000000000000001</Keywords>
<TimeCreated SystemTime="2022-05-06 15:24:38.751989"></TimeCreated>
<EventRecordID>919</EventRecordID>
<Correlation ActivityID="{2f2cff59-615d-0002-320b-2d2f5d61d801}" RelatedActivityID=""></Correlation>
<Execution ProcessID="2324" ThreadID="1660"></Execution>
<Channel>Microsoft-Windows-AppXDeploymentServer/Operational</Channel>
<Computer>Council-HQ</Computer>
<Security UserID="S-1-5-18"></Security>
</System>
<EventData><Data Name="Error">0x00000000</Data>
<Data Name="PackageMoniker">Microsoft.Windows.OOBENetworkCaptivePortal_10.0.21302.1000_neutral_neutral_cw5n1h2txyewy</Data>
</EventData>
</Event>

<Event xmlns="http://schemas.microsoft.com/win/2004/08/events/event"><System><Provider Name="Microsoft-Windows-AppXDeployment-Server" Guid="{3f471139-acb7-4a01-b7a7-ff5da4ba2d43}"></Provider>
<EventID Qualifiers="">855</EventID>
<Version>0</Version>
<Level>4</Level>
<Task>4</Task>
<Opcode>0</Opcode>
<Keywords>0x4000000000000001</Keywords>
<TimeCreated SystemTime="2022-05-06 15:24:38.765123"></TimeCreated>
<EventRecordID>920</EventRecordID>
<Correlation ActivityID="{2f2cff59-615d-0003-8a10-2d2f5d61d801}" RelatedActivityID=""></Correlation>
<Execution ProcessID="3320" ThreadID="4444"></Execution>
<Channel>Microsoft-Windows-AppXDeploymentServer/Operational</Channel>
<Computer>Council-HQ</Computer>
<Security UserID="S-1-5-21-2389065719-3342106636-307857974-1001"></Security>
</System>
<EventData><Data Name="PackageMoniker"> addPackageList: MicrosoftWindows.Client.CBS_1000.22000.652.0_x64__cw5n1h2txyewy</Data>
</EventData>
</Event>

<Event xmlns="http://schemas.microsoft.com/win/2004/08/events/event"><System><Provider Name="Microsoft-Windows-AppXDeployment-Server" Guid="{3f471139-acb7-4a01-b7a7-ff5da4ba2d43}"></Provider>
<EventID Qualifiers="">10000</EventID>
<Version>0</Version>
<Level>5</Level>
<Task>4</Task>
<Opcode>0</Opcode>
<Keywords>0x4000000000000001</Keywords>
<TimeCreated SystemTime="2022-05-06 15:24:38.783152"></TimeCreated>
<EventRecordID>921</EventRecordID>
<Correlation ActivityID="{2f2cff59-615d-0003-8a10-2d2f5d61d801}" RelatedActivityID=""></Correlation>
<Execution ProcessID="3320" ThreadID="4444"></Execution>
<Channel>Microsoft-Windows-AppXDeploymentServer/Operational</Channel>
<Computer>Council-HQ</Computer>
<Security UserID="S-1-5-18"></Security>
</System>
<EventData><Data Name="PackageFullName">MicrosoftWindows.Client.CBS_1000.22000.652.0_x64__cw5n1h2txyewy</Data>
<Data Name="ErrorCode">0x00000000</Data>
</EventData>
</Event>

<Event xmlns="http://schemas.microsoft.com/win/2004/08/events/event"><System><Provider Name="Microsoft-Windows-AppXDeployment-Server" Guid="{3f471139-acb7-4a01-b7a7-ff5da4ba2d43}"></Provider>
<EventID Qualifiers="">10001</EventID>
<Version>0</Version>
<Level>5</Level>
<Task>4</Task>
<Opcode>0</Opcode>
<Keywords>0x4000000000000001</Keywords>
<TimeCreated SystemTime="2022-05-06 15:24:40.020033"></TimeCreated>
<EventRecordID>922</EventRecordID>
<Correlation ActivityID="{2f2cff59-615d-0003-8a10-2d2f5d61d801}" RelatedActivityID=""></Correlation>
<Execution ProcessID="3320" ThreadID="4444"></Execution>
<Channel>Microsoft-Windows-AppXDeploymentServer/Operational</Channel>
<Computer>Council-HQ</Computer>
<Security UserID="S-1-5-18"></Security>
</System>
<EventData><Data Name="PackageFullName">MicrosoftWindows.Client.CBS_1000.22000.652.0_x64__cw5n1h2txyewy</Data>
<Data Name="ErrorCode">0x00000000</Data>
</EventData>
</Event>

<Event xmlns="http://schemas.microsoft.com/win/2004/08/events/event"><System><Provider Name="Microsoft-Windows-AppXDeployment-Server" Guid="{3f471139-acb7-4a01-b7a7-ff5da4ba2d43}"></Provider>
<EventID Qualifiers="">10001</EventID>
<Version>0</Version>
<Level>5</Level>
<Task>4</Task>
<Opcode>0</Opcode>
<Keywords>0x4000000000000001</Keywords>
<TimeCreated SystemTime="2022-05-06 15:24:40.020409"></TimeCreated>
<EventRecordID>923</EventRecordID>
<Correlation ActivityID="{2f2cff59-615d-0003-8a10-2d2f5d61d801}" RelatedActivityID=""></Correlation>
<Execution ProcessID="3320" ThreadID="4444"></Execution>
<Channel>Microsoft-Windows-AppXDeploymentServer/Operational</Channel>
<Computer>Council-HQ</Computer>
<Security UserID="S-1-5-18"></Security>
</System>
<EventData><Data Name="PackageFullName">MicrosoftWindows.Client.CBS_1000.22000.652.0_x64__cw5n1h2txyewy</Data>
<Data Name="ErrorCode">0x00000000</Data>
</EventData>
</Event>

<Event xmlns="http://schemas.microsoft.com/win/2004/08/events/event"><System><Provider Name="Microsoft-Windows-AppXDeployment-Server" Guid="{3f471139-acb7-4a01-b7a7-ff5da4ba2d43}"></Provider>
<EventID Qualifiers="">10001</EventID>
<Version>0</Version>
<Level>5</Level>
<Task>4</Task>
<Opcode>0</Opcode>
<Keywords>0x4000000000000001</Keywords>
<TimeCreated SystemTime="2022-05-06 15:24:40.020458"></TimeCreated>
<EventRecordID>924</EventRecordID>
<Correlation ActivityID="{2f2cff59-615d-0003-8a10-2d2f5d61d801}" RelatedActivityID=""></Correlation>
<Execution ProcessID="3320" ThreadID="4444"></Execution>
<Channel>Microsoft-Windows-AppXDeploymentServer/Operational</Channel>
<Computer>Council-HQ</Computer>
<Security UserID="S-1-5-18"></Security>
</System>
<EventData><Data Name="PackageFullName">MicrosoftWindows.Client.CBS_1000.22000.652.0_x64__cw5n1h2txyewy</Data>
<Data Name="ErrorCode">0x00000000</Data>
</EventData>
</Event>

<Event xmlns="http://schemas.microsoft.com/win/2004/08/events/event"><System><Provider Name="Microsoft-Windows-AppXDeployment-Server" Guid="{3f471139-acb7-4a01-b7a7-ff5da4ba2d43}"></Provider>
<EventID Qualifiers="">10001</EventID>
<Version>0</Version>
<Level>5</Level>
<Task>4</Task>
<Opcode>0</Opcode>
<Keywords>0x4000000000000001</Keywords>
<TimeCreated SystemTime="2022-05-06 15:24:40.020485"></TimeCreated>
<EventRecordID>925</EventRecordID>
<Correlation ActivityID="{2f2cff59-615d-0003-8a10-2d2f5d61d801}" RelatedActivityID=""></Correlation>
<Execution ProcessID="3320" ThreadID="4444"></Execution>
<Channel>Microsoft-Windows-AppXDeploymentServer/Operational</Channel>
<Computer>Council-HQ</Computer>
<Security UserID="S-1-5-18"></Security>
</System>
<EventData><Data Name="PackageFullName">MicrosoftWindows.Client.CBS_1000.22000.652.0_x64__cw5n1h2txyewy</Data>
<Data Name="ErrorCode">0x00000000</Data>
</EventData>
</Event>

<Event xmlns="http://schemas.microsoft.com/win/2004/08/events/event"><System><Provider Name="Microsoft-Windows-AppXDeployment-Server" Guid="{3f471139-acb7-4a01-b7a7-ff5da4ba2d43}"></Provider>
<EventID Qualifiers="">400</EventID>
<Version>0</Version>
<Level>4</Level>
<Task>3</Task>
<Opcode>2</Opcode>
<Keywords>0x4000000000000001</Keywords>
<TimeCreated SystemTime="2022-05-06 15:24:40.037859"></TimeCreated>
<EventRecordID>926</EventRecordID>
<Correlation ActivityID="{2f2cff59-615d-0003-8a10-2d2f5d61d801}" RelatedActivityID=""></Correlation>
<Execution ProcessID="3320" ThreadID="4444"></Execution>
<Channel>Microsoft-Windows-AppXDeploymentServer/Operational</Channel>
<Computer>Council-HQ</Computer>
<Security UserID="S-1-5-21-2389065719-3342106636-307857974-1001"></Security>
</System>
<EventData><Data Name="DeploymentOperation">6</Data>
<Data Name="PackageFullName">MicrosoftWindows.Client.CBS_1000.22000.652.0_x64__cw5n1h2txyewy</Data>
<Data Name="Path"> (AppxManifest.xml) </Data>
<Data Name="MountPoint">C:</Data>
<Data Name="TargetPlatform">0x00000003</Data>
<Data Name="SystemVolume">True</Data>
<Data Name="StorageId">\\?\Volume{bf27b24f-9e98-4395-9110-325985ded282}</Data>
<Data Name="IsCentennial">False</Data>
<Data Name="PackageType">0x00000001</Data>
<Data Name="IsPackageEncrypted">False</Data>
<Data Name="DeploymentOptions">0x0004000092040240</Data>
<Data Name="IsStreamingPackage">False</Data>
<Data Name="IsInRelatedSet">False</Data>
<Data Name="IsPackageUsingBDC">False</Data>
<Data Name="MainPackageFamilyName">NULL</Data>
<Data Name="CallingProcess">svchost.exe,AppReadiness</Data>
<Data Name="IsOptional">False</Data>
<Data Name="PackageFlags">0x00080408</Data>
<Data Name="PackageFlags2">0x00000800</Data>
<Data Name="HasWin32alacarte">False</Data>
<Data Name="HasFullTrust">False</Data>
<Data Name="ExternalLocation"></Data>
<Data Name="PackageSourceUri"></Data>
<Data Name="PackageDisplayName">ms-resource:ProductPkgDisplayName</Data>
</EventData>
</Event>

<Event xmlns="http://schemas.microsoft.com/win/2004/08/events/event"><System><Provider Name="Microsoft-Windows-AppXDeployment-Server" Guid="{3f471139-acb7-4a01-b7a7-ff5da4ba2d43}"></Provider>
<EventID Qualifiers="">613</EventID>
<Version>0</Version>
<Level>4</Level>
<Task>3</Task>
<Opcode>0</Opcode>
<Keywords>0x4000000000000001</Keywords>
<TimeCreated SystemTime="2022-05-06 15:24:40.066950"></TimeCreated>
<EventRecordID>927</EventRecordID>
<Correlation ActivityID="{2f2cff59-615d-0003-8a10-2d2f5d61d801}" RelatedActivityID=""></Correlation>
<Execution ProcessID="3320" ThreadID="4444"></Execution>
<Channel>Microsoft-Windows-AppXDeploymentServer/Operational</Channel>
<Computer>Council-HQ</Computer>
<Security UserID="S-1-5-21-2389065719-3342106636-307857974-1001"></Security>
</System>
<EventData><Data Name="DeploymentOperation">6</Data>
<Data Name="PackageFullName">MicrosoftWindows.Client.CBS_1000.22000.652.0_x64__cw5n1h2txyewy</Data>
<Data Name="Summary">
Overall time: 1360 ms
Enqueue cost: 16 ms
Dequeue delay: 16 ms
Bundle processing cost: 0 ms
Indexing cost: 15 ms
Resolve dependency cost: 0 ms
Check approval cost: 0 ms
Evaluation cost: 0 ms
Hardlinking evaluation cost: 0 ms
Stage required cost: 16 ms
Flushing and closing files cost: 0 ms
Machine register cost: 0 ms
Stage user data cost: 0 ms
Gap: 15 ms
Registration cost: 1157 ms
Repository commit transaction cost: 78 ms
Gap: 15 ms
Data flush cost: 0 ms
Post DeStage repository commit transaction cost: 32 ms
Remaining cost: 0 ms
</Data>
</EventData>
</Event>

<Event xmlns="http://schemas.microsoft.com/win/2004/08/events/event"><System><Provider Name="Microsoft-Windows-AppXDeployment-Server" Guid="{3f471139-acb7-4a01-b7a7-ff5da4ba2d43}"></Provider>
<EventID Qualifiers="">821</EventID>
<Version>0</Version>
<Level>5</Level>
<Task>6</Task>
<Opcode>0</Opcode>
<Keywords>0x4000000000000001</Keywords>
<TimeCreated SystemTime="2022-05-06 15:24:40.072458"></TimeCreated>
<EventRecordID>928</EventRecordID>
<Correlation ActivityID="{2f2cff59-615d-0001-b80a-2d2f5d61d801}" RelatedActivityID=""></Correlation>
<Execution ProcessID="2324" ThreadID="2940"></Execution>
<Channel>Microsoft-Windows-AppXDeploymentServer/Operational</Channel>
<Computer>Council-HQ</Computer>
<Security UserID="S-1-5-18"></Security>
</System>
<EventData><Data Name="UserSid">S-1-5-21-2389065719-3342106636-307857974-1001</Data>
<Data Name="MainPackageFullName">MicrosoftWindows.Client.CBS_1000.22000.652.0_neutral_neutral_cw5n1h2txyewy</Data>
<Data Name="ErrorCode">0x00000000</Data>
</EventData>
</Event>

<Event xmlns="http://schemas.microsoft.com/win/2004/08/events/event"><System><Provider Name="Microsoft-Windows-AppXDeployment-Server" Guid="{3f471139-acb7-4a01-b7a7-ff5da4ba2d43}"></Provider>
<EventID Qualifiers="">822</EventID>
<Version>0</Version>
<Level>5</Level>
<Task>6</Task>
<Opcode>0</Opcode>
<Keywords>0x4000000000000001</Keywords>
<TimeCreated SystemTime="2022-05-06 15:24:40.072813"></TimeCreated>
<EventRecordID>929</EventRecordID>
<Correlation ActivityID="{2f2cff59-615d-0001-b80a-2d2f5d61d801}" RelatedActivityID=""></Correlation>
<Execution ProcessID="2324" ThreadID="2940"></Execution>
<Channel>Microsoft-Windows-AppXDeploymentServer/Operational</Channel>
<Computer>Council-HQ</Computer>
<Security UserID="S-1-5-18"></Security>
</System>
<EventData><Data Name="Error">0x00000000</Data>
<Data Name="PackageMoniker">MicrosoftWindows.Client.CBS_1000.22000.652.0_neutral_neutral_cw5n1h2txyewy</Data>
</EventData>
</Event>

<Event xmlns="http://schemas.microsoft.com/win/2004/08/events/event"><System><Provider Name="Microsoft-Windows-AppXDeployment-Server" Guid="{3f471139-acb7-4a01-b7a7-ff5da4ba2d43}"></Provider>
<EventID Qualifiers="">603</EventID>
<Version>0</Version>
<Level>4</Level>
<Task>3</Task>
<Opcode>0</Opcode>
<Keywords>0x4000000000000001</Keywords>
<TimeCreated SystemTime="2022-05-06 15:24:40.100031"></TimeCreated>
<EventRecordID>930</EventRecordID>
<Correlation ActivityID="{2f2cff59-615d-0002-a70b-2d2f5d61d801}" RelatedActivityID=""></Correlation>
<Execution ProcessID="3320" ThreadID="4696"></Execution>
<Channel>Microsoft-Windows-AppXDeploymentServer/Operational</Channel>
<Computer>Council-HQ</Computer>
<Security UserID="S-1-5-21-2389065719-3342106636-307857974-1001"></Security>
</System>
<EventData><Data Name="DeploymentOperation">22</Data>
<Data Name="Path"></Data>
<Data Name="Flags">0</Data>
<Data Name="FlagsHigh">0</Data>
<Data Name="CallingProcess">svchost.exe,AppReadiness</Data>
<Data Name="ExternalLocation"></Data>
</EventData>
</Event>

<Event xmlns="http://schemas.microsoft.com/win/2004/08/events/event"><System><Provider Name="Microsoft-Windows-AppXDeployment-Server" Guid="{3f471139-acb7-4a01-b7a7-ff5da4ba2d43}"></Provider>
<EventID Qualifiers="">603</EventID>
<Version>0</Version>
<Level>4</Level>
<Task>3</Task>
<Opcode>0</Opcode>
<Keywords>0x4000000000000001</Keywords>
<TimeCreated SystemTime="2022-05-06 15:24:40.103210"></TimeCreated>
<EventRecordID>931</EventRecordID>
<Correlation ActivityID="{2f2cff59-615d-0002-ac0b-2d2f5d61d801}" RelatedActivityID=""></Correlation>
<Execution ProcessID="3320" ThreadID="3424"></Execution>
<Channel>Microsoft-Windows-AppXDeploymentServer/Operational</Channel>
<Computer>Council-HQ</Computer>
<Security UserID="S-1-5-21-2389065719-3342106636-307857974-1001"></Security>
</System>
<EventData><Data Name="DeploymentOperation">6</Data>
<Data Name="Path">AppxManifest.xml</Data>
<Data Name="Flags">2449474112</Data>
<Data Name="FlagsHigh">262144</Data>
<Data Name="CallingProcess">svchost.exe,AppReadiness</Data>
<Data Name="ExternalLocation"></Data>
</EventData>
</Event>

