<Event xmlns="http://schemas.microsoft.com/win/2004/08/events/event"><System><Provider Name="Microsoft-Windows-AppXDeployment-Server" Guid="{3f471139-acb7-4a01-b7a7-ff5da4ba2d43}"></Provider>
<EventID Qualifiers="">614</EventID>
<Version>0</Version>
<Level>5</Level>
<Task>3</Task>
<Opcode>0</Opcode>
<Keywords>0x4000000000000001</Keywords>
<TimeCreated SystemTime="2022-05-07 01:20:05.734426"></TimeCreated>
<EventRecordID>265</EventRecordID>
<Correlation ActivityID="{824d2842-61b0-0001-3b2c-4d82b061d801}" RelatedActivityID=""></Correlation>
<Execution ProcessID="3236" ThreadID="4736"></Execution>
<Channel>Microsoft-Windows-AppXDeploymentServer/Operational</Channel>
<Computer>WIN-GE1PLB8KFNS</Computer>
<Security UserID="S-1-5-18"></Security>
</System>
<EventData><Data Name="PathOne">C:\Program Files\WindowsApps\microsoft.paint_11.2203.2.0_neutral_~_8wekyb3d8bbwe\AppxMetadata\AppxBundleManifest.xml</Data>
<Data Name="PathTwo">"Paint_11.2203.2.0_ARM64.msix": Microsoft.Paint_11.2203.2.0_arm64__8wekyb3d8bbwe "Paint_11.2203.2.0_x64.msix": Microsoft.Paint_11.2203.2.0_x64__8wekyb3d8bbwe "Paint_11.2203.2.0_language-af.msix": Microsoft.Paint_11.2203.2.0_neutral_split.language-af_8wekyb3d8bbwe "Paint_11.2203.2.0_language-am.msix": Microsoft.Paint_11.2203.2.0_neutral_split.language-am_8wekyb3d8bbwe "Paint_11.2203.2.0_language-az-latn.msix": Microsoft.Paint_11.2203.2.0_neutral_split.language-az-latn_8wekyb3d8bbwe "Paint_11.2203.2.0_language-ar.msix": Microsoft.Paint_11.2203.2.0_neutral_split.language-ar_8wekyb3d8bbwe "Paint_11.2203.2.0_language-as.msix": Microsoft.Paint_11.2203.2.0_neutral_split.language-as_8wekyb3d8bbwe "Paint_11.2203.2.0_language-bg.msix": Microsoft.Paint_11.2203.2.0_neutral_split.language-bg_8wekyb3d8bbwe "Paint_11.2203.2.0_language-bs.msix": Microsoft.Paint_11.2203.2.0_neutral_split.language-bs_8wekyb3d8bbwe "Paint_11.2203.2.0_language-bn.msix": Microsoft.Paint_11.2203.2.0_neutral_split.language-bn_8wekyb3d8bbwe "Paint_11.2203.2.0_language-cy.msix": Microsoft.Paint_11.2203.2.0_neutral_split.language-cy_8wekyb3d8bbwe "Paint_11.2203.2.0_language-cs.msix": Microsoft.Paint_11.2203.2.0_neutral_split.language-cs_8wekyb3d8bbwe "Paint_11.2203.2.0_language-de.msix": Microsoft.Paint_11.2203.2.0_neutral_split.language-de_8wekyb3d8bbwe "Paint_11.2203.2.0_language-el.msix": Microsoft.Paint_11.2203.2.0_neutral_split.language-el_8wekyb3d8bbwe "Paint_11.2203.2.0_language-et.msix": Microsoft.Paint_11.2203.2.0_neutral_split.language-et_8wekyb3d8bbwe "Paint_11.2203.2.0_language-ca.msix": Microsoft.Paint_11.2203.2.0_neutral_split.language-ca_8wekyb3d8bbwe "Paint_11.2203.2.0_language-fa.msix": Microsoft.Paint_11.2203.2.0_neutral_split.language-fa_8wekyb3d8bbwe "Paint_11.2203.2.0_language-da.msix": Microsoft.Paint_11.2203.2.0_neutral_split.language-da_8wekyb3d8bbwe "Paint_11.2203.2.0_language-fi.msix": Microsoft.Paint_11.2203.2.0_neutral_split.language-fi_8wekyb3d8bbwe "Paint_11.2203.2.0_language-fr.msix": Microsoft.Paint_11.2203.2.0_neutral_split.language-fr_8wekyb3d8bbwe "Paint_11.2203.2.0_language-fil-latn.msix": Microsoft.Paint_11.2203.2.0_neutral_split.language-fil-latn_8wekyb3d8bbwe "Paint_11.2203.2.0_language-es.msix": Microsoft.Paint_11.2203.2.0_neutral_split.language-es_8wekyb3d8bbwe "Paint_11.2203.2.0_language-he.msix": Microsoft.Paint_11.2203.2.0_neutral_split.language-he_8wekyb3d8bbwe "Paint_11.2203.2.0_language-gu.msix": Microsoft.Paint_11.2203.2.0_neutral_split.language-gu_8wekyb3d8bbwe "Paint_11.2203.2.0_language-ga.msix": Microsoft.Paint_11.2203.2.0_neutral_split.language-ga_8wekyb3d8bbwe "Paint_11.2203.2.0_language-gl.msix": Microsoft.Paint_11.2203.2.0_neutral_split.language-gl_8wekyb3d8bbwe "Paint_11.2203.2.0_language-hi.msix": Microsoft.Paint_11.2203.2.0_neutral_split.language-hi_8wekyb3d8bbwe "Paint_11.2203.2.0_language-hu.msix": Microsoft.Paint_11.2203.2.0_neutral_split.language-hu_8wekyb3d8bbwe "Paint_11.2203.2.0_language-hr.msix": Microsoft.Paint_11.2203.2.0_neutral_split.language-hr_8wekyb3d8bbwe "Paint_11.2203.2.0_language-ja.msix": Microsoft.Paint_11.2203.2.0_neutral_split.language-ja_8wekyb3d8bbwe "Paint_11.2203.2.0_language-it.msix": Microsoft.Paint_11.2203.2.0_neutral_split.language-it_8wekyb3d8bbwe "Paint_11.2203.2.0_language-hy.msix": Microsoft.Paint_11.2203.2.0_neutral_split.language-hy_8wekyb3d8bbwe "Paint_11.2203.2.0_language-is.msix": Microsoft.Paint_11.2203.2.0_neutral_split.language-is_8wekyb3d8bbwe "Paint_11.2203.2.0_language-ka.msix": Microsoft.Paint_11.2203.2.0_neutral_split.language-ka_8wekyb3d8bbwe "Paint_11.2203.2.0_language-kk.msix": Microsoft.Paint_11.2203.2.0_neutral_split.language-kk_8wekyb3d8bbwe "Paint_11.2203.2.0_language-eu.msix": Microsoft.Paint_11.2203.2.0_neutral_split.language-eu_8wekyb3d8bbwe "Paint_11.2203.2.0_language-ko.msix": Microsoft.Paint_11.2203.2.0_neutral_split.language-ko_8wekyb3d8bbwe "Paint_11.2203.2.0_language-km.msix": Microsoft.Paint_11.2203.2.0_neutral_split.language-km_8wekyb3d8bbwe "Paint_11.2203.2.0_language-lt.msix": Microsoft.Paint_11.2203.2.0_neutral_split.language-lt_8wekyb3d8bbwe "Paint_11.2203.2.0_language-kn.msix": Microsoft.Paint_11.2203.2.0_neutral_split.language-kn_8wekyb3d8bbwe "Paint_11.2203.2.0_language-kok.msix": Microsoft.Paint_11.2203.2.0_neutral_split.language-kok_8wekyb3d8bbwe "Paint_11.2203.2.0_language-lo.msix": Microsoft.Paint_11.2203.2.0_neutral_split.language-lo_8wekyb3d8bbwe "Paint_11.2203.2.0_language-lb.msix": Microsoft.Paint_11.2203.2.0_neutral_split.language-lb_8wekyb3d8bbwe "Paint_11.2203.2.0_language-ms.msix": Microsoft.Paint_11.2203.2.0_neutral_split.language-ms_8wekyb3d8bbwe "Paint_11.2203.2.0_language-mr.msix": Microsoft.Paint_11.2203.2.0_neutral_split.language-mr_8wekyb3d8bbwe "Paint_11.2203.2.0_language-mk.msix": Microsoft.Paint_11.2203.2.0_neutral_split.language-mk_8wekyb3d8bbwe "Paint_11.2203.2.0_language-id.msix": Microsoft.Paint_11.2203.2.0_neutral_split.language-id_8wekyb3d8bbwe "Paint_11.2203.2.0_language-mi-latn.msix": Microsoft.Paint_11.2203.2.0_neutral_split.language-mi-latn_8wekyb3d8bbwe "Paint_11.2203.2.0_language-mt.msix": Microsoft.Paint_11.2203.2.0_neutral_split.language-mt_8wekyb3d8bbwe "Paint_11.2203.2.0_language-nb.msix": Microsoft.Paint_11.2203.2.0_neutral_split.language-nb_8wekyb3d8bbwe "Paint_11.2203.2.0_language-ne.msix": Microsoft.Paint_11.2203.2.0_neutral_split.language-ne_8wekyb3d8bbwe "Paint_11.2203.2.0_language-nl.msix": Microsoft.Paint_11.2203.2.0_neutral_split.language-nl_8wekyb3d8bbwe "Paint_11.2203.2.0_language-pa.msix": Microsoft.Paint_11.2203.2.0_neutral_split.language-pa_8wekyb3d8bbwe "Paint_11.2203.2.0_language-nn.msix": Microsoft.Paint_11.2203.2.0_neutral_split.language-nn_8wekyb3d8bbwe "Paint_11.2203.2.0_language-lv.msix": Microsoft.Paint_11.2203.2.0_neutral_split.language-lv_8wekyb3d8bbwe "Paint_11.2203.2.0_language-pl.msix": Microsoft.Paint_11.2203.2.0_neutral_split.language-pl_8wekyb3d8bbwe "Paint_11.2203.2.0_language-ml.msix": Microsoft.Paint_11.2203.2.0_neutral_split.language-ml_8wekyb3d8bbwe "Paint_11.2203.2.0_language-pt.msix": Microsoft.Paint_11.2203.2.0_neutral_split.language-pt_8wekyb3d8bbwe "Paint_11.2203.2.0_language-gd-latn.msix": Microsoft.Paint_11.2203.2.0_neutral_split.language-gd-latn_8wekyb3d8bbwe "Paint_11.2203.2.0_language-ru.msix": Microsoft.Paint_11.2203.2.0_neutral_split.language-ru_8wekyb3d8bbwe "Paint_11.2203.2.0_language-quz-latn.msix": Microsoft.Paint_11.2203.2.0_neutral_split.language-quz-latn_8wekyb3d8bbwe "Paint_11.2203.2.0_language-ro.msix": Microsoft.Paint_11.2203.2.0_neutral_split.language-ro_8wekyb3d8bbwe "Paint_11.2203.2.0_language-or.msix": Microsoft.Paint_11.2203.2.0_neutral_split.language-or_8wekyb3d8bbwe "Paint_11.2203.2.0_language-sq.msix": Microsoft.Paint_11.2203.2.0_neutral_split.language-sq_8wekyb3d8bbwe "Paint_11.2203.2.0_language-sk.msix": Microsoft.Paint_11.2203.2.0_neutral_split.language-sk_8wekyb3d8bbwe "Paint_11.2203.2.0_language-sl.msix": Microsoft.Paint_11.2203.2.0_neutral_split.language-sl_8wekyb3d8bbwe "Paint_11.2203.2.0_language-sr-latn.msix": Microsoft.Paint_11.2203.2.0_neutral_split.language-sr-latn_8wekyb3d8bbwe "Paint_11.2203.2.0_language-sv.msix": Microsoft.Paint_11.2203.2.0_neutral_split.language-sv_8wekyb3d8bbwe "Paint_11.2203.2.0_language-sr-cyrl.msix": Microsoft.Paint_11.2203.2.0_neutral_split.language-sr-cyrl_8wekyb3d8bbwe "Paint_11.2203.2.0_language-ta.msix": Microsoft.Paint_11.2203.2.0_neutral_split.language-ta_8wekyb3d8bbwe "Paint_11.2203.2.0_language-tr.msix": Microsoft.Paint_11.2203.2.0_neutral_split.language-tr_8wekyb3d8bbwe "Paint_11.2203.2.0_language-ug-arab.msix": Microsoft.Paint_11.2203.2.0_neutral_split.language-ug-arab_8wekyb3d8bbwe "Paint_11.2203.2.0_language-th.msix": Microsoft.Paint_11.2203.2.0_neutral_split.language-th_8wekyb3d8bbwe "Paint_11.2203.2.0_language-te.msix": Microsoft.Paint_11.2203.2.0_neutral_split.language-te_8wekyb3d8bbwe "Paint_11.2203.2.0_language-ur.msix": Microsoft.Paint_11.2203.2.0_neutral_split.language-ur_8wekyb3d8bbwe "Paint_11.2203.2.0_language-zh-hans.msix": Microsoft.Paint_11.2203.2.0_neutral_split.language-zh-hans_8wekyb3d8bbwe "Paint_11.2203.2.0_language-zh-hant.msix": Microsoft.Paint_11.2203.2.0_neutral_split.language-zh-hant_8wekyb3d8bbwe "Paint_11.2203.2.0_language-vi.msix": Microsoft.Paint_11.2203.2.0_neutral_split.language-vi_8wekyb3d8bbwe "Paint_11.2203.2.0_language-tt-cyrl.msix": Microsoft.Paint_11.2203.2.0_neutral_split.language-tt-cyrl_8wekyb3d8bbwe "Paint_11.2203.2.0_language-uz-latn.msix": Microsoft.Paint_11.2203.2.0_neutral_split.language-uz-latn_8wekyb3d8bbwe "Paint_11.2203.2.0_language-uk.msix": Microsoft.Paint_11.2203.2.0_neutral_split.language-uk_8wekyb3d8bbwe "Paint_11.2203.2.0_scale-125.msix": Microsoft.Paint_11.2203.2.0_neutral_split.scale-125_8wekyb3d8bbwe "Paint_11.2203.2.0_scale-100.msix": Microsoft.Paint_11.2203.2.0_neutral_split.scale-100_8wekyb3d8bbwe "Paint_11.2203.2.0_scale-150.msix": Microsoft.Paint_11.2203.2.0_neutral_split.scale-150_8wekyb3d8bbwe "Paint_11.2203.2.0_scale-400.msix": Microsoft.Paint_11.2203.2.0_neutral_split.scale-400_8wekyb3d8bbwe</Data>
</EventData>
</Event>

<Event xmlns="http://schemas.microsoft.com/win/2004/08/events/event"><System><Provider Name="Microsoft-Windows-AppXDeployment-Server" Guid="{3f471139-acb7-4a01-b7a7-ff5da4ba2d43}"></Provider>
<EventID Qualifiers="">854</EventID>
<Version>0</Version>
<Level>4</Level>
<Task>3</Task>
<Opcode>0</Opcode>
<Keywords>0x4000000000000001</Keywords>
<TimeCreated SystemTime="2022-05-07 01:20:05.748592"></TimeCreated>
<EventRecordID>266</EventRecordID>
<Correlation ActivityID="{824d2842-61b0-0001-3b2c-4d82b061d801}" RelatedActivityID=""></Correlation>
<Execution ProcessID="3236" ThreadID="4736"></Execution>
<Channel>Microsoft-Windows-AppXDeploymentServer/Operational</Channel>
<Computer>WIN-GE1PLB8KFNS</Computer>
<Security UserID="S-1-5-18"></Security>
</System>
<EventData><Data Name="Path"> C:\Program Files\WindowsApps\microsoft.paint_11.2203.2.0_neutral_~_8wekyb3d8bbwe\AppxMetadata\AppxBundleManifest.xml C:\Program Files\WindowsApps\Microsoft.Paint_11.2203.2.0_x64__8wekyb3d8bbwe\AppxManifest.xml C:\Program Files\WindowsApps\Microsoft.Paint_11.2203.2.0_neutral_split.scale-125_8wekyb3d8bbwe\AppxManifest.xml C:\Program Files\WindowsApps\Microsoft.Paint_11.2203.2.0_neutral_split.scale-100_8wekyb3d8bbwe\AppxManifest.xml</Data>
</EventData>
</Event>

<Event xmlns="http://schemas.microsoft.com/win/2004/08/events/event"><System><Provider Name="Microsoft-Windows-AppXDeployment-Server" Guid="{3f471139-acb7-4a01-b7a7-ff5da4ba2d43}"></Provider>
<EventID Qualifiers="">8100</EventID>
<Version>0</Version>
<Level>5</Level>
<Task>49</Task>
<Opcode>0</Opcode>
<Keywords>0x4000000000000001</Keywords>
<TimeCreated SystemTime="2022-05-07 01:20:06.027296"></TimeCreated>
<EventRecordID>267</EventRecordID>
<Correlation ActivityID="{824d2842-61b0-0001-3b2c-4d82b061d801}" RelatedActivityID=""></Correlation>
<Execution ProcessID="3236" ThreadID="4736"></Execution>
<Channel>Microsoft-Windows-AppXDeploymentServer/Operational</Channel>
<Computer>WIN-GE1PLB8KFNS</Computer>
<Security UserID="S-1-5-18"></Security>
</System>
<EventData><Data Name="PackageFullName">Microsoft.Paint_11.2203.2.0_neutral_~_8wekyb3d8bbwe</Data>
<Data Name="Flags">0x00000620</Data>
</EventData>
</Event>

<Event xmlns="http://schemas.microsoft.com/win/2004/08/events/event"><System><Provider Name="Microsoft-Windows-AppXDeployment-Server" Guid="{3f471139-acb7-4a01-b7a7-ff5da4ba2d43}"></Provider>
<EventID Qualifiers="">8100</EventID>
<Version>0</Version>
<Level>5</Level>
<Task>49</Task>
<Opcode>0</Opcode>
<Keywords>0x4000000000000001</Keywords>
<TimeCreated SystemTime="2022-05-07 01:20:06.033426"></TimeCreated>
<EventRecordID>268</EventRecordID>
<Correlation ActivityID="{824d2842-61b0-0001-3b2c-4d82b061d801}" RelatedActivityID=""></Correlation>
<Execution ProcessID="3236" ThreadID="4736"></Execution>
<Channel>Microsoft-Windows-AppXDeploymentServer/Operational</Channel>
<Computer>WIN-GE1PLB8KFNS</Computer>
<Security UserID="S-1-5-18"></Security>
</System>
<EventData><Data Name="PackageFullName">Microsoft.Paint_11.2203.2.0_x64__8wekyb3d8bbwe</Data>
<Data Name="Flags">0x00000620</Data>
</EventData>
</Event>

<Event xmlns="http://schemas.microsoft.com/win/2004/08/events/event"><System><Provider Name="Microsoft-Windows-AppXDeployment-Server" Guid="{3f471139-acb7-4a01-b7a7-ff5da4ba2d43}"></Provider>
<EventID Qualifiers="">8100</EventID>
<Version>0</Version>
<Level>5</Level>
<Task>49</Task>
<Opcode>0</Opcode>
<Keywords>0x4000000000000001</Keywords>
<TimeCreated SystemTime="2022-05-07 01:20:06.037279"></TimeCreated>
<EventRecordID>269</EventRecordID>
<Correlation ActivityID="{824d2842-61b0-0001-3b2c-4d82b061d801}" RelatedActivityID=""></Correlation>
<Execution ProcessID="3236" ThreadID="4736"></Execution>
<Channel>Microsoft-Windows-AppXDeploymentServer/Operational</Channel>
<Computer>WIN-GE1PLB8KFNS</Computer>
<Security UserID="S-1-5-18"></Security>
</System>
<EventData><Data Name="PackageFullName">Microsoft.Paint_11.2203.2.0_neutral_split.scale-125_8wekyb3d8bbwe</Data>
<Data Name="Flags">0x00000620</Data>
</EventData>
</Event>

<Event xmlns="http://schemas.microsoft.com/win/2004/08/events/event"><System><Provider Name="Microsoft-Windows-AppXDeployment-Server" Guid="{3f471139-acb7-4a01-b7a7-ff5da4ba2d43}"></Provider>
<EventID Qualifiers="">8106</EventID>
<Version>0</Version>
<Level>5</Level>
<Task>49</Task>
<Opcode>0</Opcode>
<Keywords>0x4000000000000001</Keywords>
<TimeCreated SystemTime="2022-05-07 01:20:06.039646"></TimeCreated>
<EventRecordID>270</EventRecordID>
<Correlation ActivityID="{824d2842-61b0-0001-3b2c-4d82b061d801}" RelatedActivityID=""></Correlation>
<Execution ProcessID="3236" ThreadID="1240"></Execution>
<Channel>Microsoft-Windows-AppXDeploymentServer/Operational</Channel>
<Computer>WIN-GE1PLB8KFNS</Computer>
<Security UserID="S-1-5-18"></Security>
</System>
<EventData><Data Name="PackageFullName">Microsoft.Paint_11.2203.2.0_neutral_split.scale-125_8wekyb3d8bbwe</Data>
<Data Name="Flags">0x00000620</Data>
</EventData>
</Event>

<Event xmlns="http://schemas.microsoft.com/win/2004/08/events/event"><System><Provider Name="Microsoft-Windows-AppXDeployment-Server" Guid="{3f471139-acb7-4a01-b7a7-ff5da4ba2d43}"></Provider>
<EventID Qualifiers="">8101</EventID>
<Version>0</Version>
<Level>5</Level>
<Task>49</Task>
<Opcode>0</Opcode>
<Keywords>0x4000000000000001</Keywords>
<TimeCreated SystemTime="2022-05-07 01:20:06.039656"></TimeCreated>
<EventRecordID>271</EventRecordID>
<Correlation ActivityID="{824d2842-61b0-0001-3b2c-4d82b061d801}" RelatedActivityID=""></Correlation>
<Execution ProcessID="3236" ThreadID="1240"></Execution>
<Channel>Microsoft-Windows-AppXDeploymentServer/Operational</Channel>
<Computer>WIN-GE1PLB8KFNS</Computer>
<Security UserID="S-1-5-18"></Security>
</System>
<EventData><Data Name="PackageFullName">Microsoft.Paint_11.2203.2.0_neutral_split.scale-125_8wekyb3d8bbwe</Data>
<Data Name="Flags">0x00000620</Data>
</EventData>
</Event>

<Event xmlns="http://schemas.microsoft.com/win/2004/08/events/event"><System><Provider Name="Microsoft-Windows-AppXDeployment-Server" Guid="{3f471139-acb7-4a01-b7a7-ff5da4ba2d43}"></Provider>
<EventID Qualifiers="">8100</EventID>
<Version>0</Version>
<Level>5</Level>
<Task>49</Task>
<Opcode>0</Opcode>
<Keywords>0x4000000000000001</Keywords>
<TimeCreated SystemTime="2022-05-07 01:20:06.040520"></TimeCreated>
<EventRecordID>272</EventRecordID>
<Correlation ActivityID="{824d2842-61b0-0001-3b2c-4d82b061d801}" RelatedActivityID=""></Correlation>
<Execution ProcessID="3236" ThreadID="4736"></Execution>
<Channel>Microsoft-Windows-AppXDeploymentServer/Operational</Channel>
<Computer>WIN-GE1PLB8KFNS</Computer>
<Security UserID="S-1-5-18"></Security>
</System>
<EventData><Data Name="PackageFullName">Microsoft.Paint_11.2203.2.0_neutral_split.scale-100_8wekyb3d8bbwe</Data>
<Data Name="Flags">0x00000620</Data>
</EventData>
</Event>

<Event xmlns="http://schemas.microsoft.com/win/2004/08/events/event"><System><Provider Name="Microsoft-Windows-AppXDeployment-Server" Guid="{3f471139-acb7-4a01-b7a7-ff5da4ba2d43}"></Provider>
<EventID Qualifiers="">8105</EventID>
<Version>0</Version>
<Level>5</Level>
<Task>49</Task>
<Opcode>0</Opcode>
<Keywords>0x4000000000000001</Keywords>
<TimeCreated SystemTime="2022-05-07 01:20:06.109619"></TimeCreated>
<EventRecordID>273</EventRecordID>
<Correlation ActivityID="{824d2842-61b0-0001-3b2c-4d82b061d801}" RelatedActivityID=""></Correlation>
<Execution ProcessID="3236" ThreadID="1236"></Execution>
<Channel>Microsoft-Windows-AppXDeploymentServer/Operational</Channel>
<Computer>WIN-GE1PLB8KFNS</Computer>
<Security UserID="S-1-5-18"></Security>
</System>
<EventData><Data Name="PackageFullName">Microsoft.Paint_11.2203.2.0_neutral_~_8wekyb3d8bbwe</Data>
<Data Name="NumberOfFiles">1</Data>
</EventData>
</Event>

<Event xmlns="http://schemas.microsoft.com/win/2004/08/events/event"><System><Provider Name="Microsoft-Windows-AppXDeployment-Server" Guid="{3f471139-acb7-4a01-b7a7-ff5da4ba2d43}"></Provider>
<EventID Qualifiers="">8101</EventID>
<Version>0</Version>
<Level>5</Level>
<Task>49</Task>
<Opcode>0</Opcode>
<Keywords>0x4000000000000001</Keywords>
<TimeCreated SystemTime="2022-05-07 01:20:06.109674"></TimeCreated>
<EventRecordID>274</EventRecordID>
<Correlation ActivityID="{824d2842-61b0-0001-3b2c-4d82b061d801}" RelatedActivityID=""></Correlation>
<Execution ProcessID="3236" ThreadID="1236"></Execution>
<Channel>Microsoft-Windows-AppXDeploymentServer/Operational</Channel>
<Computer>WIN-GE1PLB8KFNS</Computer>
<Security UserID="S-1-5-18"></Security>
</System>
<EventData><Data Name="PackageFullName">Microsoft.Paint_11.2203.2.0_neutral_~_8wekyb3d8bbwe</Data>
<Data Name="Flags">0x00000620</Data>
</EventData>
</Event>

<Event xmlns="http://schemas.microsoft.com/win/2004/08/events/event"><System><Provider Name="Microsoft-Windows-AppXDeployment-Server" Guid="{3f471139-acb7-4a01-b7a7-ff5da4ba2d43}"></Provider>
<EventID Qualifiers="">8105</EventID>
<Version>0</Version>
<Level>5</Level>
<Task>49</Task>
<Opcode>0</Opcode>
<Keywords>0x4000000000000001</Keywords>
<TimeCreated SystemTime="2022-05-07 01:20:06.169436"></TimeCreated>
<EventRecordID>275</EventRecordID>
<Correlation ActivityID="{824d2842-61b0-0001-3b2c-4d82b061d801}" RelatedActivityID=""></Correlation>
<Execution ProcessID="3236" ThreadID="4656"></Execution>
<Channel>Microsoft-Windows-AppXDeploymentServer/Operational</Channel>
<Computer>WIN-GE1PLB8KFNS</Computer>
<Security UserID="S-1-5-18"></Security>
</System>
<EventData><Data Name="PackageFullName">Microsoft.Paint_11.2203.2.0_neutral_split.scale-100_8wekyb3d8bbwe</Data>
<Data Name="NumberOfFiles">15</Data>
</EventData>
</Event>

<Event xmlns="http://schemas.microsoft.com/win/2004/08/events/event"><System><Provider Name="Microsoft-Windows-AppXDeployment-Server" Guid="{3f471139-acb7-4a01-b7a7-ff5da4ba2d43}"></Provider>
<EventID Qualifiers="">8101</EventID>
<Version>0</Version>
<Level>5</Level>
<Task>49</Task>
<Opcode>0</Opcode>
<Keywords>0x4000000000000001</Keywords>
<TimeCreated SystemTime="2022-05-07 01:20:06.169537"></TimeCreated>
<EventRecordID>276</EventRecordID>
<Correlation ActivityID="{824d2842-61b0-0001-3b2c-4d82b061d801}" RelatedActivityID=""></Correlation>
<Execution ProcessID="3236" ThreadID="4656"></Execution>
<Channel>Microsoft-Windows-AppXDeploymentServer/Operational</Channel>
<Computer>WIN-GE1PLB8KFNS</Computer>
<Security UserID="S-1-5-18"></Security>
</System>
<EventData><Data Name="PackageFullName">Microsoft.Paint_11.2203.2.0_neutral_split.scale-100_8wekyb3d8bbwe</Data>
<Data Name="Flags">0x00000620</Data>
</EventData>
</Event>

<Event xmlns="http://schemas.microsoft.com/win/2004/08/events/event"><System><Provider Name="Microsoft-Windows-AppXDeployment-Server" Guid="{3f471139-acb7-4a01-b7a7-ff5da4ba2d43}"></Provider>
<EventID Qualifiers="">400</EventID>
<Version>0</Version>
<Level>4</Level>
<Task>3</Task>
<Opcode>2</Opcode>
<Keywords>0x4000000000000001</Keywords>
<TimeCreated SystemTime="2022-05-07 01:20:06.211672"></TimeCreated>
<EventRecordID>277</EventRecordID>
<Correlation ActivityID="{824d2842-61b0-0001-3b2c-4d82b061d801}" RelatedActivityID=""></Correlation>
<Execution ProcessID="3236" ThreadID="4736"></Execution>
<Channel>Microsoft-Windows-AppXDeploymentServer/Operational</Channel>
<Computer>WIN-GE1PLB8KFNS</Computer>
<Security UserID="S-1-5-18"></Security>
</System>
<EventData><Data Name="DeploymentOperation">12</Data>
<Data Name="PackageFullName">microsoft.paint_11.2203.2.0_neutral_~_8wekyb3d8bbwe</Data>
<Data Name="Path"> </Data>
<Data Name="MountPoint">C:</Data>
<Data Name="TargetPlatform">0x00000003</Data>
<Data Name="SystemVolume">True</Data>
<Data Name="StorageId">\\?\Volume{bf27b24f-9e98-4395-9110-325985ded282}</Data>
<Data Name="IsCentennial">False</Data>
<Data Name="PackageType">0x00000008</Data>
<Data Name="IsPackageEncrypted">False</Data>
<Data Name="DeploymentOptions">0x0000000010020020</Data>
<Data Name="IsStreamingPackage">False</Data>
<Data Name="IsInRelatedSet">False</Data>
<Data Name="IsPackageUsingBDC">False</Data>
<Data Name="MainPackageFamilyName">NULL</Data>
<Data Name="CallingProcess"></Data>
<Data Name="IsOptional">False</Data>
<Data Name="PackageFlags">0x00000000</Data>
<Data Name="PackageFlags2">0x00000800</Data>
<Data Name="HasWin32alacarte">False</Data>
<Data Name="HasFullTrust">False</Data>
<Data Name="ExternalLocation"></Data>
<Data Name="PackageSourceUri"></Data>
<Data Name="PackageDisplayName"> </Data>
</EventData>
</Event>

<Event xmlns="http://schemas.microsoft.com/win/2004/08/events/event"><System><Provider Name="Microsoft-Windows-AppXDeployment-Server" Guid="{3f471139-acb7-4a01-b7a7-ff5da4ba2d43}"></Provider>
<EventID Qualifiers="">478</EventID>
<Version>0</Version>
<Level>5</Level>
<Task>3</Task>
<Opcode>0</Opcode>
<Keywords>0x4000000000000001</Keywords>
<TimeCreated SystemTime="2022-05-07 01:20:06.215471"></TimeCreated>
<EventRecordID>278</EventRecordID>
<Correlation ActivityID="{824d2842-61b0-0001-3b2c-4d82b061d801}" RelatedActivityID=""></Correlation>
<Execution ProcessID="3236" ThreadID="4736"></Execution>
<Channel>Microsoft-Windows-AppXDeploymentServer/Operational</Channel>
<Computer>WIN-GE1PLB8KFNS</Computer>
<Security UserID="S-1-5-18"></Security>
</System>
<EventData><Data Name="DeploymentOperation">12</Data>
<Data Name="PackageFullName">Microsoft.Paint_11.2203.2.0_x64__8wekyb3d8bbwe</Data>
<Data Name="Path"> </Data>
<Data Name="MountPoint">C:</Data>
<Data Name="TargetPlatform">0x00000003</Data>
<Data Name="SystemVolume">True</Data>
<Data Name="StorageId">\\?\Volume{bf27b24f-9e98-4395-9110-325985ded282}</Data>
<Data Name="IsCentennial">True</Data>
<Data Name="PackageType">0x00000001</Data>
<Data Name="IsPackageEncrypted">False</Data>
<Data Name="DeploymentOptions">0x0000000010020020</Data>
<Data Name="IsStreamingPackage">False</Data>
<Data Name="IsInRelatedSet">False</Data>
<Data Name="IsPackageUsingBDC">False</Data>
<Data Name="MainPackageFamilyName">NULL</Data>
<Data Name="CallingProcess"></Data>
<Data Name="IsOptional">False</Data>
<Data Name="PackageFlags">0x0080404c</Data>
<Data Name="PackageFlags2">0x00000800</Data>
<Data Name="HasWin32alacarte">False</Data>
<Data Name="HasFullTrust">True</Data>
<Data Name="ExternalLocation"></Data>
<Data Name="PackageSourceUri"></Data>
<Data Name="PackageDisplayName">ms-resource:AppDisplayName</Data>
</EventData>
</Event>

<Event xmlns="http://schemas.microsoft.com/win/2004/08/events/event"><System><Provider Name="Microsoft-Windows-AppXDeployment-Server" Guid="{3f471139-acb7-4a01-b7a7-ff5da4ba2d43}"></Provider>
<EventID Qualifiers="">635</EventID>
<Version>0</Version>
<Level>4</Level>
<Task>3</Task>
<Opcode>0</Opcode>
<Keywords>0x4000000000000001</Keywords>
<TimeCreated SystemTime="2022-05-07 01:20:06.288328"></TimeCreated>
<EventRecordID>279</EventRecordID>
<Correlation ActivityID="{824d2842-61b0-0001-3b2c-4d82b061d801}" RelatedActivityID=""></Correlation>
<Execution ProcessID="3236" ThreadID="3268"></Execution>
<Channel>Microsoft-Windows-AppXDeploymentServer/Operational</Channel>
<Computer>WIN-GE1PLB8KFNS</Computer>
<Security UserID="S-1-5-18"></Security>
</System>
<EventData><Data Name="PackageFullName">microsoft.paint_11.2203.2.0_neutral_~_8wekyb3d8bbwe</Data>
<Data Name="Flags">1</Data>
<Data Name="HResult">0x00000000</Data>
</EventData>
</Event>

<Event xmlns="http://schemas.microsoft.com/win/2004/08/events/event"><System><Provider Name="Microsoft-Windows-AppXDeployment-Server" Guid="{3f471139-acb7-4a01-b7a7-ff5da4ba2d43}"></Provider>
<EventID Qualifiers="">633</EventID>
<Version>0</Version>
<Level>4</Level>
<Task>3</Task>
<Opcode>0</Opcode>
<Keywords>0x4000000000000001</Keywords>
<TimeCreated SystemTime="2022-05-07 01:20:06.288849"></TimeCreated>
<EventRecordID>280</EventRecordID>
<Correlation ActivityID="{824d2842-61b0-0003-a032-4d82b061d801}" RelatedActivityID=""></Correlation>
<Execution ProcessID="3236" ThreadID="3268"></Execution>
<Channel>Microsoft-Windows-AppXDeploymentServer/Operational</Channel>
<Computer>WIN-GE1PLB8KFNS</Computer>
<Security UserID="S-1-5-18"></Security>
</System>
<EventData><Data Name="PackageFullName">microsoft.screensketch_2022.2203.3.0_neutral_~_8wekyb3d8bbwe</Data>
<Data Name="IsInstalled">False</Data>
</EventData>
</Event>

<Event xmlns="http://schemas.microsoft.com/win/2004/08/events/event"><System><Provider Name="Microsoft-Windows-AppXDeployment-Server" Guid="{3f471139-acb7-4a01-b7a7-ff5da4ba2d43}"></Provider>
<EventID Qualifiers="">607</EventID>
<Version>0</Version>
<Level>4</Level>
<Task>0</Task>
<Opcode>0</Opcode>
<Keywords>0x4000000000000001</Keywords>
<TimeCreated SystemTime="2022-05-07 01:20:06.289251"></TimeCreated>
<EventRecordID>281</EventRecordID>
<Correlation ActivityID="{824d2842-61b0-0003-a032-4d82b061d801}" RelatedActivityID=""></Correlation>
<Execution ProcessID="3236" ThreadID="4736"></Execution>
<Channel>Microsoft-Windows-AppXDeploymentServer/Operational</Channel>
<Computer>WIN-GE1PLB8KFNS</Computer>
<Security UserID="S-1-5-18"></Security>
</System>
<EventData><Data Name="DeploymentOperation">12</Data>
<Data Name="PackageFullName">microsoft.screensketch_2022.2203.3.0_neutral_~_8wekyb3d8bbwe</Data>
<Data Name="UserSid">S-1-5-18</Data>
<Data Name="CallingProcess">NULL</Data>
</EventData>
</Event>

<Event xmlns="http://schemas.microsoft.com/win/2004/08/events/event"><System><Provider Name="Microsoft-Windows-AppXDeployment-Server" Guid="{3f471139-acb7-4a01-b7a7-ff5da4ba2d43}"></Provider>
<EventID Qualifiers="">614</EventID>
<Version>0</Version>
<Level>5</Level>
<Task>3</Task>
<Opcode>0</Opcode>
<Keywords>0x4000000000000001</Keywords>
<TimeCreated SystemTime="2022-05-07 01:20:06.341331"></TimeCreated>
<EventRecordID>282</EventRecordID>
<Correlation ActivityID="{824d2842-61b0-0003-a032-4d82b061d801}" RelatedActivityID=""></Correlation>
<Execution ProcessID="3236" ThreadID="4736"></Execution>
<Channel>Microsoft-Windows-AppXDeploymentServer/Operational</Channel>
<Computer>WIN-GE1PLB8KFNS</Computer>
<Security UserID="S-1-5-18"></Security>
</System>
<EventData><Data Name="PathOne">C:\Program Files\WindowsApps\microsoft.screensketch_2022.2203.3.0_neutral_~_8wekyb3d8bbwe\AppxMetadata\AppxBundleManifest.xml</Data>
<Data Name="PathTwo">"ScreenSketch_11.2203.3.0_ARM64.msix": Microsoft.ScreenSketch_11.2203.3.0_arm64__8wekyb3d8bbwe "ScreenSketch_11.2203.3.0_x64.msix": Microsoft.ScreenSketch_11.2203.3.0_x64__8wekyb3d8bbwe "ScreenSketch_11.2203.3.0_Win32.msix": Microsoft.ScreenSketch_11.2203.3.0_x86__8wekyb3d8bbwe "ScreenSketch_11.2203.3.0_language-af.msix": Microsoft.ScreenSketch_11.2203.3.0_neutral_split.language-af_8wekyb3d8bbwe "ScreenSketch_11.2203.3.0_language-am.msix": Microsoft.ScreenSketch_11.2203.3.0_neutral_split.language-am_8wekyb3d8bbwe "ScreenSketch_11.2203.3.0_language-ar.msix": Microsoft.ScreenSketch_11.2203.3.0_neutral_split.language-ar_8wekyb3d8bbwe "ScreenSketch_11.2203.3.0_language-ca.msix": Microsoft.ScreenSketch_11.2203.3.0_neutral_split.language-ca_8wekyb3d8bbwe "ScreenSketch_11.2203.3.0_language-de.msix": Microsoft.ScreenSketch_11.2203.3.0_neutral_split.language-de_8wekyb3d8bbwe "ScreenSketch_11.2203.3.0_language-cs.msix": Microsoft.ScreenSketch_11.2203.3.0_neutral_split.language-cs_8wekyb3d8bbwe "ScreenSketch_11.2203.3.0_language-el.msix": Microsoft.ScreenSketch_11.2203.3.0_neutral_split.language-el_8wekyb3d8bbwe "ScreenSketch_11.2203.3.0_language-es.msix": Microsoft.ScreenSketch_11.2203.3.0_neutral_split.language-es_8wekyb3d8bbwe "ScreenSketch_11.2203.3.0_language-az-latn.msix": Microsoft.ScreenSketch_11.2203.3.0_neutral_split.language-az-latn_8wekyb3d8bbwe "ScreenSketch_11.2203.3.0_language-fa.msix": Microsoft.ScreenSketch_11.2203.3.0_neutral_split.language-fa_8wekyb3d8bbwe "ScreenSketch_11.2203.3.0_language-fi.msix": Microsoft.ScreenSketch_11.2203.3.0_neutral_split.language-fi_8wekyb3d8bbwe "ScreenSketch_11.2203.3.0_language-eu.msix": Microsoft.ScreenSketch_11.2203.3.0_neutral_split.language-eu_8wekyb3d8bbwe "ScreenSketch_11.2203.3.0_language-gl.msix": Microsoft.ScreenSketch_11.2203.3.0_neutral_split.language-gl_8wekyb3d8bbwe "ScreenSketch_11.2203.3.0_language-et.msix": Microsoft.ScreenSketch_11.2203.3.0_neutral_split.language-et_8wekyb3d8bbwe "ScreenSketch_11.2203.3.0_language-bg.msix": Microsoft.ScreenSketch_11.2203.3.0_neutral_split.language-bg_8wekyb3d8bbwe "ScreenSketch_11.2203.3.0_language-fil-latn.msix": Microsoft.ScreenSketch_11.2203.3.0_neutral_split.language-fil-latn_8wekyb3d8bbwe "ScreenSketch_11.2203.3.0_language-hr.msix": Microsoft.ScreenSketch_11.2203.3.0_neutral_split.language-hr_8wekyb3d8bbwe "ScreenSketch_11.2203.3.0_language-he.msix": Microsoft.ScreenSketch_11.2203.3.0_neutral_split.language-he_8wekyb3d8bbwe "ScreenSketch_11.2203.3.0_language-hi.msix": Microsoft.ScreenSketch_11.2203.3.0_neutral_split.language-hi_8wekyb3d8bbwe "ScreenSketch_11.2203.3.0_language-hu.msix": Microsoft.ScreenSketch_11.2203.3.0_neutral_split.language-hu_8wekyb3d8bbwe "ScreenSketch_11.2203.3.0_language-id.msix": Microsoft.ScreenSketch_11.2203.3.0_neutral_split.language-id_8wekyb3d8bbwe "ScreenSketch_11.2203.3.0_language-it.msix": Microsoft.ScreenSketch_11.2203.3.0_neutral_split.language-it_8wekyb3d8bbwe "ScreenSketch_11.2203.3.0_language-fr.msix": Microsoft.ScreenSketch_11.2203.3.0_neutral_split.language-fr_8wekyb3d8bbwe "ScreenSketch_11.2203.3.0_language-kn.msix": Microsoft.ScreenSketch_11.2203.3.0_neutral_split.language-kn_8wekyb3d8bbwe "ScreenSketch_11.2203.3.0_language-is.msix": Microsoft.ScreenSketch_11.2203.3.0_neutral_split.language-is_8wekyb3d8bbwe "ScreenSketch_11.2203.3.0_language-ja.msix": Microsoft.ScreenSketch_11.2203.3.0_neutral_split.language-ja_8wekyb3d8bbwe "ScreenSketch_11.2203.3.0_language-km.msix": Microsoft.ScreenSketch_11.2203.3.0_neutral_split.language-km_8wekyb3d8bbwe "ScreenSketch_11.2203.3.0_language-kk.msix": Microsoft.ScreenSketch_11.2203.3.0_neutral_split.language-kk_8wekyb3d8bbwe "ScreenSketch_11.2203.3.0_language-lv.msix": Microsoft.ScreenSketch_11.2203.3.0_neutral_split.language-lv_8wekyb3d8bbwe "ScreenSketch_11.2203.3.0_language-lt.msix": Microsoft.ScreenSketch_11.2203.3.0_neutral_split.language-lt_8wekyb3d8bbwe "ScreenSketch_11.2203.3.0_language-ko.msix": Microsoft.ScreenSketch_11.2203.3.0_neutral_split.language-ko_8wekyb3d8bbwe "ScreenSketch_11.2203.3.0_language-ml.msix": Microsoft.ScreenSketch_11.2203.3.0_neutral_split.language-ml_8wekyb3d8bbwe "ScreenSketch_11.2203.3.0_language-lo.msix": Microsoft.ScreenSketch_11.2203.3.0_neutral_split.language-lo_8wekyb3d8bbwe "ScreenSketch_11.2203.3.0_language-nl.msix": Microsoft.ScreenSketch_11.2203.3.0_neutral_split.language-nl_8wekyb3d8bbwe "ScreenSketch_11.2203.3.0_language-pl.msix": Microsoft.ScreenSketch_11.2203.3.0_neutral_split.language-pl_8wekyb3d8bbwe "ScreenSketch_11.2203.3.0_language-mk.msix": Microsoft.ScreenSketch_11.2203.3.0_neutral_split.language-mk_8wekyb3d8bbwe "ScreenSketch_11.2203.3.0_language-nb.msix": Microsoft.ScreenSketch_11.2203.3.0_neutral_split.language-nb_8wekyb3d8bbwe "ScreenSketch_11.2203.3.0_language-pt.msix": Microsoft.ScreenSketch_11.2203.3.0_neutral_split.language-pt_8wekyb3d8bbwe "ScreenSketch_11.2203.3.0_language-sl.msix": Microsoft.ScreenSketch_11.2203.3.0_neutral_split.language-sl_8wekyb3d8bbwe "ScreenSketch_11.2203.3.0_language-ro.msix": Microsoft.ScreenSketch_11.2203.3.0_neutral_split.language-ro_8wekyb3d8bbwe "ScreenSketch_11.2203.3.0_language-sk.msix": Microsoft.ScreenSketch_11.2203.3.0_neutral_split.language-sk_8wekyb3d8bbwe "ScreenSketch_11.2203.3.0_language-sq.msix": Microsoft.ScreenSketch_11.2203.3.0_neutral_split.language-sq_8wekyb3d8bbwe "ScreenSketch_11.2203.3.0_language-ru.msix": Microsoft.ScreenSketch_11.2203.3.0_neutral_split.language-ru_8wekyb3d8bbwe "ScreenSketch_11.2203.3.0_language-sv.msix": Microsoft.ScreenSketch_11.2203.3.0_neutral_split.language-sv_8wekyb3d8bbwe "ScreenSketch_11.2203.3.0_language-sr-latn.msix": Microsoft.ScreenSketch_11.2203.3.0_neutral_split.language-sr-latn_8wekyb3d8bbwe "ScreenSketch_11.2203.3.0_language-tr.msix": Microsoft.ScreenSketch_11.2203.3.0_neutral_split.language-tr_8wekyb3d8bbwe "ScreenSketch_11.2203.3.0_language-th.msix": Microsoft.ScreenSketch_11.2203.3.0_neutral_split.language-th_8wekyb3d8bbwe "ScreenSketch_11.2203.3.0_language-ta.msix": Microsoft.ScreenSketch_11.2203.3.0_neutral_split.language-ta_8wekyb3d8bbwe "ScreenSketch_11.2203.3.0_language-te.msix": Microsoft.ScreenSketch_11.2203.3.0_neutral_split.language-te_8wekyb3d8bbwe "ScreenSketch_11.2203.3.0_language-uk.msix": Microsoft.ScreenSketch_11.2203.3.0_neutral_split.language-uk_8wekyb3d8bbwe "ScreenSketch_11.2203.3.0_language-uz-latn.msix": Microsoft.ScreenSketch_11.2203.3.0_neutral_split.language-uz-latn_8wekyb3d8bbwe "ScreenSketch_11.2203.3.0_language-vi.msix": Microsoft.ScreenSketch_11.2203.3.0_neutral_split.language-vi_8wekyb3d8bbwe "ScreenSketch_11.2203.3.0_language-zh-hans.msix": Microsoft.ScreenSketch_11.2203.3.0_neutral_split.language-zh-hans_8wekyb3d8bbwe "ScreenSketch_11.2203.3.0_language-zh-hant.msix": Microsoft.ScreenSketch_11.2203.3.0_neutral_split.language-zh-hant_8wekyb3d8bbwe "ScreenSketch_11.2203.3.0_language-da.msix": Microsoft.ScreenSketch_11.2203.3.0_neutral_split.language-da_8wekyb3d8bbwe "ScreenSketch_11.2203.3.0_language-ms.msix": Microsoft.ScreenSketch_11.2203.3.0_neutral_split.language-ms_8wekyb3d8bbwe "ScreenSketch_11.2203.3.0_scale-100.msix": Microsoft.ScreenSketch_11.2203.3.0_neutral_split.scale-100_8wekyb3d8bbwe "ScreenSketch_11.2203.3.0_scale-125.msix": Microsoft.ScreenSketch_11.2203.3.0_neutral_split.scale-125_8wekyb3d8bbwe "ScreenSketch_11.2203.3.0_scale-150.msix": Microsoft.ScreenSketch_11.2203.3.0_neutral_split.scale-150_8wekyb3d8bbwe "ScreenSketch_11.2203.3.0_scale-400.msix": Microsoft.ScreenSketch_11.2203.3.0_neutral_split.scale-400_8wekyb3d8bbwe</Data>
</EventData>
</Event>

<Event xmlns="http://schemas.microsoft.com/win/2004/08/events/event"><System><Provider Name="Microsoft-Windows-AppXDeployment-Server" Guid="{3f471139-acb7-4a01-b7a7-ff5da4ba2d43}"></Provider>
<EventID Qualifiers="">854</EventID>
<Version>0</Version>
<Level>4</Level>
<Task>3</Task>
<Opcode>0</Opcode>
<Keywords>0x4000000000000001</Keywords>
<TimeCreated SystemTime="2022-05-07 01:20:06.355566"></TimeCreated>
<EventRecordID>283</EventRecordID>
<Correlation ActivityID="{824d2842-61b0-0003-a032-4d82b061d801}" RelatedActivityID=""></Correlation>
<Execution ProcessID="3236" ThreadID="4736"></Execution>
<Channel>Microsoft-Windows-AppXDeploymentServer/Operational</Channel>
<Computer>WIN-GE1PLB8KFNS</Computer>
<Security UserID="S-1-5-18"></Security>
</System>
<EventData><Data Name="Path"> C:\Program Files\WindowsApps\microsoft.screensketch_2022.2203.3.0_neutral_~_8wekyb3d8bbwe\AppxMetadata\AppxBundleManifest.xml C:\Program Files\WindowsApps\Microsoft.ScreenSketch_11.2203.3.0_x64__8wekyb3d8bbwe\AppxManifest.xml C:\Program Files\WindowsApps\Microsoft.ScreenSketch_11.2203.3.0_neutral_split.scale-100_8wekyb3d8bbwe\AppxManifest.xml C:\Program Files\WindowsApps\Microsoft.ScreenSketch_11.2203.3.0_neutral_split.scale-125_8wekyb3d8bbwe\AppxManifest.xml</Data>
</EventData>
</Event>

<Event xmlns="http://schemas.microsoft.com/win/2004/08/events/event"><System><Provider Name="Microsoft-Windows-AppXDeployment-Server" Guid="{3f471139-acb7-4a01-b7a7-ff5da4ba2d43}"></Provider>
<EventID Qualifiers="">8100</EventID>
<Version>0</Version>
<Level>5</Level>
<Task>49</Task>
<Opcode>0</Opcode>
<Keywords>0x4000000000000001</Keywords>
<TimeCreated SystemTime="2022-05-07 01:20:06.697535"></TimeCreated>
<EventRecordID>284</EventRecordID>
<Correlation ActivityID="{824d2842-61b0-0003-a032-4d82b061d801}" RelatedActivityID=""></Correlation>
<Execution ProcessID="3236" ThreadID="4736"></Execution>
<Channel>Microsoft-Windows-AppXDeploymentServer/Operational</Channel>
<Computer>WIN-GE1PLB8KFNS</Computer>
<Security UserID="S-1-5-18"></Security>
</System>
<EventData><Data Name="PackageFullName">Microsoft.ScreenSketch_2022.2203.3.0_neutral_~_8wekyb3d8bbwe</Data>
<Data Name="Flags">0x00000620</Data>
</EventData>
</Event>

<Event xmlns="http://schemas.microsoft.com/win/2004/08/events/event"><System><Provider Name="Microsoft-Windows-AppXDeployment-Server" Guid="{3f471139-acb7-4a01-b7a7-ff5da4ba2d43}"></Provider>
<EventID Qualifiers="">8100</EventID>
<Version>0</Version>
<Level>5</Level>
<Task>49</Task>
<Opcode>0</Opcode>
<Keywords>0x4000000000000001</Keywords>
<TimeCreated SystemTime="2022-05-07 01:20:06.702044"></TimeCreated>
<EventRecordID>285</EventRecordID>
<Correlation ActivityID="{824d2842-61b0-0003-a032-4d82b061d801}" RelatedActivityID=""></Correlation>
<Execution ProcessID="3236" ThreadID="4736"></Execution>
<Channel>Microsoft-Windows-AppXDeploymentServer/Operational</Channel>
<Computer>WIN-GE1PLB8KFNS</Computer>
<Security UserID="S-1-5-18"></Security>
</System>
<EventData><Data Name="PackageFullName">Microsoft.ScreenSketch_11.2203.3.0_x64__8wekyb3d8bbwe</Data>
<Data Name="Flags">0x00000620</Data>
</EventData>
</Event>

<Event xmlns="http://schemas.microsoft.com/win/2004/08/events/event"><System><Provider Name="Microsoft-Windows-AppXDeployment-Server" Guid="{3f471139-acb7-4a01-b7a7-ff5da4ba2d43}"></Provider>
<EventID Qualifiers="">8100</EventID>
<Version>0</Version>
<Level>5</Level>
<Task>49</Task>
<Opcode>0</Opcode>
<Keywords>0x4000000000000001</Keywords>
<TimeCreated SystemTime="2022-05-07 01:20:06.706272"></TimeCreated>
<EventRecordID>286</EventRecordID>
<Correlation ActivityID="{824d2842-61b0-0003-a032-4d82b061d801}" RelatedActivityID=""></Correlation>
<Execution ProcessID="3236" ThreadID="4736"></Execution>
<Channel>Microsoft-Windows-AppXDeploymentServer/Operational</Channel>
<Computer>WIN-GE1PLB8KFNS</Computer>
<Security UserID="S-1-5-18"></Security>
</System>
<EventData><Data Name="PackageFullName">Microsoft.ScreenSketch_11.2203.3.0_neutral_split.scale-100_8wekyb3d8bbwe</Data>
<Data Name="Flags">0x00000620</Data>
</EventData>
</Event>

<Event xmlns="http://schemas.microsoft.com/win/2004/08/events/event"><System><Provider Name="Microsoft-Windows-AppXDeployment-Server" Guid="{3f471139-acb7-4a01-b7a7-ff5da4ba2d43}"></Provider>
<EventID Qualifiers="">8100</EventID>
<Version>0</Version>
<Level>5</Level>
<Task>49</Task>
<Opcode>0</Opcode>
<Keywords>0x4000000000000001</Keywords>
<TimeCreated SystemTime="2022-05-07 01:20:06.709156"></TimeCreated>
<EventRecordID>287</EventRecordID>
<Correlation ActivityID="{824d2842-61b0-0003-a032-4d82b061d801}" RelatedActivityID=""></Correlation>
<Execution ProcessID="3236" ThreadID="4736"></Execution>
<Channel>Microsoft-Windows-AppXDeploymentServer/Operational</Channel>
<Computer>WIN-GE1PLB8KFNS</Computer>
<Security UserID="S-1-5-18"></Security>
</System>
<EventData><Data Name="PackageFullName">Microsoft.ScreenSketch_11.2203.3.0_neutral_split.scale-125_8wekyb3d8bbwe</Data>
<Data Name="Flags">0x00000620</Data>
</EventData>
</Event>

<Event xmlns="http://schemas.microsoft.com/win/2004/08/events/event"><System><Provider Name="Microsoft-Windows-AppXDeployment-Server" Guid="{3f471139-acb7-4a01-b7a7-ff5da4ba2d43}"></Provider>
<EventID Qualifiers="">8106</EventID>
<Version>0</Version>
<Level>5</Level>
<Task>49</Task>
<Opcode>0</Opcode>
<Keywords>0x4000000000000001</Keywords>
<TimeCreated SystemTime="2022-05-07 01:20:06.722271"></TimeCreated>
<EventRecordID>288</EventRecordID>
<Correlation ActivityID="{824d2842-61b0-0003-a032-4d82b061d801}" RelatedActivityID=""></Correlation>
<Execution ProcessID="3236" ThreadID="4668"></Execution>
<Channel>Microsoft-Windows-AppXDeploymentServer/Operational</Channel>
<Computer>WIN-GE1PLB8KFNS</Computer>
<Security UserID="S-1-5-18"></Security>
</System>
<EventData><Data Name="PackageFullName">Microsoft.ScreenSketch_11.2203.3.0_neutral_split.scale-125_8wekyb3d8bbwe</Data>
<Data Name="Flags">0x00000620</Data>
</EventData>
</Event>

<Event xmlns="http://schemas.microsoft.com/win/2004/08/events/event"><System><Provider Name="Microsoft-Windows-AppXDeployment-Server" Guid="{3f471139-acb7-4a01-b7a7-ff5da4ba2d43}"></Provider>
<EventID Qualifiers="">8101</EventID>
<Version>0</Version>
<Level>5</Level>
<Task>49</Task>
<Opcode>0</Opcode>
<Keywords>0x4000000000000001</Keywords>
<TimeCreated SystemTime="2022-05-07 01:20:06.722290"></TimeCreated>
<EventRecordID>289</EventRecordID>
<Correlation ActivityID="{824d2842-61b0-0003-a032-4d82b061d801}" RelatedActivityID=""></Correlation>
<Execution ProcessID="3236" ThreadID="4668"></Execution>
<Channel>Microsoft-Windows-AppXDeploymentServer/Operational</Channel>
<Computer>WIN-GE1PLB8KFNS</Computer>
<Security UserID="S-1-5-18"></Security>
</System>
<EventData><Data Name="PackageFullName">Microsoft.ScreenSketch_11.2203.3.0_neutral_split.scale-125_8wekyb3d8bbwe</Data>
<Data Name="Flags">0x00000620</Data>
</EventData>
</Event>

<Event xmlns="http://schemas.microsoft.com/win/2004/08/events/event"><System><Provider Name="Microsoft-Windows-AppXDeployment-Server" Guid="{3f471139-acb7-4a01-b7a7-ff5da4ba2d43}"></Provider>
<EventID Qualifiers="">8105</EventID>
<Version>0</Version>
<Level>5</Level>
<Task>49</Task>
<Opcode>0</Opcode>
<Keywords>0x4000000000000001</Keywords>
<TimeCreated SystemTime="2022-05-07 01:20:06.755264"></TimeCreated>
<EventRecordID>290</EventRecordID>
<Correlation ActivityID="{824d2842-61b0-0003-a032-4d82b061d801}" RelatedActivityID=""></Correlation>
<Execution ProcessID="3236" ThreadID="4660"></Execution>
<Channel>Microsoft-Windows-AppXDeploymentServer/Operational</Channel>
<Computer>WIN-GE1PLB8KFNS</Computer>
<Security UserID="S-1-5-18"></Security>
</System>
<EventData><Data Name="PackageFullName">Microsoft.ScreenSketch_2022.2203.3.0_neutral_~_8wekyb3d8bbwe</Data>
<Data Name="NumberOfFiles">1</Data>
</EventData>
</Event>

<Event xmlns="http://schemas.microsoft.com/win/2004/08/events/event"><System><Provider Name="Microsoft-Windows-AppXDeployment-Server" Guid="{3f471139-acb7-4a01-b7a7-ff5da4ba2d43}"></Provider>
<EventID Qualifiers="">8101</EventID>
<Version>0</Version>
<Level>5</Level>
<Task>49</Task>
<Opcode>0</Opcode>
<Keywords>0x4000000000000001</Keywords>
<TimeCreated SystemTime="2022-05-07 01:20:06.755304"></TimeCreated>
<EventRecordID>291</EventRecordID>
<Correlation ActivityID="{824d2842-61b0-0003-a032-4d82b061d801}" RelatedActivityID=""></Correlation>
<Execution ProcessID="3236" ThreadID="4660"></Execution>
<Channel>Microsoft-Windows-AppXDeploymentServer/Operational</Channel>
<Computer>WIN-GE1PLB8KFNS</Computer>
<Security UserID="S-1-5-18"></Security>
</System>
<EventData><Data Name="PackageFullName">Microsoft.ScreenSketch_2022.2203.3.0_neutral_~_8wekyb3d8bbwe</Data>
<Data Name="Flags">0x00000620</Data>
</EventData>
</Event>

<Event xmlns="http://schemas.microsoft.com/win/2004/08/events/event"><System><Provider Name="Microsoft-Windows-AppXDeployment-Server" Guid="{3f471139-acb7-4a01-b7a7-ff5da4ba2d43}"></Provider>
<EventID Qualifiers="">8105</EventID>
<Version>0</Version>
<Level>5</Level>
<Task>49</Task>
<Opcode>0</Opcode>
<Keywords>0x4000000000000001</Keywords>
<TimeCreated SystemTime="2022-05-07 01:20:06.831038"></TimeCreated>
<EventRecordID>292</EventRecordID>
<Correlation ActivityID="{824d2842-61b0-0003-a032-4d82b061d801}" RelatedActivityID=""></Correlation>
<Execution ProcessID="3236" ThreadID="4664"></Execution>
<Channel>Microsoft-Windows-AppXDeploymentServer/Operational</Channel>
<Computer>WIN-GE1PLB8KFNS</Computer>
<Security UserID="S-1-5-18"></Security>
</System>
<EventData><Data Name="PackageFullName">Microsoft.ScreenSketch_11.2203.3.0_neutral_split.scale-100_8wekyb3d8bbwe</Data>
<Data Name="NumberOfFiles">10</Data>
</EventData>
</Event>

<Event xmlns="http://schemas.microsoft.com/win/2004/08/events/event"><System><Provider Name="Microsoft-Windows-AppXDeployment-Server" Guid="{3f471139-acb7-4a01-b7a7-ff5da4ba2d43}"></Provider>
<EventID Qualifiers="">8101</EventID>
<Version>0</Version>
<Level>5</Level>
<Task>49</Task>
<Opcode>0</Opcode>
<Keywords>0x4000000000000001</Keywords>
<TimeCreated SystemTime="2022-05-07 01:20:06.831100"></TimeCreated>
<EventRecordID>293</EventRecordID>
<Correlation ActivityID="{824d2842-61b0-0003-a032-4d82b061d801}" RelatedActivityID=""></Correlation>
<Execution ProcessID="3236" ThreadID="4664"></Execution>
<Channel>Microsoft-Windows-AppXDeploymentServer/Operational</Channel>
<Computer>WIN-GE1PLB8KFNS</Computer>
<Security UserID="S-1-5-18"></Security>
</System>
<EventData><Data Name="PackageFullName">Microsoft.ScreenSketch_11.2203.3.0_neutral_split.scale-100_8wekyb3d8bbwe</Data>
<Data Name="Flags">0x00000620</Data>
</EventData>
</Event>

<Event xmlns="http://schemas.microsoft.com/win/2004/08/events/event"><System><Provider Name="Microsoft-Windows-AppXDeployment-Server" Guid="{3f471139-acb7-4a01-b7a7-ff5da4ba2d43}"></Provider>
<EventID Qualifiers="">400</EventID>
<Version>0</Version>
<Level>4</Level>
<Task>3</Task>
<Opcode>2</Opcode>
<Keywords>0x4000000000000001</Keywords>
<TimeCreated SystemTime="2022-05-07 01:20:06.900648"></TimeCreated>
<EventRecordID>294</EventRecordID>
<Correlation ActivityID="{824d2842-61b0-0003-a032-4d82b061d801}" RelatedActivityID=""></Correlation>
<Execution ProcessID="3236" ThreadID="4736"></Execution>
<Channel>Microsoft-Windows-AppXDeploymentServer/Operational</Channel>
<Computer>WIN-GE1PLB8KFNS</Computer>
<Security UserID="S-1-5-18"></Security>
</System>
<EventData><Data Name="DeploymentOperation">12</Data>
<Data Name="PackageFullName">microsoft.screensketch_2022.2203.3.0_neutral_~_8wekyb3d8bbwe</Data>
<Data Name="Path"> </Data>
<Data Name="MountPoint">C:</Data>
<Data Name="TargetPlatform">0x00000003</Data>
<Data Name="SystemVolume">True</Data>
<Data Name="StorageId">\\?\Volume{bf27b24f-9e98-4395-9110-325985ded282}</Data>
<Data Name="IsCentennial">False</Data>
<Data Name="PackageType">0x00000008</Data>
<Data Name="IsPackageEncrypted">False</Data>
<Data Name="DeploymentOptions">0x0000000010020020</Data>
<Data Name="IsStreamingPackage">False</Data>
<Data Name="IsInRelatedSet">False</Data>
<Data Name="IsPackageUsingBDC">False</Data>
<Data Name="MainPackageFamilyName">NULL</Data>
<Data Name="CallingProcess"></Data>
<Data Name="IsOptional">False</Data>
<Data Name="PackageFlags">0x00000000</Data>
<Data Name="PackageFlags2">0x00000800</Data>
<Data Name="HasWin32alacarte">False</Data>
<Data Name="HasFullTrust">False</Data>
<Data Name="ExternalLocation"></Data>
<Data Name="PackageSourceUri"></Data>
<Data Name="PackageDisplayName"> </Data>
</EventData>
</Event>

