<Event xmlns="http://schemas.microsoft.com/win/2004/08/events/event"><System><Provider Name="Microsoft-Windows-AppXDeployment-Server" Guid="{3f471139-acb7-4a01-b7a7-ff5da4ba2d43}"></Provider>
<EventID Qualifiers="">478</EventID>
<Version>0</Version>
<Level>5</Level>
<Task>3</Task>
<Opcode>0</Opcode>
<Keywords>0x4000000000000001</Keywords>
<TimeCreated SystemTime="2022-05-07 01:20:06.911360"></TimeCreated>
<EventRecordID>295</EventRecordID>
<Correlation ActivityID="{824d2842-61b0-0003-a032-4d82b061d801}" RelatedActivityID=""></Correlation>
<Execution ProcessID="3236" ThreadID="4736"></Execution>
<Channel>Microsoft-Windows-AppXDeploymentServer/Operational</Channel>
<Computer>WIN-GE1PLB8KFNS</Computer>
<Security UserID="S-1-5-18"></Security>
</System>
<EventData><Data Name="DeploymentOperation">12</Data>
<Data Name="PackageFullName">Microsoft.ScreenSketch_11.2203.3.0_x64__8wekyb3d8bbwe</Data>
<Data Name="Path"> </Data>
<Data Name="MountPoint">C:</Data>
<Data Name="TargetPlatform">0x00000003</Data>
<Data Name="SystemVolume">True</Data>
<Data Name="StorageId">\\?\Volume{bf27b24f-9e98-4395-9110-325985ded282}</Data>
<Data Name="IsCentennial">False</Data>
<Data Name="PackageType">0x00000001</Data>
<Data Name="IsPackageEncrypted">False</Data>
<Data Name="DeploymentOptions">0x0000000010020020</Data>
<Data Name="IsStreamingPackage">False</Data>
<Data Name="IsInRelatedSet">False</Data>
<Data Name="IsPackageUsingBDC">False</Data>
<Data Name="MainPackageFamilyName">NULL</Data>
<Data Name="CallingProcess"></Data>
<Data Name="IsOptional">False</Data>
<Data Name="PackageFlags">0x00000008</Data>
<Data Name="PackageFlags2">0x00000800</Data>
<Data Name="HasWin32alacarte">False</Data>
<Data Name="HasFullTrust">False</Data>
<Data Name="ExternalLocation"></Data>
<Data Name="PackageSourceUri"></Data>
<Data Name="PackageDisplayName">ms-resource:AppStoreName</Data>
</EventData>
</Event>

<Event xmlns="http://schemas.microsoft.com/win/2004/08/events/event"><System><Provider Name="Microsoft-Windows-AppXDeployment-Server" Guid="{3f471139-acb7-4a01-b7a7-ff5da4ba2d43}"></Provider>
<EventID Qualifiers="">635</EventID>
<Version>0</Version>
<Level>4</Level>
<Task>3</Task>
<Opcode>0</Opcode>
<Keywords>0x4000000000000001</Keywords>
<TimeCreated SystemTime="2022-05-07 01:20:06.988016"></TimeCreated>
<EventRecordID>296</EventRecordID>
<Correlation ActivityID="{824d2842-61b0-0003-a032-4d82b061d801}" RelatedActivityID=""></Correlation>
<Execution ProcessID="3236" ThreadID="3268"></Execution>
<Channel>Microsoft-Windows-AppXDeploymentServer/Operational</Channel>
<Computer>WIN-GE1PLB8KFNS</Computer>
<Security UserID="S-1-5-18"></Security>
</System>
<EventData><Data Name="PackageFullName">microsoft.screensketch_2022.2203.3.0_neutral_~_8wekyb3d8bbwe</Data>
<Data Name="Flags">1</Data>
<Data Name="HResult">0x00000000</Data>
</EventData>
</Event>

<Event xmlns="http://schemas.microsoft.com/win/2004/08/events/event"><System><Provider Name="Microsoft-Windows-AppXDeployment-Server" Guid="{3f471139-acb7-4a01-b7a7-ff5da4ba2d43}"></Provider>
<EventID Qualifiers="">633</EventID>
<Version>0</Version>
<Level>4</Level>
<Task>3</Task>
<Opcode>0</Opcode>
<Keywords>0x4000000000000001</Keywords>
<TimeCreated SystemTime="2022-05-07 01:20:06.988506"></TimeCreated>
<EventRecordID>297</EventRecordID>
<Correlation ActivityID="{824d2842-61b0-0002-382d-4d82b061d801}" RelatedActivityID=""></Correlation>
<Execution ProcessID="3236" ThreadID="3268"></Execution>
<Channel>Microsoft-Windows-AppXDeploymentServer/Operational</Channel>
<Computer>WIN-GE1PLB8KFNS</Computer>
<Security UserID="S-1-5-18"></Security>
</System>
<EventData><Data Name="PackageFullName">microsoft.sechealthui_1000.22000.1.0_neutral__8wekyb3d8bbwe</Data>
<Data Name="IsInstalled">False</Data>
</EventData>
</Event>

<Event xmlns="http://schemas.microsoft.com/win/2004/08/events/event"><System><Provider Name="Microsoft-Windows-AppXDeployment-Server" Guid="{3f471139-acb7-4a01-b7a7-ff5da4ba2d43}"></Provider>
<EventID Qualifiers="">607</EventID>
<Version>0</Version>
<Level>4</Level>
<Task>0</Task>
<Opcode>0</Opcode>
<Keywords>0x4000000000000001</Keywords>
<TimeCreated SystemTime="2022-05-07 01:20:06.989019"></TimeCreated>
<EventRecordID>298</EventRecordID>
<Correlation ActivityID="{824d2842-61b0-0002-382d-4d82b061d801}" RelatedActivityID=""></Correlation>
<Execution ProcessID="3236" ThreadID="4736"></Execution>
<Channel>Microsoft-Windows-AppXDeploymentServer/Operational</Channel>
<Computer>WIN-GE1PLB8KFNS</Computer>
<Security UserID="S-1-5-18"></Security>
</System>
<EventData><Data Name="DeploymentOperation">12</Data>
<Data Name="PackageFullName">microsoft.sechealthui_1000.22000.1.0_neutral__8wekyb3d8bbwe</Data>
<Data Name="UserSid">S-1-5-18</Data>
<Data Name="CallingProcess">NULL</Data>
</EventData>
</Event>

<Event xmlns="http://schemas.microsoft.com/win/2004/08/events/event"><System><Provider Name="Microsoft-Windows-AppXDeployment-Server" Guid="{3f471139-acb7-4a01-b7a7-ff5da4ba2d43}"></Provider>
<EventID Qualifiers="">8105</EventID>
<Version>0</Version>
<Level>5</Level>
<Task>49</Task>
<Opcode>0</Opcode>
<Keywords>0x4000000000000001</Keywords>
<TimeCreated SystemTime="2022-05-07 01:20:07.053947"></TimeCreated>
<EventRecordID>299</EventRecordID>
<Correlation ActivityID="{824d2842-61b0-0003-a032-4d82b061d801}" RelatedActivityID=""></Correlation>
<Execution ProcessID="3236" ThreadID="4652"></Execution>
<Channel>Microsoft-Windows-AppXDeploymentServer/Operational</Channel>
<Computer>WIN-GE1PLB8KFNS</Computer>
<Security UserID="S-1-5-18"></Security>
</System>
<EventData><Data Name="PackageFullName">Microsoft.ScreenSketch_11.2203.3.0_x64__8wekyb3d8bbwe</Data>
<Data Name="NumberOfFiles">54</Data>
</EventData>
</Event>

<Event xmlns="http://schemas.microsoft.com/win/2004/08/events/event"><System><Provider Name="Microsoft-Windows-AppXDeployment-Server" Guid="{3f471139-acb7-4a01-b7a7-ff5da4ba2d43}"></Provider>
<EventID Qualifiers="">8101</EventID>
<Version>0</Version>
<Level>5</Level>
<Task>49</Task>
<Opcode>0</Opcode>
<Keywords>0x4000000000000001</Keywords>
<TimeCreated SystemTime="2022-05-07 01:20:07.054155"></TimeCreated>
<EventRecordID>300</EventRecordID>
<Correlation ActivityID="{824d2842-61b0-0003-a032-4d82b061d801}" RelatedActivityID=""></Correlation>
<Execution ProcessID="3236" ThreadID="4652"></Execution>
<Channel>Microsoft-Windows-AppXDeploymentServer/Operational</Channel>
<Computer>WIN-GE1PLB8KFNS</Computer>
<Security UserID="S-1-5-18"></Security>
</System>
<EventData><Data Name="PackageFullName">Microsoft.ScreenSketch_11.2203.3.0_x64__8wekyb3d8bbwe</Data>
<Data Name="Flags">0x00000620</Data>
</EventData>
</Event>

<Event xmlns="http://schemas.microsoft.com/win/2004/08/events/event"><System><Provider Name="Microsoft-Windows-AppXDeployment-Server" Guid="{3f471139-acb7-4a01-b7a7-ff5da4ba2d43}"></Provider>
<EventID Qualifiers="">854</EventID>
<Version>0</Version>
<Level>4</Level>
<Task>3</Task>
<Opcode>0</Opcode>
<Keywords>0x4000000000000001</Keywords>
<TimeCreated SystemTime="2022-05-07 01:20:07.074087"></TimeCreated>
<EventRecordID>301</EventRecordID>
<Correlation ActivityID="{824d2842-61b0-0002-382d-4d82b061d801}" RelatedActivityID=""></Correlation>
<Execution ProcessID="3236" ThreadID="4736"></Execution>
<Channel>Microsoft-Windows-AppXDeploymentServer/Operational</Channel>
<Computer>WIN-GE1PLB8KFNS</Computer>
<Security UserID="S-1-5-18"></Security>
</System>
<EventData><Data Name="Path"> C:\Program Files\WindowsApps\microsoft.sechealthui_1000.22000.1.0_neutral__8wekyb3d8bbwe\AppxManifest.xml</Data>
</EventData>
</Event>

<Event xmlns="http://schemas.microsoft.com/win/2004/08/events/event"><System><Provider Name="Microsoft-Windows-AppXDeployment-Server" Guid="{3f471139-acb7-4a01-b7a7-ff5da4ba2d43}"></Provider>
<EventID Qualifiers="">8100</EventID>
<Version>0</Version>
<Level>5</Level>
<Task>49</Task>
<Opcode>0</Opcode>
<Keywords>0x4000000000000001</Keywords>
<TimeCreated SystemTime="2022-05-07 01:20:07.122517"></TimeCreated>
<EventRecordID>302</EventRecordID>
<Correlation ActivityID="{824d2842-61b0-0002-382d-4d82b061d801}" RelatedActivityID=""></Correlation>
<Execution ProcessID="3236" ThreadID="4736"></Execution>
<Channel>Microsoft-Windows-AppXDeploymentServer/Operational</Channel>
<Computer>WIN-GE1PLB8KFNS</Computer>
<Security UserID="S-1-5-18"></Security>
</System>
<EventData><Data Name="PackageFullName">Microsoft.SecHealthUI_1000.22000.1.0_neutral__8wekyb3d8bbwe</Data>
<Data Name="Flags">0x00000620</Data>
</EventData>
</Event>

<Event xmlns="http://schemas.microsoft.com/win/2004/08/events/event"><System><Provider Name="Microsoft-Windows-AppXDeployment-Server" Guid="{3f471139-acb7-4a01-b7a7-ff5da4ba2d43}"></Provider>
<EventID Qualifiers="">400</EventID>
<Version>0</Version>
<Level>4</Level>
<Task>3</Task>
<Opcode>2</Opcode>
<Keywords>0x4000000000000001</Keywords>
<TimeCreated SystemTime="2022-05-07 01:20:07.239681"></TimeCreated>
<EventRecordID>303</EventRecordID>
<Correlation ActivityID="{824d2842-61b0-0002-382d-4d82b061d801}" RelatedActivityID=""></Correlation>
<Execution ProcessID="3236" ThreadID="4736"></Execution>
<Channel>Microsoft-Windows-AppXDeploymentServer/Operational</Channel>
<Computer>WIN-GE1PLB8KFNS</Computer>
<Security UserID="S-1-5-18"></Security>
</System>
<EventData><Data Name="DeploymentOperation">12</Data>
<Data Name="PackageFullName">microsoft.sechealthui_1000.22000.1.0_neutral__8wekyb3d8bbwe</Data>
<Data Name="Path"> </Data>
<Data Name="MountPoint">C:</Data>
<Data Name="TargetPlatform">0x00000000</Data>
<Data Name="SystemVolume">True</Data>
<Data Name="StorageId">\\?\Volume{bf27b24f-9e98-4395-9110-325985ded282}</Data>
<Data Name="IsCentennial">False</Data>
<Data Name="PackageType">0x00000001</Data>
<Data Name="IsPackageEncrypted">False</Data>
<Data Name="DeploymentOptions">0x0000000010020020</Data>
<Data Name="IsStreamingPackage">False</Data>
<Data Name="IsInRelatedSet">False</Data>
<Data Name="IsPackageUsingBDC">False</Data>
<Data Name="MainPackageFamilyName">NULL</Data>
<Data Name="CallingProcess"></Data>
<Data Name="IsOptional">False</Data>
<Data Name="PackageFlags">0x00000008</Data>
<Data Name="PackageFlags2">0x00000800</Data>
<Data Name="HasWin32alacarte">False</Data>
<Data Name="HasFullTrust">False</Data>
<Data Name="ExternalLocation"></Data>
<Data Name="PackageSourceUri"></Data>
<Data Name="PackageDisplayName">ms-resource:PackageDisplayName</Data>
</EventData>
</Event>

<Event xmlns="http://schemas.microsoft.com/win/2004/08/events/event"><System><Provider Name="Microsoft-Windows-AppXDeployment-Server" Guid="{3f471139-acb7-4a01-b7a7-ff5da4ba2d43}"></Provider>
<EventID Qualifiers="">635</EventID>
<Version>0</Version>
<Level>4</Level>
<Task>3</Task>
<Opcode>0</Opcode>
<Keywords>0x4000000000000001</Keywords>
<TimeCreated SystemTime="2022-05-07 01:20:07.277126"></TimeCreated>
<EventRecordID>304</EventRecordID>
<Correlation ActivityID="{824d2842-61b0-0002-382d-4d82b061d801}" RelatedActivityID=""></Correlation>
<Execution ProcessID="3236" ThreadID="3268"></Execution>
<Channel>Microsoft-Windows-AppXDeploymentServer/Operational</Channel>
<Computer>WIN-GE1PLB8KFNS</Computer>
<Security UserID="S-1-5-18"></Security>
</System>
<EventData><Data Name="PackageFullName">microsoft.sechealthui_1000.22000.1.0_neutral__8wekyb3d8bbwe</Data>
<Data Name="Flags">1</Data>
<Data Name="HResult">0x00000000</Data>
</EventData>
</Event>

<Event xmlns="http://schemas.microsoft.com/win/2004/08/events/event"><System><Provider Name="Microsoft-Windows-AppXDeployment-Server" Guid="{3f471139-acb7-4a01-b7a7-ff5da4ba2d43}"></Provider>
<EventID Qualifiers="">633</EventID>
<Version>0</Version>
<Level>4</Level>
<Task>3</Task>
<Opcode>0</Opcode>
<Keywords>0x4000000000000001</Keywords>
<TimeCreated SystemTime="2022-05-07 01:20:07.277864"></TimeCreated>
<EventRecordID>305</EventRecordID>
<Correlation ActivityID="{824d2842-61b0-0003-d732-4d82b061d801}" RelatedActivityID=""></Correlation>
<Execution ProcessID="3236" ThreadID="3268"></Execution>
<Channel>Microsoft-Windows-AppXDeploymentServer/Operational</Channel>
<Computer>WIN-GE1PLB8KFNS</Computer>
<Security UserID="S-1-5-18"></Security>
</System>
<EventData><Data Name="PackageFullName">microsoft.storepurchaseapp_12203.44.0.0_neutral_~_8wekyb3d8bbwe</Data>
<Data Name="IsInstalled">False</Data>
</EventData>
</Event>

<Event xmlns="http://schemas.microsoft.com/win/2004/08/events/event"><System><Provider Name="Microsoft-Windows-AppXDeployment-Server" Guid="{3f471139-acb7-4a01-b7a7-ff5da4ba2d43}"></Provider>
<EventID Qualifiers="">607</EventID>
<Version>0</Version>
<Level>4</Level>
<Task>0</Task>
<Opcode>0</Opcode>
<Keywords>0x4000000000000001</Keywords>
<TimeCreated SystemTime="2022-05-07 01:20:07.278635"></TimeCreated>
<EventRecordID>306</EventRecordID>
<Correlation ActivityID="{824d2842-61b0-0003-d732-4d82b061d801}" RelatedActivityID=""></Correlation>
<Execution ProcessID="3236" ThreadID="4736"></Execution>
<Channel>Microsoft-Windows-AppXDeploymentServer/Operational</Channel>
<Computer>WIN-GE1PLB8KFNS</Computer>
<Security UserID="S-1-5-18"></Security>
</System>
<EventData><Data Name="DeploymentOperation">12</Data>
<Data Name="PackageFullName">microsoft.storepurchaseapp_12203.44.0.0_neutral_~_8wekyb3d8bbwe</Data>
<Data Name="UserSid">S-1-5-18</Data>
<Data Name="CallingProcess">NULL</Data>
</EventData>
</Event>

<Event xmlns="http://schemas.microsoft.com/win/2004/08/events/event"><System><Provider Name="Microsoft-Windows-AppXDeployment-Server" Guid="{3f471139-acb7-4a01-b7a7-ff5da4ba2d43}"></Provider>
<EventID Qualifiers="">8105</EventID>
<Version>0</Version>
<Level>5</Level>
<Task>49</Task>
<Opcode>0</Opcode>
<Keywords>0x4000000000000001</Keywords>
<TimeCreated SystemTime="2022-05-07 01:20:07.322908"></TimeCreated>
<EventRecordID>307</EventRecordID>
<Correlation ActivityID="{824d2842-61b0-0001-3b2c-4d82b061d801}" RelatedActivityID=""></Correlation>
<Execution ProcessID="3236" ThreadID="1576"></Execution>
<Channel>Microsoft-Windows-AppXDeploymentServer/Operational</Channel>
<Computer>WIN-GE1PLB8KFNS</Computer>
<Security UserID="S-1-5-18"></Security>
</System>
<EventData><Data Name="PackageFullName">Microsoft.Paint_11.2203.2.0_x64__8wekyb3d8bbwe</Data>
<Data Name="NumberOfFiles">331</Data>
</EventData>
</Event>

<Event xmlns="http://schemas.microsoft.com/win/2004/08/events/event"><System><Provider Name="Microsoft-Windows-AppXDeployment-Server" Guid="{3f471139-acb7-4a01-b7a7-ff5da4ba2d43}"></Provider>
<EventID Qualifiers="">8101</EventID>
<Version>0</Version>
<Level>5</Level>
<Task>49</Task>
<Opcode>0</Opcode>
<Keywords>0x4000000000000001</Keywords>
<TimeCreated SystemTime="2022-05-07 01:20:07.323925"></TimeCreated>
<EventRecordID>308</EventRecordID>
<Correlation ActivityID="{824d2842-61b0-0001-3b2c-4d82b061d801}" RelatedActivityID=""></Correlation>
<Execution ProcessID="3236" ThreadID="1576"></Execution>
<Channel>Microsoft-Windows-AppXDeploymentServer/Operational</Channel>
<Computer>WIN-GE1PLB8KFNS</Computer>
<Security UserID="S-1-5-18"></Security>
</System>
<EventData><Data Name="PackageFullName">Microsoft.Paint_11.2203.2.0_x64__8wekyb3d8bbwe</Data>
<Data Name="Flags">0x00000620</Data>
</EventData>
</Event>

<Event xmlns="http://schemas.microsoft.com/win/2004/08/events/event"><System><Provider Name="Microsoft-Windows-AppXDeployment-Server" Guid="{3f471139-acb7-4a01-b7a7-ff5da4ba2d43}"></Provider>
<EventID Qualifiers="">614</EventID>
<Version>0</Version>
<Level>5</Level>
<Task>3</Task>
<Opcode>0</Opcode>
<Keywords>0x4000000000000001</Keywords>
<TimeCreated SystemTime="2022-05-07 01:20:07.333893"></TimeCreated>
<EventRecordID>309</EventRecordID>
<Correlation ActivityID="{824d2842-61b0-0003-d732-4d82b061d801}" RelatedActivityID=""></Correlation>
<Execution ProcessID="3236" ThreadID="4736"></Execution>
<Channel>Microsoft-Windows-AppXDeploymentServer/Operational</Channel>
<Computer>WIN-GE1PLB8KFNS</Computer>
<Security UserID="S-1-5-18"></Security>
</System>
<EventData><Data Name="PathOne">C:\Program Files\WindowsApps\microsoft.storepurchaseapp_12203.44.0.0_neutral_~_8wekyb3d8bbwe\AppxMetadata\AppxBundleManifest.xml</Data>
<Data Name="PathTwo">"PurchaseApp_12203.44.0.0_x64.appx": Microsoft.StorePurchaseApp_12203.44.0.0_x64__8wekyb3d8bbwe "PurchaseApp_12203.44.0.0_x86.appx": Microsoft.StorePurchaseApp_12203.44.0.0_x86__8wekyb3d8bbwe "PurchaseApp_12203.44.0.0_ARM.appx": Microsoft.StorePurchaseApp_12203.44.0.0_arm__8wekyb3d8bbwe "PurchaseApp_12203.44.0.0_language-he.appx": Microsoft.StorePurchaseApp_12203.44.0.0_neutral_split.language-he_8wekyb3d8bbwe "PurchaseApp_12203.44.0.0_language-am.appx": Microsoft.StorePurchaseApp_12203.44.0.0_neutral_split.language-am_8wekyb3d8bbwe "PurchaseApp_12203.44.0.0_language-el.appx": Microsoft.StorePurchaseApp_12203.44.0.0_neutral_split.language-el_8wekyb3d8bbwe "PurchaseApp_12203.44.0.0_language-eu.appx": Microsoft.StorePurchaseApp_12203.44.0.0_neutral_split.language-eu_8wekyb3d8bbwe "PurchaseApp_12203.44.0.0_language-lv.appx": Microsoft.StorePurchaseApp_12203.44.0.0_neutral_split.language-lv_8wekyb3d8bbwe "PurchaseApp_12203.44.0.0_language-kok.appx": Microsoft.StorePurchaseApp_12203.44.0.0_neutral_split.language-kok_8wekyb3d8bbwe "PurchaseApp_12203.44.0.0_language-bn.appx": Microsoft.StorePurchaseApp_12203.44.0.0_neutral_split.language-bn_8wekyb3d8bbwe "PurchaseApp_12203.44.0.0_language-bs.appx": Microsoft.StorePurchaseApp_12203.44.0.0_neutral_split.language-bs_8wekyb3d8bbwe "PurchaseApp_12203.44.0.0_language-as.appx": Microsoft.StorePurchaseApp_12203.44.0.0_neutral_split.language-as_8wekyb3d8bbwe "PurchaseApp_12203.44.0.0_language-ja.appx": Microsoft.StorePurchaseApp_12203.44.0.0_neutral_split.language-ja_8wekyb3d8bbwe "PurchaseApp_12203.44.0.0_language-it.appx": Microsoft.StorePurchaseApp_12203.44.0.0_neutral_split.language-it_8wekyb3d8bbwe "PurchaseApp_12203.44.0.0_language-hy.appx": Microsoft.StorePurchaseApp_12203.44.0.0_neutral_split.language-hy_8wekyb3d8bbwe "PurchaseApp_12203.44.0.0_language-hi.appx": Microsoft.StorePurchaseApp_12203.44.0.0_neutral_split.language-hi_8wekyb3d8bbwe "PurchaseApp_12203.44.0.0_language-ms.appx": Microsoft.StorePurchaseApp_12203.44.0.0_neutral_split.language-ms_8wekyb3d8bbwe "PurchaseApp_12203.44.0.0_language-nl.appx": Microsoft.StorePurchaseApp_12203.44.0.0_neutral_split.language-nl_8wekyb3d8bbwe "PurchaseApp_12203.44.0.0_language-fr.appx": Microsoft.StorePurchaseApp_12203.44.0.0_neutral_split.language-fr_8wekyb3d8bbwe "PurchaseApp_12203.44.0.0_language-km.appx": Microsoft.StorePurchaseApp_12203.44.0.0_neutral_split.language-km_8wekyb3d8bbwe "PurchaseApp_12203.44.0.0_language-fa.appx": Microsoft.StorePurchaseApp_12203.44.0.0_neutral_split.language-fa_8wekyb3d8bbwe "PurchaseApp_12203.44.0.0_language-fi.appx": Microsoft.StorePurchaseApp_12203.44.0.0_neutral_split.language-fi_8wekyb3d8bbwe "PurchaseApp_12203.44.0.0_language-fil-latn.appx": Microsoft.StorePurchaseApp_12203.44.0.0_neutral_split.language-fil-latn_8wekyb3d8bbwe "PurchaseApp_12203.44.0.0_language-uz-latn.appx": Microsoft.StorePurchaseApp_12203.44.0.0_neutral_split.language-uz-latn_8wekyb3d8bbwe "PurchaseApp_12203.44.0.0_language-ga.appx": Microsoft.StorePurchaseApp_12203.44.0.0_neutral_split.language-ga_8wekyb3d8bbwe "PurchaseApp_12203.44.0.0_language-uk.appx": Microsoft.StorePurchaseApp_12203.44.0.0_neutral_split.language-uk_8wekyb3d8bbwe "PurchaseApp_12203.44.0.0_language-gl.appx": Microsoft.StorePurchaseApp_12203.44.0.0_neutral_split.language-gl_8wekyb3d8bbwe "PurchaseApp_12203.44.0.0_language-ug-arab.appx": Microsoft.StorePurchaseApp_12203.44.0.0_neutral_split.language-ug-arab_8wekyb3d8bbwe "PurchaseApp_12203.44.0.0_language-es.appx": Microsoft.StorePurchaseApp_12203.44.0.0_neutral_split.language-es_8wekyb3d8bbwe "PurchaseApp_12203.44.0.0_language-de.appx": Microsoft.StorePurchaseApp_12203.44.0.0_neutral_split.language-de_8wekyb3d8bbwe "PurchaseApp_12203.44.0.0_language-tt-cyrl.appx": Microsoft.StorePurchaseApp_12203.44.0.0_neutral_split.language-tt-cyrl_8wekyb3d8bbwe "PurchaseApp_12203.44.0.0_language-th.appx": Microsoft.StorePurchaseApp_12203.44.0.0_neutral_split.language-th_8wekyb3d8bbwe "PurchaseApp_12203.44.0.0_language-te.appx": Microsoft.StorePurchaseApp_12203.44.0.0_neutral_split.language-te_8wekyb3d8bbwe "PurchaseApp_12203.44.0.0_language-ta.appx": Microsoft.StorePurchaseApp_12203.44.0.0_neutral_split.language-ta_8wekyb3d8bbwe "PurchaseApp_12203.44.0.0_language-ru.appx": Microsoft.StorePurchaseApp_12203.44.0.0_neutral_split.language-ru_8wekyb3d8bbwe "PurchaseApp_12203.44.0.0_language-quz-latn.appx": Microsoft.StorePurchaseApp_12203.44.0.0_neutral_split.language-quz-latn_8wekyb3d8bbwe "PurchaseApp_12203.44.0.0_language-pt.appx": Microsoft.StorePurchaseApp_12203.44.0.0_neutral_split.language-pt_8wekyb3d8bbwe "PurchaseApp_12203.44.0.0_language-ka.appx": Microsoft.StorePurchaseApp_12203.44.0.0_neutral_split.language-ka_8wekyb3d8bbwe "PurchaseApp_12203.44.0.0_language-or.appx": Microsoft.StorePurchaseApp_12203.44.0.0_neutral_split.language-or_8wekyb3d8bbwe "PurchaseApp_12203.44.0.0_language-nn.appx": Microsoft.StorePurchaseApp_12203.44.0.0_neutral_split.language-nn_8wekyb3d8bbwe "PurchaseApp_12203.44.0.0_language-kn.appx": Microsoft.StorePurchaseApp_12203.44.0.0_neutral_split.language-kn_8wekyb3d8bbwe "PurchaseApp_12203.44.0.0_language-ne.appx": Microsoft.StorePurchaseApp_12203.44.0.0_neutral_split.language-ne_8wekyb3d8bbwe "PurchaseApp_12203.44.0.0_language-lb.appx": Microsoft.StorePurchaseApp_12203.44.0.0_neutral_split.language-lb_8wekyb3d8bbwe "PurchaseApp_12203.44.0.0_language-ar.appx": Microsoft.StorePurchaseApp_12203.44.0.0_neutral_split.language-ar_8wekyb3d8bbwe "PurchaseApp_12203.44.0.0_language-is.appx": Microsoft.StorePurchaseApp_12203.44.0.0_neutral_split.language-is_8wekyb3d8bbwe "PurchaseApp_12203.44.0.0_language-hu.appx": Microsoft.StorePurchaseApp_12203.44.0.0_neutral_split.language-hu_8wekyb3d8bbwe "PurchaseApp_12203.44.0.0_language-da.appx": Microsoft.StorePurchaseApp_12203.44.0.0_neutral_split.language-da_8wekyb3d8bbwe "PurchaseApp_12203.44.0.0_language-id.appx": Microsoft.StorePurchaseApp_12203.44.0.0_neutral_split.language-id_8wekyb3d8bbwe "PurchaseApp_12203.44.0.0_language-sr-latn.appx": Microsoft.StorePurchaseApp_12203.44.0.0_neutral_split.language-sr-latn_8wekyb3d8bbwe "PurchaseApp_12203.44.0.0_language-ml.appx": Microsoft.StorePurchaseApp_12203.44.0.0_neutral_split.language-ml_8wekyb3d8bbwe "PurchaseApp_12203.44.0.0_language-sr-cyrl.appx": Microsoft.StorePurchaseApp_12203.44.0.0_neutral_split.language-sr-cyrl_8wekyb3d8bbwe "PurchaseApp_12203.44.0.0_language-zh-hant.appx": Microsoft.StorePurchaseApp_12203.44.0.0_neutral_split.language-zh-hant_8wekyb3d8bbwe "PurchaseApp_12203.44.0.0_language-sq.appx": Microsoft.StorePurchaseApp_12203.44.0.0_neutral_split.language-sq_8wekyb3d8bbwe "PurchaseApp_12203.44.0.0_language-nb.appx": Microsoft.StorePurchaseApp_12203.44.0.0_neutral_split.language-nb_8wekyb3d8bbwe "PurchaseApp_12203.44.0.0_language-ko.appx": Microsoft.StorePurchaseApp_12203.44.0.0_neutral_split.language-ko_8wekyb3d8bbwe "PurchaseApp_12203.44.0.0_language-af.appx": Microsoft.StorePurchaseApp_12203.44.0.0_neutral_split.language-af_8wekyb3d8bbwe "PurchaseApp_12203.44.0.0_language-ca.appx": Microsoft.StorePurchaseApp_12203.44.0.0_neutral_split.language-ca_8wekyb3d8bbwe "PurchaseApp_12203.44.0.0_language-zh-hans.appx": Microsoft.StorePurchaseApp_12203.44.0.0_neutral_split.language-zh-hans_8wekyb3d8bbwe "PurchaseApp_12203.44.0.0_language-pa.appx": Microsoft.StorePurchaseApp_12203.44.0.0_neutral_split.language-pa_8wekyb3d8bbwe "PurchaseApp_12203.44.0.0_language-et.appx": Microsoft.StorePurchaseApp_12203.44.0.0_neutral_split.language-et_8wekyb3d8bbwe "PurchaseApp_12203.44.0.0_language-sl.appx": Microsoft.StorePurchaseApp_12203.44.0.0_neutral_split.language-sl_8wekyb3d8bbwe "PurchaseApp_12203.44.0.0_language-cy.appx": Microsoft.StorePurchaseApp_12203.44.0.0_neutral_split.language-cy_8wekyb3d8bbwe "PurchaseApp_12203.44.0.0_language-ro.appx": Microsoft.StorePurchaseApp_12203.44.0.0_neutral_split.language-ro_8wekyb3d8bbwe "PurchaseApp_12203.44.0.0_language-sk.appx": Microsoft.StorePurchaseApp_12203.44.0.0_neutral_split.language-sk_8wekyb3d8bbwe "PurchaseApp_12203.44.0.0_language-tr.appx": Microsoft.StorePurchaseApp_12203.44.0.0_neutral_split.language-tr_8wekyb3d8bbwe "PurchaseApp_12203.44.0.0_language-cs.appx": Microsoft.StorePurchaseApp_12203.44.0.0_neutral_split.language-cs_8wekyb3d8bbwe "PurchaseApp_12203.44.0.0_language-bg.appx": Microsoft.StorePurchaseApp_12203.44.0.0_neutral_split.language-bg_8wekyb3d8bbwe "PurchaseApp_12203.44.0.0_language-mr.appx": Microsoft.StorePurchaseApp_12203.44.0.0_neutral_split.language-mr_8wekyb3d8bbwe "PurchaseApp_12203.44.0.0_language-mk.appx": Microsoft.StorePurchaseApp_12203.44.0.0_neutral_split.language-mk_8wekyb3d8bbwe "PurchaseApp_12203.44.0.0_language-sv.appx": Microsoft.StorePurchaseApp_12203.44.0.0_neutral_split.language-sv_8wekyb3d8bbwe "PurchaseApp_12203.44.0.0_language-mi-latn.appx": Microsoft.StorePurchaseApp_12203.44.0.0_neutral_split.language-mi-latn_8wekyb3d8bbwe "PurchaseApp_12203.44.0.0_language-az-latn.appx": Microsoft.StorePurchaseApp_12203.44.0.0_neutral_split.language-az-latn_8wekyb3d8bbwe "PurchaseApp_12203.44.0.0_language-lt.appx": Microsoft.StorePurchaseApp_12203.44.0.0_neutral_split.language-lt_8wekyb3d8bbwe "PurchaseApp_12203.44.0.0_language-lo.appx": Microsoft.StorePurchaseApp_12203.44.0.0_neutral_split.language-lo_8wekyb3d8bbwe "PurchaseApp_12203.44.0.0_language-hr.appx": Microsoft.StorePurchaseApp_12203.44.0.0_neutral_split.language-hr_8wekyb3d8bbwe "PurchaseApp_12203.44.0.0_language-mt.appx": Microsoft.StorePurchaseApp_12203.44.0.0_neutral_split.language-mt_8wekyb3d8bbwe "PurchaseApp_12203.44.0.0_language-ur.appx": Microsoft.StorePurchaseApp_12203.44.0.0_neutral_split.language-ur_8wekyb3d8bbwe "PurchaseApp_12203.44.0.0_language-kk.appx": Microsoft.StorePurchaseApp_12203.44.0.0_neutral_split.language-kk_8wekyb3d8bbwe "PurchaseApp_12203.44.0.0_language-vi.appx": Microsoft.StorePurchaseApp_12203.44.0.0_neutral_split.language-vi_8wekyb3d8bbwe "PurchaseApp_12203.44.0.0_language-gu.appx": Microsoft.StorePurchaseApp_12203.44.0.0_neutral_split.language-gu_8wekyb3d8bbwe "PurchaseApp_12203.44.0.0_language-gd-latn.appx": Microsoft.StorePurchaseApp_12203.44.0.0_neutral_split.language-gd-latn_8wekyb3d8bbwe "PurchaseApp_12203.44.0.0_language-pl.appx": Microsoft.StorePurchaseApp_12203.44.0.0_neutral_split.language-pl_8wekyb3d8bbwe</Data>
</EventData>
</Event>

<Event xmlns="http://schemas.microsoft.com/win/2004/08/events/event"><System><Provider Name="Microsoft-Windows-AppXDeployment-Server" Guid="{3f471139-acb7-4a01-b7a7-ff5da4ba2d43}"></Provider>
<EventID Qualifiers="">854</EventID>
<Version>0</Version>
<Level>4</Level>
<Task>3</Task>
<Opcode>0</Opcode>
<Keywords>0x4000000000000001</Keywords>
<TimeCreated SystemTime="2022-05-07 01:20:07.349680"></TimeCreated>
<EventRecordID>310</EventRecordID>
<Correlation ActivityID="{824d2842-61b0-0003-d732-4d82b061d801}" RelatedActivityID=""></Correlation>
<Execution ProcessID="3236" ThreadID="4736"></Execution>
<Channel>Microsoft-Windows-AppXDeploymentServer/Operational</Channel>
<Computer>WIN-GE1PLB8KFNS</Computer>
<Security UserID="S-1-5-18"></Security>
</System>
<EventData><Data Name="Path"> C:\Program Files\WindowsApps\microsoft.storepurchaseapp_12203.44.0.0_neutral_~_8wekyb3d8bbwe\AppxMetadata\AppxBundleManifest.xml C:\Program Files\WindowsApps\Microsoft.StorePurchaseApp_12203.44.0.0_x64__8wekyb3d8bbwe\AppxManifest.xml</Data>
</EventData>
</Event>

<Event xmlns="http://schemas.microsoft.com/win/2004/08/events/event"><System><Provider Name="Microsoft-Windows-AppXDeployment-Server" Guid="{3f471139-acb7-4a01-b7a7-ff5da4ba2d43}"></Provider>
<EventID Qualifiers="">8100</EventID>
<Version>0</Version>
<Level>5</Level>
<Task>49</Task>
<Opcode>0</Opcode>
<Keywords>0x4000000000000001</Keywords>
<TimeCreated SystemTime="2022-05-07 01:20:07.488026"></TimeCreated>
<EventRecordID>311</EventRecordID>
<Correlation ActivityID="{824d2842-61b0-0003-d732-4d82b061d801}" RelatedActivityID=""></Correlation>
<Execution ProcessID="3236" ThreadID="4736"></Execution>
<Channel>Microsoft-Windows-AppXDeploymentServer/Operational</Channel>
<Computer>WIN-GE1PLB8KFNS</Computer>
<Security UserID="S-1-5-18"></Security>
</System>
<EventData><Data Name="PackageFullName">Microsoft.StorePurchaseApp_12203.44.0.0_neutral_~_8wekyb3d8bbwe</Data>
<Data Name="Flags">0x00000620</Data>
</EventData>
</Event>

<Event xmlns="http://schemas.microsoft.com/win/2004/08/events/event"><System><Provider Name="Microsoft-Windows-AppXDeployment-Server" Guid="{3f471139-acb7-4a01-b7a7-ff5da4ba2d43}"></Provider>
<EventID Qualifiers="">8100</EventID>
<Version>0</Version>
<Level>5</Level>
<Task>49</Task>
<Opcode>0</Opcode>
<Keywords>0x4000000000000001</Keywords>
<TimeCreated SystemTime="2022-05-07 01:20:07.492027"></TimeCreated>
<EventRecordID>312</EventRecordID>
<Correlation ActivityID="{824d2842-61b0-0003-d732-4d82b061d801}" RelatedActivityID=""></Correlation>
<Execution ProcessID="3236" ThreadID="4736"></Execution>
<Channel>Microsoft-Windows-AppXDeploymentServer/Operational</Channel>
<Computer>WIN-GE1PLB8KFNS</Computer>
<Security UserID="S-1-5-18"></Security>
</System>
<EventData><Data Name="PackageFullName">Microsoft.StorePurchaseApp_12203.44.0.0_x64__8wekyb3d8bbwe</Data>
<Data Name="Flags">0x00000620</Data>
</EventData>
</Event>

<Event xmlns="http://schemas.microsoft.com/win/2004/08/events/event"><System><Provider Name="Microsoft-Windows-AppXDeployment-Server" Guid="{3f471139-acb7-4a01-b7a7-ff5da4ba2d43}"></Provider>
<EventID Qualifiers="">8105</EventID>
<Version>0</Version>
<Level>5</Level>
<Task>49</Task>
<Opcode>0</Opcode>
<Keywords>0x4000000000000001</Keywords>
<TimeCreated SystemTime="2022-05-07 01:20:07.578255"></TimeCreated>
<EventRecordID>313</EventRecordID>
<Correlation ActivityID="{824d2842-61b0-0003-d732-4d82b061d801}" RelatedActivityID=""></Correlation>
<Execution ProcessID="3236" ThreadID="3368"></Execution>
<Channel>Microsoft-Windows-AppXDeploymentServer/Operational</Channel>
<Computer>WIN-GE1PLB8KFNS</Computer>
<Security UserID="S-1-5-18"></Security>
</System>
<EventData><Data Name="PackageFullName">Microsoft.StorePurchaseApp_12203.44.0.0_neutral_~_8wekyb3d8bbwe</Data>
<Data Name="NumberOfFiles">1</Data>
</EventData>
</Event>

<Event xmlns="http://schemas.microsoft.com/win/2004/08/events/event"><System><Provider Name="Microsoft-Windows-AppXDeployment-Server" Guid="{3f471139-acb7-4a01-b7a7-ff5da4ba2d43}"></Provider>
<EventID Qualifiers="">8101</EventID>
<Version>0</Version>
<Level>5</Level>
<Task>49</Task>
<Opcode>0</Opcode>
<Keywords>0x4000000000000001</Keywords>
<TimeCreated SystemTime="2022-05-07 01:20:07.578300"></TimeCreated>
<EventRecordID>314</EventRecordID>
<Correlation ActivityID="{824d2842-61b0-0003-d732-4d82b061d801}" RelatedActivityID=""></Correlation>
<Execution ProcessID="3236" ThreadID="3368"></Execution>
<Channel>Microsoft-Windows-AppXDeploymentServer/Operational</Channel>
<Computer>WIN-GE1PLB8KFNS</Computer>
<Security UserID="S-1-5-18"></Security>
</System>
<EventData><Data Name="PackageFullName">Microsoft.StorePurchaseApp_12203.44.0.0_neutral_~_8wekyb3d8bbwe</Data>
<Data Name="Flags">0x00000620</Data>
</EventData>
</Event>

<Event xmlns="http://schemas.microsoft.com/win/2004/08/events/event"><System><Provider Name="Microsoft-Windows-AppXDeployment-Server" Guid="{3f471139-acb7-4a01-b7a7-ff5da4ba2d43}"></Provider>
<EventID Qualifiers="">400</EventID>
<Version>0</Version>
<Level>4</Level>
<Task>3</Task>
<Opcode>2</Opcode>
<Keywords>0x4000000000000001</Keywords>
<TimeCreated SystemTime="2022-05-07 01:20:07.583376"></TimeCreated>
<EventRecordID>315</EventRecordID>
<Correlation ActivityID="{824d2842-61b0-0003-d732-4d82b061d801}" RelatedActivityID=""></Correlation>
<Execution ProcessID="3236" ThreadID="4736"></Execution>
<Channel>Microsoft-Windows-AppXDeploymentServer/Operational</Channel>
<Computer>WIN-GE1PLB8KFNS</Computer>
<Security UserID="S-1-5-18"></Security>
</System>
<EventData><Data Name="DeploymentOperation">12</Data>
<Data Name="PackageFullName">microsoft.storepurchaseapp_12203.44.0.0_neutral_~_8wekyb3d8bbwe</Data>
<Data Name="Path"> </Data>
<Data Name="MountPoint">C:</Data>
<Data Name="TargetPlatform">0x00000000</Data>
<Data Name="SystemVolume">True</Data>
<Data Name="StorageId">\\?\Volume{bf27b24f-9e98-4395-9110-325985ded282}</Data>
<Data Name="IsCentennial">False</Data>
<Data Name="PackageType">0x00000008</Data>
<Data Name="IsPackageEncrypted">False</Data>
<Data Name="DeploymentOptions">0x0000000010020020</Data>
<Data Name="IsStreamingPackage">False</Data>
<Data Name="IsInRelatedSet">False</Data>
<Data Name="IsPackageUsingBDC">False</Data>
<Data Name="MainPackageFamilyName">NULL</Data>
<Data Name="CallingProcess"></Data>
<Data Name="IsOptional">False</Data>
<Data Name="PackageFlags">0x00000000</Data>
<Data Name="PackageFlags2">0x00000800</Data>
<Data Name="HasWin32alacarte">False</Data>
<Data Name="HasFullTrust">False</Data>
<Data Name="ExternalLocation"></Data>
<Data Name="PackageSourceUri"></Data>
<Data Name="PackageDisplayName"> </Data>
</EventData>
</Event>

<Event xmlns="http://schemas.microsoft.com/win/2004/08/events/event"><System><Provider Name="Microsoft-Windows-AppXDeployment-Server" Guid="{3f471139-acb7-4a01-b7a7-ff5da4ba2d43}"></Provider>
<EventID Qualifiers="">478</EventID>
<Version>0</Version>
<Level>5</Level>
<Task>3</Task>
<Opcode>0</Opcode>
<Keywords>0x4000000000000001</Keywords>
<TimeCreated SystemTime="2022-05-07 01:20:07.586906"></TimeCreated>
<EventRecordID>316</EventRecordID>
<Correlation ActivityID="{824d2842-61b0-0003-d732-4d82b061d801}" RelatedActivityID=""></Correlation>
<Execution ProcessID="3236" ThreadID="4736"></Execution>
<Channel>Microsoft-Windows-AppXDeploymentServer/Operational</Channel>
<Computer>WIN-GE1PLB8KFNS</Computer>
<Security UserID="S-1-5-18"></Security>
</System>
<EventData><Data Name="DeploymentOperation">12</Data>
<Data Name="PackageFullName">Microsoft.StorePurchaseApp_12203.44.0.0_x64__8wekyb3d8bbwe</Data>
<Data Name="Path"> </Data>
<Data Name="MountPoint">C:</Data>
<Data Name="TargetPlatform">0x00000000</Data>
<Data Name="SystemVolume">True</Data>
<Data Name="StorageId">\\?\Volume{bf27b24f-9e98-4395-9110-325985ded282}</Data>
<Data Name="IsCentennial">False</Data>
<Data Name="PackageType">0x00000001</Data>
<Data Name="IsPackageEncrypted">False</Data>
<Data Name="DeploymentOptions">0x0000000010020020</Data>
<Data Name="IsStreamingPackage">False</Data>
<Data Name="IsInRelatedSet">False</Data>
<Data Name="IsPackageUsingBDC">False</Data>
<Data Name="MainPackageFamilyName">NULL</Data>
<Data Name="CallingProcess"></Data>
<Data Name="IsOptional">False</Data>
<Data Name="PackageFlags">0x00000008</Data>
<Data Name="PackageFlags2">0x00000800</Data>
<Data Name="HasWin32alacarte">False</Data>
<Data Name="HasFullTrust">False</Data>
<Data Name="ExternalLocation"></Data>
<Data Name="PackageSourceUri"></Data>
<Data Name="PackageDisplayName">ms-resource:DisplayTitle</Data>
</EventData>
</Event>

<Event xmlns="http://schemas.microsoft.com/win/2004/08/events/event"><System><Provider Name="Microsoft-Windows-AppXDeployment-Server" Guid="{3f471139-acb7-4a01-b7a7-ff5da4ba2d43}"></Provider>
<EventID Qualifiers="">635</EventID>
<Version>0</Version>
<Level>4</Level>
<Task>3</Task>
<Opcode>0</Opcode>
<Keywords>0x4000000000000001</Keywords>
<TimeCreated SystemTime="2022-05-07 01:20:07.634846"></TimeCreated>
<EventRecordID>317</EventRecordID>
<Correlation ActivityID="{824d2842-61b0-0003-d732-4d82b061d801}" RelatedActivityID=""></Correlation>
<Execution ProcessID="3236" ThreadID="3268"></Execution>
<Channel>Microsoft-Windows-AppXDeploymentServer/Operational</Channel>
<Computer>WIN-GE1PLB8KFNS</Computer>
<Security UserID="S-1-5-18"></Security>
</System>
<EventData><Data Name="PackageFullName">microsoft.storepurchaseapp_12203.44.0.0_neutral_~_8wekyb3d8bbwe</Data>
<Data Name="Flags">1</Data>
<Data Name="HResult">0x00000000</Data>
</EventData>
</Event>

<Event xmlns="http://schemas.microsoft.com/win/2004/08/events/event"><System><Provider Name="Microsoft-Windows-AppXDeployment-Server" Guid="{3f471139-acb7-4a01-b7a7-ff5da4ba2d43}"></Provider>
<EventID Qualifiers="">633</EventID>
<Version>0</Version>
<Level>4</Level>
<Task>3</Task>
<Opcode>0</Opcode>
<Keywords>0x4000000000000001</Keywords>
<TimeCreated SystemTime="2022-05-07 01:20:07.635538"></TimeCreated>
<EventRecordID>318</EventRecordID>
<Correlation ActivityID="{824d2842-61b0-0001-5e2c-4d82b061d801}" RelatedActivityID=""></Correlation>
<Execution ProcessID="3236" ThreadID="3268"></Execution>
<Channel>Microsoft-Windows-AppXDeploymentServer/Operational</Channel>
<Computer>WIN-GE1PLB8KFNS</Computer>
<Security UserID="S-1-5-18"></Security>
</System>
<EventData><Data Name="PackageFullName">microsoft.ui.xaml.2.4_2.42007.9001.0_x64__8wekyb3d8bbwe</Data>
<Data Name="IsInstalled">False</Data>
</EventData>
</Event>

<Event xmlns="http://schemas.microsoft.com/win/2004/08/events/event"><System><Provider Name="Microsoft-Windows-AppXDeployment-Server" Guid="{3f471139-acb7-4a01-b7a7-ff5da4ba2d43}"></Provider>
<EventID Qualifiers="">607</EventID>
<Version>0</Version>
<Level>4</Level>
<Task>0</Task>
<Opcode>0</Opcode>
<Keywords>0x4000000000000001</Keywords>
<TimeCreated SystemTime="2022-05-07 01:20:07.635872"></TimeCreated>
<EventRecordID>319</EventRecordID>
<Correlation ActivityID="{824d2842-61b0-0001-5e2c-4d82b061d801}" RelatedActivityID=""></Correlation>
<Execution ProcessID="3236" ThreadID="4736"></Execution>
<Channel>Microsoft-Windows-AppXDeploymentServer/Operational</Channel>
<Computer>WIN-GE1PLB8KFNS</Computer>
<Security UserID="S-1-5-18"></Security>
</System>
<EventData><Data Name="DeploymentOperation">12</Data>
<Data Name="PackageFullName">microsoft.ui.xaml.2.4_2.42007.9001.0_x64__8wekyb3d8bbwe</Data>
<Data Name="UserSid">S-1-5-18</Data>
<Data Name="CallingProcess">NULL</Data>
</EventData>
</Event>

<Event xmlns="http://schemas.microsoft.com/win/2004/08/events/event"><System><Provider Name="Microsoft-Windows-AppXDeployment-Server" Guid="{3f471139-acb7-4a01-b7a7-ff5da4ba2d43}"></Provider>
<EventID Qualifiers="">854</EventID>
<Version>0</Version>
<Level>4</Level>
<Task>3</Task>
<Opcode>0</Opcode>
<Keywords>0x4000000000000001</Keywords>
<TimeCreated SystemTime="2022-05-07 01:20:07.704723"></TimeCreated>
<EventRecordID>320</EventRecordID>
<Correlation ActivityID="{824d2842-61b0-0001-5e2c-4d82b061d801}" RelatedActivityID=""></Correlation>
<Execution ProcessID="3236" ThreadID="4736"></Execution>
<Channel>Microsoft-Windows-AppXDeploymentServer/Operational</Channel>
<Computer>WIN-GE1PLB8KFNS</Computer>
<Security UserID="S-1-5-18"></Security>
</System>
<EventData><Data Name="Path"> C:\Program Files\WindowsApps\microsoft.ui.xaml.2.4_2.42007.9001.0_x64__8wekyb3d8bbwe\AppxManifest.xml</Data>
</EventData>
</Event>

<Event xmlns="http://schemas.microsoft.com/win/2004/08/events/event"><System><Provider Name="Microsoft-Windows-AppXDeployment-Server" Guid="{3f471139-acb7-4a01-b7a7-ff5da4ba2d43}"></Provider>
<EventID Qualifiers="">8100</EventID>
<Version>0</Version>
<Level>5</Level>
<Task>49</Task>
<Opcode>0</Opcode>
<Keywords>0x4000000000000001</Keywords>
<TimeCreated SystemTime="2022-05-07 01:20:07.727886"></TimeCreated>
<EventRecordID>321</EventRecordID>
<Correlation ActivityID="{824d2842-61b0-0001-5e2c-4d82b061d801}" RelatedActivityID=""></Correlation>
<Execution ProcessID="3236" ThreadID="4736"></Execution>
<Channel>Microsoft-Windows-AppXDeploymentServer/Operational</Channel>
<Computer>WIN-GE1PLB8KFNS</Computer>
<Security UserID="S-1-5-18"></Security>
</System>
<EventData><Data Name="PackageFullName">Microsoft.UI.Xaml.2.4_2.42007.9001.0_x64__8wekyb3d8bbwe</Data>
<Data Name="Flags">0x00000620</Data>
</EventData>
</Event>

<Event xmlns="http://schemas.microsoft.com/win/2004/08/events/event"><System><Provider Name="Microsoft-Windows-AppXDeployment-Server" Guid="{3f471139-acb7-4a01-b7a7-ff5da4ba2d43}"></Provider>
<EventID Qualifiers="">400</EventID>
<Version>0</Version>
<Level>4</Level>
<Task>3</Task>
<Opcode>2</Opcode>
<Keywords>0x4000000000000001</Keywords>
<TimeCreated SystemTime="2022-05-07 01:20:07.805355"></TimeCreated>
<EventRecordID>322</EventRecordID>
<Correlation ActivityID="{824d2842-61b0-0001-5e2c-4d82b061d801}" RelatedActivityID=""></Correlation>
<Execution ProcessID="3236" ThreadID="4736"></Execution>
<Channel>Microsoft-Windows-AppXDeploymentServer/Operational</Channel>
<Computer>WIN-GE1PLB8KFNS</Computer>
<Security UserID="S-1-5-18"></Security>
</System>
<EventData><Data Name="DeploymentOperation">12</Data>
<Data Name="PackageFullName">microsoft.ui.xaml.2.4_2.42007.9001.0_x64__8wekyb3d8bbwe</Data>
<Data Name="Path"> </Data>
<Data Name="MountPoint">C:</Data>
<Data Name="TargetPlatform">0x00000000</Data>
<Data Name="SystemVolume">True</Data>
<Data Name="StorageId">\\?\Volume{bf27b24f-9e98-4395-9110-325985ded282}</Data>
<Data Name="IsCentennial">False</Data>
<Data Name="PackageType">0x00000002</Data>
<Data Name="IsPackageEncrypted">False</Data>
<Data Name="DeploymentOptions">0x0000000010020020</Data>
<Data Name="IsStreamingPackage">False</Data>
<Data Name="IsInRelatedSet">False</Data>
<Data Name="IsPackageUsingBDC">False</Data>
<Data Name="MainPackageFamilyName">NULL</Data>
<Data Name="CallingProcess"></Data>
<Data Name="IsOptional">False</Data>
<Data Name="PackageFlags">0x00000008</Data>
<Data Name="PackageFlags2">0x00000800</Data>
<Data Name="HasWin32alacarte">False</Data>
<Data Name="HasFullTrust">False</Data>
<Data Name="ExternalLocation"></Data>
<Data Name="PackageSourceUri"></Data>
<Data Name="PackageDisplayName">Microsoft.UI.Xaml.2.4</Data>
</EventData>
</Event>

<Event xmlns="http://schemas.microsoft.com/win/2004/08/events/event"><System><Provider Name="Microsoft-Windows-AppXDeployment-Server" Guid="{3f471139-acb7-4a01-b7a7-ff5da4ba2d43}"></Provider>
<EventID Qualifiers="">635</EventID>
<Version>0</Version>
<Level>4</Level>
<Task>3</Task>
<Opcode>0</Opcode>
<Keywords>0x4000000000000001</Keywords>
<TimeCreated SystemTime="2022-05-07 01:20:07.842867"></TimeCreated>
<EventRecordID>323</EventRecordID>
<Correlation ActivityID="{824d2842-61b0-0001-5e2c-4d82b061d801}" RelatedActivityID=""></Correlation>
<Execution ProcessID="3236" ThreadID="3268"></Execution>
<Channel>Microsoft-Windows-AppXDeploymentServer/Operational</Channel>
<Computer>WIN-GE1PLB8KFNS</Computer>
<Security UserID="S-1-5-18"></Security>
</System>
<EventData><Data Name="PackageFullName">microsoft.ui.xaml.2.4_2.42007.9001.0_x64__8wekyb3d8bbwe</Data>
<Data Name="Flags">1</Data>
<Data Name="HResult">0x00000000</Data>
</EventData>
</Event>

<Event xmlns="http://schemas.microsoft.com/win/2004/08/events/event"><System><Provider Name="Microsoft-Windows-AppXDeployment-Server" Guid="{3f471139-acb7-4a01-b7a7-ff5da4ba2d43}"></Provider>
<EventID Qualifiers="">633</EventID>
<Version>0</Version>
<Level>4</Level>
<Task>3</Task>
<Opcode>0</Opcode>
<Keywords>0x4000000000000001</Keywords>
<TimeCreated SystemTime="2022-05-07 01:20:07.843365"></TimeCreated>
<EventRecordID>324</EventRecordID>
<Correlation ActivityID="{824d2842-61b0-0001-6b2c-4d82b061d801}" RelatedActivityID=""></Correlation>
<Execution ProcessID="3236" ThreadID="3268"></Execution>
<Channel>Microsoft-Windows-AppXDeploymentServer/Operational</Channel>
<Computer>WIN-GE1PLB8KFNS</Computer>
<Security UserID="S-1-5-18"></Security>
</System>
<EventData><Data Name="PackageFullName">microsoft.ui.xaml.2.4_2.42007.9001.0_x86__8wekyb3d8bbwe</Data>
<Data Name="IsInstalled">False</Data>
</EventData>
</Event>

<Event xmlns="http://schemas.microsoft.com/win/2004/08/events/event"><System><Provider Name="Microsoft-Windows-AppXDeployment-Server" Guid="{3f471139-acb7-4a01-b7a7-ff5da4ba2d43}"></Provider>
<EventID Qualifiers="">607</EventID>
<Version>0</Version>
<Level>4</Level>
<Task>0</Task>
<Opcode>0</Opcode>
<Keywords>0x4000000000000001</Keywords>
<TimeCreated SystemTime="2022-05-07 01:20:07.843777"></TimeCreated>
<EventRecordID>325</EventRecordID>
<Correlation ActivityID="{824d2842-61b0-0001-6b2c-4d82b061d801}" RelatedActivityID=""></Correlation>
<Execution ProcessID="3236" ThreadID="4736"></Execution>
<Channel>Microsoft-Windows-AppXDeploymentServer/Operational</Channel>
<Computer>WIN-GE1PLB8KFNS</Computer>
<Security UserID="S-1-5-18"></Security>
</System>
<EventData><Data Name="DeploymentOperation">12</Data>
<Data Name="PackageFullName">microsoft.ui.xaml.2.4_2.42007.9001.0_x86__8wekyb3d8bbwe</Data>
<Data Name="UserSid">S-1-5-18</Data>
<Data Name="CallingProcess">NULL</Data>
</EventData>
</Event>

<Event xmlns="http://schemas.microsoft.com/win/2004/08/events/event"><System><Provider Name="Microsoft-Windows-AppXDeployment-Server" Guid="{3f471139-acb7-4a01-b7a7-ff5da4ba2d43}"></Provider>
<EventID Qualifiers="">854</EventID>
<Version>0</Version>
<Level>4</Level>
<Task>3</Task>
<Opcode>0</Opcode>
<Keywords>0x4000000000000001</Keywords>
<TimeCreated SystemTime="2022-05-07 01:20:07.909323"></TimeCreated>
<EventRecordID>326</EventRecordID>
<Correlation ActivityID="{824d2842-61b0-0001-6b2c-4d82b061d801}" RelatedActivityID=""></Correlation>
<Execution ProcessID="3236" ThreadID="4736"></Execution>
<Channel>Microsoft-Windows-AppXDeploymentServer/Operational</Channel>
<Computer>WIN-GE1PLB8KFNS</Computer>
<Security UserID="S-1-5-18"></Security>
</System>
<EventData><Data Name="Path"> C:\Program Files\WindowsApps\microsoft.ui.xaml.2.4_2.42007.9001.0_x86__8wekyb3d8bbwe\AppxManifest.xml</Data>
</EventData>
</Event>

<Event xmlns="http://schemas.microsoft.com/win/2004/08/events/event"><System><Provider Name="Microsoft-Windows-AppXDeployment-Server" Guid="{3f471139-acb7-4a01-b7a7-ff5da4ba2d43}"></Provider>
<EventID Qualifiers="">8100</EventID>
<Version>0</Version>
<Level>5</Level>
<Task>49</Task>
<Opcode>0</Opcode>
<Keywords>0x4000000000000001</Keywords>
<TimeCreated SystemTime="2022-05-07 01:20:07.932518"></TimeCreated>
<EventRecordID>327</EventRecordID>
<Correlation ActivityID="{824d2842-61b0-0001-6b2c-4d82b061d801}" RelatedActivityID=""></Correlation>
<Execution ProcessID="3236" ThreadID="4736"></Execution>
<Channel>Microsoft-Windows-AppXDeploymentServer/Operational</Channel>
<Computer>WIN-GE1PLB8KFNS</Computer>
<Security UserID="S-1-5-18"></Security>
</System>
<EventData><Data Name="PackageFullName">Microsoft.UI.Xaml.2.4_2.42007.9001.0_x86__8wekyb3d8bbwe</Data>
<Data Name="Flags">0x00000620</Data>
</EventData>
</Event>

<Event xmlns="http://schemas.microsoft.com/win/2004/08/events/event"><System><Provider Name="Microsoft-Windows-AppXDeployment-Server" Guid="{3f471139-acb7-4a01-b7a7-ff5da4ba2d43}"></Provider>
<EventID Qualifiers="">400</EventID>
<Version>0</Version>
<Level>4</Level>
<Task>3</Task>
<Opcode>2</Opcode>
<Keywords>0x4000000000000001</Keywords>
<TimeCreated SystemTime="2022-05-07 01:20:08.005018"></TimeCreated>
<EventRecordID>328</EventRecordID>
<Correlation ActivityID="{824d2842-61b0-0001-6b2c-4d82b061d801}" RelatedActivityID=""></Correlation>
<Execution ProcessID="3236" ThreadID="4736"></Execution>
<Channel>Microsoft-Windows-AppXDeploymentServer/Operational</Channel>
<Computer>WIN-GE1PLB8KFNS</Computer>
<Security UserID="S-1-5-18"></Security>
</System>
<EventData><Data Name="DeploymentOperation">12</Data>
<Data Name="PackageFullName">microsoft.ui.xaml.2.4_2.42007.9001.0_x86__8wekyb3d8bbwe</Data>
<Data Name="Path"> </Data>
<Data Name="MountPoint">C:</Data>
<Data Name="TargetPlatform">0x00000000</Data>
<Data Name="SystemVolume">True</Data>
<Data Name="StorageId">\\?\Volume{bf27b24f-9e98-4395-9110-325985ded282}</Data>
<Data Name="IsCentennial">False</Data>
<Data Name="PackageType">0x00000002</Data>
<Data Name="IsPackageEncrypted">False</Data>
<Data Name="DeploymentOptions">0x0000000010020020</Data>
<Data Name="IsStreamingPackage">False</Data>
<Data Name="IsInRelatedSet">False</Data>
<Data Name="IsPackageUsingBDC">False</Data>
<Data Name="MainPackageFamilyName">NULL</Data>
<Data Name="CallingProcess"></Data>
<Data Name="IsOptional">False</Data>
<Data Name="PackageFlags">0x00000008</Data>
<Data Name="PackageFlags2">0x00000800</Data>
<Data Name="HasWin32alacarte">False</Data>
<Data Name="HasFullTrust">False</Data>
<Data Name="ExternalLocation"></Data>
<Data Name="PackageSourceUri"></Data>
<Data Name="PackageDisplayName">Microsoft.UI.Xaml.2.4</Data>
</EventData>
</Event>

<Event xmlns="http://schemas.microsoft.com/win/2004/08/events/event"><System><Provider Name="Microsoft-Windows-AppXDeployment-Server" Guid="{3f471139-acb7-4a01-b7a7-ff5da4ba2d43}"></Provider>
<EventID Qualifiers="">635</EventID>
<Version>0</Version>
<Level>4</Level>
<Task>3</Task>
<Opcode>0</Opcode>
<Keywords>0x4000000000000001</Keywords>
<TimeCreated SystemTime="2022-05-07 01:20:08.053375"></TimeCreated>
<EventRecordID>329</EventRecordID>
<Correlation ActivityID="{824d2842-61b0-0001-6b2c-4d82b061d801}" RelatedActivityID=""></Correlation>
<Execution ProcessID="3236" ThreadID="3268"></Execution>
<Channel>Microsoft-Windows-AppXDeploymentServer/Operational</Channel>
<Computer>WIN-GE1PLB8KFNS</Computer>
<Security UserID="S-1-5-18"></Security>
</System>
<EventData><Data Name="PackageFullName">microsoft.ui.xaml.2.4_2.42007.9001.0_x86__8wekyb3d8bbwe</Data>
<Data Name="Flags">1</Data>
<Data Name="HResult">0x00000000</Data>
</EventData>
</Event>

