<Event xmlns="http://schemas.microsoft.com/win/2004/08/events/event"><System><Provider Name="Microsoft-Windows-Security-Auditing" Guid="{54849625-5478-4994-a5ba-3e3b0328c30d}"></Provider>
<EventID Qualifiers="">4798</EventID>
<Version>0</Version>
<Level>0</Level>
<Task>13824</Task>
<Opcode>0</Opcode>
<Keywords>0x8020000000000000</Keywords>
<TimeCreated SystemTime="2022-05-06 15:28:40.002943"></TimeCreated>
<EventRecordID>879</EventRecordID>
<Correlation ActivityID="{2f2cff59-615d-0003-7aff-2c2f5d61d801}" RelatedActivityID=""></Correlation>
<Execution ProcessID="740" ThreadID="848"></Execution>
<Channel>Security</Channel>
<Computer>Council-HQ</Computer>
<Security UserID=""></Security>
</System>
<EventData><Data Name="TargetUserName">Administrator</Data>
<Data Name="TargetDomainName">Council-HQ</Data>
<Data Name="TargetSid">S-1-5-21-2389065719-3342106636-307857974-500</Data>
<Data Name="SubjectUserSid">S-1-5-21-2389065719-3342106636-307857974-1001</Data>
<Data Name="SubjectUserName">Council Leader</Data>
<Data Name="SubjectDomainName">Council-HQ</Data>
<Data Name="SubjectLogonId">0x00000000000b0934</Data>
<Data Name="CallerProcessId">0x0000000000000778</Data>
<Data Name="CallerProcessName">C:\Windows\ImmersiveControlPanel\SystemSettings.exe</Data>
</EventData>
</Event>

<Event xmlns="http://schemas.microsoft.com/win/2004/08/events/event"><System><Provider Name="Microsoft-Windows-Security-Auditing" Guid="{54849625-5478-4994-a5ba-3e3b0328c30d}"></Provider>
<EventID Qualifiers="">4798</EventID>
<Version>0</Version>
<Level>0</Level>
<Task>13824</Task>
<Opcode>0</Opcode>
<Keywords>0x8020000000000000</Keywords>
<TimeCreated SystemTime="2022-05-06 15:28:40.003164"></TimeCreated>
<EventRecordID>880</EventRecordID>
<Correlation ActivityID="{2f2cff59-615d-0003-7aff-2c2f5d61d801}" RelatedActivityID=""></Correlation>
<Execution ProcessID="740" ThreadID="848"></Execution>
<Channel>Security</Channel>
<Computer>Council-HQ</Computer>
<Security UserID=""></Security>
</System>
<EventData><Data Name="TargetUserName">Council Leader</Data>
<Data Name="TargetDomainName">Council-HQ</Data>
<Data Name="TargetSid">S-1-5-21-2389065719-3342106636-307857974-1001</Data>
<Data Name="SubjectUserSid">S-1-5-21-2389065719-3342106636-307857974-1001</Data>
<Data Name="SubjectUserName">Council Leader</Data>
<Data Name="SubjectDomainName">Council-HQ</Data>
<Data Name="SubjectLogonId">0x00000000000b0934</Data>
<Data Name="CallerProcessId">0x0000000000000778</Data>
<Data Name="CallerProcessName">C:\Windows\ImmersiveControlPanel\SystemSettings.exe</Data>
</EventData>
</Event>

<Event xmlns="http://schemas.microsoft.com/win/2004/08/events/event"><System><Provider Name="Microsoft-Windows-Security-Auditing" Guid="{54849625-5478-4994-a5ba-3e3b0328c30d}"></Provider>
<EventID Qualifiers="">4798</EventID>
<Version>0</Version>
<Level>0</Level>
<Task>13824</Task>
<Opcode>0</Opcode>
<Keywords>0x8020000000000000</Keywords>
<TimeCreated SystemTime="2022-05-06 15:28:40.003338"></TimeCreated>
<EventRecordID>881</EventRecordID>
<Correlation ActivityID="{2f2cff59-615d-0003-7aff-2c2f5d61d801}" RelatedActivityID=""></Correlation>
<Execution ProcessID="740" ThreadID="848"></Execution>
<Channel>Security</Channel>
<Computer>Council-HQ</Computer>
<Security UserID=""></Security>
</System>
<EventData><Data Name="TargetUserName">DefaultAccount</Data>
<Data Name="TargetDomainName">Council-HQ</Data>
<Data Name="TargetSid">S-1-5-21-2389065719-3342106636-307857974-503</Data>
<Data Name="SubjectUserSid">S-1-5-21-2389065719-3342106636-307857974-1001</Data>
<Data Name="SubjectUserName">Council Leader</Data>
<Data Name="SubjectDomainName">Council-HQ</Data>
<Data Name="SubjectLogonId">0x00000000000b0934</Data>
<Data Name="CallerProcessId">0x0000000000000778</Data>
<Data Name="CallerProcessName">C:\Windows\ImmersiveControlPanel\SystemSettings.exe</Data>
</EventData>
</Event>

<Event xmlns="http://schemas.microsoft.com/win/2004/08/events/event"><System><Provider Name="Microsoft-Windows-Security-Auditing" Guid="{54849625-5478-4994-a5ba-3e3b0328c30d}"></Provider>
<EventID Qualifiers="">4798</EventID>
<Version>0</Version>
<Level>0</Level>
<Task>13824</Task>
<Opcode>0</Opcode>
<Keywords>0x8020000000000000</Keywords>
<TimeCreated SystemTime="2022-05-06 15:28:40.003695"></TimeCreated>
<EventRecordID>882</EventRecordID>
<Correlation ActivityID="{2f2cff59-615d-0003-7aff-2c2f5d61d801}" RelatedActivityID=""></Correlation>
<Execution ProcessID="740" ThreadID="848"></Execution>
<Channel>Security</Channel>
<Computer>Council-HQ</Computer>
<Security UserID=""></Security>
</System>
<EventData><Data Name="TargetUserName">defaultuser0</Data>
<Data Name="TargetDomainName">Council-HQ</Data>
<Data Name="TargetSid">S-1-5-21-2389065719-3342106636-307857974-1000</Data>
<Data Name="SubjectUserSid">S-1-5-21-2389065719-3342106636-307857974-1001</Data>
<Data Name="SubjectUserName">Council Leader</Data>
<Data Name="SubjectDomainName">Council-HQ</Data>
<Data Name="SubjectLogonId">0x00000000000b0934</Data>
<Data Name="CallerProcessId">0x0000000000000778</Data>
<Data Name="CallerProcessName">C:\Windows\ImmersiveControlPanel\SystemSettings.exe</Data>
</EventData>
</Event>

<Event xmlns="http://schemas.microsoft.com/win/2004/08/events/event"><System><Provider Name="Microsoft-Windows-Security-Auditing" Guid="{54849625-5478-4994-a5ba-3e3b0328c30d}"></Provider>
<EventID Qualifiers="">4798</EventID>
<Version>0</Version>
<Level>0</Level>
<Task>13824</Task>
<Opcode>0</Opcode>
<Keywords>0x8020000000000000</Keywords>
<TimeCreated SystemTime="2022-05-06 15:28:40.003933"></TimeCreated>
<EventRecordID>883</EventRecordID>
<Correlation ActivityID="{2f2cff59-615d-0003-7aff-2c2f5d61d801}" RelatedActivityID=""></Correlation>
<Execution ProcessID="740" ThreadID="848"></Execution>
<Channel>Security</Channel>
<Computer>Council-HQ</Computer>
<Security UserID=""></Security>
</System>
<EventData><Data Name="TargetUserName">Guest</Data>
<Data Name="TargetDomainName">Council-HQ</Data>
<Data Name="TargetSid">S-1-5-21-2389065719-3342106636-307857974-501</Data>
<Data Name="SubjectUserSid">S-1-5-21-2389065719-3342106636-307857974-1001</Data>
<Data Name="SubjectUserName">Council Leader</Data>
<Data Name="SubjectDomainName">Council-HQ</Data>
<Data Name="SubjectLogonId">0x00000000000b0934</Data>
<Data Name="CallerProcessId">0x0000000000000778</Data>
<Data Name="CallerProcessName">C:\Windows\ImmersiveControlPanel\SystemSettings.exe</Data>
</EventData>
</Event>

<Event xmlns="http://schemas.microsoft.com/win/2004/08/events/event"><System><Provider Name="Microsoft-Windows-Security-Auditing" Guid="{54849625-5478-4994-a5ba-3e3b0328c30d}"></Provider>
<EventID Qualifiers="">4798</EventID>
<Version>0</Version>
<Level>0</Level>
<Task>13824</Task>
<Opcode>0</Opcode>
<Keywords>0x8020000000000000</Keywords>
<TimeCreated SystemTime="2022-05-06 15:28:40.004238"></TimeCreated>
<EventRecordID>884</EventRecordID>
<Correlation ActivityID="{2f2cff59-615d-0003-7aff-2c2f5d61d801}" RelatedActivityID=""></Correlation>
<Execution ProcessID="740" ThreadID="848"></Execution>
<Channel>Security</Channel>
<Computer>Council-HQ</Computer>
<Security UserID=""></Security>
</System>
<EventData><Data Name="TargetUserName">WDAGUtilityAccount</Data>
<Data Name="TargetDomainName">Council-HQ</Data>
<Data Name="TargetSid">S-1-5-21-2389065719-3342106636-307857974-504</Data>
<Data Name="SubjectUserSid">S-1-5-21-2389065719-3342106636-307857974-1001</Data>
<Data Name="SubjectUserName">Council Leader</Data>
<Data Name="SubjectDomainName">Council-HQ</Data>
<Data Name="SubjectLogonId">0x00000000000b0934</Data>
<Data Name="CallerProcessId">0x0000000000000778</Data>
<Data Name="CallerProcessName">C:\Windows\ImmersiveControlPanel\SystemSettings.exe</Data>
</EventData>
</Event>

<Event xmlns="http://schemas.microsoft.com/win/2004/08/events/event"><System><Provider Name="Microsoft-Windows-Security-Auditing" Guid="{54849625-5478-4994-a5ba-3e3b0328c30d}"></Provider>
<EventID Qualifiers="">5379</EventID>
<Version>0</Version>
<Level>0</Level>
<Task>13824</Task>
<Opcode>0</Opcode>
<Keywords>0x8020000000000000</Keywords>
<TimeCreated SystemTime="2022-05-06 15:28:51.689888"></TimeCreated>
<EventRecordID>885</EventRecordID>
<Correlation ActivityID="{2f2cff59-615d-0003-7aff-2c2f5d61d801}" RelatedActivityID=""></Correlation>
<Execution ProcessID="740" ThreadID="8180"></Execution>
<Channel>Security</Channel>
<Computer>Council-HQ</Computer>
<Security UserID=""></Security>
</System>
<EventData><Data Name="SubjectUserSid">S-1-5-21-2389065719-3342106636-307857974-1001</Data>
<Data Name="SubjectUserName">Council Leader</Data>
<Data Name="SubjectDomainName">Council-HQ</Data>
<Data Name="SubjectLogonId">0x00000000000b0934</Data>
<Data Name="TargetName">MicrosoftAccount:user=02zirqkpxocqcqpv</Data>
<Data Name="Type">0</Data>
<Data Name="CountOfCredentialsReturned">0</Data>
<Data Name="ReadOperation">%%8100</Data>
<Data Name="ReturnCode">3221226021</Data>
<Data Name="ProcessCreationTime">2022-05-06 15:24:01.490828</Data>
<Data Name="ClientProcessId">944</Data>
</EventData>
</Event>

<Event xmlns="http://schemas.microsoft.com/win/2004/08/events/event"><System><Provider Name="Microsoft-Windows-Security-Auditing" Guid="{54849625-5478-4994-a5ba-3e3b0328c30d}"></Provider>
<EventID Qualifiers="">5379</EventID>
<Version>0</Version>
<Level>0</Level>
<Task>13824</Task>
<Opcode>0</Opcode>
<Keywords>0x8020000000000000</Keywords>
<TimeCreated SystemTime="2022-05-06 15:28:51.689951"></TimeCreated>
<EventRecordID>886</EventRecordID>
<Correlation ActivityID="{2f2cff59-615d-0003-7aff-2c2f5d61d801}" RelatedActivityID=""></Correlation>
<Execution ProcessID="740" ThreadID="8180"></Execution>
<Channel>Security</Channel>
<Computer>Council-HQ</Computer>
<Security UserID=""></Security>
</System>
<EventData><Data Name="SubjectUserSid">S-1-5-21-2389065719-3342106636-307857974-1001</Data>
<Data Name="SubjectUserName">Council Leader</Data>
<Data Name="SubjectDomainName">Council-HQ</Data>
<Data Name="SubjectLogonId">0x00000000000b0934</Data>
<Data Name="TargetName">WindowsLive:(token):name=02zirqkpxocqcqpv;serviceuri=*</Data>
<Data Name="Type">0</Data>
<Data Name="CountOfCredentialsReturned">0</Data>
<Data Name="ReadOperation">%%8100</Data>
<Data Name="ReturnCode">3221226021</Data>
<Data Name="ProcessCreationTime">2022-05-06 15:24:01.490828</Data>
<Data Name="ClientProcessId">944</Data>
</EventData>
</Event>

<Event xmlns="http://schemas.microsoft.com/win/2004/08/events/event"><System><Provider Name="Microsoft-Windows-Security-Auditing" Guid="{54849625-5478-4994-a5ba-3e3b0328c30d}"></Provider>
<EventID Qualifiers="">5379</EventID>
<Version>0</Version>
<Level>0</Level>
<Task>13824</Task>
<Opcode>0</Opcode>
<Keywords>0x8020000000000000</Keywords>
<TimeCreated SystemTime="2022-05-06 15:28:51.690374"></TimeCreated>
<EventRecordID>887</EventRecordID>
<Correlation ActivityID="{2f2cff59-615d-0003-7aff-2c2f5d61d801}" RelatedActivityID=""></Correlation>
<Execution ProcessID="740" ThreadID="8180"></Execution>
<Channel>Security</Channel>
<Computer>Council-HQ</Computer>
<Security UserID=""></Security>
</System>
<EventData><Data Name="SubjectUserSid">S-1-5-21-2389065719-3342106636-307857974-1001</Data>
<Data Name="SubjectUserName">Council Leader</Data>
<Data Name="SubjectDomainName">Council-HQ</Data>
<Data Name="SubjectLogonId">0x00000000000b0934</Data>
<Data Name="TargetName">WindowsLive:(cert):name=02zirqkpxocqcqpv;serviceuri=*</Data>
<Data Name="Type">0</Data>
<Data Name="CountOfCredentialsReturned">0</Data>
<Data Name="ReadOperation">%%8100</Data>
<Data Name="ReturnCode">3221226021</Data>
<Data Name="ProcessCreationTime">2022-05-06 15:24:01.490828</Data>
<Data Name="ClientProcessId">944</Data>
</EventData>
</Event>

<Event xmlns="http://schemas.microsoft.com/win/2004/08/events/event"><System><Provider Name="Microsoft-Windows-Security-Auditing" Guid="{54849625-5478-4994-a5ba-3e3b0328c30d}"></Provider>
<EventID Qualifiers="">5379</EventID>
<Version>0</Version>
<Level>0</Level>
<Task>13824</Task>
<Opcode>0</Opcode>
<Keywords>0x8020000000000000</Keywords>
<TimeCreated SystemTime="2022-05-06 15:28:52.092873"></TimeCreated>
<EventRecordID>888</EventRecordID>
<Correlation ActivityID="{2f2cff59-615d-0003-7aff-2c2f5d61d801}" RelatedActivityID=""></Correlation>
<Execution ProcessID="740" ThreadID="8180"></Execution>
<Channel>Security</Channel>
<Computer>Council-HQ</Computer>
<Security UserID=""></Security>
</System>
<EventData><Data Name="SubjectUserSid">S-1-5-21-2389065719-3342106636-307857974-1001</Data>
<Data Name="SubjectUserName">Council Leader</Data>
<Data Name="SubjectDomainName">Council-HQ</Data>
<Data Name="SubjectLogonId">0x00000000000b0934</Data>
<Data Name="TargetName">MicrosoftAccount:user=02zirqkpxocqcqpv</Data>
<Data Name="Type">0</Data>
<Data Name="CountOfCredentialsReturned">0</Data>
<Data Name="ReadOperation">%%8100</Data>
<Data Name="ReturnCode">3221226021</Data>
<Data Name="ProcessCreationTime">2022-05-06 15:24:01.490828</Data>
<Data Name="ClientProcessId">944</Data>
</EventData>
</Event>

<Event xmlns="http://schemas.microsoft.com/win/2004/08/events/event"><System><Provider Name="Microsoft-Windows-Security-Auditing" Guid="{54849625-5478-4994-a5ba-3e3b0328c30d}"></Provider>
<EventID Qualifiers="">5379</EventID>
<Version>0</Version>
<Level>0</Level>
<Task>13824</Task>
<Opcode>0</Opcode>
<Keywords>0x8020000000000000</Keywords>
<TimeCreated SystemTime="2022-05-06 15:28:52.097229"></TimeCreated>
<EventRecordID>889</EventRecordID>
<Correlation ActivityID="{2f2cff59-615d-0003-7aff-2c2f5d61d801}" RelatedActivityID=""></Correlation>
<Execution ProcessID="740" ThreadID="8180"></Execution>
<Channel>Security</Channel>
<Computer>Council-HQ</Computer>
<Security UserID=""></Security>
</System>
<EventData><Data Name="SubjectUserSid">S-1-5-21-2389065719-3342106636-307857974-1001</Data>
<Data Name="SubjectUserName">Council Leader</Data>
<Data Name="SubjectDomainName">Council-HQ</Data>
<Data Name="SubjectLogonId">0x00000000000b0934</Data>
<Data Name="TargetName">MicrosoftAccount:user=02zirqkpxocqcqpv</Data>
<Data Name="Type">0</Data>
<Data Name="CountOfCredentialsReturned">0</Data>
<Data Name="ReadOperation">%%8100</Data>
<Data Name="ReturnCode">3221226021</Data>
<Data Name="ProcessCreationTime">2022-05-06 15:24:01.490828</Data>
<Data Name="ClientProcessId">944</Data>
</EventData>
</Event>

<Event xmlns="http://schemas.microsoft.com/win/2004/08/events/event"><System><Provider Name="Microsoft-Windows-Security-Auditing" Guid="{54849625-5478-4994-a5ba-3e3b0328c30d}"></Provider>
<EventID Qualifiers="">5379</EventID>
<Version>0</Version>
<Level>0</Level>
<Task>13824</Task>
<Opcode>0</Opcode>
<Keywords>0x8020000000000000</Keywords>
<TimeCreated SystemTime="2022-05-06 15:28:52.098223"></TimeCreated>
<EventRecordID>890</EventRecordID>
<Correlation ActivityID="{2f2cff59-615d-0003-7aff-2c2f5d61d801}" RelatedActivityID=""></Correlation>
<Execution ProcessID="740" ThreadID="8180"></Execution>
<Channel>Security</Channel>
<Computer>Council-HQ</Computer>
<Security UserID=""></Security>
</System>
<EventData><Data Name="SubjectUserSid">S-1-5-21-2389065719-3342106636-307857974-1001</Data>
<Data Name="SubjectUserName">Council Leader</Data>
<Data Name="SubjectDomainName">Council-HQ</Data>
<Data Name="SubjectLogonId">0x00000000000b0934</Data>
<Data Name="TargetName">MicrosoftAccount:user=02zirqkpxocqcqpv</Data>
<Data Name="Type">0</Data>
<Data Name="CountOfCredentialsReturned">0</Data>
<Data Name="ReadOperation">%%8100</Data>
<Data Name="ReturnCode">3221226021</Data>
<Data Name="ProcessCreationTime">2022-05-06 15:24:01.490828</Data>
<Data Name="ClientProcessId">944</Data>
</EventData>
</Event>

<Event xmlns="http://schemas.microsoft.com/win/2004/08/events/event"><System><Provider Name="Microsoft-Windows-Security-Auditing" Guid="{54849625-5478-4994-a5ba-3e3b0328c30d}"></Provider>
<EventID Qualifiers="">5379</EventID>
<Version>0</Version>
<Level>0</Level>
<Task>13824</Task>
<Opcode>0</Opcode>
<Keywords>0x8020000000000000</Keywords>
<TimeCreated SystemTime="2022-05-06 15:28:52.098316"></TimeCreated>
<EventRecordID>891</EventRecordID>
<Correlation ActivityID="{2f2cff59-615d-0003-7aff-2c2f5d61d801}" RelatedActivityID=""></Correlation>
<Execution ProcessID="740" ThreadID="8180"></Execution>
<Channel>Security</Channel>
<Computer>Council-HQ</Computer>
<Security UserID=""></Security>
</System>
<EventData><Data Name="SubjectUserSid">S-1-5-21-2389065719-3342106636-307857974-1001</Data>
<Data Name="SubjectUserName">Council Leader</Data>
<Data Name="SubjectDomainName">Council-HQ</Data>
<Data Name="SubjectLogonId">0x00000000000b0934</Data>
<Data Name="TargetName">MicrosoftAccount:user=02zirqkpxocqcqpv</Data>
<Data Name="Type">0</Data>
<Data Name="CountOfCredentialsReturned">0</Data>
<Data Name="ReadOperation">%%8100</Data>
<Data Name="ReturnCode">3221226021</Data>
<Data Name="ProcessCreationTime">2022-05-06 15:24:01.490828</Data>
<Data Name="ClientProcessId">944</Data>
</EventData>
</Event>

<Event xmlns="http://schemas.microsoft.com/win/2004/08/events/event"><System><Provider Name="Microsoft-Windows-Security-Auditing" Guid="{54849625-5478-4994-a5ba-3e3b0328c30d}"></Provider>
<EventID Qualifiers="">4728</EventID>
<Version>0</Version>
<Level>0</Level>
<Task>13826</Task>
<Opcode>0</Opcode>
<Keywords>0x8020000000000000</Keywords>
<TimeCreated SystemTime="2022-05-06 15:29:00.738602"></TimeCreated>
<EventRecordID>892</EventRecordID>
<Correlation ActivityID="{2f2cff59-615d-0003-7aff-2c2f5d61d801}" RelatedActivityID=""></Correlation>
<Execution ProcessID="740" ThreadID="792"></Execution>
<Channel>Security</Channel>
<Computer>Council-HQ</Computer>
<Security UserID=""></Security>
</System>
<EventData><Data Name="MemberName">-</Data>
<Data Name="MemberSid">S-1-5-21-2389065719-3342106636-307857974-1002</Data>
<Data Name="TargetUserName">None</Data>
<Data Name="TargetDomainName">Council-HQ</Data>
<Data Name="TargetSid">S-1-5-21-2389065719-3342106636-307857974-513</Data>
<Data Name="SubjectUserSid">S-1-5-21-2389065719-3342106636-307857974-1001</Data>
<Data Name="SubjectUserName">Council Leader</Data>
<Data Name="SubjectDomainName">Council-HQ</Data>
<Data Name="SubjectLogonId">0x00000000000b0917</Data>
<Data Name="PrivilegeList">-</Data>
</EventData>
</Event>

<Event xmlns="http://schemas.microsoft.com/win/2004/08/events/event"><System><Provider Name="Microsoft-Windows-Security-Auditing" Guid="{54849625-5478-4994-a5ba-3e3b0328c30d}"></Provider>
<EventID Qualifiers="">4720</EventID>
<Version>0</Version>
<Level>0</Level>
<Task>13824</Task>
<Opcode>0</Opcode>
<Keywords>0x8020000000000000</Keywords>
<TimeCreated SystemTime="2022-05-06 15:29:00.738962"></TimeCreated>
<EventRecordID>893</EventRecordID>
<Correlation ActivityID="{2f2cff59-615d-0003-7aff-2c2f5d61d801}" RelatedActivityID=""></Correlation>
<Execution ProcessID="740" ThreadID="792"></Execution>
<Channel>Security</Channel>
<Computer>Council-HQ</Computer>
<Security UserID=""></Security>
</System>
<EventData><Data Name="TargetUserName">sysadm</Data>
<Data Name="TargetDomainName">Council-HQ</Data>
<Data Name="TargetSid">S-1-5-21-2389065719-3342106636-307857974-1002</Data>
<Data Name="SubjectUserSid">S-1-5-21-2389065719-3342106636-307857974-1001</Data>
<Data Name="SubjectUserName">Council Leader</Data>
<Data Name="SubjectDomainName">Council-HQ</Data>
<Data Name="SubjectLogonId">0x00000000000b0917</Data>
<Data Name="PrivilegeList">-</Data>
<Data Name="SamAccountName">sysadm</Data>
<Data Name="DisplayName">%%1793</Data>
<Data Name="UserPrincipalName">-</Data>
<Data Name="HomeDirectory">%%1793</Data>
<Data Name="HomePath">%%1793</Data>
<Data Name="ScriptPath">%%1793</Data>
<Data Name="ProfilePath">%%1793</Data>
<Data Name="UserWorkstations">%%1793</Data>
<Data Name="PasswordLastSet">%%1794</Data>
<Data Name="AccountExpires">%%1794</Data>
<Data Name="PrimaryGroupId">513</Data>
<Data Name="AllowedToDelegateTo">-</Data>
<Data Name="OldUacValue">0x0</Data>
<Data Name="NewUacValue">0x15</Data>
<Data Name="UserAccountControl">
		%%2080
		%%2082
		%%2084</Data>
<Data Name="UserParameters">%%1793</Data>
<Data Name="SidHistory">-</Data>
<Data Name="LogonHours">%%1797</Data>
</EventData>
</Event>

<Event xmlns="http://schemas.microsoft.com/win/2004/08/events/event"><System><Provider Name="Microsoft-Windows-Security-Auditing" Guid="{54849625-5478-4994-a5ba-3e3b0328c30d}"></Provider>
<EventID Qualifiers="">4732</EventID>
<Version>0</Version>
<Level>0</Level>
<Task>13826</Task>
<Opcode>0</Opcode>
<Keywords>0x8020000000000000</Keywords>
<TimeCreated SystemTime="2022-05-06 15:29:00.739288"></TimeCreated>
<EventRecordID>894</EventRecordID>
<Correlation ActivityID="{2f2cff59-615d-0003-7aff-2c2f5d61d801}" RelatedActivityID=""></Correlation>
<Execution ProcessID="740" ThreadID="792"></Execution>
<Channel>Security</Channel>
<Computer>Council-HQ</Computer>
<Security UserID=""></Security>
</System>
<EventData><Data Name="MemberName">-</Data>
<Data Name="MemberSid">S-1-5-21-2389065719-3342106636-307857974-1002</Data>
<Data Name="TargetUserName">Users</Data>
<Data Name="TargetDomainName">Builtin</Data>
<Data Name="TargetSid">S-1-5-32-545</Data>
<Data Name="SubjectUserSid">S-1-5-21-2389065719-3342106636-307857974-1001</Data>
<Data Name="SubjectUserName">Council Leader</Data>
<Data Name="SubjectDomainName">Council-HQ</Data>
<Data Name="SubjectLogonId">0x00000000000b0917</Data>
<Data Name="PrivilegeList">-</Data>
</EventData>
</Event>

<Event xmlns="http://schemas.microsoft.com/win/2004/08/events/event"><System><Provider Name="Microsoft-Windows-Security-Auditing" Guid="{54849625-5478-4994-a5ba-3e3b0328c30d}"></Provider>
<EventID Qualifiers="">4722</EventID>
<Version>0</Version>
<Level>0</Level>
<Task>13824</Task>
<Opcode>0</Opcode>
<Keywords>0x8020000000000000</Keywords>
<TimeCreated SystemTime="2022-05-06 15:29:00.746611"></TimeCreated>
<EventRecordID>895</EventRecordID>
<Correlation ActivityID="{2f2cff59-615d-0003-7aff-2c2f5d61d801}" RelatedActivityID=""></Correlation>
<Execution ProcessID="740" ThreadID="792"></Execution>
<Channel>Security</Channel>
<Computer>Council-HQ</Computer>
<Security UserID=""></Security>
</System>
<EventData><Data Name="TargetUserName">sysadm</Data>
<Data Name="TargetDomainName">Council-HQ</Data>
<Data Name="TargetSid">S-1-5-21-2389065719-3342106636-307857974-1002</Data>
<Data Name="SubjectUserSid">S-1-5-21-2389065719-3342106636-307857974-1001</Data>
<Data Name="SubjectUserName">Council Leader</Data>
<Data Name="SubjectDomainName">Council-HQ</Data>
<Data Name="SubjectLogonId">0x00000000000b0917</Data>
</EventData>
</Event>

<Event xmlns="http://schemas.microsoft.com/win/2004/08/events/event"><System><Provider Name="Microsoft-Windows-Security-Auditing" Guid="{54849625-5478-4994-a5ba-3e3b0328c30d}"></Provider>
<EventID Qualifiers="">4738</EventID>
<Version>0</Version>
<Level>0</Level>
<Task>13824</Task>
<Opcode>0</Opcode>
<Keywords>0x8020000000000000</Keywords>
<TimeCreated SystemTime="2022-05-06 15:29:00.746696"></TimeCreated>
<EventRecordID>896</EventRecordID>
<Correlation ActivityID="{2f2cff59-615d-0003-7aff-2c2f5d61d801}" RelatedActivityID=""></Correlation>
<Execution ProcessID="740" ThreadID="792"></Execution>
<Channel>Security</Channel>
<Computer>Council-HQ</Computer>
<Security UserID=""></Security>
</System>
<EventData><Data Name="Dummy">-</Data>
<Data Name="TargetUserName">sysadm</Data>
<Data Name="TargetDomainName">Council-HQ</Data>
<Data Name="TargetSid">S-1-5-21-2389065719-3342106636-307857974-1002</Data>
<Data Name="SubjectUserSid">S-1-5-21-2389065719-3342106636-307857974-1001</Data>
<Data Name="SubjectUserName">Council Leader</Data>
<Data Name="SubjectDomainName">Council-HQ</Data>
<Data Name="SubjectLogonId">0x00000000000b0917</Data>
<Data Name="PrivilegeList">-</Data>
<Data Name="SamAccountName">sysadm</Data>
<Data Name="DisplayName">%%1793</Data>
<Data Name="UserPrincipalName">-</Data>
<Data Name="HomeDirectory">%%1793</Data>
<Data Name="HomePath">%%1793</Data>
<Data Name="ScriptPath">%%1793</Data>
<Data Name="ProfilePath">%%1793</Data>
<Data Name="UserWorkstations">%%1793</Data>
<Data Name="PasswordLastSet">%%1794</Data>
<Data Name="AccountExpires">%%1794</Data>
<Data Name="PrimaryGroupId">513</Data>
<Data Name="AllowedToDelegateTo">-</Data>
<Data Name="OldUacValue">0x15</Data>
<Data Name="NewUacValue">0x14</Data>
<Data Name="UserAccountControl">
		%%2048</Data>
<Data Name="UserParameters">%%1793</Data>
<Data Name="SidHistory">-</Data>
<Data Name="LogonHours">%%1797</Data>
</EventData>
</Event>

<Event xmlns="http://schemas.microsoft.com/win/2004/08/events/event"><System><Provider Name="Microsoft-Windows-Security-Auditing" Guid="{54849625-5478-4994-a5ba-3e3b0328c30d}"></Provider>
<EventID Qualifiers="">4738</EventID>
<Version>0</Version>
<Level>0</Level>
<Task>13824</Task>
<Opcode>0</Opcode>
<Keywords>0x8020000000000000</Keywords>
<TimeCreated SystemTime="2022-05-06 15:29:00.755276"></TimeCreated>
<EventRecordID>897</EventRecordID>
<Correlation ActivityID="{2f2cff59-615d-0003-7aff-2c2f5d61d801}" RelatedActivityID=""></Correlation>
<Execution ProcessID="740" ThreadID="792"></Execution>
<Channel>Security</Channel>
<Computer>Council-HQ</Computer>
<Security UserID=""></Security>
</System>
<EventData><Data Name="Dummy">-</Data>
<Data Name="TargetUserName">sysadm</Data>
<Data Name="TargetDomainName">Council-HQ</Data>
<Data Name="TargetSid">S-1-5-21-2389065719-3342106636-307857974-1002</Data>
<Data Name="SubjectUserSid">S-1-5-21-2389065719-3342106636-307857974-1001</Data>
<Data Name="SubjectUserName">Council Leader</Data>
<Data Name="SubjectDomainName">Council-HQ</Data>
<Data Name="SubjectLogonId">0x00000000000b0917</Data>
<Data Name="PrivilegeList">-</Data>
<Data Name="SamAccountName">-</Data>
<Data Name="DisplayName">-</Data>
<Data Name="UserPrincipalName">-</Data>
<Data Name="HomeDirectory">-</Data>
<Data Name="HomePath">-</Data>
<Data Name="ScriptPath">-</Data>
<Data Name="ProfilePath">-</Data>
<Data Name="UserWorkstations">-</Data>
<Data Name="PasswordLastSet">-</Data>
<Data Name="AccountExpires">-</Data>
<Data Name="PrimaryGroupId">-</Data>
<Data Name="AllowedToDelegateTo">-</Data>
<Data Name="OldUacValue">-</Data>
<Data Name="NewUacValue">-</Data>
<Data Name="UserAccountControl">-</Data>
<Data Name="UserParameters">-</Data>
<Data Name="SidHistory">-</Data>
<Data Name="LogonHours">-</Data>
</EventData>
</Event>

<Event xmlns="http://schemas.microsoft.com/win/2004/08/events/event"><System><Provider Name="Microsoft-Windows-Security-Auditing" Guid="{54849625-5478-4994-a5ba-3e3b0328c30d}"></Provider>
<EventID Qualifiers="">4738</EventID>
<Version>0</Version>
<Level>0</Level>
<Task>13824</Task>
<Opcode>0</Opcode>
<Keywords>0x8020000000000000</Keywords>
<TimeCreated SystemTime="2022-05-06 15:29:00.756247"></TimeCreated>
<EventRecordID>898</EventRecordID>
<Correlation ActivityID="{2f2cff59-615d-0003-7aff-2c2f5d61d801}" RelatedActivityID=""></Correlation>
<Execution ProcessID="740" ThreadID="792"></Execution>
<Channel>Security</Channel>
<Computer>Council-HQ</Computer>
<Security UserID=""></Security>
</System>
<EventData><Data Name="Dummy">-</Data>
<Data Name="TargetUserName">sysadm</Data>
<Data Name="TargetDomainName">Council-HQ</Data>
<Data Name="TargetSid">S-1-5-21-2389065719-3342106636-307857974-1002</Data>
<Data Name="SubjectUserSid">S-1-5-21-2389065719-3342106636-307857974-1001</Data>
<Data Name="SubjectUserName">Council Leader</Data>
<Data Name="SubjectDomainName">Council-HQ</Data>
<Data Name="SubjectLogonId">0x00000000000b0917</Data>
<Data Name="PrivilegeList">-</Data>
<Data Name="SamAccountName">sysadm</Data>
<Data Name="DisplayName">%%1793</Data>
<Data Name="UserPrincipalName">-</Data>
<Data Name="HomeDirectory">%%1793</Data>
<Data Name="HomePath">%%1793</Data>
<Data Name="ScriptPath">%%1793</Data>
<Data Name="ProfilePath">%%1793</Data>
<Data Name="UserWorkstations">%%1793</Data>
<Data Name="PasswordLastSet">%%1794</Data>
<Data Name="AccountExpires">%%1794</Data>
<Data Name="PrimaryGroupId">513</Data>
<Data Name="AllowedToDelegateTo">-</Data>
<Data Name="OldUacValue">0x14</Data>
<Data Name="NewUacValue">0x214</Data>
<Data Name="UserAccountControl">
		%%2089</Data>
<Data Name="UserParameters">%%1793</Data>
<Data Name="SidHistory">-</Data>
<Data Name="LogonHours">%%1797</Data>
</EventData>
</Event>

<Event xmlns="http://schemas.microsoft.com/win/2004/08/events/event"><System><Provider Name="Microsoft-Windows-Security-Auditing" Guid="{54849625-5478-4994-a5ba-3e3b0328c30d}"></Provider>
<EventID Qualifiers="">4798</EventID>
<Version>0</Version>
<Level>0</Level>
<Task>13824</Task>
<Opcode>0</Opcode>
<Keywords>0x8020000000000000</Keywords>
<TimeCreated SystemTime="2022-05-06 15:29:00.778263"></TimeCreated>
<EventRecordID>899</EventRecordID>
<Correlation ActivityID="{2f2cff59-615d-0003-7aff-2c2f5d61d801}" RelatedActivityID=""></Correlation>
<Execution ProcessID="740" ThreadID="792"></Execution>
<Channel>Security</Channel>
<Computer>Council-HQ</Computer>
<Security UserID=""></Security>
</System>
<EventData><Data Name="TargetUserName">Administrator</Data>
<Data Name="TargetDomainName">Council-HQ</Data>
<Data Name="TargetSid">S-1-5-21-2389065719-3342106636-307857974-500</Data>
<Data Name="SubjectUserSid">S-1-5-21-2389065719-3342106636-307857974-1001</Data>
<Data Name="SubjectUserName">Council Leader</Data>
<Data Name="SubjectDomainName">Council-HQ</Data>
<Data Name="SubjectLogonId">0x00000000000b0934</Data>
<Data Name="CallerProcessId">0x0000000000000778</Data>
<Data Name="CallerProcessName">C:\Windows\ImmersiveControlPanel\SystemSettings.exe</Data>
</EventData>
</Event>

<Event xmlns="http://schemas.microsoft.com/win/2004/08/events/event"><System><Provider Name="Microsoft-Windows-Security-Auditing" Guid="{54849625-5478-4994-a5ba-3e3b0328c30d}"></Provider>
<EventID Qualifiers="">4798</EventID>
<Version>0</Version>
<Level>0</Level>
<Task>13824</Task>
<Opcode>0</Opcode>
<Keywords>0x8020000000000000</Keywords>
<TimeCreated SystemTime="2022-05-06 15:29:00.778814"></TimeCreated>
<EventRecordID>900</EventRecordID>
<Correlation ActivityID="{2f2cff59-615d-0003-7aff-2c2f5d61d801}" RelatedActivityID=""></Correlation>
<Execution ProcessID="740" ThreadID="792"></Execution>
<Channel>Security</Channel>
<Computer>Council-HQ</Computer>
<Security UserID=""></Security>
</System>
<EventData><Data Name="TargetUserName">Council Leader</Data>
<Data Name="TargetDomainName">Council-HQ</Data>
<Data Name="TargetSid">S-1-5-21-2389065719-3342106636-307857974-1001</Data>
<Data Name="SubjectUserSid">S-1-5-21-2389065719-3342106636-307857974-1001</Data>
<Data Name="SubjectUserName">Council Leader</Data>
<Data Name="SubjectDomainName">Council-HQ</Data>
<Data Name="SubjectLogonId">0x00000000000b0934</Data>
<Data Name="CallerProcessId">0x0000000000000778</Data>
<Data Name="CallerProcessName">C:\Windows\ImmersiveControlPanel\SystemSettings.exe</Data>
</EventData>
</Event>

<Event xmlns="http://schemas.microsoft.com/win/2004/08/events/event"><System><Provider Name="Microsoft-Windows-Security-Auditing" Guid="{54849625-5478-4994-a5ba-3e3b0328c30d}"></Provider>
<EventID Qualifiers="">4798</EventID>
<Version>0</Version>
<Level>0</Level>
<Task>13824</Task>
<Opcode>0</Opcode>
<Keywords>0x8020000000000000</Keywords>
<TimeCreated SystemTime="2022-05-06 15:29:00.779444"></TimeCreated>
<EventRecordID>901</EventRecordID>
<Correlation ActivityID="{2f2cff59-615d-0003-7aff-2c2f5d61d801}" RelatedActivityID=""></Correlation>
<Execution ProcessID="740" ThreadID="792"></Execution>
<Channel>Security</Channel>
<Computer>Council-HQ</Computer>
<Security UserID=""></Security>
</System>
<EventData><Data Name="TargetUserName">DefaultAccount</Data>
<Data Name="TargetDomainName">Council-HQ</Data>
<Data Name="TargetSid">S-1-5-21-2389065719-3342106636-307857974-503</Data>
<Data Name="SubjectUserSid">S-1-5-21-2389065719-3342106636-307857974-1001</Data>
<Data Name="SubjectUserName">Council Leader</Data>
<Data Name="SubjectDomainName">Council-HQ</Data>
<Data Name="SubjectLogonId">0x00000000000b0934</Data>
<Data Name="CallerProcessId">0x0000000000000778</Data>
<Data Name="CallerProcessName">C:\Windows\ImmersiveControlPanel\SystemSettings.exe</Data>
</EventData>
</Event>

<Event xmlns="http://schemas.microsoft.com/win/2004/08/events/event"><System><Provider Name="Microsoft-Windows-Security-Auditing" Guid="{54849625-5478-4994-a5ba-3e3b0328c30d}"></Provider>
<EventID Qualifiers="">4798</EventID>
<Version>0</Version>
<Level>0</Level>
<Task>13824</Task>
<Opcode>0</Opcode>
<Keywords>0x8020000000000000</Keywords>
<TimeCreated SystemTime="2022-05-06 15:29:00.779999"></TimeCreated>
<EventRecordID>902</EventRecordID>
<Correlation ActivityID="{2f2cff59-615d-0003-7aff-2c2f5d61d801}" RelatedActivityID=""></Correlation>
<Execution ProcessID="740" ThreadID="792"></Execution>
<Channel>Security</Channel>
<Computer>Council-HQ</Computer>
<Security UserID=""></Security>
</System>
<EventData><Data Name="TargetUserName">defaultuser0</Data>
<Data Name="TargetDomainName">Council-HQ</Data>
<Data Name="TargetSid">S-1-5-21-2389065719-3342106636-307857974-1000</Data>
<Data Name="SubjectUserSid">S-1-5-21-2389065719-3342106636-307857974-1001</Data>
<Data Name="SubjectUserName">Council Leader</Data>
<Data Name="SubjectDomainName">Council-HQ</Data>
<Data Name="SubjectLogonId">0x00000000000b0934</Data>
<Data Name="CallerProcessId">0x0000000000000778</Data>
<Data Name="CallerProcessName">C:\Windows\ImmersiveControlPanel\SystemSettings.exe</Data>
</EventData>
</Event>

<Event xmlns="http://schemas.microsoft.com/win/2004/08/events/event"><System><Provider Name="Microsoft-Windows-Security-Auditing" Guid="{54849625-5478-4994-a5ba-3e3b0328c30d}"></Provider>
<EventID Qualifiers="">4798</EventID>
<Version>0</Version>
<Level>0</Level>
<Task>13824</Task>
<Opcode>0</Opcode>
<Keywords>0x8020000000000000</Keywords>
<TimeCreated SystemTime="2022-05-06 15:29:00.780670"></TimeCreated>
<EventRecordID>903</EventRecordID>
<Correlation ActivityID="{2f2cff59-615d-0003-7aff-2c2f5d61d801}" RelatedActivityID=""></Correlation>
<Execution ProcessID="740" ThreadID="792"></Execution>
<Channel>Security</Channel>
<Computer>Council-HQ</Computer>
<Security UserID=""></Security>
</System>
<EventData><Data Name="TargetUserName">Guest</Data>
<Data Name="TargetDomainName">Council-HQ</Data>
<Data Name="TargetSid">S-1-5-21-2389065719-3342106636-307857974-501</Data>
<Data Name="SubjectUserSid">S-1-5-21-2389065719-3342106636-307857974-1001</Data>
<Data Name="SubjectUserName">Council Leader</Data>
<Data Name="SubjectDomainName">Council-HQ</Data>
<Data Name="SubjectLogonId">0x00000000000b0934</Data>
<Data Name="CallerProcessId">0x0000000000000778</Data>
<Data Name="CallerProcessName">C:\Windows\ImmersiveControlPanel\SystemSettings.exe</Data>
</EventData>
</Event>

<Event xmlns="http://schemas.microsoft.com/win/2004/08/events/event"><System><Provider Name="Microsoft-Windows-Security-Auditing" Guid="{54849625-5478-4994-a5ba-3e3b0328c30d}"></Provider>
<EventID Qualifiers="">4798</EventID>
<Version>0</Version>
<Level>0</Level>
<Task>13824</Task>
<Opcode>0</Opcode>
<Keywords>0x8020000000000000</Keywords>
<TimeCreated SystemTime="2022-05-06 15:29:00.781006"></TimeCreated>
<EventRecordID>904</EventRecordID>
<Correlation ActivityID="{2f2cff59-615d-0003-7aff-2c2f5d61d801}" RelatedActivityID=""></Correlation>
<Execution ProcessID="740" ThreadID="792"></Execution>
<Channel>Security</Channel>
<Computer>Council-HQ</Computer>
<Security UserID=""></Security>
</System>
<EventData><Data Name="TargetUserName">sysadm</Data>
<Data Name="TargetDomainName">Council-HQ</Data>
<Data Name="TargetSid">S-1-5-21-2389065719-3342106636-307857974-1002</Data>
<Data Name="SubjectUserSid">S-1-5-21-2389065719-3342106636-307857974-1001</Data>
<Data Name="SubjectUserName">Council Leader</Data>
<Data Name="SubjectDomainName">Council-HQ</Data>
<Data Name="SubjectLogonId">0x00000000000b0934</Data>
<Data Name="CallerProcessId">0x0000000000000778</Data>
<Data Name="CallerProcessName">C:\Windows\ImmersiveControlPanel\SystemSettings.exe</Data>
</EventData>
</Event>

<Event xmlns="http://schemas.microsoft.com/win/2004/08/events/event"><System><Provider Name="Microsoft-Windows-Security-Auditing" Guid="{54849625-5478-4994-a5ba-3e3b0328c30d}"></Provider>
<EventID Qualifiers="">4798</EventID>
<Version>0</Version>
<Level>0</Level>
<Task>13824</Task>
<Opcode>0</Opcode>
<Keywords>0x8020000000000000</Keywords>
<TimeCreated SystemTime="2022-05-06 15:29:00.781410"></TimeCreated>
<EventRecordID>905</EventRecordID>
<Correlation ActivityID="{2f2cff59-615d-0003-7aff-2c2f5d61d801}" RelatedActivityID=""></Correlation>
<Execution ProcessID="740" ThreadID="792"></Execution>
<Channel>Security</Channel>
<Computer>Council-HQ</Computer>
<Security UserID=""></Security>
</System>
<EventData><Data Name="TargetUserName">WDAGUtilityAccount</Data>
<Data Name="TargetDomainName">Council-HQ</Data>
<Data Name="TargetSid">S-1-5-21-2389065719-3342106636-307857974-504</Data>
<Data Name="SubjectUserSid">S-1-5-21-2389065719-3342106636-307857974-1001</Data>
<Data Name="SubjectUserName">Council Leader</Data>
<Data Name="SubjectDomainName">Council-HQ</Data>
<Data Name="SubjectLogonId">0x00000000000b0934</Data>
<Data Name="CallerProcessId">0x0000000000000778</Data>
<Data Name="CallerProcessName">C:\Windows\ImmersiveControlPanel\SystemSettings.exe</Data>
</EventData>
</Event>

<Event xmlns="http://schemas.microsoft.com/win/2004/08/events/event"><System><Provider Name="Microsoft-Windows-Security-Auditing" Guid="{54849625-5478-4994-a5ba-3e3b0328c30d}"></Provider>
<EventID Qualifiers="">4798</EventID>
<Version>0</Version>
<Level>0</Level>
<Task>13824</Task>
<Opcode>0</Opcode>
<Keywords>0x8020000000000000</Keywords>
<TimeCreated SystemTime="2022-05-06 15:29:04.444340"></TimeCreated>
<EventRecordID>906</EventRecordID>
<Correlation ActivityID="{2f2cff59-615d-0003-7aff-2c2f5d61d801}" RelatedActivityID=""></Correlation>
<Execution ProcessID="740" ThreadID="792"></Execution>
<Channel>Security</Channel>
<Computer>Council-HQ</Computer>
<Security UserID=""></Security>
</System>
<EventData><Data Name="TargetUserName">sysadm</Data>
<Data Name="TargetDomainName">Council-HQ</Data>
<Data Name="TargetSid">S-1-5-21-2389065719-3342106636-307857974-1002</Data>
<Data Name="SubjectUserSid">S-1-5-21-2389065719-3342106636-307857974-1001</Data>
<Data Name="SubjectUserName">Council Leader</Data>
<Data Name="SubjectDomainName">Council-HQ</Data>
<Data Name="SubjectLogonId">0x00000000000b0917</Data>
<Data Name="CallerProcessId">0x0000000000000694</Data>
<Data Name="CallerProcessName">C:\Windows\System32\SystemSettingsAdminFlows.exe</Data>
</EventData>
</Event>

<Event xmlns="http://schemas.microsoft.com/win/2004/08/events/event"><System><Provider Name="Microsoft-Windows-Security-Auditing" Guid="{54849625-5478-4994-a5ba-3e3b0328c30d}"></Provider>
<EventID Qualifiers="">4798</EventID>
<Version>0</Version>
<Level>0</Level>
<Task>13824</Task>
<Opcode>0</Opcode>
<Keywords>0x8020000000000000</Keywords>
<TimeCreated SystemTime="2022-05-06 15:29:04.452707"></TimeCreated>
<EventRecordID>907</EventRecordID>
<Correlation ActivityID="{2f2cff59-615d-0003-7aff-2c2f5d61d801}" RelatedActivityID=""></Correlation>
<Execution ProcessID="740" ThreadID="792"></Execution>
<Channel>Security</Channel>
<Computer>Council-HQ</Computer>
<Security UserID=""></Security>
</System>
<EventData><Data Name="TargetUserName">Guest</Data>
<Data Name="TargetDomainName">Council-HQ</Data>
<Data Name="TargetSid">S-1-5-21-2389065719-3342106636-307857974-501</Data>
<Data Name="SubjectUserSid">S-1-5-21-2389065719-3342106636-307857974-1001</Data>
<Data Name="SubjectUserName">Council Leader</Data>
<Data Name="SubjectDomainName">Council-HQ</Data>
<Data Name="SubjectLogonId">0x00000000000b0917</Data>
<Data Name="CallerProcessId">0x0000000000000694</Data>
<Data Name="CallerProcessName">C:\Windows\System32\SystemSettingsAdminFlows.exe</Data>
</EventData>
</Event>

<Event xmlns="http://schemas.microsoft.com/win/2004/08/events/event"><System><Provider Name="Microsoft-Windows-Security-Auditing" Guid="{54849625-5478-4994-a5ba-3e3b0328c30d}"></Provider>
<EventID Qualifiers="">4798</EventID>
<Version>0</Version>
<Level>0</Level>
<Task>13824</Task>
<Opcode>0</Opcode>
<Keywords>0x8020000000000000</Keywords>
<TimeCreated SystemTime="2022-05-06 15:29:04.453114"></TimeCreated>
<EventRecordID>908</EventRecordID>
<Correlation ActivityID="{2f2cff59-615d-0003-7aff-2c2f5d61d801}" RelatedActivityID=""></Correlation>
<Execution ProcessID="740" ThreadID="792"></Execution>
<Channel>Security</Channel>
<Computer>Council-HQ</Computer>
<Security UserID=""></Security>
</System>
<EventData><Data Name="TargetUserName">Guest</Data>
<Data Name="TargetDomainName">Council-HQ</Data>
<Data Name="TargetSid">S-1-5-21-2389065719-3342106636-307857974-501</Data>
<Data Name="SubjectUserSid">S-1-5-21-2389065719-3342106636-307857974-1001</Data>
<Data Name="SubjectUserName">Council Leader</Data>
<Data Name="SubjectDomainName">Council-HQ</Data>
<Data Name="SubjectLogonId">0x00000000000b0917</Data>
<Data Name="CallerProcessId">0x0000000000000694</Data>
<Data Name="CallerProcessName">C:\Windows\System32\SystemSettingsAdminFlows.exe</Data>
</EventData>
</Event>

<Event xmlns="http://schemas.microsoft.com/win/2004/08/events/event"><System><Provider Name="Microsoft-Windows-Security-Auditing" Guid="{54849625-5478-4994-a5ba-3e3b0328c30d}"></Provider>
<EventID Qualifiers="">4732</EventID>
<Version>0</Version>
<Level>0</Level>
<Task>13826</Task>
<Opcode>0</Opcode>
<Keywords>0x8020000000000000</Keywords>
<TimeCreated SystemTime="2022-05-06 15:29:07.204563"></TimeCreated>
<EventRecordID>909</EventRecordID>
<Correlation ActivityID="{2f2cff59-615d-0003-7aff-2c2f5d61d801}" RelatedActivityID=""></Correlation>
<Execution ProcessID="740" ThreadID="8180"></Execution>
<Channel>Security</Channel>
<Computer>Council-HQ</Computer>
<Security UserID=""></Security>
</System>
<EventData><Data Name="MemberName">-</Data>
<Data Name="MemberSid">S-1-5-21-2389065719-3342106636-307857974-1002</Data>
<Data Name="TargetUserName">Administrators</Data>
<Data Name="TargetDomainName">Builtin</Data>
<Data Name="TargetSid">S-1-5-32-544</Data>
<Data Name="SubjectUserSid">S-1-5-21-2389065719-3342106636-307857974-1001</Data>
<Data Name="SubjectUserName">Council Leader</Data>
<Data Name="SubjectDomainName">Council-HQ</Data>
<Data Name="SubjectLogonId">0x00000000000b0917</Data>
<Data Name="PrivilegeList">-</Data>
</EventData>
</Event>

<Event xmlns="http://schemas.microsoft.com/win/2004/08/events/event"><System><Provider Name="Microsoft-Windows-Security-Auditing" Guid="{54849625-5478-4994-a5ba-3e3b0328c30d}"></Provider>
<EventID Qualifiers="">4798</EventID>
<Version>0</Version>
<Level>0</Level>
<Task>13824</Task>
<Opcode>0</Opcode>
<Keywords>0x8020000000000000</Keywords>
<TimeCreated SystemTime="2022-05-06 15:29:07.606609"></TimeCreated>
<EventRecordID>910</EventRecordID>
<Correlation ActivityID="{2f2cff59-615d-0003-7aff-2c2f5d61d801}" RelatedActivityID=""></Correlation>
<Execution ProcessID="740" ThreadID="792"></Execution>
<Channel>Security</Channel>
<Computer>Council-HQ</Computer>
<Security UserID=""></Security>
</System>
<EventData><Data Name="TargetUserName">Administrator</Data>
<Data Name="TargetDomainName">Council-HQ</Data>
<Data Name="TargetSid">S-1-5-21-2389065719-3342106636-307857974-500</Data>
<Data Name="SubjectUserSid">S-1-5-21-2389065719-3342106636-307857974-1001</Data>
<Data Name="SubjectUserName">Council Leader</Data>
<Data Name="SubjectDomainName">Council-HQ</Data>
<Data Name="SubjectLogonId">0x00000000000b0934</Data>
<Data Name="CallerProcessId">0x0000000000000778</Data>
<Data Name="CallerProcessName">C:\Windows\ImmersiveControlPanel\SystemSettings.exe</Data>
</EventData>
</Event>

<Event xmlns="http://schemas.microsoft.com/win/2004/08/events/event"><System><Provider Name="Microsoft-Windows-Security-Auditing" Guid="{54849625-5478-4994-a5ba-3e3b0328c30d}"></Provider>
<EventID Qualifiers="">4798</EventID>
<Version>0</Version>
<Level>0</Level>
<Task>13824</Task>
<Opcode>0</Opcode>
<Keywords>0x8020000000000000</Keywords>
<TimeCreated SystemTime="2022-05-06 15:29:07.606852"></TimeCreated>
<EventRecordID>911</EventRecordID>
<Correlation ActivityID="{2f2cff59-615d-0003-7aff-2c2f5d61d801}" RelatedActivityID=""></Correlation>
<Execution ProcessID="740" ThreadID="792"></Execution>
<Channel>Security</Channel>
<Computer>Council-HQ</Computer>
<Security UserID=""></Security>
</System>
<EventData><Data Name="TargetUserName">Council Leader</Data>
<Data Name="TargetDomainName">Council-HQ</Data>
<Data Name="TargetSid">S-1-5-21-2389065719-3342106636-307857974-1001</Data>
<Data Name="SubjectUserSid">S-1-5-21-2389065719-3342106636-307857974-1001</Data>
<Data Name="SubjectUserName">Council Leader</Data>
<Data Name="SubjectDomainName">Council-HQ</Data>
<Data Name="SubjectLogonId">0x00000000000b0934</Data>
<Data Name="CallerProcessId">0x0000000000000778</Data>
<Data Name="CallerProcessName">C:\Windows\ImmersiveControlPanel\SystemSettings.exe</Data>
</EventData>
</Event>

<Event xmlns="http://schemas.microsoft.com/win/2004/08/events/event"><System><Provider Name="Microsoft-Windows-Security-Auditing" Guid="{54849625-5478-4994-a5ba-3e3b0328c30d}"></Provider>
<EventID Qualifiers="">4798</EventID>
<Version>0</Version>
<Level>0</Level>
<Task>13824</Task>
<Opcode>0</Opcode>
<Keywords>0x8020000000000000</Keywords>
<TimeCreated SystemTime="2022-05-06 15:29:07.607069"></TimeCreated>
<EventRecordID>912</EventRecordID>
<Correlation ActivityID="{2f2cff59-615d-0003-7aff-2c2f5d61d801}" RelatedActivityID=""></Correlation>
<Execution ProcessID="740" ThreadID="792"></Execution>
<Channel>Security</Channel>
<Computer>Council-HQ</Computer>
<Security UserID=""></Security>
</System>
<EventData><Data Name="TargetUserName">DefaultAccount</Data>
<Data Name="TargetDomainName">Council-HQ</Data>
<Data Name="TargetSid">S-1-5-21-2389065719-3342106636-307857974-503</Data>
<Data Name="SubjectUserSid">S-1-5-21-2389065719-3342106636-307857974-1001</Data>
<Data Name="SubjectUserName">Council Leader</Data>
<Data Name="SubjectDomainName">Council-HQ</Data>
<Data Name="SubjectLogonId">0x00000000000b0934</Data>
<Data Name="CallerProcessId">0x0000000000000778</Data>
<Data Name="CallerProcessName">C:\Windows\ImmersiveControlPanel\SystemSettings.exe</Data>
</EventData>
</Event>

<Event xmlns="http://schemas.microsoft.com/win/2004/08/events/event"><System><Provider Name="Microsoft-Windows-Security-Auditing" Guid="{54849625-5478-4994-a5ba-3e3b0328c30d}"></Provider>
<EventID Qualifiers="">4798</EventID>
<Version>0</Version>
<Level>0</Level>
<Task>13824</Task>
<Opcode>0</Opcode>
<Keywords>0x8020000000000000</Keywords>
<TimeCreated SystemTime="2022-05-06 15:29:07.607323"></TimeCreated>
<EventRecordID>913</EventRecordID>
<Correlation ActivityID="{2f2cff59-615d-0003-7aff-2c2f5d61d801}" RelatedActivityID=""></Correlation>
<Execution ProcessID="740" ThreadID="792"></Execution>
<Channel>Security</Channel>
<Computer>Council-HQ</Computer>
<Security UserID=""></Security>
</System>
<EventData><Data Name="TargetUserName">defaultuser0</Data>
<Data Name="TargetDomainName">Council-HQ</Data>
<Data Name="TargetSid">S-1-5-21-2389065719-3342106636-307857974-1000</Data>
<Data Name="SubjectUserSid">S-1-5-21-2389065719-3342106636-307857974-1001</Data>
<Data Name="SubjectUserName">Council Leader</Data>
<Data Name="SubjectDomainName">Council-HQ</Data>
<Data Name="SubjectLogonId">0x00000000000b0934</Data>
<Data Name="CallerProcessId">0x0000000000000778</Data>
<Data Name="CallerProcessName">C:\Windows\ImmersiveControlPanel\SystemSettings.exe</Data>
</EventData>
</Event>

<Event xmlns="http://schemas.microsoft.com/win/2004/08/events/event"><System><Provider Name="Microsoft-Windows-Security-Auditing" Guid="{54849625-5478-4994-a5ba-3e3b0328c30d}"></Provider>
<EventID Qualifiers="">4798</EventID>
<Version>0</Version>
<Level>0</Level>
<Task>13824</Task>
<Opcode>0</Opcode>
<Keywords>0x8020000000000000</Keywords>
<TimeCreated SystemTime="2022-05-06 15:29:07.607525"></TimeCreated>
<EventRecordID>914</EventRecordID>
<Correlation ActivityID="{2f2cff59-615d-0003-7aff-2c2f5d61d801}" RelatedActivityID=""></Correlation>
<Execution ProcessID="740" ThreadID="792"></Execution>
<Channel>Security</Channel>
<Computer>Council-HQ</Computer>
<Security UserID=""></Security>
</System>
<EventData><Data Name="TargetUserName">Guest</Data>
<Data Name="TargetDomainName">Council-HQ</Data>
<Data Name="TargetSid">S-1-5-21-2389065719-3342106636-307857974-501</Data>
<Data Name="SubjectUserSid">S-1-5-21-2389065719-3342106636-307857974-1001</Data>
<Data Name="SubjectUserName">Council Leader</Data>
<Data Name="SubjectDomainName">Council-HQ</Data>
<Data Name="SubjectLogonId">0x00000000000b0934</Data>
<Data Name="CallerProcessId">0x0000000000000778</Data>
<Data Name="CallerProcessName">C:\Windows\ImmersiveControlPanel\SystemSettings.exe</Data>
</EventData>
</Event>

