<Event xmlns="http://schemas.microsoft.com/win/2004/08/events/event"><System><Provider Name="Microsoft-Windows-Security-Auditing" Guid="{54849625-5478-4994-a5ba-3e3b0328c30d}"></Provider>
<EventID Qualifiers="">4799</EventID>
<Version>0</Version>
<Level>0</Level>
<Task>13826</Task>
<Opcode>0</Opcode>
<Keywords>0x8020000000000000</Keywords>
<TimeCreated SystemTime="2022-05-06 15:35:56.199471"></TimeCreated>
<EventRecordID>987</EventRecordID>
<Correlation ActivityID="{2f2cff59-615d-0003-7aff-2c2f5d61d801}" RelatedActivityID=""></Correlation>
<Execution ProcessID="740" ThreadID="344"></Execution>
<Channel>Security</Channel>
<Computer>Council-HQ</Computer>
<Security UserID=""></Security>
</System>
<EventData><Data Name="TargetUserName">Backup Operators</Data>
<Data Name="TargetDomainName">Builtin</Data>
<Data Name="TargetSid">S-1-5-32-551</Data>
<Data Name="SubjectUserSid">S-1-5-18</Data>
<Data Name="SubjectUserName">COUNCIL-HQ$</Data>
<Data Name="SubjectDomainName">WORKGROUP</Data>
<Data Name="SubjectLogonId">0x00000000000003e7</Data>
<Data Name="CallerProcessId">0x00000000000006b8</Data>
<Data Name="CallerProcessName">C:\Windows\System32\VSSVC.exe</Data>
</EventData>
</Event>

<Event xmlns="http://schemas.microsoft.com/win/2004/08/events/event"><System><Provider Name="Microsoft-Windows-Security-Auditing" Guid="{54849625-5478-4994-a5ba-3e3b0328c30d}"></Provider>
<EventID Qualifiers="">4647</EventID>
<Version>0</Version>
<Level>0</Level>
<Task>12545</Task>
<Opcode>0</Opcode>
<Keywords>0x8020000000000000</Keywords>
<TimeCreated SystemTime="2022-05-06 15:36:23.813795"></TimeCreated>
<EventRecordID>988</EventRecordID>
<Correlation ActivityID="{2f2cff59-615d-0003-7aff-2c2f5d61d801}" RelatedActivityID=""></Correlation>
<Execution ProcessID="740" ThreadID="5532"></Execution>
<Channel>Security</Channel>
<Computer>Council-HQ</Computer>
<Security UserID=""></Security>
</System>
<EventData><Data Name="TargetUserSid">S-1-5-21-2389065719-3342106636-307857974-1001</Data>
<Data Name="TargetUserName">Council Leader</Data>
<Data Name="TargetDomainName">Council-HQ</Data>
<Data Name="TargetLogonId">0x00000000000b0934</Data>
</EventData>
</Event>

<Event xmlns="http://schemas.microsoft.com/win/2004/08/events/event"><System><Provider Name="Microsoft-Windows-Security-Auditing" Guid="{54849625-5478-4994-a5ba-3e3b0328c30d}"></Provider>
<EventID Qualifiers="">4798</EventID>
<Version>0</Version>
<Level>0</Level>
<Task>13824</Task>
<Opcode>0</Opcode>
<Keywords>0x8020000000000000</Keywords>
<TimeCreated SystemTime="2022-05-06 15:36:24.023544"></TimeCreated>
<EventRecordID>989</EventRecordID>
<Correlation ActivityID="{2f2cff59-615d-0003-7aff-2c2f5d61d801}" RelatedActivityID=""></Correlation>
<Execution ProcessID="740" ThreadID="344"></Execution>
<Channel>Security</Channel>
<Computer>Council-HQ</Computer>
<Security UserID=""></Security>
</System>
<EventData><Data Name="TargetUserName">Administrator</Data>
<Data Name="TargetDomainName">Council-HQ</Data>
<Data Name="TargetSid">S-1-5-21-2389065719-3342106636-307857974-500</Data>
<Data Name="SubjectUserSid">S-1-5-18</Data>
<Data Name="SubjectUserName">COUNCIL-HQ$</Data>
<Data Name="SubjectDomainName">WORKGROUP</Data>
<Data Name="SubjectLogonId">0x00000000000003e7</Data>
<Data Name="CallerProcessId">0x00000000000005d0</Data>
<Data Name="CallerProcessName">C:\Windows\System32\svchost.exe</Data>
</EventData>
</Event>

<Event xmlns="http://schemas.microsoft.com/win/2004/08/events/event"><System><Provider Name="Microsoft-Windows-Security-Auditing" Guid="{54849625-5478-4994-a5ba-3e3b0328c30d}"></Provider>
<EventID Qualifiers="">4798</EventID>
<Version>0</Version>
<Level>0</Level>
<Task>13824</Task>
<Opcode>0</Opcode>
<Keywords>0x8020000000000000</Keywords>
<TimeCreated SystemTime="2022-05-06 15:36:24.023729"></TimeCreated>
<EventRecordID>990</EventRecordID>
<Correlation ActivityID="{2f2cff59-615d-0003-7aff-2c2f5d61d801}" RelatedActivityID=""></Correlation>
<Execution ProcessID="740" ThreadID="344"></Execution>
<Channel>Security</Channel>
<Computer>Council-HQ</Computer>
<Security UserID=""></Security>
</System>
<EventData><Data Name="TargetUserName">Council Leader</Data>
<Data Name="TargetDomainName">Council-HQ</Data>
<Data Name="TargetSid">S-1-5-21-2389065719-3342106636-307857974-1001</Data>
<Data Name="SubjectUserSid">S-1-5-18</Data>
<Data Name="SubjectUserName">COUNCIL-HQ$</Data>
<Data Name="SubjectDomainName">WORKGROUP</Data>
<Data Name="SubjectLogonId">0x00000000000003e7</Data>
<Data Name="CallerProcessId">0x00000000000005d0</Data>
<Data Name="CallerProcessName">C:\Windows\System32\svchost.exe</Data>
</EventData>
</Event>

<Event xmlns="http://schemas.microsoft.com/win/2004/08/events/event"><System><Provider Name="Microsoft-Windows-Security-Auditing" Guid="{54849625-5478-4994-a5ba-3e3b0328c30d}"></Provider>
<EventID Qualifiers="">4798</EventID>
<Version>0</Version>
<Level>0</Level>
<Task>13824</Task>
<Opcode>0</Opcode>
<Keywords>0x8020000000000000</Keywords>
<TimeCreated SystemTime="2022-05-06 15:36:24.023895"></TimeCreated>
<EventRecordID>991</EventRecordID>
<Correlation ActivityID="{2f2cff59-615d-0003-7aff-2c2f5d61d801}" RelatedActivityID=""></Correlation>
<Execution ProcessID="740" ThreadID="344"></Execution>
<Channel>Security</Channel>
<Computer>Council-HQ</Computer>
<Security UserID=""></Security>
</System>
<EventData><Data Name="TargetUserName">DefaultAccount</Data>
<Data Name="TargetDomainName">Council-HQ</Data>
<Data Name="TargetSid">S-1-5-21-2389065719-3342106636-307857974-503</Data>
<Data Name="SubjectUserSid">S-1-5-18</Data>
<Data Name="SubjectUserName">COUNCIL-HQ$</Data>
<Data Name="SubjectDomainName">WORKGROUP</Data>
<Data Name="SubjectLogonId">0x00000000000003e7</Data>
<Data Name="CallerProcessId">0x00000000000005d0</Data>
<Data Name="CallerProcessName">C:\Windows\System32\svchost.exe</Data>
</EventData>
</Event>

<Event xmlns="http://schemas.microsoft.com/win/2004/08/events/event"><System><Provider Name="Microsoft-Windows-Security-Auditing" Guid="{54849625-5478-4994-a5ba-3e3b0328c30d}"></Provider>
<EventID Qualifiers="">4798</EventID>
<Version>0</Version>
<Level>0</Level>
<Task>13824</Task>
<Opcode>0</Opcode>
<Keywords>0x8020000000000000</Keywords>
<TimeCreated SystemTime="2022-05-06 15:36:24.024075"></TimeCreated>
<EventRecordID>992</EventRecordID>
<Correlation ActivityID="{2f2cff59-615d-0003-7aff-2c2f5d61d801}" RelatedActivityID=""></Correlation>
<Execution ProcessID="740" ThreadID="344"></Execution>
<Channel>Security</Channel>
<Computer>Council-HQ</Computer>
<Security UserID=""></Security>
</System>
<EventData><Data Name="TargetUserName">defaultuser0</Data>
<Data Name="TargetDomainName">Council-HQ</Data>
<Data Name="TargetSid">S-1-5-21-2389065719-3342106636-307857974-1000</Data>
<Data Name="SubjectUserSid">S-1-5-18</Data>
<Data Name="SubjectUserName">COUNCIL-HQ$</Data>
<Data Name="SubjectDomainName">WORKGROUP</Data>
<Data Name="SubjectLogonId">0x00000000000003e7</Data>
<Data Name="CallerProcessId">0x00000000000005d0</Data>
<Data Name="CallerProcessName">C:\Windows\System32\svchost.exe</Data>
</EventData>
</Event>

<Event xmlns="http://schemas.microsoft.com/win/2004/08/events/event"><System><Provider Name="Microsoft-Windows-Security-Auditing" Guid="{54849625-5478-4994-a5ba-3e3b0328c30d}"></Provider>
<EventID Qualifiers="">4798</EventID>
<Version>0</Version>
<Level>0</Level>
<Task>13824</Task>
<Opcode>0</Opcode>
<Keywords>0x8020000000000000</Keywords>
<TimeCreated SystemTime="2022-05-06 15:36:24.024248"></TimeCreated>
<EventRecordID>993</EventRecordID>
<Correlation ActivityID="{2f2cff59-615d-0003-7aff-2c2f5d61d801}" RelatedActivityID=""></Correlation>
<Execution ProcessID="740" ThreadID="344"></Execution>
<Channel>Security</Channel>
<Computer>Council-HQ</Computer>
<Security UserID=""></Security>
</System>
<EventData><Data Name="TargetUserName">Guest</Data>
<Data Name="TargetDomainName">Council-HQ</Data>
<Data Name="TargetSid">S-1-5-21-2389065719-3342106636-307857974-501</Data>
<Data Name="SubjectUserSid">S-1-5-18</Data>
<Data Name="SubjectUserName">COUNCIL-HQ$</Data>
<Data Name="SubjectDomainName">WORKGROUP</Data>
<Data Name="SubjectLogonId">0x00000000000003e7</Data>
<Data Name="CallerProcessId">0x00000000000005d0</Data>
<Data Name="CallerProcessName">C:\Windows\System32\svchost.exe</Data>
</EventData>
</Event>

<Event xmlns="http://schemas.microsoft.com/win/2004/08/events/event"><System><Provider Name="Microsoft-Windows-Security-Auditing" Guid="{54849625-5478-4994-a5ba-3e3b0328c30d}"></Provider>
<EventID Qualifiers="">4798</EventID>
<Version>0</Version>
<Level>0</Level>
<Task>13824</Task>
<Opcode>0</Opcode>
<Keywords>0x8020000000000000</Keywords>
<TimeCreated SystemTime="2022-05-06 15:36:24.024511"></TimeCreated>
<EventRecordID>994</EventRecordID>
<Correlation ActivityID="{2f2cff59-615d-0003-7aff-2c2f5d61d801}" RelatedActivityID=""></Correlation>
<Execution ProcessID="740" ThreadID="344"></Execution>
<Channel>Security</Channel>
<Computer>Council-HQ</Computer>
<Security UserID=""></Security>
</System>
<EventData><Data Name="TargetUserName">sysadm</Data>
<Data Name="TargetDomainName">Council-HQ</Data>
<Data Name="TargetSid">S-1-5-21-2389065719-3342106636-307857974-1002</Data>
<Data Name="SubjectUserSid">S-1-5-18</Data>
<Data Name="SubjectUserName">COUNCIL-HQ$</Data>
<Data Name="SubjectDomainName">WORKGROUP</Data>
<Data Name="SubjectLogonId">0x00000000000003e7</Data>
<Data Name="CallerProcessId">0x00000000000005d0</Data>
<Data Name="CallerProcessName">C:\Windows\System32\svchost.exe</Data>
</EventData>
</Event>

<Event xmlns="http://schemas.microsoft.com/win/2004/08/events/event"><System><Provider Name="Microsoft-Windows-Security-Auditing" Guid="{54849625-5478-4994-a5ba-3e3b0328c30d}"></Provider>
<EventID Qualifiers="">4798</EventID>
<Version>0</Version>
<Level>0</Level>
<Task>13824</Task>
<Opcode>0</Opcode>
<Keywords>0x8020000000000000</Keywords>
<TimeCreated SystemTime="2022-05-06 15:36:24.024698"></TimeCreated>
<EventRecordID>995</EventRecordID>
<Correlation ActivityID="{2f2cff59-615d-0003-7aff-2c2f5d61d801}" RelatedActivityID=""></Correlation>
<Execution ProcessID="740" ThreadID="344"></Execution>
<Channel>Security</Channel>
<Computer>Council-HQ</Computer>
<Security UserID=""></Security>
</System>
<EventData><Data Name="TargetUserName">WDAGUtilityAccount</Data>
<Data Name="TargetDomainName">Council-HQ</Data>
<Data Name="TargetSid">S-1-5-21-2389065719-3342106636-307857974-504</Data>
<Data Name="SubjectUserSid">S-1-5-18</Data>
<Data Name="SubjectUserName">COUNCIL-HQ$</Data>
<Data Name="SubjectDomainName">WORKGROUP</Data>
<Data Name="SubjectLogonId">0x00000000000003e7</Data>
<Data Name="CallerProcessId">0x00000000000005d0</Data>
<Data Name="CallerProcessName">C:\Windows\System32\svchost.exe</Data>
</EventData>
</Event>

<Event xmlns="http://schemas.microsoft.com/win/2004/08/events/event"><System><Provider Name="Microsoft-Windows-Eventlog" Guid="{fc65ddd8-d6ef-4962-83d5-6e5cfe9ce148}"></Provider>
<EventID Qualifiers="">1100</EventID>
<Version>0</Version>
<Level>4</Level>
<Task>103</Task>
<Opcode>0</Opcode>
<Keywords>0x4020000000000000</Keywords>
<TimeCreated SystemTime="2022-05-06 15:36:25.321695"></TimeCreated>
<EventRecordID>996</EventRecordID>
<Correlation ActivityID="" RelatedActivityID=""></Correlation>
<Execution ProcessID="1848" ThreadID="1628"></Execution>
<Channel>Security</Channel>
<Computer>Council-HQ</Computer>
<Security UserID=""></Security>
</System>
<UserData><ServiceShutdown xmlns="http://manifests.microsoft.com/win/2004/08/windows/eventlog"></ServiceShutdown>
</UserData>
</Event>

<Event xmlns="http://schemas.microsoft.com/win/2004/08/events/event"><System><Provider Name="Microsoft-Windows-Security-Auditing" Guid="{54849625-5478-4994-a5ba-3e3b0328c30d}"></Provider>
<EventID Qualifiers="">4688</EventID>
<Version>2</Version>
<Level>0</Level>
<Task>13312</Task>
<Opcode>0</Opcode>
<Keywords>0x8020000000000000</Keywords>
<TimeCreated SystemTime="2022-05-06 15:36:31.111795"></TimeCreated>
<EventRecordID>997</EventRecordID>
<Correlation ActivityID="" RelatedActivityID=""></Correlation>
<Execution ProcessID="4" ThreadID="128"></Execution>
<Channel>Security</Channel>
<Computer>Council-HQ</Computer>
<Security UserID=""></Security>
</System>
<EventData><Data Name="SubjectUserSid">S-1-5-18</Data>
<Data Name="SubjectUserName">-</Data>
<Data Name="SubjectDomainName">-</Data>
<Data Name="SubjectLogonId">0x00000000000003e7</Data>
<Data Name="NewProcessId">0x000000000000007c</Data>
<Data Name="NewProcessName">Registry</Data>
<Data Name="TokenElevationType">%%1936</Data>
<Data Name="ProcessId">0x0000000000000004</Data>
<Data Name="CommandLine"></Data>
<Data Name="TargetUserSid">S-1-0-0</Data>
<Data Name="TargetUserName">-</Data>
<Data Name="TargetDomainName">-</Data>
<Data Name="TargetLogonId">0x0000000000000000</Data>
<Data Name="ParentProcessName"></Data>
<Data Name="MandatoryLabel">S-1-16-16384</Data>
</EventData>
</Event>

<Event xmlns="http://schemas.microsoft.com/win/2004/08/events/event"><System><Provider Name="Microsoft-Windows-Security-Auditing" Guid="{54849625-5478-4994-a5ba-3e3b0328c30d}"></Provider>
<EventID Qualifiers="">4696</EventID>
<Version>0</Version>
<Level>0</Level>
<Task>13312</Task>
<Opcode>0</Opcode>
<Keywords>0x8020000000000000</Keywords>
<TimeCreated SystemTime="2022-05-06 15:36:31.111805"></TimeCreated>
<EventRecordID>998</EventRecordID>
<Correlation ActivityID="" RelatedActivityID=""></Correlation>
<Execution ProcessID="4" ThreadID="128"></Execution>
<Channel>Security</Channel>
<Computer>Council-HQ</Computer>
<Security UserID=""></Security>
</System>
<EventData><Data Name="SubjectUserSid">S-1-5-18</Data>
<Data Name="SubjectUserName">-</Data>
<Data Name="SubjectDomainName">-</Data>
<Data Name="SubjectLogonId">0x00000000000003e7</Data>
<Data Name="TargetUserSid">S-1-0-0</Data>
<Data Name="TargetUserName">-</Data>
<Data Name="TargetDomainName">-</Data>
<Data Name="TargetLogonId">0x00000000000003e7</Data>
<Data Name="TargetProcessId">0x000000000000007c</Data>
<Data Name="TargetProcessName">Registry</Data>
<Data Name="ProcessId">0x0000000000000004</Data>
<Data Name="ProcessName"></Data>
</EventData>
</Event>

<Event xmlns="http://schemas.microsoft.com/win/2004/08/events/event"><System><Provider Name="Microsoft-Windows-Security-Auditing" Guid="{54849625-5478-4994-a5ba-3e3b0328c30d}"></Provider>
<EventID Qualifiers="">4826</EventID>
<Version>0</Version>
<Level>0</Level>
<Task>13573</Task>
<Opcode>0</Opcode>
<Keywords>0x8020000000000000</Keywords>
<TimeCreated SystemTime="2022-05-06 15:36:31.111811"></TimeCreated>
<EventRecordID>999</EventRecordID>
<Correlation ActivityID="" RelatedActivityID=""></Correlation>
<Execution ProcessID="4" ThreadID="128"></Execution>
<Channel>Security</Channel>
<Computer>Council-HQ</Computer>
<Security UserID=""></Security>
</System>
<EventData><Data Name="SubjectUserSid">S-1-5-18</Data>
<Data Name="SubjectUserName">-</Data>
<Data Name="SubjectDomainName">-</Data>
<Data Name="SubjectLogonId">0x00000000000003e7</Data>
<Data Name="LoadOptions">-</Data>
<Data Name="AdvancedOptions">%%1843</Data>
<Data Name="ConfigAccessPolicy">%%1846</Data>
<Data Name="RemoteEventLogging">%%1843</Data>
<Data Name="KernelDebug">%%1843</Data>
<Data Name="VsmLaunchType">%%1848</Data>
<Data Name="TestSigning">%%1843</Data>
<Data Name="FlightSigning">%%1843</Data>
<Data Name="DisableIntegrityChecks">%%1843</Data>
<Data Name="HypervisorLoadOptions">-</Data>
<Data Name="HypervisorLaunchType">%%1848</Data>
<Data Name="HypervisorDebug">%%1843</Data>
</EventData>
</Event>

<Event xmlns="http://schemas.microsoft.com/win/2004/08/events/event"><System><Provider Name="Microsoft-Windows-Security-Auditing" Guid="{54849625-5478-4994-a5ba-3e3b0328c30d}"></Provider>
<EventID Qualifiers="">4688</EventID>
<Version>2</Version>
<Level>0</Level>
<Task>13312</Task>
<Opcode>0</Opcode>
<Keywords>0x8020000000000000</Keywords>
<TimeCreated SystemTime="2022-05-06 15:36:31.157280"></TimeCreated>
<EventRecordID>1000</EventRecordID>
<Correlation ActivityID="" RelatedActivityID=""></Correlation>
<Execution ProcessID="4" ThreadID="344"></Execution>
<Channel>Security</Channel>
<Computer>Council-HQ</Computer>
<Security UserID=""></Security>
</System>
<EventData><Data Name="SubjectUserSid">S-1-5-18</Data>
<Data Name="SubjectUserName">-</Data>
<Data Name="SubjectDomainName">-</Data>
<Data Name="SubjectLogonId">0x00000000000003e7</Data>
<Data Name="NewProcessId">0x000000000000018c</Data>
<Data Name="NewProcessName">C:\Windows\System32\smss.exe</Data>
<Data Name="TokenElevationType">%%1936</Data>
<Data Name="ProcessId">0x0000000000000004</Data>
<Data Name="CommandLine"></Data>
<Data Name="TargetUserSid">S-1-0-0</Data>
<Data Name="TargetUserName">-</Data>
<Data Name="TargetDomainName">-</Data>
<Data Name="TargetLogonId">0x0000000000000000</Data>
<Data Name="ParentProcessName"></Data>
<Data Name="MandatoryLabel">S-1-16-16384</Data>
</EventData>
</Event>

<Event xmlns="http://schemas.microsoft.com/win/2004/08/events/event"><System><Provider Name="Microsoft-Windows-Security-Auditing" Guid="{54849625-5478-4994-a5ba-3e3b0328c30d}"></Provider>
<EventID Qualifiers="">4688</EventID>
<Version>2</Version>
<Level>0</Level>
<Task>13312</Task>
<Opcode>0</Opcode>
<Keywords>0x8020000000000000</Keywords>
<TimeCreated SystemTime="2022-05-06 15:36:33.009275"></TimeCreated>
<EventRecordID>1001</EventRecordID>
<Correlation ActivityID="" RelatedActivityID=""></Correlation>
<Execution ProcessID="4" ThreadID="32"></Execution>
<Channel>Security</Channel>
<Computer>Council-HQ</Computer>
<Security UserID=""></Security>
</System>
<EventData><Data Name="SubjectUserSid">S-1-5-18</Data>
<Data Name="SubjectUserName">-</Data>
<Data Name="SubjectDomainName">-</Data>
<Data Name="SubjectLogonId">0x00000000000003e7</Data>
<Data Name="NewProcessId">0x00000000000001a0</Data>
<Data Name="NewProcessName">C:\Windows\System32\autochk.exe</Data>
<Data Name="TokenElevationType">%%1936</Data>
<Data Name="ProcessId">0x000000000000018c</Data>
<Data Name="CommandLine"></Data>
<Data Name="TargetUserSid">S-1-0-0</Data>
<Data Name="TargetUserName">-</Data>
<Data Name="TargetDomainName">-</Data>
<Data Name="TargetLogonId">0x0000000000000000</Data>
<Data Name="ParentProcessName">C:\Windows\System32\smss.exe</Data>
<Data Name="MandatoryLabel">S-1-16-16384</Data>
</EventData>
</Event>

<Event xmlns="http://schemas.microsoft.com/win/2004/08/events/event"><System><Provider Name="Microsoft-Windows-Security-Auditing" Guid="{54849625-5478-4994-a5ba-3e3b0328c30d}"></Provider>
<EventID Qualifiers="">4688</EventID>
<Version>2</Version>
<Level>0</Level>
<Task>13312</Task>
<Opcode>0</Opcode>
<Keywords>0x8020000000000000</Keywords>
<TimeCreated SystemTime="2022-05-06 15:36:33.391230"></TimeCreated>
<EventRecordID>1002</EventRecordID>
<Correlation ActivityID="" RelatedActivityID=""></Correlation>
<Execution ProcessID="4" ThreadID="32"></Execution>
<Channel>Security</Channel>
<Computer>Council-HQ</Computer>
<Security UserID=""></Security>
</System>
<EventData><Data Name="SubjectUserSid">S-1-5-18</Data>
<Data Name="SubjectUserName">-</Data>
<Data Name="SubjectDomainName">-</Data>
<Data Name="SubjectLogonId">0x00000000000003e7</Data>
<Data Name="NewProcessId">0x00000000000001e8</Data>
<Data Name="NewProcessName">C:\Windows\System32\smss.exe</Data>
<Data Name="TokenElevationType">%%1936</Data>
<Data Name="ProcessId">0x000000000000018c</Data>
<Data Name="CommandLine"></Data>
<Data Name="TargetUserSid">S-1-0-0</Data>
<Data Name="TargetUserName">-</Data>
<Data Name="TargetDomainName">-</Data>
<Data Name="TargetLogonId">0x0000000000000000</Data>
<Data Name="ParentProcessName">C:\Windows\System32\smss.exe</Data>
<Data Name="MandatoryLabel">S-1-16-16384</Data>
</EventData>
</Event>

<Event xmlns="http://schemas.microsoft.com/win/2004/08/events/event"><System><Provider Name="Microsoft-Windows-Security-Auditing" Guid="{54849625-5478-4994-a5ba-3e3b0328c30d}"></Provider>
<EventID Qualifiers="">4688</EventID>
<Version>2</Version>
<Level>0</Level>
<Task>13312</Task>
<Opcode>0</Opcode>
<Keywords>0x8020000000000000</Keywords>
<TimeCreated SystemTime="2022-05-06 15:36:33.577995"></TimeCreated>
<EventRecordID>1003</EventRecordID>
<Correlation ActivityID="" RelatedActivityID=""></Correlation>
<Execution ProcessID="4" ThreadID="152"></Execution>
<Channel>Security</Channel>
<Computer>Council-HQ</Computer>
<Security UserID=""></Security>
</System>
<EventData><Data Name="SubjectUserSid">S-1-5-18</Data>
<Data Name="SubjectUserName">-</Data>
<Data Name="SubjectDomainName">-</Data>
<Data Name="SubjectLogonId">0x00000000000003e7</Data>
<Data Name="NewProcessId">0x00000000000001fc</Data>
<Data Name="NewProcessName">C:\Windows\System32\csrss.exe</Data>
<Data Name="TokenElevationType">%%1936</Data>
<Data Name="ProcessId">0x00000000000001e8</Data>
<Data Name="CommandLine"></Data>
<Data Name="TargetUserSid">S-1-0-0</Data>
<Data Name="TargetUserName">-</Data>
<Data Name="TargetDomainName">-</Data>
<Data Name="TargetLogonId">0x0000000000000000</Data>
<Data Name="ParentProcessName">C:\Windows\System32\smss.exe</Data>
<Data Name="MandatoryLabel">S-1-16-16384</Data>
</EventData>
</Event>

<Event xmlns="http://schemas.microsoft.com/win/2004/08/events/event"><System><Provider Name="Microsoft-Windows-Security-Auditing" Guid="{54849625-5478-4994-a5ba-3e3b0328c30d}"></Provider>
<EventID Qualifiers="">4688</EventID>
<Version>2</Version>
<Level>0</Level>
<Task>13312</Task>
<Opcode>0</Opcode>
<Keywords>0x8020000000000000</Keywords>
<TimeCreated SystemTime="2022-05-06 15:36:33.625263"></TimeCreated>
<EventRecordID>1004</EventRecordID>
<Correlation ActivityID="" RelatedActivityID=""></Correlation>
<Execution ProcessID="4" ThreadID="352"></Execution>
<Channel>Security</Channel>
<Computer>Council-HQ</Computer>
<Security UserID=""></Security>
</System>
<EventData><Data Name="SubjectUserSid">S-1-5-18</Data>
<Data Name="SubjectUserName">-</Data>
<Data Name="SubjectDomainName">-</Data>
<Data Name="SubjectLogonId">0x00000000000003e7</Data>
<Data Name="NewProcessId">0x000000000000023c</Data>
<Data Name="NewProcessName">C:\Windows\System32\smss.exe</Data>
<Data Name="TokenElevationType">%%1936</Data>
<Data Name="ProcessId">0x000000000000018c</Data>
<Data Name="CommandLine"></Data>
<Data Name="TargetUserSid">S-1-0-0</Data>
<Data Name="TargetUserName">-</Data>
<Data Name="TargetDomainName">-</Data>
<Data Name="TargetLogonId">0x0000000000000000</Data>
<Data Name="ParentProcessName">C:\Windows\System32\smss.exe</Data>
<Data Name="MandatoryLabel">S-1-16-16384</Data>
</EventData>
</Event>

<Event xmlns="http://schemas.microsoft.com/win/2004/08/events/event"><System><Provider Name="Microsoft-Windows-Security-Auditing" Guid="{54849625-5478-4994-a5ba-3e3b0328c30d}"></Provider>
<EventID Qualifiers="">4688</EventID>
<Version>2</Version>
<Level>0</Level>
<Task>13312</Task>
<Opcode>0</Opcode>
<Keywords>0x8020000000000000</Keywords>
<TimeCreated SystemTime="2022-05-06 15:36:33.625954"></TimeCreated>
<EventRecordID>1005</EventRecordID>
<Correlation ActivityID="" RelatedActivityID=""></Correlation>
<Execution ProcessID="4" ThreadID="352"></Execution>
<Channel>Security</Channel>
<Computer>Council-HQ</Computer>
<Security UserID=""></Security>
</System>
<EventData><Data Name="SubjectUserSid">S-1-5-18</Data>
<Data Name="SubjectUserName">-</Data>
<Data Name="SubjectDomainName">-</Data>
<Data Name="SubjectLogonId">0x00000000000003e7</Data>
<Data Name="NewProcessId">0x0000000000000244</Data>
<Data Name="NewProcessName">C:\Windows\System32\wininit.exe</Data>
<Data Name="TokenElevationType">%%1936</Data>
<Data Name="ProcessId">0x00000000000001e8</Data>
<Data Name="CommandLine"></Data>
<Data Name="TargetUserSid">S-1-0-0</Data>
<Data Name="TargetUserName">-</Data>
<Data Name="TargetDomainName">-</Data>
<Data Name="TargetLogonId">0x0000000000000000</Data>
<Data Name="ParentProcessName">C:\Windows\System32\smss.exe</Data>
<Data Name="MandatoryLabel">S-1-16-16384</Data>
</EventData>
</Event>

<Event xmlns="http://schemas.microsoft.com/win/2004/08/events/event"><System><Provider Name="Microsoft-Windows-Security-Auditing" Guid="{54849625-5478-4994-a5ba-3e3b0328c30d}"></Provider>
<EventID Qualifiers="">4688</EventID>
<Version>2</Version>
<Level>0</Level>
<Task>13312</Task>
<Opcode>0</Opcode>
<Keywords>0x8020000000000000</Keywords>
<TimeCreated SystemTime="2022-05-06 15:36:33.631784"></TimeCreated>
<EventRecordID>1006</EventRecordID>
<Correlation ActivityID="" RelatedActivityID=""></Correlation>
<Execution ProcessID="4" ThreadID="352"></Execution>
<Channel>Security</Channel>
<Computer>Council-HQ</Computer>
<Security UserID=""></Security>
</System>
<EventData><Data Name="SubjectUserSid">S-1-5-18</Data>
<Data Name="SubjectUserName">-</Data>
<Data Name="SubjectDomainName">-</Data>
<Data Name="SubjectLogonId">0x00000000000003e7</Data>
<Data Name="NewProcessId">0x0000000000000258</Data>
<Data Name="NewProcessName">C:\Windows\System32\csrss.exe</Data>
<Data Name="TokenElevationType">%%1936</Data>
<Data Name="ProcessId">0x000000000000023c</Data>
<Data Name="CommandLine"></Data>
<Data Name="TargetUserSid">S-1-0-0</Data>
<Data Name="TargetUserName">-</Data>
<Data Name="TargetDomainName">-</Data>
<Data Name="TargetLogonId">0x0000000000000000</Data>
<Data Name="ParentProcessName">C:\Windows\System32\smss.exe</Data>
<Data Name="MandatoryLabel">S-1-16-16384</Data>
</EventData>
</Event>

<Event xmlns="http://schemas.microsoft.com/win/2004/08/events/event"><System><Provider Name="Microsoft-Windows-Security-Auditing" Guid="{54849625-5478-4994-a5ba-3e3b0328c30d}"></Provider>
<EventID Qualifiers="">4688</EventID>
<Version>2</Version>
<Level>0</Level>
<Task>13312</Task>
<Opcode>0</Opcode>
<Keywords>0x8020000000000000</Keywords>
<TimeCreated SystemTime="2022-05-06 15:36:33.648853"></TimeCreated>
<EventRecordID>1007</EventRecordID>
<Correlation ActivityID="" RelatedActivityID=""></Correlation>
<Execution ProcessID="4" ThreadID="352"></Execution>
<Channel>Security</Channel>
<Computer>Council-HQ</Computer>
<Security UserID=""></Security>
</System>
<EventData><Data Name="SubjectUserSid">S-1-5-18</Data>
<Data Name="SubjectUserName">-</Data>
<Data Name="SubjectDomainName">-</Data>
<Data Name="SubjectLogonId">0x00000000000003e7</Data>
<Data Name="NewProcessId">0x00000000000002a8</Data>
<Data Name="NewProcessName">C:\Windows\System32\winlogon.exe</Data>
<Data Name="TokenElevationType">%%1936</Data>
<Data Name="ProcessId">0x000000000000023c</Data>
<Data Name="CommandLine"></Data>
<Data Name="TargetUserSid">S-1-0-0</Data>
<Data Name="TargetUserName">-</Data>
<Data Name="TargetDomainName">-</Data>
<Data Name="TargetLogonId">0x0000000000000000</Data>
<Data Name="ParentProcessName">C:\Windows\System32\smss.exe</Data>
<Data Name="MandatoryLabel">S-1-16-16384</Data>
</EventData>
</Event>

<Event xmlns="http://schemas.microsoft.com/win/2004/08/events/event"><System><Provider Name="Microsoft-Windows-Security-Auditing" Guid="{54849625-5478-4994-a5ba-3e3b0328c30d}"></Provider>
<EventID Qualifiers="">4688</EventID>
<Version>2</Version>
<Level>0</Level>
<Task>13312</Task>
<Opcode>0</Opcode>
<Keywords>0x8020000000000000</Keywords>
<TimeCreated SystemTime="2022-05-06 15:36:33.674564"></TimeCreated>
<EventRecordID>1008</EventRecordID>
<Correlation ActivityID="" RelatedActivityID=""></Correlation>
<Execution ProcessID="4" ThreadID="352"></Execution>
<Channel>Security</Channel>
<Computer>Council-HQ</Computer>
<Security UserID=""></Security>
</System>
<EventData><Data Name="SubjectUserSid">S-1-5-18</Data>
<Data Name="SubjectUserName">-</Data>
<Data Name="SubjectDomainName">-</Data>
<Data Name="SubjectLogonId">0x00000000000003e7</Data>
<Data Name="NewProcessId">0x00000000000002d4</Data>
<Data Name="NewProcessName">C:\Windows\System32\services.exe</Data>
<Data Name="TokenElevationType">%%1936</Data>
<Data Name="ProcessId">0x0000000000000244</Data>
<Data Name="CommandLine"></Data>
<Data Name="TargetUserSid">S-1-0-0</Data>
<Data Name="TargetUserName">-</Data>
<Data Name="TargetDomainName">-</Data>
<Data Name="TargetLogonId">0x0000000000000000</Data>
<Data Name="ParentProcessName">C:\Windows\System32\wininit.exe</Data>
<Data Name="MandatoryLabel">S-1-16-16384</Data>
</EventData>
</Event>

</Events>
