<Event xmlns="http://schemas.microsoft.com/win/2004/08/events/event"><System><Provider Name="Microsoft-Windows-Security-Auditing" Guid="{54849625-5478-4994-a5ba-3e3b0328c30d}"></Provider>
<EventID Qualifiers="">4735</EventID>
<Version>0</Version>
<Level>0</Level>
<Task>13826</Task>
<Opcode>0</Opcode>
<Keywords>0x8020000000000000</Keywords>
<TimeCreated SystemTime="2022-05-07 01:20:56.092415"></TimeCreated>
<EventRecordID>247</EventRecordID>
<Correlation ActivityID="{ac38061f-61b0-0001-2c06-38acb061d801}" RelatedActivityID=""></Correlation>
<Execution ProcessID="752" ThreadID="872"></Execution>
<Channel>Security</Channel>
<Computer>DESKTOP-DBOP9M0</Computer>
<Security UserID=""></Security>
</System>
<EventData><Data Name="TargetUserName">Cryptographic Operators</Data>
<Data Name="TargetDomainName">Builtin</Data>
<Data Name="TargetSid">S-1-5-32-569</Data>
<Data Name="SubjectUserSid">S-1-5-18</Data>
<Data Name="SubjectUserName">WIN-GE1PLB8KFNS$</Data>
<Data Name="SubjectDomainName">WORKGROUP</Data>
<Data Name="SubjectLogonId">0x00000000000003e7</Data>
<Data Name="PrivilegeList">-</Data>
<Data Name="SamAccountName">Cryptographic Operators</Data>
<Data Name="SidHistory">-</Data>
</EventData>
</Event>

<Event xmlns="http://schemas.microsoft.com/win/2004/08/events/event"><System><Provider Name="Microsoft-Windows-Security-Auditing" Guid="{54849625-5478-4994-a5ba-3e3b0328c30d}"></Provider>
<EventID Qualifiers="">4735</EventID>
<Version>0</Version>
<Level>0</Level>
<Task>13826</Task>
<Opcode>0</Opcode>
<Keywords>0x8020000000000000</Keywords>
<TimeCreated SystemTime="2022-05-07 01:20:56.092651"></TimeCreated>
<EventRecordID>248</EventRecordID>
<Correlation ActivityID="{ac38061f-61b0-0001-2c06-38acb061d801}" RelatedActivityID=""></Correlation>
<Execution ProcessID="752" ThreadID="872"></Execution>
<Channel>Security</Channel>
<Computer>DESKTOP-DBOP9M0</Computer>
<Security UserID=""></Security>
</System>
<EventData><Data Name="TargetUserName">Event Log Readers</Data>
<Data Name="TargetDomainName">Builtin</Data>
<Data Name="TargetSid">S-1-5-32-573</Data>
<Data Name="SubjectUserSid">S-1-5-18</Data>
<Data Name="SubjectUserName">WIN-GE1PLB8KFNS$</Data>
<Data Name="SubjectDomainName">WORKGROUP</Data>
<Data Name="SubjectLogonId">0x00000000000003e7</Data>
<Data Name="PrivilegeList">-</Data>
<Data Name="SamAccountName">-</Data>
<Data Name="SidHistory">-</Data>
</EventData>
</Event>

<Event xmlns="http://schemas.microsoft.com/win/2004/08/events/event"><System><Provider Name="Microsoft-Windows-Security-Auditing" Guid="{54849625-5478-4994-a5ba-3e3b0328c30d}"></Provider>
<EventID Qualifiers="">4781</EventID>
<Version>0</Version>
<Level>0</Level>
<Task>13824</Task>
<Opcode>0</Opcode>
<Keywords>0x8020000000000000</Keywords>
<TimeCreated SystemTime="2022-05-07 01:20:56.092764"></TimeCreated>
<EventRecordID>249</EventRecordID>
<Correlation ActivityID="{ac38061f-61b0-0001-2c06-38acb061d801}" RelatedActivityID=""></Correlation>
<Execution ProcessID="752" ThreadID="872"></Execution>
<Channel>Security</Channel>
<Computer>DESKTOP-DBOP9M0</Computer>
<Security UserID=""></Security>
</System>
<EventData><Data Name="OldTargetUserName">Event Log Readers</Data>
<Data Name="NewTargetUserName">Event Log Readers</Data>
<Data Name="TargetDomainName">Builtin</Data>
<Data Name="TargetSid">S-1-5-32-573</Data>
<Data Name="SubjectUserSid">S-1-5-18</Data>
<Data Name="SubjectUserName">WIN-GE1PLB8KFNS$</Data>
<Data Name="SubjectDomainName">WORKGROUP</Data>
<Data Name="SubjectLogonId">0x00000000000003e7</Data>
<Data Name="PrivilegeList">-</Data>
</EventData>
</Event>

<Event xmlns="http://schemas.microsoft.com/win/2004/08/events/event"><System><Provider Name="Microsoft-Windows-Security-Auditing" Guid="{54849625-5478-4994-a5ba-3e3b0328c30d}"></Provider>
<EventID Qualifiers="">4735</EventID>
<Version>0</Version>
<Level>0</Level>
<Task>13826</Task>
<Opcode>0</Opcode>
<Keywords>0x8020000000000000</Keywords>
<TimeCreated SystemTime="2022-05-07 01:20:56.092773"></TimeCreated>
<EventRecordID>250</EventRecordID>
<Correlation ActivityID="{ac38061f-61b0-0001-2c06-38acb061d801}" RelatedActivityID=""></Correlation>
<Execution ProcessID="752" ThreadID="872"></Execution>
<Channel>Security</Channel>
<Computer>DESKTOP-DBOP9M0</Computer>
<Security UserID=""></Security>
</System>
<EventData><Data Name="TargetUserName">Event Log Readers</Data>
<Data Name="TargetDomainName">Builtin</Data>
<Data Name="TargetSid">S-1-5-32-573</Data>
<Data Name="SubjectUserSid">S-1-5-18</Data>
<Data Name="SubjectUserName">WIN-GE1PLB8KFNS$</Data>
<Data Name="SubjectDomainName">WORKGROUP</Data>
<Data Name="SubjectLogonId">0x00000000000003e7</Data>
<Data Name="PrivilegeList">-</Data>
<Data Name="SamAccountName">Event Log Readers</Data>
<Data Name="SidHistory">-</Data>
</EventData>
</Event>

<Event xmlns="http://schemas.microsoft.com/win/2004/08/events/event"><System><Provider Name="Microsoft-Windows-Security-Auditing" Guid="{54849625-5478-4994-a5ba-3e3b0328c30d}"></Provider>
<EventID Qualifiers="">4735</EventID>
<Version>0</Version>
<Level>0</Level>
<Task>13826</Task>
<Opcode>0</Opcode>
<Keywords>0x8020000000000000</Keywords>
<TimeCreated SystemTime="2022-05-07 01:20:56.092939"></TimeCreated>
<EventRecordID>251</EventRecordID>
<Correlation ActivityID="{ac38061f-61b0-0001-2c06-38acb061d801}" RelatedActivityID=""></Correlation>
<Execution ProcessID="752" ThreadID="872"></Execution>
<Channel>Security</Channel>
<Computer>DESKTOP-DBOP9M0</Computer>
<Security UserID=""></Security>
</System>
<EventData><Data Name="TargetUserName">Hyper-V Administrators</Data>
<Data Name="TargetDomainName">Builtin</Data>
<Data Name="TargetSid">S-1-5-32-578</Data>
<Data Name="SubjectUserSid">S-1-5-18</Data>
<Data Name="SubjectUserName">WIN-GE1PLB8KFNS$</Data>
<Data Name="SubjectDomainName">WORKGROUP</Data>
<Data Name="SubjectLogonId">0x00000000000003e7</Data>
<Data Name="PrivilegeList">-</Data>
<Data Name="SamAccountName">-</Data>
<Data Name="SidHistory">-</Data>
</EventData>
</Event>

<Event xmlns="http://schemas.microsoft.com/win/2004/08/events/event"><System><Provider Name="Microsoft-Windows-Security-Auditing" Guid="{54849625-5478-4994-a5ba-3e3b0328c30d}"></Provider>
<EventID Qualifiers="">4781</EventID>
<Version>0</Version>
<Level>0</Level>
<Task>13824</Task>
<Opcode>0</Opcode>
<Keywords>0x8020000000000000</Keywords>
<TimeCreated SystemTime="2022-05-07 01:20:56.093031"></TimeCreated>
<EventRecordID>252</EventRecordID>
<Correlation ActivityID="{ac38061f-61b0-0001-2c06-38acb061d801}" RelatedActivityID=""></Correlation>
<Execution ProcessID="752" ThreadID="872"></Execution>
<Channel>Security</Channel>
<Computer>DESKTOP-DBOP9M0</Computer>
<Security UserID=""></Security>
</System>
<EventData><Data Name="OldTargetUserName">Hyper-V Administrators</Data>
<Data Name="NewTargetUserName">Hyper-V Administrators</Data>
<Data Name="TargetDomainName">Builtin</Data>
<Data Name="TargetSid">S-1-5-32-578</Data>
<Data Name="SubjectUserSid">S-1-5-18</Data>
<Data Name="SubjectUserName">WIN-GE1PLB8KFNS$</Data>
<Data Name="SubjectDomainName">WORKGROUP</Data>
<Data Name="SubjectLogonId">0x00000000000003e7</Data>
<Data Name="PrivilegeList">-</Data>
</EventData>
</Event>

<Event xmlns="http://schemas.microsoft.com/win/2004/08/events/event"><System><Provider Name="Microsoft-Windows-Security-Auditing" Guid="{54849625-5478-4994-a5ba-3e3b0328c30d}"></Provider>
<EventID Qualifiers="">4735</EventID>
<Version>0</Version>
<Level>0</Level>
<Task>13826</Task>
<Opcode>0</Opcode>
<Keywords>0x8020000000000000</Keywords>
<TimeCreated SystemTime="2022-05-07 01:20:56.093040"></TimeCreated>
<EventRecordID>253</EventRecordID>
<Correlation ActivityID="{ac38061f-61b0-0001-2c06-38acb061d801}" RelatedActivityID=""></Correlation>
<Execution ProcessID="752" ThreadID="872"></Execution>
<Channel>Security</Channel>
<Computer>DESKTOP-DBOP9M0</Computer>
<Security UserID=""></Security>
</System>
<EventData><Data Name="TargetUserName">Hyper-V Administrators</Data>
<Data Name="TargetDomainName">Builtin</Data>
<Data Name="TargetSid">S-1-5-32-578</Data>
<Data Name="SubjectUserSid">S-1-5-18</Data>
<Data Name="SubjectUserName">WIN-GE1PLB8KFNS$</Data>
<Data Name="SubjectDomainName">WORKGROUP</Data>
<Data Name="SubjectLogonId">0x00000000000003e7</Data>
<Data Name="PrivilegeList">-</Data>
<Data Name="SamAccountName">Hyper-V Administrators</Data>
<Data Name="SidHistory">-</Data>
</EventData>
</Event>

<Event xmlns="http://schemas.microsoft.com/win/2004/08/events/event"><System><Provider Name="Microsoft-Windows-Security-Auditing" Guid="{54849625-5478-4994-a5ba-3e3b0328c30d}"></Provider>
<EventID Qualifiers="">4735</EventID>
<Version>0</Version>
<Level>0</Level>
<Task>13826</Task>
<Opcode>0</Opcode>
<Keywords>0x8020000000000000</Keywords>
<TimeCreated SystemTime="2022-05-07 01:20:56.094131"></TimeCreated>
<EventRecordID>254</EventRecordID>
<Correlation ActivityID="{ac38061f-61b0-0001-2c06-38acb061d801}" RelatedActivityID=""></Correlation>
<Execution ProcessID="752" ThreadID="872"></Execution>
<Channel>Security</Channel>
<Computer>DESKTOP-DBOP9M0</Computer>
<Security UserID=""></Security>
</System>
<EventData><Data Name="TargetUserName">Access Control Assistance Operators</Data>
<Data Name="TargetDomainName">Builtin</Data>
<Data Name="TargetSid">S-1-5-32-579</Data>
<Data Name="SubjectUserSid">S-1-5-18</Data>
<Data Name="SubjectUserName">WIN-GE1PLB8KFNS$</Data>
<Data Name="SubjectDomainName">WORKGROUP</Data>
<Data Name="SubjectLogonId">0x00000000000003e7</Data>
<Data Name="PrivilegeList">-</Data>
<Data Name="SamAccountName">-</Data>
<Data Name="SidHistory">-</Data>
</EventData>
</Event>

<Event xmlns="http://schemas.microsoft.com/win/2004/08/events/event"><System><Provider Name="Microsoft-Windows-Security-Auditing" Guid="{54849625-5478-4994-a5ba-3e3b0328c30d}"></Provider>
<EventID Qualifiers="">4781</EventID>
<Version>0</Version>
<Level>0</Level>
<Task>13824</Task>
<Opcode>0</Opcode>
<Keywords>0x8020000000000000</Keywords>
<TimeCreated SystemTime="2022-05-07 01:20:56.094458"></TimeCreated>
<EventRecordID>255</EventRecordID>
<Correlation ActivityID="{ac38061f-61b0-0001-2c06-38acb061d801}" RelatedActivityID=""></Correlation>
<Execution ProcessID="752" ThreadID="872"></Execution>
<Channel>Security</Channel>
<Computer>DESKTOP-DBOP9M0</Computer>
<Security UserID=""></Security>
</System>
<EventData><Data Name="OldTargetUserName">Access Control Assistance Operators</Data>
<Data Name="NewTargetUserName">Access Control Assistance Operators</Data>
<Data Name="TargetDomainName">Builtin</Data>
<Data Name="TargetSid">S-1-5-32-579</Data>
<Data Name="SubjectUserSid">S-1-5-18</Data>
<Data Name="SubjectUserName">WIN-GE1PLB8KFNS$</Data>
<Data Name="SubjectDomainName">WORKGROUP</Data>
<Data Name="SubjectLogonId">0x00000000000003e7</Data>
<Data Name="PrivilegeList">-</Data>
</EventData>
</Event>

<Event xmlns="http://schemas.microsoft.com/win/2004/08/events/event"><System><Provider Name="Microsoft-Windows-Security-Auditing" Guid="{54849625-5478-4994-a5ba-3e3b0328c30d}"></Provider>
<EventID Qualifiers="">4735</EventID>
<Version>0</Version>
<Level>0</Level>
<Task>13826</Task>
<Opcode>0</Opcode>
<Keywords>0x8020000000000000</Keywords>
<TimeCreated SystemTime="2022-05-07 01:20:56.094479"></TimeCreated>
<EventRecordID>256</EventRecordID>
<Correlation ActivityID="{ac38061f-61b0-0001-2c06-38acb061d801}" RelatedActivityID=""></Correlation>
<Execution ProcessID="752" ThreadID="872"></Execution>
<Channel>Security</Channel>
<Computer>DESKTOP-DBOP9M0</Computer>
<Security UserID=""></Security>
</System>
<EventData><Data Name="TargetUserName">Access Control Assistance Operators</Data>
<Data Name="TargetDomainName">Builtin</Data>
<Data Name="TargetSid">S-1-5-32-579</Data>
<Data Name="SubjectUserSid">S-1-5-18</Data>
<Data Name="SubjectUserName">WIN-GE1PLB8KFNS$</Data>
<Data Name="SubjectDomainName">WORKGROUP</Data>
<Data Name="SubjectLogonId">0x00000000000003e7</Data>
<Data Name="PrivilegeList">-</Data>
<Data Name="SamAccountName">Access Control Assistance Operators</Data>
<Data Name="SidHistory">-</Data>
</EventData>
</Event>

<Event xmlns="http://schemas.microsoft.com/win/2004/08/events/event"><System><Provider Name="Microsoft-Windows-Security-Auditing" Guid="{54849625-5478-4994-a5ba-3e3b0328c30d}"></Provider>
<EventID Qualifiers="">4735</EventID>
<Version>0</Version>
<Level>0</Level>
<Task>13826</Task>
<Opcode>0</Opcode>
<Keywords>0x8020000000000000</Keywords>
<TimeCreated SystemTime="2022-05-07 01:20:56.094963"></TimeCreated>
<EventRecordID>257</EventRecordID>
<Correlation ActivityID="{ac38061f-61b0-0001-2c06-38acb061d801}" RelatedActivityID=""></Correlation>
<Execution ProcessID="752" ThreadID="804"></Execution>
<Channel>Security</Channel>
<Computer>DESKTOP-DBOP9M0</Computer>
<Security UserID=""></Security>
</System>
<EventData><Data Name="TargetUserName">Remote Management Users</Data>
<Data Name="TargetDomainName">Builtin</Data>
<Data Name="TargetSid">S-1-5-32-580</Data>
<Data Name="SubjectUserSid">S-1-5-18</Data>
<Data Name="SubjectUserName">WIN-GE1PLB8KFNS$</Data>
<Data Name="SubjectDomainName">WORKGROUP</Data>
<Data Name="SubjectLogonId">0x00000000000003e7</Data>
<Data Name="PrivilegeList">-</Data>
<Data Name="SamAccountName">-</Data>
<Data Name="SidHistory">-</Data>
</EventData>
</Event>

<Event xmlns="http://schemas.microsoft.com/win/2004/08/events/event"><System><Provider Name="Microsoft-Windows-Security-Auditing" Guid="{54849625-5478-4994-a5ba-3e3b0328c30d}"></Provider>
<EventID Qualifiers="">4781</EventID>
<Version>0</Version>
<Level>0</Level>
<Task>13824</Task>
<Opcode>0</Opcode>
<Keywords>0x8020000000000000</Keywords>
<TimeCreated SystemTime="2022-05-07 01:20:56.095194"></TimeCreated>
<EventRecordID>258</EventRecordID>
<Correlation ActivityID="{ac38061f-61b0-0001-2c06-38acb061d801}" RelatedActivityID=""></Correlation>
<Execution ProcessID="752" ThreadID="804"></Execution>
<Channel>Security</Channel>
<Computer>DESKTOP-DBOP9M0</Computer>
<Security UserID=""></Security>
</System>
<EventData><Data Name="OldTargetUserName">Remote Management Users</Data>
<Data Name="NewTargetUserName">Remote Management Users</Data>
<Data Name="TargetDomainName">Builtin</Data>
<Data Name="TargetSid">S-1-5-32-580</Data>
<Data Name="SubjectUserSid">S-1-5-18</Data>
<Data Name="SubjectUserName">WIN-GE1PLB8KFNS$</Data>
<Data Name="SubjectDomainName">WORKGROUP</Data>
<Data Name="SubjectLogonId">0x00000000000003e7</Data>
<Data Name="PrivilegeList">-</Data>
</EventData>
</Event>

<Event xmlns="http://schemas.microsoft.com/win/2004/08/events/event"><System><Provider Name="Microsoft-Windows-Security-Auditing" Guid="{54849625-5478-4994-a5ba-3e3b0328c30d}"></Provider>
<EventID Qualifiers="">4735</EventID>
<Version>0</Version>
<Level>0</Level>
<Task>13826</Task>
<Opcode>0</Opcode>
<Keywords>0x8020000000000000</Keywords>
<TimeCreated SystemTime="2022-05-07 01:20:56.095203"></TimeCreated>
<EventRecordID>259</EventRecordID>
<Correlation ActivityID="{ac38061f-61b0-0001-2c06-38acb061d801}" RelatedActivityID=""></Correlation>
<Execution ProcessID="752" ThreadID="804"></Execution>
<Channel>Security</Channel>
<Computer>DESKTOP-DBOP9M0</Computer>
<Security UserID=""></Security>
</System>
<EventData><Data Name="TargetUserName">Remote Management Users</Data>
<Data Name="TargetDomainName">Builtin</Data>
<Data Name="TargetSid">S-1-5-32-580</Data>
<Data Name="SubjectUserSid">S-1-5-18</Data>
<Data Name="SubjectUserName">WIN-GE1PLB8KFNS$</Data>
<Data Name="SubjectDomainName">WORKGROUP</Data>
<Data Name="SubjectLogonId">0x00000000000003e7</Data>
<Data Name="PrivilegeList">-</Data>
<Data Name="SamAccountName">Remote Management Users</Data>
<Data Name="SidHistory">-</Data>
</EventData>
</Event>

<Event xmlns="http://schemas.microsoft.com/win/2004/08/events/event"><System><Provider Name="Microsoft-Windows-Security-Auditing" Guid="{54849625-5478-4994-a5ba-3e3b0328c30d}"></Provider>
<EventID Qualifiers="">4735</EventID>
<Version>0</Version>
<Level>0</Level>
<Task>13826</Task>
<Opcode>0</Opcode>
<Keywords>0x8020000000000000</Keywords>
<TimeCreated SystemTime="2022-05-07 01:20:56.095413"></TimeCreated>
<EventRecordID>260</EventRecordID>
<Correlation ActivityID="{ac38061f-61b0-0001-2c06-38acb061d801}" RelatedActivityID=""></Correlation>
<Execution ProcessID="752" ThreadID="804"></Execution>
<Channel>Security</Channel>
<Computer>DESKTOP-DBOP9M0</Computer>
<Security UserID=""></Security>
</System>
<EventData><Data Name="TargetUserName">System Managed Accounts Group</Data>
<Data Name="TargetDomainName">Builtin</Data>
<Data Name="TargetSid">S-1-5-32-581</Data>
<Data Name="SubjectUserSid">S-1-5-18</Data>
<Data Name="SubjectUserName">WIN-GE1PLB8KFNS$</Data>
<Data Name="SubjectDomainName">WORKGROUP</Data>
<Data Name="SubjectLogonId">0x00000000000003e7</Data>
<Data Name="PrivilegeList">-</Data>
<Data Name="SamAccountName">-</Data>
<Data Name="SidHistory">-</Data>
</EventData>
</Event>

<Event xmlns="http://schemas.microsoft.com/win/2004/08/events/event"><System><Provider Name="Microsoft-Windows-Security-Auditing" Guid="{54849625-5478-4994-a5ba-3e3b0328c30d}"></Provider>
<EventID Qualifiers="">4781</EventID>
<Version>0</Version>
<Level>0</Level>
<Task>13824</Task>
<Opcode>0</Opcode>
<Keywords>0x8020000000000000</Keywords>
<TimeCreated SystemTime="2022-05-07 01:20:56.095541"></TimeCreated>
<EventRecordID>261</EventRecordID>
<Correlation ActivityID="{ac38061f-61b0-0001-2c06-38acb061d801}" RelatedActivityID=""></Correlation>
<Execution ProcessID="752" ThreadID="804"></Execution>
<Channel>Security</Channel>
<Computer>DESKTOP-DBOP9M0</Computer>
<Security UserID=""></Security>
</System>
<EventData><Data Name="OldTargetUserName">System Managed Accounts Group</Data>
<Data Name="NewTargetUserName">System Managed Accounts Group</Data>
<Data Name="TargetDomainName">Builtin</Data>
<Data Name="TargetSid">S-1-5-32-581</Data>
<Data Name="SubjectUserSid">S-1-5-18</Data>
<Data Name="SubjectUserName">WIN-GE1PLB8KFNS$</Data>
<Data Name="SubjectDomainName">WORKGROUP</Data>
<Data Name="SubjectLogonId">0x00000000000003e7</Data>
<Data Name="PrivilegeList">-</Data>
</EventData>
</Event>

<Event xmlns="http://schemas.microsoft.com/win/2004/08/events/event"><System><Provider Name="Microsoft-Windows-Security-Auditing" Guid="{54849625-5478-4994-a5ba-3e3b0328c30d}"></Provider>
<EventID Qualifiers="">4735</EventID>
<Version>0</Version>
<Level>0</Level>
<Task>13826</Task>
<Opcode>0</Opcode>
<Keywords>0x8020000000000000</Keywords>
<TimeCreated SystemTime="2022-05-07 01:20:56.095549"></TimeCreated>
<EventRecordID>262</EventRecordID>
<Correlation ActivityID="{ac38061f-61b0-0001-2c06-38acb061d801}" RelatedActivityID=""></Correlation>
<Execution ProcessID="752" ThreadID="804"></Execution>
<Channel>Security</Channel>
<Computer>DESKTOP-DBOP9M0</Computer>
<Security UserID=""></Security>
</System>
<EventData><Data Name="TargetUserName">System Managed Accounts Group</Data>
<Data Name="TargetDomainName">Builtin</Data>
<Data Name="TargetSid">S-1-5-32-581</Data>
<Data Name="SubjectUserSid">S-1-5-18</Data>
<Data Name="SubjectUserName">WIN-GE1PLB8KFNS$</Data>
<Data Name="SubjectDomainName">WORKGROUP</Data>
<Data Name="SubjectLogonId">0x00000000000003e7</Data>
<Data Name="PrivilegeList">-</Data>
<Data Name="SamAccountName">System Managed Accounts Group</Data>
<Data Name="SidHistory">-</Data>
</EventData>
</Event>

<Event xmlns="http://schemas.microsoft.com/win/2004/08/events/event"><System><Provider Name="Microsoft-Windows-Security-Auditing" Guid="{54849625-5478-4994-a5ba-3e3b0328c30d}"></Provider>
<EventID Qualifiers="">4735</EventID>
<Version>0</Version>
<Level>0</Level>
<Task>13826</Task>
<Opcode>0</Opcode>
<Keywords>0x8020000000000000</Keywords>
<TimeCreated SystemTime="2022-05-07 01:20:56.095844"></TimeCreated>
<EventRecordID>263</EventRecordID>
<Correlation ActivityID="{ac38061f-61b0-0001-2c06-38acb061d801}" RelatedActivityID=""></Correlation>
<Execution ProcessID="752" ThreadID="804"></Execution>
<Channel>Security</Channel>
<Computer>DESKTOP-DBOP9M0</Computer>
<Security UserID=""></Security>
</System>
<EventData><Data Name="TargetUserName">Device Owners</Data>
<Data Name="TargetDomainName">Builtin</Data>
<Data Name="TargetSid">S-1-5-32-583</Data>
<Data Name="SubjectUserSid">S-1-5-18</Data>
<Data Name="SubjectUserName">WIN-GE1PLB8KFNS$</Data>
<Data Name="SubjectDomainName">WORKGROUP</Data>
<Data Name="SubjectLogonId">0x00000000000003e7</Data>
<Data Name="PrivilegeList">-</Data>
<Data Name="SamAccountName">-</Data>
<Data Name="SidHistory">-</Data>
</EventData>
</Event>

<Event xmlns="http://schemas.microsoft.com/win/2004/08/events/event"><System><Provider Name="Microsoft-Windows-Security-Auditing" Guid="{54849625-5478-4994-a5ba-3e3b0328c30d}"></Provider>
<EventID Qualifiers="">4781</EventID>
<Version>0</Version>
<Level>0</Level>
<Task>13824</Task>
<Opcode>0</Opcode>
<Keywords>0x8020000000000000</Keywords>
<TimeCreated SystemTime="2022-05-07 01:20:56.095938"></TimeCreated>
<EventRecordID>264</EventRecordID>
<Correlation ActivityID="{ac38061f-61b0-0001-2c06-38acb061d801}" RelatedActivityID=""></Correlation>
<Execution ProcessID="752" ThreadID="804"></Execution>
<Channel>Security</Channel>
<Computer>DESKTOP-DBOP9M0</Computer>
<Security UserID=""></Security>
</System>
<EventData><Data Name="OldTargetUserName">Device Owners</Data>
<Data Name="NewTargetUserName">Device Owners</Data>
<Data Name="TargetDomainName">Builtin</Data>
<Data Name="TargetSid">S-1-5-32-583</Data>
<Data Name="SubjectUserSid">S-1-5-18</Data>
<Data Name="SubjectUserName">WIN-GE1PLB8KFNS$</Data>
<Data Name="SubjectDomainName">WORKGROUP</Data>
<Data Name="SubjectLogonId">0x00000000000003e7</Data>
<Data Name="PrivilegeList">-</Data>
</EventData>
</Event>

<Event xmlns="http://schemas.microsoft.com/win/2004/08/events/event"><System><Provider Name="Microsoft-Windows-Security-Auditing" Guid="{54849625-5478-4994-a5ba-3e3b0328c30d}"></Provider>
<EventID Qualifiers="">5379</EventID>
<Version>0</Version>
<Level>0</Level>
<Task>13824</Task>
<Opcode>0</Opcode>
<Keywords>0x8020000000000000</Keywords>
<TimeCreated SystemTime="2022-05-07 01:20:56.095943"></TimeCreated>
<EventRecordID>265</EventRecordID>
<Correlation ActivityID="{ac38061f-61b0-0001-2c06-38acb061d801}" RelatedActivityID=""></Correlation>
<Execution ProcessID="752" ThreadID="872"></Execution>
<Channel>Security</Channel>
<Computer>DESKTOP-DBOP9M0</Computer>
<Security UserID=""></Security>
</System>
<EventData><Data Name="SubjectUserSid">S-1-5-18</Data>
<Data Name="SubjectUserName">WIN-GE1PLB8KFNS$</Data>
<Data Name="SubjectDomainName">WORKGROUP</Data>
<Data Name="SubjectLogonId">0x00000000000003e7</Data>
<Data Name="TargetName">WindowsLive:(token):name=02euioxcqgagrigy;serviceuri=*</Data>
<Data Name="Type">0</Data>
<Data Name="CountOfCredentialsReturned">0</Data>
<Data Name="ReadOperation">%%8100</Data>
<Data Name="ReturnCode">3221226021</Data>
<Data Name="ProcessCreationTime">2022-05-07 01:20:55.979322</Data>
<Data Name="ClientProcessId">1596</Data>
</EventData>
</Event>

<Event xmlns="http://schemas.microsoft.com/win/2004/08/events/event"><System><Provider Name="Microsoft-Windows-Security-Auditing" Guid="{54849625-5478-4994-a5ba-3e3b0328c30d}"></Provider>
<EventID Qualifiers="">4735</EventID>
<Version>0</Version>
<Level>0</Level>
<Task>13826</Task>
<Opcode>0</Opcode>
<Keywords>0x8020000000000000</Keywords>
<TimeCreated SystemTime="2022-05-07 01:20:56.095947"></TimeCreated>
<EventRecordID>266</EventRecordID>
<Correlation ActivityID="{ac38061f-61b0-0001-2c06-38acb061d801}" RelatedActivityID=""></Correlation>
<Execution ProcessID="752" ThreadID="804"></Execution>
<Channel>Security</Channel>
<Computer>DESKTOP-DBOP9M0</Computer>
<Security UserID=""></Security>
</System>
<EventData><Data Name="TargetUserName">Device Owners</Data>
<Data Name="TargetDomainName">Builtin</Data>
<Data Name="TargetSid">S-1-5-32-583</Data>
<Data Name="SubjectUserSid">S-1-5-18</Data>
<Data Name="SubjectUserName">WIN-GE1PLB8KFNS$</Data>
<Data Name="SubjectDomainName">WORKGROUP</Data>
<Data Name="SubjectLogonId">0x00000000000003e7</Data>
<Data Name="PrivilegeList">-</Data>
<Data Name="SamAccountName">Device Owners</Data>
<Data Name="SidHistory">-</Data>
</EventData>
</Event>

<Event xmlns="http://schemas.microsoft.com/win/2004/08/events/event"><System><Provider Name="Microsoft-Windows-Security-Auditing" Guid="{54849625-5478-4994-a5ba-3e3b0328c30d}"></Provider>
<EventID Qualifiers="">5379</EventID>
<Version>0</Version>
<Level>0</Level>
<Task>13824</Task>
<Opcode>0</Opcode>
<Keywords>0x8020000000000000</Keywords>
<TimeCreated SystemTime="2022-05-07 01:20:56.096735"></TimeCreated>
<EventRecordID>267</EventRecordID>
<Correlation ActivityID="{ac38061f-61b0-0001-2c06-38acb061d801}" RelatedActivityID=""></Correlation>
<Execution ProcessID="752" ThreadID="872"></Execution>
<Channel>Security</Channel>
<Computer>DESKTOP-DBOP9M0</Computer>
<Security UserID=""></Security>
</System>
<EventData><Data Name="SubjectUserSid">S-1-5-18</Data>
<Data Name="SubjectUserName">WIN-GE1PLB8KFNS$</Data>
<Data Name="SubjectDomainName">WORKGROUP</Data>
<Data Name="SubjectLogonId">0x00000000000003e7</Data>
<Data Name="TargetName">WindowsLive:(cert):name=02euioxcqgagrigy;serviceuri=*</Data>
<Data Name="Type">0</Data>
<Data Name="CountOfCredentialsReturned">0</Data>
<Data Name="ReadOperation">%%8100</Data>
<Data Name="ReturnCode">3221226021</Data>
<Data Name="ProcessCreationTime">2022-05-07 01:20:55.979322</Data>
<Data Name="ClientProcessId">1596</Data>
</EventData>
</Event>

<Event xmlns="http://schemas.microsoft.com/win/2004/08/events/event"><System><Provider Name="Microsoft-Windows-Security-Auditing" Guid="{54849625-5478-4994-a5ba-3e3b0328c30d}"></Provider>
<EventID Qualifiers="">5379</EventID>
<Version>0</Version>
<Level>0</Level>
<Task>13824</Task>
<Opcode>0</Opcode>
<Keywords>0x8020000000000000</Keywords>
<TimeCreated SystemTime="2022-05-07 01:20:56.096951"></TimeCreated>
<EventRecordID>268</EventRecordID>
<Correlation ActivityID="{ac38061f-61b0-0001-2c06-38acb061d801}" RelatedActivityID=""></Correlation>
<Execution ProcessID="752" ThreadID="872"></Execution>
<Channel>Security</Channel>
<Computer>DESKTOP-DBOP9M0</Computer>
<Security UserID=""></Security>
</System>
<EventData><Data Name="SubjectUserSid">S-1-5-18</Data>
<Data Name="SubjectUserName">WIN-GE1PLB8KFNS$</Data>
<Data Name="SubjectDomainName">WORKGROUP</Data>
<Data Name="SubjectLogonId">0x00000000000003e7</Data>
<Data Name="TargetName">WindowsLive:target=virtualapp/didlogical</Data>
<Data Name="Type">0</Data>
<Data Name="CountOfCredentialsReturned">0</Data>
<Data Name="ReadOperation">%%8100</Data>
<Data Name="ReturnCode">3221226021</Data>
<Data Name="ProcessCreationTime">2022-05-07 01:20:55.979322</Data>
<Data Name="ClientProcessId">1596</Data>
</EventData>
</Event>

<Event xmlns="http://schemas.microsoft.com/win/2004/08/events/event"><System><Provider Name="Microsoft-Windows-Security-Auditing" Guid="{54849625-5478-4994-a5ba-3e3b0328c30d}"></Provider>
<EventID Qualifiers="">4738</EventID>
<Version>0</Version>
<Level>0</Level>
<Task>13824</Task>
<Opcode>0</Opcode>
<Keywords>0x8020000000000000</Keywords>
<TimeCreated SystemTime="2022-05-07 01:20:56.097300"></TimeCreated>
<EventRecordID>269</EventRecordID>
<Correlation ActivityID="{ac38061f-61b0-0001-2c06-38acb061d801}" RelatedActivityID=""></Correlation>
<Execution ProcessID="752" ThreadID="804"></Execution>
<Channel>Security</Channel>
<Computer>DESKTOP-DBOP9M0</Computer>
<Security UserID=""></Security>
</System>
<EventData><Data Name="Dummy">-</Data>
<Data Name="TargetUserName">Administrator</Data>
<Data Name="TargetDomainName">DESKTOP-DBOP9M0</Data>
<Data Name="TargetSid">S-1-5-21-2389065719-3342106636-307857974-500</Data>
<Data Name="SubjectUserSid">S-1-5-18</Data>
<Data Name="SubjectUserName">WIN-GE1PLB8KFNS$</Data>
<Data Name="SubjectDomainName">WORKGROUP</Data>
<Data Name="SubjectLogonId">0x00000000000003e7</Data>
<Data Name="PrivilegeList">-</Data>
<Data Name="SamAccountName">Administrator</Data>
<Data Name="DisplayName">%%1793</Data>
<Data Name="UserPrincipalName">-</Data>
<Data Name="HomeDirectory">%%1793</Data>
<Data Name="HomePath">%%1793</Data>
<Data Name="ScriptPath">%%1793</Data>
<Data Name="ProfilePath">%%1793</Data>
<Data Name="UserWorkstations">%%1793</Data>
<Data Name="PasswordLastSet">%%1794</Data>
<Data Name="AccountExpires">%%1794</Data>
<Data Name="PrimaryGroupId">513</Data>
<Data Name="AllowedToDelegateTo">-</Data>
<Data Name="OldUacValue">0x211</Data>
<Data Name="NewUacValue">0x211</Data>
<Data Name="UserAccountControl">-</Data>
<Data Name="UserParameters">%%1793</Data>
<Data Name="SidHistory">-</Data>
<Data Name="LogonHours">%%1797</Data>
</EventData>
</Event>

<Event xmlns="http://schemas.microsoft.com/win/2004/08/events/event"><System><Provider Name="Microsoft-Windows-Security-Auditing" Guid="{54849625-5478-4994-a5ba-3e3b0328c30d}"></Provider>
<EventID Qualifiers="">4738</EventID>
<Version>0</Version>
<Level>0</Level>
<Task>13824</Task>
<Opcode>0</Opcode>
<Keywords>0x8020000000000000</Keywords>
<TimeCreated SystemTime="2022-05-07 01:20:56.097527"></TimeCreated>
<EventRecordID>270</EventRecordID>
<Correlation ActivityID="{ac38061f-61b0-0001-2c06-38acb061d801}" RelatedActivityID=""></Correlation>
<Execution ProcessID="752" ThreadID="804"></Execution>
<Channel>Security</Channel>
<Computer>DESKTOP-DBOP9M0</Computer>
<Security UserID=""></Security>
</System>
<EventData><Data Name="Dummy">-</Data>
<Data Name="TargetUserName">Administrator</Data>
<Data Name="TargetDomainName">DESKTOP-DBOP9M0</Data>
<Data Name="TargetSid">S-1-5-21-2389065719-3342106636-307857974-500</Data>
<Data Name="SubjectUserSid">S-1-5-18</Data>
<Data Name="SubjectUserName">WIN-GE1PLB8KFNS$</Data>
<Data Name="SubjectDomainName">WORKGROUP</Data>
<Data Name="SubjectLogonId">0x00000000000003e7</Data>
<Data Name="PrivilegeList">-</Data>
<Data Name="SamAccountName">Administrator</Data>
<Data Name="DisplayName">%%1793</Data>
<Data Name="UserPrincipalName">-</Data>
<Data Name="HomeDirectory">%%1793</Data>
<Data Name="HomePath">%%1793</Data>
<Data Name="ScriptPath">%%1793</Data>
<Data Name="ProfilePath">%%1793</Data>
<Data Name="UserWorkstations">%%1793</Data>
<Data Name="PasswordLastSet">%%1794</Data>
<Data Name="AccountExpires">%%1794</Data>
<Data Name="PrimaryGroupId">513</Data>
<Data Name="AllowedToDelegateTo">-</Data>
<Data Name="OldUacValue">0x211</Data>
<Data Name="NewUacValue">0x211</Data>
<Data Name="UserAccountControl">-</Data>
<Data Name="UserParameters">%%1793</Data>
<Data Name="SidHistory">-</Data>
<Data Name="LogonHours">%%1797</Data>
</EventData>
</Event>

<Event xmlns="http://schemas.microsoft.com/win/2004/08/events/event"><System><Provider Name="Microsoft-Windows-Security-Auditing" Guid="{54849625-5478-4994-a5ba-3e3b0328c30d}"></Provider>
<EventID Qualifiers="">4738</EventID>
<Version>0</Version>
<Level>0</Level>
<Task>13824</Task>
<Opcode>0</Opcode>
<Keywords>0x8020000000000000</Keywords>
<TimeCreated SystemTime="2022-05-07 01:20:56.097763"></TimeCreated>
<EventRecordID>271</EventRecordID>
<Correlation ActivityID="{ac38061f-61b0-0001-2c06-38acb061d801}" RelatedActivityID=""></Correlation>
<Execution ProcessID="752" ThreadID="804"></Execution>
<Channel>Security</Channel>
<Computer>DESKTOP-DBOP9M0</Computer>
<Security UserID=""></Security>
</System>
<EventData><Data Name="Dummy">-</Data>
<Data Name="TargetUserName">Guest</Data>
<Data Name="TargetDomainName">DESKTOP-DBOP9M0</Data>
<Data Name="TargetSid">S-1-5-21-2389065719-3342106636-307857974-501</Data>
<Data Name="SubjectUserSid">S-1-5-18</Data>
<Data Name="SubjectUserName">WIN-GE1PLB8KFNS$</Data>
<Data Name="SubjectDomainName">WORKGROUP</Data>
<Data Name="SubjectLogonId">0x00000000000003e7</Data>
<Data Name="PrivilegeList">-</Data>
<Data Name="SamAccountName">Guest</Data>
<Data Name="DisplayName">%%1793</Data>
<Data Name="UserPrincipalName">-</Data>
<Data Name="HomeDirectory">%%1793</Data>
<Data Name="HomePath">%%1793</Data>
<Data Name="ScriptPath">%%1793</Data>
<Data Name="ProfilePath">%%1793</Data>
<Data Name="UserWorkstations">%%1793</Data>
<Data Name="PasswordLastSet">%%1794</Data>
<Data Name="AccountExpires">%%1794</Data>
<Data Name="PrimaryGroupId">513</Data>
<Data Name="AllowedToDelegateTo">-</Data>
<Data Name="OldUacValue">0x215</Data>
<Data Name="NewUacValue">0x215</Data>
<Data Name="UserAccountControl">-</Data>
<Data Name="UserParameters">%%1793</Data>
<Data Name="SidHistory">-</Data>
<Data Name="LogonHours">%%1797</Data>
</EventData>
</Event>

<Event xmlns="http://schemas.microsoft.com/win/2004/08/events/event"><System><Provider Name="Microsoft-Windows-Security-Auditing" Guid="{54849625-5478-4994-a5ba-3e3b0328c30d}"></Provider>
<EventID Qualifiers="">4738</EventID>
<Version>0</Version>
<Level>0</Level>
<Task>13824</Task>
<Opcode>0</Opcode>
<Keywords>0x8020000000000000</Keywords>
<TimeCreated SystemTime="2022-05-07 01:20:56.097879"></TimeCreated>
<EventRecordID>272</EventRecordID>
<Correlation ActivityID="{ac38061f-61b0-0001-2c06-38acb061d801}" RelatedActivityID=""></Correlation>
<Execution ProcessID="752" ThreadID="804"></Execution>
<Channel>Security</Channel>
<Computer>DESKTOP-DBOP9M0</Computer>
<Security UserID=""></Security>
</System>
<EventData><Data Name="Dummy">-</Data>
<Data Name="TargetUserName">Guest</Data>
<Data Name="TargetDomainName">DESKTOP-DBOP9M0</Data>
<Data Name="TargetSid">S-1-5-21-2389065719-3342106636-307857974-501</Data>
<Data Name="SubjectUserSid">S-1-5-18</Data>
<Data Name="SubjectUserName">WIN-GE1PLB8KFNS$</Data>
<Data Name="SubjectDomainName">WORKGROUP</Data>
<Data Name="SubjectLogonId">0x00000000000003e7</Data>
<Data Name="PrivilegeList">-</Data>
<Data Name="SamAccountName">Guest</Data>
<Data Name="DisplayName">%%1793</Data>
<Data Name="UserPrincipalName">-</Data>
<Data Name="HomeDirectory">%%1793</Data>
<Data Name="HomePath">%%1793</Data>
<Data Name="ScriptPath">%%1793</Data>
<Data Name="ProfilePath">%%1793</Data>
<Data Name="UserWorkstations">%%1793</Data>
<Data Name="PasswordLastSet">%%1794</Data>
<Data Name="AccountExpires">%%1794</Data>
<Data Name="PrimaryGroupId">513</Data>
<Data Name="AllowedToDelegateTo">-</Data>
<Data Name="OldUacValue">0x215</Data>
<Data Name="NewUacValue">0x215</Data>
<Data Name="UserAccountControl">-</Data>
<Data Name="UserParameters">%%1793</Data>
<Data Name="SidHistory">-</Data>
<Data Name="LogonHours">%%1797</Data>
</EventData>
</Event>

<Event xmlns="http://schemas.microsoft.com/win/2004/08/events/event"><System><Provider Name="Microsoft-Windows-Security-Auditing" Guid="{54849625-5478-4994-a5ba-3e3b0328c30d}"></Provider>
<EventID Qualifiers="">4738</EventID>
<Version>0</Version>
<Level>0</Level>
<Task>13824</Task>
<Opcode>0</Opcode>
<Keywords>0x8020000000000000</Keywords>
<TimeCreated SystemTime="2022-05-07 01:20:56.098099"></TimeCreated>
<EventRecordID>273</EventRecordID>
<Correlation ActivityID="{ac38061f-61b0-0001-2c06-38acb061d801}" RelatedActivityID=""></Correlation>
<Execution ProcessID="752" ThreadID="804"></Execution>
<Channel>Security</Channel>
<Computer>DESKTOP-DBOP9M0</Computer>
<Security UserID=""></Security>
</System>
<EventData><Data Name="Dummy">-</Data>
<Data Name="TargetUserName">DefaultAccount</Data>
<Data Name="TargetDomainName">DESKTOP-DBOP9M0</Data>
<Data Name="TargetSid">S-1-5-21-2389065719-3342106636-307857974-503</Data>
<Data Name="SubjectUserSid">S-1-5-18</Data>
<Data Name="SubjectUserName">WIN-GE1PLB8KFNS$</Data>
<Data Name="SubjectDomainName">WORKGROUP</Data>
<Data Name="SubjectLogonId">0x00000000000003e7</Data>
<Data Name="PrivilegeList">-</Data>
<Data Name="SamAccountName">DefaultAccount</Data>
<Data Name="DisplayName">%%1793</Data>
<Data Name="UserPrincipalName">-</Data>
<Data Name="HomeDirectory">%%1793</Data>
<Data Name="HomePath">%%1793</Data>
<Data Name="ScriptPath">%%1793</Data>
<Data Name="ProfilePath">%%1793</Data>
<Data Name="UserWorkstations">%%1793</Data>
<Data Name="PasswordLastSet">%%1794</Data>
<Data Name="AccountExpires">%%1794</Data>
<Data Name="PrimaryGroupId">513</Data>
<Data Name="AllowedToDelegateTo">-</Data>
<Data Name="OldUacValue">0x215</Data>
<Data Name="NewUacValue">0x215</Data>
<Data Name="UserAccountControl">-</Data>
<Data Name="UserParameters">%%1793</Data>
<Data Name="SidHistory">-</Data>
<Data Name="LogonHours">%%1797</Data>
</EventData>
</Event>

<Event xmlns="http://schemas.microsoft.com/win/2004/08/events/event"><System><Provider Name="Microsoft-Windows-Security-Auditing" Guid="{54849625-5478-4994-a5ba-3e3b0328c30d}"></Provider>
<EventID Qualifiers="">4738</EventID>
<Version>0</Version>
<Level>0</Level>
<Task>13824</Task>
<Opcode>0</Opcode>
<Keywords>0x8020000000000000</Keywords>
<TimeCreated SystemTime="2022-05-07 01:20:56.098242"></TimeCreated>
<EventRecordID>274</EventRecordID>
<Correlation ActivityID="{ac38061f-61b0-0001-2c06-38acb061d801}" RelatedActivityID=""></Correlation>
<Execution ProcessID="752" ThreadID="804"></Execution>
<Channel>Security</Channel>
<Computer>DESKTOP-DBOP9M0</Computer>
<Security UserID=""></Security>
</System>
<EventData><Data Name="Dummy">-</Data>
<Data Name="TargetUserName">DefaultAccount</Data>
<Data Name="TargetDomainName">DESKTOP-DBOP9M0</Data>
<Data Name="TargetSid">S-1-5-21-2389065719-3342106636-307857974-503</Data>
<Data Name="SubjectUserSid">S-1-5-18</Data>
<Data Name="SubjectUserName">WIN-GE1PLB8KFNS$</Data>
<Data Name="SubjectDomainName">WORKGROUP</Data>
<Data Name="SubjectLogonId">0x00000000000003e7</Data>
<Data Name="PrivilegeList">-</Data>
<Data Name="SamAccountName">DefaultAccount</Data>
<Data Name="DisplayName">%%1793</Data>
<Data Name="UserPrincipalName">-</Data>
<Data Name="HomeDirectory">%%1793</Data>
<Data Name="HomePath">%%1793</Data>
<Data Name="ScriptPath">%%1793</Data>
<Data Name="ProfilePath">%%1793</Data>
<Data Name="UserWorkstations">%%1793</Data>
<Data Name="PasswordLastSet">%%1794</Data>
<Data Name="AccountExpires">%%1794</Data>
<Data Name="PrimaryGroupId">513</Data>
<Data Name="AllowedToDelegateTo">-</Data>
<Data Name="OldUacValue">0x215</Data>
<Data Name="NewUacValue">0x215</Data>
<Data Name="UserAccountControl">-</Data>
<Data Name="UserParameters">%%1793</Data>
<Data Name="SidHistory">-</Data>
<Data Name="LogonHours">%%1797</Data>
</EventData>
</Event>

<Event xmlns="http://schemas.microsoft.com/win/2004/08/events/event"><System><Provider Name="Microsoft-Windows-Security-Auditing" Guid="{54849625-5478-4994-a5ba-3e3b0328c30d}"></Provider>
<EventID Qualifiers="">4738</EventID>
<Version>0</Version>
<Level>0</Level>
<Task>13824</Task>
<Opcode>0</Opcode>
<Keywords>0x8020000000000000</Keywords>
<TimeCreated SystemTime="2022-05-07 01:20:56.098619"></TimeCreated>
<EventRecordID>275</EventRecordID>
<Correlation ActivityID="{ac38061f-61b0-0001-2c06-38acb061d801}" RelatedActivityID=""></Correlation>
<Execution ProcessID="752" ThreadID="804"></Execution>
<Channel>Security</Channel>
<Computer>DESKTOP-DBOP9M0</Computer>
<Security UserID=""></Security>
</System>
<EventData><Data Name="Dummy">-</Data>
<Data Name="TargetUserName">WDAGUtilityAccount</Data>
<Data Name="TargetDomainName">DESKTOP-DBOP9M0</Data>
<Data Name="TargetSid">S-1-5-21-2389065719-3342106636-307857974-504</Data>
<Data Name="SubjectUserSid">S-1-5-18</Data>
<Data Name="SubjectUserName">WIN-GE1PLB8KFNS$</Data>
<Data Name="SubjectDomainName">WORKGROUP</Data>
<Data Name="SubjectLogonId">0x00000000000003e7</Data>
<Data Name="PrivilegeList">-</Data>
<Data Name="SamAccountName">WDAGUtilityAccount</Data>
<Data Name="DisplayName">%%1793</Data>
<Data Name="UserPrincipalName">-</Data>
<Data Name="HomeDirectory">%%1793</Data>
<Data Name="HomePath">%%1793</Data>
<Data Name="ScriptPath">%%1793</Data>
<Data Name="ProfilePath">%%1793</Data>
<Data Name="UserWorkstations">%%1793</Data>
<Data Name="PasswordLastSet">5/6/2022 6:19:36 PM</Data>
<Data Name="AccountExpires">%%1794</Data>
<Data Name="PrimaryGroupId">513</Data>
<Data Name="AllowedToDelegateTo">-</Data>
<Data Name="OldUacValue">0x11</Data>
<Data Name="NewUacValue">0x11</Data>
<Data Name="UserAccountControl">-</Data>
<Data Name="UserParameters">%%1793</Data>
<Data Name="SidHistory">-</Data>
<Data Name="LogonHours">%%1797</Data>
</EventData>
</Event>

<Event xmlns="http://schemas.microsoft.com/win/2004/08/events/event"><System><Provider Name="Microsoft-Windows-Security-Auditing" Guid="{54849625-5478-4994-a5ba-3e3b0328c30d}"></Provider>
<EventID Qualifiers="">4738</EventID>
<Version>0</Version>
<Level>0</Level>
<Task>13824</Task>
<Opcode>0</Opcode>
<Keywords>0x8020000000000000</Keywords>
<TimeCreated SystemTime="2022-05-07 01:20:56.098825"></TimeCreated>
<EventRecordID>276</EventRecordID>
<Correlation ActivityID="{ac38061f-61b0-0001-2c06-38acb061d801}" RelatedActivityID=""></Correlation>
<Execution ProcessID="752" ThreadID="804"></Execution>
<Channel>Security</Channel>
<Computer>DESKTOP-DBOP9M0</Computer>
<Security UserID=""></Security>
</System>
<EventData><Data Name="Dummy">-</Data>
<Data Name="TargetUserName">WDAGUtilityAccount</Data>
<Data Name="TargetDomainName">DESKTOP-DBOP9M0</Data>
<Data Name="TargetSid">S-1-5-21-2389065719-3342106636-307857974-504</Data>
<Data Name="SubjectUserSid">S-1-5-18</Data>
<Data Name="SubjectUserName">WIN-GE1PLB8KFNS$</Data>
<Data Name="SubjectDomainName">WORKGROUP</Data>
<Data Name="SubjectLogonId">0x00000000000003e7</Data>
<Data Name="PrivilegeList">-</Data>
<Data Name="SamAccountName">WDAGUtilityAccount</Data>
<Data Name="DisplayName">%%1793</Data>
<Data Name="UserPrincipalName">-</Data>
<Data Name="HomeDirectory">%%1793</Data>
<Data Name="HomePath">%%1793</Data>
<Data Name="ScriptPath">%%1793</Data>
<Data Name="ProfilePath">%%1793</Data>
<Data Name="UserWorkstations">%%1793</Data>
<Data Name="PasswordLastSet">5/6/2022 6:19:36 PM</Data>
<Data Name="AccountExpires">%%1794</Data>
<Data Name="PrimaryGroupId">513</Data>
<Data Name="AllowedToDelegateTo">-</Data>
<Data Name="OldUacValue">0x11</Data>
<Data Name="NewUacValue">0x11</Data>
<Data Name="UserAccountControl">-</Data>
<Data Name="UserParameters">%%1793</Data>
<Data Name="SidHistory">-</Data>
<Data Name="LogonHours">%%1797</Data>
</EventData>
</Event>

<Event xmlns="http://schemas.microsoft.com/win/2004/08/events/event"><System><Provider Name="Microsoft-Windows-Security-Auditing" Guid="{54849625-5478-4994-a5ba-3e3b0328c30d}"></Provider>
<EventID Qualifiers="">4737</EventID>
<Version>0</Version>
<Level>0</Level>
<Task>13826</Task>
<Opcode>0</Opcode>
<Keywords>0x8020000000000000</Keywords>
<TimeCreated SystemTime="2022-05-07 01:20:56.099749"></TimeCreated>
<EventRecordID>277</EventRecordID>
<Correlation ActivityID="{ac38061f-61b0-0001-2c06-38acb061d801}" RelatedActivityID=""></Correlation>
<Execution ProcessID="752" ThreadID="804"></Execution>
<Channel>Security</Channel>
<Computer>DESKTOP-DBOP9M0</Computer>
<Security UserID=""></Security>
</System>
<EventData><Data Name="TargetUserName">None</Data>
<Data Name="TargetDomainName">DESKTOP-DBOP9M0</Data>
<Data Name="TargetSid">S-1-5-21-2389065719-3342106636-307857974-513</Data>
<Data Name="SubjectUserSid">S-1-5-18</Data>
<Data Name="SubjectUserName">WIN-GE1PLB8KFNS$</Data>
<Data Name="SubjectDomainName">WORKGROUP</Data>
<Data Name="SubjectLogonId">0x00000000000003e7</Data>
<Data Name="PrivilegeList">-</Data>
<Data Name="SamAccountName">-</Data>
<Data Name="SidHistory">-</Data>
</EventData>
</Event>

<Event xmlns="http://schemas.microsoft.com/win/2004/08/events/event"><System><Provider Name="Microsoft-Windows-Security-Auditing" Guid="{54849625-5478-4994-a5ba-3e3b0328c30d}"></Provider>
<EventID Qualifiers="">4781</EventID>
<Version>0</Version>
<Level>0</Level>
<Task>13824</Task>
<Opcode>0</Opcode>
<Keywords>0x8020000000000000</Keywords>
<TimeCreated SystemTime="2022-05-07 01:20:56.099888"></TimeCreated>
<EventRecordID>278</EventRecordID>
<Correlation ActivityID="{ac38061f-61b0-0001-2c06-38acb061d801}" RelatedActivityID=""></Correlation>
<Execution ProcessID="752" ThreadID="804"></Execution>
<Channel>Security</Channel>
<Computer>DESKTOP-DBOP9M0</Computer>
<Security UserID=""></Security>
</System>
<EventData><Data Name="OldTargetUserName">None</Data>
<Data Name="NewTargetUserName">None</Data>
<Data Name="TargetDomainName">DESKTOP-DBOP9M0</Data>
<Data Name="TargetSid">S-1-5-21-2389065719-3342106636-307857974-513</Data>
<Data Name="SubjectUserSid">S-1-5-18</Data>
<Data Name="SubjectUserName">WIN-GE1PLB8KFNS$</Data>
<Data Name="SubjectDomainName">WORKGROUP</Data>
<Data Name="SubjectLogonId">0x00000000000003e7</Data>
<Data Name="PrivilegeList">-</Data>
</EventData>
</Event>

<Event xmlns="http://schemas.microsoft.com/win/2004/08/events/event"><System><Provider Name="Microsoft-Windows-Security-Auditing" Guid="{54849625-5478-4994-a5ba-3e3b0328c30d}"></Provider>
<EventID Qualifiers="">4737</EventID>
<Version>0</Version>
<Level>0</Level>
<Task>13826</Task>
<Opcode>0</Opcode>
<Keywords>0x8020000000000000</Keywords>
<TimeCreated SystemTime="2022-05-07 01:20:56.099895"></TimeCreated>
<EventRecordID>279</EventRecordID>
<Correlation ActivityID="{ac38061f-61b0-0001-2c06-38acb061d801}" RelatedActivityID=""></Correlation>
<Execution ProcessID="752" ThreadID="804"></Execution>
<Channel>Security</Channel>
<Computer>DESKTOP-DBOP9M0</Computer>
<Security UserID=""></Security>
</System>
<EventData><Data Name="TargetUserName">None</Data>
<Data Name="TargetDomainName">DESKTOP-DBOP9M0</Data>
<Data Name="TargetSid">S-1-5-21-2389065719-3342106636-307857974-513</Data>
<Data Name="SubjectUserSid">S-1-5-18</Data>
<Data Name="SubjectUserName">WIN-GE1PLB8KFNS$</Data>
<Data Name="SubjectDomainName">WORKGROUP</Data>
<Data Name="SubjectLogonId">0x00000000000003e7</Data>
<Data Name="PrivilegeList">-</Data>
<Data Name="SamAccountName">None</Data>
<Data Name="SidHistory">-</Data>
</EventData>
</Event>

<Event xmlns="http://schemas.microsoft.com/win/2004/08/events/event"><System><Provider Name="Microsoft-Windows-Security-Auditing" Guid="{54849625-5478-4994-a5ba-3e3b0328c30d}"></Provider>
<EventID Qualifiers="">4624</EventID>
<Version>2</Version>
<Level>0</Level>
<Task>12544</Task>
<Opcode>0</Opcode>
<Keywords>0x8020000000000000</Keywords>
<TimeCreated SystemTime="2022-05-07 01:20:56.129738"></TimeCreated>
<EventRecordID>280</EventRecordID>
<Correlation ActivityID="{ac38061f-61b0-0001-2c06-38acb061d801}" RelatedActivityID=""></Correlation>
<Execution ProcessID="752" ThreadID="804"></Execution>
<Channel>Security</Channel>
<Computer>DESKTOP-DBOP9M0</Computer>
<Security UserID=""></Security>
</System>
<EventData><Data Name="SubjectUserSid">S-1-5-18</Data>
<Data Name="SubjectUserName">WIN-GE1PLB8KFNS$</Data>
<Data Name="SubjectDomainName">WORKGROUP</Data>
<Data Name="SubjectLogonId">0x00000000000003e7</Data>
<Data Name="TargetUserSid">S-1-5-18</Data>
<Data Name="TargetUserName">SYSTEM</Data>
<Data Name="TargetDomainName">NT AUTHORITY</Data>
<Data Name="TargetLogonId">0x00000000000003e7</Data>
<Data Name="LogonType">5</Data>
<Data Name="LogonProcessName">Advapi  </Data>
<Data Name="AuthenticationPackageName">Negotiate</Data>
<Data Name="WorkstationName">-</Data>
<Data Name="LogonGuid">{00000000-0000-0000-0000-000000000000}</Data>
<Data Name="TransmittedServices">-</Data>
<Data Name="LmPackageName">-</Data>
<Data Name="KeyLength">0</Data>
<Data Name="ProcessId">0x00000000000002dc</Data>
<Data Name="ProcessName">C:\Windows\System32\services.exe</Data>
<Data Name="IpAddress">-</Data>
<Data Name="IpPort">-</Data>
<Data Name="ImpersonationLevel">%%1833</Data>
<Data Name="RestrictedAdminMode">-</Data>
<Data Name="TargetOutboundUserName">-</Data>
<Data Name="TargetOutboundDomainName">-</Data>
<Data Name="VirtualAccount">%%1843</Data>
<Data Name="TargetLinkedLogonId">0x0000000000000000</Data>
<Data Name="ElevatedToken">%%1842</Data>
</EventData>
</Event>

<Event xmlns="http://schemas.microsoft.com/win/2004/08/events/event"><System><Provider Name="Microsoft-Windows-Security-Auditing" Guid="{54849625-5478-4994-a5ba-3e3b0328c30d}"></Provider>
<EventID Qualifiers="">4672</EventID>
<Version>0</Version>
<Level>0</Level>
<Task>12548</Task>
<Opcode>0</Opcode>
<Keywords>0x8020000000000000</Keywords>
<TimeCreated SystemTime="2022-05-07 01:20:56.129744"></TimeCreated>
<EventRecordID>281</EventRecordID>
<Correlation ActivityID="{ac38061f-61b0-0001-2c06-38acb061d801}" RelatedActivityID=""></Correlation>
<Execution ProcessID="752" ThreadID="804"></Execution>
<Channel>Security</Channel>
<Computer>DESKTOP-DBOP9M0</Computer>
<Security UserID=""></Security>
</System>
<EventData><Data Name="SubjectUserSid">S-1-5-18</Data>
<Data Name="SubjectUserName">SYSTEM</Data>
<Data Name="SubjectDomainName">NT AUTHORITY</Data>
<Data Name="SubjectLogonId">0x00000000000003e7</Data>
<Data Name="PrivilegeList">SeAssignPrimaryTokenPrivilege
			SeTcbPrivilege
			SeSecurityPrivilege
			SeTakeOwnershipPrivilege
			SeLoadDriverPrivilege
			SeBackupPrivilege
			SeRestorePrivilege
			SeDebugPrivilege
			SeAuditPrivilege
			SeSystemEnvironmentPrivilege
			SeImpersonatePrivilege
			SeDelegateSessionUserImpersonatePrivilege</Data>
</EventData>
</Event>

