<Event xmlns="http://schemas.microsoft.com/win/2004/08/events/event"><System><Provider Name="Microsoft-Windows-Security-Auditing" Guid="{54849625-5478-4994-a5ba-3e3b0328c30d}"></Provider>
<EventID Qualifiers="">4798</EventID>
<Version>0</Version>
<Level>0</Level>
<Task>13824</Task>
<Opcode>0</Opcode>
<Keywords>0x8020000000000000</Keywords>
<TimeCreated SystemTime="2022-05-06 15:29:07.607773"></TimeCreated>
<EventRecordID>915</EventRecordID>
<Correlation ActivityID="{2f2cff59-615d-0003-7aff-2c2f5d61d801}" RelatedActivityID=""></Correlation>
<Execution ProcessID="740" ThreadID="792"></Execution>
<Channel>Security</Channel>
<Computer>Council-HQ</Computer>
<Security UserID=""></Security>
</System>
<EventData><Data Name="TargetUserName">sysadm</Data>
<Data Name="TargetDomainName">Council-HQ</Data>
<Data Name="TargetSid">S-1-5-21-2389065719-3342106636-307857974-1002</Data>
<Data Name="SubjectUserSid">S-1-5-21-2389065719-3342106636-307857974-1001</Data>
<Data Name="SubjectUserName">Council Leader</Data>
<Data Name="SubjectDomainName">Council-HQ</Data>
<Data Name="SubjectLogonId">0x00000000000b0934</Data>
<Data Name="CallerProcessId">0x0000000000000778</Data>
<Data Name="CallerProcessName">C:\Windows\ImmersiveControlPanel\SystemSettings.exe</Data>
</EventData>
</Event>

<Event xmlns="http://schemas.microsoft.com/win/2004/08/events/event"><System><Provider Name="Microsoft-Windows-Security-Auditing" Guid="{54849625-5478-4994-a5ba-3e3b0328c30d}"></Provider>
<EventID Qualifiers="">4798</EventID>
<Version>0</Version>
<Level>0</Level>
<Task>13824</Task>
<Opcode>0</Opcode>
<Keywords>0x8020000000000000</Keywords>
<TimeCreated SystemTime="2022-05-06 15:29:07.608017"></TimeCreated>
<EventRecordID>916</EventRecordID>
<Correlation ActivityID="{2f2cff59-615d-0003-7aff-2c2f5d61d801}" RelatedActivityID=""></Correlation>
<Execution ProcessID="740" ThreadID="792"></Execution>
<Channel>Security</Channel>
<Computer>Council-HQ</Computer>
<Security UserID=""></Security>
</System>
<EventData><Data Name="TargetUserName">WDAGUtilityAccount</Data>
<Data Name="TargetDomainName">Council-HQ</Data>
<Data Name="TargetSid">S-1-5-21-2389065719-3342106636-307857974-504</Data>
<Data Name="SubjectUserSid">S-1-5-21-2389065719-3342106636-307857974-1001</Data>
<Data Name="SubjectUserName">Council Leader</Data>
<Data Name="SubjectDomainName">Council-HQ</Data>
<Data Name="SubjectLogonId">0x00000000000b0934</Data>
<Data Name="CallerProcessId">0x0000000000000778</Data>
<Data Name="CallerProcessName">C:\Windows\ImmersiveControlPanel\SystemSettings.exe</Data>
</EventData>
</Event>

<Event xmlns="http://schemas.microsoft.com/win/2004/08/events/event"><System><Provider Name="Microsoft-Windows-Security-Auditing" Guid="{54849625-5478-4994-a5ba-3e3b0328c30d}"></Provider>
<EventID Qualifiers="">4798</EventID>
<Version>0</Version>
<Level>0</Level>
<Task>13824</Task>
<Opcode>0</Opcode>
<Keywords>0x8020000000000000</Keywords>
<TimeCreated SystemTime="2022-05-06 15:29:11.275961"></TimeCreated>
<EventRecordID>917</EventRecordID>
<Correlation ActivityID="{2f2cff59-615d-0003-7aff-2c2f5d61d801}" RelatedActivityID=""></Correlation>
<Execution ProcessID="740" ThreadID="844"></Execution>
<Channel>Security</Channel>
<Computer>Council-HQ</Computer>
<Security UserID=""></Security>
</System>
<EventData><Data Name="TargetUserName">sysadm</Data>
<Data Name="TargetDomainName">Council-HQ</Data>
<Data Name="TargetSid">S-1-5-21-2389065719-3342106636-307857974-1002</Data>
<Data Name="SubjectUserSid">S-1-5-21-2389065719-3342106636-307857974-1001</Data>
<Data Name="SubjectUserName">Council Leader</Data>
<Data Name="SubjectDomainName">Council-HQ</Data>
<Data Name="SubjectLogonId">0x00000000000b0934</Data>
<Data Name="CallerProcessId">0x0000000000000cf4</Data>
<Data Name="CallerProcessName">C:\Windows\explorer.exe</Data>
</EventData>
</Event>

<Event xmlns="http://schemas.microsoft.com/win/2004/08/events/event"><System><Provider Name="Microsoft-Windows-Security-Auditing" Guid="{54849625-5478-4994-a5ba-3e3b0328c30d}"></Provider>
<EventID Qualifiers="">4797</EventID>
<Version>0</Version>
<Level>0</Level>
<Task>13824</Task>
<Opcode>0</Opcode>
<Keywords>0x8020000000000000</Keywords>
<TimeCreated SystemTime="2022-05-06 15:29:11.279263"></TimeCreated>
<EventRecordID>918</EventRecordID>
<Correlation ActivityID="{2f2cff59-615d-0003-7aff-2c2f5d61d801}" RelatedActivityID=""></Correlation>
<Execution ProcessID="740" ThreadID="844"></Execution>
<Channel>Security</Channel>
<Computer>Council-HQ</Computer>
<Security UserID=""></Security>
</System>
<EventData><Data Name="SubjectUserSid">S-1-5-21-2389065719-3342106636-307857974-1001</Data>
<Data Name="SubjectUserName">Council Leader</Data>
<Data Name="SubjectDomainName">Council-HQ</Data>
<Data Name="SubjectLogonId">0x00000000000b0934</Data>
<Data Name="Workstation">COUNCIL-HQ</Data>
<Data Name="TargetUserName">Administrator</Data>
<Data Name="TargetDomainName">Council-HQ</Data>
</EventData>
</Event>

<Event xmlns="http://schemas.microsoft.com/win/2004/08/events/event"><System><Provider Name="Microsoft-Windows-Security-Auditing" Guid="{54849625-5478-4994-a5ba-3e3b0328c30d}"></Provider>
<EventID Qualifiers="">4798</EventID>
<Version>0</Version>
<Level>0</Level>
<Task>13824</Task>
<Opcode>0</Opcode>
<Keywords>0x8020000000000000</Keywords>
<TimeCreated SystemTime="2022-05-06 15:29:11.282152"></TimeCreated>
<EventRecordID>919</EventRecordID>
<Correlation ActivityID="{2f2cff59-615d-0003-7aff-2c2f5d61d801}" RelatedActivityID=""></Correlation>
<Execution ProcessID="740" ThreadID="844"></Execution>
<Channel>Security</Channel>
<Computer>Council-HQ</Computer>
<Security UserID=""></Security>
</System>
<EventData><Data Name="TargetUserName">Guest</Data>
<Data Name="TargetDomainName">Council-HQ</Data>
<Data Name="TargetSid">S-1-5-21-2389065719-3342106636-307857974-501</Data>
<Data Name="SubjectUserSid">S-1-5-21-2389065719-3342106636-307857974-1001</Data>
<Data Name="SubjectUserName">Council Leader</Data>
<Data Name="SubjectDomainName">Council-HQ</Data>
<Data Name="SubjectLogonId">0x00000000000b0934</Data>
<Data Name="CallerProcessId">0x0000000000000cf4</Data>
<Data Name="CallerProcessName">C:\Windows\explorer.exe</Data>
</EventData>
</Event>

<Event xmlns="http://schemas.microsoft.com/win/2004/08/events/event"><System><Provider Name="Microsoft-Windows-Security-Auditing" Guid="{54849625-5478-4994-a5ba-3e3b0328c30d}"></Provider>
<EventID Qualifiers="">4798</EventID>
<Version>0</Version>
<Level>0</Level>
<Task>13824</Task>
<Opcode>0</Opcode>
<Keywords>0x8020000000000000</Keywords>
<TimeCreated SystemTime="2022-05-06 15:29:11.282654"></TimeCreated>
<EventRecordID>920</EventRecordID>
<Correlation ActivityID="{2f2cff59-615d-0003-7aff-2c2f5d61d801}" RelatedActivityID=""></Correlation>
<Execution ProcessID="740" ThreadID="844"></Execution>
<Channel>Security</Channel>
<Computer>Council-HQ</Computer>
<Security UserID=""></Security>
</System>
<EventData><Data Name="TargetUserName">Guest</Data>
<Data Name="TargetDomainName">Council-HQ</Data>
<Data Name="TargetSid">S-1-5-21-2389065719-3342106636-307857974-501</Data>
<Data Name="SubjectUserSid">S-1-5-21-2389065719-3342106636-307857974-1001</Data>
<Data Name="SubjectUserName">Council Leader</Data>
<Data Name="SubjectDomainName">Council-HQ</Data>
<Data Name="SubjectLogonId">0x00000000000b0934</Data>
<Data Name="CallerProcessId">0x0000000000000cf4</Data>
<Data Name="CallerProcessName">C:\Windows\explorer.exe</Data>
</EventData>
</Event>

<Event xmlns="http://schemas.microsoft.com/win/2004/08/events/event"><System><Provider Name="Microsoft-Windows-Security-Auditing" Guid="{54849625-5478-4994-a5ba-3e3b0328c30d}"></Provider>
<EventID Qualifiers="">4798</EventID>
<Version>0</Version>
<Level>0</Level>
<Task>13824</Task>
<Opcode>0</Opcode>
<Keywords>0x8020000000000000</Keywords>
<TimeCreated SystemTime="2022-05-06 15:29:13.830050"></TimeCreated>
<EventRecordID>921</EventRecordID>
<Correlation ActivityID="{2f2cff59-615d-0003-7aff-2c2f5d61d801}" RelatedActivityID=""></Correlation>
<Execution ProcessID="740" ThreadID="792"></Execution>
<Channel>Security</Channel>
<Computer>Council-HQ</Computer>
<Security UserID=""></Security>
</System>
<EventData><Data Name="TargetUserName">sysadm</Data>
<Data Name="TargetDomainName">Council-HQ</Data>
<Data Name="TargetSid">S-1-5-21-2389065719-3342106636-307857974-1002</Data>
<Data Name="SubjectUserSid">S-1-5-21-2389065719-3342106636-307857974-1001</Data>
<Data Name="SubjectUserName">Council Leader</Data>
<Data Name="SubjectDomainName">Council-HQ</Data>
<Data Name="SubjectLogonId">0x00000000000b0917</Data>
<Data Name="CallerProcessId">0x00000000000006a8</Data>
<Data Name="CallerProcessName">C:\Windows\System32\dllhost.exe</Data>
</EventData>
</Event>

<Event xmlns="http://schemas.microsoft.com/win/2004/08/events/event"><System><Provider Name="Microsoft-Windows-Security-Auditing" Guid="{54849625-5478-4994-a5ba-3e3b0328c30d}"></Provider>
<EventID Qualifiers="">4798</EventID>
<Version>0</Version>
<Level>0</Level>
<Task>13824</Task>
<Opcode>0</Opcode>
<Keywords>0x8020000000000000</Keywords>
<TimeCreated SystemTime="2022-05-06 15:29:13.837042"></TimeCreated>
<EventRecordID>922</EventRecordID>
<Correlation ActivityID="{2f2cff59-615d-0003-7aff-2c2f5d61d801}" RelatedActivityID=""></Correlation>
<Execution ProcessID="740" ThreadID="792"></Execution>
<Channel>Security</Channel>
<Computer>Council-HQ</Computer>
<Security UserID=""></Security>
</System>
<EventData><Data Name="TargetUserName">Guest</Data>
<Data Name="TargetDomainName">Council-HQ</Data>
<Data Name="TargetSid">S-1-5-21-2389065719-3342106636-307857974-501</Data>
<Data Name="SubjectUserSid">S-1-5-21-2389065719-3342106636-307857974-1001</Data>
<Data Name="SubjectUserName">Council Leader</Data>
<Data Name="SubjectDomainName">Council-HQ</Data>
<Data Name="SubjectLogonId">0x00000000000b0917</Data>
<Data Name="CallerProcessId">0x00000000000006a8</Data>
<Data Name="CallerProcessName">C:\Windows\System32\dllhost.exe</Data>
</EventData>
</Event>

<Event xmlns="http://schemas.microsoft.com/win/2004/08/events/event"><System><Provider Name="Microsoft-Windows-Security-Auditing" Guid="{54849625-5478-4994-a5ba-3e3b0328c30d}"></Provider>
<EventID Qualifiers="">4798</EventID>
<Version>0</Version>
<Level>0</Level>
<Task>13824</Task>
<Opcode>0</Opcode>
<Keywords>0x8020000000000000</Keywords>
<TimeCreated SystemTime="2022-05-06 15:29:13.837624"></TimeCreated>
<EventRecordID>923</EventRecordID>
<Correlation ActivityID="{2f2cff59-615d-0003-7aff-2c2f5d61d801}" RelatedActivityID=""></Correlation>
<Execution ProcessID="740" ThreadID="792"></Execution>
<Channel>Security</Channel>
<Computer>Council-HQ</Computer>
<Security UserID=""></Security>
</System>
<EventData><Data Name="TargetUserName">Guest</Data>
<Data Name="TargetDomainName">Council-HQ</Data>
<Data Name="TargetSid">S-1-5-21-2389065719-3342106636-307857974-501</Data>
<Data Name="SubjectUserSid">S-1-5-21-2389065719-3342106636-307857974-1001</Data>
<Data Name="SubjectUserName">Council Leader</Data>
<Data Name="SubjectDomainName">Council-HQ</Data>
<Data Name="SubjectLogonId">0x00000000000b0917</Data>
<Data Name="CallerProcessId">0x00000000000006a8</Data>
<Data Name="CallerProcessName">C:\Windows\System32\dllhost.exe</Data>
</EventData>
</Event>

<Event xmlns="http://schemas.microsoft.com/win/2004/08/events/event"><System><Provider Name="Microsoft-Windows-Security-Auditing" Guid="{54849625-5478-4994-a5ba-3e3b0328c30d}"></Provider>
<EventID Qualifiers="">4798</EventID>
<Version>0</Version>
<Level>0</Level>
<Task>13824</Task>
<Opcode>0</Opcode>
<Keywords>0x8020000000000000</Keywords>
<TimeCreated SystemTime="2022-05-06 15:29:15.078682"></TimeCreated>
<EventRecordID>924</EventRecordID>
<Correlation ActivityID="{2f2cff59-615d-0003-7aff-2c2f5d61d801}" RelatedActivityID=""></Correlation>
<Execution ProcessID="740" ThreadID="844"></Execution>
<Channel>Security</Channel>
<Computer>Council-HQ</Computer>
<Security UserID=""></Security>
</System>
<EventData><Data Name="TargetUserName">sysadm</Data>
<Data Name="TargetDomainName">Council-HQ</Data>
<Data Name="TargetSid">S-1-5-21-2389065719-3342106636-307857974-1002</Data>
<Data Name="SubjectUserSid">S-1-5-21-2389065719-3342106636-307857974-1001</Data>
<Data Name="SubjectUserName">Council Leader</Data>
<Data Name="SubjectDomainName">Council-HQ</Data>
<Data Name="SubjectLogonId">0x00000000000b0934</Data>
<Data Name="CallerProcessId">0x0000000000000cf4</Data>
<Data Name="CallerProcessName">C:\Windows\explorer.exe</Data>
</EventData>
</Event>

<Event xmlns="http://schemas.microsoft.com/win/2004/08/events/event"><System><Provider Name="Microsoft-Windows-Security-Auditing" Guid="{54849625-5478-4994-a5ba-3e3b0328c30d}"></Provider>
<EventID Qualifiers="">4797</EventID>
<Version>0</Version>
<Level>0</Level>
<Task>13824</Task>
<Opcode>0</Opcode>
<Keywords>0x8020000000000000</Keywords>
<TimeCreated SystemTime="2022-05-06 15:29:15.081511"></TimeCreated>
<EventRecordID>925</EventRecordID>
<Correlation ActivityID="{2f2cff59-615d-0003-7aff-2c2f5d61d801}" RelatedActivityID=""></Correlation>
<Execution ProcessID="740" ThreadID="844"></Execution>
<Channel>Security</Channel>
<Computer>Council-HQ</Computer>
<Security UserID=""></Security>
</System>
<EventData><Data Name="SubjectUserSid">S-1-5-21-2389065719-3342106636-307857974-1001</Data>
<Data Name="SubjectUserName">Council Leader</Data>
<Data Name="SubjectDomainName">Council-HQ</Data>
<Data Name="SubjectLogonId">0x00000000000b0934</Data>
<Data Name="Workstation">COUNCIL-HQ</Data>
<Data Name="TargetUserName">Administrator</Data>
<Data Name="TargetDomainName">Council-HQ</Data>
</EventData>
</Event>

<Event xmlns="http://schemas.microsoft.com/win/2004/08/events/event"><System><Provider Name="Microsoft-Windows-Security-Auditing" Guid="{54849625-5478-4994-a5ba-3e3b0328c30d}"></Provider>
<EventID Qualifiers="">4798</EventID>
<Version>0</Version>
<Level>0</Level>
<Task>13824</Task>
<Opcode>0</Opcode>
<Keywords>0x8020000000000000</Keywords>
<TimeCreated SystemTime="2022-05-06 15:29:15.083921"></TimeCreated>
<EventRecordID>926</EventRecordID>
<Correlation ActivityID="{2f2cff59-615d-0003-7aff-2c2f5d61d801}" RelatedActivityID=""></Correlation>
<Execution ProcessID="740" ThreadID="844"></Execution>
<Channel>Security</Channel>
<Computer>Council-HQ</Computer>
<Security UserID=""></Security>
</System>
<EventData><Data Name="TargetUserName">Guest</Data>
<Data Name="TargetDomainName">Council-HQ</Data>
<Data Name="TargetSid">S-1-5-21-2389065719-3342106636-307857974-501</Data>
<Data Name="SubjectUserSid">S-1-5-21-2389065719-3342106636-307857974-1001</Data>
<Data Name="SubjectUserName">Council Leader</Data>
<Data Name="SubjectDomainName">Council-HQ</Data>
<Data Name="SubjectLogonId">0x00000000000b0934</Data>
<Data Name="CallerProcessId">0x0000000000000cf4</Data>
<Data Name="CallerProcessName">C:\Windows\explorer.exe</Data>
</EventData>
</Event>

<Event xmlns="http://schemas.microsoft.com/win/2004/08/events/event"><System><Provider Name="Microsoft-Windows-Security-Auditing" Guid="{54849625-5478-4994-a5ba-3e3b0328c30d}"></Provider>
<EventID Qualifiers="">4798</EventID>
<Version>0</Version>
<Level>0</Level>
<Task>13824</Task>
<Opcode>0</Opcode>
<Keywords>0x8020000000000000</Keywords>
<TimeCreated SystemTime="2022-05-06 15:29:15.084389"></TimeCreated>
<EventRecordID>927</EventRecordID>
<Correlation ActivityID="{2f2cff59-615d-0003-7aff-2c2f5d61d801}" RelatedActivityID=""></Correlation>
<Execution ProcessID="740" ThreadID="844"></Execution>
<Channel>Security</Channel>
<Computer>Council-HQ</Computer>
<Security UserID=""></Security>
</System>
<EventData><Data Name="TargetUserName">Guest</Data>
<Data Name="TargetDomainName">Council-HQ</Data>
<Data Name="TargetSid">S-1-5-21-2389065719-3342106636-307857974-501</Data>
<Data Name="SubjectUserSid">S-1-5-21-2389065719-3342106636-307857974-1001</Data>
<Data Name="SubjectUserName">Council Leader</Data>
<Data Name="SubjectDomainName">Council-HQ</Data>
<Data Name="SubjectLogonId">0x00000000000b0934</Data>
<Data Name="CallerProcessId">0x0000000000000cf4</Data>
<Data Name="CallerProcessName">C:\Windows\explorer.exe</Data>
</EventData>
</Event>

<Event xmlns="http://schemas.microsoft.com/win/2004/08/events/event"><System><Provider Name="Microsoft-Windows-Security-Auditing" Guid="{54849625-5478-4994-a5ba-3e3b0328c30d}"></Provider>
<EventID Qualifiers="">4798</EventID>
<Version>0</Version>
<Level>0</Level>
<Task>13824</Task>
<Opcode>0</Opcode>
<Keywords>0x8020000000000000</Keywords>
<TimeCreated SystemTime="2022-05-06 15:29:16.235647"></TimeCreated>
<EventRecordID>928</EventRecordID>
<Correlation ActivityID="{2f2cff59-615d-0003-7aff-2c2f5d61d801}" RelatedActivityID=""></Correlation>
<Execution ProcessID="740" ThreadID="792"></Execution>
<Channel>Security</Channel>
<Computer>Council-HQ</Computer>
<Security UserID=""></Security>
</System>
<EventData><Data Name="TargetUserName">sysadm</Data>
<Data Name="TargetDomainName">Council-HQ</Data>
<Data Name="TargetSid">S-1-5-21-2389065719-3342106636-307857974-1002</Data>
<Data Name="SubjectUserSid">S-1-5-21-2389065719-3342106636-307857974-1001</Data>
<Data Name="SubjectUserName">Council Leader</Data>
<Data Name="SubjectDomainName">Council-HQ</Data>
<Data Name="SubjectLogonId">0x00000000000b0917</Data>
<Data Name="CallerProcessId">0x00000000000006a8</Data>
<Data Name="CallerProcessName">C:\Windows\System32\dllhost.exe</Data>
</EventData>
</Event>

<Event xmlns="http://schemas.microsoft.com/win/2004/08/events/event"><System><Provider Name="Microsoft-Windows-Security-Auditing" Guid="{54849625-5478-4994-a5ba-3e3b0328c30d}"></Provider>
<EventID Qualifiers="">4798</EventID>
<Version>0</Version>
<Level>0</Level>
<Task>13824</Task>
<Opcode>0</Opcode>
<Keywords>0x8020000000000000</Keywords>
<TimeCreated SystemTime="2022-05-06 15:29:16.254242"></TimeCreated>
<EventRecordID>929</EventRecordID>
<Correlation ActivityID="{2f2cff59-615d-0003-7aff-2c2f5d61d801}" RelatedActivityID=""></Correlation>
<Execution ProcessID="740" ThreadID="792"></Execution>
<Channel>Security</Channel>
<Computer>Council-HQ</Computer>
<Security UserID=""></Security>
</System>
<EventData><Data Name="TargetUserName">Guest</Data>
<Data Name="TargetDomainName">Council-HQ</Data>
<Data Name="TargetSid">S-1-5-21-2389065719-3342106636-307857974-501</Data>
<Data Name="SubjectUserSid">S-1-5-21-2389065719-3342106636-307857974-1001</Data>
<Data Name="SubjectUserName">Council Leader</Data>
<Data Name="SubjectDomainName">Council-HQ</Data>
<Data Name="SubjectLogonId">0x00000000000b0917</Data>
<Data Name="CallerProcessId">0x00000000000006a8</Data>
<Data Name="CallerProcessName">C:\Windows\System32\dllhost.exe</Data>
</EventData>
</Event>

<Event xmlns="http://schemas.microsoft.com/win/2004/08/events/event"><System><Provider Name="Microsoft-Windows-Security-Auditing" Guid="{54849625-5478-4994-a5ba-3e3b0328c30d}"></Provider>
<EventID Qualifiers="">4798</EventID>
<Version>0</Version>
<Level>0</Level>
<Task>13824</Task>
<Opcode>0</Opcode>
<Keywords>0x8020000000000000</Keywords>
<TimeCreated SystemTime="2022-05-06 15:29:16.255892"></TimeCreated>
<EventRecordID>930</EventRecordID>
<Correlation ActivityID="{2f2cff59-615d-0003-7aff-2c2f5d61d801}" RelatedActivityID=""></Correlation>
<Execution ProcessID="740" ThreadID="792"></Execution>
<Channel>Security</Channel>
<Computer>Council-HQ</Computer>
<Security UserID=""></Security>
</System>
<EventData><Data Name="TargetUserName">Guest</Data>
<Data Name="TargetDomainName">Council-HQ</Data>
<Data Name="TargetSid">S-1-5-21-2389065719-3342106636-307857974-501</Data>
<Data Name="SubjectUserSid">S-1-5-21-2389065719-3342106636-307857974-1001</Data>
<Data Name="SubjectUserName">Council Leader</Data>
<Data Name="SubjectDomainName">Council-HQ</Data>
<Data Name="SubjectLogonId">0x00000000000b0917</Data>
<Data Name="CallerProcessId">0x00000000000006a8</Data>
<Data Name="CallerProcessName">C:\Windows\System32\dllhost.exe</Data>
</EventData>
</Event>

<Event xmlns="http://schemas.microsoft.com/win/2004/08/events/event"><System><Provider Name="Microsoft-Windows-Security-Auditing" Guid="{54849625-5478-4994-a5ba-3e3b0328c30d}"></Provider>
<EventID Qualifiers="">4798</EventID>
<Version>0</Version>
<Level>0</Level>
<Task>13824</Task>
<Opcode>0</Opcode>
<Keywords>0x8020000000000000</Keywords>
<TimeCreated SystemTime="2022-05-06 15:29:22.101965"></TimeCreated>
<EventRecordID>931</EventRecordID>
<Correlation ActivityID="{2f2cff59-615d-0003-7aff-2c2f5d61d801}" RelatedActivityID=""></Correlation>
<Execution ProcessID="740" ThreadID="792"></Execution>
<Channel>Security</Channel>
<Computer>Council-HQ</Computer>
<Security UserID=""></Security>
</System>
<EventData><Data Name="TargetUserName">sysadm</Data>
<Data Name="TargetDomainName">Council-HQ</Data>
<Data Name="TargetSid">S-1-5-21-2389065719-3342106636-307857974-1002</Data>
<Data Name="SubjectUserSid">S-1-5-21-2389065719-3342106636-307857974-1001</Data>
<Data Name="SubjectUserName">Council Leader</Data>
<Data Name="SubjectDomainName">Council-HQ</Data>
<Data Name="SubjectLogonId">0x00000000000b0934</Data>
<Data Name="CallerProcessId">0x0000000000000cf4</Data>
<Data Name="CallerProcessName">C:\Windows\explorer.exe</Data>
</EventData>
</Event>

<Event xmlns="http://schemas.microsoft.com/win/2004/08/events/event"><System><Provider Name="Microsoft-Windows-Security-Auditing" Guid="{54849625-5478-4994-a5ba-3e3b0328c30d}"></Provider>
<EventID Qualifiers="">4797</EventID>
<Version>0</Version>
<Level>0</Level>
<Task>13824</Task>
<Opcode>0</Opcode>
<Keywords>0x8020000000000000</Keywords>
<TimeCreated SystemTime="2022-05-06 15:29:22.105480"></TimeCreated>
<EventRecordID>932</EventRecordID>
<Correlation ActivityID="{2f2cff59-615d-0003-7aff-2c2f5d61d801}" RelatedActivityID=""></Correlation>
<Execution ProcessID="740" ThreadID="792"></Execution>
<Channel>Security</Channel>
<Computer>Council-HQ</Computer>
<Security UserID=""></Security>
</System>
<EventData><Data Name="SubjectUserSid">S-1-5-21-2389065719-3342106636-307857974-1001</Data>
<Data Name="SubjectUserName">Council Leader</Data>
<Data Name="SubjectDomainName">Council-HQ</Data>
<Data Name="SubjectLogonId">0x00000000000b0934</Data>
<Data Name="Workstation">COUNCIL-HQ</Data>
<Data Name="TargetUserName">Administrator</Data>
<Data Name="TargetDomainName">Council-HQ</Data>
</EventData>
</Event>

<Event xmlns="http://schemas.microsoft.com/win/2004/08/events/event"><System><Provider Name="Microsoft-Windows-Security-Auditing" Guid="{54849625-5478-4994-a5ba-3e3b0328c30d}"></Provider>
<EventID Qualifiers="">4798</EventID>
<Version>0</Version>
<Level>0</Level>
<Task>13824</Task>
<Opcode>0</Opcode>
<Keywords>0x8020000000000000</Keywords>
<TimeCreated SystemTime="2022-05-06 15:29:22.108366"></TimeCreated>
<EventRecordID>933</EventRecordID>
<Correlation ActivityID="{2f2cff59-615d-0003-7aff-2c2f5d61d801}" RelatedActivityID=""></Correlation>
<Execution ProcessID="740" ThreadID="792"></Execution>
<Channel>Security</Channel>
<Computer>Council-HQ</Computer>
<Security UserID=""></Security>
</System>
<EventData><Data Name="TargetUserName">Guest</Data>
<Data Name="TargetDomainName">Council-HQ</Data>
<Data Name="TargetSid">S-1-5-21-2389065719-3342106636-307857974-501</Data>
<Data Name="SubjectUserSid">S-1-5-21-2389065719-3342106636-307857974-1001</Data>
<Data Name="SubjectUserName">Council Leader</Data>
<Data Name="SubjectDomainName">Council-HQ</Data>
<Data Name="SubjectLogonId">0x00000000000b0934</Data>
<Data Name="CallerProcessId">0x0000000000000cf4</Data>
<Data Name="CallerProcessName">C:\Windows\explorer.exe</Data>
</EventData>
</Event>

<Event xmlns="http://schemas.microsoft.com/win/2004/08/events/event"><System><Provider Name="Microsoft-Windows-Security-Auditing" Guid="{54849625-5478-4994-a5ba-3e3b0328c30d}"></Provider>
<EventID Qualifiers="">4798</EventID>
<Version>0</Version>
<Level>0</Level>
<Task>13824</Task>
<Opcode>0</Opcode>
<Keywords>0x8020000000000000</Keywords>
<TimeCreated SystemTime="2022-05-06 15:29:22.108915"></TimeCreated>
<EventRecordID>934</EventRecordID>
<Correlation ActivityID="{2f2cff59-615d-0003-7aff-2c2f5d61d801}" RelatedActivityID=""></Correlation>
<Execution ProcessID="740" ThreadID="792"></Execution>
<Channel>Security</Channel>
<Computer>Council-HQ</Computer>
<Security UserID=""></Security>
</System>
<EventData><Data Name="TargetUserName">Guest</Data>
<Data Name="TargetDomainName">Council-HQ</Data>
<Data Name="TargetSid">S-1-5-21-2389065719-3342106636-307857974-501</Data>
<Data Name="SubjectUserSid">S-1-5-21-2389065719-3342106636-307857974-1001</Data>
<Data Name="SubjectUserName">Council Leader</Data>
<Data Name="SubjectDomainName">Council-HQ</Data>
<Data Name="SubjectLogonId">0x00000000000b0934</Data>
<Data Name="CallerProcessId">0x0000000000000cf4</Data>
<Data Name="CallerProcessName">C:\Windows\explorer.exe</Data>
</EventData>
</Event>

<Event xmlns="http://schemas.microsoft.com/win/2004/08/events/event"><System><Provider Name="Microsoft-Windows-Security-Auditing" Guid="{54849625-5478-4994-a5ba-3e3b0328c30d}"></Provider>
<EventID Qualifiers="">5379</EventID>
<Version>0</Version>
<Level>0</Level>
<Task>13824</Task>
<Opcode>0</Opcode>
<Keywords>0x8020000000000000</Keywords>
<TimeCreated SystemTime="2022-05-06 15:30:33.021589"></TimeCreated>
<EventRecordID>935</EventRecordID>
<Correlation ActivityID="{2f2cff59-615d-0003-7aff-2c2f5d61d801}" RelatedActivityID=""></Correlation>
<Execution ProcessID="740" ThreadID="792"></Execution>
<Channel>Security</Channel>
<Computer>Council-HQ</Computer>
<Security UserID=""></Security>
</System>
<EventData><Data Name="SubjectUserSid">S-1-5-21-2389065719-3342106636-307857974-1001</Data>
<Data Name="SubjectUserName">Council Leader</Data>
<Data Name="SubjectDomainName">Council-HQ</Data>
<Data Name="SubjectLogonId">0x00000000000b0934</Data>
<Data Name="TargetName">MicrosoftAccount:user=02zirqkpxocqcqpv</Data>
<Data Name="Type">0</Data>
<Data Name="CountOfCredentialsReturned">0</Data>
<Data Name="ReadOperation">%%8100</Data>
<Data Name="ReturnCode">3221226021</Data>
<Data Name="ProcessCreationTime">2022-05-06 15:24:01.490828</Data>
<Data Name="ClientProcessId">944</Data>
</EventData>
</Event>

<Event xmlns="http://schemas.microsoft.com/win/2004/08/events/event"><System><Provider Name="Microsoft-Windows-Security-Auditing" Guid="{54849625-5478-4994-a5ba-3e3b0328c30d}"></Provider>
<EventID Qualifiers="">5379</EventID>
<Version>0</Version>
<Level>0</Level>
<Task>13824</Task>
<Opcode>0</Opcode>
<Keywords>0x8020000000000000</Keywords>
<TimeCreated SystemTime="2022-05-06 15:30:33.021692"></TimeCreated>
<EventRecordID>936</EventRecordID>
<Correlation ActivityID="{2f2cff59-615d-0003-7aff-2c2f5d61d801}" RelatedActivityID=""></Correlation>
<Execution ProcessID="740" ThreadID="792"></Execution>
<Channel>Security</Channel>
<Computer>Council-HQ</Computer>
<Security UserID=""></Security>
</System>
<EventData><Data Name="SubjectUserSid">S-1-5-21-2389065719-3342106636-307857974-1001</Data>
<Data Name="SubjectUserName">Council Leader</Data>
<Data Name="SubjectDomainName">Council-HQ</Data>
<Data Name="SubjectLogonId">0x00000000000b0934</Data>
<Data Name="TargetName">WindowsLive:(token):name=02zirqkpxocqcqpv;serviceuri=*</Data>
<Data Name="Type">0</Data>
<Data Name="CountOfCredentialsReturned">0</Data>
<Data Name="ReadOperation">%%8100</Data>
<Data Name="ReturnCode">3221226021</Data>
<Data Name="ProcessCreationTime">2022-05-06 15:24:01.490828</Data>
<Data Name="ClientProcessId">944</Data>
</EventData>
</Event>

<Event xmlns="http://schemas.microsoft.com/win/2004/08/events/event"><System><Provider Name="Microsoft-Windows-Security-Auditing" Guid="{54849625-5478-4994-a5ba-3e3b0328c30d}"></Provider>
<EventID Qualifiers="">5379</EventID>
<Version>0</Version>
<Level>0</Level>
<Task>13824</Task>
<Opcode>0</Opcode>
<Keywords>0x8020000000000000</Keywords>
<TimeCreated SystemTime="2022-05-06 15:30:33.022291"></TimeCreated>
<EventRecordID>937</EventRecordID>
<Correlation ActivityID="{2f2cff59-615d-0003-7aff-2c2f5d61d801}" RelatedActivityID=""></Correlation>
<Execution ProcessID="740" ThreadID="8180"></Execution>
<Channel>Security</Channel>
<Computer>Council-HQ</Computer>
<Security UserID=""></Security>
</System>
<EventData><Data Name="SubjectUserSid">S-1-5-21-2389065719-3342106636-307857974-1001</Data>
<Data Name="SubjectUserName">Council Leader</Data>
<Data Name="SubjectDomainName">Council-HQ</Data>
<Data Name="SubjectLogonId">0x00000000000b0934</Data>
<Data Name="TargetName">WindowsLive:(cert):name=02zirqkpxocqcqpv;serviceuri=*</Data>
<Data Name="Type">0</Data>
<Data Name="CountOfCredentialsReturned">0</Data>
<Data Name="ReadOperation">%%8100</Data>
<Data Name="ReturnCode">3221226021</Data>
<Data Name="ProcessCreationTime">2022-05-06 15:24:01.490828</Data>
<Data Name="ClientProcessId">944</Data>
</EventData>
</Event>

<Event xmlns="http://schemas.microsoft.com/win/2004/08/events/event"><System><Provider Name="Microsoft-Windows-Security-Auditing" Guid="{54849625-5478-4994-a5ba-3e3b0328c30d}"></Provider>
<EventID Qualifiers="">5379</EventID>
<Version>0</Version>
<Level>0</Level>
<Task>13824</Task>
<Opcode>0</Opcode>
<Keywords>0x8020000000000000</Keywords>
<TimeCreated SystemTime="2022-05-06 15:30:33.422024"></TimeCreated>
<EventRecordID>938</EventRecordID>
<Correlation ActivityID="{2f2cff59-615d-0003-7aff-2c2f5d61d801}" RelatedActivityID=""></Correlation>
<Execution ProcessID="740" ThreadID="792"></Execution>
<Channel>Security</Channel>
<Computer>Council-HQ</Computer>
<Security UserID=""></Security>
</System>
<EventData><Data Name="SubjectUserSid">S-1-5-21-2389065719-3342106636-307857974-1001</Data>
<Data Name="SubjectUserName">Council Leader</Data>
<Data Name="SubjectDomainName">Council-HQ</Data>
<Data Name="SubjectLogonId">0x00000000000b0934</Data>
<Data Name="TargetName">MicrosoftAccount:user=02zirqkpxocqcqpv</Data>
<Data Name="Type">0</Data>
<Data Name="CountOfCredentialsReturned">0</Data>
<Data Name="ReadOperation">%%8100</Data>
<Data Name="ReturnCode">3221226021</Data>
<Data Name="ProcessCreationTime">2022-05-06 15:24:01.490828</Data>
<Data Name="ClientProcessId">944</Data>
</EventData>
</Event>

<Event xmlns="http://schemas.microsoft.com/win/2004/08/events/event"><System><Provider Name="Microsoft-Windows-Security-Auditing" Guid="{54849625-5478-4994-a5ba-3e3b0328c30d}"></Provider>
<EventID Qualifiers="">5379</EventID>
<Version>0</Version>
<Level>0</Level>
<Task>13824</Task>
<Opcode>0</Opcode>
<Keywords>0x8020000000000000</Keywords>
<TimeCreated SystemTime="2022-05-06 15:30:33.425274"></TimeCreated>
<EventRecordID>939</EventRecordID>
<Correlation ActivityID="{2f2cff59-615d-0003-7aff-2c2f5d61d801}" RelatedActivityID=""></Correlation>
<Execution ProcessID="740" ThreadID="792"></Execution>
<Channel>Security</Channel>
<Computer>Council-HQ</Computer>
<Security UserID=""></Security>
</System>
<EventData><Data Name="SubjectUserSid">S-1-5-21-2389065719-3342106636-307857974-1001</Data>
<Data Name="SubjectUserName">Council Leader</Data>
<Data Name="SubjectDomainName">Council-HQ</Data>
<Data Name="SubjectLogonId">0x00000000000b0934</Data>
<Data Name="TargetName">MicrosoftAccount:user=02zirqkpxocqcqpv</Data>
<Data Name="Type">0</Data>
<Data Name="CountOfCredentialsReturned">0</Data>
<Data Name="ReadOperation">%%8100</Data>
<Data Name="ReturnCode">3221226021</Data>
<Data Name="ProcessCreationTime">2022-05-06 15:24:01.490828</Data>
<Data Name="ClientProcessId">944</Data>
</EventData>
</Event>

<Event xmlns="http://schemas.microsoft.com/win/2004/08/events/event"><System><Provider Name="Microsoft-Windows-Security-Auditing" Guid="{54849625-5478-4994-a5ba-3e3b0328c30d}"></Provider>
<EventID Qualifiers="">5379</EventID>
<Version>0</Version>
<Level>0</Level>
<Task>13824</Task>
<Opcode>0</Opcode>
<Keywords>0x8020000000000000</Keywords>
<TimeCreated SystemTime="2022-05-06 15:30:33.429218"></TimeCreated>
<EventRecordID>940</EventRecordID>
<Correlation ActivityID="{2f2cff59-615d-0003-7aff-2c2f5d61d801}" RelatedActivityID=""></Correlation>
<Execution ProcessID="740" ThreadID="792"></Execution>
<Channel>Security</Channel>
<Computer>Council-HQ</Computer>
<Security UserID=""></Security>
</System>
<EventData><Data Name="SubjectUserSid">S-1-5-21-2389065719-3342106636-307857974-1001</Data>
<Data Name="SubjectUserName">Council Leader</Data>
<Data Name="SubjectDomainName">Council-HQ</Data>
<Data Name="SubjectLogonId">0x00000000000b0934</Data>
<Data Name="TargetName">MicrosoftAccount:user=02zirqkpxocqcqpv</Data>
<Data Name="Type">0</Data>
<Data Name="CountOfCredentialsReturned">0</Data>
<Data Name="ReadOperation">%%8100</Data>
<Data Name="ReturnCode">3221226021</Data>
<Data Name="ProcessCreationTime">2022-05-06 15:24:01.490828</Data>
<Data Name="ClientProcessId">944</Data>
</EventData>
</Event>

<Event xmlns="http://schemas.microsoft.com/win/2004/08/events/event"><System><Provider Name="Microsoft-Windows-Security-Auditing" Guid="{54849625-5478-4994-a5ba-3e3b0328c30d}"></Provider>
<EventID Qualifiers="">5379</EventID>
<Version>0</Version>
<Level>0</Level>
<Task>13824</Task>
<Opcode>0</Opcode>
<Keywords>0x8020000000000000</Keywords>
<TimeCreated SystemTime="2022-05-06 15:30:33.429453"></TimeCreated>
<EventRecordID>941</EventRecordID>
<Correlation ActivityID="{2f2cff59-615d-0003-7aff-2c2f5d61d801}" RelatedActivityID=""></Correlation>
<Execution ProcessID="740" ThreadID="792"></Execution>
<Channel>Security</Channel>
<Computer>Council-HQ</Computer>
<Security UserID=""></Security>
</System>
<EventData><Data Name="SubjectUserSid">S-1-5-21-2389065719-3342106636-307857974-1001</Data>
<Data Name="SubjectUserName">Council Leader</Data>
<Data Name="SubjectDomainName">Council-HQ</Data>
<Data Name="SubjectLogonId">0x00000000000b0934</Data>
<Data Name="TargetName">MicrosoftAccount:user=02zirqkpxocqcqpv</Data>
<Data Name="Type">0</Data>
<Data Name="CountOfCredentialsReturned">0</Data>
<Data Name="ReadOperation">%%8100</Data>
<Data Name="ReturnCode">3221226021</Data>
<Data Name="ProcessCreationTime">2022-05-06 15:24:01.490828</Data>
<Data Name="ClientProcessId">944</Data>
</EventData>
</Event>

<Event xmlns="http://schemas.microsoft.com/win/2004/08/events/event"><System><Provider Name="Microsoft-Windows-Security-Auditing" Guid="{54849625-5478-4994-a5ba-3e3b0328c30d}"></Provider>
<EventID Qualifiers="">4624</EventID>
<Version>2</Version>
<Level>0</Level>
<Task>12544</Task>
<Opcode>0</Opcode>
<Keywords>0x8020000000000000</Keywords>
<TimeCreated SystemTime="2022-05-06 15:30:58.988663"></TimeCreated>
<EventRecordID>942</EventRecordID>
<Correlation ActivityID="{2f2cff59-615d-0003-7aff-2c2f5d61d801}" RelatedActivityID=""></Correlation>
<Execution ProcessID="740" ThreadID="792"></Execution>
<Channel>Security</Channel>
<Computer>Council-HQ</Computer>
<Security UserID=""></Security>
</System>
<EventData><Data Name="SubjectUserSid">S-1-5-18</Data>
<Data Name="SubjectUserName">COUNCIL-HQ$</Data>
<Data Name="SubjectDomainName">WORKGROUP</Data>
<Data Name="SubjectLogonId">0x00000000000003e7</Data>
<Data Name="TargetUserSid">S-1-5-18</Data>
<Data Name="TargetUserName">SYSTEM</Data>
<Data Name="TargetDomainName">NT AUTHORITY</Data>
<Data Name="TargetLogonId">0x00000000000003e7</Data>
<Data Name="LogonType">5</Data>
<Data Name="LogonProcessName">Advapi  </Data>
<Data Name="AuthenticationPackageName">Negotiate</Data>
<Data Name="WorkstationName">-</Data>
<Data Name="LogonGuid">{00000000-0000-0000-0000-000000000000}</Data>
<Data Name="TransmittedServices">-</Data>
<Data Name="LmPackageName">-</Data>
<Data Name="KeyLength">0</Data>
<Data Name="ProcessId">0x00000000000002d0</Data>
<Data Name="ProcessName">C:\Windows\System32\services.exe</Data>
<Data Name="IpAddress">-</Data>
<Data Name="IpPort">-</Data>
<Data Name="ImpersonationLevel">%%1833</Data>
<Data Name="RestrictedAdminMode">-</Data>
<Data Name="TargetOutboundUserName">-</Data>
<Data Name="TargetOutboundDomainName">-</Data>
<Data Name="VirtualAccount">%%1843</Data>
<Data Name="TargetLinkedLogonId">0x0000000000000000</Data>
<Data Name="ElevatedToken">%%1842</Data>
</EventData>
</Event>

<Event xmlns="http://schemas.microsoft.com/win/2004/08/events/event"><System><Provider Name="Microsoft-Windows-Security-Auditing" Guid="{54849625-5478-4994-a5ba-3e3b0328c30d}"></Provider>
<EventID Qualifiers="">4672</EventID>
<Version>0</Version>
<Level>0</Level>
<Task>12548</Task>
<Opcode>0</Opcode>
<Keywords>0x8020000000000000</Keywords>
<TimeCreated SystemTime="2022-05-06 15:30:58.988668"></TimeCreated>
<EventRecordID>943</EventRecordID>
<Correlation ActivityID="{2f2cff59-615d-0003-7aff-2c2f5d61d801}" RelatedActivityID=""></Correlation>
<Execution ProcessID="740" ThreadID="792"></Execution>
<Channel>Security</Channel>
<Computer>Council-HQ</Computer>
<Security UserID=""></Security>
</System>
<EventData><Data Name="SubjectUserSid">S-1-5-18</Data>
<Data Name="SubjectUserName">SYSTEM</Data>
<Data Name="SubjectDomainName">NT AUTHORITY</Data>
<Data Name="SubjectLogonId">0x00000000000003e7</Data>
<Data Name="PrivilegeList">SeAssignPrimaryTokenPrivilege
			SeTcbPrivilege
			SeSecurityPrivilege
			SeTakeOwnershipPrivilege
			SeLoadDriverPrivilege
			SeBackupPrivilege
			SeRestorePrivilege
			SeDebugPrivilege
			SeAuditPrivilege
			SeSystemEnvironmentPrivilege
			SeImpersonatePrivilege
			SeDelegateSessionUserImpersonatePrivilege</Data>
</EventData>
</Event>

<Event xmlns="http://schemas.microsoft.com/win/2004/08/events/event"><System><Provider Name="Microsoft-Windows-Security-Auditing" Guid="{54849625-5478-4994-a5ba-3e3b0328c30d}"></Provider>
<EventID Qualifiers="">4624</EventID>
<Version>2</Version>
<Level>0</Level>
<Task>12544</Task>
<Opcode>0</Opcode>
<Keywords>0x8020000000000000</Keywords>
<TimeCreated SystemTime="2022-05-06 15:31:26.693245"></TimeCreated>
<EventRecordID>944</EventRecordID>
<Correlation ActivityID="{2f2cff59-615d-0003-7aff-2c2f5d61d801}" RelatedActivityID=""></Correlation>
<Execution ProcessID="740" ThreadID="344"></Execution>
<Channel>Security</Channel>
<Computer>Council-HQ</Computer>
<Security UserID=""></Security>
</System>
<EventData><Data Name="SubjectUserSid">S-1-5-18</Data>
<Data Name="SubjectUserName">COUNCIL-HQ$</Data>
<Data Name="SubjectDomainName">WORKGROUP</Data>
<Data Name="SubjectLogonId">0x00000000000003e7</Data>
<Data Name="TargetUserSid">S-1-5-18</Data>
<Data Name="TargetUserName">SYSTEM</Data>
<Data Name="TargetDomainName">NT AUTHORITY</Data>
<Data Name="TargetLogonId">0x00000000000003e7</Data>
<Data Name="LogonType">5</Data>
<Data Name="LogonProcessName">Advapi  </Data>
<Data Name="AuthenticationPackageName">Negotiate</Data>
<Data Name="WorkstationName">-</Data>
<Data Name="LogonGuid">{00000000-0000-0000-0000-000000000000}</Data>
<Data Name="TransmittedServices">-</Data>
<Data Name="LmPackageName">-</Data>
<Data Name="KeyLength">0</Data>
<Data Name="ProcessId">0x00000000000002d0</Data>
<Data Name="ProcessName">C:\Windows\System32\services.exe</Data>
<Data Name="IpAddress">-</Data>
<Data Name="IpPort">-</Data>
<Data Name="ImpersonationLevel">%%1833</Data>
<Data Name="RestrictedAdminMode">-</Data>
<Data Name="TargetOutboundUserName">-</Data>
<Data Name="TargetOutboundDomainName">-</Data>
<Data Name="VirtualAccount">%%1843</Data>
<Data Name="TargetLinkedLogonId">0x0000000000000000</Data>
<Data Name="ElevatedToken">%%1842</Data>
</EventData>
</Event>

<Event xmlns="http://schemas.microsoft.com/win/2004/08/events/event"><System><Provider Name="Microsoft-Windows-Security-Auditing" Guid="{54849625-5478-4994-a5ba-3e3b0328c30d}"></Provider>
<EventID Qualifiers="">4672</EventID>
<Version>0</Version>
<Level>0</Level>
<Task>12548</Task>
<Opcode>0</Opcode>
<Keywords>0x8020000000000000</Keywords>
<TimeCreated SystemTime="2022-05-06 15:31:26.693254"></TimeCreated>
<EventRecordID>945</EventRecordID>
<Correlation ActivityID="{2f2cff59-615d-0003-7aff-2c2f5d61d801}" RelatedActivityID=""></Correlation>
<Execution ProcessID="740" ThreadID="344"></Execution>
<Channel>Security</Channel>
<Computer>Council-HQ</Computer>
<Security UserID=""></Security>
</System>
<EventData><Data Name="SubjectUserSid">S-1-5-18</Data>
<Data Name="SubjectUserName">SYSTEM</Data>
<Data Name="SubjectDomainName">NT AUTHORITY</Data>
<Data Name="SubjectLogonId">0x00000000000003e7</Data>
<Data Name="PrivilegeList">SeAssignPrimaryTokenPrivilege
			SeTcbPrivilege
			SeSecurityPrivilege
			SeTakeOwnershipPrivilege
			SeLoadDriverPrivilege
			SeBackupPrivilege
			SeRestorePrivilege
			SeDebugPrivilege
			SeAuditPrivilege
			SeSystemEnvironmentPrivilege
			SeImpersonatePrivilege
			SeDelegateSessionUserImpersonatePrivilege</Data>
</EventData>
</Event>

<Event xmlns="http://schemas.microsoft.com/win/2004/08/events/event"><System><Provider Name="Microsoft-Windows-Security-Auditing" Guid="{54849625-5478-4994-a5ba-3e3b0328c30d}"></Provider>
<EventID Qualifiers="">4624</EventID>
<Version>2</Version>
<Level>0</Level>
<Task>12544</Task>
<Opcode>0</Opcode>
<Keywords>0x8020000000000000</Keywords>
<TimeCreated SystemTime="2022-05-06 15:33:33.722399"></TimeCreated>
<EventRecordID>946</EventRecordID>
<Correlation ActivityID="{2f2cff59-615d-0003-7aff-2c2f5d61d801}" RelatedActivityID=""></Correlation>
<Execution ProcessID="740" ThreadID="5532"></Execution>
<Channel>Security</Channel>
<Computer>Council-HQ</Computer>
<Security UserID=""></Security>
</System>
<EventData><Data Name="SubjectUserSid">S-1-5-18</Data>
<Data Name="SubjectUserName">COUNCIL-HQ$</Data>
<Data Name="SubjectDomainName">WORKGROUP</Data>
<Data Name="SubjectLogonId">0x00000000000003e7</Data>
<Data Name="TargetUserSid">S-1-5-18</Data>
<Data Name="TargetUserName">SYSTEM</Data>
<Data Name="TargetDomainName">NT AUTHORITY</Data>
<Data Name="TargetLogonId">0x00000000000003e7</Data>
<Data Name="LogonType">5</Data>
<Data Name="LogonProcessName">Advapi  </Data>
<Data Name="AuthenticationPackageName">Negotiate</Data>
<Data Name="WorkstationName">-</Data>
<Data Name="LogonGuid">{00000000-0000-0000-0000-000000000000}</Data>
<Data Name="TransmittedServices">-</Data>
<Data Name="LmPackageName">-</Data>
<Data Name="KeyLength">0</Data>
<Data Name="ProcessId">0x00000000000002d0</Data>
<Data Name="ProcessName">C:\Windows\System32\services.exe</Data>
<Data Name="IpAddress">-</Data>
<Data Name="IpPort">-</Data>
<Data Name="ImpersonationLevel">%%1833</Data>
<Data Name="RestrictedAdminMode">-</Data>
<Data Name="TargetOutboundUserName">-</Data>
<Data Name="TargetOutboundDomainName">-</Data>
<Data Name="VirtualAccount">%%1843</Data>
<Data Name="TargetLinkedLogonId">0x0000000000000000</Data>
<Data Name="ElevatedToken">%%1842</Data>
</EventData>
</Event>

<Event xmlns="http://schemas.microsoft.com/win/2004/08/events/event"><System><Provider Name="Microsoft-Windows-Security-Auditing" Guid="{54849625-5478-4994-a5ba-3e3b0328c30d}"></Provider>
<EventID Qualifiers="">4672</EventID>
<Version>0</Version>
<Level>0</Level>
<Task>12548</Task>
<Opcode>0</Opcode>
<Keywords>0x8020000000000000</Keywords>
<TimeCreated SystemTime="2022-05-06 15:33:33.722408"></TimeCreated>
<EventRecordID>947</EventRecordID>
<Correlation ActivityID="{2f2cff59-615d-0003-7aff-2c2f5d61d801}" RelatedActivityID=""></Correlation>
<Execution ProcessID="740" ThreadID="5532"></Execution>
<Channel>Security</Channel>
<Computer>Council-HQ</Computer>
<Security UserID=""></Security>
</System>
<EventData><Data Name="SubjectUserSid">S-1-5-18</Data>
<Data Name="SubjectUserName">SYSTEM</Data>
<Data Name="SubjectDomainName">NT AUTHORITY</Data>
<Data Name="SubjectLogonId">0x00000000000003e7</Data>
<Data Name="PrivilegeList">SeAssignPrimaryTokenPrivilege
			SeTcbPrivilege
			SeSecurityPrivilege
			SeTakeOwnershipPrivilege
			SeLoadDriverPrivilege
			SeBackupPrivilege
			SeRestorePrivilege
			SeDebugPrivilege
			SeAuditPrivilege
			SeSystemEnvironmentPrivilege
			SeImpersonatePrivilege
			SeDelegateSessionUserImpersonatePrivilege</Data>
</EventData>
</Event>

<Event xmlns="http://schemas.microsoft.com/win/2004/08/events/event"><System><Provider Name="Microsoft-Windows-Security-Auditing" Guid="{54849625-5478-4994-a5ba-3e3b0328c30d}"></Provider>
<EventID Qualifiers="">4624</EventID>
<Version>2</Version>
<Level>0</Level>
<Task>12544</Task>
<Opcode>0</Opcode>
<Keywords>0x8020000000000000</Keywords>
<TimeCreated SystemTime="2022-05-06 15:34:42.061012"></TimeCreated>
<EventRecordID>948</EventRecordID>
<Correlation ActivityID="{2f2cff59-615d-0003-7aff-2c2f5d61d801}" RelatedActivityID=""></Correlation>
<Execution ProcessID="740" ThreadID="5532"></Execution>
<Channel>Security</Channel>
<Computer>Council-HQ</Computer>
<Security UserID=""></Security>
</System>
<EventData><Data Name="SubjectUserSid">S-1-5-18</Data>
<Data Name="SubjectUserName">COUNCIL-HQ$</Data>
<Data Name="SubjectDomainName">WORKGROUP</Data>
<Data Name="SubjectLogonId">0x00000000000003e7</Data>
<Data Name="TargetUserSid">S-1-5-18</Data>
<Data Name="TargetUserName">SYSTEM</Data>
<Data Name="TargetDomainName">NT AUTHORITY</Data>
<Data Name="TargetLogonId">0x00000000000003e7</Data>
<Data Name="LogonType">5</Data>
<Data Name="LogonProcessName">Advapi  </Data>
<Data Name="AuthenticationPackageName">Negotiate</Data>
<Data Name="WorkstationName">-</Data>
<Data Name="LogonGuid">{00000000-0000-0000-0000-000000000000}</Data>
<Data Name="TransmittedServices">-</Data>
<Data Name="LmPackageName">-</Data>
<Data Name="KeyLength">0</Data>
<Data Name="ProcessId">0x00000000000002d0</Data>
<Data Name="ProcessName">C:\Windows\System32\services.exe</Data>
<Data Name="IpAddress">-</Data>
<Data Name="IpPort">-</Data>
<Data Name="ImpersonationLevel">%%1833</Data>
<Data Name="RestrictedAdminMode">-</Data>
<Data Name="TargetOutboundUserName">-</Data>
<Data Name="TargetOutboundDomainName">-</Data>
<Data Name="VirtualAccount">%%1843</Data>
<Data Name="TargetLinkedLogonId">0x0000000000000000</Data>
<Data Name="ElevatedToken">%%1842</Data>
</EventData>
</Event>

<Event xmlns="http://schemas.microsoft.com/win/2004/08/events/event"><System><Provider Name="Microsoft-Windows-Security-Auditing" Guid="{54849625-5478-4994-a5ba-3e3b0328c30d}"></Provider>
<EventID Qualifiers="">4672</EventID>
<Version>0</Version>
<Level>0</Level>
<Task>12548</Task>
<Opcode>0</Opcode>
<Keywords>0x8020000000000000</Keywords>
<TimeCreated SystemTime="2022-05-06 15:34:42.061020"></TimeCreated>
<EventRecordID>949</EventRecordID>
<Correlation ActivityID="{2f2cff59-615d-0003-7aff-2c2f5d61d801}" RelatedActivityID=""></Correlation>
<Execution ProcessID="740" ThreadID="5532"></Execution>
<Channel>Security</Channel>
<Computer>Council-HQ</Computer>
<Security UserID=""></Security>
</System>
<EventData><Data Name="SubjectUserSid">S-1-5-18</Data>
<Data Name="SubjectUserName">SYSTEM</Data>
<Data Name="SubjectDomainName">NT AUTHORITY</Data>
<Data Name="SubjectLogonId">0x00000000000003e7</Data>
<Data Name="PrivilegeList">SeAssignPrimaryTokenPrivilege
			SeTcbPrivilege
			SeSecurityPrivilege
			SeTakeOwnershipPrivilege
			SeLoadDriverPrivilege
			SeBackupPrivilege
			SeRestorePrivilege
			SeDebugPrivilege
			SeAuditPrivilege
			SeSystemEnvironmentPrivilege
			SeImpersonatePrivilege
			SeDelegateSessionUserImpersonatePrivilege</Data>
</EventData>
</Event>

<Event xmlns="http://schemas.microsoft.com/win/2004/08/events/event"><System><Provider Name="Microsoft-Windows-Security-Auditing" Guid="{54849625-5478-4994-a5ba-3e3b0328c30d}"></Provider>
<EventID Qualifiers="">5379</EventID>
<Version>0</Version>
<Level>0</Level>
<Task>13824</Task>
<Opcode>0</Opcode>
<Keywords>0x8020000000000000</Keywords>
<TimeCreated SystemTime="2022-05-06 15:34:42.138119"></TimeCreated>
<EventRecordID>950</EventRecordID>
<Correlation ActivityID="{2f2cff59-615d-0003-7aff-2c2f5d61d801}" RelatedActivityID=""></Correlation>
<Execution ProcessID="740" ThreadID="5532"></Execution>
<Channel>Security</Channel>
<Computer>Council-HQ</Computer>
<Security UserID=""></Security>
</System>
<EventData><Data Name="SubjectUserSid">S-1-5-18</Data>
<Data Name="SubjectUserName">COUNCIL-HQ$</Data>
<Data Name="SubjectDomainName">WORKGROUP</Data>
<Data Name="SubjectLogonId">0x00000000000003e7</Data>
<Data Name="TargetName">WindowsLive:(token):name=02tykkeievkzkhsc;serviceuri=*</Data>
<Data Name="Type">0</Data>
<Data Name="CountOfCredentialsReturned">0</Data>
<Data Name="ReadOperation">%%8100</Data>
<Data Name="ReturnCode">3221226021</Data>
<Data Name="ProcessCreationTime">2022-05-06 15:34:42.062555</Data>
<Data Name="ClientProcessId">3244</Data>
</EventData>
</Event>

<Event xmlns="http://schemas.microsoft.com/win/2004/08/events/event"><System><Provider Name="Microsoft-Windows-Security-Auditing" Guid="{54849625-5478-4994-a5ba-3e3b0328c30d}"></Provider>
<EventID Qualifiers="">5379</EventID>
<Version>0</Version>
<Level>0</Level>
<Task>13824</Task>
<Opcode>0</Opcode>
<Keywords>0x8020000000000000</Keywords>
<TimeCreated SystemTime="2022-05-06 15:34:42.138449"></TimeCreated>
<EventRecordID>951</EventRecordID>
<Correlation ActivityID="{2f2cff59-615d-0003-7aff-2c2f5d61d801}" RelatedActivityID=""></Correlation>
<Execution ProcessID="740" ThreadID="5532"></Execution>
<Channel>Security</Channel>
<Computer>Council-HQ</Computer>
<Security UserID=""></Security>
</System>
<EventData><Data Name="SubjectUserSid">S-1-5-18</Data>
<Data Name="SubjectUserName">COUNCIL-HQ$</Data>
<Data Name="SubjectDomainName">WORKGROUP</Data>
<Data Name="SubjectLogonId">0x00000000000003e7</Data>
<Data Name="TargetName">WindowsLive:(cert):name=02tykkeievkzkhsc;serviceuri=*</Data>
<Data Name="Type">0</Data>
<Data Name="CountOfCredentialsReturned">0</Data>
<Data Name="ReadOperation">%%8100</Data>
<Data Name="ReturnCode">3221226021</Data>
<Data Name="ProcessCreationTime">2022-05-06 15:34:42.062555</Data>
<Data Name="ClientProcessId">3244</Data>
</EventData>
</Event>

