<Event xmlns="http://schemas.microsoft.com/win/2004/08/events/event"><System><Provider Name="Microsoft-Windows-Security-Auditing" Guid="{54849625-5478-4994-a5ba-3e3b0328c30d}"></Provider>
<EventID Qualifiers="">4616</EventID>
<Version>1</Version>
<Level>0</Level>
<Task>12288</Task>
<Opcode>0</Opcode>
<Keywords>0x8020000000000000</Keywords>
<TimeCreated SystemTime="2022-05-06 15:20:59.099916"></TimeCreated>
<EventRecordID>349</EventRecordID>
<Correlation ActivityID="" RelatedActivityID=""></Correlation>
<Execution ProcessID="4" ThreadID="344"></Execution>
<Channel>Security</Channel>
<Computer>DESKTOP-DBOP9M0</Computer>
<Security UserID=""></Security>
</System>
<EventData><Data Name="SubjectUserSid">S-1-5-19</Data>
<Data Name="SubjectUserName">LOCAL SERVICE</Data>
<Data Name="SubjectDomainName">NT AUTHORITY</Data>
<Data Name="SubjectLogonId">0x00000000000003e5</Data>
<Data Name="PreviousTime">2022-05-06 15:20:59.096909</Data>
<Data Name="NewTime">2022-05-06 15:20:59.099592</Data>
<Data Name="ProcessId">0x000000000000065c</Data>
<Data Name="ProcessName">C:\Windows\System32\svchost.exe</Data>
</EventData>
</Event>

<Event xmlns="http://schemas.microsoft.com/win/2004/08/events/event"><System><Provider Name="Microsoft-Windows-Security-Auditing" Guid="{54849625-5478-4994-a5ba-3e3b0328c30d}"></Provider>
<EventID Qualifiers="">4799</EventID>
<Version>0</Version>
<Level>0</Level>
<Task>13826</Task>
<Opcode>0</Opcode>
<Keywords>0x8020000000000000</Keywords>
<TimeCreated SystemTime="2022-05-06 15:20:59.716898"></TimeCreated>
<EventRecordID>350</EventRecordID>
<Correlation ActivityID="{ac38061f-61b0-0001-2c06-38acb061d801}" RelatedActivityID=""></Correlation>
<Execution ProcessID="752" ThreadID="864"></Execution>
<Channel>Security</Channel>
<Computer>DESKTOP-DBOP9M0</Computer>
<Security UserID=""></Security>
</System>
<EventData><Data Name="TargetUserName">Administrators</Data>
<Data Name="TargetDomainName">Builtin</Data>
<Data Name="TargetSid">S-1-5-32-544</Data>
<Data Name="SubjectUserSid">S-1-5-18</Data>
<Data Name="SubjectUserName">WIN-GE1PLB8KFNS$</Data>
<Data Name="SubjectDomainName">WORKGROUP</Data>
<Data Name="SubjectLogonId">0x00000000000003e7</Data>
<Data Name="CallerProcessId">0x0000000000000f80</Data>
<Data Name="CallerProcessName">C:\Windows\System32\SearchIndexer.exe</Data>
</EventData>
</Event>

<Event xmlns="http://schemas.microsoft.com/win/2004/08/events/event"><System><Provider Name="Microsoft-Windows-Security-Auditing" Guid="{54849625-5478-4994-a5ba-3e3b0328c30d}"></Provider>
<EventID Qualifiers="">4799</EventID>
<Version>0</Version>
<Level>0</Level>
<Task>13826</Task>
<Opcode>0</Opcode>
<Keywords>0x8020000000000000</Keywords>
<TimeCreated SystemTime="2022-05-06 15:20:59.719379"></TimeCreated>
<EventRecordID>351</EventRecordID>
<Correlation ActivityID="{ac38061f-61b0-0001-2c06-38acb061d801}" RelatedActivityID=""></Correlation>
<Execution ProcessID="752" ThreadID="864"></Execution>
<Channel>Security</Channel>
<Computer>DESKTOP-DBOP9M0</Computer>
<Security UserID=""></Security>
</System>
<EventData><Data Name="TargetUserName">Backup Operators</Data>
<Data Name="TargetDomainName">Builtin</Data>
<Data Name="TargetSid">S-1-5-32-551</Data>
<Data Name="SubjectUserSid">S-1-5-18</Data>
<Data Name="SubjectUserName">WIN-GE1PLB8KFNS$</Data>
<Data Name="SubjectDomainName">WORKGROUP</Data>
<Data Name="SubjectLogonId">0x00000000000003e7</Data>
<Data Name="CallerProcessId">0x0000000000000f80</Data>
<Data Name="CallerProcessName">C:\Windows\System32\SearchIndexer.exe</Data>
</EventData>
</Event>

<Event xmlns="http://schemas.microsoft.com/win/2004/08/events/event"><System><Provider Name="Microsoft-Windows-Security-Auditing" Guid="{54849625-5478-4994-a5ba-3e3b0328c30d}"></Provider>
<EventID Qualifiers="">4624</EventID>
<Version>2</Version>
<Level>0</Level>
<Task>12544</Task>
<Opcode>0</Opcode>
<Keywords>0x8020000000000000</Keywords>
<TimeCreated SystemTime="2022-05-06 15:21:00.477066"></TimeCreated>
<EventRecordID>352</EventRecordID>
<Correlation ActivityID="{ac38061f-61b0-0001-2c06-38acb061d801}" RelatedActivityID=""></Correlation>
<Execution ProcessID="752" ThreadID="872"></Execution>
<Channel>Security</Channel>
<Computer>DESKTOP-DBOP9M0</Computer>
<Security UserID=""></Security>
</System>
<EventData><Data Name="SubjectUserSid">S-1-5-18</Data>
<Data Name="SubjectUserName">WIN-GE1PLB8KFNS$</Data>
<Data Name="SubjectDomainName">WORKGROUP</Data>
<Data Name="SubjectLogonId">0x00000000000003e7</Data>
<Data Name="TargetUserSid">S-1-5-18</Data>
<Data Name="TargetUserName">SYSTEM</Data>
<Data Name="TargetDomainName">NT AUTHORITY</Data>
<Data Name="TargetLogonId">0x00000000000003e7</Data>
<Data Name="LogonType">5</Data>
<Data Name="LogonProcessName">Advapi  </Data>
<Data Name="AuthenticationPackageName">Negotiate</Data>
<Data Name="WorkstationName">-</Data>
<Data Name="LogonGuid">{00000000-0000-0000-0000-000000000000}</Data>
<Data Name="TransmittedServices">-</Data>
<Data Name="LmPackageName">-</Data>
<Data Name="KeyLength">0</Data>
<Data Name="ProcessId">0x00000000000002dc</Data>
<Data Name="ProcessName">C:\Windows\System32\services.exe</Data>
<Data Name="IpAddress">-</Data>
<Data Name="IpPort">-</Data>
<Data Name="ImpersonationLevel">%%1833</Data>
<Data Name="RestrictedAdminMode">-</Data>
<Data Name="TargetOutboundUserName">-</Data>
<Data Name="TargetOutboundDomainName">-</Data>
<Data Name="VirtualAccount">%%1843</Data>
<Data Name="TargetLinkedLogonId">0x0000000000000000</Data>
<Data Name="ElevatedToken">%%1842</Data>
</EventData>
</Event>

<Event xmlns="http://schemas.microsoft.com/win/2004/08/events/event"><System><Provider Name="Microsoft-Windows-Security-Auditing" Guid="{54849625-5478-4994-a5ba-3e3b0328c30d}"></Provider>
<EventID Qualifiers="">4672</EventID>
<Version>0</Version>
<Level>0</Level>
<Task>12548</Task>
<Opcode>0</Opcode>
<Keywords>0x8020000000000000</Keywords>
<TimeCreated SystemTime="2022-05-06 15:21:00.477072"></TimeCreated>
<EventRecordID>353</EventRecordID>
<Correlation ActivityID="{ac38061f-61b0-0001-2c06-38acb061d801}" RelatedActivityID=""></Correlation>
<Execution ProcessID="752" ThreadID="872"></Execution>
<Channel>Security</Channel>
<Computer>DESKTOP-DBOP9M0</Computer>
<Security UserID=""></Security>
</System>
<EventData><Data Name="SubjectUserSid">S-1-5-18</Data>
<Data Name="SubjectUserName">SYSTEM</Data>
<Data Name="SubjectDomainName">NT AUTHORITY</Data>
<Data Name="SubjectLogonId">0x00000000000003e7</Data>
<Data Name="PrivilegeList">SeAssignPrimaryTokenPrivilege
			SeTcbPrivilege
			SeSecurityPrivilege
			SeTakeOwnershipPrivilege
			SeLoadDriverPrivilege
			SeBackupPrivilege
			SeRestorePrivilege
			SeDebugPrivilege
			SeAuditPrivilege
			SeSystemEnvironmentPrivilege
			SeImpersonatePrivilege
			SeDelegateSessionUserImpersonatePrivilege</Data>
</EventData>
</Event>

<Event xmlns="http://schemas.microsoft.com/win/2004/08/events/event"><System><Provider Name="Microsoft-Windows-Security-Auditing" Guid="{54849625-5478-4994-a5ba-3e3b0328c30d}"></Provider>
<EventID Qualifiers="">4624</EventID>
<Version>2</Version>
<Level>0</Level>
<Task>12544</Task>
<Opcode>0</Opcode>
<Keywords>0x8020000000000000</Keywords>
<TimeCreated SystemTime="2022-05-06 15:21:00.983362"></TimeCreated>
<EventRecordID>354</EventRecordID>
<Correlation ActivityID="{ac38061f-61b0-0001-2c06-38acb061d801}" RelatedActivityID=""></Correlation>
<Execution ProcessID="752" ThreadID="864"></Execution>
<Channel>Security</Channel>
<Computer>DESKTOP-DBOP9M0</Computer>
<Security UserID=""></Security>
</System>
<EventData><Data Name="SubjectUserSid">S-1-5-18</Data>
<Data Name="SubjectUserName">WIN-GE1PLB8KFNS$</Data>
<Data Name="SubjectDomainName">WORKGROUP</Data>
<Data Name="SubjectLogonId">0x00000000000003e7</Data>
<Data Name="TargetUserSid">S-1-5-18</Data>
<Data Name="TargetUserName">SYSTEM</Data>
<Data Name="TargetDomainName">NT AUTHORITY</Data>
<Data Name="TargetLogonId">0x00000000000003e7</Data>
<Data Name="LogonType">5</Data>
<Data Name="LogonProcessName">Advapi  </Data>
<Data Name="AuthenticationPackageName">Negotiate</Data>
<Data Name="WorkstationName">-</Data>
<Data Name="LogonGuid">{00000000-0000-0000-0000-000000000000}</Data>
<Data Name="TransmittedServices">-</Data>
<Data Name="LmPackageName">-</Data>
<Data Name="KeyLength">0</Data>
<Data Name="ProcessId">0x00000000000002dc</Data>
<Data Name="ProcessName">C:\Windows\System32\services.exe</Data>
<Data Name="IpAddress">-</Data>
<Data Name="IpPort">-</Data>
<Data Name="ImpersonationLevel">%%1833</Data>
<Data Name="RestrictedAdminMode">-</Data>
<Data Name="TargetOutboundUserName">-</Data>
<Data Name="TargetOutboundDomainName">-</Data>
<Data Name="VirtualAccount">%%1843</Data>
<Data Name="TargetLinkedLogonId">0x0000000000000000</Data>
<Data Name="ElevatedToken">%%1842</Data>
</EventData>
</Event>

<Event xmlns="http://schemas.microsoft.com/win/2004/08/events/event"><System><Provider Name="Microsoft-Windows-Security-Auditing" Guid="{54849625-5478-4994-a5ba-3e3b0328c30d}"></Provider>
<EventID Qualifiers="">4672</EventID>
<Version>0</Version>
<Level>0</Level>
<Task>12548</Task>
<Opcode>0</Opcode>
<Keywords>0x8020000000000000</Keywords>
<TimeCreated SystemTime="2022-05-06 15:21:00.983370"></TimeCreated>
<EventRecordID>355</EventRecordID>
<Correlation ActivityID="{ac38061f-61b0-0001-2c06-38acb061d801}" RelatedActivityID=""></Correlation>
<Execution ProcessID="752" ThreadID="864"></Execution>
<Channel>Security</Channel>
<Computer>DESKTOP-DBOP9M0</Computer>
<Security UserID=""></Security>
</System>
<EventData><Data Name="SubjectUserSid">S-1-5-18</Data>
<Data Name="SubjectUserName">SYSTEM</Data>
<Data Name="SubjectDomainName">NT AUTHORITY</Data>
<Data Name="SubjectLogonId">0x00000000000003e7</Data>
<Data Name="PrivilegeList">SeAssignPrimaryTokenPrivilege
			SeTcbPrivilege
			SeSecurityPrivilege
			SeTakeOwnershipPrivilege
			SeLoadDriverPrivilege
			SeBackupPrivilege
			SeRestorePrivilege
			SeDebugPrivilege
			SeAuditPrivilege
			SeSystemEnvironmentPrivilege
			SeImpersonatePrivilege
			SeDelegateSessionUserImpersonatePrivilege</Data>
</EventData>
</Event>

<Event xmlns="http://schemas.microsoft.com/win/2004/08/events/event"><System><Provider Name="Microsoft-Windows-Security-Auditing" Guid="{54849625-5478-4994-a5ba-3e3b0328c30d}"></Provider>
<EventID Qualifiers="">4624</EventID>
<Version>2</Version>
<Level>0</Level>
<Task>12544</Task>
<Opcode>0</Opcode>
<Keywords>0x8020000000000000</Keywords>
<TimeCreated SystemTime="2022-05-06 15:21:01.029850"></TimeCreated>
<EventRecordID>356</EventRecordID>
<Correlation ActivityID="{ac38061f-61b0-0001-2c06-38acb061d801}" RelatedActivityID=""></Correlation>
<Execution ProcessID="752" ThreadID="804"></Execution>
<Channel>Security</Channel>
<Computer>DESKTOP-DBOP9M0</Computer>
<Security UserID=""></Security>
</System>
<EventData><Data Name="SubjectUserSid">S-1-5-18</Data>
<Data Name="SubjectUserName">WIN-GE1PLB8KFNS$</Data>
<Data Name="SubjectDomainName">WORKGROUP</Data>
<Data Name="SubjectLogonId">0x00000000000003e7</Data>
<Data Name="TargetUserSid">S-1-5-18</Data>
<Data Name="TargetUserName">SYSTEM</Data>
<Data Name="TargetDomainName">NT AUTHORITY</Data>
<Data Name="TargetLogonId">0x00000000000003e7</Data>
<Data Name="LogonType">5</Data>
<Data Name="LogonProcessName">Advapi  </Data>
<Data Name="AuthenticationPackageName">Negotiate</Data>
<Data Name="WorkstationName">-</Data>
<Data Name="LogonGuid">{00000000-0000-0000-0000-000000000000}</Data>
<Data Name="TransmittedServices">-</Data>
<Data Name="LmPackageName">-</Data>
<Data Name="KeyLength">0</Data>
<Data Name="ProcessId">0x00000000000002dc</Data>
<Data Name="ProcessName">C:\Windows\System32\services.exe</Data>
<Data Name="IpAddress">-</Data>
<Data Name="IpPort">-</Data>
<Data Name="ImpersonationLevel">%%1833</Data>
<Data Name="RestrictedAdminMode">-</Data>
<Data Name="TargetOutboundUserName">-</Data>
<Data Name="TargetOutboundDomainName">-</Data>
<Data Name="VirtualAccount">%%1843</Data>
<Data Name="TargetLinkedLogonId">0x0000000000000000</Data>
<Data Name="ElevatedToken">%%1842</Data>
</EventData>
</Event>

<Event xmlns="http://schemas.microsoft.com/win/2004/08/events/event"><System><Provider Name="Microsoft-Windows-Security-Auditing" Guid="{54849625-5478-4994-a5ba-3e3b0328c30d}"></Provider>
<EventID Qualifiers="">4672</EventID>
<Version>0</Version>
<Level>0</Level>
<Task>12548</Task>
<Opcode>0</Opcode>
<Keywords>0x8020000000000000</Keywords>
<TimeCreated SystemTime="2022-05-06 15:21:01.029858"></TimeCreated>
<EventRecordID>357</EventRecordID>
<Correlation ActivityID="{ac38061f-61b0-0001-2c06-38acb061d801}" RelatedActivityID=""></Correlation>
<Execution ProcessID="752" ThreadID="804"></Execution>
<Channel>Security</Channel>
<Computer>DESKTOP-DBOP9M0</Computer>
<Security UserID=""></Security>
</System>
<EventData><Data Name="SubjectUserSid">S-1-5-18</Data>
<Data Name="SubjectUserName">SYSTEM</Data>
<Data Name="SubjectDomainName">NT AUTHORITY</Data>
<Data Name="SubjectLogonId">0x00000000000003e7</Data>
<Data Name="PrivilegeList">SeAssignPrimaryTokenPrivilege
			SeTcbPrivilege
			SeSecurityPrivilege
			SeTakeOwnershipPrivilege
			SeLoadDriverPrivilege
			SeBackupPrivilege
			SeRestorePrivilege
			SeDebugPrivilege
			SeAuditPrivilege
			SeSystemEnvironmentPrivilege
			SeImpersonatePrivilege
			SeDelegateSessionUserImpersonatePrivilege</Data>
</EventData>
</Event>

<Event xmlns="http://schemas.microsoft.com/win/2004/08/events/event"><System><Provider Name="Microsoft-Windows-Security-Auditing" Guid="{54849625-5478-4994-a5ba-3e3b0328c30d}"></Provider>
<EventID Qualifiers="">4799</EventID>
<Version>0</Version>
<Level>0</Level>
<Task>13826</Task>
<Opcode>0</Opcode>
<Keywords>0x8020000000000000</Keywords>
<TimeCreated SystemTime="2022-05-06 15:21:01.073914"></TimeCreated>
<EventRecordID>358</EventRecordID>
<Correlation ActivityID="{ac38061f-61b0-0001-2c06-38acb061d801}" RelatedActivityID=""></Correlation>
<Execution ProcessID="752" ThreadID="804"></Execution>
<Channel>Security</Channel>
<Computer>DESKTOP-DBOP9M0</Computer>
<Security UserID=""></Security>
</System>
<EventData><Data Name="TargetUserName">Administrators</Data>
<Data Name="TargetDomainName">Builtin</Data>
<Data Name="TargetSid">S-1-5-32-544</Data>
<Data Name="SubjectUserSid">S-1-5-18</Data>
<Data Name="SubjectUserName">WIN-GE1PLB8KFNS$</Data>
<Data Name="SubjectDomainName">WORKGROUP</Data>
<Data Name="SubjectLogonId">0x00000000000003e7</Data>
<Data Name="CallerProcessId">0x0000000000000be8</Data>
<Data Name="CallerProcessName">C:\Windows\System32\VSSVC.exe</Data>
</EventData>
</Event>

<Event xmlns="http://schemas.microsoft.com/win/2004/08/events/event"><System><Provider Name="Microsoft-Windows-Security-Auditing" Guid="{54849625-5478-4994-a5ba-3e3b0328c30d}"></Provider>
<EventID Qualifiers="">4799</EventID>
<Version>0</Version>
<Level>0</Level>
<Task>13826</Task>
<Opcode>0</Opcode>
<Keywords>0x8020000000000000</Keywords>
<TimeCreated SystemTime="2022-05-06 15:21:01.074511"></TimeCreated>
<EventRecordID>359</EventRecordID>
<Correlation ActivityID="{ac38061f-61b0-0001-2c06-38acb061d801}" RelatedActivityID=""></Correlation>
<Execution ProcessID="752" ThreadID="804"></Execution>
<Channel>Security</Channel>
<Computer>DESKTOP-DBOP9M0</Computer>
<Security UserID=""></Security>
</System>
<EventData><Data Name="TargetUserName">Backup Operators</Data>
<Data Name="TargetDomainName">Builtin</Data>
<Data Name="TargetSid">S-1-5-32-551</Data>
<Data Name="SubjectUserSid">S-1-5-18</Data>
<Data Name="SubjectUserName">WIN-GE1PLB8KFNS$</Data>
<Data Name="SubjectDomainName">WORKGROUP</Data>
<Data Name="SubjectLogonId">0x00000000000003e7</Data>
<Data Name="CallerProcessId">0x0000000000000be8</Data>
<Data Name="CallerProcessName">C:\Windows\System32\VSSVC.exe</Data>
</EventData>
</Event>

<Event xmlns="http://schemas.microsoft.com/win/2004/08/events/event"><System><Provider Name="Microsoft-Windows-Security-Auditing" Guid="{54849625-5478-4994-a5ba-3e3b0328c30d}"></Provider>
<EventID Qualifiers="">4624</EventID>
<Version>2</Version>
<Level>0</Level>
<Task>12544</Task>
<Opcode>0</Opcode>
<Keywords>0x8020000000000000</Keywords>
<TimeCreated SystemTime="2022-05-06 15:21:01.079023"></TimeCreated>
<EventRecordID>360</EventRecordID>
<Correlation ActivityID="{ac38061f-61b0-0001-2c06-38acb061d801}" RelatedActivityID=""></Correlation>
<Execution ProcessID="752" ThreadID="804"></Execution>
<Channel>Security</Channel>
<Computer>DESKTOP-DBOP9M0</Computer>
<Security UserID=""></Security>
</System>
<EventData><Data Name="SubjectUserSid">S-1-5-18</Data>
<Data Name="SubjectUserName">WIN-GE1PLB8KFNS$</Data>
<Data Name="SubjectDomainName">WORKGROUP</Data>
<Data Name="SubjectLogonId">0x00000000000003e7</Data>
<Data Name="TargetUserSid">S-1-5-18</Data>
<Data Name="TargetUserName">SYSTEM</Data>
<Data Name="TargetDomainName">NT AUTHORITY</Data>
<Data Name="TargetLogonId">0x00000000000003e7</Data>
<Data Name="LogonType">5</Data>
<Data Name="LogonProcessName">Advapi  </Data>
<Data Name="AuthenticationPackageName">Negotiate</Data>
<Data Name="WorkstationName">-</Data>
<Data Name="LogonGuid">{00000000-0000-0000-0000-000000000000}</Data>
<Data Name="TransmittedServices">-</Data>
<Data Name="LmPackageName">-</Data>
<Data Name="KeyLength">0</Data>
<Data Name="ProcessId">0x00000000000002dc</Data>
<Data Name="ProcessName">C:\Windows\System32\services.exe</Data>
<Data Name="IpAddress">-</Data>
<Data Name="IpPort">-</Data>
<Data Name="ImpersonationLevel">%%1833</Data>
<Data Name="RestrictedAdminMode">-</Data>
<Data Name="TargetOutboundUserName">-</Data>
<Data Name="TargetOutboundDomainName">-</Data>
<Data Name="VirtualAccount">%%1843</Data>
<Data Name="TargetLinkedLogonId">0x0000000000000000</Data>
<Data Name="ElevatedToken">%%1842</Data>
</EventData>
</Event>

<Event xmlns="http://schemas.microsoft.com/win/2004/08/events/event"><System><Provider Name="Microsoft-Windows-Security-Auditing" Guid="{54849625-5478-4994-a5ba-3e3b0328c30d}"></Provider>
<EventID Qualifiers="">4672</EventID>
<Version>0</Version>
<Level>0</Level>
<Task>12548</Task>
<Opcode>0</Opcode>
<Keywords>0x8020000000000000</Keywords>
<TimeCreated SystemTime="2022-05-06 15:21:01.079031"></TimeCreated>
<EventRecordID>361</EventRecordID>
<Correlation ActivityID="{ac38061f-61b0-0001-2c06-38acb061d801}" RelatedActivityID=""></Correlation>
<Execution ProcessID="752" ThreadID="804"></Execution>
<Channel>Security</Channel>
<Computer>DESKTOP-DBOP9M0</Computer>
<Security UserID=""></Security>
</System>
<EventData><Data Name="SubjectUserSid">S-1-5-18</Data>
<Data Name="SubjectUserName">SYSTEM</Data>
<Data Name="SubjectDomainName">NT AUTHORITY</Data>
<Data Name="SubjectLogonId">0x00000000000003e7</Data>
<Data Name="PrivilegeList">SeAssignPrimaryTokenPrivilege
			SeTcbPrivilege
			SeSecurityPrivilege
			SeTakeOwnershipPrivilege
			SeLoadDriverPrivilege
			SeBackupPrivilege
			SeRestorePrivilege
			SeDebugPrivilege
			SeAuditPrivilege
			SeSystemEnvironmentPrivilege
			SeImpersonatePrivilege
			SeDelegateSessionUserImpersonatePrivilege</Data>
</EventData>
</Event>

<Event xmlns="http://schemas.microsoft.com/win/2004/08/events/event"><System><Provider Name="Microsoft-Windows-Security-Auditing" Guid="{54849625-5478-4994-a5ba-3e3b0328c30d}"></Provider>
<EventID Qualifiers="">4799</EventID>
<Version>0</Version>
<Level>0</Level>
<Task>13826</Task>
<Opcode>0</Opcode>
<Keywords>0x8020000000000000</Keywords>
<TimeCreated SystemTime="2022-05-06 15:21:01.091372"></TimeCreated>
<EventRecordID>362</EventRecordID>
<Correlation ActivityID="{ac38061f-61b0-0001-2c06-38acb061d801}" RelatedActivityID=""></Correlation>
<Execution ProcessID="752" ThreadID="804"></Execution>
<Channel>Security</Channel>
<Computer>DESKTOP-DBOP9M0</Computer>
<Security UserID=""></Security>
</System>
<EventData><Data Name="TargetUserName">Administrators</Data>
<Data Name="TargetDomainName">Builtin</Data>
<Data Name="TargetSid">S-1-5-32-544</Data>
<Data Name="SubjectUserSid">S-1-5-18</Data>
<Data Name="SubjectUserName">WIN-GE1PLB8KFNS$</Data>
<Data Name="SubjectDomainName">WORKGROUP</Data>
<Data Name="SubjectLogonId">0x00000000000003e7</Data>
<Data Name="CallerProcessId">0x0000000000000be8</Data>
<Data Name="CallerProcessName">C:\Windows\System32\VSSVC.exe</Data>
</EventData>
</Event>

<Event xmlns="http://schemas.microsoft.com/win/2004/08/events/event"><System><Provider Name="Microsoft-Windows-Security-Auditing" Guid="{54849625-5478-4994-a5ba-3e3b0328c30d}"></Provider>
<EventID Qualifiers="">4799</EventID>
<Version>0</Version>
<Level>0</Level>
<Task>13826</Task>
<Opcode>0</Opcode>
<Keywords>0x8020000000000000</Keywords>
<TimeCreated SystemTime="2022-05-06 15:21:01.091776"></TimeCreated>
<EventRecordID>363</EventRecordID>
<Correlation ActivityID="{ac38061f-61b0-0001-2c06-38acb061d801}" RelatedActivityID=""></Correlation>
<Execution ProcessID="752" ThreadID="804"></Execution>
<Channel>Security</Channel>
<Computer>DESKTOP-DBOP9M0</Computer>
<Security UserID=""></Security>
</System>
<EventData><Data Name="TargetUserName">Backup Operators</Data>
<Data Name="TargetDomainName">Builtin</Data>
<Data Name="TargetSid">S-1-5-32-551</Data>
<Data Name="SubjectUserSid">S-1-5-18</Data>
<Data Name="SubjectUserName">WIN-GE1PLB8KFNS$</Data>
<Data Name="SubjectDomainName">WORKGROUP</Data>
<Data Name="SubjectLogonId">0x00000000000003e7</Data>
<Data Name="CallerProcessId">0x0000000000000be8</Data>
<Data Name="CallerProcessName">C:\Windows\System32\VSSVC.exe</Data>
</EventData>
</Event>

<Event xmlns="http://schemas.microsoft.com/win/2004/08/events/event"><System><Provider Name="Microsoft-Windows-Security-Auditing" Guid="{54849625-5478-4994-a5ba-3e3b0328c30d}"></Provider>
<EventID Qualifiers="">4799</EventID>
<Version>0</Version>
<Level>0</Level>
<Task>13826</Task>
<Opcode>0</Opcode>
<Keywords>0x8020000000000000</Keywords>
<TimeCreated SystemTime="2022-05-06 15:21:01.099623"></TimeCreated>
<EventRecordID>364</EventRecordID>
<Correlation ActivityID="{ac38061f-61b0-0001-2c06-38acb061d801}" RelatedActivityID=""></Correlation>
<Execution ProcessID="752" ThreadID="872"></Execution>
<Channel>Security</Channel>
<Computer>DESKTOP-DBOP9M0</Computer>
<Security UserID=""></Security>
</System>
<EventData><Data Name="TargetUserName">Administrators</Data>
<Data Name="TargetDomainName">Builtin</Data>
<Data Name="TargetSid">S-1-5-32-544</Data>
<Data Name="SubjectUserSid">S-1-5-18</Data>
<Data Name="SubjectUserName">WIN-GE1PLB8KFNS$</Data>
<Data Name="SubjectDomainName">WORKGROUP</Data>
<Data Name="SubjectLogonId">0x00000000000003e7</Data>
<Data Name="CallerProcessId">0x0000000000000be8</Data>
<Data Name="CallerProcessName">C:\Windows\System32\VSSVC.exe</Data>
</EventData>
</Event>

<Event xmlns="http://schemas.microsoft.com/win/2004/08/events/event"><System><Provider Name="Microsoft-Windows-Security-Auditing" Guid="{54849625-5478-4994-a5ba-3e3b0328c30d}"></Provider>
<EventID Qualifiers="">4799</EventID>
<Version>0</Version>
<Level>0</Level>
<Task>13826</Task>
<Opcode>0</Opcode>
<Keywords>0x8020000000000000</Keywords>
<TimeCreated SystemTime="2022-05-06 15:21:01.100117"></TimeCreated>
<EventRecordID>365</EventRecordID>
<Correlation ActivityID="{ac38061f-61b0-0001-2c06-38acb061d801}" RelatedActivityID=""></Correlation>
<Execution ProcessID="752" ThreadID="872"></Execution>
<Channel>Security</Channel>
<Computer>DESKTOP-DBOP9M0</Computer>
<Security UserID=""></Security>
</System>
<EventData><Data Name="TargetUserName">Backup Operators</Data>
<Data Name="TargetDomainName">Builtin</Data>
<Data Name="TargetSid">S-1-5-32-551</Data>
<Data Name="SubjectUserSid">S-1-5-18</Data>
<Data Name="SubjectUserName">WIN-GE1PLB8KFNS$</Data>
<Data Name="SubjectDomainName">WORKGROUP</Data>
<Data Name="SubjectLogonId">0x00000000000003e7</Data>
<Data Name="CallerProcessId">0x0000000000000be8</Data>
<Data Name="CallerProcessName">C:\Windows\System32\VSSVC.exe</Data>
</EventData>
</Event>

<Event xmlns="http://schemas.microsoft.com/win/2004/08/events/event"><System><Provider Name="Microsoft-Windows-Security-Auditing" Guid="{54849625-5478-4994-a5ba-3e3b0328c30d}"></Provider>
<EventID Qualifiers="">4799</EventID>
<Version>0</Version>
<Level>0</Level>
<Task>13826</Task>
<Opcode>0</Opcode>
<Keywords>0x8020000000000000</Keywords>
<TimeCreated SystemTime="2022-05-06 15:21:01.103563"></TimeCreated>
<EventRecordID>366</EventRecordID>
<Correlation ActivityID="{ac38061f-61b0-0001-2c06-38acb061d801}" RelatedActivityID=""></Correlation>
<Execution ProcessID="752" ThreadID="872"></Execution>
<Channel>Security</Channel>
<Computer>DESKTOP-DBOP9M0</Computer>
<Security UserID=""></Security>
</System>
<EventData><Data Name="TargetUserName">Administrators</Data>
<Data Name="TargetDomainName">Builtin</Data>
<Data Name="TargetSid">S-1-5-32-544</Data>
<Data Name="SubjectUserSid">S-1-5-18</Data>
<Data Name="SubjectUserName">WIN-GE1PLB8KFNS$</Data>
<Data Name="SubjectDomainName">WORKGROUP</Data>
<Data Name="SubjectLogonId">0x00000000000003e7</Data>
<Data Name="CallerProcessId">0x0000000000000be8</Data>
<Data Name="CallerProcessName">C:\Windows\System32\VSSVC.exe</Data>
</EventData>
</Event>

<Event xmlns="http://schemas.microsoft.com/win/2004/08/events/event"><System><Provider Name="Microsoft-Windows-Security-Auditing" Guid="{54849625-5478-4994-a5ba-3e3b0328c30d}"></Provider>
<EventID Qualifiers="">4799</EventID>
<Version>0</Version>
<Level>0</Level>
<Task>13826</Task>
<Opcode>0</Opcode>
<Keywords>0x8020000000000000</Keywords>
<TimeCreated SystemTime="2022-05-06 15:21:01.104021"></TimeCreated>
<EventRecordID>367</EventRecordID>
<Correlation ActivityID="{ac38061f-61b0-0001-2c06-38acb061d801}" RelatedActivityID=""></Correlation>
<Execution ProcessID="752" ThreadID="804"></Execution>
<Channel>Security</Channel>
<Computer>DESKTOP-DBOP9M0</Computer>
<Security UserID=""></Security>
</System>
<EventData><Data Name="TargetUserName">Backup Operators</Data>
<Data Name="TargetDomainName">Builtin</Data>
<Data Name="TargetSid">S-1-5-32-551</Data>
<Data Name="SubjectUserSid">S-1-5-18</Data>
<Data Name="SubjectUserName">WIN-GE1PLB8KFNS$</Data>
<Data Name="SubjectDomainName">WORKGROUP</Data>
<Data Name="SubjectLogonId">0x00000000000003e7</Data>
<Data Name="CallerProcessId">0x0000000000000be8</Data>
<Data Name="CallerProcessName">C:\Windows\System32\VSSVC.exe</Data>
</EventData>
</Event>

<Event xmlns="http://schemas.microsoft.com/win/2004/08/events/event"><System><Provider Name="Microsoft-Windows-Security-Auditing" Guid="{54849625-5478-4994-a5ba-3e3b0328c30d}"></Provider>
<EventID Qualifiers="">4799</EventID>
<Version>0</Version>
<Level>0</Level>
<Task>13826</Task>
<Opcode>0</Opcode>
<Keywords>0x8020000000000000</Keywords>
<TimeCreated SystemTime="2022-05-06 15:21:02.919609"></TimeCreated>
<EventRecordID>368</EventRecordID>
<Correlation ActivityID="{ac38061f-61b0-0001-2c06-38acb061d801}" RelatedActivityID=""></Correlation>
<Execution ProcessID="752" ThreadID="864"></Execution>
<Channel>Security</Channel>
<Computer>DESKTOP-DBOP9M0</Computer>
<Security UserID=""></Security>
</System>
<EventData><Data Name="TargetUserName">Administrators</Data>
<Data Name="TargetDomainName">Builtin</Data>
<Data Name="TargetSid">S-1-5-32-544</Data>
<Data Name="SubjectUserSid">S-1-5-18</Data>
<Data Name="SubjectUserName">WIN-GE1PLB8KFNS$</Data>
<Data Name="SubjectDomainName">WORKGROUP</Data>
<Data Name="SubjectLogonId">0x00000000000003e7</Data>
<Data Name="CallerProcessId">0x0000000000000c6c</Data>
<Data Name="CallerProcessName">C:\Windows\System32\svchost.exe</Data>
</EventData>
</Event>

<Event xmlns="http://schemas.microsoft.com/win/2004/08/events/event"><System><Provider Name="Microsoft-Windows-Security-Auditing" Guid="{54849625-5478-4994-a5ba-3e3b0328c30d}"></Provider>
<EventID Qualifiers="">4799</EventID>
<Version>0</Version>
<Level>0</Level>
<Task>13826</Task>
<Opcode>0</Opcode>
<Keywords>0x8020000000000000</Keywords>
<TimeCreated SystemTime="2022-05-06 15:21:02.920151"></TimeCreated>
<EventRecordID>369</EventRecordID>
<Correlation ActivityID="{ac38061f-61b0-0001-2c06-38acb061d801}" RelatedActivityID=""></Correlation>
<Execution ProcessID="752" ThreadID="864"></Execution>
<Channel>Security</Channel>
<Computer>DESKTOP-DBOP9M0</Computer>
<Security UserID=""></Security>
</System>
<EventData><Data Name="TargetUserName">Backup Operators</Data>
<Data Name="TargetDomainName">Builtin</Data>
<Data Name="TargetSid">S-1-5-32-551</Data>
<Data Name="SubjectUserSid">S-1-5-18</Data>
<Data Name="SubjectUserName">WIN-GE1PLB8KFNS$</Data>
<Data Name="SubjectDomainName">WORKGROUP</Data>
<Data Name="SubjectLogonId">0x00000000000003e7</Data>
<Data Name="CallerProcessId">0x0000000000000c6c</Data>
<Data Name="CallerProcessName">C:\Windows\System32\svchost.exe</Data>
</EventData>
</Event>

<Event xmlns="http://schemas.microsoft.com/win/2004/08/events/event"><System><Provider Name="Microsoft-Windows-Security-Auditing" Guid="{54849625-5478-4994-a5ba-3e3b0328c30d}"></Provider>
<EventID Qualifiers="">4624</EventID>
<Version>2</Version>
<Level>0</Level>
<Task>12544</Task>
<Opcode>0</Opcode>
<Keywords>0x8020000000000000</Keywords>
<TimeCreated SystemTime="2022-05-06 15:21:04.045826"></TimeCreated>
<EventRecordID>370</EventRecordID>
<Correlation ActivityID="{ac38061f-61b0-0001-2c06-38acb061d801}" RelatedActivityID=""></Correlation>
<Execution ProcessID="752" ThreadID="872"></Execution>
<Channel>Security</Channel>
<Computer>DESKTOP-DBOP9M0</Computer>
<Security UserID=""></Security>
</System>
<EventData><Data Name="SubjectUserSid">S-1-5-18</Data>
<Data Name="SubjectUserName">WIN-GE1PLB8KFNS$</Data>
<Data Name="SubjectDomainName">WORKGROUP</Data>
<Data Name="SubjectLogonId">0x00000000000003e7</Data>
<Data Name="TargetUserSid">S-1-5-18</Data>
<Data Name="TargetUserName">SYSTEM</Data>
<Data Name="TargetDomainName">NT AUTHORITY</Data>
<Data Name="TargetLogonId">0x00000000000003e7</Data>
<Data Name="LogonType">5</Data>
<Data Name="LogonProcessName">Advapi  </Data>
<Data Name="AuthenticationPackageName">Negotiate</Data>
<Data Name="WorkstationName">-</Data>
<Data Name="LogonGuid">{00000000-0000-0000-0000-000000000000}</Data>
<Data Name="TransmittedServices">-</Data>
<Data Name="LmPackageName">-</Data>
<Data Name="KeyLength">0</Data>
<Data Name="ProcessId">0x00000000000002dc</Data>
<Data Name="ProcessName">C:\Windows\System32\services.exe</Data>
<Data Name="IpAddress">-</Data>
<Data Name="IpPort">-</Data>
<Data Name="ImpersonationLevel">%%1833</Data>
<Data Name="RestrictedAdminMode">-</Data>
<Data Name="TargetOutboundUserName">-</Data>
<Data Name="TargetOutboundDomainName">-</Data>
<Data Name="VirtualAccount">%%1843</Data>
<Data Name="TargetLinkedLogonId">0x0000000000000000</Data>
<Data Name="ElevatedToken">%%1842</Data>
</EventData>
</Event>

<Event xmlns="http://schemas.microsoft.com/win/2004/08/events/event"><System><Provider Name="Microsoft-Windows-Security-Auditing" Guid="{54849625-5478-4994-a5ba-3e3b0328c30d}"></Provider>
<EventID Qualifiers="">4672</EventID>
<Version>0</Version>
<Level>0</Level>
<Task>12548</Task>
<Opcode>0</Opcode>
<Keywords>0x8020000000000000</Keywords>
<TimeCreated SystemTime="2022-05-06 15:21:04.045839"></TimeCreated>
<EventRecordID>371</EventRecordID>
<Correlation ActivityID="{ac38061f-61b0-0001-2c06-38acb061d801}" RelatedActivityID=""></Correlation>
<Execution ProcessID="752" ThreadID="872"></Execution>
<Channel>Security</Channel>
<Computer>DESKTOP-DBOP9M0</Computer>
<Security UserID=""></Security>
</System>
<EventData><Data Name="SubjectUserSid">S-1-5-18</Data>
<Data Name="SubjectUserName">SYSTEM</Data>
<Data Name="SubjectDomainName">NT AUTHORITY</Data>
<Data Name="SubjectLogonId">0x00000000000003e7</Data>
<Data Name="PrivilegeList">SeAssignPrimaryTokenPrivilege
			SeTcbPrivilege
			SeSecurityPrivilege
			SeTakeOwnershipPrivilege
			SeLoadDriverPrivilege
			SeBackupPrivilege
			SeRestorePrivilege
			SeDebugPrivilege
			SeAuditPrivilege
			SeSystemEnvironmentPrivilege
			SeImpersonatePrivilege
			SeDelegateSessionUserImpersonatePrivilege</Data>
</EventData>
</Event>

<Event xmlns="http://schemas.microsoft.com/win/2004/08/events/event"><System><Provider Name="Microsoft-Windows-Security-Auditing" Guid="{54849625-5478-4994-a5ba-3e3b0328c30d}"></Provider>
<EventID Qualifiers="">4624</EventID>
<Version>2</Version>
<Level>0</Level>
<Task>12544</Task>
<Opcode>0</Opcode>
<Keywords>0x8020000000000000</Keywords>
<TimeCreated SystemTime="2022-05-06 15:21:04.046213"></TimeCreated>
<EventRecordID>372</EventRecordID>
<Correlation ActivityID="{ac38061f-61b0-0001-2c06-38acb061d801}" RelatedActivityID=""></Correlation>
<Execution ProcessID="752" ThreadID="804"></Execution>
<Channel>Security</Channel>
<Computer>DESKTOP-DBOP9M0</Computer>
<Security UserID=""></Security>
</System>
<EventData><Data Name="SubjectUserSid">S-1-5-18</Data>
<Data Name="SubjectUserName">WIN-GE1PLB8KFNS$</Data>
<Data Name="SubjectDomainName">WORKGROUP</Data>
<Data Name="SubjectLogonId">0x00000000000003e7</Data>
<Data Name="TargetUserSid">S-1-5-18</Data>
<Data Name="TargetUserName">SYSTEM</Data>
<Data Name="TargetDomainName">NT AUTHORITY</Data>
<Data Name="TargetLogonId">0x00000000000003e7</Data>
<Data Name="LogonType">5</Data>
<Data Name="LogonProcessName">Advapi  </Data>
<Data Name="AuthenticationPackageName">Negotiate</Data>
<Data Name="WorkstationName">-</Data>
<Data Name="LogonGuid">{00000000-0000-0000-0000-000000000000}</Data>
<Data Name="TransmittedServices">-</Data>
<Data Name="LmPackageName">-</Data>
<Data Name="KeyLength">0</Data>
<Data Name="ProcessId">0x00000000000002dc</Data>
<Data Name="ProcessName">C:\Windows\System32\services.exe</Data>
<Data Name="IpAddress">-</Data>
<Data Name="IpPort">-</Data>
<Data Name="ImpersonationLevel">%%1833</Data>
<Data Name="RestrictedAdminMode">-</Data>
<Data Name="TargetOutboundUserName">-</Data>
<Data Name="TargetOutboundDomainName">-</Data>
<Data Name="VirtualAccount">%%1843</Data>
<Data Name="TargetLinkedLogonId">0x0000000000000000</Data>
<Data Name="ElevatedToken">%%1842</Data>
</EventData>
</Event>

<Event xmlns="http://schemas.microsoft.com/win/2004/08/events/event"><System><Provider Name="Microsoft-Windows-Security-Auditing" Guid="{54849625-5478-4994-a5ba-3e3b0328c30d}"></Provider>
<EventID Qualifiers="">4672</EventID>
<Version>0</Version>
<Level>0</Level>
<Task>12548</Task>
<Opcode>0</Opcode>
<Keywords>0x8020000000000000</Keywords>
<TimeCreated SystemTime="2022-05-06 15:21:04.046217"></TimeCreated>
<EventRecordID>373</EventRecordID>
<Correlation ActivityID="{ac38061f-61b0-0001-2c06-38acb061d801}" RelatedActivityID=""></Correlation>
<Execution ProcessID="752" ThreadID="804"></Execution>
<Channel>Security</Channel>
<Computer>DESKTOP-DBOP9M0</Computer>
<Security UserID=""></Security>
</System>
<EventData><Data Name="SubjectUserSid">S-1-5-18</Data>
<Data Name="SubjectUserName">SYSTEM</Data>
<Data Name="SubjectDomainName">NT AUTHORITY</Data>
<Data Name="SubjectLogonId">0x00000000000003e7</Data>
<Data Name="PrivilegeList">SeAssignPrimaryTokenPrivilege
			SeTcbPrivilege
			SeSecurityPrivilege
			SeTakeOwnershipPrivilege
			SeLoadDriverPrivilege
			SeBackupPrivilege
			SeRestorePrivilege
			SeDebugPrivilege
			SeAuditPrivilege
			SeSystemEnvironmentPrivilege
			SeImpersonatePrivilege
			SeDelegateSessionUserImpersonatePrivilege</Data>
</EventData>
</Event>

<Event xmlns="http://schemas.microsoft.com/win/2004/08/events/event"><System><Provider Name="Microsoft-Windows-Security-Auditing" Guid="{54849625-5478-4994-a5ba-3e3b0328c30d}"></Provider>
<EventID Qualifiers="">4624</EventID>
<Version>2</Version>
<Level>0</Level>
<Task>12544</Task>
<Opcode>0</Opcode>
<Keywords>0x8020000000000000</Keywords>
<TimeCreated SystemTime="2022-05-06 15:21:04.089724"></TimeCreated>
<EventRecordID>374</EventRecordID>
<Correlation ActivityID="{ac38061f-61b0-0001-2c06-38acb061d801}" RelatedActivityID=""></Correlation>
<Execution ProcessID="752" ThreadID="804"></Execution>
<Channel>Security</Channel>
<Computer>DESKTOP-DBOP9M0</Computer>
<Security UserID=""></Security>
</System>
<EventData><Data Name="SubjectUserSid">S-1-5-18</Data>
<Data Name="SubjectUserName">WIN-GE1PLB8KFNS$</Data>
<Data Name="SubjectDomainName">WORKGROUP</Data>
<Data Name="SubjectLogonId">0x00000000000003e7</Data>
<Data Name="TargetUserSid">S-1-5-18</Data>
<Data Name="TargetUserName">SYSTEM</Data>
<Data Name="TargetDomainName">NT AUTHORITY</Data>
<Data Name="TargetLogonId">0x00000000000003e7</Data>
<Data Name="LogonType">5</Data>
<Data Name="LogonProcessName">Advapi  </Data>
<Data Name="AuthenticationPackageName">Negotiate</Data>
<Data Name="WorkstationName">-</Data>
<Data Name="LogonGuid">{00000000-0000-0000-0000-000000000000}</Data>
<Data Name="TransmittedServices">-</Data>
<Data Name="LmPackageName">-</Data>
<Data Name="KeyLength">0</Data>
<Data Name="ProcessId">0x00000000000002dc</Data>
<Data Name="ProcessName">C:\Windows\System32\services.exe</Data>
<Data Name="IpAddress">-</Data>
<Data Name="IpPort">-</Data>
<Data Name="ImpersonationLevel">%%1833</Data>
<Data Name="RestrictedAdminMode">-</Data>
<Data Name="TargetOutboundUserName">-</Data>
<Data Name="TargetOutboundDomainName">-</Data>
<Data Name="VirtualAccount">%%1843</Data>
<Data Name="TargetLinkedLogonId">0x0000000000000000</Data>
<Data Name="ElevatedToken">%%1842</Data>
</EventData>
</Event>

<Event xmlns="http://schemas.microsoft.com/win/2004/08/events/event"><System><Provider Name="Microsoft-Windows-Security-Auditing" Guid="{54849625-5478-4994-a5ba-3e3b0328c30d}"></Provider>
<EventID Qualifiers="">4672</EventID>
<Version>0</Version>
<Level>0</Level>
<Task>12548</Task>
<Opcode>0</Opcode>
<Keywords>0x8020000000000000</Keywords>
<TimeCreated SystemTime="2022-05-06 15:21:04.089731"></TimeCreated>
<EventRecordID>375</EventRecordID>
<Correlation ActivityID="{ac38061f-61b0-0001-2c06-38acb061d801}" RelatedActivityID=""></Correlation>
<Execution ProcessID="752" ThreadID="804"></Execution>
<Channel>Security</Channel>
<Computer>DESKTOP-DBOP9M0</Computer>
<Security UserID=""></Security>
</System>
<EventData><Data Name="SubjectUserSid">S-1-5-18</Data>
<Data Name="SubjectUserName">SYSTEM</Data>
<Data Name="SubjectDomainName">NT AUTHORITY</Data>
<Data Name="SubjectLogonId">0x00000000000003e7</Data>
<Data Name="PrivilegeList">SeAssignPrimaryTokenPrivilege
			SeTcbPrivilege
			SeSecurityPrivilege
			SeTakeOwnershipPrivilege
			SeLoadDriverPrivilege
			SeBackupPrivilege
			SeRestorePrivilege
			SeDebugPrivilege
			SeAuditPrivilege
			SeSystemEnvironmentPrivilege
			SeImpersonatePrivilege
			SeDelegateSessionUserImpersonatePrivilege</Data>
</EventData>
</Event>

<Event xmlns="http://schemas.microsoft.com/win/2004/08/events/event"><System><Provider Name="Microsoft-Windows-Security-Auditing" Guid="{54849625-5478-4994-a5ba-3e3b0328c30d}"></Provider>
<EventID Qualifiers="">4624</EventID>
<Version>2</Version>
<Level>0</Level>
<Task>12544</Task>
<Opcode>0</Opcode>
<Keywords>0x8020000000000000</Keywords>
<TimeCreated SystemTime="2022-05-06 15:21:04.202730"></TimeCreated>
<EventRecordID>376</EventRecordID>
<Correlation ActivityID="{ac38061f-61b0-0001-2c06-38acb061d801}" RelatedActivityID=""></Correlation>
<Execution ProcessID="752" ThreadID="804"></Execution>
<Channel>Security</Channel>
<Computer>DESKTOP-DBOP9M0</Computer>
<Security UserID=""></Security>
</System>
<EventData><Data Name="SubjectUserSid">S-1-5-18</Data>
<Data Name="SubjectUserName">WIN-GE1PLB8KFNS$</Data>
<Data Name="SubjectDomainName">WORKGROUP</Data>
<Data Name="SubjectLogonId">0x00000000000003e7</Data>
<Data Name="TargetUserSid">S-1-5-18</Data>
<Data Name="TargetUserName">SYSTEM</Data>
<Data Name="TargetDomainName">NT AUTHORITY</Data>
<Data Name="TargetLogonId">0x00000000000003e7</Data>
<Data Name="LogonType">5</Data>
<Data Name="LogonProcessName">Advapi  </Data>
<Data Name="AuthenticationPackageName">Negotiate</Data>
<Data Name="WorkstationName">-</Data>
<Data Name="LogonGuid">{00000000-0000-0000-0000-000000000000}</Data>
<Data Name="TransmittedServices">-</Data>
<Data Name="LmPackageName">-</Data>
<Data Name="KeyLength">0</Data>
<Data Name="ProcessId">0x00000000000002dc</Data>
<Data Name="ProcessName">C:\Windows\System32\services.exe</Data>
<Data Name="IpAddress">-</Data>
<Data Name="IpPort">-</Data>
<Data Name="ImpersonationLevel">%%1833</Data>
<Data Name="RestrictedAdminMode">-</Data>
<Data Name="TargetOutboundUserName">-</Data>
<Data Name="TargetOutboundDomainName">-</Data>
<Data Name="VirtualAccount">%%1843</Data>
<Data Name="TargetLinkedLogonId">0x0000000000000000</Data>
<Data Name="ElevatedToken">%%1842</Data>
</EventData>
</Event>

<Event xmlns="http://schemas.microsoft.com/win/2004/08/events/event"><System><Provider Name="Microsoft-Windows-Security-Auditing" Guid="{54849625-5478-4994-a5ba-3e3b0328c30d}"></Provider>
<EventID Qualifiers="">4672</EventID>
<Version>0</Version>
<Level>0</Level>
<Task>12548</Task>
<Opcode>0</Opcode>
<Keywords>0x8020000000000000</Keywords>
<TimeCreated SystemTime="2022-05-06 15:21:04.202736"></TimeCreated>
<EventRecordID>377</EventRecordID>
<Correlation ActivityID="{ac38061f-61b0-0001-2c06-38acb061d801}" RelatedActivityID=""></Correlation>
<Execution ProcessID="752" ThreadID="804"></Execution>
<Channel>Security</Channel>
<Computer>DESKTOP-DBOP9M0</Computer>
<Security UserID=""></Security>
</System>
<EventData><Data Name="SubjectUserSid">S-1-5-18</Data>
<Data Name="SubjectUserName">SYSTEM</Data>
<Data Name="SubjectDomainName">NT AUTHORITY</Data>
<Data Name="SubjectLogonId">0x00000000000003e7</Data>
<Data Name="PrivilegeList">SeAssignPrimaryTokenPrivilege
			SeTcbPrivilege
			SeSecurityPrivilege
			SeTakeOwnershipPrivilege
			SeLoadDriverPrivilege
			SeBackupPrivilege
			SeRestorePrivilege
			SeDebugPrivilege
			SeAuditPrivilege
			SeSystemEnvironmentPrivilege
			SeImpersonatePrivilege
			SeDelegateSessionUserImpersonatePrivilege</Data>
</EventData>
</Event>

<Event xmlns="http://schemas.microsoft.com/win/2004/08/events/event"><System><Provider Name="Microsoft-Windows-Security-Auditing" Guid="{54849625-5478-4994-a5ba-3e3b0328c30d}"></Provider>
<EventID Qualifiers="">4648</EventID>
<Version>0</Version>
<Level>0</Level>
<Task>12544</Task>
<Opcode>0</Opcode>
<Keywords>0x8020000000000000</Keywords>
<TimeCreated SystemTime="2022-05-06 15:21:05.473112"></TimeCreated>
<EventRecordID>378</EventRecordID>
<Correlation ActivityID="{ac38061f-61b0-0001-2c06-38acb061d801}" RelatedActivityID=""></Correlation>
<Execution ProcessID="752" ThreadID="804"></Execution>
<Channel>Security</Channel>
<Computer>DESKTOP-DBOP9M0</Computer>
<Security UserID=""></Security>
</System>
<EventData><Data Name="SubjectUserSid">S-1-5-18</Data>
<Data Name="SubjectUserName">WIN-GE1PLB8KFNS$</Data>
<Data Name="SubjectDomainName">WORKGROUP</Data>
<Data Name="SubjectLogonId">0x00000000000003e7</Data>
<Data Name="LogonGuid">{00000000-0000-0000-0000-000000000000}</Data>
<Data Name="TargetUserName">defaultuser0</Data>
<Data Name="TargetDomainName">DESKTOP-DBOP9M0</Data>
<Data Name="TargetLogonGuid">{00000000-0000-0000-0000-000000000000}</Data>
<Data Name="TargetServerName">localhost</Data>
<Data Name="TargetInfo">localhost</Data>
<Data Name="ProcessId">0x00000000000009e4</Data>
<Data Name="ProcessName">C:\Windows\System32\svchost.exe</Data>
<Data Name="IpAddress">127.0.0.1</Data>
<Data Name="IpPort">0</Data>
</EventData>
</Event>

<Event xmlns="http://schemas.microsoft.com/win/2004/08/events/event"><System><Provider Name="Microsoft-Windows-Security-Auditing" Guid="{54849625-5478-4994-a5ba-3e3b0328c30d}"></Provider>
<EventID Qualifiers="">4624</EventID>
<Version>2</Version>
<Level>0</Level>
<Task>12544</Task>
<Opcode>0</Opcode>
<Keywords>0x8020000000000000</Keywords>
<TimeCreated SystemTime="2022-05-06 15:21:05.473133"></TimeCreated>
<EventRecordID>379</EventRecordID>
<Correlation ActivityID="{ac38061f-61b0-0001-2c06-38acb061d801}" RelatedActivityID=""></Correlation>
<Execution ProcessID="752" ThreadID="804"></Execution>
<Channel>Security</Channel>
<Computer>DESKTOP-DBOP9M0</Computer>
<Security UserID=""></Security>
</System>
<EventData><Data Name="SubjectUserSid">S-1-5-18</Data>
<Data Name="SubjectUserName">WIN-GE1PLB8KFNS$</Data>
<Data Name="SubjectDomainName">WORKGROUP</Data>
<Data Name="SubjectLogonId">0x00000000000003e7</Data>
<Data Name="TargetUserSid">S-1-5-21-2389065719-3342106636-307857974-1000</Data>
<Data Name="TargetUserName">defaultuser0</Data>
<Data Name="TargetDomainName">DESKTOP-DBOP9M0</Data>
<Data Name="TargetLogonId">0x000000000004eb1a</Data>
<Data Name="LogonType">2</Data>
<Data Name="LogonProcessName">User32 </Data>
<Data Name="AuthenticationPackageName">Negotiate</Data>
<Data Name="WorkstationName">WIN-GE1PLB8KFNS</Data>
<Data Name="LogonGuid">{00000000-0000-0000-0000-000000000000}</Data>
<Data Name="TransmittedServices">-</Data>
<Data Name="LmPackageName">-</Data>
<Data Name="KeyLength">0</Data>
<Data Name="ProcessId">0x00000000000009e4</Data>
<Data Name="ProcessName">C:\Windows\System32\svchost.exe</Data>
<Data Name="IpAddress">127.0.0.1</Data>
<Data Name="IpPort">0</Data>
<Data Name="ImpersonationLevel">%%1833</Data>
<Data Name="RestrictedAdminMode">-</Data>
<Data Name="TargetOutboundUserName">-</Data>
<Data Name="TargetOutboundDomainName">-</Data>
<Data Name="VirtualAccount">%%1843</Data>
<Data Name="TargetLinkedLogonId">0x000000000004eb3a</Data>
<Data Name="ElevatedToken">%%1842</Data>
</EventData>
</Event>

<Event xmlns="http://schemas.microsoft.com/win/2004/08/events/event"><System><Provider Name="Microsoft-Windows-Security-Auditing" Guid="{54849625-5478-4994-a5ba-3e3b0328c30d}"></Provider>
<EventID Qualifiers="">4624</EventID>
<Version>2</Version>
<Level>0</Level>
<Task>12544</Task>
<Opcode>0</Opcode>
<Keywords>0x8020000000000000</Keywords>
<TimeCreated SystemTime="2022-05-06 15:21:05.473145"></TimeCreated>
<EventRecordID>380</EventRecordID>
<Correlation ActivityID="{ac38061f-61b0-0001-2c06-38acb061d801}" RelatedActivityID=""></Correlation>
<Execution ProcessID="752" ThreadID="804"></Execution>
<Channel>Security</Channel>
<Computer>DESKTOP-DBOP9M0</Computer>
<Security UserID=""></Security>
</System>
<EventData><Data Name="SubjectUserSid">S-1-5-18</Data>
<Data Name="SubjectUserName">WIN-GE1PLB8KFNS$</Data>
<Data Name="SubjectDomainName">WORKGROUP</Data>
<Data Name="SubjectLogonId">0x00000000000003e7</Data>
<Data Name="TargetUserSid">S-1-5-21-2389065719-3342106636-307857974-1000</Data>
<Data Name="TargetUserName">defaultuser0</Data>
<Data Name="TargetDomainName">DESKTOP-DBOP9M0</Data>
<Data Name="TargetLogonId">0x000000000004eb3a</Data>
<Data Name="LogonType">2</Data>
<Data Name="LogonProcessName">User32 </Data>
<Data Name="AuthenticationPackageName">Negotiate</Data>
<Data Name="WorkstationName">WIN-GE1PLB8KFNS</Data>
<Data Name="LogonGuid">{00000000-0000-0000-0000-000000000000}</Data>
<Data Name="TransmittedServices">-</Data>
<Data Name="LmPackageName">-</Data>
<Data Name="KeyLength">0</Data>
<Data Name="ProcessId">0x00000000000009e4</Data>
<Data Name="ProcessName">C:\Windows\System32\svchost.exe</Data>
<Data Name="IpAddress">127.0.0.1</Data>
<Data Name="IpPort">0</Data>
<Data Name="ImpersonationLevel">%%1833</Data>
<Data Name="RestrictedAdminMode">-</Data>
<Data Name="TargetOutboundUserName">-</Data>
<Data Name="TargetOutboundDomainName">-</Data>
<Data Name="VirtualAccount">%%1843</Data>
<Data Name="TargetLinkedLogonId">0x000000000004eb1a</Data>
<Data Name="ElevatedToken">%%1843</Data>
</EventData>
</Event>

<Event xmlns="http://schemas.microsoft.com/win/2004/08/events/event"><System><Provider Name="Microsoft-Windows-Security-Auditing" Guid="{54849625-5478-4994-a5ba-3e3b0328c30d}"></Provider>
<EventID Qualifiers="">4672</EventID>
<Version>0</Version>
<Level>0</Level>
<Task>12548</Task>
<Opcode>0</Opcode>
<Keywords>0x8020000000000000</Keywords>
<TimeCreated SystemTime="2022-05-06 15:21:05.473152"></TimeCreated>
<EventRecordID>381</EventRecordID>
<Correlation ActivityID="{ac38061f-61b0-0001-2c06-38acb061d801}" RelatedActivityID=""></Correlation>
<Execution ProcessID="752" ThreadID="804"></Execution>
<Channel>Security</Channel>
<Computer>DESKTOP-DBOP9M0</Computer>
<Security UserID=""></Security>
</System>
<EventData><Data Name="SubjectUserSid">S-1-5-21-2389065719-3342106636-307857974-1000</Data>
<Data Name="SubjectUserName">defaultuser0</Data>
<Data Name="SubjectDomainName">DESKTOP-DBOP9M0</Data>
<Data Name="SubjectLogonId">0x000000000004eb1a</Data>
<Data Name="PrivilegeList">SeSecurityPrivilege
			SeTakeOwnershipPrivilege
			SeLoadDriverPrivilege
			SeBackupPrivilege
			SeRestorePrivilege
			SeDebugPrivilege
			SeSystemEnvironmentPrivilege
			SeImpersonatePrivilege
			SeDelegateSessionUserImpersonatePrivilege</Data>
</EventData>
</Event>

<Event xmlns="http://schemas.microsoft.com/win/2004/08/events/event"><System><Provider Name="Microsoft-Windows-Security-Auditing" Guid="{54849625-5478-4994-a5ba-3e3b0328c30d}"></Provider>
<EventID Qualifiers="">4799</EventID>
<Version>0</Version>
<Level>0</Level>
<Task>13826</Task>
<Opcode>0</Opcode>
<Keywords>0x8020000000000000</Keywords>
<TimeCreated SystemTime="2022-05-06 15:21:05.524874"></TimeCreated>
<EventRecordID>382</EventRecordID>
<Correlation ActivityID="{ac38061f-61b0-0001-2c06-38acb061d801}" RelatedActivityID=""></Correlation>
<Execution ProcessID="752" ThreadID="804"></Execution>
<Channel>Security</Channel>
<Computer>DESKTOP-DBOP9M0</Computer>
<Security UserID=""></Security>
</System>
<EventData><Data Name="TargetUserName">Administrators</Data>
<Data Name="TargetDomainName">Builtin</Data>
<Data Name="TargetSid">S-1-5-32-544</Data>
<Data Name="SubjectUserSid">S-1-5-18</Data>
<Data Name="SubjectUserName">WIN-GE1PLB8KFNS$</Data>
<Data Name="SubjectDomainName">WORKGROUP</Data>
<Data Name="SubjectLogonId">0x00000000000003e7</Data>
<Data Name="CallerProcessId">0x000000000000091c</Data>
<Data Name="CallerProcessName">C:\Windows\System32\svchost.exe</Data>
</EventData>
</Event>

