<Event xmlns="http://schemas.microsoft.com/win/2004/08/events/event"><System><Provider Name="Microsoft-Windows-Security-Auditing" Guid="{54849625-5478-4994-a5ba-3e3b0328c30d}"></Provider>
<EventID Qualifiers="">4672</EventID>
<Version>0</Version>
<Level>0</Level>
<Task>12548</Task>
<Opcode>0</Opcode>
<Keywords>0x8020000000000000</Keywords>
<TimeCreated SystemTime="2022-05-07 01:20:55.675751"></TimeCreated>
<EventRecordID>206</EventRecordID>
<Correlation ActivityID="{ac38061f-61b0-0001-2c06-38acb061d801}" RelatedActivityID=""></Correlation>
<Execution ProcessID="752" ThreadID="804"></Execution>
<Channel>Security</Channel>
<Computer>DESKTOP-DBOP9M0</Computer>
<Security UserID=""></Security>
</System>
<EventData><Data Name="SubjectUserSid">S-1-5-18</Data>
<Data Name="SubjectUserName">SYSTEM</Data>
<Data Name="SubjectDomainName">NT AUTHORITY</Data>
<Data Name="SubjectLogonId">0x00000000000003e7</Data>
<Data Name="PrivilegeList">SeAssignPrimaryTokenPrivilege
			SeTcbPrivilege
			SeSecurityPrivilege
			SeTakeOwnershipPrivilege
			SeLoadDriverPrivilege
			SeBackupPrivilege
			SeRestorePrivilege
			SeDebugPrivilege
			SeAuditPrivilege
			SeSystemEnvironmentPrivilege
			SeImpersonatePrivilege
			SeDelegateSessionUserImpersonatePrivilege</Data>
</EventData>
</Event>

<Event xmlns="http://schemas.microsoft.com/win/2004/08/events/event"><System><Provider Name="Microsoft-Windows-Security-Auditing" Guid="{54849625-5478-4994-a5ba-3e3b0328c30d}"></Provider>
<EventID Qualifiers="">4624</EventID>
<Version>2</Version>
<Level>0</Level>
<Task>12544</Task>
<Opcode>0</Opcode>
<Keywords>0x8020000000000000</Keywords>
<TimeCreated SystemTime="2022-05-07 01:20:55.978144"></TimeCreated>
<EventRecordID>207</EventRecordID>
<Correlation ActivityID="{ac38061f-61b0-0001-2c06-38acb061d801}" RelatedActivityID=""></Correlation>
<Execution ProcessID="752" ThreadID="804"></Execution>
<Channel>Security</Channel>
<Computer>DESKTOP-DBOP9M0</Computer>
<Security UserID=""></Security>
</System>
<EventData><Data Name="SubjectUserSid">S-1-5-18</Data>
<Data Name="SubjectUserName">WIN-GE1PLB8KFNS$</Data>
<Data Name="SubjectDomainName">WORKGROUP</Data>
<Data Name="SubjectLogonId">0x00000000000003e7</Data>
<Data Name="TargetUserSid">S-1-5-18</Data>
<Data Name="TargetUserName">SYSTEM</Data>
<Data Name="TargetDomainName">NT AUTHORITY</Data>
<Data Name="TargetLogonId">0x00000000000003e7</Data>
<Data Name="LogonType">5</Data>
<Data Name="LogonProcessName">Advapi  </Data>
<Data Name="AuthenticationPackageName">Negotiate</Data>
<Data Name="WorkstationName">-</Data>
<Data Name="LogonGuid">{00000000-0000-0000-0000-000000000000}</Data>
<Data Name="TransmittedServices">-</Data>
<Data Name="LmPackageName">-</Data>
<Data Name="KeyLength">0</Data>
<Data Name="ProcessId">0x00000000000002dc</Data>
<Data Name="ProcessName">C:\Windows\System32\services.exe</Data>
<Data Name="IpAddress">-</Data>
<Data Name="IpPort">-</Data>
<Data Name="ImpersonationLevel">%%1833</Data>
<Data Name="RestrictedAdminMode">-</Data>
<Data Name="TargetOutboundUserName">-</Data>
<Data Name="TargetOutboundDomainName">-</Data>
<Data Name="VirtualAccount">%%1843</Data>
<Data Name="TargetLinkedLogonId">0x0000000000000000</Data>
<Data Name="ElevatedToken">%%1842</Data>
</EventData>
</Event>

<Event xmlns="http://schemas.microsoft.com/win/2004/08/events/event"><System><Provider Name="Microsoft-Windows-Security-Auditing" Guid="{54849625-5478-4994-a5ba-3e3b0328c30d}"></Provider>
<EventID Qualifiers="">4672</EventID>
<Version>0</Version>
<Level>0</Level>
<Task>12548</Task>
<Opcode>0</Opcode>
<Keywords>0x8020000000000000</Keywords>
<TimeCreated SystemTime="2022-05-07 01:20:55.978149"></TimeCreated>
<EventRecordID>208</EventRecordID>
<Correlation ActivityID="{ac38061f-61b0-0001-2c06-38acb061d801}" RelatedActivityID=""></Correlation>
<Execution ProcessID="752" ThreadID="804"></Execution>
<Channel>Security</Channel>
<Computer>DESKTOP-DBOP9M0</Computer>
<Security UserID=""></Security>
</System>
<EventData><Data Name="SubjectUserSid">S-1-5-18</Data>
<Data Name="SubjectUserName">SYSTEM</Data>
<Data Name="SubjectDomainName">NT AUTHORITY</Data>
<Data Name="SubjectLogonId">0x00000000000003e7</Data>
<Data Name="PrivilegeList">SeAssignPrimaryTokenPrivilege
			SeTcbPrivilege
			SeSecurityPrivilege
			SeTakeOwnershipPrivilege
			SeLoadDriverPrivilege
			SeBackupPrivilege
			SeRestorePrivilege
			SeDebugPrivilege
			SeAuditPrivilege
			SeSystemEnvironmentPrivilege
			SeImpersonatePrivilege
			SeDelegateSessionUserImpersonatePrivilege</Data>
</EventData>
</Event>

<Event xmlns="http://schemas.microsoft.com/win/2004/08/events/event"><System><Provider Name="Microsoft-Windows-Security-Auditing" Guid="{54849625-5478-4994-a5ba-3e3b0328c30d}"></Provider>
<EventID Qualifiers="">4735</EventID>
<Version>0</Version>
<Level>0</Level>
<Task>13826</Task>
<Opcode>0</Opcode>
<Keywords>0x8020000000000000</Keywords>
<TimeCreated SystemTime="2022-05-07 01:20:56.087879"></TimeCreated>
<EventRecordID>209</EventRecordID>
<Correlation ActivityID="{ac38061f-61b0-0001-2c06-38acb061d801}" RelatedActivityID=""></Correlation>
<Execution ProcessID="752" ThreadID="804"></Execution>
<Channel>Security</Channel>
<Computer>DESKTOP-DBOP9M0</Computer>
<Security UserID=""></Security>
</System>
<EventData><Data Name="TargetUserName">Administrators</Data>
<Data Name="TargetDomainName">Builtin</Data>
<Data Name="TargetSid">S-1-5-32-544</Data>
<Data Name="SubjectUserSid">S-1-5-18</Data>
<Data Name="SubjectUserName">WIN-GE1PLB8KFNS$</Data>
<Data Name="SubjectDomainName">WORKGROUP</Data>
<Data Name="SubjectLogonId">0x00000000000003e7</Data>
<Data Name="PrivilegeList">-</Data>
<Data Name="SamAccountName">-</Data>
<Data Name="SidHistory">-</Data>
</EventData>
</Event>

<Event xmlns="http://schemas.microsoft.com/win/2004/08/events/event"><System><Provider Name="Microsoft-Windows-Security-Auditing" Guid="{54849625-5478-4994-a5ba-3e3b0328c30d}"></Provider>
<EventID Qualifiers="">4781</EventID>
<Version>0</Version>
<Level>0</Level>
<Task>13824</Task>
<Opcode>0</Opcode>
<Keywords>0x8020000000000000</Keywords>
<TimeCreated SystemTime="2022-05-07 01:20:56.088142"></TimeCreated>
<EventRecordID>210</EventRecordID>
<Correlation ActivityID="{ac38061f-61b0-0001-2c06-38acb061d801}" RelatedActivityID=""></Correlation>
<Execution ProcessID="752" ThreadID="804"></Execution>
<Channel>Security</Channel>
<Computer>DESKTOP-DBOP9M0</Computer>
<Security UserID=""></Security>
</System>
<EventData><Data Name="OldTargetUserName">Administrators</Data>
<Data Name="NewTargetUserName">Administrators</Data>
<Data Name="TargetDomainName">Builtin</Data>
<Data Name="TargetSid">S-1-5-32-544</Data>
<Data Name="SubjectUserSid">S-1-5-18</Data>
<Data Name="SubjectUserName">WIN-GE1PLB8KFNS$</Data>
<Data Name="SubjectDomainName">WORKGROUP</Data>
<Data Name="SubjectLogonId">0x00000000000003e7</Data>
<Data Name="PrivilegeList">-</Data>
</EventData>
</Event>

<Event xmlns="http://schemas.microsoft.com/win/2004/08/events/event"><System><Provider Name="Microsoft-Windows-Security-Auditing" Guid="{54849625-5478-4994-a5ba-3e3b0328c30d}"></Provider>
<EventID Qualifiers="">4735</EventID>
<Version>0</Version>
<Level>0</Level>
<Task>13826</Task>
<Opcode>0</Opcode>
<Keywords>0x8020000000000000</Keywords>
<TimeCreated SystemTime="2022-05-07 01:20:56.088152"></TimeCreated>
<EventRecordID>211</EventRecordID>
<Correlation ActivityID="{ac38061f-61b0-0001-2c06-38acb061d801}" RelatedActivityID=""></Correlation>
<Execution ProcessID="752" ThreadID="804"></Execution>
<Channel>Security</Channel>
<Computer>DESKTOP-DBOP9M0</Computer>
<Security UserID=""></Security>
</System>
<EventData><Data Name="TargetUserName">Administrators</Data>
<Data Name="TargetDomainName">Builtin</Data>
<Data Name="TargetSid">S-1-5-32-544</Data>
<Data Name="SubjectUserSid">S-1-5-18</Data>
<Data Name="SubjectUserName">WIN-GE1PLB8KFNS$</Data>
<Data Name="SubjectDomainName">WORKGROUP</Data>
<Data Name="SubjectLogonId">0x00000000000003e7</Data>
<Data Name="PrivilegeList">-</Data>
<Data Name="SamAccountName">Administrators</Data>
<Data Name="SidHistory">-</Data>
</EventData>
</Event>

<Event xmlns="http://schemas.microsoft.com/win/2004/08/events/event"><System><Provider Name="Microsoft-Windows-Security-Auditing" Guid="{54849625-5478-4994-a5ba-3e3b0328c30d}"></Provider>
<EventID Qualifiers="">4735</EventID>
<Version>0</Version>
<Level>0</Level>
<Task>13826</Task>
<Opcode>0</Opcode>
<Keywords>0x8020000000000000</Keywords>
<TimeCreated SystemTime="2022-05-07 01:20:56.088411"></TimeCreated>
<EventRecordID>212</EventRecordID>
<Correlation ActivityID="{ac38061f-61b0-0001-2c06-38acb061d801}" RelatedActivityID=""></Correlation>
<Execution ProcessID="752" ThreadID="804"></Execution>
<Channel>Security</Channel>
<Computer>DESKTOP-DBOP9M0</Computer>
<Security UserID=""></Security>
</System>
<EventData><Data Name="TargetUserName">Users</Data>
<Data Name="TargetDomainName">Builtin</Data>
<Data Name="TargetSid">S-1-5-32-545</Data>
<Data Name="SubjectUserSid">S-1-5-18</Data>
<Data Name="SubjectUserName">WIN-GE1PLB8KFNS$</Data>
<Data Name="SubjectDomainName">WORKGROUP</Data>
<Data Name="SubjectLogonId">0x00000000000003e7</Data>
<Data Name="PrivilegeList">-</Data>
<Data Name="SamAccountName">-</Data>
<Data Name="SidHistory">-</Data>
</EventData>
</Event>

<Event xmlns="http://schemas.microsoft.com/win/2004/08/events/event"><System><Provider Name="Microsoft-Windows-Security-Auditing" Guid="{54849625-5478-4994-a5ba-3e3b0328c30d}"></Provider>
<EventID Qualifiers="">4781</EventID>
<Version>0</Version>
<Level>0</Level>
<Task>13824</Task>
<Opcode>0</Opcode>
<Keywords>0x8020000000000000</Keywords>
<TimeCreated SystemTime="2022-05-07 01:20:56.088585"></TimeCreated>
<EventRecordID>213</EventRecordID>
<Correlation ActivityID="{ac38061f-61b0-0001-2c06-38acb061d801}" RelatedActivityID=""></Correlation>
<Execution ProcessID="752" ThreadID="804"></Execution>
<Channel>Security</Channel>
<Computer>DESKTOP-DBOP9M0</Computer>
<Security UserID=""></Security>
</System>
<EventData><Data Name="OldTargetUserName">Users</Data>
<Data Name="NewTargetUserName">Users</Data>
<Data Name="TargetDomainName">Builtin</Data>
<Data Name="TargetSid">S-1-5-32-545</Data>
<Data Name="SubjectUserSid">S-1-5-18</Data>
<Data Name="SubjectUserName">WIN-GE1PLB8KFNS$</Data>
<Data Name="SubjectDomainName">WORKGROUP</Data>
<Data Name="SubjectLogonId">0x00000000000003e7</Data>
<Data Name="PrivilegeList">-</Data>
</EventData>
</Event>

<Event xmlns="http://schemas.microsoft.com/win/2004/08/events/event"><System><Provider Name="Microsoft-Windows-Security-Auditing" Guid="{54849625-5478-4994-a5ba-3e3b0328c30d}"></Provider>
<EventID Qualifiers="">4735</EventID>
<Version>0</Version>
<Level>0</Level>
<Task>13826</Task>
<Opcode>0</Opcode>
<Keywords>0x8020000000000000</Keywords>
<TimeCreated SystemTime="2022-05-07 01:20:56.088594"></TimeCreated>
<EventRecordID>214</EventRecordID>
<Correlation ActivityID="{ac38061f-61b0-0001-2c06-38acb061d801}" RelatedActivityID=""></Correlation>
<Execution ProcessID="752" ThreadID="804"></Execution>
<Channel>Security</Channel>
<Computer>DESKTOP-DBOP9M0</Computer>
<Security UserID=""></Security>
</System>
<EventData><Data Name="TargetUserName">Users</Data>
<Data Name="TargetDomainName">Builtin</Data>
<Data Name="TargetSid">S-1-5-32-545</Data>
<Data Name="SubjectUserSid">S-1-5-18</Data>
<Data Name="SubjectUserName">WIN-GE1PLB8KFNS$</Data>
<Data Name="SubjectDomainName">WORKGROUP</Data>
<Data Name="SubjectLogonId">0x00000000000003e7</Data>
<Data Name="PrivilegeList">-</Data>
<Data Name="SamAccountName">Users</Data>
<Data Name="SidHistory">-</Data>
</EventData>
</Event>

<Event xmlns="http://schemas.microsoft.com/win/2004/08/events/event"><System><Provider Name="Microsoft-Windows-Security-Auditing" Guid="{54849625-5478-4994-a5ba-3e3b0328c30d}"></Provider>
<EventID Qualifiers="">4735</EventID>
<Version>0</Version>
<Level>0</Level>
<Task>13826</Task>
<Opcode>0</Opcode>
<Keywords>0x8020000000000000</Keywords>
<TimeCreated SystemTime="2022-05-07 01:20:56.088768"></TimeCreated>
<EventRecordID>215</EventRecordID>
<Correlation ActivityID="{ac38061f-61b0-0001-2c06-38acb061d801}" RelatedActivityID=""></Correlation>
<Execution ProcessID="752" ThreadID="804"></Execution>
<Channel>Security</Channel>
<Computer>DESKTOP-DBOP9M0</Computer>
<Security UserID=""></Security>
</System>
<EventData><Data Name="TargetUserName">Guests</Data>
<Data Name="TargetDomainName">Builtin</Data>
<Data Name="TargetSid">S-1-5-32-546</Data>
<Data Name="SubjectUserSid">S-1-5-18</Data>
<Data Name="SubjectUserName">WIN-GE1PLB8KFNS$</Data>
<Data Name="SubjectDomainName">WORKGROUP</Data>
<Data Name="SubjectLogonId">0x00000000000003e7</Data>
<Data Name="PrivilegeList">-</Data>
<Data Name="SamAccountName">-</Data>
<Data Name="SidHistory">-</Data>
</EventData>
</Event>

<Event xmlns="http://schemas.microsoft.com/win/2004/08/events/event"><System><Provider Name="Microsoft-Windows-Security-Auditing" Guid="{54849625-5478-4994-a5ba-3e3b0328c30d}"></Provider>
<EventID Qualifiers="">4781</EventID>
<Version>0</Version>
<Level>0</Level>
<Task>13824</Task>
<Opcode>0</Opcode>
<Keywords>0x8020000000000000</Keywords>
<TimeCreated SystemTime="2022-05-07 01:20:56.088896"></TimeCreated>
<EventRecordID>216</EventRecordID>
<Correlation ActivityID="{ac38061f-61b0-0001-2c06-38acb061d801}" RelatedActivityID=""></Correlation>
<Execution ProcessID="752" ThreadID="804"></Execution>
<Channel>Security</Channel>
<Computer>DESKTOP-DBOP9M0</Computer>
<Security UserID=""></Security>
</System>
<EventData><Data Name="OldTargetUserName">Guests</Data>
<Data Name="NewTargetUserName">Guests</Data>
<Data Name="TargetDomainName">Builtin</Data>
<Data Name="TargetSid">S-1-5-32-546</Data>
<Data Name="SubjectUserSid">S-1-5-18</Data>
<Data Name="SubjectUserName">WIN-GE1PLB8KFNS$</Data>
<Data Name="SubjectDomainName">WORKGROUP</Data>
<Data Name="SubjectLogonId">0x00000000000003e7</Data>
<Data Name="PrivilegeList">-</Data>
</EventData>
</Event>

<Event xmlns="http://schemas.microsoft.com/win/2004/08/events/event"><System><Provider Name="Microsoft-Windows-Security-Auditing" Guid="{54849625-5478-4994-a5ba-3e3b0328c30d}"></Provider>
<EventID Qualifiers="">4735</EventID>
<Version>0</Version>
<Level>0</Level>
<Task>13826</Task>
<Opcode>0</Opcode>
<Keywords>0x8020000000000000</Keywords>
<TimeCreated SystemTime="2022-05-07 01:20:56.088905"></TimeCreated>
<EventRecordID>217</EventRecordID>
<Correlation ActivityID="{ac38061f-61b0-0001-2c06-38acb061d801}" RelatedActivityID=""></Correlation>
<Execution ProcessID="752" ThreadID="804"></Execution>
<Channel>Security</Channel>
<Computer>DESKTOP-DBOP9M0</Computer>
<Security UserID=""></Security>
</System>
<EventData><Data Name="TargetUserName">Guests</Data>
<Data Name="TargetDomainName">Builtin</Data>
<Data Name="TargetSid">S-1-5-32-546</Data>
<Data Name="SubjectUserSid">S-1-5-18</Data>
<Data Name="SubjectUserName">WIN-GE1PLB8KFNS$</Data>
<Data Name="SubjectDomainName">WORKGROUP</Data>
<Data Name="SubjectLogonId">0x00000000000003e7</Data>
<Data Name="PrivilegeList">-</Data>
<Data Name="SamAccountName">Guests</Data>
<Data Name="SidHistory">-</Data>
</EventData>
</Event>

<Event xmlns="http://schemas.microsoft.com/win/2004/08/events/event"><System><Provider Name="Microsoft-Windows-Security-Auditing" Guid="{54849625-5478-4994-a5ba-3e3b0328c30d}"></Provider>
<EventID Qualifiers="">4735</EventID>
<Version>0</Version>
<Level>0</Level>
<Task>13826</Task>
<Opcode>0</Opcode>
<Keywords>0x8020000000000000</Keywords>
<TimeCreated SystemTime="2022-05-07 01:20:56.089123"></TimeCreated>
<EventRecordID>218</EventRecordID>
<Correlation ActivityID="{ac38061f-61b0-0001-2c06-38acb061d801}" RelatedActivityID=""></Correlation>
<Execution ProcessID="752" ThreadID="804"></Execution>
<Channel>Security</Channel>
<Computer>DESKTOP-DBOP9M0</Computer>
<Security UserID=""></Security>
</System>
<EventData><Data Name="TargetUserName">Backup Operators</Data>
<Data Name="TargetDomainName">Builtin</Data>
<Data Name="TargetSid">S-1-5-32-551</Data>
<Data Name="SubjectUserSid">S-1-5-18</Data>
<Data Name="SubjectUserName">WIN-GE1PLB8KFNS$</Data>
<Data Name="SubjectDomainName">WORKGROUP</Data>
<Data Name="SubjectLogonId">0x00000000000003e7</Data>
<Data Name="PrivilegeList">-</Data>
<Data Name="SamAccountName">-</Data>
<Data Name="SidHistory">-</Data>
</EventData>
</Event>

<Event xmlns="http://schemas.microsoft.com/win/2004/08/events/event"><System><Provider Name="Microsoft-Windows-Security-Auditing" Guid="{54849625-5478-4994-a5ba-3e3b0328c30d}"></Provider>
<EventID Qualifiers="">4781</EventID>
<Version>0</Version>
<Level>0</Level>
<Task>13824</Task>
<Opcode>0</Opcode>
<Keywords>0x8020000000000000</Keywords>
<TimeCreated SystemTime="2022-05-07 01:20:56.089256"></TimeCreated>
<EventRecordID>219</EventRecordID>
<Correlation ActivityID="{ac38061f-61b0-0001-2c06-38acb061d801}" RelatedActivityID=""></Correlation>
<Execution ProcessID="752" ThreadID="804"></Execution>
<Channel>Security</Channel>
<Computer>DESKTOP-DBOP9M0</Computer>
<Security UserID=""></Security>
</System>
<EventData><Data Name="OldTargetUserName">Backup Operators</Data>
<Data Name="NewTargetUserName">Backup Operators</Data>
<Data Name="TargetDomainName">Builtin</Data>
<Data Name="TargetSid">S-1-5-32-551</Data>
<Data Name="SubjectUserSid">S-1-5-18</Data>
<Data Name="SubjectUserName">WIN-GE1PLB8KFNS$</Data>
<Data Name="SubjectDomainName">WORKGROUP</Data>
<Data Name="SubjectLogonId">0x00000000000003e7</Data>
<Data Name="PrivilegeList">-</Data>
</EventData>
</Event>

<Event xmlns="http://schemas.microsoft.com/win/2004/08/events/event"><System><Provider Name="Microsoft-Windows-Security-Auditing" Guid="{54849625-5478-4994-a5ba-3e3b0328c30d}"></Provider>
<EventID Qualifiers="">4735</EventID>
<Version>0</Version>
<Level>0</Level>
<Task>13826</Task>
<Opcode>0</Opcode>
<Keywords>0x8020000000000000</Keywords>
<TimeCreated SystemTime="2022-05-07 01:20:56.089266"></TimeCreated>
<EventRecordID>220</EventRecordID>
<Correlation ActivityID="{ac38061f-61b0-0001-2c06-38acb061d801}" RelatedActivityID=""></Correlation>
<Execution ProcessID="752" ThreadID="804"></Execution>
<Channel>Security</Channel>
<Computer>DESKTOP-DBOP9M0</Computer>
<Security UserID=""></Security>
</System>
<EventData><Data Name="TargetUserName">Backup Operators</Data>
<Data Name="TargetDomainName">Builtin</Data>
<Data Name="TargetSid">S-1-5-32-551</Data>
<Data Name="SubjectUserSid">S-1-5-18</Data>
<Data Name="SubjectUserName">WIN-GE1PLB8KFNS$</Data>
<Data Name="SubjectDomainName">WORKGROUP</Data>
<Data Name="SubjectLogonId">0x00000000000003e7</Data>
<Data Name="PrivilegeList">-</Data>
<Data Name="SamAccountName">Backup Operators</Data>
<Data Name="SidHistory">-</Data>
</EventData>
</Event>

<Event xmlns="http://schemas.microsoft.com/win/2004/08/events/event"><System><Provider Name="Microsoft-Windows-Security-Auditing" Guid="{54849625-5478-4994-a5ba-3e3b0328c30d}"></Provider>
<EventID Qualifiers="">4735</EventID>
<Version>0</Version>
<Level>0</Level>
<Task>13826</Task>
<Opcode>0</Opcode>
<Keywords>0x8020000000000000</Keywords>
<TimeCreated SystemTime="2022-05-07 01:20:56.089405"></TimeCreated>
<EventRecordID>221</EventRecordID>
<Correlation ActivityID="{ac38061f-61b0-0001-2c06-38acb061d801}" RelatedActivityID=""></Correlation>
<Execution ProcessID="752" ThreadID="804"></Execution>
<Channel>Security</Channel>
<Computer>DESKTOP-DBOP9M0</Computer>
<Security UserID=""></Security>
</System>
<EventData><Data Name="TargetUserName">Replicator</Data>
<Data Name="TargetDomainName">Builtin</Data>
<Data Name="TargetSid">S-1-5-32-552</Data>
<Data Name="SubjectUserSid">S-1-5-18</Data>
<Data Name="SubjectUserName">WIN-GE1PLB8KFNS$</Data>
<Data Name="SubjectDomainName">WORKGROUP</Data>
<Data Name="SubjectLogonId">0x00000000000003e7</Data>
<Data Name="PrivilegeList">-</Data>
<Data Name="SamAccountName">-</Data>
<Data Name="SidHistory">-</Data>
</EventData>
</Event>

<Event xmlns="http://schemas.microsoft.com/win/2004/08/events/event"><System><Provider Name="Microsoft-Windows-Security-Auditing" Guid="{54849625-5478-4994-a5ba-3e3b0328c30d}"></Provider>
<EventID Qualifiers="">4781</EventID>
<Version>0</Version>
<Level>0</Level>
<Task>13824</Task>
<Opcode>0</Opcode>
<Keywords>0x8020000000000000</Keywords>
<TimeCreated SystemTime="2022-05-07 01:20:56.089491"></TimeCreated>
<EventRecordID>222</EventRecordID>
<Correlation ActivityID="{ac38061f-61b0-0001-2c06-38acb061d801}" RelatedActivityID=""></Correlation>
<Execution ProcessID="752" ThreadID="804"></Execution>
<Channel>Security</Channel>
<Computer>DESKTOP-DBOP9M0</Computer>
<Security UserID=""></Security>
</System>
<EventData><Data Name="OldTargetUserName">Replicator</Data>
<Data Name="NewTargetUserName">Replicator</Data>
<Data Name="TargetDomainName">Builtin</Data>
<Data Name="TargetSid">S-1-5-32-552</Data>
<Data Name="SubjectUserSid">S-1-5-18</Data>
<Data Name="SubjectUserName">WIN-GE1PLB8KFNS$</Data>
<Data Name="SubjectDomainName">WORKGROUP</Data>
<Data Name="SubjectLogonId">0x00000000000003e7</Data>
<Data Name="PrivilegeList">-</Data>
</EventData>
</Event>

<Event xmlns="http://schemas.microsoft.com/win/2004/08/events/event"><System><Provider Name="Microsoft-Windows-Security-Auditing" Guid="{54849625-5478-4994-a5ba-3e3b0328c30d}"></Provider>
<EventID Qualifiers="">4735</EventID>
<Version>0</Version>
<Level>0</Level>
<Task>13826</Task>
<Opcode>0</Opcode>
<Keywords>0x8020000000000000</Keywords>
<TimeCreated SystemTime="2022-05-07 01:20:56.089499"></TimeCreated>
<EventRecordID>223</EventRecordID>
<Correlation ActivityID="{ac38061f-61b0-0001-2c06-38acb061d801}" RelatedActivityID=""></Correlation>
<Execution ProcessID="752" ThreadID="804"></Execution>
<Channel>Security</Channel>
<Computer>DESKTOP-DBOP9M0</Computer>
<Security UserID=""></Security>
</System>
<EventData><Data Name="TargetUserName">Replicator</Data>
<Data Name="TargetDomainName">Builtin</Data>
<Data Name="TargetSid">S-1-5-32-552</Data>
<Data Name="SubjectUserSid">S-1-5-18</Data>
<Data Name="SubjectUserName">WIN-GE1PLB8KFNS$</Data>
<Data Name="SubjectDomainName">WORKGROUP</Data>
<Data Name="SubjectLogonId">0x00000000000003e7</Data>
<Data Name="PrivilegeList">-</Data>
<Data Name="SamAccountName">Replicator</Data>
<Data Name="SidHistory">-</Data>
</EventData>
</Event>

<Event xmlns="http://schemas.microsoft.com/win/2004/08/events/event"><System><Provider Name="Microsoft-Windows-Security-Auditing" Guid="{54849625-5478-4994-a5ba-3e3b0328c30d}"></Provider>
<EventID Qualifiers="">4735</EventID>
<Version>0</Version>
<Level>0</Level>
<Task>13826</Task>
<Opcode>0</Opcode>
<Keywords>0x8020000000000000</Keywords>
<TimeCreated SystemTime="2022-05-07 01:20:56.089674"></TimeCreated>
<EventRecordID>224</EventRecordID>
<Correlation ActivityID="{ac38061f-61b0-0001-2c06-38acb061d801}" RelatedActivityID=""></Correlation>
<Execution ProcessID="752" ThreadID="804"></Execution>
<Channel>Security</Channel>
<Computer>DESKTOP-DBOP9M0</Computer>
<Security UserID=""></Security>
</System>
<EventData><Data Name="TargetUserName">Remote Desktop Users</Data>
<Data Name="TargetDomainName">Builtin</Data>
<Data Name="TargetSid">S-1-5-32-555</Data>
<Data Name="SubjectUserSid">S-1-5-18</Data>
<Data Name="SubjectUserName">WIN-GE1PLB8KFNS$</Data>
<Data Name="SubjectDomainName">WORKGROUP</Data>
<Data Name="SubjectLogonId">0x00000000000003e7</Data>
<Data Name="PrivilegeList">-</Data>
<Data Name="SamAccountName">-</Data>
<Data Name="SidHistory">-</Data>
</EventData>
</Event>

<Event xmlns="http://schemas.microsoft.com/win/2004/08/events/event"><System><Provider Name="Microsoft-Windows-Security-Auditing" Guid="{54849625-5478-4994-a5ba-3e3b0328c30d}"></Provider>
<EventID Qualifiers="">4781</EventID>
<Version>0</Version>
<Level>0</Level>
<Task>13824</Task>
<Opcode>0</Opcode>
<Keywords>0x8020000000000000</Keywords>
<TimeCreated SystemTime="2022-05-07 01:20:56.089798"></TimeCreated>
<EventRecordID>225</EventRecordID>
<Correlation ActivityID="{ac38061f-61b0-0001-2c06-38acb061d801}" RelatedActivityID=""></Correlation>
<Execution ProcessID="752" ThreadID="804"></Execution>
<Channel>Security</Channel>
<Computer>DESKTOP-DBOP9M0</Computer>
<Security UserID=""></Security>
</System>
<EventData><Data Name="OldTargetUserName">Remote Desktop Users</Data>
<Data Name="NewTargetUserName">Remote Desktop Users</Data>
<Data Name="TargetDomainName">Builtin</Data>
<Data Name="TargetSid">S-1-5-32-555</Data>
<Data Name="SubjectUserSid">S-1-5-18</Data>
<Data Name="SubjectUserName">WIN-GE1PLB8KFNS$</Data>
<Data Name="SubjectDomainName">WORKGROUP</Data>
<Data Name="SubjectLogonId">0x00000000000003e7</Data>
<Data Name="PrivilegeList">-</Data>
</EventData>
</Event>

<Event xmlns="http://schemas.microsoft.com/win/2004/08/events/event"><System><Provider Name="Microsoft-Windows-Security-Auditing" Guid="{54849625-5478-4994-a5ba-3e3b0328c30d}"></Provider>
<EventID Qualifiers="">4735</EventID>
<Version>0</Version>
<Level>0</Level>
<Task>13826</Task>
<Opcode>0</Opcode>
<Keywords>0x8020000000000000</Keywords>
<TimeCreated SystemTime="2022-05-07 01:20:56.089808"></TimeCreated>
<EventRecordID>226</EventRecordID>
<Correlation ActivityID="{ac38061f-61b0-0001-2c06-38acb061d801}" RelatedActivityID=""></Correlation>
<Execution ProcessID="752" ThreadID="804"></Execution>
<Channel>Security</Channel>
<Computer>DESKTOP-DBOP9M0</Computer>
<Security UserID=""></Security>
</System>
<EventData><Data Name="TargetUserName">Remote Desktop Users</Data>
<Data Name="TargetDomainName">Builtin</Data>
<Data Name="TargetSid">S-1-5-32-555</Data>
<Data Name="SubjectUserSid">S-1-5-18</Data>
<Data Name="SubjectUserName">WIN-GE1PLB8KFNS$</Data>
<Data Name="SubjectDomainName">WORKGROUP</Data>
<Data Name="SubjectLogonId">0x00000000000003e7</Data>
<Data Name="PrivilegeList">-</Data>
<Data Name="SamAccountName">Remote Desktop Users</Data>
<Data Name="SidHistory">-</Data>
</EventData>
</Event>

<Event xmlns="http://schemas.microsoft.com/win/2004/08/events/event"><System><Provider Name="Microsoft-Windows-Security-Auditing" Guid="{54849625-5478-4994-a5ba-3e3b0328c30d}"></Provider>
<EventID Qualifiers="">4735</EventID>
<Version>0</Version>
<Level>0</Level>
<Task>13826</Task>
<Opcode>0</Opcode>
<Keywords>0x8020000000000000</Keywords>
<TimeCreated SystemTime="2022-05-07 01:20:56.089937"></TimeCreated>
<EventRecordID>227</EventRecordID>
<Correlation ActivityID="{ac38061f-61b0-0001-2c06-38acb061d801}" RelatedActivityID=""></Correlation>
<Execution ProcessID="752" ThreadID="804"></Execution>
<Channel>Security</Channel>
<Computer>DESKTOP-DBOP9M0</Computer>
<Security UserID=""></Security>
</System>
<EventData><Data Name="TargetUserName">Network Configuration Operators</Data>
<Data Name="TargetDomainName">Builtin</Data>
<Data Name="TargetSid">S-1-5-32-556</Data>
<Data Name="SubjectUserSid">S-1-5-18</Data>
<Data Name="SubjectUserName">WIN-GE1PLB8KFNS$</Data>
<Data Name="SubjectDomainName">WORKGROUP</Data>
<Data Name="SubjectLogonId">0x00000000000003e7</Data>
<Data Name="PrivilegeList">-</Data>
<Data Name="SamAccountName">-</Data>
<Data Name="SidHistory">-</Data>
</EventData>
</Event>

<Event xmlns="http://schemas.microsoft.com/win/2004/08/events/event"><System><Provider Name="Microsoft-Windows-Security-Auditing" Guid="{54849625-5478-4994-a5ba-3e3b0328c30d}"></Provider>
<EventID Qualifiers="">4781</EventID>
<Version>0</Version>
<Level>0</Level>
<Task>13824</Task>
<Opcode>0</Opcode>
<Keywords>0x8020000000000000</Keywords>
<TimeCreated SystemTime="2022-05-07 01:20:56.090038"></TimeCreated>
<EventRecordID>228</EventRecordID>
<Correlation ActivityID="{ac38061f-61b0-0001-2c06-38acb061d801}" RelatedActivityID=""></Correlation>
<Execution ProcessID="752" ThreadID="804"></Execution>
<Channel>Security</Channel>
<Computer>DESKTOP-DBOP9M0</Computer>
<Security UserID=""></Security>
</System>
<EventData><Data Name="OldTargetUserName">Network Configuration Operators</Data>
<Data Name="NewTargetUserName">Network Configuration Operators</Data>
<Data Name="TargetDomainName">Builtin</Data>
<Data Name="TargetSid">S-1-5-32-556</Data>
<Data Name="SubjectUserSid">S-1-5-18</Data>
<Data Name="SubjectUserName">WIN-GE1PLB8KFNS$</Data>
<Data Name="SubjectDomainName">WORKGROUP</Data>
<Data Name="SubjectLogonId">0x00000000000003e7</Data>
<Data Name="PrivilegeList">-</Data>
</EventData>
</Event>

<Event xmlns="http://schemas.microsoft.com/win/2004/08/events/event"><System><Provider Name="Microsoft-Windows-Security-Auditing" Guid="{54849625-5478-4994-a5ba-3e3b0328c30d}"></Provider>
<EventID Qualifiers="">4735</EventID>
<Version>0</Version>
<Level>0</Level>
<Task>13826</Task>
<Opcode>0</Opcode>
<Keywords>0x8020000000000000</Keywords>
<TimeCreated SystemTime="2022-05-07 01:20:56.090046"></TimeCreated>
<EventRecordID>229</EventRecordID>
<Correlation ActivityID="{ac38061f-61b0-0001-2c06-38acb061d801}" RelatedActivityID=""></Correlation>
<Execution ProcessID="752" ThreadID="804"></Execution>
<Channel>Security</Channel>
<Computer>DESKTOP-DBOP9M0</Computer>
<Security UserID=""></Security>
</System>
<EventData><Data Name="TargetUserName">Network Configuration Operators</Data>
<Data Name="TargetDomainName">Builtin</Data>
<Data Name="TargetSid">S-1-5-32-556</Data>
<Data Name="SubjectUserSid">S-1-5-18</Data>
<Data Name="SubjectUserName">WIN-GE1PLB8KFNS$</Data>
<Data Name="SubjectDomainName">WORKGROUP</Data>
<Data Name="SubjectLogonId">0x00000000000003e7</Data>
<Data Name="PrivilegeList">-</Data>
<Data Name="SamAccountName">Network Configuration Operators</Data>
<Data Name="SidHistory">-</Data>
</EventData>
</Event>

<Event xmlns="http://schemas.microsoft.com/win/2004/08/events/event"><System><Provider Name="Microsoft-Windows-Security-Auditing" Guid="{54849625-5478-4994-a5ba-3e3b0328c30d}"></Provider>
<EventID Qualifiers="">4735</EventID>
<Version>0</Version>
<Level>0</Level>
<Task>13826</Task>
<Opcode>0</Opcode>
<Keywords>0x8020000000000000</Keywords>
<TimeCreated SystemTime="2022-05-07 01:20:56.090214"></TimeCreated>
<EventRecordID>230</EventRecordID>
<Correlation ActivityID="{ac38061f-61b0-0001-2c06-38acb061d801}" RelatedActivityID=""></Correlation>
<Execution ProcessID="752" ThreadID="804"></Execution>
<Channel>Security</Channel>
<Computer>DESKTOP-DBOP9M0</Computer>
<Security UserID=""></Security>
</System>
<EventData><Data Name="TargetUserName">Power Users</Data>
<Data Name="TargetDomainName">Builtin</Data>
<Data Name="TargetSid">S-1-5-32-547</Data>
<Data Name="SubjectUserSid">S-1-5-18</Data>
<Data Name="SubjectUserName">WIN-GE1PLB8KFNS$</Data>
<Data Name="SubjectDomainName">WORKGROUP</Data>
<Data Name="SubjectLogonId">0x00000000000003e7</Data>
<Data Name="PrivilegeList">-</Data>
<Data Name="SamAccountName">-</Data>
<Data Name="SidHistory">-</Data>
</EventData>
</Event>

<Event xmlns="http://schemas.microsoft.com/win/2004/08/events/event"><System><Provider Name="Microsoft-Windows-Security-Auditing" Guid="{54849625-5478-4994-a5ba-3e3b0328c30d}"></Provider>
<EventID Qualifiers="">4781</EventID>
<Version>0</Version>
<Level>0</Level>
<Task>13824</Task>
<Opcode>0</Opcode>
<Keywords>0x8020000000000000</Keywords>
<TimeCreated SystemTime="2022-05-07 01:20:56.090382"></TimeCreated>
<EventRecordID>231</EventRecordID>
<Correlation ActivityID="{ac38061f-61b0-0001-2c06-38acb061d801}" RelatedActivityID=""></Correlation>
<Execution ProcessID="752" ThreadID="804"></Execution>
<Channel>Security</Channel>
<Computer>DESKTOP-DBOP9M0</Computer>
<Security UserID=""></Security>
</System>
<EventData><Data Name="OldTargetUserName">Power Users</Data>
<Data Name="NewTargetUserName">Power Users</Data>
<Data Name="TargetDomainName">Builtin</Data>
<Data Name="TargetSid">S-1-5-32-547</Data>
<Data Name="SubjectUserSid">S-1-5-18</Data>
<Data Name="SubjectUserName">WIN-GE1PLB8KFNS$</Data>
<Data Name="SubjectDomainName">WORKGROUP</Data>
<Data Name="SubjectLogonId">0x00000000000003e7</Data>
<Data Name="PrivilegeList">-</Data>
</EventData>
</Event>

<Event xmlns="http://schemas.microsoft.com/win/2004/08/events/event"><System><Provider Name="Microsoft-Windows-Security-Auditing" Guid="{54849625-5478-4994-a5ba-3e3b0328c30d}"></Provider>
<EventID Qualifiers="">4735</EventID>
<Version>0</Version>
<Level>0</Level>
<Task>13826</Task>
<Opcode>0</Opcode>
<Keywords>0x8020000000000000</Keywords>
<TimeCreated SystemTime="2022-05-07 01:20:56.090389"></TimeCreated>
<EventRecordID>232</EventRecordID>
<Correlation ActivityID="{ac38061f-61b0-0001-2c06-38acb061d801}" RelatedActivityID=""></Correlation>
<Execution ProcessID="752" ThreadID="804"></Execution>
<Channel>Security</Channel>
<Computer>DESKTOP-DBOP9M0</Computer>
<Security UserID=""></Security>
</System>
<EventData><Data Name="TargetUserName">Power Users</Data>
<Data Name="TargetDomainName">Builtin</Data>
<Data Name="TargetSid">S-1-5-32-547</Data>
<Data Name="SubjectUserSid">S-1-5-18</Data>
<Data Name="SubjectUserName">WIN-GE1PLB8KFNS$</Data>
<Data Name="SubjectDomainName">WORKGROUP</Data>
<Data Name="SubjectLogonId">0x00000000000003e7</Data>
<Data Name="PrivilegeList">-</Data>
<Data Name="SamAccountName">Power Users</Data>
<Data Name="SidHistory">-</Data>
</EventData>
</Event>

<Event xmlns="http://schemas.microsoft.com/win/2004/08/events/event"><System><Provider Name="Microsoft-Windows-Security-Auditing" Guid="{54849625-5478-4994-a5ba-3e3b0328c30d}"></Provider>
<EventID Qualifiers="">4735</EventID>
<Version>0</Version>
<Level>0</Level>
<Task>13826</Task>
<Opcode>0</Opcode>
<Keywords>0x8020000000000000</Keywords>
<TimeCreated SystemTime="2022-05-07 01:20:56.090668"></TimeCreated>
<EventRecordID>233</EventRecordID>
<Correlation ActivityID="{ac38061f-61b0-0001-2c06-38acb061d801}" RelatedActivityID=""></Correlation>
<Execution ProcessID="752" ThreadID="804"></Execution>
<Channel>Security</Channel>
<Computer>DESKTOP-DBOP9M0</Computer>
<Security UserID=""></Security>
</System>
<EventData><Data Name="TargetUserName">Performance Monitor Users</Data>
<Data Name="TargetDomainName">Builtin</Data>
<Data Name="TargetSid">S-1-5-32-558</Data>
<Data Name="SubjectUserSid">S-1-5-18</Data>
<Data Name="SubjectUserName">WIN-GE1PLB8KFNS$</Data>
<Data Name="SubjectDomainName">WORKGROUP</Data>
<Data Name="SubjectLogonId">0x00000000000003e7</Data>
<Data Name="PrivilegeList">-</Data>
<Data Name="SamAccountName">-</Data>
<Data Name="SidHistory">-</Data>
</EventData>
</Event>

<Event xmlns="http://schemas.microsoft.com/win/2004/08/events/event"><System><Provider Name="Microsoft-Windows-Security-Auditing" Guid="{54849625-5478-4994-a5ba-3e3b0328c30d}"></Provider>
<EventID Qualifiers="">4781</EventID>
<Version>0</Version>
<Level>0</Level>
<Task>13824</Task>
<Opcode>0</Opcode>
<Keywords>0x8020000000000000</Keywords>
<TimeCreated SystemTime="2022-05-07 01:20:56.090784"></TimeCreated>
<EventRecordID>234</EventRecordID>
<Correlation ActivityID="{ac38061f-61b0-0001-2c06-38acb061d801}" RelatedActivityID=""></Correlation>
<Execution ProcessID="752" ThreadID="804"></Execution>
<Channel>Security</Channel>
<Computer>DESKTOP-DBOP9M0</Computer>
<Security UserID=""></Security>
</System>
<EventData><Data Name="OldTargetUserName">Performance Monitor Users</Data>
<Data Name="NewTargetUserName">Performance Monitor Users</Data>
<Data Name="TargetDomainName">Builtin</Data>
<Data Name="TargetSid">S-1-5-32-558</Data>
<Data Name="SubjectUserSid">S-1-5-18</Data>
<Data Name="SubjectUserName">WIN-GE1PLB8KFNS$</Data>
<Data Name="SubjectDomainName">WORKGROUP</Data>
<Data Name="SubjectLogonId">0x00000000000003e7</Data>
<Data Name="PrivilegeList">-</Data>
</EventData>
</Event>

<Event xmlns="http://schemas.microsoft.com/win/2004/08/events/event"><System><Provider Name="Microsoft-Windows-Security-Auditing" Guid="{54849625-5478-4994-a5ba-3e3b0328c30d}"></Provider>
<EventID Qualifiers="">4735</EventID>
<Version>0</Version>
<Level>0</Level>
<Task>13826</Task>
<Opcode>0</Opcode>
<Keywords>0x8020000000000000</Keywords>
<TimeCreated SystemTime="2022-05-07 01:20:56.090796"></TimeCreated>
<EventRecordID>235</EventRecordID>
<Correlation ActivityID="{ac38061f-61b0-0001-2c06-38acb061d801}" RelatedActivityID=""></Correlation>
<Execution ProcessID="752" ThreadID="804"></Execution>
<Channel>Security</Channel>
<Computer>DESKTOP-DBOP9M0</Computer>
<Security UserID=""></Security>
</System>
<EventData><Data Name="TargetUserName">Performance Monitor Users</Data>
<Data Name="TargetDomainName">Builtin</Data>
<Data Name="TargetSid">S-1-5-32-558</Data>
<Data Name="SubjectUserSid">S-1-5-18</Data>
<Data Name="SubjectUserName">WIN-GE1PLB8KFNS$</Data>
<Data Name="SubjectDomainName">WORKGROUP</Data>
<Data Name="SubjectLogonId">0x00000000000003e7</Data>
<Data Name="PrivilegeList">-</Data>
<Data Name="SamAccountName">Performance Monitor Users</Data>
<Data Name="SidHistory">-</Data>
</EventData>
</Event>

<Event xmlns="http://schemas.microsoft.com/win/2004/08/events/event"><System><Provider Name="Microsoft-Windows-Security-Auditing" Guid="{54849625-5478-4994-a5ba-3e3b0328c30d}"></Provider>
<EventID Qualifiers="">4735</EventID>
<Version>0</Version>
<Level>0</Level>
<Task>13826</Task>
<Opcode>0</Opcode>
<Keywords>0x8020000000000000</Keywords>
<TimeCreated SystemTime="2022-05-07 01:20:56.091082"></TimeCreated>
<EventRecordID>236</EventRecordID>
<Correlation ActivityID="{ac38061f-61b0-0001-2c06-38acb061d801}" RelatedActivityID=""></Correlation>
<Execution ProcessID="752" ThreadID="804"></Execution>
<Channel>Security</Channel>
<Computer>DESKTOP-DBOP9M0</Computer>
<Security UserID=""></Security>
</System>
<EventData><Data Name="TargetUserName">Performance Log Users</Data>
<Data Name="TargetDomainName">Builtin</Data>
<Data Name="TargetSid">S-1-5-32-559</Data>
<Data Name="SubjectUserSid">S-1-5-18</Data>
<Data Name="SubjectUserName">WIN-GE1PLB8KFNS$</Data>
<Data Name="SubjectDomainName">WORKGROUP</Data>
<Data Name="SubjectLogonId">0x00000000000003e7</Data>
<Data Name="PrivilegeList">-</Data>
<Data Name="SamAccountName">-</Data>
<Data Name="SidHistory">-</Data>
</EventData>
</Event>

<Event xmlns="http://schemas.microsoft.com/win/2004/08/events/event"><System><Provider Name="Microsoft-Windows-Security-Auditing" Guid="{54849625-5478-4994-a5ba-3e3b0328c30d}"></Provider>
<EventID Qualifiers="">4781</EventID>
<Version>0</Version>
<Level>0</Level>
<Task>13824</Task>
<Opcode>0</Opcode>
<Keywords>0x8020000000000000</Keywords>
<TimeCreated SystemTime="2022-05-07 01:20:56.091181"></TimeCreated>
<EventRecordID>237</EventRecordID>
<Correlation ActivityID="{ac38061f-61b0-0001-2c06-38acb061d801}" RelatedActivityID=""></Correlation>
<Execution ProcessID="752" ThreadID="804"></Execution>
<Channel>Security</Channel>
<Computer>DESKTOP-DBOP9M0</Computer>
<Security UserID=""></Security>
</System>
<EventData><Data Name="OldTargetUserName">Performance Log Users</Data>
<Data Name="NewTargetUserName">Performance Log Users</Data>
<Data Name="TargetDomainName">Builtin</Data>
<Data Name="TargetSid">S-1-5-32-559</Data>
<Data Name="SubjectUserSid">S-1-5-18</Data>
<Data Name="SubjectUserName">WIN-GE1PLB8KFNS$</Data>
<Data Name="SubjectDomainName">WORKGROUP</Data>
<Data Name="SubjectLogonId">0x00000000000003e7</Data>
<Data Name="PrivilegeList">-</Data>
</EventData>
</Event>

<Event xmlns="http://schemas.microsoft.com/win/2004/08/events/event"><System><Provider Name="Microsoft-Windows-Security-Auditing" Guid="{54849625-5478-4994-a5ba-3e3b0328c30d}"></Provider>
<EventID Qualifiers="">4735</EventID>
<Version>0</Version>
<Level>0</Level>
<Task>13826</Task>
<Opcode>0</Opcode>
<Keywords>0x8020000000000000</Keywords>
<TimeCreated SystemTime="2022-05-07 01:20:56.091190"></TimeCreated>
<EventRecordID>238</EventRecordID>
<Correlation ActivityID="{ac38061f-61b0-0001-2c06-38acb061d801}" RelatedActivityID=""></Correlation>
<Execution ProcessID="752" ThreadID="804"></Execution>
<Channel>Security</Channel>
<Computer>DESKTOP-DBOP9M0</Computer>
<Security UserID=""></Security>
</System>
<EventData><Data Name="TargetUserName">Performance Log Users</Data>
<Data Name="TargetDomainName">Builtin</Data>
<Data Name="TargetSid">S-1-5-32-559</Data>
<Data Name="SubjectUserSid">S-1-5-18</Data>
<Data Name="SubjectUserName">WIN-GE1PLB8KFNS$</Data>
<Data Name="SubjectDomainName">WORKGROUP</Data>
<Data Name="SubjectLogonId">0x00000000000003e7</Data>
<Data Name="PrivilegeList">-</Data>
<Data Name="SamAccountName">Performance Log Users</Data>
<Data Name="SidHistory">-</Data>
</EventData>
</Event>

<Event xmlns="http://schemas.microsoft.com/win/2004/08/events/event"><System><Provider Name="Microsoft-Windows-Security-Auditing" Guid="{54849625-5478-4994-a5ba-3e3b0328c30d}"></Provider>
<EventID Qualifiers="">4735</EventID>
<Version>0</Version>
<Level>0</Level>
<Task>13826</Task>
<Opcode>0</Opcode>
<Keywords>0x8020000000000000</Keywords>
<TimeCreated SystemTime="2022-05-07 01:20:56.091492"></TimeCreated>
<EventRecordID>239</EventRecordID>
<Correlation ActivityID="{ac38061f-61b0-0001-2c06-38acb061d801}" RelatedActivityID=""></Correlation>
<Execution ProcessID="752" ThreadID="804"></Execution>
<Channel>Security</Channel>
<Computer>DESKTOP-DBOP9M0</Computer>
<Security UserID=""></Security>
</System>
<EventData><Data Name="TargetUserName">Distributed COM Users</Data>
<Data Name="TargetDomainName">Builtin</Data>
<Data Name="TargetSid">S-1-5-32-562</Data>
<Data Name="SubjectUserSid">S-1-5-18</Data>
<Data Name="SubjectUserName">WIN-GE1PLB8KFNS$</Data>
<Data Name="SubjectDomainName">WORKGROUP</Data>
<Data Name="SubjectLogonId">0x00000000000003e7</Data>
<Data Name="PrivilegeList">-</Data>
<Data Name="SamAccountName">-</Data>
<Data Name="SidHistory">-</Data>
</EventData>
</Event>

<Event xmlns="http://schemas.microsoft.com/win/2004/08/events/event"><System><Provider Name="Microsoft-Windows-Security-Auditing" Guid="{54849625-5478-4994-a5ba-3e3b0328c30d}"></Provider>
<EventID Qualifiers="">4781</EventID>
<Version>0</Version>
<Level>0</Level>
<Task>13824</Task>
<Opcode>0</Opcode>
<Keywords>0x8020000000000000</Keywords>
<TimeCreated SystemTime="2022-05-07 01:20:56.091637"></TimeCreated>
<EventRecordID>240</EventRecordID>
<Correlation ActivityID="{ac38061f-61b0-0001-2c06-38acb061d801}" RelatedActivityID=""></Correlation>
<Execution ProcessID="752" ThreadID="804"></Execution>
<Channel>Security</Channel>
<Computer>DESKTOP-DBOP9M0</Computer>
<Security UserID=""></Security>
</System>
<EventData><Data Name="OldTargetUserName">Distributed COM Users</Data>
<Data Name="NewTargetUserName">Distributed COM Users</Data>
<Data Name="TargetDomainName">Builtin</Data>
<Data Name="TargetSid">S-1-5-32-562</Data>
<Data Name="SubjectUserSid">S-1-5-18</Data>
<Data Name="SubjectUserName">WIN-GE1PLB8KFNS$</Data>
<Data Name="SubjectDomainName">WORKGROUP</Data>
<Data Name="SubjectLogonId">0x00000000000003e7</Data>
<Data Name="PrivilegeList">-</Data>
</EventData>
</Event>

<Event xmlns="http://schemas.microsoft.com/win/2004/08/events/event"><System><Provider Name="Microsoft-Windows-Security-Auditing" Guid="{54849625-5478-4994-a5ba-3e3b0328c30d}"></Provider>
<EventID Qualifiers="">4735</EventID>
<Version>0</Version>
<Level>0</Level>
<Task>13826</Task>
<Opcode>0</Opcode>
<Keywords>0x8020000000000000</Keywords>
<TimeCreated SystemTime="2022-05-07 01:20:56.091646"></TimeCreated>
<EventRecordID>241</EventRecordID>
<Correlation ActivityID="{ac38061f-61b0-0001-2c06-38acb061d801}" RelatedActivityID=""></Correlation>
<Execution ProcessID="752" ThreadID="804"></Execution>
<Channel>Security</Channel>
<Computer>DESKTOP-DBOP9M0</Computer>
<Security UserID=""></Security>
</System>
<EventData><Data Name="TargetUserName">Distributed COM Users</Data>
<Data Name="TargetDomainName">Builtin</Data>
<Data Name="TargetSid">S-1-5-32-562</Data>
<Data Name="SubjectUserSid">S-1-5-18</Data>
<Data Name="SubjectUserName">WIN-GE1PLB8KFNS$</Data>
<Data Name="SubjectDomainName">WORKGROUP</Data>
<Data Name="SubjectLogonId">0x00000000000003e7</Data>
<Data Name="PrivilegeList">-</Data>
<Data Name="SamAccountName">Distributed COM Users</Data>
<Data Name="SidHistory">-</Data>
</EventData>
</Event>

<Event xmlns="http://schemas.microsoft.com/win/2004/08/events/event"><System><Provider Name="Microsoft-Windows-Security-Auditing" Guid="{54849625-5478-4994-a5ba-3e3b0328c30d}"></Provider>
<EventID Qualifiers="">4735</EventID>
<Version>0</Version>
<Level>0</Level>
<Task>13826</Task>
<Opcode>0</Opcode>
<Keywords>0x8020000000000000</Keywords>
<TimeCreated SystemTime="2022-05-07 01:20:56.091862"></TimeCreated>
<EventRecordID>242</EventRecordID>
<Correlation ActivityID="{ac38061f-61b0-0001-2c06-38acb061d801}" RelatedActivityID=""></Correlation>
<Execution ProcessID="752" ThreadID="872"></Execution>
<Channel>Security</Channel>
<Computer>DESKTOP-DBOP9M0</Computer>
<Security UserID=""></Security>
</System>
<EventData><Data Name="TargetUserName">IIS_IUSRS</Data>
<Data Name="TargetDomainName">Builtin</Data>
<Data Name="TargetSid">S-1-5-32-568</Data>
<Data Name="SubjectUserSid">S-1-5-18</Data>
<Data Name="SubjectUserName">WIN-GE1PLB8KFNS$</Data>
<Data Name="SubjectDomainName">WORKGROUP</Data>
<Data Name="SubjectLogonId">0x00000000000003e7</Data>
<Data Name="PrivilegeList">-</Data>
<Data Name="SamAccountName">-</Data>
<Data Name="SidHistory">-</Data>
</EventData>
</Event>

<Event xmlns="http://schemas.microsoft.com/win/2004/08/events/event"><System><Provider Name="Microsoft-Windows-Security-Auditing" Guid="{54849625-5478-4994-a5ba-3e3b0328c30d}"></Provider>
<EventID Qualifiers="">4781</EventID>
<Version>0</Version>
<Level>0</Level>
<Task>13824</Task>
<Opcode>0</Opcode>
<Keywords>0x8020000000000000</Keywords>
<TimeCreated SystemTime="2022-05-07 01:20:56.091991"></TimeCreated>
<EventRecordID>243</EventRecordID>
<Correlation ActivityID="{ac38061f-61b0-0001-2c06-38acb061d801}" RelatedActivityID=""></Correlation>
<Execution ProcessID="752" ThreadID="872"></Execution>
<Channel>Security</Channel>
<Computer>DESKTOP-DBOP9M0</Computer>
<Security UserID=""></Security>
</System>
<EventData><Data Name="OldTargetUserName">IIS_IUSRS</Data>
<Data Name="NewTargetUserName">IIS_IUSRS</Data>
<Data Name="TargetDomainName">Builtin</Data>
<Data Name="TargetSid">S-1-5-32-568</Data>
<Data Name="SubjectUserSid">S-1-5-18</Data>
<Data Name="SubjectUserName">WIN-GE1PLB8KFNS$</Data>
<Data Name="SubjectDomainName">WORKGROUP</Data>
<Data Name="SubjectLogonId">0x00000000000003e7</Data>
<Data Name="PrivilegeList">-</Data>
</EventData>
</Event>

<Event xmlns="http://schemas.microsoft.com/win/2004/08/events/event"><System><Provider Name="Microsoft-Windows-Security-Auditing" Guid="{54849625-5478-4994-a5ba-3e3b0328c30d}"></Provider>
<EventID Qualifiers="">4735</EventID>
<Version>0</Version>
<Level>0</Level>
<Task>13826</Task>
<Opcode>0</Opcode>
<Keywords>0x8020000000000000</Keywords>
<TimeCreated SystemTime="2022-05-07 01:20:56.091999"></TimeCreated>
<EventRecordID>244</EventRecordID>
<Correlation ActivityID="{ac38061f-61b0-0001-2c06-38acb061d801}" RelatedActivityID=""></Correlation>
<Execution ProcessID="752" ThreadID="872"></Execution>
<Channel>Security</Channel>
<Computer>DESKTOP-DBOP9M0</Computer>
<Security UserID=""></Security>
</System>
<EventData><Data Name="TargetUserName">IIS_IUSRS</Data>
<Data Name="TargetDomainName">Builtin</Data>
<Data Name="TargetSid">S-1-5-32-568</Data>
<Data Name="SubjectUserSid">S-1-5-18</Data>
<Data Name="SubjectUserName">WIN-GE1PLB8KFNS$</Data>
<Data Name="SubjectDomainName">WORKGROUP</Data>
<Data Name="SubjectLogonId">0x00000000000003e7</Data>
<Data Name="PrivilegeList">-</Data>
<Data Name="SamAccountName">IIS_IUSRS</Data>
<Data Name="SidHistory">-</Data>
</EventData>
</Event>

<Event xmlns="http://schemas.microsoft.com/win/2004/08/events/event"><System><Provider Name="Microsoft-Windows-Security-Auditing" Guid="{54849625-5478-4994-a5ba-3e3b0328c30d}"></Provider>
<EventID Qualifiers="">4735</EventID>
<Version>0</Version>
<Level>0</Level>
<Task>13826</Task>
<Opcode>0</Opcode>
<Keywords>0x8020000000000000</Keywords>
<TimeCreated SystemTime="2022-05-07 01:20:56.092255"></TimeCreated>
<EventRecordID>245</EventRecordID>
<Correlation ActivityID="{ac38061f-61b0-0001-2c06-38acb061d801}" RelatedActivityID=""></Correlation>
<Execution ProcessID="752" ThreadID="804"></Execution>
<Channel>Security</Channel>
<Computer>DESKTOP-DBOP9M0</Computer>
<Security UserID=""></Security>
</System>
<EventData><Data Name="TargetUserName">Cryptographic Operators</Data>
<Data Name="TargetDomainName">Builtin</Data>
<Data Name="TargetSid">S-1-5-32-569</Data>
<Data Name="SubjectUserSid">S-1-5-18</Data>
<Data Name="SubjectUserName">WIN-GE1PLB8KFNS$</Data>
<Data Name="SubjectDomainName">WORKGROUP</Data>
<Data Name="SubjectLogonId">0x00000000000003e7</Data>
<Data Name="PrivilegeList">-</Data>
<Data Name="SamAccountName">-</Data>
<Data Name="SidHistory">-</Data>
</EventData>
</Event>

<Event xmlns="http://schemas.microsoft.com/win/2004/08/events/event"><System><Provider Name="Microsoft-Windows-Security-Auditing" Guid="{54849625-5478-4994-a5ba-3e3b0328c30d}"></Provider>
<EventID Qualifiers="">4781</EventID>
<Version>0</Version>
<Level>0</Level>
<Task>13824</Task>
<Opcode>0</Opcode>
<Keywords>0x8020000000000000</Keywords>
<TimeCreated SystemTime="2022-05-07 01:20:56.092407"></TimeCreated>
<EventRecordID>246</EventRecordID>
<Correlation ActivityID="{ac38061f-61b0-0001-2c06-38acb061d801}" RelatedActivityID=""></Correlation>
<Execution ProcessID="752" ThreadID="872"></Execution>
<Channel>Security</Channel>
<Computer>DESKTOP-DBOP9M0</Computer>
<Security UserID=""></Security>
</System>
<EventData><Data Name="OldTargetUserName">Cryptographic Operators</Data>
<Data Name="NewTargetUserName">Cryptographic Operators</Data>
<Data Name="TargetDomainName">Builtin</Data>
<Data Name="TargetSid">S-1-5-32-569</Data>
<Data Name="SubjectUserSid">S-1-5-18</Data>
<Data Name="SubjectUserName">WIN-GE1PLB8KFNS$</Data>
<Data Name="SubjectDomainName">WORKGROUP</Data>
<Data Name="SubjectLogonId">0x00000000000003e7</Data>
<Data Name="PrivilegeList">-</Data>
</EventData>
</Event>

