<Event xmlns="http://schemas.microsoft.com/win/2004/08/events/event"><System><Provider Name="Microsoft-Windows-RestartManager" Guid="{0888e5ef-9b98-4695-979d-e92ce4247224}"></Provider>
<EventID Qualifiers="">10000</EventID>
<Version>0</Version>
<Level>4</Level>
<Task>0</Task>
<Opcode>0</Opcode>
<Keywords>0x8000000000000000</Keywords>
<TimeCreated SystemTime="2022-05-06 15:33:44.613663"></TimeCreated>
<EventRecordID>197</EventRecordID>
<Correlation ActivityID="" RelatedActivityID=""></Correlation>
<Execution ProcessID="6952" ThreadID="7484"></Execution>
<Channel>Application</Channel>
<Computer>Council-HQ</Computer>
<Security UserID="S-1-5-21-2389065719-3342106636-307857974-1001"></Security>
</System>
<UserData><RmSessionEvent xmlns="http://www.microsoft.com/2005/08/Windows/Reliability/RestartManager/"><RmSessionId>0</RmSessionId>
<UTCStartTime>2022-05-06 15:33:44.612080</UTCStartTime>
</RmSessionEvent>
</UserData>
</Event>

<Event xmlns="http://schemas.microsoft.com/win/2004/08/events/event"><System><Provider Name="Microsoft-Windows-RestartManager" Guid="{0888e5ef-9b98-4695-979d-e92ce4247224}"></Provider>
<EventID Qualifiers="">10001</EventID>
<Version>0</Version>
<Level>4</Level>
<Task>0</Task>
<Opcode>0</Opcode>
<Keywords>0x8000000000000000</Keywords>
<TimeCreated SystemTime="2022-05-06 15:33:44.962448"></TimeCreated>
<EventRecordID>198</EventRecordID>
<Correlation ActivityID="" RelatedActivityID=""></Correlation>
<Execution ProcessID="6952" ThreadID="7280"></Execution>
<Channel>Application</Channel>
<Computer>Council-HQ</Computer>
<Security UserID="S-1-5-21-2389065719-3342106636-307857974-1001"></Security>
</System>
<UserData><RmSessionEvent xmlns="http://www.microsoft.com/2005/08/Windows/Reliability/RestartManager/"><RmSessionId>0</RmSessionId>
<UTCStartTime>2022-05-06 15:33:44.612080</UTCStartTime>
</RmSessionEvent>
</UserData>
</Event>

<Event xmlns="http://schemas.microsoft.com/win/2004/08/events/event"><System><Provider Name="Microsoft-Windows-RestartManager" Guid="{0888e5ef-9b98-4695-979d-e92ce4247224}"></Provider>
<EventID Qualifiers="">10000</EventID>
<Version>0</Version>
<Level>4</Level>
<Task>0</Task>
<Opcode>0</Opcode>
<Keywords>0x8000000000000000</Keywords>
<TimeCreated SystemTime="2022-05-06 15:33:45.037909"></TimeCreated>
<EventRecordID>199</EventRecordID>
<Correlation ActivityID="" RelatedActivityID=""></Correlation>
<Execution ProcessID="6952" ThreadID="7220"></Execution>
<Channel>Application</Channel>
<Computer>Council-HQ</Computer>
<Security UserID="S-1-5-21-2389065719-3342106636-307857974-1001"></Security>
</System>
<UserData><RmSessionEvent xmlns="http://www.microsoft.com/2005/08/Windows/Reliability/RestartManager/"><RmSessionId>0</RmSessionId>
<UTCStartTime>2022-05-06 15:33:45.022314</UTCStartTime>
</RmSessionEvent>
</UserData>
</Event>

<Event xmlns="http://schemas.microsoft.com/win/2004/08/events/event"><System><Provider Name="MsiInstaller"></Provider>
<EventID Qualifiers="0">11707</EventID>
<Version>0</Version>
<Level>4</Level>
<Task>0</Task>
<Opcode>0</Opcode>
<Keywords>0x0080000000000000</Keywords>
<TimeCreated SystemTime="2022-05-06 15:33:45.672075"></TimeCreated>
<EventRecordID>200</EventRecordID>
<Correlation ActivityID="" RelatedActivityID=""></Correlation>
<Execution ProcessID="6952" ThreadID="0"></Execution>
<Channel>Application</Channel>
<Computer>Council-HQ</Computer>
<Security UserID="S-1-5-21-2389065719-3342106636-307857974-1001"></Security>
</System>
<EventData><Data>&lt;string&gt;Product: Python 3.10.4 Utility Scripts (64-bit) -- Installation completed successfully.&lt;/string&gt;
&lt;string&gt;(NULL)&lt;/string&gt;
&lt;string&gt;(NULL)&lt;/string&gt;
&lt;string&gt;(NULL)&lt;/string&gt;
&lt;string&gt;(NULL)&lt;/string&gt;
&lt;string&gt;(NULL)&lt;/string&gt;
&lt;string&gt;&lt;/string&gt;
</Data>
<Binary>ezdDQkI0MkEzLUMxMkItNDEzQy1BQTkzLTY1REE0QzMxRDQyMX0=</Binary>
</EventData>
</Event>

<Event xmlns="http://schemas.microsoft.com/win/2004/08/events/event"><System><Provider Name="MsiInstaller"></Provider>
<EventID Qualifiers="0">1033</EventID>
<Version>0</Version>
<Level>4</Level>
<Task>0</Task>
<Opcode>0</Opcode>
<Keywords>0x0080000000000000</Keywords>
<TimeCreated SystemTime="2022-05-06 15:33:45.672075"></TimeCreated>
<EventRecordID>201</EventRecordID>
<Correlation ActivityID="" RelatedActivityID=""></Correlation>
<Execution ProcessID="6952" ThreadID="0"></Execution>
<Channel>Application</Channel>
<Computer>Council-HQ</Computer>
<Security UserID="S-1-5-21-2389065719-3342106636-307857974-1001"></Security>
</System>
<EventData><Data>&lt;string&gt;Python 3.10.4 Utility Scripts (64-bit)&lt;/string&gt;
&lt;string&gt;3.10.4150.0&lt;/string&gt;
&lt;string&gt;1033&lt;/string&gt;
&lt;string&gt;0&lt;/string&gt;
&lt;string&gt;Python Software Foundation&lt;/string&gt;
&lt;string&gt;(NULL)&lt;/string&gt;
&lt;string&gt;&lt;/string&gt;
</Data>
<Binary>ezdDQkI0MkEzLUMxMkItNDEzQy1BQTkzLTY1REE0QzMxRDQyMX0wMDAwNTJiZDRmYTMzYzhhY2UyNmJiMGE4MjFiMGJiMzZkZmEwMDAwMDkwNA==</Binary>
</EventData>
</Event>

<Event xmlns="http://schemas.microsoft.com/win/2004/08/events/event"><System><Provider Name="MsiInstaller"></Provider>
<EventID Qualifiers="0">1042</EventID>
<Version>0</Version>
<Level>4</Level>
<Task>0</Task>
<Opcode>0</Opcode>
<Keywords>0x0080000000000000</Keywords>
<TimeCreated SystemTime="2022-05-06 15:33:45.677982"></TimeCreated>
<EventRecordID>202</EventRecordID>
<Correlation ActivityID="" RelatedActivityID=""></Correlation>
<Execution ProcessID="6952" ThreadID="0"></Execution>
<Channel>Application</Channel>
<Computer>Council-HQ</Computer>
<Security UserID="S-1-5-18"></Security>
</System>
<EventData><Data>&lt;string&gt;C:\Users\Council Leader\AppData\Local\Package Cache\{7CBB42A3-C12B-413C-AA93-65DA4C31D421}v3.10.4150.0\tools.msi&lt;/string&gt;
&lt;string&gt;592&lt;/string&gt;
&lt;string&gt;(NULL)&lt;/string&gt;
&lt;string&gt;(NULL)&lt;/string&gt;
&lt;string&gt;(NULL)&lt;/string&gt;
&lt;string&gt;(NULL)&lt;/string&gt;
&lt;string&gt;&lt;/string&gt;
</Data>
<Binary></Binary>
</EventData>
</Event>

<Event xmlns="http://schemas.microsoft.com/win/2004/08/events/event"><System><Provider Name="MsiInstaller"></Provider>
<EventID Qualifiers="0">1040</EventID>
<Version>0</Version>
<Level>4</Level>
<Task>0</Task>
<Opcode>0</Opcode>
<Keywords>0x0080000000000000</Keywords>
<TimeCreated SystemTime="2022-05-06 15:33:45.705988"></TimeCreated>
<EventRecordID>203</EventRecordID>
<Correlation ActivityID="" RelatedActivityID=""></Correlation>
<Execution ProcessID="6952" ThreadID="0"></Execution>
<Channel>Application</Channel>
<Computer>Council-HQ</Computer>
<Security UserID="S-1-5-21-2389065719-3342106636-307857974-1001"></Security>
</System>
<EventData><Data>&lt;string&gt;C:\Users\Council Leader\AppData\Local\Package Cache\{E22FBFCD-7312-4CED-BE8C-B8CB8D4EADCA}v3.10.4150.0\tcltk.msi&lt;/string&gt;
&lt;string&gt;592&lt;/string&gt;
&lt;string&gt;(NULL)&lt;/string&gt;
&lt;string&gt;(NULL)&lt;/string&gt;
&lt;string&gt;(NULL)&lt;/string&gt;
&lt;string&gt;(NULL)&lt;/string&gt;
&lt;string&gt;&lt;/string&gt;
</Data>
<Binary></Binary>
</EventData>
</Event>

<Event xmlns="http://schemas.microsoft.com/win/2004/08/events/event"><System><Provider Name="Microsoft-Windows-RestartManager" Guid="{0888e5ef-9b98-4695-979d-e92ce4247224}"></Provider>
<EventID Qualifiers="">10001</EventID>
<Version>0</Version>
<Level>4</Level>
<Task>0</Task>
<Opcode>0</Opcode>
<Keywords>0x8000000000000000</Keywords>
<TimeCreated SystemTime="2022-05-06 15:33:45.682394"></TimeCreated>
<EventRecordID>204</EventRecordID>
<Correlation ActivityID="" RelatedActivityID=""></Correlation>
<Execution ProcessID="6952" ThreadID="7280"></Execution>
<Channel>Application</Channel>
<Computer>Council-HQ</Computer>
<Security UserID="S-1-5-21-2389065719-3342106636-307857974-1001"></Security>
</System>
<UserData><RmSessionEvent xmlns="http://www.microsoft.com/2005/08/Windows/Reliability/RestartManager/"><RmSessionId>0</RmSessionId>
<UTCStartTime>2022-05-06 15:33:45.022314</UTCStartTime>
</RmSessionEvent>
</UserData>
</Event>

<Event xmlns="http://schemas.microsoft.com/win/2004/08/events/event"><System><Provider Name="Microsoft-Windows-RestartManager" Guid="{0888e5ef-9b98-4695-979d-e92ce4247224}"></Provider>
<EventID Qualifiers="">10000</EventID>
<Version>0</Version>
<Level>4</Level>
<Task>0</Task>
<Opcode>0</Opcode>
<Keywords>0x8000000000000000</Keywords>
<TimeCreated SystemTime="2022-05-06 15:33:45.748718"></TimeCreated>
<EventRecordID>205</EventRecordID>
<Correlation ActivityID="" RelatedActivityID=""></Correlation>
<Execution ProcessID="6952" ThreadID="876"></Execution>
<Channel>Application</Channel>
<Computer>Council-HQ</Computer>
<Security UserID="S-1-5-21-2389065719-3342106636-307857974-1001"></Security>
</System>
<UserData><RmSessionEvent xmlns="http://www.microsoft.com/2005/08/Windows/Reliability/RestartManager/"><RmSessionId>0</RmSessionId>
<UTCStartTime>2022-05-06 15:33:45.738127</UTCStartTime>
</RmSessionEvent>
</UserData>
</Event>

<Event xmlns="http://schemas.microsoft.com/win/2004/08/events/event"><System><Provider Name="MsiInstaller"></Provider>
<EventID Qualifiers="0">11707</EventID>
<Version>0</Version>
<Level>4</Level>
<Task>0</Task>
<Opcode>0</Opcode>
<Keywords>0x0080000000000000</Keywords>
<TimeCreated SystemTime="2022-05-06 15:33:52.377262"></TimeCreated>
<EventRecordID>206</EventRecordID>
<Correlation ActivityID="" RelatedActivityID=""></Correlation>
<Execution ProcessID="6952" ThreadID="0"></Execution>
<Channel>Application</Channel>
<Computer>Council-HQ</Computer>
<Security UserID="S-1-5-21-2389065719-3342106636-307857974-1001"></Security>
</System>
<EventData><Data>&lt;string&gt;Product: Python 3.10.4 Tcl/Tk Support (64-bit) -- Installation completed successfully.&lt;/string&gt;
&lt;string&gt;(NULL)&lt;/string&gt;
&lt;string&gt;(NULL)&lt;/string&gt;
&lt;string&gt;(NULL)&lt;/string&gt;
&lt;string&gt;(NULL)&lt;/string&gt;
&lt;string&gt;(NULL)&lt;/string&gt;
&lt;string&gt;&lt;/string&gt;
</Data>
<Binary>e0UyMkZCRkNELTczMTItNENFRC1CRThDLUI4Q0I4RDRFQURDQX0=</Binary>
</EventData>
</Event>

<Event xmlns="http://schemas.microsoft.com/win/2004/08/events/event"><System><Provider Name="MsiInstaller"></Provider>
<EventID Qualifiers="0">1033</EventID>
<Version>0</Version>
<Level>4</Level>
<Task>0</Task>
<Opcode>0</Opcode>
<Keywords>0x0080000000000000</Keywords>
<TimeCreated SystemTime="2022-05-06 15:33:52.377262"></TimeCreated>
<EventRecordID>207</EventRecordID>
<Correlation ActivityID="" RelatedActivityID=""></Correlation>
<Execution ProcessID="6952" ThreadID="0"></Execution>
<Channel>Application</Channel>
<Computer>Council-HQ</Computer>
<Security UserID="S-1-5-21-2389065719-3342106636-307857974-1001"></Security>
</System>
<EventData><Data>&lt;string&gt;Python 3.10.4 Tcl/Tk Support (64-bit)&lt;/string&gt;
&lt;string&gt;3.10.4150.0&lt;/string&gt;
&lt;string&gt;1033&lt;/string&gt;
&lt;string&gt;0&lt;/string&gt;
&lt;string&gt;Python Software Foundation&lt;/string&gt;
&lt;string&gt;(NULL)&lt;/string&gt;
&lt;string&gt;&lt;/string&gt;
</Data>
<Binary>e0UyMkZCRkNELTczMTItNENFRC1CRThDLUI4Q0I4RDRFQURDQX0wMDAwOGUyOGU2YWFmZTliMzdjMWFmOGI3ZmQwYjk3MjZkYTIwMDAwMDkwNA==</Binary>
</EventData>
</Event>

<Event xmlns="http://schemas.microsoft.com/win/2004/08/events/event"><System><Provider Name="MsiInstaller"></Provider>
<EventID Qualifiers="0">1042</EventID>
<Version>0</Version>
<Level>4</Level>
<Task>0</Task>
<Opcode>0</Opcode>
<Keywords>0x0080000000000000</Keywords>
<TimeCreated SystemTime="2022-05-06 15:33:52.408421"></TimeCreated>
<EventRecordID>208</EventRecordID>
<Correlation ActivityID="" RelatedActivityID=""></Correlation>
<Execution ProcessID="6952" ThreadID="0"></Execution>
<Channel>Application</Channel>
<Computer>Council-HQ</Computer>
<Security UserID="S-1-5-18"></Security>
</System>
<EventData><Data>&lt;string&gt;C:\Users\Council Leader\AppData\Local\Package Cache\{E22FBFCD-7312-4CED-BE8C-B8CB8D4EADCA}v3.10.4150.0\tcltk.msi&lt;/string&gt;
&lt;string&gt;592&lt;/string&gt;
&lt;string&gt;(NULL)&lt;/string&gt;
&lt;string&gt;(NULL)&lt;/string&gt;
&lt;string&gt;(NULL)&lt;/string&gt;
&lt;string&gt;(NULL)&lt;/string&gt;
&lt;string&gt;&lt;/string&gt;
</Data>
<Binary></Binary>
</EventData>
</Event>

<Event xmlns="http://schemas.microsoft.com/win/2004/08/events/event"><System><Provider Name="MsiInstaller"></Provider>
<EventID Qualifiers="0">1040</EventID>
<Version>0</Version>
<Level>4</Level>
<Task>0</Task>
<Opcode>0</Opcode>
<Keywords>0x0080000000000000</Keywords>
<TimeCreated SystemTime="2022-05-06 15:33:52.443855"></TimeCreated>
<EventRecordID>209</EventRecordID>
<Correlation ActivityID="" RelatedActivityID=""></Correlation>
<Execution ProcessID="6952" ThreadID="0"></Execution>
<Channel>Application</Channel>
<Computer>Council-HQ</Computer>
<Security UserID="S-1-5-21-2389065719-3342106636-307857974-1001"></Security>
</System>
<EventData><Data>&lt;string&gt;C:\ProgramData\Package Cache\{691AAAA1-FE86-4973-8DA2-6AA2B3327562}v3.10.7751.0\launcher.msi&lt;/string&gt;
&lt;string&gt;7152&lt;/string&gt;
&lt;string&gt;(NULL)&lt;/string&gt;
&lt;string&gt;(NULL)&lt;/string&gt;
&lt;string&gt;(NULL)&lt;/string&gt;
&lt;string&gt;(NULL)&lt;/string&gt;
&lt;string&gt;&lt;/string&gt;
</Data>
<Binary></Binary>
</EventData>
</Event>

<Event xmlns="http://schemas.microsoft.com/win/2004/08/events/event"><System><Provider Name="MsiInstaller"></Provider>
<EventID Qualifiers="0">11707</EventID>
<Version>0</Version>
<Level>4</Level>
<Task>0</Task>
<Opcode>0</Opcode>
<Keywords>0x0080000000000000</Keywords>
<TimeCreated SystemTime="2022-05-06 15:33:52.730036"></TimeCreated>
<EventRecordID>210</EventRecordID>
<Correlation ActivityID="" RelatedActivityID=""></Correlation>
<Execution ProcessID="6952" ThreadID="0"></Execution>
<Channel>Application</Channel>
<Computer>Council-HQ</Computer>
<Security UserID="S-1-5-21-2389065719-3342106636-307857974-1001"></Security>
</System>
<EventData><Data>&lt;string&gt;Product: Python Launcher -- Installation completed successfully.&lt;/string&gt;
&lt;string&gt;(NULL)&lt;/string&gt;
&lt;string&gt;(NULL)&lt;/string&gt;
&lt;string&gt;(NULL)&lt;/string&gt;
&lt;string&gt;(NULL)&lt;/string&gt;
&lt;string&gt;(NULL)&lt;/string&gt;
&lt;string&gt;&lt;/string&gt;
</Data>
<Binary>ezY5MUFBQUExLUZFODYtNDk3My04REEyLTZBQTJCMzMyNzU2Mn0=</Binary>
</EventData>
</Event>

<Event xmlns="http://schemas.microsoft.com/win/2004/08/events/event"><System><Provider Name="MsiInstaller"></Provider>
<EventID Qualifiers="0">1033</EventID>
<Version>0</Version>
<Level>4</Level>
<Task>0</Task>
<Opcode>0</Opcode>
<Keywords>0x0080000000000000</Keywords>
<TimeCreated SystemTime="2022-05-06 15:33:52.730036"></TimeCreated>
<EventRecordID>211</EventRecordID>
<Correlation ActivityID="" RelatedActivityID=""></Correlation>
<Execution ProcessID="6952" ThreadID="0"></Execution>
<Channel>Application</Channel>
<Computer>Council-HQ</Computer>
<Security UserID="S-1-5-21-2389065719-3342106636-307857974-1001"></Security>
</System>
<EventData><Data>&lt;string&gt;Python Launcher&lt;/string&gt;
&lt;string&gt;3.10.7751.0&lt;/string&gt;
&lt;string&gt;1033&lt;/string&gt;
&lt;string&gt;0&lt;/string&gt;
&lt;string&gt;Python Software Foundation&lt;/string&gt;
&lt;string&gt;(NULL)&lt;/string&gt;
&lt;string&gt;&lt;/string&gt;
</Data>
<Binary>ezY5MUFBQUExLUZFODYtNDk3My04REEyLTZBQTJCMzMyNzU2Mn0wMDAwMDI3NzJmMjNiZDBiYmMxYjdmZDhkMWQyOTE1YWIwODIwMDAwMDkwNA==</Binary>
</EventData>
</Event>

<Event xmlns="http://schemas.microsoft.com/win/2004/08/events/event"><System><Provider Name="MsiInstaller"></Provider>
<EventID Qualifiers="0">1042</EventID>
<Version>0</Version>
<Level>4</Level>
<Task>0</Task>
<Opcode>0</Opcode>
<Keywords>0x0080000000000000</Keywords>
<TimeCreated SystemTime="2022-05-06 15:33:52.747162"></TimeCreated>
<EventRecordID>212</EventRecordID>
<Correlation ActivityID="" RelatedActivityID=""></Correlation>
<Execution ProcessID="6952" ThreadID="0"></Execution>
<Channel>Application</Channel>
<Computer>Council-HQ</Computer>
<Security UserID="S-1-5-18"></Security>
</System>
<EventData><Data>&lt;string&gt;C:\ProgramData\Package Cache\{691AAAA1-FE86-4973-8DA2-6AA2B3327562}v3.10.7751.0\launcher.msi&lt;/string&gt;
&lt;string&gt;7152&lt;/string&gt;
&lt;string&gt;(NULL)&lt;/string&gt;
&lt;string&gt;(NULL)&lt;/string&gt;
&lt;string&gt;(NULL)&lt;/string&gt;
&lt;string&gt;(NULL)&lt;/string&gt;
&lt;string&gt;&lt;/string&gt;
</Data>
<Binary></Binary>
</EventData>
</Event>

<Event xmlns="http://schemas.microsoft.com/win/2004/08/events/event"><System><Provider Name="MsiInstaller"></Provider>
<EventID Qualifiers="0">1040</EventID>
<Version>0</Version>
<Level>4</Level>
<Task>0</Task>
<Opcode>0</Opcode>
<Keywords>0x0080000000000000</Keywords>
<TimeCreated SystemTime="2022-05-06 15:33:52.765059"></TimeCreated>
<EventRecordID>213</EventRecordID>
<Correlation ActivityID="" RelatedActivityID=""></Correlation>
<Execution ProcessID="6952" ThreadID="0"></Execution>
<Channel>Application</Channel>
<Computer>Council-HQ</Computer>
<Security UserID="S-1-5-21-2389065719-3342106636-307857974-1001"></Security>
</System>
<EventData><Data>&lt;string&gt;C:\Users\Council Leader\AppData\Local\Package Cache\{0707FD0B-C82B-4730-8967-D6C3003BCAE0}v3.10.4150.0\pip.msi&lt;/string&gt;
&lt;string&gt;592&lt;/string&gt;
&lt;string&gt;(NULL)&lt;/string&gt;
&lt;string&gt;(NULL)&lt;/string&gt;
&lt;string&gt;(NULL)&lt;/string&gt;
&lt;string&gt;(NULL)&lt;/string&gt;
&lt;string&gt;&lt;/string&gt;
</Data>
<Binary></Binary>
</EventData>
</Event>

<Event xmlns="http://schemas.microsoft.com/win/2004/08/events/event"><System><Provider Name="Microsoft-Windows-RestartManager" Guid="{0888e5ef-9b98-4695-979d-e92ce4247224}"></Provider>
<EventID Qualifiers="">10001</EventID>
<Version>0</Version>
<Level>4</Level>
<Task>0</Task>
<Opcode>0</Opcode>
<Keywords>0x8000000000000000</Keywords>
<TimeCreated SystemTime="2022-05-06 15:33:52.399797"></TimeCreated>
<EventRecordID>214</EventRecordID>
<Correlation ActivityID="" RelatedActivityID=""></Correlation>
<Execution ProcessID="6952" ThreadID="7280"></Execution>
<Channel>Application</Channel>
<Computer>Council-HQ</Computer>
<Security UserID="S-1-5-21-2389065719-3342106636-307857974-1001"></Security>
</System>
<UserData><RmSessionEvent xmlns="http://www.microsoft.com/2005/08/Windows/Reliability/RestartManager/"><RmSessionId>0</RmSessionId>
<UTCStartTime>2022-05-06 15:33:45.738127</UTCStartTime>
</RmSessionEvent>
</UserData>
</Event>

<Event xmlns="http://schemas.microsoft.com/win/2004/08/events/event"><System><Provider Name="Microsoft-Windows-RestartManager" Guid="{0888e5ef-9b98-4695-979d-e92ce4247224}"></Provider>
<EventID Qualifiers="">10000</EventID>
<Version>0</Version>
<Level>4</Level>
<Task>0</Task>
<Opcode>0</Opcode>
<Keywords>0x8000000000000000</Keywords>
<TimeCreated SystemTime="2022-05-06 15:33:52.483150"></TimeCreated>
<EventRecordID>215</EventRecordID>
<Correlation ActivityID="" RelatedActivityID=""></Correlation>
<Execution ProcessID="6952" ThreadID="4548"></Execution>
<Channel>Application</Channel>
<Computer>Council-HQ</Computer>
<Security UserID="S-1-5-21-2389065719-3342106636-307857974-1001"></Security>
</System>
<UserData><RmSessionEvent xmlns="http://www.microsoft.com/2005/08/Windows/Reliability/RestartManager/"><RmSessionId>0</RmSessionId>
<UTCStartTime>2022-05-06 15:33:52.475269</UTCStartTime>
</RmSessionEvent>
</UserData>
</Event>

<Event xmlns="http://schemas.microsoft.com/win/2004/08/events/event"><System><Provider Name="Microsoft-Windows-RestartManager" Guid="{0888e5ef-9b98-4695-979d-e92ce4247224}"></Provider>
<EventID Qualifiers="">10001</EventID>
<Version>0</Version>
<Level>4</Level>
<Task>0</Task>
<Opcode>0</Opcode>
<Keywords>0x8000000000000000</Keywords>
<TimeCreated SystemTime="2022-05-06 15:33:52.740833"></TimeCreated>
<EventRecordID>216</EventRecordID>
<Correlation ActivityID="" RelatedActivityID=""></Correlation>
<Execution ProcessID="6952" ThreadID="7280"></Execution>
<Channel>Application</Channel>
<Computer>Council-HQ</Computer>
<Security UserID="S-1-5-21-2389065719-3342106636-307857974-1001"></Security>
</System>
<UserData><RmSessionEvent xmlns="http://www.microsoft.com/2005/08/Windows/Reliability/RestartManager/"><RmSessionId>0</RmSessionId>
<UTCStartTime>2022-05-06 15:33:52.475269</UTCStartTime>
</RmSessionEvent>
</UserData>
</Event>

<Event xmlns="http://schemas.microsoft.com/win/2004/08/events/event"><System><Provider Name="Microsoft-Windows-RestartManager" Guid="{0888e5ef-9b98-4695-979d-e92ce4247224}"></Provider>
<EventID Qualifiers="">10000</EventID>
<Version>0</Version>
<Level>4</Level>
<Task>0</Task>
<Opcode>0</Opcode>
<Keywords>0x8000000000000000</Keywords>
<TimeCreated SystemTime="2022-05-06 15:33:52.797583"></TimeCreated>
<EventRecordID>217</EventRecordID>
<Correlation ActivityID="" RelatedActivityID=""></Correlation>
<Execution ProcessID="6952" ThreadID="2788"></Execution>
<Channel>Application</Channel>
<Computer>Council-HQ</Computer>
<Security UserID="S-1-5-21-2389065719-3342106636-307857974-1001"></Security>
</System>
<UserData><RmSessionEvent xmlns="http://www.microsoft.com/2005/08/Windows/Reliability/RestartManager/"><RmSessionId>0</RmSessionId>
<UTCStartTime>2022-05-06 15:33:52.794563</UTCStartTime>
</RmSessionEvent>
</UserData>
</Event>

<Event xmlns="http://schemas.microsoft.com/win/2004/08/events/event"><System><Provider Name="MsiInstaller"></Provider>
<EventID Qualifiers="0">11707</EventID>
<Version>0</Version>
<Level>4</Level>
<Task>0</Task>
<Opcode>0</Opcode>
<Keywords>0x0080000000000000</Keywords>
<TimeCreated SystemTime="2022-05-06 15:34:07.704643"></TimeCreated>
<EventRecordID>218</EventRecordID>
<Correlation ActivityID="" RelatedActivityID=""></Correlation>
<Execution ProcessID="6952" ThreadID="0"></Execution>
<Channel>Application</Channel>
<Computer>Council-HQ</Computer>
<Security UserID="S-1-5-21-2389065719-3342106636-307857974-1001"></Security>
</System>
<EventData><Data>&lt;string&gt;Product: Python 3.10.4 pip Bootstrap (64-bit) -- Installation completed successfully.&lt;/string&gt;
&lt;string&gt;(NULL)&lt;/string&gt;
&lt;string&gt;(NULL)&lt;/string&gt;
&lt;string&gt;(NULL)&lt;/string&gt;
&lt;string&gt;(NULL)&lt;/string&gt;
&lt;string&gt;(NULL)&lt;/string&gt;
&lt;string&gt;&lt;/string&gt;
</Data>
<Binary>ezA3MDdGRDBCLUM4MkItNDczMC04OTY3LUQ2QzMwMDNCQ0FFMH0=</Binary>
</EventData>
</Event>

<Event xmlns="http://schemas.microsoft.com/win/2004/08/events/event"><System><Provider Name="MsiInstaller"></Provider>
<EventID Qualifiers="0">1033</EventID>
<Version>0</Version>
<Level>4</Level>
<Task>0</Task>
<Opcode>0</Opcode>
<Keywords>0x0080000000000000</Keywords>
<TimeCreated SystemTime="2022-05-06 15:34:07.704643"></TimeCreated>
<EventRecordID>219</EventRecordID>
<Correlation ActivityID="" RelatedActivityID=""></Correlation>
<Execution ProcessID="6952" ThreadID="0"></Execution>
<Channel>Application</Channel>
<Computer>Council-HQ</Computer>
<Security UserID="S-1-5-21-2389065719-3342106636-307857974-1001"></Security>
</System>
<EventData><Data>&lt;string&gt;Python 3.10.4 pip Bootstrap (64-bit)&lt;/string&gt;
&lt;string&gt;3.10.4150.0&lt;/string&gt;
&lt;string&gt;1033&lt;/string&gt;
&lt;string&gt;0&lt;/string&gt;
&lt;string&gt;Python Software Foundation&lt;/string&gt;
&lt;string&gt;(NULL)&lt;/string&gt;
&lt;string&gt;&lt;/string&gt;
</Data>
<Binary>ezA3MDdGRDBCLUM4MkItNDczMC04OTY3LUQ2QzMwMDNCQ0FFMH0wMDAwMzY0ODAzYzg2ZWE1Yjg0NmU3NWQzNWMzMTE5ZDhhMDYwMDAwMDkwNA==</Binary>
</EventData>
</Event>

<Event xmlns="http://schemas.microsoft.com/win/2004/08/events/event"><System><Provider Name="MsiInstaller"></Provider>
<EventID Qualifiers="0">1042</EventID>
<Version>0</Version>
<Level>4</Level>
<Task>0</Task>
<Opcode>0</Opcode>
<Keywords>0x0080000000000000</Keywords>
<TimeCreated SystemTime="2022-05-06 15:34:07.720463"></TimeCreated>
<EventRecordID>220</EventRecordID>
<Correlation ActivityID="" RelatedActivityID=""></Correlation>
<Execution ProcessID="6952" ThreadID="0"></Execution>
<Channel>Application</Channel>
<Computer>Council-HQ</Computer>
<Security UserID="S-1-5-18"></Security>
</System>
<EventData><Data>&lt;string&gt;C:\Users\Council Leader\AppData\Local\Package Cache\{0707FD0B-C82B-4730-8967-D6C3003BCAE0}v3.10.4150.0\pip.msi&lt;/string&gt;
&lt;string&gt;592&lt;/string&gt;
&lt;string&gt;(NULL)&lt;/string&gt;
&lt;string&gt;(NULL)&lt;/string&gt;
&lt;string&gt;(NULL)&lt;/string&gt;
&lt;string&gt;(NULL)&lt;/string&gt;
&lt;string&gt;&lt;/string&gt;
</Data>
<Binary></Binary>
</EventData>
</Event>

<Event xmlns="http://schemas.microsoft.com/win/2004/08/events/event"><System><Provider Name="MsiInstaller"></Provider>
<EventID Qualifiers="0">1040</EventID>
<Version>0</Version>
<Level>4</Level>
<Task>0</Task>
<Opcode>0</Opcode>
<Keywords>0x0080000000000000</Keywords>
<TimeCreated SystemTime="2022-05-06 15:34:07.737406"></TimeCreated>
<EventRecordID>221</EventRecordID>
<Correlation ActivityID="" RelatedActivityID=""></Correlation>
<Execution ProcessID="6952" ThreadID="0"></Execution>
<Channel>Application</Channel>
<Computer>Council-HQ</Computer>
<Security UserID="S-1-5-21-2389065719-3342106636-307857974-1001"></Security>
</System>
<EventData><Data>&lt;string&gt;C:\Users\Council Leader\AppData\Local\Package Cache\{51D88D9C-47E1-45C7-992C-3AF1AD91BF5F}v3.10.4150.0\path.msi&lt;/string&gt;
&lt;string&gt;592&lt;/string&gt;
&lt;string&gt;(NULL)&lt;/string&gt;
&lt;string&gt;(NULL)&lt;/string&gt;
&lt;string&gt;(NULL)&lt;/string&gt;
&lt;string&gt;(NULL)&lt;/string&gt;
&lt;string&gt;&lt;/string&gt;
</Data>
<Binary></Binary>
</EventData>
</Event>

<Event xmlns="http://schemas.microsoft.com/win/2004/08/events/event"><System><Provider Name="MsiInstaller"></Provider>
<EventID Qualifiers="0">11707</EventID>
<Version>0</Version>
<Level>4</Level>
<Task>0</Task>
<Opcode>0</Opcode>
<Keywords>0x0080000000000000</Keywords>
<TimeCreated SystemTime="2022-05-06 15:34:08.047865"></TimeCreated>
<EventRecordID>222</EventRecordID>
<Correlation ActivityID="" RelatedActivityID=""></Correlation>
<Execution ProcessID="6952" ThreadID="0"></Execution>
<Channel>Application</Channel>
<Computer>Council-HQ</Computer>
<Security UserID="S-1-5-21-2389065719-3342106636-307857974-1001"></Security>
</System>
<EventData><Data>&lt;string&gt;Product: Python 3.10.4 Add to Path (64-bit) -- Installation completed successfully.&lt;/string&gt;
&lt;string&gt;(NULL)&lt;/string&gt;
&lt;string&gt;(NULL)&lt;/string&gt;
&lt;string&gt;(NULL)&lt;/string&gt;
&lt;string&gt;(NULL)&lt;/string&gt;
&lt;string&gt;(NULL)&lt;/string&gt;
&lt;string&gt;&lt;/string&gt;
</Data>
<Binary>ezUxRDg4RDlDLTQ3RTEtNDVDNy05OTJDLTNBRjFBRDkxQkY1Rn0=</Binary>
</EventData>
</Event>

<Event xmlns="http://schemas.microsoft.com/win/2004/08/events/event"><System><Provider Name="MsiInstaller"></Provider>
<EventID Qualifiers="0">1033</EventID>
<Version>0</Version>
<Level>4</Level>
<Task>0</Task>
<Opcode>0</Opcode>
<Keywords>0x0080000000000000</Keywords>
<TimeCreated SystemTime="2022-05-06 15:34:08.047865"></TimeCreated>
<EventRecordID>223</EventRecordID>
<Correlation ActivityID="" RelatedActivityID=""></Correlation>
<Execution ProcessID="6952" ThreadID="0"></Execution>
<Channel>Application</Channel>
<Computer>Council-HQ</Computer>
<Security UserID="S-1-5-21-2389065719-3342106636-307857974-1001"></Security>
</System>
<EventData><Data>&lt;string&gt;Python 3.10.4 Add to Path (64-bit)&lt;/string&gt;
&lt;string&gt;3.10.4150.0&lt;/string&gt;
&lt;string&gt;1033&lt;/string&gt;
&lt;string&gt;0&lt;/string&gt;
&lt;string&gt;Python Software Foundation&lt;/string&gt;
&lt;string&gt;(NULL)&lt;/string&gt;
&lt;string&gt;&lt;/string&gt;
</Data>
<Binary>ezUxRDg4RDlDLTQ3RTEtNDVDNy05OTJDLTNBRjFBRDkxQkY1Rn0wMDAwOTQ2ZjViMzVmYmIzNmJmZDcyODQwMjlkZDExZDhiZWIwMDAwMDkwNA==</Binary>
</EventData>
</Event>

<Event xmlns="http://schemas.microsoft.com/win/2004/08/events/event"><System><Provider Name="MsiInstaller"></Provider>
<EventID Qualifiers="0">1042</EventID>
<Version>0</Version>
<Level>4</Level>
<Task>0</Task>
<Opcode>0</Opcode>
<Keywords>0x0080000000000000</Keywords>
<TimeCreated SystemTime="2022-05-06 15:34:08.064999"></TimeCreated>
<EventRecordID>224</EventRecordID>
<Correlation ActivityID="" RelatedActivityID=""></Correlation>
<Execution ProcessID="6952" ThreadID="0"></Execution>
<Channel>Application</Channel>
<Computer>Council-HQ</Computer>
<Security UserID="S-1-5-18"></Security>
</System>
<EventData><Data>&lt;string&gt;C:\Users\Council Leader\AppData\Local\Package Cache\{51D88D9C-47E1-45C7-992C-3AF1AD91BF5F}v3.10.4150.0\path.msi&lt;/string&gt;
&lt;string&gt;592&lt;/string&gt;
&lt;string&gt;(NULL)&lt;/string&gt;
&lt;string&gt;(NULL)&lt;/string&gt;
&lt;string&gt;(NULL)&lt;/string&gt;
&lt;string&gt;(NULL)&lt;/string&gt;
&lt;string&gt;&lt;/string&gt;
</Data>
<Binary></Binary>
</EventData>
</Event>

<Event xmlns="http://schemas.microsoft.com/win/2004/08/events/event"><System><Provider Name="Microsoft-Windows-RestartManager" Guid="{0888e5ef-9b98-4695-979d-e92ce4247224}"></Provider>
<EventID Qualifiers="">10001</EventID>
<Version>0</Version>
<Level>4</Level>
<Task>0</Task>
<Opcode>0</Opcode>
<Keywords>0x8000000000000000</Keywords>
<TimeCreated SystemTime="2022-05-06 15:34:07.716143"></TimeCreated>
<EventRecordID>225</EventRecordID>
<Correlation ActivityID="" RelatedActivityID=""></Correlation>
<Execution ProcessID="6952" ThreadID="7280"></Execution>
<Channel>Application</Channel>
<Computer>Council-HQ</Computer>
<Security UserID="S-1-5-21-2389065719-3342106636-307857974-1001"></Security>
</System>
<UserData><RmSessionEvent xmlns="http://www.microsoft.com/2005/08/Windows/Reliability/RestartManager/"><RmSessionId>0</RmSessionId>
<UTCStartTime>2022-05-06 15:33:52.794563</UTCStartTime>
</RmSessionEvent>
</UserData>
</Event>

<Event xmlns="http://schemas.microsoft.com/win/2004/08/events/event"><System><Provider Name="Microsoft-Windows-RestartManager" Guid="{0888e5ef-9b98-4695-979d-e92ce4247224}"></Provider>
<EventID Qualifiers="">10000</EventID>
<Version>0</Version>
<Level>4</Level>
<Task>0</Task>
<Opcode>0</Opcode>
<Keywords>0x8000000000000000</Keywords>
<TimeCreated SystemTime="2022-05-06 15:34:07.778465"></TimeCreated>
<EventRecordID>226</EventRecordID>
<Correlation ActivityID="" RelatedActivityID=""></Correlation>
<Execution ProcessID="6952" ThreadID="2984"></Execution>
<Channel>Application</Channel>
<Computer>Council-HQ</Computer>
<Security UserID="S-1-5-21-2389065719-3342106636-307857974-1001"></Security>
</System>
<UserData><RmSessionEvent xmlns="http://www.microsoft.com/2005/08/Windows/Reliability/RestartManager/"><RmSessionId>0</RmSessionId>
<UTCStartTime>2022-05-06 15:34:07.771482</UTCStartTime>
</RmSessionEvent>
</UserData>
</Event>

<Event xmlns="http://schemas.microsoft.com/win/2004/08/events/event"><System><Provider Name="Microsoft-Windows-RestartManager" Guid="{0888e5ef-9b98-4695-979d-e92ce4247224}"></Provider>
<EventID Qualifiers="">10001</EventID>
<Version>0</Version>
<Level>4</Level>
<Task>0</Task>
<Opcode>0</Opcode>
<Keywords>0x8000000000000000</Keywords>
<TimeCreated SystemTime="2022-05-06 15:34:08.058163"></TimeCreated>
<EventRecordID>227</EventRecordID>
<Correlation ActivityID="" RelatedActivityID=""></Correlation>
<Execution ProcessID="6952" ThreadID="7280"></Execution>
<Channel>Application</Channel>
<Computer>Council-HQ</Computer>
<Security UserID="S-1-5-21-2389065719-3342106636-307857974-1001"></Security>
</System>
<UserData><RmSessionEvent xmlns="http://www.microsoft.com/2005/08/Windows/Reliability/RestartManager/"><RmSessionId>0</RmSessionId>
<UTCStartTime>2022-05-06 15:34:07.771482</UTCStartTime>
</RmSessionEvent>
</UserData>
</Event>

<Event xmlns="http://schemas.microsoft.com/win/2004/08/events/event"><System><Provider Name="Application Error"></Provider>
<EventID Qualifiers="0">1000</EventID>
<Version>0</Version>
<Level>2</Level>
<Task>100</Task>
<Opcode>0</Opcode>
<Keywords>0x0080000000000000</Keywords>
<TimeCreated SystemTime="2022-05-06 15:35:25.249287"></TimeCreated>
<EventRecordID>228</EventRecordID>
<Correlation ActivityID="" RelatedActivityID=""></Correlation>
<Execution ProcessID="7400" ThreadID="0"></Execution>
<Channel>Application</Channel>
<Computer>Council-HQ</Computer>
<Security UserID=""></Security>
</System>
<EventData><Data>&lt;string&gt;dwm.exe&lt;/string&gt;
&lt;string&gt;10.0.22000.1&lt;/string&gt;
&lt;string&gt;7cbe2305&lt;/string&gt;
&lt;string&gt;VBoxDispD3D.dll&lt;/string&gt;
&lt;string&gt;6.1.34.636&lt;/string&gt;
&lt;string&gt;623a60af&lt;/string&gt;
&lt;string&gt;c0000005&lt;/string&gt;
&lt;string&gt;000000000000c825&lt;/string&gt;
&lt;string&gt;960&lt;/string&gt;
&lt;string&gt;01d8615d646b50ea&lt;/string&gt;
&lt;string&gt;C:\WINDOWS\system32\dwm.exe&lt;/string&gt;
&lt;string&gt;C:\WINDOWS\system32\VBoxDispD3D.dll&lt;/string&gt;
&lt;string&gt;ce0bcc19-fd34-48c4-a50c-4dc4a8d0e4bb&lt;/string&gt;
&lt;string&gt;&lt;/string&gt;
&lt;string&gt;&lt;/string&gt;
</Data>
<Binary></Binary>
</EventData>
</Event>

<Event xmlns="http://schemas.microsoft.com/win/2004/08/events/event"><System><Provider Name="Dwminit"></Provider>
<EventID Qualifiers="32770">0</EventID>
<Version>0</Version>
<Level>3</Level>
<Task>0</Task>
<Opcode>0</Opcode>
<Keywords>0x0080000000000000</Keywords>
<TimeCreated SystemTime="2022-05-06 15:35:32.072723"></TimeCreated>
<EventRecordID>229</EventRecordID>
<Correlation ActivityID="" RelatedActivityID=""></Correlation>
<Execution ProcessID="5960" ThreadID="0"></Execution>
<Channel>Application</Channel>
<Computer>Council-HQ</Computer>
<Security UserID=""></Security>
</System>
<EventData><Data>&lt;string&gt;0xc0000005&lt;/string&gt;
&lt;string&gt;1&lt;/string&gt;
&lt;string&gt;VirtualBox Graphics Adapter (WDDM)&lt;/string&gt;
</Data>
<Binary></Binary>
</EventData>
</Event>

<Event xmlns="http://schemas.microsoft.com/win/2004/08/events/event"><System><Provider Name="Desktop Window Manager"></Provider>
<EventID Qualifiers="16384">9027</EventID>
<Version>0</Version>
<Level>4</Level>
<Task>0</Task>
<Opcode>0</Opcode>
<Keywords>0x0080000000000000</Keywords>
<TimeCreated SystemTime="2022-05-06 15:35:32.149258"></TimeCreated>
<EventRecordID>230</EventRecordID>
<Correlation ActivityID="" RelatedActivityID=""></Correlation>
<Execution ProcessID="3596" ThreadID="0"></Execution>
<Channel>Application</Channel>
<Computer>Council-HQ</Computer>
<Security UserID=""></Security>
</System>
<EventData><Data></Data>
<Binary></Binary>
</EventData>
</Event>

<Event xmlns="http://schemas.microsoft.com/win/2004/08/events/event"><System><Provider Name="Windows Error Reporting"></Provider>
<EventID Qualifiers="0">1001</EventID>
<Version>0</Version>
<Level>4</Level>
<Task>0</Task>
<Opcode>0</Opcode>
<Keywords>0x0080000000000000</Keywords>
<TimeCreated SystemTime="2022-05-06 15:35:39.462626"></TimeCreated>
<EventRecordID>231</EventRecordID>
<Correlation ActivityID="" RelatedActivityID=""></Correlation>
<Execution ProcessID="7400" ThreadID="0"></Execution>
<Channel>Application</Channel>
<Computer>Council-HQ</Computer>
<Security UserID=""></Security>
</System>
<EventData><Data>&lt;string&gt;1956923008513765066&lt;/string&gt;
&lt;string&gt;4&lt;/string&gt;
&lt;string&gt;APPCRASH&lt;/string&gt;
&lt;string&gt;Not available&lt;/string&gt;
&lt;string&gt;1351829992274711710&lt;/string&gt;
&lt;string&gt;dwm.exe&lt;/string&gt;
&lt;string&gt;10.0.22000.1&lt;/string&gt;
&lt;string&gt;7cbe2305&lt;/string&gt;
&lt;string&gt;VBoxDispD3D.dll&lt;/string&gt;
&lt;string&gt;6.1.34.636&lt;/string&gt;
&lt;string&gt;623a60af&lt;/string&gt;
&lt;string&gt;c0000005&lt;/string&gt;
&lt;string&gt;000000000000c825&lt;/string&gt;
&lt;string&gt;&lt;/string&gt;
&lt;string&gt;&lt;/string&gt;
&lt;string&gt;
\\?\C:\ProgramData\Microsoft\Windows\WER\Temp\WER.cf984cec-e8d3-450f-8ce0-9a6cf97ecaf4.tmp.mdmp
\\?\C:\ProgramData\Microsoft\Windows\WER\Temp\WER.63f3f178-3ed4-4625-b111-1cdb739f9937.tmp.WERInternalMetadata.xml
\\?\C:\ProgramData\Microsoft\Windows\WER\Temp\WER.5c04567a-7c7d-4a90-8d9a-d76657a2172e.tmp.xml
\\?\C:\ProgramData\Microsoft\Windows\WER\Temp\WER.fd88f8c9-3827-4e21-9ba3-14352ed65de5.tmp.csv
\\?\C:\ProgramData\Microsoft\Windows\WER\Temp\WER.4983f063-3fa3-4ed6-8155-77986555749d.tmp.txt
\\?\C:\Windows\Temp\WER.9ddeb840-dd52-4811-bcb1-ae0e82e43557.tmp.appcompat.txt
\\?\C:\Windows\Temp\WER.f2ae80e4-315b-4bd2-98a2-d54b41986ff6.tmp.WERDataCollectionStatus.txt&lt;/string&gt;
&lt;string&gt;\\?\C:\ProgramData\Microsoft\Windows\WER\ReportArchive\AppCrash_dwm.exe_2e1607310a4aa8d5ca62dfa132eea729bc039aa_49455ced_cab_79d3b66b-f1eb-4de3-a1be-acadeffc02cb&lt;/string&gt;
&lt;string&gt;&lt;/string&gt;
&lt;string&gt;0&lt;/string&gt;
&lt;string&gt;ce0bcc19-fd34-48c4-a50c-4dc4a8d0e4bb&lt;/string&gt;
&lt;string&gt;268435464&lt;/string&gt;
&lt;string&gt;7f0336c6809b94d3bb28631ba7406eca&lt;/string&gt;
&lt;string&gt;1786a31c-57f5-46e5-92c2-aa373640d49e&lt;/string&gt;
</Data>
<Binary></Binary>
</EventData>
</Event>

<Event xmlns="http://schemas.microsoft.com/win/2004/08/events/event"><System><Provider Name="SecurityCenter"></Provider>
<EventID Qualifiers="0">15</EventID>
<Version>0</Version>
<Level>4</Level>
<Task>0</Task>
<Opcode>0</Opcode>
<Keywords>0x0080000000000000</Keywords>
<TimeCreated SystemTime="2022-05-06 15:36:08.382795"></TimeCreated>
<EventRecordID>232</EventRecordID>
<Correlation ActivityID="" RelatedActivityID=""></Correlation>
<Execution ProcessID="4052" ThreadID="0"></Execution>
<Channel>Application</Channel>
<Computer>Council-HQ</Computer>
<Security UserID=""></Security>
</System>
<EventData><Data>&lt;string&gt;Windows Defender&lt;/string&gt;
&lt;string&gt;SECURITY_PRODUCT_STATE_ON&lt;/string&gt;
</Data>
<Binary></Binary>
</EventData>
</Event>

<Event xmlns="http://schemas.microsoft.com/win/2004/08/events/event"><System><Provider Name="SecurityCenter"></Provider>
<EventID Qualifiers="0">15</EventID>
<Version>0</Version>
<Level>4</Level>
<Task>0</Task>
<Opcode>0</Opcode>
<Keywords>0x0080000000000000</Keywords>
<TimeCreated SystemTime="2022-05-06 15:36:10.384756"></TimeCreated>
<EventRecordID>233</EventRecordID>
<Correlation ActivityID="" RelatedActivityID=""></Correlation>
<Execution ProcessID="4052" ThreadID="0"></Execution>
<Channel>Application</Channel>
<Computer>Council-HQ</Computer>
<Security UserID=""></Security>
</System>
<EventData><Data>&lt;string&gt;Windows Defender&lt;/string&gt;
&lt;string&gt;SECURITY_PRODUCT_STATE_ON&lt;/string&gt;
</Data>
<Binary></Binary>
</EventData>
</Event>

<Event xmlns="http://schemas.microsoft.com/win/2004/08/events/event"><System><Provider Name="SecurityCenter"></Provider>
<EventID Qualifiers="0">15</EventID>
<Version>0</Version>
<Level>4</Level>
<Task>0</Task>
<Opcode>0</Opcode>
<Keywords>0x0080000000000000</Keywords>
<TimeCreated SystemTime="2022-05-06 15:36:12.385319"></TimeCreated>
<EventRecordID>234</EventRecordID>
<Correlation ActivityID="" RelatedActivityID=""></Correlation>
<Execution ProcessID="4052" ThreadID="0"></Execution>
<Channel>Application</Channel>
<Computer>Council-HQ</Computer>
<Security UserID=""></Security>
</System>
<EventData><Data>&lt;string&gt;Windows Defender&lt;/string&gt;
&lt;string&gt;SECURITY_PRODUCT_STATE_ON&lt;/string&gt;
</Data>
<Binary></Binary>
</EventData>
</Event>

<Event xmlns="http://schemas.microsoft.com/win/2004/08/events/event"><System><Provider Name="Microsoft-Windows-Winlogon" Guid="{DBE9B383-7CF3-4331-91CC-A3CB16A3B538}" EventSourceName="Wlclntfy"></Provider>
<EventID Qualifiers="32768">6000</EventID>
<Version>0</Version>
<Level>4</Level>
<Task>0</Task>
<Opcode>0</Opcode>
<Keywords>0x0080000000000000</Keywords>
<TimeCreated SystemTime="2022-05-06 15:36:23.978436"></TimeCreated>
<EventRecordID>235</EventRecordID>
<Correlation ActivityID="" RelatedActivityID=""></Correlation>
<Execution ProcessID="5960" ThreadID="0"></Execution>
<Channel>Application</Channel>
<Computer>Council-HQ</Computer>
<Security UserID=""></Security>
</System>
<EventData><Data>&lt;string&gt;WSearch&lt;/string&gt;
</Data>
<Binary>2QYAAA==</Binary>
</EventData>
</Event>

<Event xmlns="http://schemas.microsoft.com/win/2004/08/events/event"><System><Provider Name="Microsoft-Windows-Winlogon" Guid="{DBE9B383-7CF3-4331-91CC-A3CB16A3B538}" EventSourceName="Wlclntfy"></Provider>
<EventID Qualifiers="32768">6000</EventID>
<Version>0</Version>
<Level>4</Level>
<Task>0</Task>
<Opcode>0</Opcode>
<Keywords>0x0080000000000000</Keywords>
<TimeCreated SystemTime="2022-05-06 15:36:24.007586"></TimeCreated>
<EventRecordID>236</EventRecordID>
<Correlation ActivityID="" RelatedActivityID=""></Correlation>
<Execution ProcessID="5960" ThreadID="0"></Execution>
<Channel>Application</Channel>
<Computer>Council-HQ</Computer>
<Security UserID=""></Security>
</System>
<EventData><Data>&lt;string&gt;SessionEnv&lt;/string&gt;
</Data>
<Binary>2QYAAA==</Binary>
</EventData>
</Event>

<Event xmlns="http://schemas.microsoft.com/win/2004/08/events/event"><System><Provider Name="Microsoft-Windows-User Profiles Service" Guid="{89b1e9f0-5aff-44a6-9b44-0a07a7ce5845}"></Provider>
<EventID Qualifiers="">1532</EventID>
<Version>0</Version>
<Level>4</Level>
<Task>0</Task>
<Opcode>0</Opcode>
<Keywords>0x8000000000000000</Keywords>
<TimeCreated SystemTime="2022-05-06 15:36:25.311880"></TimeCreated>
<EventRecordID>237</EventRecordID>
<Correlation ActivityID="" RelatedActivityID=""></Correlation>
<Execution ProcessID="1388" ThreadID="1420"></Execution>
<Channel>Application</Channel>
<Computer>Council-HQ</Computer>
<Security UserID="S-1-5-18"></Security>
</System>
<EventData></EventData>
</Event>

<Event xmlns="http://schemas.microsoft.com/win/2004/08/events/event"><System><Provider Name="Microsoft-Windows-EventSystem" Guid="{899daace-4868-4295-afcd-9eb8fb497561}" EventSourceName="EventSystem"></Provider>
<EventID Qualifiers="16384">4625</EventID>
<Version>0</Version>
<Level>4</Level>
<Task>0</Task>
<Opcode>0</Opcode>
<Keywords>0x0080000000000000</Keywords>
<TimeCreated SystemTime="2022-05-06 15:36:34.366804"></TimeCreated>
<EventRecordID>238</EventRecordID>
<Correlation ActivityID="" RelatedActivityID=""></Correlation>
<Execution ProcessID="1864" ThreadID="0"></Execution>
<Channel>Application</Channel>
<Computer>Council-HQ</Computer>
<Security UserID=""></Security>
</System>
<EventData><Data Name="param1">86400</Data>
<Data Name="param2">SuppressDuplicateDuration</Data>
<Data Name="param3">Software\Microsoft\EventSystem\EventLog</Data>
</EventData>
</Event>

<Event xmlns="http://schemas.microsoft.com/win/2004/08/events/event"><System><Provider Name="Microsoft-Windows-User Profiles Service" Guid="{89b1e9f0-5aff-44a6-9b44-0a07a7ce5845}"></Provider>
<EventID Qualifiers="">1531</EventID>
<Version>0</Version>
<Level>4</Level>
<Task>0</Task>
<Opcode>0</Opcode>
<Keywords>0x8000000000000000</Keywords>
<TimeCreated SystemTime="2022-05-06 15:36:34.150812"></TimeCreated>
<EventRecordID>239</EventRecordID>
<Correlation ActivityID="" RelatedActivityID=""></Correlation>
<Execution ProcessID="1324" ThreadID="1380"></Execution>
<Channel>Application</Channel>
<Computer>Council-HQ</Computer>
<Security UserID="S-1-5-18"></Security>
</System>
<EventData></EventData>
</Event>

<Event xmlns="http://schemas.microsoft.com/win/2004/08/events/event"><System><Provider Name="Microsoft-Windows-WMI" Guid="{1edeee53-0afe-4609-b846-d8c0b2075b1f}"></Provider>
<EventID Qualifiers="">5615</EventID>
<Version>2</Version>
<Level>4</Level>
<Task>0</Task>
<Opcode>0</Opcode>
<Keywords>0x8000000000000000</Keywords>
<TimeCreated SystemTime="2022-05-06 15:36:34.893166"></TimeCreated>
<EventRecordID>240</EventRecordID>
<Correlation ActivityID="" RelatedActivityID=""></Correlation>
<Execution ProcessID="2784" ThreadID="2952"></Execution>
<Channel>Application</Channel>
<Computer>Council-HQ</Computer>
<Security UserID="S-1-5-18"></Security>
</System>
<EventData></EventData>
</Event>

<Event xmlns="http://schemas.microsoft.com/win/2004/08/events/event"><System><Provider Name="Microsoft-Windows-Winlogon" Guid="{DBE9B383-7CF3-4331-91CC-A3CB16A3B538}" EventSourceName="Wlclntfy"></Provider>
<EventID Qualifiers="32768">6003</EventID>
<Version>0</Version>
<Level>4</Level>
<Task>0</Task>
<Opcode>0</Opcode>
<Keywords>0x0080000000000000</Keywords>
<TimeCreated SystemTime="2022-05-06 15:36:38.513662"></TimeCreated>
<EventRecordID>241</EventRecordID>
<Correlation ActivityID="" RelatedActivityID=""></Correlation>
<Execution ProcessID="680" ThreadID="0"></Execution>
<Channel>Application</Channel>
<Computer>Council-HQ</Computer>
<Security UserID=""></Security>
</System>
<EventData><Data>&lt;string&gt;SessionEnv&lt;/string&gt;
</Data>
<Binary>2QYAAA==</Binary>
</EventData>
</Event>

<Event xmlns="http://schemas.microsoft.com/win/2004/08/events/event"><System><Provider Name="Microsoft-Windows-Winlogon" Guid="{DBE9B383-7CF3-4331-91CC-A3CB16A3B538}" EventSourceName="Wlclntfy"></Provider>
<EventID Qualifiers="32768">6000</EventID>
<Version>0</Version>
<Level>4</Level>
<Task>0</Task>
<Opcode>0</Opcode>
<Keywords>0x0080000000000000</Keywords>
<TimeCreated SystemTime="2022-05-06 15:36:38.624111"></TimeCreated>
<EventRecordID>242</EventRecordID>
<Correlation ActivityID="" RelatedActivityID=""></Correlation>
<Execution ProcessID="680" ThreadID="0"></Execution>
<Channel>Application</Channel>
<Computer>Council-HQ</Computer>
<Security UserID=""></Security>
</System>
<EventData><Data>&lt;string&gt;SessionEnv&lt;/string&gt;
</Data>
<Binary>2QYAAA==</Binary>
</EventData>
</Event>

<Event xmlns="http://schemas.microsoft.com/win/2004/08/events/event"><System><Provider Name="ESENT"></Provider>
<EventID Qualifiers="0">102</EventID>
<Version>0</Version>
<Level>4</Level>
<Task>1</Task>
<Opcode>0</Opcode>
<Keywords>0x0080000000000000</Keywords>
<TimeCreated SystemTime="2022-05-06 15:36:40.946711"></TimeCreated>
<EventRecordID>243</EventRecordID>
<Correlation ActivityID="" RelatedActivityID=""></Correlation>
<Execution ProcessID="4924" ThreadID="0"></Execution>
<Channel>Application</Channel>
<Computer>Council-HQ</Computer>
<Security UserID=""></Security>
</System>
<EventData><Data>&lt;string&gt;SearchIndexer&lt;/string&gt;
&lt;string&gt;4924,P,98&lt;/string&gt;
&lt;string&gt;Windows: &lt;/string&gt;
&lt;string&gt;0&lt;/string&gt;
&lt;string&gt;10&lt;/string&gt;
&lt;string&gt;00&lt;/string&gt;
&lt;string&gt;22000&lt;/string&gt;
&lt;string&gt;0000&lt;/string&gt;
</Data>
<Binary></Binary>
</EventData>
</Event>

<Event xmlns="http://schemas.microsoft.com/win/2004/08/events/event"><System><Provider Name="ESENT"></Provider>
<EventID Qualifiers="0">105</EventID>
<Version>0</Version>
<Level>4</Level>
<Task>1</Task>
<Opcode>0</Opcode>
<Keywords>0x0080000000000000</Keywords>
<TimeCreated SystemTime="2022-05-06 15:36:41.394802"></TimeCreated>
<EventRecordID>244</EventRecordID>
<Correlation ActivityID="" RelatedActivityID=""></Correlation>
<Execution ProcessID="4924" ThreadID="0"></Execution>
<Channel>Application</Channel>
<Computer>Council-HQ</Computer>
<Security UserID=""></Security>
</System>
<EventData><Data>&lt;string&gt;SearchIndexer&lt;/string&gt;
&lt;string&gt;4924,D,0&lt;/string&gt;
&lt;string&gt;Windows: &lt;/string&gt;
&lt;string&gt;0&lt;/string&gt;
&lt;string&gt;0&lt;/string&gt;
&lt;string&gt;
[1] 0.001385 +J(0) +M(C:0K, Fs:267, WS:1044K # 1044K, PF:5208K # 5208K, P:5208K)
[2] 0.000316 +J(0) +M(C:0K, Fs:113, WS:448K # 448K, PF:416K # 416K, P:416K)
[3] 0.000021 +J(0) +M(C:0K, Fs:5, WS:16K # 16K, PF:68K # 68K, P:68K)
[4] 0.000196 +J(0) +M(C:0K, Fs:23, WS:92K # 92K, PF:356K # 356K, P:356K)
[5] 0.000654 +J(0) +M(C:0K, Fs:12, WS:48K # 48K, PF:16K # 16K, P:16K)
[6] 0.477506 +J(0) +M(C:0K, Fs:32, WS:128K # 128K, PF:36K # 36K, P:36K)
[7] 0.003843 -0.002154 (2) WT +J(0) +M(C:0K, Fs:282, WS:1124K # 1124K, PF:1032K # 1032K, P:1032K)
[8] -
[9] -
[10] -
[11] -
[12] -
[13] 0.006026 -0.000350 (2) WT +J(CM:0, PgRf:0, Rd:0/0, Dy:0/0, Lg:616/1) +M(C:0K, Fs:8, WS:-1004K # 16K, PF:-1020K # 12K, P:-1020K)
[14] 0.000026 +J(0)
[15] 0.000090 +J(0) +M(C:0K, Fs:64, WS:256K # 0K, PF:64K # 0K, P:64K)
[16] 0.000173 +J(0) +M(C:0K, Fs:2, WS:0K # 0K, PF:0K # 0K, P:0K).&lt;/string&gt;
&lt;string&gt;&lt;/string&gt;
</Data>
<Binary></Binary>
</EventData>
</Event>

<Event xmlns="http://schemas.microsoft.com/win/2004/08/events/event"><System><Provider Name="ESENT"></Provider>
<EventID Qualifiers="0">326</EventID>
<Version>0</Version>
<Level>4</Level>
<Task>1</Task>
<Opcode>0</Opcode>
<Keywords>0x0080000000000000</Keywords>
<TimeCreated SystemTime="2022-05-06 15:36:41.424185"></TimeCreated>
<EventRecordID>245</EventRecordID>
<Correlation ActivityID="" RelatedActivityID=""></Correlation>
<Execution ProcessID="4924" ThreadID="0"></Execution>
<Channel>Application</Channel>
<Computer>Council-HQ</Computer>
<Security UserID=""></Security>
</System>
<EventData><Data>&lt;string&gt;SearchIndexer&lt;/string&gt;
&lt;string&gt;4924,D,50&lt;/string&gt;
&lt;string&gt;Windows: &lt;/string&gt;
&lt;string&gt;1&lt;/string&gt;
&lt;string&gt;C:\ProgramData\Microsoft\Search\Data\Applications\Windows\Windows.edb&lt;/string&gt;
&lt;string&gt;0&lt;/string&gt;
&lt;string&gt;
[1] 0.000006 +J(0) +M(C:0K, Fs:2, WS:8K # 0K, PF:0K # 0K, P:0K)
[2] 0.000865 -0.000505 (1) WT +J(0) +M(C:0K, Fs:26, WS:40K # 0K, PF:32K # 0K, P:32K)
[3] 0.002755 -0.001027 (6) WT +J(CM:0, PgRf:0, Rd:0/0, Dy:0/0, Lg:3480/2) +M(C:0K, Fs:31, WS:88K # 0K, PF:124K # 0K, P:124K)
[4] 0.000118 +J(0)
[5] -
[6] -
[7] -
[8] -
[9] 0.031075 -0.001116 (3) CM -0.029420 (1) WT +J(CM:3, PgRf:3, Rd:14/3, Dy:0/0, Lg:54/1) +M(C:0K, Fs:84, WS:332K # 0K, PF:884K # 84K, P:884K)
[10] 0.000537 -0.000370 (4) CM +J(CM:4, PgRf:23, Rd:0/4, Dy:0/0, Lg:0/0) +M(C:0K, Fs:44, WS:176K # 0K, PF:64K # 64K, P:64K)
[11] 0.000466 -0.000348 (1) CM +J(CM:1, PgRf:40, Rd:0/1, Dy:0/0, Lg:0/0) +M(C:0K, Fs:12, WS:48K # 0K, PF:100K # 100K, P:100K)
[12] 0.000012 +J(CM:0, PgRf:2, Rd:0/0, Dy:0/0, Lg:0/0) +M(C:0K, Fs:1, WS:4K # 0K, PF:0K # 0K, P:0K)
[13] 0.000044 +J(CM:0, PgRf:42, Rd:0/0, Dy:0/0, Lg:0/0) +M(C:0K, Fs:7, WS:28K # 28K, PF:0K # 0K, P:0K)
[14] 0.0 +J(0)
[15] 0.0 +J(0)
[16] 0.000004 +J(CM:0, PgRf:1, Rd:0/0, Dy:0/0, Lg:0/0).&lt;/string&gt;
&lt;string&gt;0 0&lt;/string&gt;
&lt;string&gt;lgposAttach = 0000000D:00E0:0268,
dbv = 1568.200.440 (9400)&lt;/string&gt;
</Data>
<Binary></Binary>
</EventData>
</Event>

